995804 -34568.6 -37907.3 -37795.9 -34294.9 -35984.9 -81952.9 -81647.5 -35600.9 -36407.1 -82108.6 -81780.2 -36002 -35984.9 -81952.9 -81647.5 -35600.9 -34568.6 -37907.3 -37795.9 -34294.9
1.85909e+06 -65045.7 -72027.2 -71944.2 -65209.7 -66417.7 -151196 -151138 -67602.5 -67054.2 -151293 -151260 -68326.4 -66417.7 -151196 -151138 -67602.5 -65045.7 -72027.2 -71944.2 -65209.7
2.50243e+06 -87162.3 -99369.2 -99344.9 -91653.2 -86067.9 -199888 -200285 -95726 -86599.6 -199825 -200324 -96687.5 -86067.9 -199888 -200285 -95726 -87162.3 -99369.2 -99344.9 -91653.2
3.04315e+06 -104976 -122374 -122448 -114659 -100609 -240800 -241661 -121232 -101050 -240559 -241601 -122421 -100609 -240800 -241661 -121232 -104976 -122374 -122448 -114659
3.5272e+06 -120566 -142463 -142669 -134145 -113591 -278602 -279918 -143387 -113887 -278117 -279685 -144825 -113591 -278602 -279918 -143387 -120566 -142463 -142669 -134145
3.97225e+06 -135287 -161035 -161393 -151364 -125631 -313811 -315543 -162918 -125768 -313077 -315128 -164615 -125631 -313811 -315543 -162918 -135287 -161035 -161393 -151364
4.38726e+06 -149512 -178264 -178809 -167046 -136781 -346798 -349064 -180873 -136403 -345717 -348353 -182806 -136781 -346798 -349064 -180873 -149512 -178264 -178809 -167046
4.77734e+06 -163342 -194245 -195005 -181473 -146902 -378239 -381011 -197289 -146257 -376803 -379995 -199409 -146902 -378239 -381011 -197289 -163342 -194245 -195005 -181473
5.14387e+06 -176156 -209268 -210210 -194890 -156740 -407863 -411301 -212462 -155704 -406011 -409930 -214792 -156740 -407863 -411301 -212462 -176156 -209268 -210210 -194890
5.48982e+06 -188475 -223644 -224857 -207764 -165833 -435807 -439912 -226473 -164360 -433319 -437966 -228970 -165833 -435807 -439912 -226473 -188475 -223644 -224857 -207764
5.81648e+06 -200339 -237240 -238650 -219552 -174407 -462205 -466899 -239692 -172572 -459294 -464537 -242319 -174407 -462205 -466899 -239692 -200339 -237240 -238650 -219552
6.12494e+06 -211441 -249801 -251441 -230540 -182619 -487482 -492571 -252164 -180341 -484056 -489786 -254933 -182619 -487482 -492571 -252164 -211441 -249801 -251441 -230540
6.41579e+06 -221653 -261647 -263441 -240866 -190512 -511459 -516946 -263531 -187829 -507666 -513837 -266493 -190512 -511459 -516946 -263531 -221653 -261647 -263441 -240866
6.64718e+06 -231333 -273131 -273560 -243528 -198198 -534757 -539727 -264554 -195301 -530622 -536449 -267259 -198198 -534757 -539727 -264554 -231333 -273131 -273560 -243528
6.6403e+06 -232317 -276962 -274885 -233121 -202463 -542825 -541255 -251488 -199800 -538549 -537670 -253858 -202463 -542825 -541255 -251488 -232317 -276962 -274885 -233121
6.6611e+06 -234379 -275847 -279134 -233706 -206129 -538143 -548362 -249210 -203794 -532219 -544108 -251161 -206129 -538143 -548362 -249210 -234379 -275847 -279134 -233706
6.65339e+06 -230591 -275929 -282732 -231453 -205527 -535613 -551455 -248044 -202788 -530762 -546824 -250330 -205527 -535613 -551455 -248044 -230591 -275929 -282732 -231453
6.5479e+06 -230131 -269969 -273782 -230815 -206981 -526086 -536476 -245855 -203803 -523339 -532739 -247851 -206981 -526086 -536476 -245855 -230131 -269969 -273782 -230815
6.56118e+06 -233224 -275173 -271533 -224081 -212079 -536793 -531296 -240328 -209439 -532436 -527672 -242664 -212079 -536793 -531296 -240328 -233224 -275173 -271533 -224081
6.48213e+06 -230302 -265599 -271813 -223476 -209880 -521279 -531750 -239424 -207052 -518132 -528104 -241795 -209880 -521279 -531750 -239424 -230302 -265599 -271813 -223476
6.43995e+06 -250120 -234432 -293077 -245495 -229334 -403497 -573411 -261613 -227266 -397055 -569590 -264082 -229334 -403497 -573411 -261613 -250120 -234432 -293077 -245495
6.4976e+06 -251376 -239146 -294770 -249313 -231351 -404851 -579377 -264487 -229846 -395415 -576139 -266861 -231351 -404851 -579377 -264487 -251376 -239146 -294770 -249313
6.52276e+06 -249206 -244789 -292658 -252749 -229948 -414108 -574423 -267167 -228536 -403740 -570722 -269688 -229948 -414108 -574423 -267167 -249206 -244789 -292658 -252749
6.59918e+06 -250167 -250204 -295664 -253098 -231094 -425620 -580369 -267476 -229741 -415273 -576960 -269821 -231094 -425620 -580369 -267476 -250167 -250204 -295664 -253098
6.65239e+06 -251432 -253836 -295780 -255236 -232977 -433888 -581067 -269275 -231836 -423842 -578149 -271578 -232977 -433888 -581067 -269275 -251432 -253836 -295780 -255236
6.74318e+06 -254238 -260200 -297941 -257259 -236130 -446750 -585222 -270469 -234964 -436816 -582000 -272981 -236130 -446750 -585222 -270469 -254238 -260200 -297941 -257259
6.82566e+06 -258522 -262946 -302262 -256601 -240741 -455710 -593984 -268235 -239325 -446948 -590508 -270881 -240741 -455710 -593984 -268235 -258522 -262946 -302262 -256601
6.8757e+06 -260325 -264859 -303497 -257392 -242848 -463180 -596962 -268445 -241443 -454506 -593742 -271016 -242848 -463180 -596962 -268445 -260325 -264859 -303497 -257392
6.97878e+06 -264487 -269077 -307603 -260460 -247104 -471917 -605173 -271246 -245661 -463266 -601939 -273785 -247104 -471917 -605173 -271246 -264487 -269077 -307603 -260460
7.05577e+06 -267929 -272889 -313595 -265908 -250898 -457993 -616467 -276392 -249302 -470228 -613156 -278929 -250898 -457993 -616467 -276392 -267929 -272889 -313595 -265908
7.11498e+06 -270899 -277445 -316728 -266493 -253558 -466435 -623383 -276915 -251929 -459827 -620195 -279362 -253558 -466435 -623383 -276915 -270899 -277445 -316728 -266493
7.13961e+06 -274512 -280033 -314715 -268086 -257044 -470880 -618688 -278196 -255146 -463919 -615640 -280632 -257044 -470880 -618688 -278196 -274512 -280033 -314715 -268086
7.23219e+06 -278372 -283964 -318508 -270691 -261055 -478489 -626094 -280393 -259144 -471906 -623189 -282824 -261055 -478489 -626094 -280393 -278372 -283964 -318508 -270691
7.32057e+06 -280021 -287347 -322875 -274149 -263181 -485568 -634617 -283511 -261724 -478497 -631881 -285932 -263181 -485568 -634617 -283511 -280021 -287347 -322875 -274149
7.39834e+06 -274393 -292642 -327825 -277523 -259125 -496784 -644601 -286547 -257960 -490092 -642382 -289027 -259125 -496784 -644601 -286547 -274393 -292642 -327825 -277523
7.46719e+06 -283308 -289178 -332043 -280114 -267571 -493088 -652452 -288359 -266486 -487387 -650256 -290838 -267571 -493088 -652452 -288359 -283308 -289178 -332043 -280114
7.54948e+06 -285776 -294783 -334655 -282155 -270327 -502354 -657908 -289839 -269117 -496596 -655856 -292319 -270327 -502354 -657908 -289839 -285776 -294783 -334655 -282155
7.56738e+06 -289411 -289838 -336945 -284727 -273251 -495228 -663122 -291939 -271874 -490891 -661279 -294420 -273251 -495228 -663122 -291939 -289411 -289838 -336945 -284727
7.56946e+06 -292544 -293806 -329310 -286465 -276583 -502697 -650775 -293087 -275210 -498314 -650029 -295369 -276583 -502697 -650775 -293087 -292544 -293806 -329310 -286465
7.32251e+06 -282992 -283384 -318955 -278994 -268342 -481946 -630482 -285154 -267469 -477650 -629532 -287363 -268342 -481946 -630482 -285154 -282992 -283384 -318955 -278994
5.32976e+06 -191157 -248585 -224896 -224945 -167056 -393200 -396010 -228528 -163352 -394665 -393433 -229568 -167056 -393200 -396010 -228528 -191157 -248585 -224896 -224945
4.97524e+06 -177010 -233140 -215418 -211068 -156846 -365796 -366798 -214612 -153666 -360566 -363982 -215647 -156846 -365796 -366798 -214612 -177010 -233140 -215418 -211068
5.07754e+06 -178727 -237206 -219190 -215261 -162393 -366524 -380173 -216958 -159282 -370369 -377215 -217963 -162393 -366524 -380173 -216958 -178727 -237206 -219190 -215261
5.20579e+06 -184749 -246468 -221885 -222307 -169111 -381074 -379299 -222022 -165961 -387912 -375087 -222994 -169111 -381074 -379299 -222022 -184749 -246468 -221885 -222307
5.37331e+06 -191185 -253702 -229240 -227394 -175816 -394668 -392900 -226294 -172651 -402079 -388909 -227268 -175816 -394668 -392900 -226294 -191185 -253702 -229240 -227394
5.54608e+06 -198347 -261481 -237375 -233092 -183272 -409678 -403660 -231180 -180085 -417653 -400049 -232122 -183272 -409678 -403660 -231180 -198347 -261481 -237375 -233092
5.71695e+06 -205006 -268790 -244306 -238567 -190263 -423561 -417109 -235756 -187084 -432445 -413612 -236609 -190263 -423561 -417109 -235756 -205006 -268790 -244306 -238567
5.88353e+06 -212082 -276339 -251649 -244640 -197676 -438382 -426286 -240943 -194536 -447458 -423689 -241734 -197676 -438382 -426286 -240943 -212082 -276339 -251649 -244640
6.03235e+06 -217956 -282746 -257577 -249547 -203931 -451216 -437280 -245095 -200799 -460156 -434857 -245847 -203931 -451216 -437280 -245095 -217956 -282746 -257577 -249547
6.17059e+06 -223716 -289607 -264897 -254389 -210201 -465185 -441889 -249421 -207085 -473955 -440702 -250126 -210201 -465185 -441889 -249421 -223716 -289607 -264897 -254389
6.30863e+06 -229433 -294813 -270680 -259078 -216381 -476062 -452238 -253628 -213295 -484815 -451414 -254279 -216381 -476062 -452238 -253628 -229433 -294813 -270680 -259078
6.43598e+06 -235895 -300871 -278658 -263609 -223308 -488869 -453623 -257925 -220376 -497544 -453761 -258594 -223308 -488869 -453623 -257925 -235895 -300871 -278658 -263609
6.50984e+06 -248542 -310999 -299643 -270426 -236486 -508456 -406839 -263720 -233624 -516835 -405225 -264154 -236486 -508456 -406839 -263720 -248542 -310999 -299643 -270426
6.6144e+06 -255844 -319863 -310069 -276754 -244735 -526143 -388034 -269619 -241991 -534298 -386068 -269958 -244735 -526143 -388034 -269619 -255844 -319863 -310069 -276754
6.72189e+06 -257317 -324336 -314043 -281593 -247342 -534107 -398758 -274173 -244634 -542357 -397129 -274448 -247342 -534107 -398758 -274173 -257317 -324336 -314043 -281593
6.67241e+06 -262866 -330235 -284084 -288269 -253367 -546110 -362735 -280872 -250742 -554184 -369291 -281123 -253367 -546110 -362735 -280872 -262866 -330235 -284084 -288269
6.28927e+06 -256877 -323176 -176166 -284284 -247684 -532977 -340844 -277439 -245088 -541243 -346351 -277686 -247684 -532977 -340844 -277439 -256877 -323176 -176166 -284284
5.48163e+06 -177853 -213387 -254960 -200626 -166152 -345941 -483331 -262788 -163573 -356506 -487941 -263536 -166152 -345941 -483331 -262788 -177853 -213387 -254960 -200626
5.39418e+06 -173655 -210319 -250712 -193373 -163347 -331962 -475074 -268464 -160978 -350450 -479705 -269130 -163347 -331962 -475074 -268464 -173655 -210319 -250712 -193373
5.4098e+06 -185585 -221427 -204547 -205506 -172050 -358515 -467082 -254615 -169467 -373795 -469514 -258367 -172050 -358515 -467082 -254615 -185585 -221427 -204547 -205506
5.55971e+06 -193691 -229249 -212263 -213937 -180159 -374032 -481525 -245064 -177564 -389585 -484040 -248683 -180159 -374032 -481525 -245064 -193691 -229249 -212263 -213937
5.70407e+06 -199813 -235308 -218062 -218592 -186356 -386009 -492267 -249295 -183842 -400925 -494861 -253032 -186356 -386009 -492267 -249295 -199813 -235308 -218062 -218592
5.84609e+06 -205940 -241391 -223786 -223076 -192647 -397959 -502930 -253226 -190070 -411410 -505657 -257000 -192647 -397959 -502930 -253226 -205940 -241391 -223786 -223076
5.99441e+06 -212495 -248040 -230021 -228163 -199280 -409764 -513250 -257552 -196706 -422972 -516130 -261467 -199280 -409764 -513250 -257552 -212495 -248040 -230021 -228163
6.14818e+06 -219378 -254957 -235947 -233731 -206271 -422054 -524309 -260109 -203689 -436759 -527240 -266138 -206271 -422054 -524309 -260109 -219378 -254957 -235947 -233731
6.29974e+06 -226154 -261879 -241761 -239015 -213139 -434367 -535395 -264555 -210549 -448689 -538364 -270334 -213139 -434367 -535395 -264555 -226154 -261879 -241761 -239015
6.44616e+06 -232587 -268560 -247394 -244005 -219668 -446207 -546186 -268565 -217108 -459612 -549197 -273898 -219668 -446207 -546186 -268565 -232587 -268560 -247394 -244005
6.58583e+06 -239034 -274100 -252914 -249427 -226230 -455806 -556762 -272235 -223688 -471048 -559830 -278045 -226230 -455806 -556762 -272235 -239034 -274100 -252914 -249427
6.71229e+06 -244938 -280396 -258957 -254773 -232290 -462226 -564847 -275992 -229742 -483880 -567477 -282343 -232290 -462226 -564847 -275992 -244938 -280396 -258957 -254773
6.83626e+06 -250628 -286008 -263874 -257676 -238290 -472305 -574321 -278128 -235786 -496160 -577009 -284845 -238290 -472305 -574321 -278128 -250628 -286008 -263874 -257676
6.91152e+06 -254586 -288481 -266554 -260185 -242460 -478492 -579154 -280218 -239887 -502558 -581821 -286993 -242460 -478492 -579154 -280218 -254586 -288481 -266554 -260185
6.94106e+06 -256293 -289585 -268897 -261943 -244337 -479901 -579801 -281451 -241774 -504187 -582530 -288154 -244337 -479901 -579801 -281451 -256293 -289585 -268897 -261943
7.00769e+06 -259606 -292725 -271274 -264049 -247870 -486324 -583459 -282680 -245422 -510783 -586313 -289197 -247870 -486324 -583459 -282680 -259606 -292725 -271274 -264049
7.07729e+06 -261902 -296492 -273501 -265936 -250538 -495186 -587122 -283743 -248137 -519880 -590176 -290247 -250538 -495186 -587122 -283743 -261902 -296492 -273501 -265936
7.16977e+06 -264624 -300487 -278033 -269309 -253848 -503855 -594273 -285606 -251485 -528762 -597353 -292098 -253848 -503855 -594273 -285606 -264624 -300487 -278033 -269309
7.23811e+06 -267597 -302673 -281497 -271595 -257196 -509441 -599670 -286744 -254833 -534644 -602596 -293218 -257196 -509441 -599670 -286744 -267597 -302673 -281497 -271595
7.25298e+06 -268019 -302816 -283124 -271421 -258051 -510285 -602198 -286038 -255713 -535830 -605022 -292514 -258051 -510285 -602198 -286038 -268019 -302816 -283124 -271421
7.35695e+06 -272822 -307129 -286648 -275207 -263700 -519864 -608120 -288518 -261362 -545243 -611341 -294989 -263700 -519864 -608120 -288518 -272822 -307129 -286648 -275207
7.4492e+06 -277158 -310068 -290460 -278750 -268946 -527571 -613959 -291021 -266616 -552221 -617229 -297273 -268946 -527571 -613959 -291021 -277158 -310068 -290460 -278750
7.4968e+06 -281982 -308782 -293465 -281760 -274466 -525651 -618524 -293411 -272245 -547509 -621544 -299418 -274466 -525651 -618524 -293411 -281982 -308782 -293465 -281760
7.55898e+06 -289637 -308220 -295426 -285997 -282954 -524830 -619850 -297381 -280796 -546321 -620307 -302965 -282954 -524830 -619850 -297381 -289637 -308220 -295426 -285997
7.55506e+06 -291039 -315728 -286619 -284855 -285144 -543421 -599280 -295837 -283087 -566496 -602245 -301490 -285144 -543421 -599280 -295837 -291039 -315728 -286619 -284855
7.61574e+06 -301445 -325253 -317302 -290300 -296839 -563647 -489039 -300777 -294791 -587242 -658167 -306333 -296839 -563647 -489039 -300777 -301445 -325253 -317302 -290300
7.67999e+06 -308212 -333589 -330453 -297007 -304871 -580925 -426888 -307567 -302876 -605164 -680179 -312746 -304871 -580925 -426888 -307567 -308212 -333589 -330453 -297007
7.72793e+06 -323310 -334231 -334122 -298237 -318676 -580284 -406704 -308786 -315926 -604896 -684840 -313576 -318676 -580284 -406704 -308786 -323310 -334231 -334122 -298237
7.76907e+06 -324770 -335925 -337048 -298974 -320915 -582660 -411115 -310025 -318218 -608456 -685679 -314383 -320915 -582660 -411115 -310025 -324770 -335925 -337048 -298974
7.8493e+06 -292934 -339995 -345509 -303010 -332689 -589944 -425170 -314146 -329384 -616876 -697211 -319036 -332689 -589944 -425170 -314146 -292934 -339995 -345509 -303010
7.90868e+06 -126135 -352032 -363976 -313551 -364056 -613924 -463666 -324178 -359783 -641369 -735508 -329031 -364056 -613924 -463666 -324178 -126135 -352032 -363976 -313551
7.93517e+06 -96356 -370120 -368163 -313257 -332738 -651230 -471840 -323915 -330945 -678157 -742223 -328607 -332738 -651230 -471840 -323915 -96356 -370120 -368163 -313257
7.85563e+06 -164387 -378502 -394801 -339028 -132724 -663789 -523715 -348782 -131256 -691876 -787724 -353220 -132724 -663789 -523715 -348782 -164387 -378502 -394801 -339028
7.58282e+06 -145928 -361479 -400880 -319636 -115770 -627640 -539303 -330153 -114912 -656151 -795508 -334671 -115770 -627640 -539303 -330153 -145928 -361479 -400880 -319636
