21975.5 -2.90999e-05 -2.46568e-05 2.22497e-16 -4.29669e-20 -286593 -4687.12 4.26764e-08 -3.85594e-10
43950.7 -2.89578e-05 -4.93143e-05 2.75067e-16 -1.79591e-20 -285187 -9374.14 5.27552e-08 -1.61168e-10
65925.5 -2.88159e-05 -7.39728e-05 2.89514e-16 8.1403e-20 -283780 -14061 5.55252e-08 7.30528e-10
87899.7 -2.86741e-05 -9.86323e-05 3.01743e-16 -1.27435e-20 -282374 -18747.8 5.78661e-08 -1.14363e-10
109873 -2.85326e-05 -0.000123293 2.91422e-16 -1.90711e-20 -280967 -23434.5 5.58865e-08 -1.71148e-10
131846 -2.83912e-05 -0.000147957 2.94703e-16 9.87693e-20 -279561 -28121 5.65091e-08 8.86377e-10
153818 -2.82497e-05 -0.000172622 2.86674e-16 7.70309e-20 -278154 -32807.1 5.49639e-08 6.91292e-10
175789 -2.81086e-05 -0.000197288 2.87511e-16 5.05565e-20 -276748 -37492.9 5.5119e-08 4.53705e-10
197759 -2.79681e-05 -0.000221954 2.91994e-16 5.7497e-20 -275342 -42178.8 5.59799e-08 5.1599e-10
219728 -2.78279e-05 -0.00024662 3.10872e-16 1.6346e-19 -273935 -46864.2 5.95907e-08 1.46692e-09
241696 -2.76877e-05 -0.000271292 2.8645e-16 1.24851e-19 -272529 -51549.6 5.49112e-08 1.12044e-09
263662 -2.75481e-05 -0.000295962 2.90158e-16 1.01653e-19 -271123 -56234.6 5.56131e-08 9.12259e-10
285628 -2.7409e-05 -0.000320634 2.80855e-16 1.06018e-19 -269717 -60919.2 5.3822e-08 9.51425e-10
307591 -2.72702e-05 -0.00034531 3.053e-16 5.77622e-20 -268311 -65603.9 5.85086e-08 5.1837e-10
329553 -2.71318e-05 -0.000369987 2.86668e-16 9.99711e-20 -266905 -70288.1 5.49293e-08 8.97162e-10
351514 -2.69939e-05 -0.000394667 2.92019e-16 5.57485e-20 -265499 -74972 5.59465e-08 5.00298e-10
373472 -2.68564e-05 -0.000419349 2.77815e-16 1.17437e-19 -264093 -79655.7 5.32309e-08 1.0539e-09
395392 -2.67196e-05 -0.000444008 2.96902e-16 8.889e-20 -262694 -84333.8 5.68729e-08 7.97718e-10
416985 -2.65869e-05 -0.000468417 2.78035e-16 1.56012e-19 -261326 -88963.8 5.32571e-08 1.40008e-09
438410 -2.64556e-05 -0.000492868 2.95377e-16 1.61799e-19 -259968 -93600.8 5.6558e-08 1.45202e-09
459828 -2.6325e-05 -0.000517317 2.91262e-16 8.45151e-20 -258611 -98236.6 5.57707e-08 7.58457e-10
481027 -2.61971e-05 -0.000541593 3.114e-16 8.92302e-20 -257276 -102839 5.96292e-08 8.00771e-10
502001 -2.60718e-05 -0.000565861 2.91137e-16 1.70484e-20 -255961 -107438 5.57345e-08 1.52996e-10
522810 -2.58362e-05 -0.000591434 3.22841e-16 8.6624e-20 -254654 -112032 5.87972e-08 7.77382e-10
543551 -2.54069e-05 -0.000618943 3.12281e-16 -1.53139e-21 -253357 -116550 5.68643e-08 -1.37431e-11
564111 -2.49802e-05 -0.000646374 3.27084e-16 8.2076e-20 -252070 -121054 5.95521e-08 7.36567e-10
584448 -2.45584e-05 -0.000673601 3.03526e-16 1.00967e-19 -250801 -125524 5.52525e-08 9.06102e-10
604582 -2.41325e-05 -0.000701101 3.46207e-16 -7.54527e-20 -249546 -130031 5.97952e-08 -6.77128e-10
624107 -2.33964e-05 -0.000730475 3.15203e-16 -9.29466e-21 -248337 -134296 5.44223e-08 -8.34123e-11
643022 -2.26938e-05 -0.000758516 3.43612e-16 -1.27513e-19 -247176 -138366 5.93175e-08 -1.14433e-09
661491 -2.19902e-05 -0.000786777 3.24522e-16 2.29809e-19 -246040 -142467 5.60076e-08 2.06235e-09
679817 -2.1286e-05 -0.000815148 3.48468e-16 5.68117e-20 -244909 -146584 6.01326e-08 5.0984e-10
697981 -2.05824e-05 -0.000843594 3.46725e-16 3.1431e-19 -243790 -150710 5.98191e-08 2.82068e-09
715923 -1.96522e-05 -0.000874162 3.86096e-16 4.82047e-20 -242686 -154812 6.099e-08 4.32599e-10
733404 -1.8218e-05 -0.000907565 3.66818e-16 1.34241e-19 -241610 -158601 5.79266e-08 1.20471e-09
750531 -1.68061e-05 -0.000940528 3.81748e-16 5.12986e-21 -240563 -162340 6.02759e-08 4.60364e-11
767259 -1.54043e-05 -0.000973352 3.64057e-16 1.90383e-19 -239546 -166063 5.74637e-08 1.70853e-09
783791 -1.40014e-05 -0.00100628 3.74004e-16 8.95382e-20 -238543 -169797 5.90107e-08 8.03535e-10
800114 -1.25886e-05 -0.00103954 3.8216e-16 2.86131e-20 -237552 -173567 6.02713e-08 2.5678e-10
816354 -1.08224e-05 -0.00107539 4.03028e-16 -1.07824e-20 -236572 -177254 6.14577e-08 -9.6764e-11
832345 -8.95315e-06 -0.00111205 4.01567e-16 -6.1871e-20 -235597 -180923 6.12217e-08 -5.55244e-10
848088 -6.65147e-06 -0.00115055 4.10053e-16 -2.18045e-19 -234628 -184371 5.86801e-08 -1.95679e-09
863370 -4.47645e-06 -0.0011865 4.15641e-16 -2.22638e-19 -233680 -187562 5.94546e-08 -1.998e-09
878422 -2.30152e-06 -0.00122251 4.12738e-16 -2.72093e-19 -232746 -190758 5.90344e-08 -2.44182e-09
893311 -1.13747e-07 -0.00125881 4.1596e-16 -1.03118e-19 -231826 -193978 5.94628e-08 -9.25405e-10
907929 2.08848e-06 -0.00129542 4.17911e-16 2.19512e-20 -230921 -197227 5.97197e-08 1.96995e-10
922406 4.54945e-06 -0.00133379 4.29625e-16 -1.10281e-20 -230024 -200444 5.91258e-08 -9.89688e-11
936781 7.30187e-06 -0.00137397 4.26997e-16 -4.83053e-21 -229138 -203603 5.87497e-08 -4.33502e-11
951009 1.00338e-05 -0.00141389 4.28473e-16 -1.04229e-20 -228261 -206739 5.89266e-08 -9.35373e-11
965068 1.26229e-05 -0.00145167 4.16707e-16 -4.06711e-20 -227391 -209702 5.72909e-08 -3.64991e-10
978719 1.52911e-05 -0.00148955 4.45789e-16 -9.40056e-20 -226529 -212608 5.71199e-08 -8.43626e-10
992323 1.84232e-05 -0.00153004 4.3893e-16 -9.1248e-20 -225670 -215460 5.62195e-08 -8.18879e-10
1.00587e+06 2.13689e-05 -0.00156804 4.25736e-16 -1.96985e-19 -224813 -218132 5.45242e-08 -1.76778e-09
1.01916e+06 2.43625e-05 -0.00160672 4.29889e-16 -1.26664e-19 -223962 -220852 5.50335e-08 -1.13671e-09
1.03237e+06 2.73475e-05 -0.00164531 4.3618e-16 -1.3579e-19 -223116 -223565 5.58275e-08 -1.21861e-09
1.04547e+06 3.03393e-05 -0.00168404 4.33351e-16 -9.5555e-20 -222279 -226287 5.54373e-08 -8.57531e-10
1.05847e+06 3.34473e-05 -0.00172356 4.53736e-16 -1.05841e-20 -221451 -229012 5.56465e-08 -9.49842e-11
1.0713e+06 3.70704e-05 -0.00176601 4.50236e-16 -3.5196e-21 -220633 -231684 5.51827e-08 -3.15857e-11
1.08401e+06 4.06675e-05 -0.0018082 4.5386e-16 -1.19588e-20 -219825 -234339 5.56247e-08 -1.0732e-10
1.09663e+06 4.42478e-05 -0.00185021 4.42136e-16 -8.00657e-20 -219017 -236982 5.41604e-08 -7.18527e-10
1.1091e+06 4.758e-05 -0.00188924 4.44702e-16 -4.37911e-20 -218219 -239431 5.44542e-08 -3.92991e-10
1.12134e+06 5.09751e-05 -0.00192907 4.47145e-16 -5.57157e-20 -217425 -241931 5.47252e-08 -5.00005e-10
1.13357e+06 5.43683e-05 -0.0019689 4.49214e-16 -5.82699e-20 -216633 -244430 5.49671e-08 -5.22926e-10
1.14574e+06 5.77155e-05 -0.00200819 4.40914e-16 -5.35927e-20 -215844 -246893 5.3913e-08 -4.80952e-10
1.15788e+06 6.10472e-05 -0.00204733 4.43524e-16 -4.04154e-20 -215058 -249345 5.42186e-08 -3.62696e-10
1.16989e+06 6.44996e-05 -0.0020873 4.73338e-16 -2.73668e-20 -214276 -251816 5.34283e-08 -2.45595e-10
1.18176e+06 6.8231e-05 -0.00212721 4.556e-16 -1.46286e-19 -213500 -254105 5.14256e-08 -1.3128e-09
1.1936e+06 7.19269e-05 -0.00216675 4.63932e-16 -9.73533e-20 -212725 -256371 5.23341e-08 -8.73669e-10
1.20529e+06 7.56746e-05 -0.00220689 4.70558e-16 -1.52553e-19 -211952 -258672 5.30408e-08 -1.36905e-09
1.21695e+06 7.94148e-05 -0.00224698 4.69054e-16 -1.61995e-19 -211185 -260969 5.28653e-08 -1.45378e-09
1.22855e+06 8.31438e-05 -0.00228697 4.66101e-16 -1.54975e-19 -210423 -263259 5.24842e-08 -1.39077e-09
1.2401e+06 8.68697e-05 -0.00232696 4.69419e-16 -1.65483e-19 -209663 -265548 5.28571e-08 -1.48508e-09
1.25159e+06 9.06323e-05 -0.00236724 4.88897e-16 -1.40607e-19 -208907 -267845 5.24633e-08 -1.26183e-09
1.26298e+06 9.49976e-05 -0.00241049 4.89238e-16 -1.5806e-20 -208157 -270110 5.24797e-08 -1.41847e-10
1.27429e+06 9.93043e-05 -0.00245318 4.76524e-16 -1.01201e-19 -207412 -272344 5.10863e-08 -9.08204e-10
1.28551e+06 0.000103374 -0.00249347 4.75808e-16 -9.13885e-20 -206673 -274447 5.09899e-08 -8.2014e-10
1.29663e+06 0.000107447 -0.00253383 4.84103e-16 -8.01771e-20 -205939 -276553 5.18639e-08 -7.19527e-10
1.3076e+06 0.000111547 -0.00257449 4.8457e-16 -8.20867e-20 -205209 -278676 5.18785e-08 -7.36663e-10
1.31853e+06 0.000115641 -0.00261511 4.84076e-16 -8.48506e-20 -204480 -280794 5.1803e-08 -7.61467e-10
1.32937e+06 0.000119723 -0.00265564 4.83837e-16 -6.00466e-20 -203758 -282908 5.17448e-08 -5.38871e-10
1.34015e+06 0.000123809 -0.00269625 4.81526e-16 -5.71301e-20 -203039 -285025 5.14901e-08 -5.12697e-10
1.35092e+06 0.000127894 -0.00273686 4.81294e-16 -5.65978e-20 -202321 -287141 5.14228e-08 -5.0792e-10
1.36164e+06 0.000131985 -0.00277756 4.81744e-16 1.21609e-20 -201604 -289260 5.14556e-08 1.09134e-10
1.37232e+06 0.000136023 -0.00281774 4.78532e-16 1.02771e-20 -200889 -291351 5.10736e-08 9.22293e-11
1.38296e+06 0.000140007 -0.00285738 4.71433e-16 1.66191e-20 -200174 -293412 5.02969e-08 1.49143e-10
1.39359e+06 0.000143982 -0.00289695 4.71689e-16 1.90147e-20 -199461 -295468 5.03278e-08 1.70642e-10
1.40421e+06 0.000147954 -0.00293651 4.70958e-16 2.10403e-20 -198748 -297522 5.01968e-08 1.8882e-10
1.41478e+06 0.000151846 -0.00297529 4.47331e-16 -1.11525e-19 -198039 -299533 4.76684e-08 -1.00085e-09
1.42533e+06 0.000155609 -0.00301274 4.45822e-16 -1.1792e-19 -197331 -301472 4.74702e-08 -1.05824e-09
1.43587e+06 0.000159372 -0.00305021 4.44415e-16 -1.16561e-19 -196623 -303411 4.72955e-08 -1.04605e-09
1.44639e+06 0.000163132 -0.00308768 4.44814e-16 -5.00661e-20 -195916 -305349 4.73447e-08 -4.49304e-10
1.45681e+06 0.000166919 -0.00312545 4.52226e-16 -1.00008e-19 -195211 -307302 4.80977e-08 -8.97492e-10
1.4672e+06 0.000170699 -0.00316318 4.51737e-16 -1.13245e-19 -194506 -309252 4.80159e-08 -1.01629e-09
1.47756e+06 0.000174569 -0.00320127 4.92392e-16 -1.63893e-19 -193802 -311200 4.77357e-08 -1.47081e-09
1.48788e+06 0.000178819 -0.00324079 4.92938e-16 -1.67511e-19 -193102 -313127 4.77703e-08 -1.50328e-09
1.49818e+06 0.000183065 -0.0032803 4.96506e-16 -1.72733e-19 -192403 -315052 4.80923e-08 -1.55014e-09
1.50845e+06 0.000187305 -0.00331976 4.92479e-16 -1.65929e-19 -191705 -316975 4.76521e-08 -1.48908e-09
1.51869e+06 0.00019148 -0.00335863 4.7917e-16 -2.41606e-19 -191009 -318867 4.63624e-08 -2.16823e-09
1.52889e+06 0.000195483 -0.00339585 4.78974e-16 -2.46879e-19 -190316 -320675 4.63097e-08 -2.21555e-09
1.53906e+06 0.000199496 -0.00343319 4.77763e-16 -1.13154e-19 -189623 -322488 4.6166e-08 -1.01547e-09
1.54921e+06 0.000203511 -0.00347058 4.76117e-16 -1.03044e-19 -188930 -324302 4.59822e-08 -9.24743e-10
1.55927e+06 0.000207566 -0.00350836 4.83992e-16 -9.99423e-20 -188239 -326136 4.67226e-08 -8.96903e-10
1.56931e+06 0.000211632 -0.00354628 4.86932e-16 -1.2272e-19 -187549 -327975 4.69772e-08 -1.10131e-09
1.57929e+06 0.000215999 -0.00358532 5.07383e-16 -1.29271e-19 -186859 -329798 4.62551e-08 -1.16011e-09
1.58923e+06 0.000220527 -0.00362488 5.08733e-16 -1.2993e-19 -186171 -331605 4.63879e-08 -1.16602e-09
1.59914e+06 0.000225001 -0.00366399 5.04197e-16 -1.36186e-19 -185486 -333390 4.59349e-08 -1.22217e-09
1.60901e+06 0.000229456 -0.00370295 5.02389e-16 -7.51862e-20 -184804 -335168 4.57421e-08 -6.74737e-10
1.61883e+06 0.00023392 -0.00374188 5.0351e-16 -6.44521e-20 -184123 -336940 4.58695e-08 -5.78406e-10
1.62862e+06 0.000238355 -0.00378069 5.03268e-16 -6.11683e-20 -183444 -338709 4.57876e-08 -5.48937e-10
1.63837e+06 0.000242774 -0.00381939 5.01125e-16 -6.65376e-20 -182768 -340472 4.55912e-08 -5.97122e-10
1.64807e+06 0.000247196 -0.00385814 5.02661e-16 1.446e-20 -182094 -342237 4.5713e-08 1.29767e-10
1.65774e+06 0.000251612 -0.00389685 4.94492e-16 3.1613e-20 -181420 -343999 4.4929e-08 2.83702e-10
1.66738e+06 0.000255984 -0.0039352 4.93339e-16 2.44824e-20 -180748 -345743 4.47835e-08 2.1971e-10
1.67701e+06 0.000260356 -0.00397355 4.94246e-16 3.3283e-20 -180078 -347487 4.4849e-08 2.98688e-10
1.68663e+06 0.000264724 -0.00401189 4.93852e-16 3.54703e-20 -179408 -349229 4.48108e-08 3.18318e-10
1.69623e+06 0.000269088 -0.00405022 4.92258e-16 4.02542e-20 -178739 -350970 4.46253e-08 3.61249e-10
1.70583e+06 0.000273447 -0.00408853 4.93172e-16 5.61278e-20 -178073 -352710 4.47144e-08 5.03703e-10
1.7154e+06 0.000277807 -0.00412686 4.92641e-16 8.19235e-20 -177408 -354450 4.46125e-08 7.35198e-10
1.72497e+06 0.000282166 -0.00416521 4.93259e-16 8.09677e-20 -176744 -356190 4.46325e-08 7.26622e-10
1.73453e+06 0.000286521 -0.00420354 4.92271e-16 8.29783e-20 -176080 -357928 4.45434e-08 7.44665e-10
1.74405e+06 0.000290867 -0.00424181 4.93329e-16 7.51939e-20 -175418 -359662 4.46034e-08 6.74806e-10
1.75355e+06 0.000295202 -0.00428001 4.92371e-16 6.4937e-20 -174758 -361393 4.44888e-08 5.82758e-10
1.76303e+06 0.000299525 -0.00431811 4.92497e-16 7.96261e-20 -174098 -363118 4.44506e-08 7.14581e-10
1.77249e+06 0.000303838 -0.00435615 4.91168e-16 7.11064e-20 -173439 -364839 4.43342e-08 6.38124e-10
1.78193e+06 0.00030815 -0.0043942 4.91954e-16 6.87246e-20 -172782 -366560 4.43961e-08 6.16749e-10
1.79137e+06 0.00031246 -0.00443225 4.90132e-16 7.69872e-20 -172125 -368281 4.41796e-08 6.90899e-10
1.80078e+06 0.000316689 -0.00446959 4.63776e-16 -7.9528e-20 -171470 -369966 4.17695e-08 -7.13701e-10
1.81018e+06 0.000320848 -0.0045063 4.63159e-16 -8.17311e-20 -170816 -371622 4.17076e-08 -7.33473e-10
1.81958e+06 0.000325006 -0.00454302 4.6374e-16 -7.38206e-20 -170162 -373277 4.1744e-08 -6.62482e-10
1.82896e+06 0.000329157 -0.0045797 4.63617e-16 -8.58545e-20 -169509 -374929 4.17003e-08 -7.70477e-10
1.83833e+06 0.000333298 -0.00461631 4.63881e-16 -7.38287e-20 -168857 -376578 4.17131e-08 -6.62554e-10
1.84768e+06 0.000337432 -0.00465288 4.62456e-16 -7.17577e-20 -168207 -378224 4.15421e-08 -6.43969e-10
1.85701e+06 0.000341562 -0.00468942 4.62936e-16 -7.20557e-20 -167559 -379868 4.15603e-08 -6.46643e-10
1.8663e+06 0.000345649 -0.00472561 4.73154e-16 -7.56178e-20 -166911 -381494 4.24734e-08 -6.7861e-10
1.87552e+06 0.000349742 -0.00476185 4.75234e-16 -7.28827e-20 -166264 -383122 4.26226e-08 -6.54064e-10
1.88472e+06 0.000353828 -0.00479806 4.75207e-16 -6.61026e-20 -165617 -384748 4.25825e-08 -5.93218e-10
1.8939e+06 0.000357913 -0.00483428 4.7625e-16 -6.36907e-20 -164972 -386373 4.26589e-08 -5.71574e-10
1.90306e+06 0.000361991 -0.00487046 4.75339e-16 -5.94845e-20 -164329 -387996 4.25571e-08 -5.33827e-10
1.9122e+06 0.000366067 -0.00490664 4.76291e-16 -6.74026e-20 -163687 -389618 4.26116e-08 -6.04885e-10
1.92132e+06 0.000370066 -0.00494213 4.5816e-16 -1.30124e-19 -163047 -391207 4.09746e-08 -1.16776e-09
1.93041e+06 0.000373988 -0.00497694 4.59078e-16 -1.34454e-19 -162408 -392764 4.10109e-08 -1.20662e-09
1.9395e+06 0.000377908 -0.00501174 4.57999e-16 -1.28474e-19 -161770 -394320 4.08982e-08 -1.15295e-09
1.94857e+06 0.000381826 -0.00504654 4.58213e-16 -1.31626e-19 -161133 -395874 4.09091e-08 -1.18124e-09
1.95763e+06 0.000385736 -0.0050813 4.57431e-16 -1.28481e-19 -160497 -397426 4.08108e-08 -1.15301e-09
1.96668e+06 0.000389641 -0.00511603 4.58031e-16 -1.23252e-19 -159863 -398975 4.08181e-08 -1.10609e-09
1.97572e+06 0.000393543 -0.00515074 4.57056e-16 -1.31811e-19 -159229 -400524 4.07199e-08 -1.1829e-09
1.98473e+06 0.00039744 -0.00518544 4.59272e-16 -9.36272e-20 -158596 -402070 4.08763e-08 -8.4023e-10
1.99368e+06 0.000401361 -0.00522036 4.6122e-16 -1.11042e-19 -157964 -403626 4.1051e-08 -9.96515e-10
2.00261e+06 0.000405232 -0.00525485 4.61572e-16 -1.2464e-19 -157332 -405161 4.10364e-08 -1.11855e-09
2.01152e+06 0.000409103 -0.00528936 4.62544e-16 -1.15818e-19 -156700 -406696 4.11274e-08 -1.03937e-09
2.02041e+06 0.000412982 -0.00532395 4.66058e-16 1.88581e-20 -156069 -408234 4.14148e-08 1.69237e-10
2.02928e+06 0.000416866 -0.00535862 4.65445e-16 2.80427e-20 -155440 -409774 4.13165e-08 2.51661e-10
2.03813e+06 0.000420746 -0.00539326 4.65768e-16 1.42238e-20 -154813 -411313 4.13165e-08 1.27647e-10
2.04698e+06 0.000424624 -0.00542792 4.675e-16 1.92069e-20 -154186 -412851 4.14402e-08 1.72366e-10
2.05582e+06 0.000428501 -0.00546257 4.65971e-16 2.74116e-20 -153560 -414388 4.12983e-08 2.45998e-10
2.06464e+06 0.000432376 -0.00549723 4.65942e-16 3.41785e-20 -152934 -415924 4.12911e-08 3.06725e-10
2.07346e+06 0.000436249 -0.00553189 4.67179e-16 3.21646e-20 -152310 -417459 4.13711e-08 2.88652e-10
2.08226e+06 0.00044012 -0.00556655 4.66345e-16 1.07747e-20 -151687 -418992 4.1262e-08 9.66944e-11
2.09104e+06 0.000443986 -0.00560117 4.66748e-16 1.35132e-20 -151064 -420523 4.1262e-08 1.2127e-10
2.09981e+06 0.000447853 -0.00563583 4.7019e-16 6.40459e-20 -150442 -422054 4.15421e-08 5.74761e-10
2.10857e+06 0.000451718 -0.00567049 4.67789e-16 4.35637e-21 -149822 -423584 4.13056e-08 3.9095e-11
2.1173e+06 0.000455582 -0.00570515 4.6703e-16 3.16469e-20 -149203 -425113 4.11928e-08 2.84006e-10
2.12603e+06 0.000459444 -0.00573982 4.67661e-16 2.57575e-20 -148584 -426640 4.12147e-08 2.31153e-10
2.13475e+06 0.000463306 -0.00577449 4.66172e-16 1.89674e-20 -147967 -428166 4.10764e-08 1.70218e-10
2.14344e+06 0.000467162 -0.00580913 4.6718e-16 2.32436e-20 -147350 -429689 4.11383e-08 2.08593e-10
2.15212e+06 0.000471008 -0.00584369 4.69196e-16 1.09406e-19 -146735 -431207 4.1262e-08 9.81834e-10
2.16076e+06 0.000474883 -0.00587829 5.12881e-16 6.16385e-20 -146120 -432719 4.03343e-08 5.53157e-10
2.16938e+06 0.000478999 -0.00591343 5.13063e-16 6.67933e-20 -145507 -434221 4.03161e-08 5.99418e-10
2.17798e+06 0.000483109 -0.00594854 5.14174e-16 6.47774e-20 -144895 -435719 4.03634e-08 5.81326e-10
2.18658e+06 0.000487222 -0.00598368 5.12497e-16 8.04172e-20 -144284 -437217 4.01851e-08 7.21681e-10
2.19516e+06 0.000491298 -0.00601849 5.07795e-16 8.63739e-20 -143673 -438697 3.98031e-08 7.75137e-10
2.20371e+06 0.000495362 -0.00605322 5.11144e-16 1.33452e-19 -143064 -440171 4.00069e-08 1.19763e-09
2.21225e+06 0.000499436 -0.00608803 5.1613e-16 8.48567e-20 -142457 -441646 4.03525e-08 7.61522e-10
2.22077e+06 0.000503516 -0.0061229 5.17069e-16 9.40359e-20 -141851 -443120 4.04034e-08 8.43898e-10
2.22926e+06 0.000507605 -0.00615785 5.2043e-16 8.97866e-20 -141247 -444596 4.06508e-08 8.05764e-10
2.23772e+06 0.000511699 -0.00619285 5.21264e-16 8.35192e-20 -140646 -446069 4.06726e-08 7.49519e-10
2.24617e+06 0.000515796 -0.00622788 5.19813e-16 7.76706e-20 -140046 -447540 4.0458e-08 6.97032e-10
2.25458e+06 0.000519902 -0.00626297 5.19134e-16 9.01062e-20 -139446 -449009 4.03888e-08 8.08632e-10
2.26298e+06 0.000524026 -0.00629822 5.17808e-16 1.00116e-19 -138847 -450480 4.0236e-08 8.98459e-10
2.27135e+06 0.000528165 -0.00633359 5.17703e-16 1.00776e-19 -138250 -451952 4.01778e-08 9.04384e-10
2.2797e+06 0.00053232 -0.00636909 5.21929e-16 9.10516e-20 -137654 -453423 4.0447e-08 8.17116e-10
2.28804e+06 0.000536495 -0.00640475 5.22815e-16 7.57058e-20 -137058 -454894 4.04507e-08 6.794e-10
2.29636e+06 0.000540902 -0.00644108 5.51381e-16 6.10729e-20 -136464 -456361 3.97085e-08 5.48081e-10
2.30465e+06 0.000545442 -0.00647785 5.58175e-16 2.83803e-20 -135872 -457823 4.01633e-08 2.54691e-10
2.31292e+06 0.000550013 -0.00651485 5.60356e-16 3.90574e-20 -135280 -459286 4.02433e-08 3.50509e-10
2.32117e+06 0.00055463 -0.00655218 5.63578e-16 5.18231e-20 -134690 -460753 4.03779e-08 4.65071e-10
2.32939e+06 0.000559299 -0.00658988 5.66923e-16 4.7887e-20 -134101 -462224 4.05416e-08 4.29748e-10
2.33758e+06 0.000564021 -0.00662797 5.65305e-16 4.63383e-20 -133513 -463698 4.03452e-08 4.1585e-10
2.34576e+06 0.000568801 -0.00666644 5.6861e-16 3.19166e-20 -132926 -465174 4.04943e-08 2.86426e-10
2.3539e+06 0.000573645 -0.00670537 5.71012e-16 2.98576e-20 -132340 -466653 4.05489e-08 2.67948e-10
2.36201e+06 0.000578563 -0.00674481 5.73212e-16 3.03804e-20 -131756 -468135 4.0618e-08 2.7264e-10
2.3701e+06 0.000583566 -0.00678484 5.73503e-16 9.17357e-21 -131173 -469621 4.05089e-08 8.23255e-11
2.37814e+06 0.000588666 -0.00682553 5.78671e-16 3.54264e-20 -130591 -471111 4.07381e-08 3.17924e-10
2.38615e+06 0.000593875 -0.00686697 5.78095e-16 4.39782e-20 -130011 -472607 4.05562e-08 3.9467e-10
2.39411e+06 0.000599208 -0.00690925 5.78802e-16 4.49963e-20 -129432 -474107 4.0458e-08 4.03806e-10
2.40202e+06 0.000604684 -0.0069525 5.85137e-16 4.27474e-20 -128855 -475613 4.07454e-08 3.83624e-10
2.40987e+06 0.000610322 -0.00699685 5.8431e-16 1.31122e-19 -128280 -477126 4.04871e-08 1.17672e-09
2.41767e+06 0.000616145 -0.00704243 5.87177e-16 3.00961e-20 -127706 -478644 4.04834e-08 2.70089e-10
2.42541e+06 0.000622184 -0.00708947 5.88782e-16 1.13068e-20 -127135 -480170 4.03634e-08 1.0147e-10
2.43307e+06 0.00062843 -0.00713783 5.80998e-16 5.29447e-20 -126566 -481693 3.96321e-08 4.75137e-10
2.44066e+06 0.000634912 -0.0071877 5.83986e-16 5.17458e-20 -126000 -483211 3.96358e-08 4.64378e-10
2.44819e+06 0.000641694 -0.00723953 5.85454e-16 6.28263e-20 -125436 -484731 3.94466e-08 5.63816e-10
2.45567e+06 0.000648811 -0.00729351 5.878e-16 5.0755e-20 -124874 -486249 3.93629e-08 4.55486e-10
2.46309e+06 0.000656303 -0.00734988 5.92417e-16 4.19811e-20 -124313 -487761 3.93884e-08 3.76747e-10
2.47045e+06 0.00066421 -0.00740885 5.95786e-16 5.42555e-20 -123755 -489261 3.9272e-08 4.869e-10
2.47776e+06 0.000672583 -0.00747074 5.97496e-16 4.26248e-20 -123198 -490745 3.90901e-08 3.82524e-10
2.48503e+06 0.00068147 -0.00753581 6.04532e-16 2.71158e-20 -122643 -492207 3.9221e-08 2.43343e-10
2.49225e+06 0.000690945 -0.00760453 6.08729e-16 9.92536e-20 -122090 -493642 3.91519e-08 8.90723e-10
2.49943e+06 0.000701068 -0.00767722 6.13987e-16 1.0547e-19 -121539 -495046 3.91447e-08 9.46511e-10
2.50656e+06 0.000711893 -0.00775423 6.14862e-16 1.27496e-19 -120989 -496412 3.885e-08 1.14418e-09
2.51365e+06 0.000723485 -0.00783593 6.19401e-16 1.34817e-19 -120442 -497737 3.88573e-08 1.20987e-09
2.5207e+06 0.000735882 -0.00792256 6.21716e-16 1.32159e-19 -119896 -499016 3.86826e-08 1.18602e-09
2.5277e+06 0.000749132 -0.00801443 6.24658e-16 1.40077e-19 -119353 -500250 3.86062e-08 1.25708e-09
2.53466e+06 0.00076325 -0.00811165 6.28096e-16 1.13108e-19 -118812 -501439 3.85116e-08 1.01505e-09
2.54158e+06 0.000778221 -0.00821416 6.284e-16 1.88974e-19 -118272 -502585 3.82897e-08 1.6959e-09
2.54844e+06 0.000794052 -0.00832206 6.32214e-16 1.71147e-19 -117735 -503696 3.83588e-08 1.53591e-09
2.55526e+06 0.000810625 -0.00843461 6.32535e-16 1.83414e-19 -117199 -504772 3.82024e-08 1.646e-09
2.56204e+06 0.000827848 -0.00855124 6.35967e-16 1.88343e-19 -116666 -505817 3.82461e-08 1.69023e-09
2.56878e+06 0.000845619 -0.00867135 6.34663e-16 2.0051e-19 -116134 -506837 3.80387e-08 1.79942e-09
2.57548e+06 0.00086385 -0.00879442 6.3886e-16 1.94082e-19 -115603 -507838 3.8126e-08 1.74173e-09
2.58214e+06 0.000882446 -0.00891986 6.37546e-16 2.0913e-19 -115075 -508824 3.79478e-08 1.87677e-09
2.58877e+06 0.000901345 -0.00904729 6.40918e-16 1.98156e-19 -114548 -509797 3.80642e-08 1.7783e-09
2.59537e+06 0.000920487 -0.00917637 6.38958e-16 2.03354e-19 -114023 -510762 3.7835e-08 1.82494e-09
2.60195e+06 0.000939838 -0.0093069 6.43635e-16 1.99997e-19 -113499 -511722 3.8006e-08 1.79481e-09
2.60849e+06 0.00095936 -0.00943863 6.37737e-16 2.05972e-19 -112977 -512677 3.76094e-08 1.84844e-09
2.61501e+06 0.00097883 -0.00957007 6.01002e-16 4.8198e-20 -112456 -513619 3.53139e-08 4.32539e-10
2.62153e+06 0.000998339 -0.00970185 6.0043e-16 4.46719e-20 -111936 -514555 3.51902e-08 4.00895e-10
2.62802e+06 0.0010181 -0.00983483 6.04021e-16 3.95078e-20 -111418 -515481 3.5423e-08 3.54551e-10
2.6345e+06 0.00103773 -0.00996756 6.84833e-16 -4.49297e-20 -110900 -516410 3.38478e-08 -4.03208e-10
2.64097e+06 0.00105755 -0.0101012 6.03741e-16 3.88387e-20 -110383 -517330 3.52484e-08 3.48546e-10
2.64742e+06 0.00107724 -0.0102346 6.01428e-16 7.12283e-20 -109868 -518254 3.50701e-08 6.39218e-10
2.65385e+06 0.00109694 -0.0103682 6.0583e-16 7.22518e-20 -109353 -519176 3.52447e-08 6.48403e-10
2.66027e+06 0.00111667 -0.0105021 6.0093e-16 6.79271e-20 -108839 -520095 3.48919e-08 6.09592e-10
2.66667e+06 0.00113642 -0.0106363 6.04723e-16 6.844e-20 -108327 -521012 3.50301e-08 6.14195e-10
2.67306e+06 0.00115619 -0.0107708 6.02424e-16 7.38678e-20 -107816 -521927 3.48482e-08 6.62906e-10
2.67944e+06 0.00117595 -0.0109052 5.99705e-16 9.94482e-20 -107305 -522839 3.46154e-08 8.92469e-10
2.6858e+06 0.00119566 -0.0110396 5.98393e-16 9.69233e-20 -106795 -523746 3.4448e-08 8.6981e-10
2.69215e+06 0.0012154 -0.0111742 6.03951e-16 7.81913e-20 -106287 -524652 3.47245e-08 7.01705e-10
2.69848e+06 0.00123515 -0.0113089 6.02706e-16 9.43953e-20 -105779 -525555 3.46045e-08 8.47123e-10
2.7048e+06 0.00125492 -0.011444 6.05128e-16 1.01275e-19 -105272 -526457 3.46481e-08 9.08859e-10
2.71111e+06 0.00127471 -0.0115793 6.02402e-16 9.25608e-20 -104766 -527357 3.44007e-08 8.3066e-10
2.7174e+06 0.00129452 -0.0117149 6.04314e-16 1.28967e-19 -104261 -528256 3.44553e-08 1.15738e-09
2.72368e+06 0.00131435 -0.0118508 6.01473e-16 1.31078e-19 -103756 -529154 3.42407e-08 1.17632e-09
2.72994e+06 0.00133425 -0.0119873 6.09772e-16 1.81507e-19 -103254 -530052 3.46408e-08 1.62888e-09
2.73613e+06 0.00135436 -0.0121254 6.22761e-16 1.03889e-19 -102753 -530958 3.53211e-08 9.32318e-10
2.74229e+06 0.00137455 -0.0122641 6.26693e-16 1.0892e-19 -102253 -531866 3.54485e-08 9.77471e-10
2.74843e+06 0.00139481 -0.0124035 6.28461e-16 1.69645e-19 -101755 -532774 3.55321e-08 1.52243e-09
2.75447e+06 0.0014159 -0.0125468 7.3642e-16 -1.31293e-20 -101259 -533677 3.47645e-08 -1.17825e-10
2.76045e+06 0.00143896 -0.0126975 7.33728e-16 -3.21115e-22 -100767 -534526 3.45572e-08 -2.88176e-12
2.76641e+06 0.00146207 -0.0128486 7.41327e-16 -1.64353e-20 -100275 -535376 3.48518e-08 -1.47494e-10
2.77236e+06 0.00148531 -0.0130004 8.01749e-16 -1.09732e-19 -99785.2 -536220 3.34767e-08 -9.84754e-10
2.77825e+06 0.00151168 -0.013163 8.08419e-16 -9.20693e-20 -99298 -536965 3.36731e-08 -8.26249e-10
2.78412e+06 0.00153809 -0.0133259 8.09559e-16 -7.91969e-20 -98811.8 -537709 3.36513e-08 -7.10729e-10
2.78997e+06 0.00156453 -0.0134891 8.10368e-16 -9.62514e-20 -98326.9 -538453 3.36076e-08 -8.63781e-10
2.79579e+06 0.00159106 -0.013653 8.1182e-16 -8.7164e-20 -97843.9 -539198 3.35931e-08 -7.82228e-10
2.80159e+06 0.00161765 -0.0138175 8.15462e-16 4.87317e-20 -97362.5 -539943 3.36586e-08 4.37329e-10
2.80737e+06 0.00164424 -0.013982 7.83392e-16 -1.82339e-19 -96882.5 -540686 3.22107e-08 -1.63635e-09
2.81311e+06 0.00167082 -0.0141466 7.9021e-16 -1.55475e-19 -96404 -541426 3.24471e-08 -1.39527e-09
2.81881e+06 0.0016975 -0.014312 7.85988e-16 -1.76267e-19 -95927 -542166 3.21779e-08 -1.58186e-09
2.82449e+06 0.00172434 -0.0144784 7.89647e-16 -1.82983e-19 -95451.6 -542908 3.22179e-08 -1.64212e-09
2.83011e+06 0.00175137 -0.0146461 7.93551e-16 -1.83462e-19 -94977.9 -543652 3.22943e-08 -1.64642e-09
2.83568e+06 0.0017786 -0.0148151 7.99106e-16 -1.95411e-19 -94506 -544397 3.24362e-08 -1.75366e-09
2.84119e+06 0.0018061 -0.0149859 7.97309e-16 -1.82442e-19 -94037.2 -545145 3.22325e-08 -1.63728e-09
2.84663e+06 0.00183391 -0.0151587 8.0289e-16 -1.84658e-19 -93570.4 -545895 3.23344e-08 -1.65716e-09
2.852e+06 0.00186208 -0.0153337 8.06752e-16 -2.35962e-19 -93106 -546647 3.23489e-08 -2.11757e-09
2.85729e+06 0.00189068 -0.0155114 8.06594e-16 -1.8495e-19 -92643.9 -547400 3.21961e-08 -1.65978e-09
2.8625e+06 0.00191977 -0.015692 8.11319e-16 -1.95314e-19 -92184.4 -548152 3.21998e-08 -1.75279e-09
2.86762e+06 0.00194939 -0.0158758 8.16227e-16 -2.0983e-19 -91727.5 -548902 3.21925e-08 -1.88306e-09
2.87266e+06 0.00197961 -0.016063 8.10848e-16 -2.81461e-19 -91273.4 -549645 3.17887e-08 -2.52589e-09
2.87762e+06 0.00201048 -0.016254 7.98135e-16 -2.9916e-19 -90821.9 -550377 3.09301e-08 -2.68472e-09
2.88251e+06 0.00204208 -0.016449 7.86828e-16 -3.1018e-19 -90372.9 -551094 3.01661e-08 -2.78362e-09
2.88733e+06 0.00207451 -0.0166484 7.81509e-16 -3.40401e-19 -89926.6 -551787 2.96313e-08 -3.05483e-09
2.89208e+06 0.00210786 -0.0168528 7.82344e-16 -2.98275e-19 -89482.7 -552451 2.93185e-08 -2.67678e-09
2.89678e+06 0.00214227 -0.0170627 7.85573e-16 -3.12325e-19 -89041.4 -553079 2.89947e-08 -2.80287e-09
2.90142e+06 0.00217787 -0.0172786 7.88442e-16 -3.144e-19 -88602.9 -553662 2.86491e-08 -2.82149e-09
2.90598e+06 0.00221487 -0.0175018 7.94472e-16 -1.74807e-19 -88167.5 -554196 2.8409e-08 -1.56876e-09
2.91048e+06 0.00225337 -0.0177327 7.79979e-16 -1.89704e-19 -87736.1 -554675 2.73649e-08 -1.70244e-09
2.91492e+06 0.00229331 -0.0179709 7.56801e-16 -2.22897e-19 -87306.8 -555095 2.61025e-08 -2.00032e-09
2.91927e+06 0.00233491 -0.0182176 7.41989e-16 -8.45752e-20 -86881.9 -555459 2.52148e-08 -7.58995e-10
2.92356e+06 0.00237788 -0.0184713 7.15829e-16 -6.81498e-20 -86459.1 -555767 2.39343e-08 -6.11591e-10
2.9278e+06 0.00242206 -0.018731 6.75978e-16 4.2911e-20 -86039.3 -556024 2.23372e-08 3.85093e-10
2.93198e+06 0.00246727 -0.0189961 6.52508e-16 8.24313e-20 -85622 -556240 2.13513e-08 7.39755e-10
2.93612e+06 0.00251336 -0.0192657 6.32187e-16 1.44728e-19 -85207.1 -556420 2.04564e-08 1.29882e-09
2.94021e+06 0.00256019 -0.0195392 6.15542e-16 1.10158e-19 -84794.5 -556574 1.97724e-08 9.88579e-10
2.94425e+06 0.00260764 -0.0198161 5.98936e-16 1.44437e-19 -84384.4 -556707 1.90557e-08 1.29621e-09
2.94823e+06 0.00265563 -0.020096 5.80822e-16 2.57704e-19 -83976.9 -556825 1.83609e-08 2.31269e-09
2.95217e+06 0.00270407 -0.0203785 5.40529e-16 2.40231e-19 -83572.3 -556931 1.6993e-08 2.15589e-09
2.95605e+06 0.00275293 -0.0206635 5.11627e-16 2.08524e-19 -83170.5 -557028 1.59598e-08 1.87134e-09
2.95988e+06 0.00280213 -0.0209505 4.94925e-16 1.70669e-19 -82771 -557119 1.53632e-08 1.53162e-09
2.96367e+06 0.00285162 -0.0212393 4.79432e-16 2.01606e-19 -82373.8 -557205 1.4792e-08 1.80926e-09
2.96741e+06 0.00290134 -0.0215296 4.65844e-16 1.82005e-19 -81978.9 -557287 1.42973e-08 1.63335e-09
2.97111e+06 0.00295125 -0.0218212 4.52056e-16 2.04182e-19 -81586.2 -557366 1.37843e-08 1.83237e-09
2.97478e+06 0.00300131 -0.0221138 4.42726e-16 1.82765e-19 -81195.6 -557443 1.34933e-08 1.64017e-09
2.97841e+06 0.00305148 -0.0224073 4.31285e-16 2.00436e-19 -80807 -557517 1.30858e-08 1.79876e-09
2.98201e+06 0.00310173 -0.0227014 4.19735e-16 2.25601e-19 -80420.5 -557589 1.26674e-08 2.02459e-09
2.98559e+06 0.00315203 -0.022996 4.11689e-16 1.95723e-19 -80036 -557660 1.23619e-08 1.75646e-09
2.98914e+06 0.00320238 -0.023291 4.0547e-16 2.09855e-19 -79653.2 -557728 1.20999e-08 1.88329e-09
2.99267e+06 0.00325275 -0.0235864 3.96856e-16 2.2173e-19 -79272.4 -557795 1.17543e-08 1.98985e-09
2.99617e+06 0.00330315 -0.0238821 3.90178e-16 1.96287e-19 -78893.4 -557861 1.15288e-08 1.76153e-09
2.99965e+06 0.00335359 -0.0241783 3.85682e-16 2.1805e-19 -78516.5 -557926 1.13505e-08 1.95683e-09
3.00311e+06 0.00340404 -0.0244748 3.80738e-16 1.92266e-19 -78141.3 -557989 1.11395e-08 1.72544e-09
3.00654e+06 0.00345452 -0.0247716 3.77337e-16 1.99068e-19 -77768 -558051 1.10449e-08 1.78648e-09
3.00995e+06 0.00350503 -0.0250688 3.70236e-16 2.4757e-19 -77396.5 -558112 1.07539e-08 2.22175e-09
3.01334e+06 0.00355557 -0.0253663 3.68654e-16 1.94834e-19 -77027 -558171 1.07393e-08 1.74848e-09
3.0167e+06 0.00360617 -0.0256644 3.5972e-16 2.28106e-19 -76659.7 -558230 1.03682e-08 2.04707e-09
3.02003e+06 0.00365678 -0.0259628 3.50204e-16 2.37766e-19 -76294.3 -558287 1.00881e-08 2.13376e-09
3.02334e+06 0.00370742 -0.0262616 3.45832e-16 2.23141e-19 -75930.7 -558344 9.91713e-09 2.00252e-09
3.02662e+06 0.00375811 -0.0265608 3.38577e-16 2.30747e-19 -75569.1 -558399 9.64428e-09 2.07077e-09
3.02988e+06 0.00380883 -0.0268605 3.29954e-16 2.44438e-19 -75209.5 -558454 9.37507e-09 2.19364e-09
3.03311e+06 0.00385957 -0.0271604 3.22609e-16 2.11831e-19 -74851.6 -558507 9.05129e-09 1.90101e-09
3.03632e+06 0.00391034 -0.0274608 3.14044e-16 2.38263e-19 -74495.6 -558559 8.79299e-09 2.13822e-09
3.0395e+06 0.00396113 -0.0277614 3.08805e-16 2.25548e-19 -74141.3 -558611 8.56744e-09 2.02412e-09
3.04265e+06 0.00401193 -0.0280624 3.03147e-16 2.61702e-19 -73788.6 -558661 8.36371e-09 2.34857e-09
3.04578e+06 0.00406277 -0.0283638 2.9869e-16 2.61072e-19 -73437.7 -558710 8.18909e-09 2.34291e-09
3.04888e+06 0.00411363 -0.0286655 2.96351e-16 2.69853e-19 -73088.3 -558757 8.10542e-09 2.42172e-09
3.05196e+06 0.00416451 -0.0289677 2.86532e-16 2.39897e-19 -72740.5 -558804 7.82165e-09 2.15288e-09
3.05501e+06 0.00421542 -0.0292702 2.71853e-16 2.26095e-19 -72394.3 -558849 7.30142e-09 2.02902e-09
3.05803e+06 0.00426637 -0.0295732 2.54087e-16 2.5935e-19 -72049.8 -558894 6.75936e-09 2.32746e-09
3.06102e+06 0.00431735 -0.0298766 2.40562e-16 2.82359e-19 -71706.8 -558937 6.30098e-09 2.53395e-09
3.06394e+06 0.00437171 -0.0301862 2.49128e-16 2.75394e-19 -71370.7 -558907 5.52973e-09 2.47144e-09
3.06689e+06 0.00442352 -0.0304914 2.13823e-16 2.88598e-19 -71029.1 -558929 5.71526e-09 2.58994e-09
3.06979e+06 0.00447466 -0.0307965 2.04028e-16 2.71066e-19 -70688.9 -558968 5.39876e-09 2.4326e-09
3.07265e+06 0.00452732 -0.0311044 2.17172e-16 2.30522e-19 -70358.3 -558976 4.18368e-09 2.06875e-09
3.07547e+06 0.00458231 -0.031416 1.40405e-16 2.93649e-19 -70018.8 -558932 4.04179e-09 2.63527e-09
3.07829e+06 0.00463354 -0.0317225 1.1082e-16 2.87598e-19 -69685 -558967 3.15049e-09 2.58097e-09
3.08109e+06 0.0046848 -0.0320294 8.38439e-17 3.15983e-19 -69352.7 -559000 2.36832e-09 2.8357e-09
3.08386e+06 0.0047361 -0.0323369 6.10483e-17 2.52491e-19 -69021.8 -559031 1.67347e-09 2.2659e-09
3.0866e+06 0.00478742 -0.0326449 3.57908e-17 2.3616e-19 -68692.3 -559060 9.49512e-10 2.11935e-09
3.08932e+06 0.00483876 -0.0329534 9.90307e-18 2.64073e-19 -68364.3 -559087 2.6921e-10 2.36984e-09
3.09201e+06 0.00489017 -0.0332627 -1.31235e-17 2.40343e-19 -68037.8 -559111 -4.07454e-10 2.15689e-09
3.09467e+06 0.00494161 -0.0335726 -3.41944e-17 2.44593e-19 -67713 -559132 -9.56788e-10 2.19503e-09
3.09731e+06 0.0049931 -0.0338833 -5.12496e-17 2.25082e-19 -67389.5 -559151 -1.43336e-09 2.01994e-09
3.09992e+06 0.00504461 -0.0341946 -6.70146e-17 2.13416e-19 -67067.5 -559166 -1.86265e-09 1.91524e-09
3.10251e+06 0.00509614 -0.0345065 -8.15647e-17 2.21376e-19 -66746.9 -559177 -2.21553e-09 1.98668e-09
3.10507e+06 0.00514768 -0.0348191 -9.47891e-17 1.97537e-19 -66427.9 -559185 -2.56478e-09 1.77274e-09
3.10761e+06 0.00519921 -0.0351322 -1.10186e-16 2.51311e-19 -66110.1 -559189 -2.96495e-09 2.25531e-09
3.11013e+06 0.00525073 -0.0354459 -1.2773e-16 2.39526e-19 -65793.6 -559188 -3.33239e-09 2.14956e-09
3.11263e+06 0.00530222 -0.03576 -1.43309e-16 1.84014e-19 -65478.3 -559183 -3.69982e-09 1.65138e-09
3.11511e+06 0.00535369 -0.0360747 -1.56789e-16 1.46984e-19 -65164.1 -559172 -4.0236e-09 1.31906e-09
3.11757e+06 0.00540515 -0.0363901 -1.80066e-16 1.52321e-19 -64851.1 -559156 -4.53292e-09 1.36696e-09
3.12001e+06 0.00545658 -0.0367061 -2.05309e-16 1.82775e-19 -64539.3 -559135 -5.0386e-09 1.64027e-09
3.12235e+06 0.00551535 -0.0370318 -3.58834e-16 3.56425e-19 -64229.7 -558993 -3.51065e-09 3.19863e-09
3.12467e+06 0.00557911 -0.0373644 -3.86095e-16 3.42048e-19 -63925.9 -558745 -3.95084e-09 3.06962e-09
3.12694e+06 0.00564304 -0.0376981 -4.09997e-16 3.15529e-19 -63622.1 -558497 -4.33647e-09 2.83163e-09
3.12921e+06 0.00570691 -0.0380316 -4.34226e-16 3.40429e-19 -63319 -558250 -4.73665e-09 3.05508e-09
3.13146e+06 0.00577074 -0.0383651 -4.53834e-16 3.46912e-19 -63017.4 -558003 -5.06043e-09 3.11326e-09
3.1337e+06 0.00583455 -0.0386986 -4.73329e-16 3.72196e-19 -62716.9 -557757 -5.35874e-09 3.34017e-09
3.13593e+06 0.00589832 -0.039032 -4.86187e-16 2.98595e-19 -62417.3 -557512 -5.537e-09 2.67965e-09
3.13814e+06 0.00596205 -0.0393654 -5.03926e-16 3.36968e-19 -62118.7 -557267 -5.78802e-09 3.02402e-09
3.14034e+06 0.00602574 -0.0396986 -5.17403e-16 3.22554e-19 -61821.3 -557024 -5.98811e-09 2.89467e-09
3.14253e+06 0.00608941 -0.040032 -5.28633e-16 2.97387e-19 -61525.4 -556780 -6.0827e-09 2.66881e-09
3.1447e+06 0.00615309 -0.0403655 -5.43161e-16 3.12385e-19 -61230.7 -556538 -6.28643e-09 2.8034e-09
3.14686e+06 0.00621671 -0.0406989 -5.5605e-16 3.10031e-19 -60937 -556296 -6.42467e-09 2.78228e-09
3.14901e+06 0.0062803 -0.0410323 -5.68754e-16 3.10162e-19 -60644.4 -556055 -6.58838e-09 2.78345e-09
3.15115e+06 0.00634387 -0.0413657 -5.75633e-16 2.54243e-19 -60352.7 -555814 -6.64295e-09 2.28163e-09
3.15327e+06 0.00640739 -0.041699 -5.88846e-16 3.04616e-19 -60062.1 -555574 -6.83576e-09 2.73369e-09
3.15539e+06 0.00647087 -0.0420323 -5.97595e-16 2.62046e-19 -59772.3 -555335 -6.92307e-09 2.35166e-09
3.09377e+06 0.00691015 -0.0443642 -1.31608e-15 -3.99745e-19 -61066.5 -554299 -1.7717e-08 -3.5874e-09
3.09709e+06 0.00697821 -0.0447223 -4.96953e-16 2.27402e-19 -60674.5 -554030 -4.74392e-09 2.04076e-09
3.10039e+06 0.00704628 -0.0450807 -1.0162e-16 3.40771e-19 -60284.1 -553762 1.44064e-09 3.05815e-09
3.10368e+06 0.00711443 -0.0454396 3.46435e-16 4.8105e-19 -59896.3 -553494 8.41464e-09 4.31705e-09
3.10684e+06 0.00718259 -0.0457987 7.86001e-16 6.67375e-19 -59508.4 -553227 1.51231e-08 5.98916e-09
3.1096e+06 0.00724769 -0.0461418 1.13435e-15 6.58449e-19 -59132 -552971 2.0329e-08 5.90906e-09
3.11213e+06 0.00731132 -0.0464776 1.38229e-15 7.81928e-19 -58808.3 -552730 2.39561e-08 7.01719e-09
3.11443e+06 0.00737293 -0.0468031 1.55462e-15 7.93069e-19 -58510.8 -552499 2.64372e-08 7.11717e-09
3.1167e+06 0.00743432 -0.0471275 1.69172e-15 7.94479e-19 -58225.8 -552272 2.82889e-08 7.12982e-09
3.11896e+06 0.00749567 -0.0474518 1.80366e-15 8.46736e-19 -57941.9 -552045 2.98169e-08 7.59879e-09
3.12121e+06 0.00755697 -0.0477761 1.90286e-15 8.44105e-19 -57659.1 -551819 3.11229e-08 7.57518e-09
3.12345e+06 0.00761824 -0.0481002 1.98775e-15 8.54911e-19 -57377.2 -551594 3.21597e-08 7.67215e-09
3.12568e+06 0.00767948 -0.0484244 2.05903e-15 8.99282e-19 -57096.4 -551369 3.29892e-08 8.07034e-09
3.1279e+06 0.0077407 -0.0487486 2.12942e-15 8.69591e-19 -56816.6 -551145 3.39278e-08 7.80389e-09
3.13011e+06 0.00780187 -0.0490726 2.18207e-15 9.47063e-19 -56538 -550922 3.44698e-08 8.49915e-09
3.13231e+06 0.00786307 -0.0493969 2.23491e-15 9.60233e-19 -56260.8 -550699 3.50374e-08 8.61733e-09
3.1345e+06 0.00792424 -0.0497212 2.2847e-15 9.59692e-19 -55985 -550477 3.56013e-08 8.61248e-09
3.13668e+06 0.00798538 -0.0500455 2.32834e-15 9.68278e-19 -55710.4 -550256 3.60524e-08 8.68953e-09
3.13884e+06 0.00804647 -0.0503696 2.36845e-15 9.62634e-19 -55437 -550036 3.64307e-08 8.63888e-09
3.141e+06 0.00810752 -0.0506935 2.40358e-15 9.93797e-19 -55164.7 -549816 3.67472e-08 8.91855e-09
3.14314e+06 0.00816854 -0.0510175 2.44128e-15 1.036e-18 -54893.8 -549597 3.70819e-08 9.29729e-09
3.14524e+06 0.00822977 -0.0513426 2.53493e-15 9.88131e-19 -54624.9 -549379 3.82388e-08 8.8677e-09
3.14733e+06 0.00829097 -0.0516678 2.5729e-15 9.55892e-19 -54357.4 -549161 3.8599e-08 8.57837e-09
3.1494e+06 0.00835217 -0.051993 2.60826e-15 9.22044e-19 -54091.4 -548944 3.89264e-08 8.27462e-09
3.15145e+06 0.00841333 -0.0523181 2.6268e-15 1.02344e-18 -53827 -548727 3.89664e-08 9.18454e-09
3.1535e+06 0.00847447 -0.0526432 2.65408e-15 9.77305e-19 -53564.3 -548512 3.92429e-08 8.77054e-09
3.15552e+06 0.00853558 -0.0529682 2.67395e-15 9.88296e-19 -53303.7 -548297 3.93557e-08 8.86918e-09
3.15754e+06 0.00859664 -0.0532931 2.69238e-15 9.99877e-19 -53044.6 -548084 3.9443e-08 8.97311e-09
3.15954e+06 0.00865766 -0.0536179 2.71021e-15 9.9984e-19 -52787 -547871 3.95557e-08 8.97278e-09
3.16153e+06 0.00871864 -0.0539425 2.72693e-15 1.00267e-18 -52530.9 -547659 3.96358e-08 8.99817e-09
3.1635e+06 0.00877962 -0.0542672 2.75028e-15 1.10285e-18 -52276.5 -547448 3.98068e-08 9.89725e-09
3.16545e+06 0.00884062 -0.0545921 2.77431e-15 1.28232e-18 -52023.8 -547238 3.99741e-08 1.15078e-08
3.16739e+06 0.00890156 -0.0549168 2.79094e-15 1.25861e-18 -51772.7 -547029 4.01014e-08 1.12951e-08
3.16931e+06 0.00896248 -0.0552414 2.80586e-15 1.26971e-18 -51523.3 -546821 4.01851e-08 1.13947e-08
3.17122e+06 0.00902333 -0.0555658 2.81526e-15 1.30092e-18 -51275.5 -546613 4.02106e-08 1.16747e-08
3.17312e+06 0.00908415 -0.0558901 2.82805e-15 1.25132e-18 -51029.5 -546407 4.02397e-08 1.12296e-08
3.175e+06 0.00914493 -0.0562142 2.83411e-15 1.30988e-18 -50785.2 -546201 4.02106e-08 1.17552e-08
3.17687e+06 0.00920568 -0.0565382 2.84253e-15 1.28508e-18 -50542.7 -545997 4.0196e-08 1.15326e-08
3.17872e+06 0.00926642 -0.0568623 2.85064e-15 1.24743e-18 -50302.1 -545794 4.0247e-08 1.11947e-08
3.18055e+06 0.00932716 -0.0571864 2.86601e-15 1.22993e-18 -50063.5 -545591 4.03306e-08 1.10376e-08
3.18237e+06 0.0093879 -0.0575106 2.86804e-15 1.27544e-18 -49826.8 -545389 4.02542e-08 1.14461e-08
3.18417e+06 0.00944862 -0.0578347 2.87362e-15 1.28276e-18 -49591.8 -545189 4.02542e-08 1.15117e-08
3.18595e+06 0.00950933 -0.0581589 2.87603e-15 1.31582e-18 -49358.7 -544989 4.01924e-08 1.18084e-08
3.18772e+06 0.00956998 -0.0584828 2.88296e-15 1.29175e-18 -49127.4 -544790 4.01778e-08 1.15924e-08
3.18947e+06 0.00963059 -0.0588066 2.88569e-15 1.30232e-18 -48898.3 -544593 4.02033e-08 1.16873e-08
3.19121e+06 0.00969116 -0.0591302 2.88748e-15 1.33371e-18 -48671 -544396 4.01233e-08 1.1969e-08
3.19293e+06 0.0097517 -0.0594536 2.88896e-15 1.32549e-18 -48445.5 -544201 4.0076e-08 1.18952e-08
3.19463e+06 0.00981219 -0.0597769 2.89464e-15 1.28197e-18 -48221.9 -544006 4.00723e-08 1.15047e-08
3.19632e+06 0.00987265 -0.0601 2.89797e-15 1.38435e-18 -48000.1 -543813 4.00432e-08 1.24234e-08
3.19798e+06 0.00993307 -0.060423 2.89979e-15 1.38764e-18 -47780.1 -543620 4.00069e-08 1.2453e-08
3.19964e+06 0.00999346 -0.0607459 2.90342e-15 1.37895e-18 -47561.9 -543429 4.00505e-08 1.2375e-08
3.20127e+06 0.0100538 -0.0610686 2.90262e-15 1.42422e-18 -47345.5 -543239 3.99486e-08 1.27812e-08
3.2029e+06 0.0101141 -0.0613912 2.90585e-15 1.38273e-18 -47131 -543050 3.99377e-08 1.24089e-08
3.2045e+06 0.0101744 -0.0617137 2.90458e-15 1.40877e-18 -46918.2 -542861 3.98613e-08 1.26426e-08
3.20609e+06 0.0102347 -0.062036 2.90791e-15 1.38072e-18 -46707.2 -542674 3.98504e-08 1.23909e-08
3.18829e+06 0.00967659 -0.0654078 1.73222e-16 -1.73135e-18 -46726.4 -502130 -2.1133e-08 -1.55375e-08
3.19075e+06 0.00968807 -0.0657232 -2.43394e-16 -1.11871e-18 -46519.8 -502477 -2.46073e-08 -1.00395e-08
3.19256e+06 0.00969868 -0.0660177 -3.75757e-16 -1.09043e-18 -46310 -502726 -2.53167e-08 -9.78576e-09
3.19429e+06 0.00970864 -0.0663127 -5.42526e-16 -1.15787e-18 -46098 -502930 -2.65936e-08 -1.0391e-08
3.19597e+06 0.0097178 -0.0666095 -6.78301e-16 -1.17541e-18 -45887.4 -503100 -2.75577e-08 -1.05483e-08
3.19768e+06 0.00973536 -0.0668889 -5.71628e-16 -1.41599e-18 -45678.4 -503520 -3.15122e-08 -1.27074e-08
3.1996e+06 0.00976188 -0.0671484 -6.08495e-16 -1.47546e-18 -45469.3 -504149 -3.21597e-08 -1.32411e-08
3.20144e+06 0.00978849 -0.0674095 -6.51264e-16 -1.47786e-18 -45262.7 -504780 -3.284e-08 -1.32626e-08
3.20326e+06 0.00981506 -0.0676709 -6.86935e-16 -1.53594e-18 -45057.9 -505407 -3.33821e-08 -1.37839e-08
3.20507e+06 0.00984149 -0.0679328 -7.35851e-16 -1.52568e-18 -44854.8 -506029 -3.37277e-08 -1.36918e-08
3.20684e+06 0.00986852 -0.0681955 -6.64484e-16 -1.65359e-18 -44653.8 -506642 -3.59287e-08 -1.48396e-08
3.20864e+06 0.00989871 -0.0684536 -6.8755e-16 -1.67861e-18 -44454.1 -507308 -3.6398e-08 -1.50642e-08
3.21042e+06 0.00992889 -0.0687119 -7.08173e-16 -1.72562e-18 -44256.2 -507974 -3.68273e-08 -1.54861e-08
3.21217e+06 0.00995903 -0.06897 -7.3178e-16 -1.76415e-18 -44060.2 -508637 -3.73147e-08 -1.58318e-08
3.21392e+06 0.00998913 -0.0692281 -7.49493e-16 -1.78526e-18 -43865.7 -509299 -3.76713e-08 -1.60213e-08
3.21565e+06 0.0100192 -0.0694862 -7.66495e-16 -1.81718e-18 -43672.8 -509960 -3.8006e-08 -1.63077e-08
3.21736e+06 0.0100493 -0.0697443 -7.81141e-16 -1.86465e-18 -43481.4 -510619 -3.82861e-08 -1.67338e-08
3.21905e+06 0.0100795 -0.0700033 -8.14192e-16 -1.85459e-18 -43291.6 -511267 -3.83843e-08 -1.66435e-08
3.22072e+06 0.0101102 -0.0702643 -8.3333e-16 -1.91145e-18 -43103.6 -511886 -3.85626e-08 -1.71538e-08
3.22236e+06 0.010141 -0.0705258 -8.68697e-16 -1.86515e-18 -42917.3 -512495 -3.86717e-08 -1.67383e-08
3.22398e+06 0.0101723 -0.0707894 -9.36697e-16 -1.79604e-18 -42732.8 -513078 -3.81042e-08 -1.6118e-08
3.22555e+06 0.0102049 -0.0710581 -1.08447e-15 -1.63934e-18 -42550.6 -513593 -3.64125e-08 -1.47118e-08
3.20993e+06 0.0103153 -0.0719018 -2.54079e-15 -2.47999e-18 -42694.7 -514309 -4.10182e-08 -2.22559e-08
3.21219e+06 0.0103608 -0.0722297 -1.08988e-15 -1.55021e-18 -42457.2 -514303 -1.87865e-08 -1.39119e-08
3.21372e+06 0.0104034 -0.0725365 -5.89755e-16 -1.14725e-18 -42285.2 -514282 -1.14669e-08 -1.02957e-08
3.21515e+06 0.0104459 -0.0728418 -2.00652e-16 -1.03425e-18 -42112.3 -514253 -5.89353e-09 -9.28157e-09
3.20181e+06 0.0104434 -0.0728727 -1.13151e-15 -1.75983e-18 -47843.7 -514991 -2.52294e-08 -1.57931e-08
3.18881e+06 0.010495 -0.073245 -2.73514e-15 -7.43882e-19 -47724.2 -514986 -4.00796e-08 -6.67576e-09
3.19078e+06 0.0105381 -0.0735506 -2.62162e-15 -1.96642e-18 -47466.5 -514894 -3.84825e-08 -1.76471e-08
3.1924e+06 0.0105815 -0.0738578 -2.49795e-15 -1.83983e-18 -47224.7 -514804 -3.67836e-08 -1.6511e-08
3.19397e+06 0.010625 -0.0741665 -2.38838e-15 -1.85828e-18 -46987.2 -514715 -3.52302e-08 -1.66766e-08
3.1955e+06 0.0106686 -0.0744758 -2.29572e-15 -1.86304e-18 -46751.4 -514625 -3.39496e-08 -1.67193e-08
3.197e+06 0.0107122 -0.0747857 -2.24808e-15 -1.8183e-18 -46517.3 -514536 -3.32911e-08 -1.63178e-08
3.19847e+06 0.010756 -0.0750963 -2.19292e-15 -1.78994e-18 -46286.4 -514447 -3.25344e-08 -1.60633e-08
3.19989e+06 0.0107999 -0.0754086 -2.14089e-15 -1.78548e-18 -46057.8 -514357 -3.18105e-08 -1.60233e-08
3.20128e+06 0.010844 -0.075722 -2.09409e-15 -1.79262e-18 -45830.6 -514268 -3.11993e-08 -1.60873e-08
3.20262e+06 0.0108883 -0.076037 -2.05252e-15 -1.82351e-18 -45605.6 -514179 -3.05918e-08 -1.63646e-08
3.20391e+06 0.0109329 -0.0763538 -2.02262e-15 -1.79298e-18 -45388.1 -514090 -3.01625e-08 -1.60906e-08
3.17048e+06 0.0111305 -0.0777767 -1.78216e-15 -1.9575e-18 -46127 -513932 -2.68519e-08 -1.7567e-08
3.17348e+06 0.0111766 -0.0781038 -9.14515e-16 -1.20662e-18 -45793.8 -513826 -1.50394e-08 -1.08284e-08
3.16357e+06 0.0111805 -0.0781761 -1.87164e-15 -2.09415e-18 -50514.5 -514471 -2.80343e-08 -1.87933e-08
3.15399e+06 0.0112294 -0.0785243 -2.42643e-15 -1.49839e-18 -50312.6 -514378 -3.56013e-08 -1.34469e-08
3.15656e+06 0.0112713 -0.0788222 -2.2388e-15 -1.87821e-18 -49972.7 -514276 -3.30147e-08 -1.68555e-08
3.15864e+06 0.0113142 -0.0791248 -2.20069e-15 -1.59051e-18 -49707 -514166 -3.10902e-08 -1.42735e-08
3.13128e+06 0.0113806 -0.0795961 -8.70206e-16 -1.72417e-18 -49671.8 -514030 -1.3406e-08 -1.54731e-08
3.13403e+06 0.0114261 -0.0799163 4.98275e-16 -7.40019e-19 -49379.7 -513900 4.80577e-09 -6.64109e-09
3.13683e+06 0.0114671 -0.0802042 1.09673e-15 -7.06984e-19 -49106.5 -513782 1.27729e-08 -6.34462e-09
3.13936e+06 0.0115073 -0.0804872 1.56064e-15 -3.26802e-19 -48856.8 -513668 1.89175e-08 -2.93279e-09
3.14155e+06 0.0115487 -0.0807796 2.11206e-15 -4.63381e-19 -48628.4 -513555 2.62662e-08 -4.15848e-09
3.14358e+06 0.011591 -0.0810773 2.40299e-15 -5.81326e-19 -48405.7 -513442 3.00752e-08 -5.21694e-09
3.14555e+06 0.0116333 -0.0813761 2.54961e-15 -9.90555e-19 -48185.3 -513329 3.20397e-08 -8.88945e-09
3.14752e+06 0.0116756 -0.0816743 2.69665e-15 -1.01991e-18 -47969.2 -513216 3.39969e-08 -9.15289e-09
3.14943e+06 0.0117179 -0.0819732 2.80944e-15 -1.03342e-18 -47756.4 -513104 3.54848e-08 -9.27409e-09
3.15133e+06 0.0117603 -0.0822722 2.9139e-15 -1.11797e-18 -47544.6 -512993 3.68273e-08 -1.00329e-08
3.1532e+06 0.0118026 -0.0825713 2.99997e-15 -1.11662e-18 -47333.7 -512881 3.8006e-08 -1.00208e-08
3.15504e+06 0.011845 -0.0828703 3.07804e-15 -1.1429e-18 -47123.8 -512770 3.89991e-08 -1.02566e-08
3.15687e+06 0.0118874 -0.0831697 3.13484e-15 -1.16988e-18 -46914.7 -512659 3.97631e-08 -1.04988e-08
3.1346e+06 0.0119489 -0.0836071 -1.34686e-15 6.28671e-19 -46881.8 -512535 -1.97542e-08 5.64183e-09
3.13684e+06 0.0119939 -0.0839241 -1.72491e-15 7.96531e-19 -46632.9 -512415 -2.47492e-08 7.14823e-09
3.13875e+06 0.0120365 -0.084225 -1.91249e-15 9.45768e-19 -46413.3 -512302 -2.72485e-08 8.48752e-09
3.14061e+06 0.0120787 -0.0845233 -1.89128e-15 1.0754e-18 -46207.9 -512193 -2.69611e-08 9.65084e-09
3.14247e+06 0.0121208 -0.0848214 -1.86188e-15 1.11414e-18 -46004.5 -512084 -2.65791e-08 9.99849e-09
3.14428e+06 0.0121631 -0.0851205 -2.00772e-15 3.97115e-19 -45804.1 -511975 -2.85036e-08 3.56379e-09
3.14607e+06 0.0122055 -0.0854198 -2.12737e-15 8.10285e-20 -45606.2 -511867 -3.01043e-08 7.27167e-10
3.14782e+06 0.0122478 -0.0857195 -2.15416e-15 8.01484e-20 -45410.9 -511760 -3.04317e-08 7.19269e-10
3.14956e+06 0.0122901 -0.0860186 -2.1701e-15 8.05874e-20 -45219.5 -511653 -3.065e-08 7.23209e-10
3.15128e+06 0.0123324 -0.0863176 -2.18547e-15 1.19404e-19 -45030.7 -511547 -3.08391e-08 1.07156e-09
3.15296e+06 0.0123746 -0.0866166 -2.19549e-15 1.23549e-19 -44845.7 -511441 -3.09956e-08 1.10875e-09
3.1546e+06 0.0124168 -0.0869153 -2.20858e-15 1.39533e-19 -44667.3 -511337 -3.11629e-08 1.2522e-09
3.15618e+06 0.012459 -0.087214 -2.20982e-15 1.04695e-19 -44498.2 -511235 -3.11702e-08 9.39551e-10
3.15771e+06 0.0125011 -0.0875124 -2.22578e-15 8.97465e-20 -44338.5 -511133 -3.14067e-08 8.05404e-10
3.15916e+06 0.0125431 -0.0878105 -2.24248e-15 6.21993e-20 -44186.9 -511034 -3.16213e-08 5.58189e-10
3.16058e+06 0.0125852 -0.0881086 -2.26124e-15 5.21071e-20 -44040.6 -510935 -3.1836e-08 4.6762e-10
3.16197e+06 0.0126273 -0.088407 -2.279e-15 5.10457e-20 -43897.8 -510837 -3.2127e-08 4.58095e-10
3.15239e+06 0.0127267 -0.0891157 -3.02811e-15 -3.41052e-19 -43933 -510658 -4.20259e-08 -3.06067e-09
3.14447e+06 0.0125434 -0.0910254 -2.90423e-15 -1.78258e-19 -43897.3 -489368 -3.26618e-08 -1.59972e-09
3.14652e+06 0.0125716 -0.0912784 -1.12324e-15 1.57885e-19 -43754.1 -490054 1.09139e-10 1.41689e-09
3.14826e+06 0.0125988 -0.0915214 -4.40096e-16 4.21054e-19 -43615.4 -490692 1.23509e-08 3.77862e-09
3.14993e+06 0.012626 -0.0917637 -3.65953e-17 3.77892e-19 -43476.3 -491309 1.96815e-08 3.39128e-09
3.1516e+06 0.0126532 -0.0920062 2.57315e-16 4.34091e-19 -43338.3 -491926 2.49784e-08 3.89562e-09
3.15325e+06 0.0126806 -0.0922498 4.90082e-16 4.02928e-19 -43201.6 -492527 2.85436e-08 3.61596e-09
3.14395e+06 0.012686 -0.092346 -7.37262e-16 -1.40561e-18 -47407.5 -493236 6.79211e-09 -1.26143e-08
3.14568e+06 0.0127146 -0.0925953 -1.23505e-15 -4.39551e-19 -47205 -493790 -4.58022e-09 -3.94462e-09
3.13663e+06 0.0127583 -0.092932 -2.57552e-15 -6.79334e-19 -47094.4 -494097 -2.80925e-08 -6.09649e-09
3.13824e+06 0.0127982 -0.0932166 -2.60239e-15 -9.2572e-19 -46904 -494106 -2.84999e-08 -8.30761e-09
3.13977e+06 0.0128387 -0.0935022 -2.58603e-15 -7.5126e-19 -46723.4 -494083 -2.83726e-08 -6.74196e-09
3.14128e+06 0.0128794 -0.0937887 -2.57995e-15 -7.27218e-19 -46544.6 -494045 -2.82598e-08 -6.5262e-09
3.14276e+06 0.0129202 -0.0940751 -2.84762e-15 -1.27259e-19 -46367.1 -494008 -3.11375e-08 -1.14205e-09
3.14419e+06 0.0129608 -0.0943609 -2.89686e-15 -8.94739e-20 -46191.7 -493972 -3.1665e-08 -8.02958e-10
3.14555e+06 0.0130013 -0.0946456 -3.09413e-15 1.93008e-19 -46020 -493936 -3.37641e-08 1.7321e-09
3.14683e+06 0.0130418 -0.09493 -3.16576e-15 1.67348e-19 -45852.4 -493901 -3.45281e-08 1.50182e-09
3.11878e+06 0.0131101 -0.0954157 -8.72304e-16 -1.25685e-18 -45984.6 -493901 -9.76434e-09 -1.12793e-08
3.12184e+06 0.0131517 -0.095705 1.03157e-15 -1.17893e-18 -45765.3 -493843 9.75706e-09 -1.058e-08
3.12337e+06 0.0131948 -0.0960047 1.54379e-15 -1.093e-18 -45585.9 -493780 1.51158e-08 -9.80884e-09
3.12466e+06 0.0132362 -0.0962924 1.90163e-15 -1.14031e-18 -45441.5 -493724 1.88629e-08 -1.02334e-08
3.12591e+06 0.0132775 -0.0965796 2.09507e-15 -1.02992e-18 -45300.2 -493669 2.08674e-08 -9.24271e-09
3.12714e+06 0.0133189 -0.096867 2.28392e-15 -1.05343e-18 -45160.4 -493614 2.28356e-08 -9.45367e-09
3.12837e+06 0.0133602 -0.0971543 2.43163e-15 -1.05239e-18 -45021.4 -493559 2.43599e-08 -9.44434e-09
3.12957e+06 0.0134015 -0.0974418 2.59822e-15 -1.10125e-18 -44886.7 -493505 2.6117e-08 -9.88288e-09
3.13076e+06 0.0134429 -0.09773 2.70235e-15 -1.18381e-18 -44755.5 -493452 2.71684e-08 -1.06238e-08
3.13191e+06 0.0134845 -0.0980196 2.82092e-15 -1.22961e-18 -44630.3 -493400 2.83944e-08 -1.10348e-08
3.13304e+06 0.0135262 -0.0983095 2.9195e-15 -1.26449e-18 -44510.7 -493349 2.94312e-08 -1.13478e-08
3.13414e+06 0.0135678 -0.0985993 3.00468e-15 -1.23747e-18 -44397 -493298 3.02898e-08 -1.11053e-08
3.11104e+06 0.0136339 -0.0990642 -1.00998e-15 -1.04681e-18 -44568.5 -493269 -1.17143e-08 -9.3943e-09
3.11312e+06 0.0136773 -0.0993659 -2.09731e-15 -7.42744e-19 -44430 -493215 -2.30611e-08 -6.66554e-09
3.11428e+06 0.0137196 -0.0996605 -2.53993e-15 -4.89949e-19 -44306.1 -493163 -2.76814e-08 -4.39691e-09
3.11532e+06 0.0137608 -0.0999478 -2.66647e-15 -3.2292e-19 -44207.7 -493117 -2.89729e-08 -2.89795e-09
3.11634e+06 0.013802 -0.100235 -2.77187e-15 -2.77081e-19 -44112.1 -493071 -3.00606e-08 -2.48659e-09
3.10397e+06 0.0138303 -0.100499 -3.5182e-15 -5.10083e-19 -49574 -493822 -3.75367e-08 -4.5776e-09
3.10529e+06 0.0138732 -0.100797 -1.60849e-15 -2.02223e-19 -49390.6 -493763 -1.77934e-08 -1.8148e-09
3.09329e+06 0.0139299 -0.101194 -1.81381e-15 3.74034e-19 -49331.6 -493711 -1.99143e-08 3.35666e-09
3.0948e+06 0.0139724 -0.101489 -1.16672e-15 4.44131e-19 -49140.9 -493651 -1.32168e-08 3.98573e-09
3.09616e+06 0.0140141 -0.101779 -8.96313e-16 7.09262e-19 -48970 -493596 -1.04046e-08 6.36507e-09
3.09751e+06 0.0140558 -0.102069 -6.54604e-16 9.73618e-19 -48799.9 -493540 -7.9126e-09 8.73745e-09
3.09886e+06 0.0140975 -0.102359 -4.48214e-16 1.14799e-18 -48630.6 -493485 -5.82077e-09 1.03023e-08
3.10019e+06 0.0141392 -0.102649 -2.73305e-16 1.22791e-18 -48462.2 -493431 -3.99814e-09 1.10195e-08
3.10151e+06 0.0141809 -0.102939 -1.26765e-16 1.29159e-18 -48294.5 -493377 -2.5284e-09 1.1591e-08
3.10282e+06 0.0142226 -0.103229 5.90712e-18 1.31518e-18 -48127.6 -493323 -1.15688e-09 1.18027e-08
3.10412e+06 0.0142642 -0.103519 1.20528e-16 1.38575e-18 -47961.6 -493269 1.45519e-11 1.2436e-08
3.1054e+06 0.0143059 -0.103809 2.24373e-16 1.38551e-18 -47796.4 -493216 1.07684e-09 1.24339e-08
3.10665e+06 0.0143475 -0.104099 3.12639e-16 1.48187e-18 -47632 -493163 1.99361e-09 1.32986e-08
3.10785e+06 0.0143892 -0.104389 3.93897e-16 1.48235e-18 -47468.7 -493111 2.80488e-09 1.33029e-08
3.09786e+06 0.0144195 -0.104656 -1.09559e-15 -9.35151e-19 -51911.3 -493718 -1.24019e-08 -8.39224e-09
3.09909e+06 0.0144616 -0.104949 -1.65055e-15 1.31542e-19 -51744.2 -493666 -1.80626e-08 1.18048e-09
3.08917e+06 0.0145165 -0.105332 -3.21219e-15 -8.77502e-19 -51663.7 -493617 -3.3946e-08 -7.87489e-09
3.0904e+06 0.0145584 -0.105624 -3.24246e-15 5.71229e-20 -51485.8 -493563 -3.42152e-08 5.12633e-10
3.09152e+06 0.0146001 -0.105914 -3.10122e-15 2.82085e-19 -51321 -493512 -3.27273e-08 2.53149e-09
3.09261e+06 0.0146416 -0.106204 -2.98399e-15 -8.04492e-20 -51159 -493461 -3.1574e-08 -7.21968e-10
3.09365e+06 0.0146833 -0.106493 -2.88605e-15 -1.33734e-19 -50998.2 -493411 -3.05517e-08 -1.20016e-09
3.09467e+06 0.0147249 -0.106783 -2.79704e-15 -2.27628e-20 -50838.1 -493361 -2.96386e-08 -2.04278e-10
3.09568e+06 0.0147665 -0.107073 -2.71062e-15 -2.03133e-20 -50678.7 -493311 -2.87473e-08 -1.82296e-10
3.09666e+06 0.0148081 -0.107363 -2.63825e-15 5.55176e-20 -50520.1 -493262 -2.80597e-08 4.98226e-10
3.09763e+06 0.0148497 -0.107653 -2.56814e-15 2.34515e-20 -50362.3 -493213 -2.73285e-08 2.10459e-10
3.09858e+06 0.0148913 -0.107942 -2.50656e-15 3.24572e-20 -50205.4 -493165 -2.66518e-08 2.91278e-10
3.09952e+06 0.0149329 -0.108232 -2.45116e-15 3.33663e-20 -50049.3 -493117 -2.60661e-08 2.99436e-10
3.10045e+06 0.0149744 -0.108522 -2.40822e-15 8.69882e-20 -49894.1 -493069 -2.56368e-08 7.8065e-10
3.10138e+06 0.0150159 -0.108811 -2.3662e-15 1.43313e-19 -49740.2 -493022 -2.52076e-08 1.28612e-09
3.10229e+06 0.0150574 -0.1091 -2.33043e-15 1.69083e-19 -49587.9 -492975 -2.48801e-08 1.51739e-09
3.08363e+06 0.0151225 -0.109557 -3.05403e-15 -5.80792e-19 -49615.6 -492940 -3.21234e-08 -5.21215e-09
3.0853e+06 0.0151674 -0.109869 -4.11802e-16 -3.46697e-19 -49416.8 -492886 -5.47516e-09 -3.11133e-09
3.08649e+06 0.0152086 -0.110156 5.54702e-16 -3.60586e-19 -49267.8 -492840 4.311e-09 -3.23597e-09
3.08762e+06 0.0152494 -0.110441 8.49616e-16 -2.29725e-19 -49138 -492796 7.64703e-09 -2.0616e-09
3.08872e+06 0.0152904 -0.110725 1.10891e-15 -1.99699e-19 -49014.6 -492749 1.02118e-08 -1.79214e-09
3.08979e+06 0.0153314 -0.111009 1.31985e-15 -2.1229e-19 -48893.1 -492703 1.22927e-08 -1.90513e-09
3.09082e+06 0.0153725 -0.111293 1.48409e-15 -2.19926e-19 -48773.6 -492653 1.42863e-08 -1.97366e-09
3.09181e+06 0.0154138 -0.111577 1.62658e-15 -1.90712e-19 -48656.7 -492602 1.58216e-08 -1.71149e-09
3.09271e+06 0.0154551 -0.111862 1.75061e-15 -2.40886e-19 -48543.2 -492552 1.72004e-08 -2.16176e-09
3.09358e+06 0.0154964 -0.112147 1.86408e-15 -3.15159e-19 -48434.2 -492502 1.83354e-08 -2.8283e-09
3.09442e+06 0.0155375 -0.11243 1.95489e-15 -2.79687e-19 -48334 -492454 1.93322e-08 -2.50997e-09
3.09523e+06 0.0155786 -0.112714 2.04292e-15 -3.08477e-19 -48237.1 -492407 2.0249e-08 -2.76834e-09
3.06377e+06 0.0155694 -0.11264 7.70857e-16 -1.43547e-19 -53912 -490168 -3.76021e-08 -1.28822e-09
3.06915e+06 0.0155729 -0.112684 1.25148e-15 -4.15234e-19 -53603 -491717 -9.90622e-09 -3.7264e-09
3.07355e+06 0.0155756 -0.11275 1.03011e-15 7.24282e-19 -53415.5 -493059 1.66619e-09 6.49986e-09
3.07507e+06 0.0156115 -0.113006 8.43688e-16 4.30413e-19 -53247.8 -493097 8.0363e-09 3.86262e-09
3.04469e+06 0.015603 -0.112899 -1.40506e-16 6.81074e-19 -52768.9 -489119 -3.61761e-08 6.1121e-09
3.05071e+06 0.0156067 -0.112943 3.12659e-16 1.16907e-18 -52482.9 -490701 -1.57379e-08 1.04915e-08
3.05512e+06 0.0156112 -0.112995 5.20044e-16 7.89119e-19 -52305 -492577 -5.0677e-09 7.08172e-09
3.05666e+06 0.0156475 -0.113245 5.8314e-16 6.18208e-19 -52174.6 -492914 4.40923e-09 5.54792e-09
3.05773e+06 0.0156894 -0.113534 8.69541e-16 8.91203e-19 -52054.1 -492863 8.4292e-09 7.99784e-09
3.05875e+06 0.0157314 -0.113823 1.10583e-15 6.77731e-19 -51936.9 -492814 1.17361e-08 6.0821e-09
3.05972e+06 0.0157732 -0.114111 1.3066e-15 6.01536e-19 -51821.5 -492764 1.45883e-08 5.39831e-09
3.06065e+06 0.0158151 -0.114399 1.4746e-15 6.51398e-19 -51707.1 -492716 1.69675e-08 5.84578e-09
3.06156e+06 0.0158569 -0.114688 1.62131e-15 6.29622e-19 -51595.9 -492668 1.89975e-08 5.65036e-09
3.03726e+06 0.0158501 -0.114636 6.0908e-16 -3.52016e-19 -56236.9 -491155 -2.69829e-08 -3.15907e-09
3.04229e+06 0.0158529 -0.114685 1.01894e-15 2.79044e-19 -56000.5 -492701 -1.23327e-09 2.5042e-09
3.04498e+06 0.0158754 -0.114869 4.22422e-16 4.14298e-19 -55854.6 -493262 3.49246e-09 3.718e-09
3.02066e+06 0.0158689 -0.114786 -3.58353e-16 6.22273e-19 -55421.1 -490195 -3.1192e-08 5.58441e-09
3.02601e+06 0.0158726 -0.11483 2.65885e-16 6.33056e-19 -55194 -491779 -2.83035e-09 5.68118e-09
3.02876e+06 0.0158901 -0.114964 4.64405e-16 5.34064e-19 -55050.3 -493136 4.59477e-09 4.7928e-09
3.02966e+06 0.015932 -0.115251 7.36218e-16 8.69225e-19 -54932.3 -493087 8.43647e-09 7.80061e-09
3.03051e+06 0.0159738 -0.11554 9.96722e-16 8.02759e-19 -54819.4 -493039 1.20599e-08 7.20413e-09
3.03137e+06 0.0160157 -0.115828 1.20304e-15 6.1641e-19 -54709.3 -492992 1.49739e-08 5.53179e-09
3.0322e+06 0.0160575 -0.116116 1.37367e-15 6.69612e-19 -54601 -492946 1.73786e-08 6.00924e-09
3.03301e+06 0.0160993 -0.116404 1.85691e-15 1.0708e-20 -54494.1 -492900 1.93068e-08 9.60962e-11
3.03381e+06 0.0161412 -0.116693 2.03829e-15 1.39745e-21 -54388.7 -492855 2.12203e-08 1.2541e-11
3.0157e+06 0.0162004 -0.117105 -7.95012e-16 8.36189e-20 -54479.3 -492825 -8.94215e-09 7.50414e-10
3.01724e+06 0.0162428 -0.117396 -1.83365e-15 9.83296e-20 -54328.5 -492773 -1.99798e-08 8.8243e-10
3.0094e+06 0.0162715 -0.117643 -2.92807e-15 -1.31113e-18 -58075.7 -493288 -2.7474e-08 -1.17663e-08
3.01055e+06 0.0163141 -0.117936 -3.18235e-15 6.37551e-19 -57899.3 -493233 -3.01734e-08 5.72152e-09
3.00276e+06 0.0163645 -0.118284 -3.65928e-15 -7.38828e-19 -57776.5 -493180 -3.52011e-08 -6.6304e-09
3.00414e+06 0.0164064 -0.118573 -2.99723e-15 4.35999e-19 -57600.5 -493126 -2.81725e-08 3.91274e-09
3.00548e+06 0.0164483 -0.118861 -1.70962e-15 2.7663e-19 -57425.5 -493072 -1.45519e-08 2.48254e-09
3.00674e+06 0.0164902 -0.119149 -5.77439e-16 6.7408e-19 -57252.4 -493019 -2.60479e-09 6.04933e-09
3.00799e+06 0.016532 -0.119437 2.17821e-16 1.06689e-18 -57081 -492966 5.85715e-09 9.57446e-09
3.00922e+06 0.0165738 -0.119724 6.74973e-16 1.12655e-18 -56912.3 -492914 1.06811e-08 1.01099e-08
3.01042e+06 0.0166154 -0.120011 1.00303e-15 1.18006e-18 -56756.3 -492865 1.41808e-08 1.05901e-08
3.01157e+06 0.0166568 -0.120296 1.25055e-15 1.2372e-18 -56614.5 -492817 1.67856e-08 1.11029e-08
3.0127e+06 0.0166982 -0.120582 1.44655e-15 1.3066e-18 -56475.9 -492770 1.88229e-08 1.17257e-08
3.01378e+06 0.0167397 -0.120867 1.67593e-15 1.54461e-18 -56339.5 -492724 2.1304e-08 1.38616e-08
3.01483e+06 0.0167811 -0.121153 1.83474e-15 1.61294e-18 -56205.1 -492678 2.29629e-08 1.44748e-08
3.01586e+06 0.0168224 -0.121438 1.97376e-15 1.62874e-18 -56072.9 -492633 2.44618e-08 1.46167e-08
3.01686e+06 0.0168638 -0.121723 2.09149e-15 1.65621e-18 -55942.4 -492589 2.57205e-08 1.48632e-08
3.01782e+06 0.0169051 -0.122008 2.19821e-15 1.73408e-18 -55813.6 -492545 2.6841e-08 1.5562e-08
3.01876e+06 0.0169464 -0.122293 2.29186e-15 1.75253e-18 -55686.8 -492501 2.78087e-08 1.57276e-08
3.01969e+06 0.0169876 -0.122577 2.7271e-15 1.01542e-18 -55562.9 -492458 3.23926e-08 9.1126e-09
3.02057e+06 0.0170288 -0.122861 2.85844e-15 1.01229e-18 -55443.3 -492416 3.38332e-08 9.08447e-09
3.02141e+06 0.0170699 -0.123145 2.96038e-15 1.05787e-18 -55331.7 -492376 3.48882e-08 9.49351e-09
3.02222e+06 0.0171109 -0.123428 3.04893e-15 1.07179e-18 -55228.2 -492336 3.58414e-08 9.61845e-09
3.02299e+06 0.0171519 -0.12371 3.12631e-15 1.05164e-18 -55130.4 -492298 3.66563e-08 9.4376e-09
3.02371e+06 0.0171927 -0.123993 3.19241e-15 1.0378e-18 -55040.8 -492262 3.73329e-08 9.31341e-09
3.02441e+06 0.0172335 -0.124274 3.24802e-15 1.05235e-18 -54958.8 -492227 3.79441e-08 9.444e-09
3.02507e+06 0.0172742 -0.124555 3.29296e-15 1.13976e-18 -54883.6 -492193 3.83734e-08 1.02285e-08
3.0257e+06 0.0173147 -0.124835 3.33623e-15 1.14663e-18 -54812.2 -492160 3.88609e-08 1.02901e-08
3.02631e+06 0.0173551 -0.125115 3.37089e-15 1.2096e-18 -54743.8 -492127 3.92392e-08 1.08552e-08
3.02688e+06 0.0173954 -0.125393 3.40459e-15 1.2217e-18 -54678.2 -492096 3.95521e-08 1.09638e-08
3.02743e+06 0.0174354 -0.12567 3.43413e-15 1.22104e-18 -54616.3 -492065 3.98722e-08 1.09578e-08
3.02794e+06 0.0174753 -0.125946 3.53242e-15 1.56999e-18 -54556.1 -492035 4.08982e-08 1.40894e-08
2.99742e+06 0.0174645 -0.125853 2.10095e-15 1.46558e-18 -60051.5 -489065 -2.35232e-08 1.31524e-08
3.00274e+06 0.0174681 -0.125894 2.43336e-15 2.23936e-18 -59755 -490553 -8.46194e-09 2.00965e-08
3.00645e+06 0.0174706 -0.125949 2.30405e-15 2.36143e-18 -59595 -492185 2.40107e-10 2.11919e-08
2.9757e+06 0.0174618 -0.125839 1.71594e-15 2.06416e-18 -59198.7 -488096 -2.6288e-08 1.85242e-08
2.98141e+06 0.0174654 -0.125881 2.4248e-15 2.49479e-18 -58976.4 -489650 5.67525e-09 2.23887e-08
2.98571e+06 0.0174694 -0.125929 2.58891e-15 1.70096e-18 -58822.3 -491395 1.3024e-08 1.52647e-08
2.98778e+06 0.0174884 -0.12609 2.1142e-15 1.05798e-18 -58695 -492618 1.91139e-08 9.49458e-09
2.98859e+06 0.0175294 -0.126374 2.09104e-15 1.49519e-18 -58583.5 -492582 1.94559e-08 1.34182e-08
2.9894e+06 0.0175705 -0.126657 2.30536e-15 1.05831e-18 -58473 -492544 2.1435e-08 9.49747e-09
2.9902e+06 0.0176116 -0.126941 2.36493e-15 1.01216e-18 -58364.5 -492507 2.19952e-08 9.08331e-09
2.99098e+06 0.0176528 -0.127225 2.36751e-15 6.53209e-19 -58256.9 -492471 2.2017e-08 5.86203e-09
2.96778e+06 0.0176448 -0.127159 1.38217e-15 1.65957e-19 -62726.4 -490409 -2.26137e-08 1.48933e-09
2.97278e+06 0.0176483 -0.127204 1.59122e-15 1.00372e-18 -62494.4 -491983 -4.22733e-09 9.00757e-09
2.96324e+06 0.0176468 -0.127183 1.14261e-15 5.94755e-19 -62210.9 -491215 -2.44618e-08 5.33745e-09
2.96648e+06 0.0176516 -0.127264 2.70235e-16 4.30427e-19 -62069.3 -492983 -1.26602e-08 3.86274e-09
2.95699e+06 0.0176501 -0.127244 -4.4154e-17 1.80687e-19 -61794 -492227 -2.66809e-08 1.62152e-09
2.95883e+06 0.0176776 -0.127443 -1.10975e-15 2.32646e-20 -61672.7 -492947 -1.02737e-08 2.08781e-10
2.95962e+06 0.0177187 -0.127727 -8.24129e-16 4.62093e-19 -61564.6 -492911 -7.67614e-09 4.14692e-09
2.96041e+06 0.0177598 -0.128011 -5.40446e-16 3.41096e-19 -61458.4 -492875 -5.04951e-09 3.06107e-09
2.96118e+06 0.0178008 -0.128294 -3.0098e-16 2.88512e-19 -61352.8 -492839 -2.86673e-09 2.58917e-09
2.96195e+06 0.017842 -0.128578 -9.78975e-17 1.05167e-19 -61248.5 -492804 -1.03319e-09 9.43787e-10
2.96271e+06 0.0178831 -0.128862 9.32872e-17 8.60983e-20 -61144.6 -492769 6.91216e-10 7.72665e-10
2.96346e+06 0.0179242 -0.129146 2.74574e-16 1.0835e-19 -61041.4 -492735 2.33558e-09 9.7236e-10
2.96421e+06 0.0179652 -0.129429 4.42361e-16 8.3712e-20 -60938.7 -492701 3.84171e-09 7.51249e-10
2.96496e+06 0.0180062 -0.129713 5.91484e-16 1.40916e-19 -60836.5 -492667 5.19503e-09 1.26461e-09
2.9657e+06 0.0180472 -0.129996 7.34835e-16 9.1822e-20 -60734.7 -492633 6.48288e-09 8.2403e-10
2.96643e+06 0.0180883 -0.130279 8.64589e-16 8.21149e-20 -60632.9 -492600 7.6252e-09 7.36916e-10
2.96715e+06 0.0181292 -0.130562 9.79963e-16 8.12447e-20 -60531.5 -492567 8.68022e-09 7.29107e-10
2.96786e+06 0.0181701 -0.130845 1.08422e-15 1.13908e-19 -60430.5 -492534 9.63337e-09 1.02224e-09
2.96855e+06 0.0182109 -0.131127 1.18283e-15 8.49946e-20 -60330.2 -492502 1.04919e-08 7.6276e-10
2.96924e+06 0.0182517 -0.131408 1.27527e-15 4.8921e-20 -60230.7 -492470 1.13141e-08 4.39028e-10
2.96992e+06 0.0182924 -0.131689 1.35818e-15 2.72517e-20 -60132.4 -492438 1.20417e-08 2.44563e-10
2.9706e+06 0.0183331 -0.131971 1.43158e-15 4.50131e-20 -60035.4 -492407 1.27111e-08 4.03957e-10
2.97127e+06 0.0183737 -0.132251 1.49642e-15 8.94815e-20 -59940.3 -492376 1.32568e-08 8.03026e-10
2.97193e+06 0.0184143 -0.132532 1.55828e-15 8.67887e-20 -59848.4 -492347 1.37952e-08 7.7886e-10
2.97257e+06 0.0184548 -0.132812 1.61327e-15 7.0851e-20 -59761.8 -492318 1.42463e-08 6.35832e-10
2.97319e+06 0.0184952 -0.133091 1.66288e-15 7.38824e-20 -59680.4 -492290 1.46829e-08 6.63036e-10
2.97379e+06 0.0185354 -0.133369 1.70735e-15 5.47407e-20 -59602.1 -492263 1.50685e-08 4.91255e-10
2.97436e+06 0.0185755 -0.133646 1.74549e-15 4.4072e-20 -59525.2 -492236 1.53814e-08 3.95511e-10
2.97491e+06 0.0186154 -0.133922 1.77819e-15 7.12856e-20 -59449.3 -492210 1.56724e-08 6.39732e-10
2.97544e+06 0.0186551 -0.134197 1.80878e-15 8.16946e-20 -59374.6 -492184 1.5898e-08 7.33145e-10
2.97594e+06 0.0186948 -0.134471 1.83124e-15 9.6841e-20 -59301.3 -492158 1.60726e-08 8.69072e-10
2.97643e+06 0.0187343 -0.134745 1.85541e-15 7.81698e-20 -59229.6 -492133 1.62836e-08 7.01512e-10
2.97689e+06 0.0187736 -0.135017 1.87743e-15 4.40207e-20 -59160 -492109 1.63855e-08 3.95051e-10
2.97733e+06 0.0188128 -0.135288 1.89489e-15 3.35384e-20 -59092.9 -492085 1.65746e-08 3.00981e-10
2.96973e+06 0.0188235 -0.135406 5.81565e-16 -1.80722e-18 -62390.3 -492553 3.98722e-09 -1.62183e-08
2.97019e+06 0.0188628 -0.135678 1.95069e-16 -3.25319e-19 -62256.1 -492521 9.02219e-10 -2.91948e-09
2.97075e+06 0.0189017 -0.135946 -1.62384e-16 -5.88662e-19 -62128.9 -492489 -2.86673e-09 -5.28278e-09
2.97126e+06 0.0189403 -0.136213 -5.28755e-16 -6.72998e-19 -62006 -492458 -6.6575e-09 -6.03962e-09
2.96379e+06 0.0189867 -0.136533 -2.24455e-15 -1.94399e-18 -61911.4 -492429 -2.14859e-08 -1.74458e-08
2.9644e+06 0.0190251 -0.136799 -2.38104e-15 -7.16883e-19 -61798.1 -492400 -2.27155e-08 -6.43346e-09
2.96499e+06 0.0190633 -0.137062 -2.44289e-15 -7.47071e-19 -61706.2 -492375 -2.33122e-08 -6.70438e-09
2.96553e+06 0.0191012 -0.137325 -2.50757e-15 -7.4148e-19 -61620.6 -492350 -2.39161e-08 -6.65419e-09
2.96607e+06 0.0191391 -0.137586 -2.64863e-15 -1.586e-18 -61535.8 -492326 -2.52621e-08 -1.42331e-08
2.96656e+06 0.0191768 -0.137848 -2.72469e-15 -1.68476e-18 -61453.8 -492303 -2.59606e-08 -1.51194e-08
2.96702e+06 0.0192146 -0.138109 -2.80321e-15 -1.65214e-18 -61373.2 -492280 -2.671e-08 -1.48267e-08
2.96744e+06 0.0192523 -0.138369 -3.28448e-15 -9.70285e-19 -61293.4 -492257 -3.10902e-08 -8.70754e-09
2.96785e+06 0.0192899 -0.138629 -3.41455e-15 -9.88965e-19 -61215.1 -492234 -3.23489e-08 -8.87518e-09
2.9229e+06 0.0192762 -0.138487 -2.75494e-15 -1.3909e-18 -64993.3 -487350 -2.70666e-09 -1.24822e-08
2.92857e+06 0.0192796 -0.138528 -2.62293e-15 -5.21032e-19 -64708 -488819 3.28873e-09 -4.67585e-09
2.93316e+06 0.0192831 -0.13857 -2.54932e-15 -1.32069e-18 -64519.4 -490329 6.57019e-09 -1.18521e-08
2.93736e+06 0.0192865 -0.138613 -2.19312e-15 -9.93625e-19 -64370.9 -491836 6.8685e-09 -8.917e-09
2.93931e+06 0.0193066 -0.138787 8.93426e-16 -1.89832e-18 -64246.2 -492664 9.37143e-09 -1.70359e-08
2.94001e+06 0.0193459 -0.139058 1.15623e-15 -1.57318e-18 -64146 -492639 1.04628e-08 -1.4118e-08
2.94067e+06 0.0193849 -0.139328 1.34531e-15 -1.65016e-18 -64054.8 -492614 1.22091e-08 -1.48089e-08
2.94124e+06 0.0194236 -0.139595 1.6383e-15 -2.95963e-19 -63968 -492591 1.48648e-08 -2.65603e-09
2.93392e+06 0.0194716 -0.139929 4.48854e-16 -8.30541e-19 -63921.7 -492571 4.05998e-09 -7.45345e-09
2.92673e+06 0.0195201 -0.140265 -1.51926e-15 -5.70817e-19 -63863.3 -492550 -1.37443e-08 -5.12263e-09
2.92745e+06 0.0195587 -0.140531 -1.74664e-15 7.68221e-19 -63787.7 -492529 -1.57743e-08 6.89418e-09
2.92826e+06 0.0195967 -0.140794 -1.80305e-15 7.29923e-19 -63714.1 -492509 -1.63054e-08 6.55049e-09
2.92906e+06 0.0196347 -0.141057 -1.84584e-15 7.78577e-19 -63641.4 -492489 -1.66838e-08 6.98711e-09
2.92981e+06 0.0196727 -0.14132 -1.88327e-15 8.17653e-19 -63570.3 -492469 -1.69821e-08 7.33779e-09
2.93053e+06 0.0197108 -0.141584 -1.91807e-15 8.35457e-19 -63501.1 -492450 -1.7295e-08 7.49757e-09
2.93118e+06 0.0197488 -0.141847 -1.95493e-15 8.69299e-19 -63434.6 -492432 -1.76515e-08 7.80127e-09
2.93181e+06 0.0197868 -0.14211 -1.98304e-15 8.41706e-19 -63371.7 -492414 -1.78916e-08 7.55365e-09
2.93242e+06 0.0198247 -0.142372 -2.01603e-15 8.71718e-19 -63313.4 -492397 -1.81608e-08 7.82298e-09
2.93299e+06 0.0198624 -0.142633 -2.04509e-15 8.65266e-19 -63261.2 -492381 -1.84082e-08 7.76508e-09
2.93352e+06 0.0198999 -0.142893 -2.08064e-15 9.25419e-19 -63215.2 -492367 -1.87574e-08 8.3049e-09
2.93402e+06 0.0199372 -0.143152 -2.2846e-15 2.46734e-19 -63173.1 -492353 -2.05837e-08 2.21425e-09
2.93448e+06 0.0199744 -0.14341 -2.35666e-15 2.70371e-19 -63133.5 -492339 -2.12385e-08 2.42637e-09
2.93491e+06 0.0200115 -0.143667 -2.60796e-15 2.57046e-19 -63096.2 -492326 -2.35013e-08 2.30679e-09
2.93531e+06 0.0200485 -0.143923 -2.6937e-15 2.23997e-19 -63061 -492314 -2.42362e-08 2.0102e-09
2.93568e+06 0.0200854 -0.144179 -2.76728e-15 2.21198e-19 -63027 -492302 -2.48765e-08 1.98508e-09
2.93603e+06 0.0201222 -0.144435 -2.83139e-15 2.31623e-19 -62994.9 -492290 -2.54586e-08 2.07863e-09
2.93635e+06 0.020159 -0.14469 -3.02681e-15 -2.2132e-19 -62964.6 -492279 -2.72339e-08 -1.98617e-09
2.93665e+06 0.0201957 -0.144945 -3.11275e-15 -2.67093e-19 -62935.8 -492269 -2.79979e-08 -2.39695e-09
2.93692e+06 0.0202324 -0.145199 -3.1892e-15 -2.92572e-19 -62908.9 -492258 -2.86382e-08 -2.6256e-09
2.93716e+06 0.020269 -0.145453 -3.26172e-15 -2.52214e-19 -62883.5 -492249 -2.93003e-08 -2.26342e-09
2.9374e+06 0.0203056 -0.145707 -3.32067e-15 -3.10399e-19 -62859.3 -492239 -2.98242e-08 -2.78559e-09
2.93762e+06 0.0203422 -0.14596 -3.37577e-15 -3.15554e-19 -62836.1 -492230 -3.03189e-08 -2.83185e-09
2.91759e+06 0.0203356 -0.145906 -3.31132e-15 -2.19489e-19 -66515.2 -490538 -2.74013e-08 -1.96974e-09
2.90985e+06 0.0203346 -0.145891 -3.02448e-15 -5.42461e-21 -66305.7 -489989 -1.42463e-08 -4.86816e-11
2.91364e+06 0.0203378 -0.145931 -2.68156e-15 2.22113e-19 -66203.6 -491439 -2.56841e-09 1.99329e-09
2.91545e+06 0.0203508 -0.146065 -1.13382e-16 -9.14184e-20 -66120.7 -492699 5.82077e-11 -8.20408e-10
2.91601e+06 0.0203887 -0.146328 3.85656e-16 -5.11778e-19 -66049.7 -492684 3.46336e-09 -4.59281e-09
2.90811e+06 0.0203878 -0.146316 -6.72974e-18 -2.28596e-19 -65901.6 -492217 -1.39553e-08 -2.05147e-09
2.90921e+06 0.0204187 -0.146534 -9.25445e-16 -3.18094e-19 -65834.9 -492649 -1.50831e-08 -2.85464e-09
2.90975e+06 0.0204569 -0.146798 -1.36794e-15 4.06279e-19 -65780.8 -492636 -1.45155e-08 3.64603e-09
2.91025e+06 0.020495 -0.147062 -1.6705e-15 5.28225e-19 -65737.7 -492624 -1.49303e-08 4.7404e-09
2.91071e+06 0.020533 -0.147326 -1.86202e-15 4.92711e-19 -65697 -492613 -1.66547e-08 4.42169e-09
2.91113e+06 0.0205708 -0.147588 -2.03593e-15 4.68409e-19 -65657.3 -492603 -1.82408e-08 4.2036e-09
2.91154e+06 0.0206086 -0.14785 -2.20006e-15 5.09034e-19 -65618.2 -492592 -1.97324e-08 4.56818e-09
2.91195e+06 0.0206463 -0.148111 -2.4344e-15 -2.12775e-19 -65579.9 -492582 -2.17842e-08 -1.90949e-09
2.91234e+06 0.020684 -0.148373 -2.64845e-15 -6.44018e-19 -65542.2 -492572 -2.37196e-08 -5.77956e-09
2.9127e+06 0.0207216 -0.148633 -2.8183e-15 -7.03896e-19 -65505.1 -492563 -2.51966e-08 -6.31692e-09
2.91305e+06 0.0207591 -0.148893 -2.96792e-15 -7.9511e-19 -65468.5 -492553 -2.65645e-08 -7.13549e-09
2.91336e+06 0.0207964 -0.149152 -3.11309e-15 -8.11185e-19 -65432.7 -492544 -2.78378e-08 -7.27974e-09
2.89766e+06 0.0208523 -0.149542 -2.73696e-15 -1.60924e-18 -65511 -492550 -2.44909e-08 -1.44417e-08
2.8986e+06 0.0208921 -0.149817 -7.33099e-17 -8.89914e-19 -65412.7 -492533 -7.93079e-10 -7.98628e-09
2.8992e+06 0.020929 -0.150073 4.21333e-16 -7.41461e-19 -65380.8 -492525 3.6016e-09 -6.65403e-09
2.89977e+06 0.0209657 -0.150327 8.2036e-16 -7.64826e-19 -65355 -492518 7.13771e-09 -6.86371e-09
2.89263e+06 0.0209928 -0.150563 -1.65098e-16 -2.95504e-18 -68712.2 -492999 -1.61526e-09 -2.65192e-08
2.89311e+06 0.0210308 -0.150826 -8.5325e-16 -1.00239e-18 -68617.8 -492982 -7.71252e-09 -8.99563e-09
2.89369e+06 0.0210681 -0.151083 -1.16418e-15 -1.22339e-18 -68526.2 -492967 -1.04628e-08 -1.0979e-08
2.8865e+06 0.0211151 -0.151409 -2.58894e-15 -2.21626e-18 -68441.4 -492951 -2.30211e-08 -1.98891e-08
2.88713e+06 0.0211525 -0.151667 -2.75393e-15 -7.88298e-19 -68354.6 -492937 -2.44763e-08 -7.07435e-09
2.88783e+06 0.0211892 -0.151922 -2.83678e-15 -8.06018e-19 -68269.6 -492923 -2.52548e-08 -7.23338e-09
2.83858e+06 0.0211657 -0.151704 1.50346e-15 -7.84508e-17 -78620.5 -485870 1.68926e-07 -7.04034e-07
2.84332e+06 0.0211688 -0.151742 1.34032e-15 -7.78118e-17 -78396.5 -487211 1.61548e-07 -6.983e-07
2.84803e+06 0.021172 -0.151779 1.28158e-15 -7.83195e-17 -78175.6 -488547 1.58696e-07 -7.02856e-07
2.85268e+06 0.0211751 -0.151816 1.23182e-15 -7.77133e-17 -77966 -489881 1.56579e-07 -6.97415e-07
2.85657e+06 0.021178 -0.151855 1.24606e-15 -7.35862e-17 -77848.7 -491256 1.31855e-07 -6.60378e-07
2.85967e+06 0.0211796 -0.151911 -7.90359e-16 -6.63569e-18 -77749.1 -492762 2.91329e-08 -5.95501e-08
2.8613e+06 0.0211878 -0.152035 4.28462e-16 -1.37296e-18 -77657.6 -494212 2.25846e-08 -1.23212e-08
2.86198e+06 0.0212227 -0.152285 1.28467e-15 1.64649e-18 -77572.1 -494255 1.2391e-08 1.47759e-08
2.86264e+06 0.0212589 -0.152537 1.55036e-15 6.55069e-19 -77488.1 -494245 1.3395e-08 5.87872e-09
2.86322e+06 0.0212956 -0.15279 1.67667e-15 9.455e-19 -77404.3 -494232 1.45155e-08 8.48512e-09
2.86377e+06 0.0213321 -0.153043 1.78177e-15 1.0527e-18 -77321.2 -494218 1.53887e-08 9.44711e-09
2.86425e+06 0.0213685 -0.153295 1.86951e-15 1.18463e-18 -77238.3 -494205 1.61453e-08 1.06311e-08
2.86471e+06 0.021405 -0.153547 1.95346e-15 1.2306e-18 -77156.1 -494193 1.68438e-08 1.10437e-08
2.86515e+06 0.0214414 -0.153799 2.02403e-15 1.33225e-18 -77074.5 -494180 1.7455e-08 1.19559e-08
2.85388e+06 0.0214391 -0.153769 1.43728e-15 7.13287e-19 -76914.3 -493080 -8.46194e-09 6.40119e-09
2.85693e+06 0.0214495 -0.153852 7.156e-16 1.72534e-19 -76792 -494139 -9.8953e-10 1.54835e-09
2.85753e+06 0.0214852 -0.154099 2.72785e-16 -1.38921e-18 -76715.7 -494128 -7.25413e-09 -1.2467e-08
2.85795e+06 0.0215217 -0.154351 -1.35693e-16 -9.44006e-19 -76646.2 -494117 -4.06726e-09 -8.47171e-09
2.85834e+06 0.0215579 -0.154602 -2.64099e-16 -9.69661e-19 -76588.7 -494109 -5.31873e-09 -8.70194e-09
2.8587e+06 0.0215941 -0.154852 -4.61131e-16 -9.72559e-19 -76541.5 -494102 -3.87809e-09 -8.72795e-09
2.85902e+06 0.0216301 -0.155102 -6.19846e-16 -7.70497e-19 -76498.7 -494096 -5.21686e-09 -6.9146e-09
2.85931e+06 0.021666 -0.155351 -7.2522e-16 -7.9354e-19 -76458.4 -494090 -6.09725e-09 -7.12139e-09
2.85955e+06 0.0217019 -0.1556 -8.19093e-16 -7.95236e-19 -76421.3 -494085 -6.8394e-09 -7.13661e-09
2.85978e+06 0.0217378 -0.155849 -9.06974e-16 -8.0022e-19 -76385 -494081 -7.58155e-09 -7.18134e-09
2.86001e+06 0.0217736 -0.156098 -9.88584e-16 -7.74922e-19 -76349.2 -494076 -8.28732e-09 -6.95431e-09
2.86021e+06 0.0218093 -0.156346 -1.06413e-15 -7.3457e-19 -76313.8 -494072 -8.8985e-09 -6.59219e-09
2.86041e+06 0.021845 -0.156593 -1.12513e-15 -7.77282e-19 -76280 -494068 -9.37143e-09 -6.97549e-09
2.86059e+06 0.0218806 -0.15684 -1.17957e-15 -7.56536e-19 -76248.9 -494065 -9.82982e-09 -6.78931e-09
2.86074e+06 0.0219162 -0.157087 -1.23725e-15 -7.85284e-19 -76220.3 -494062 -1.03246e-08 -7.0473e-09
2.86088e+06 0.0219517 -0.157334 -1.29029e-15 -7.85283e-19 -76192.9 -494060 -1.06957e-08 -7.04729e-09
2.86101e+06 0.0219871 -0.15758 -1.34079e-15 -7.61536e-19 -76165.6 -494057 -1.11177e-08 -6.83418e-09
2.86112e+06 0.0220225 -0.157825 -1.38511e-15 -8.02922e-19 -76138.4 -494055 -1.14887e-08 -7.20559e-09
2.86121e+06 0.0220577 -0.15807 -1.4285e-15 -8.5413e-19 -76111.3 -494053 -1.18089e-08 -7.66514e-09
2.8613e+06 0.022093 -0.158314 -1.47021e-15 -8.40423e-19 -76084.5 -494051 -1.2129e-08 -7.54213e-09
2.86137e+06 0.0221282 -0.158559 -1.50753e-15 -8.70189e-19 -76058.3 -494050 -1.24492e-08 -7.80926e-09
2.86144e+06 0.0221633 -0.158803 -1.5424e-15 -8.82931e-19 -76033.1 -494048 -1.26893e-08 -7.92361e-09
2.8615e+06 0.0221985 -0.159047 -1.57552e-15 -8.60363e-19 -76009.2 -494047 -1.29949e-08 -7.72107e-09
2.86154e+06 0.0222335 -0.15929 -1.60522e-15 -9.15525e-19 -75986.5 -494047 -1.31986e-08 -8.21611e-09
2.86158e+06 0.0222686 -0.159534 -1.63463e-15 -9.04374e-19 -75964.6 -494046 -1.34023e-08 -8.11604e-09
2.86161e+06 0.0223036 -0.159777 -1.66245e-15 -9.09145e-19 -75943.2 -494046 -1.36424e-08 -8.15885e-09
2.86162e+06 0.0223386 -0.16002 -1.68499e-15 -9.61778e-19 -75922.5 -494046 -1.37879e-08 -8.6312e-09
2.86163e+06 0.0223735 -0.160262 -1.70885e-15 -9.41303e-19 -75902.4 -494047 -1.39407e-08 -8.44745e-09
2.86162e+06 0.0224084 -0.160505 -1.72756e-15 -9.96475e-19 -75883 -494047 -1.4079e-08 -8.94258e-09
2.86161e+06 0.0224433 -0.160747 -1.74842e-15 -1.00926e-18 -75864.4 -494048 -1.4239e-08 -9.05729e-09
2.86159e+06 0.0224782 -0.160989 -1.77004e-15 -1.00872e-18 -75846.4 -494049 -1.43846e-08 -9.05246e-09
2.86157e+06 0.022513 -0.161231 -1.7831e-15 -1.09017e-18 -75829.1 -494050 -1.45155e-08 -9.78342e-09
2.86153e+06 0.0225478 -0.161473 -1.80098e-15 -1.10137e-18 -75812.4 -494052 -1.45737e-08 -9.88396e-09
2.86149e+06 0.0225825 -0.161714 -1.81588e-15 -1.11704e-18 -75796.4 -494053 -1.46974e-08 -1.00246e-08
2.86145e+06 0.0226172 -0.161955 -1.83865e-15 -1.06727e-18 -75781 -494055 -1.48648e-08 -9.57789e-09
2.8614e+06 0.0226519 -0.162196 -1.85109e-15 -1.08574e-18 -75765.9 -494057 -1.49448e-08 -9.74363e-09
2.86134e+06 0.0226866 -0.162437 -1.86183e-15 -1.13843e-18 -75751.1 -494060 -1.49812e-08 -1.02165e-08
2.86128e+06 0.0227213 -0.162678 -1.87998e-15 -1.08445e-18 -75736.7 -494062 -1.51194e-08 -9.73209e-09
2.86121e+06 0.0227559 -0.162919 -1.89273e-15 -1.09151e-18 -75722.7 -494065 -1.52286e-08 -9.7954e-09
2.86114e+06 0.0227905 -0.163159 -1.90148e-15 -1.14696e-18 -75709.2 -494068 -1.52359e-08 -1.02931e-08
2.86106e+06 0.022825 -0.163399 -1.91254e-15 -1.17478e-18 -75696.2 -494071 -1.53377e-08 -1.05427e-08
2.86098e+06 0.0228596 -0.163639 -1.92527e-15 -1.15804e-18 -75683.7 -494074 -1.5345e-08 -1.03925e-08
2.86089e+06 0.0228941 -0.163879 -1.93447e-15 -1.17579e-18 -75671.8 -494077 -1.5425e-08 -1.05518e-08
2.8608e+06 0.0229286 -0.164119 -1.94377e-15 -1.17933e-18 -75660.6 -494081 -1.54541e-08 -1.05835e-08
2.86071e+06 0.0229631 -0.164358 -1.9552e-15 -1.16156e-18 -75650.1 -494085 -1.55342e-08 -1.04241e-08
2.86062e+06 0.0229975 -0.164598 -1.96402e-15 -1.17239e-18 -75639.8 -494089 -1.55851e-08 -1.05213e-08
2.86052e+06 0.023032 -0.164837 -1.97669e-15 -1.1455e-18 -75629.7 -494094 -1.56724e-08 -1.02799e-08
2.86041e+06 0.0230663 -0.165076 -1.98022e-15 -1.1914e-18 -75620.2 -494098 -1.5636e-08 -1.06919e-08
2.84944e+06 0.0230609 -0.165037 -2.11175e-15 -7.10626e-19 -79570.8 -493007 -2.15732e-08 -6.37731e-09
2.85177e+06 0.0230625 -0.165089 -1.61896e-15 -1.80397e-20 -79521.6 -494423 -7.09406e-09 -1.61892e-10
2.8518e+06 0.0230918 -0.16531 -3.02048e-16 6.15839e-20 -79493.6 -494661 -2.56841e-09 5.52667e-10
2.85172e+06 0.0231263 -0.165549 2.20721e-16 -1.59788e-20 -79466.3 -494663 1.82627e-09 -1.43397e-10
2.85164e+06 0.0231608 -0.165789 5.55438e-16 1.99071e-19 -79439.3 -494666 4.64206e-09 1.78651e-09
2.84092e+06 0.0231587 -0.165761 2.37491e-16 3.12164e-19 -79312.2 -493651 -9.4733e-09 2.80143e-09
2.84322e+06 0.0231689 -0.165843 -1.83109e-16 3.29965e-19 -79244.4 -494639 -5.80621e-09 2.96117e-09
2.84331e+06 0.0232027 -0.166077 -4.20651e-16 2.08109e-19 -79224.8 -494643 -4.92582e-09 1.86761e-09
2.84323e+06 0.0232375 -0.166318 -4.81368e-16 1.57953e-19 -79209.1 -494647 -4.00178e-09 1.4175e-09
2.82524e+06 0.0232328 -0.16626 -9.38037e-16 -2.96854e-19 -79193.5 -492549 -2.43235e-08 -2.66403e-09
2.82853e+06 0.023236 -0.166299 -6.92797e-16 -8.9545e-20 -79155.2 -493947 -1.35406e-08 -8.03596e-10
2.82939e+06 0.0232607 -0.166479 -8.71403e-16 1.34076e-19 -79142.6 -494642 -7.34872e-09 1.20323e-09
2.82957e+06 0.0232966 -0.166728 -6.98698e-16 4.91472e-19 -79133.1 -494648 -5.9008e-09 4.41058e-09
2.8297e+06 0.0233322 -0.166976 -4.69078e-16 3.89731e-19 -79123.7 -494653 -3.97267e-09 3.49753e-09
2.82979e+06 0.0233676 -0.167222 -2.18419e-16 3.21739e-19 -79114.1 -494659 -1.8772e-09 2.88736e-09
2.81236e+06 0.0233628 -0.167186 -6.03211e-16 -4.67301e-20 -82326.1 -493603 -1.88957e-08 -4.19365e-10
2.81571e+06 0.0233646 -0.167233 -5.35772e-16 4.52012e-19 -82210.2 -494922 -9.61882e-09 4.05645e-09
2.81649e+06 0.0233948 -0.167456 -8.41594e-16 -8.55267e-20 -82140.6 -495101 -7.03585e-09 -7.67535e-10
2.81679e+06 0.0234315 -0.16771 -8.39002e-16 2.89767e-19 -82076.9 -495100 -7.03585e-09 2.60043e-09
2.81709e+06 0.0234682 -0.167964 -8.07296e-16 2.98624e-19 -82014 -495099 -6.80302e-09 2.67992e-09
2.81735e+06 0.0235045 -0.168216 -7.82986e-16 2.64217e-19 -81961.1 -495099 -6.63567e-09 2.37114e-09
2.81754e+06 0.0235405 -0.168466 -7.67057e-16 2.67708e-19 -81919.5 -495102 -6.49743e-09 2.40247e-09
2.81771e+06 0.0235763 -0.168714 -7.51844e-16 2.55814e-19 -81879.7 -495104 -6.38829e-09 2.29573e-09
2.81788e+06 0.0236121 -0.168963 -7.40332e-16 2.73476e-19 -81840.7 -495107 -6.2937e-09 2.45423e-09
2.81803e+06 0.0236478 -0.16921 -7.28142e-16 2.44463e-19 -81801.8 -495110 -6.21367e-09 2.19386e-09
2.81816e+06 0.0236833 -0.169457 -7.58451e-16 -1.2949e-19 -81762.8 -495113 -6.49015e-09 -1.16207e-09
2.81828e+06 0.0237188 -0.169703 -7.64689e-16 -1.22831e-19 -81724.3 -495116 -6.53381e-09 -1.10231e-09
2.81837e+06 0.0237541 -0.169948 -7.62609e-16 -1.87459e-19 -81686.4 -495119 -6.49015e-09 -1.68229e-09
2.81846e+06 0.0237893 -0.170192 -7.91951e-16 -3.45355e-19 -81649.2 -495123 -6.79574e-09 -3.09929e-09
2.81852e+06 0.0238244 -0.170436 -8.59235e-16 -2.48852e-19 -81614.2 -495127 -7.34872e-09 -2.23325e-09
2.81857e+06 0.0238594 -0.170679 -8.7826e-16 -2.3157e-19 -81581.1 -495131 -7.52334e-09 -2.07816e-09
2.76885e+06 0.0238436 -0.170483 -2.64165e-16 -3.23344e-20 -81712.8 -488047 1.94923e-08 -2.90176e-10
2.77328e+06 0.0238466 -0.170519 -2.00795e-16 8.08578e-19 -81536.7 -489347 2.23154e-08 7.25635e-09
2.77766e+06 0.0238496 -0.170555 -1.16628e-16 7.36336e-19 -81366.3 -490640 2.62371e-08 6.60803e-09
2.78195e+06 0.0238526 -0.170591 -6.36061e-17 8.1341e-19 -81197.8 -491931 2.83981e-08 7.29971e-09
2.78523e+06 0.0238557 -0.170629 -8.52117e-17 1.3977e-19 -81106 -493274 2.75249e-08 1.25433e-09
2.78808e+06 0.0238591 -0.170669 1.23877e-16 3.48317e-19 -81087.6 -494607 2.89074e-08 3.12587e-09
2.78943e+06 0.0238813 -0.170827 1.43843e-15 2.99916e-19 -81074.7 -495064 2.56914e-08 2.69151e-09
2.78955e+06 0.0239161 -0.171067 1.69946e-15 1.06616e-18 -81066.7 -495072 2.92785e-08 9.56792e-09
2.78963e+06 0.023951 -0.171309 2.2499e-15 4.12605e-19 -81060.1 -495080 2.31958e-08 3.70281e-09
2.7779e+06 0.0239484 -0.171276 1.54021e-15 1.17627e-19 -80995.9 -493884 -8.05449e-09 1.05561e-09
2.78066e+06 0.0239549 -0.171335 6.47996e-16 -1.35898e-18 -80948.9 -495065 4.1473e-10 -1.21958e-08
2.78081e+06 0.0239886 -0.171569 -2.78819e-16 -1.92633e-19 -80949.9 -495075 -1.4843e-09 -1.72873e-09
