21975.5 0.000101529 0.000273512 0.00042
43950.7 0.000203059 0.000547026 0.00084
65925.5 0.000304591 0.00082054 0.00126
87899.7 0.000406124 0.00109406 0.00168
109873 0.000507659 0.00136757 0.0021
131846 0.000609196 0.00164109 0.00252
153818 0.000710736 0.00191461 0.00294
175789 0.000812281 0.00218813 0.00336
197759 0.000913823 0.00246166 0.00378
219728 0.00101537 0.00273518 0.0042
241696 0.00111692 0.00300871 0.00462
263662 0.00121847 0.00328223 0.00504
285628 0.00132002 0.00355576 0.00546
307591 0.00142158 0.0038293 0.00588
329553 0.00152313 0.00410283 0.0063
351514 0.00162469 0.00437636 0.00672
373472 0.00172626 0.0046499 0.00714
395392 0.00182773 0.00492335 0.00756
416985 0.00192866 0.0051964 0.00798
438410 0.00202985 0.00546988 0.0084
459828 0.00213104 0.00574335 0.00882
481027 0.00223175 0.00601641 0.00924
502001 0.00233263 0.00628974 0.00966
522810 0.00243405 0.00656337 0.01008
543551 0.00253546 0.00683677 0.0105
564111 0.00263653 0.00710953 0.01092
584448 0.00273721 0.00738193 0.01134
604582 0.00283852 0.00765483 0.01176
624107 0.00294069 0.00792804 0.01218
643022 0.00304278 0.00820091 0.0126
661491 0.00314555 0.00847438 0.01302
679817 0.00324863 0.00874825 0.01344
697981 0.00335183 0.00902212 0.01386
715923 0.00345578 0.00929637 0.01428
733404 0.00356125 0.0095716 0.0147
750531 0.00366654 0.00984652 0.01512
767259 0.00377171 0.010121 0.01554
783791 0.0038771 0.0103956 0.01596
800114 0.00398317 0.0106707 0.01638
816354 0.00408919 0.0109454 0.0168
832345 0.00419509 0.0112192 0.01722
848088 0.00430201 0.0114934 0.01764
863370 0.00441074 0.0117687 0.01806
878422 0.00451968 0.0120441 0.01848
893311 0.00462921 0.0123198 0.0189
907929 0.0047393 0.0125957 0.01932
922406 0.00484961 0.0128715 0.01974
936781 0.00495972 0.013147 0.02016
951009 0.00506941 0.0134219 0.02058
965068 0.00517918 0.0136967 0.021
978719 0.00529077 0.0139725 0.02142
992323 0.00540258 0.0142486 0.02184
1.00587e+06 0.00551477 0.0145249 0.02226
1.01916e+06 0.00562863 0.0148024 0.02268
1.03237e+06 0.00574232 0.0150797 0.0231
1.04547e+06 0.00585627 0.015357 0.02352
1.05847e+06 0.00597059 0.0156346 0.02394
1.0713e+06 0.00608521 0.0159124 0.02436
1.08401e+06 0.00619948 0.0161899 0.02478
1.09663e+06 0.00631345 0.016467 0.0252
1.1091e+06 0.00642768 0.0167442 0.02562
1.12134e+06 0.00654333 0.0170225 0.02604
1.13357e+06 0.00665897 0.0173007 0.02646
1.14574e+06 0.00677443 0.0175789 0.02688
1.15788e+06 0.00688985 0.017857 0.0273
1.16989e+06 0.007006 0.0181356 0.02772
1.18176e+06 0.00712225 0.0184139 0.02814
1.1936e+06 0.0072386 0.0186924 0.02856
1.20529e+06 0.00735599 0.0189715 0.02898
1.21695e+06 0.00747327 0.0192506 0.0294
1.22855e+06 0.00759044 0.0195295 0.02982
1.2401e+06 0.0077076 0.0198084 0.03024
1.25159e+06 0.00782501 0.0200874 0.03066
1.26298e+06 0.00794296 0.0203667 0.03108
1.27429e+06 0.0080609 0.0206461 0.0315
1.28551e+06 0.00817898 0.0209255 0.03192
1.29663e+06 0.0082972 0.0212049 0.03234
1.3076e+06 0.00841597 0.0214848 0.03276
1.31853e+06 0.00853466 0.0217646 0.03318
1.32937e+06 0.00865312 0.022044 0.0336
1.34015e+06 0.0087717 0.0223236 0.03402
1.35092e+06 0.00889028 0.0226031 0.03444
1.36164e+06 0.00900903 0.0228828 0.03486
1.37232e+06 0.00912764 0.0231624 0.03528
1.38296e+06 0.00924611 0.0234421 0.0357
1.39359e+06 0.00936453 0.0237216 0.03612
1.40421e+06 0.00948289 0.0240011 0.03654
1.41478e+06 0.00960124 0.0242805 0.03696
1.42533e+06 0.00971974 0.02456 0.03738
1.43587e+06 0.00983825 0.0248394 0.0378
1.44639e+06 0.00995673 0.0251189 0.03822
1.45681e+06 0.0100758 0.0253987 0.03864
1.4672e+06 0.0101947 0.0256786 0.03906
1.47756e+06 0.0103138 0.0259585 0.03948
1.48788e+06 0.0104329 0.0262384 0.0399
1.49818e+06 0.010552 0.0265184 0.04032
1.50845e+06 0.010671 0.0267983 0.04074
1.51869e+06 0.01079 0.0270781 0.04116
1.52889e+06 0.0109091 0.027358 0.04158
1.53906e+06 0.0110285 0.0276381 0.042
1.54921e+06 0.0111479 0.0279181 0.04242
1.55927e+06 0.011268 0.0281988 0.04284
1.56931e+06 0.0113884 0.0284795 0.04326
1.57929e+06 0.0115087 0.0287604 0.04368
1.58923e+06 0.0116289 0.029041 0.0441
1.59914e+06 0.0117489 0.0293215 0.04452
1.60901e+06 0.0118688 0.0296019 0.04494
1.61883e+06 0.0119885 0.0298823 0.04536
1.62862e+06 0.0121082 0.0301626 0.04578
1.63837e+06 0.0122278 0.0304431 0.0462
1.64807e+06 0.0123474 0.0307236 0.04662
1.65774e+06 0.0124671 0.0310041 0.04704
1.66738e+06 0.0125867 0.0312847 0.04746
1.67701e+06 0.0127064 0.0315653 0.04788
1.68663e+06 0.012826 0.0318461 0.0483
1.69623e+06 0.0129457 0.0321268 0.04872
1.70583e+06 0.0130654 0.0324076 0.04914
1.7154e+06 0.0131851 0.0326884 0.04956
1.72497e+06 0.0133048 0.0329692 0.04998
1.73453e+06 0.0134245 0.03325 0.0504
1.74405e+06 0.0135441 0.0335307 0.05082
1.75355e+06 0.0136636 0.0338115 0.05124
1.76303e+06 0.013783 0.0340922 0.05166
1.77249e+06 0.0139023 0.0343728 0.05208
1.78193e+06 0.0140215 0.0346535 0.0525
1.79137e+06 0.0141408 0.0349342 0.05292
1.80078e+06 0.0142602 0.035215 0.05334
1.81018e+06 0.0143797 0.0354958 0.05376
1.81958e+06 0.0144991 0.0357766 0.05418
1.82896e+06 0.0146185 0.0360574 0.0546
1.83833e+06 0.0147378 0.0363382 0.05502
1.84768e+06 0.014857 0.0366188 0.05544
1.85701e+06 0.0149762 0.0368994 0.05586
1.8663e+06 0.0150954 0.0371801 0.05628
1.87552e+06 0.0152149 0.037461 0.0567
1.88472e+06 0.0153342 0.0377419 0.05712
1.8939e+06 0.0154536 0.0380229 0.05754
1.90306e+06 0.0155729 0.0383041 0.05796
1.9122e+06 0.0156923 0.0385853 0.05838
1.92132e+06 0.0158118 0.0388666 0.0588
1.93041e+06 0.0159313 0.039148 0.05922
1.9395e+06 0.0160508 0.0394294 0.05964
1.94857e+06 0.0161702 0.0397107 0.06006
1.95763e+06 0.0162897 0.039992 0.06048
1.96668e+06 0.016409 0.0402733 0.0609
1.97572e+06 0.0165284 0.0405547 0.06132
1.98473e+06 0.0166477 0.0408361 0.06174
1.99368e+06 0.0167674 0.0411178 0.06216
2.00261e+06 0.016887 0.0413995 0.06258
2.01152e+06 0.0170066 0.0416811 0.063
2.02041e+06 0.0171262 0.0419627 0.06342
2.02928e+06 0.0172459 0.0422444 0.06384
2.03813e+06 0.0173656 0.0425261 0.06426
2.04698e+06 0.0174853 0.0428079 0.06468
2.05582e+06 0.0176049 0.0430897 0.0651
2.06464e+06 0.0177246 0.0433715 0.06552
2.07346e+06 0.0178442 0.0436532 0.06594
2.08226e+06 0.0179639 0.043935 0.06636
2.09104e+06 0.0180834 0.0442168 0.06678
2.09981e+06 0.018203 0.0444986 0.0672
2.10857e+06 0.0183226 0.0447803 0.06762
2.1173e+06 0.0184421 0.045062 0.06804
2.12603e+06 0.0185616 0.0453437 0.06846
2.13475e+06 0.0186811 0.0456254 0.06888
2.14344e+06 0.0188004 0.045907 0.0693
2.15212e+06 0.0189196 0.0461885 0.06972
2.16076e+06 0.0190387 0.0464701 0.07014
2.16938e+06 0.0191578 0.0467516 0.07056
2.17798e+06 0.0192768 0.0470332 0.07098
2.18658e+06 0.0193958 0.0473148 0.0714
2.19516e+06 0.0195147 0.0475964 0.07182
2.20371e+06 0.0196337 0.0478781 0.07224
2.21225e+06 0.0197528 0.0481599 0.07266
2.22077e+06 0.0198719 0.0484418 0.07308
2.22926e+06 0.0199911 0.048724 0.0735
2.23772e+06 0.0201104 0.0490064 0.07392
2.24617e+06 0.0202297 0.049289 0.07434
2.25458e+06 0.020349 0.0495716 0.07476
2.26298e+06 0.0204682 0.0498541 0.07518
2.27135e+06 0.0205875 0.0501366 0.0756
2.2797e+06 0.0207069 0.0504191 0.07602
2.28804e+06 0.0208263 0.0507017 0.07644
2.29636e+06 0.0209458 0.0509843 0.07686
2.30465e+06 0.0210654 0.0512671 0.07728
2.31292e+06 0.0211851 0.0515499 0.0777
2.32117e+06 0.0213051 0.0518329 0.07812
2.32939e+06 0.0214252 0.052116 0.07854
2.33758e+06 0.0215456 0.0523993 0.07896
2.34576e+06 0.0216661 0.0526827 0.07938
2.3539e+06 0.021787 0.0529662 0.0798
2.36201e+06 0.0219081 0.0532499 0.08022
2.3701e+06 0.0220296 0.0535339 0.08064
2.37814e+06 0.0221514 0.053818 0.08106
2.38615e+06 0.0222737 0.0541024 0.08148
2.39411e+06 0.0223965 0.0543872 0.0819
2.40202e+06 0.0225198 0.0546722 0.08232
2.40987e+06 0.0226436 0.0549576 0.08274
2.41767e+06 0.0227681 0.0552435 0.08316
2.42541e+06 0.0228935 0.0555299 0.08358
2.43307e+06 0.0230194 0.0558167 0.084
2.44066e+06 0.0231461 0.0561039 0.08442
2.44819e+06 0.0232735 0.0563916 0.08484
2.45567e+06 0.0234017 0.0566797 0.08526
2.46309e+06 0.0235305 0.0569682 0.08568
2.47045e+06 0.02366 0.0572572 0.0861
2.47776e+06 0.02379 0.0575465 0.08652
2.48503e+06 0.0239205 0.057836 0.08694
2.49225e+06 0.0240516 0.0581259 0.08736
2.49943e+06 0.0241831 0.058416 0.08778
2.50656e+06 0.0243151 0.0587064 0.0882
2.51365e+06 0.0244475 0.0589974 0.08862
2.5207e+06 0.0245805 0.0592887 0.08904
2.5277e+06 0.024714 0.0595804 0.08946
2.53466e+06 0.0248481 0.0598726 0.08988
2.54158e+06 0.0249828 0.0601652 0.0903
2.54844e+06 0.0251184 0.0604582 0.09072
2.55526e+06 0.0252545 0.0607515 0.09114
2.56204e+06 0.0253913 0.0610453 0.09156
2.56878e+06 0.0255285 0.0613394 0.09198
2.57548e+06 0.0256663 0.0616338 0.0924
2.58214e+06 0.0258045 0.0619286 0.09282
2.58877e+06 0.0259431 0.0622238 0.09324
2.59537e+06 0.0260821 0.0625193 0.09366
2.60195e+06 0.0262214 0.0628151 0.09408
2.60849e+06 0.026361 0.063111 0.0945
2.61501e+06 0.0265007 0.0634069 0.09492
2.62153e+06 0.0266404 0.0637029 0.09534
2.62802e+06 0.0267802 0.0639989 0.09576
2.6345e+06 0.02692 0.0642949 0.09618
2.64097e+06 0.0270599 0.064591 0.0966
2.64742e+06 0.0271999 0.0648871 0.09702
2.65385e+06 0.0273399 0.0651831 0.09744
2.66027e+06 0.0274799 0.0654792 0.09786
2.66667e+06 0.02762 0.0657753 0.09828
2.67306e+06 0.0277601 0.0660714 0.0987
2.67944e+06 0.0279002 0.0663675 0.09912
2.6858e+06 0.0280404 0.0666637 0.09954
2.69215e+06 0.0281806 0.0669599 0.09996
2.69848e+06 0.0283209 0.0672561 0.10038
2.7048e+06 0.0284612 0.0675525 0.1008
2.71111e+06 0.0286016 0.0678488 0.10122
2.7174e+06 0.0287421 0.0681451 0.10164
2.72368e+06 0.0288826 0.0684415 0.10206
2.72994e+06 0.0290234 0.0687381 0.10248
2.73613e+06 0.0291651 0.0690352 0.1029
2.74229e+06 0.029307 0.0693325 0.10332
2.74843e+06 0.0294492 0.06963 0.10374
2.75447e+06 0.0295927 0.0699283 0.10416
2.76045e+06 0.0297372 0.0702271 0.10458
2.76641e+06 0.0298819 0.0705263 0.105
2.77236e+06 0.0300266 0.0708255 0.10542
2.77825e+06 0.0301721 0.0711251 0.10584
2.78412e+06 0.0303177 0.0714247 0.10626
2.78997e+06 0.0304635 0.0717246 0.10668
2.79579e+06 0.0306097 0.072025 0.1071
2.80159e+06 0.0307561 0.0723257 0.10752
2.80737e+06 0.0309028 0.0726264 0.10794
2.81311e+06 0.0310497 0.0729275 0.10836
2.81881e+06 0.031197 0.0732286 0.10878
2.82449e+06 0.0313448 0.0735301 0.1092
2.83011e+06 0.031493 0.0738319 0.10962
2.83568e+06 0.0316418 0.0741339 0.11004
2.84119e+06 0.0317914 0.0744365 0.11046
2.84663e+06 0.0319417 0.0747395 0.11088
2.852e+06 0.032093 0.0750431 0.1113
2.85729e+06 0.0322452 0.0753472 0.11172
2.8625e+06 0.0323984 0.0756521 0.11214
2.86762e+06 0.0325528 0.0759576 0.11256
2.87266e+06 0.0327081 0.0762638 0.11298
2.87762e+06 0.0328645 0.0765705 0.1134
2.88251e+06 0.0330217 0.0768778 0.11382
2.88733e+06 0.0331799 0.0771856 0.11424
2.89208e+06 0.0333388 0.077494 0.11466
2.89678e+06 0.0334985 0.0778028 0.11508
2.90142e+06 0.033659 0.078112 0.1155
2.90598e+06 0.0338204 0.0784219 0.11592
2.91048e+06 0.0339829 0.0787326 0.11634
2.91492e+06 0.0341461 0.0790438 0.11676
2.91927e+06 0.0343108 0.079356 0.11718
2.92356e+06 0.0344762 0.0796688 0.1176
2.9278e+06 0.0346423 0.0799819 0.11802
2.93198e+06 0.0348089 0.0802954 0.11844
2.93612e+06 0.0349762 0.0806093 0.11886
2.94021e+06 0.035144 0.0809235 0.11928
2.94425e+06 0.0353124 0.0812381 0.1197
2.94823e+06 0.0354815 0.0815533 0.12012
2.95217e+06 0.0356512 0.0818688 0.12054
2.95605e+06 0.0358216 0.0821849 0.12096
2.95988e+06 0.0359925 0.0825013 0.12138
2.96367e+06 0.036164 0.0828181 0.1218
2.96741e+06 0.0363359 0.0831352 0.12222
2.97111e+06 0.0365082 0.0834526 0.12264
2.97478e+06 0.0366809 0.0837701 0.12306
2.97841e+06 0.0368538 0.0840879 0.12348
2.98201e+06 0.0370268 0.0844058 0.1239
2.98559e+06 0.0372 0.0847238 0.12432
2.98914e+06 0.0373733 0.0850418 0.12474
2.99267e+06 0.0375468 0.08536 0.12516
2.99617e+06 0.0377203 0.0856783 0.12558
2.99965e+06 0.0378941 0.0859968 0.126
3.00311e+06 0.0380679 0.0863153 0.12642
3.00654e+06 0.0382418 0.0866339 0.12684
3.00995e+06 0.0384158 0.0869526 0.12726
3.01334e+06 0.03859 0.0872715 0.12768
3.0167e+06 0.0387644 0.0875907 0.1281
3.02003e+06 0.0389389 0.0879099 0.12852
3.02334e+06 0.0391135 0.0882293 0.12894
3.02662e+06 0.0392884 0.0885489 0.12936
3.02988e+06 0.0394634 0.0888688 0.12978
3.03311e+06 0.0396386 0.0891888 0.1302
3.03632e+06 0.0398139 0.089509 0.13062
3.0395e+06 0.0399893 0.0898293 0.13104
3.04265e+06 0.0401649 0.0901497 0.13146
3.04578e+06 0.0403405 0.0904702 0.13188
3.04888e+06 0.0405163 0.0907907 0.1323
3.05196e+06 0.0406923 0.0911114 0.13272
3.05501e+06 0.0408683 0.0914321 0.13314
3.05803e+06 0.0410446 0.0917529 0.13356
3.06102e+06 0.0412209 0.0920738 0.13398
3.06394e+06 0.0413981 0.0923952 0.1344
3.06689e+06 0.0415746 0.0927162 0.13482
3.06979e+06 0.0417516 0.0930375 0.13524
3.07265e+06 0.0419289 0.093359 0.13566
3.07547e+06 0.0421065 0.0936807 0.13608
3.07829e+06 0.0422839 0.0940023 0.1365
3.08109e+06 0.0424615 0.0943239 0.13692
3.08386e+06 0.0426392 0.0946456 0.13734
3.0866e+06 0.042817 0.0949674 0.13776
3.08932e+06 0.0429951 0.0952894 0.13818
3.09201e+06 0.0431734 0.0956115 0.1386
3.09467e+06 0.0433519 0.095934 0.13902
3.09731e+06 0.0435307 0.0962565 0.13944
3.09992e+06 0.0437096 0.0965791 0.13986
3.10251e+06 0.0438887 0.0969019 0.14028
3.10507e+06 0.044068 0.097225 0.1407
3.10761e+06 0.0442474 0.0975481 0.14112
3.11013e+06 0.044427 0.0978713 0.14154
3.11263e+06 0.0446066 0.0981945 0.14196
3.11511e+06 0.0447863 0.0985178 0.14238
3.11757e+06 0.0449662 0.0988412 0.1428
3.12001e+06 0.0451462 0.0991647 0.14322
3.12235e+06 0.0453274 0.0994889 0.14364
3.12467e+06 0.0455088 0.0998131 0.14406
3.12694e+06 0.0456907 0.100138 0.14448
3.12921e+06 0.0458725 0.100462 0.1449
3.13146e+06 0.0460544 0.100787 0.14532
3.1337e+06 0.0462362 0.101111 0.14574
3.13593e+06 0.046418 0.101436 0.14616
3.13814e+06 0.0465999 0.10176 0.14658
3.14034e+06 0.0467817 0.102085 0.147
3.14253e+06 0.0469636 0.10241 0.14742
3.1447e+06 0.0471456 0.102735 0.14784
3.14686e+06 0.0473277 0.103059 0.14826
3.14901e+06 0.0475098 0.103384 0.14868
3.15115e+06 0.047692 0.103709 0.1491
3.15327e+06 0.0478741 0.104035 0.14952
3.15539e+06 0.0480563 0.10436 0.14994
3.09377e+06 0.0490108 0.105172 0.15036
3.09709e+06 0.0492059 0.105512 0.15078
3.10039e+06 0.0494011 0.105853 0.1512
3.10368e+06 0.0495964 0.106195 0.15162
3.10684e+06 0.0497918 0.106536 0.15204
3.1096e+06 0.0499799 0.10687 0.15246
3.11213e+06 0.0501646 0.1072 0.15288
3.11443e+06 0.0503442 0.107524 0.1533
3.1167e+06 0.0505233 0.107847 0.15372
3.11896e+06 0.0507024 0.10817 0.15414
3.12121e+06 0.0508815 0.108494 0.15456
3.12345e+06 0.0510606 0.108817 0.15498
3.12568e+06 0.0512397 0.10914 0.1554
3.1279e+06 0.0514189 0.109464 0.15582
3.13011e+06 0.051598 0.109787 0.15624
3.13231e+06 0.0517772 0.110111 0.15666
3.1345e+06 0.0519565 0.110434 0.15708
3.13668e+06 0.0521358 0.110758 0.1575
3.13884e+06 0.0523151 0.111082 0.15792
3.141e+06 0.0524944 0.111405 0.15834
3.14314e+06 0.0526737 0.111729 0.15876
3.14524e+06 0.0528536 0.112053 0.15918
3.14733e+06 0.0530336 0.112378 0.1596
3.1494e+06 0.0532136 0.112702 0.16002
3.15145e+06 0.0533938 0.113027 0.16044
3.1535e+06 0.053574 0.113352 0.16086
3.15552e+06 0.0537543 0.113677 0.16128
3.15754e+06 0.0539347 0.114002 0.1617
3.15954e+06 0.0541151 0.114327 0.16212
3.16153e+06 0.0542954 0.114652 0.16254
3.1635e+06 0.0544759 0.114978 0.16296
3.16545e+06 0.0546564 0.115303 0.16338
3.16739e+06 0.054837 0.115629 0.1638
3.16931e+06 0.0550175 0.115954 0.16422
3.17122e+06 0.0551982 0.11628 0.16464
3.17312e+06 0.0553789 0.116605 0.16506
3.175e+06 0.0555596 0.116931 0.16548
3.17687e+06 0.0557403 0.117257 0.1659
3.17872e+06 0.0559211 0.117583 0.16632
3.18055e+06 0.056102 0.117909 0.16674
3.18237e+06 0.0562829 0.118235 0.16716
3.18417e+06 0.0564639 0.118561 0.16758
3.18595e+06 0.056645 0.118887 0.168
3.18772e+06 0.056826 0.119213 0.16842
3.18947e+06 0.057007 0.11954 0.16884
3.19121e+06 0.057188 0.119866 0.16926
3.19293e+06 0.057369 0.120192 0.16968
3.19463e+06 0.05755 0.120519 0.1701
3.19632e+06 0.057731 0.120845 0.17052
3.19798e+06 0.057912 0.121172 0.17094
3.19964e+06 0.0580931 0.121498 0.17136
3.20127e+06 0.058274 0.121825 0.17178
3.2029e+06 0.0584551 0.122152 0.1722
3.2045e+06 0.0586361 0.122478 0.17262
3.20609e+06 0.0588172 0.122805 0.17304
3.18829e+06 0.0592906 0.123323 0.17346
3.19075e+06 0.0594834 0.123665 0.17388
3.19256e+06 0.0596635 0.123992 0.1743
3.19429e+06 0.0598424 0.124318 0.17472
3.19597e+06 0.0600213 0.124644 0.17514
3.19768e+06 0.0601991 0.124969 0.17556
3.1996e+06 0.0603738 0.125292 0.17598
3.20144e+06 0.0605492 0.125615 0.1764
3.20326e+06 0.0607247 0.125939 0.17682
3.20507e+06 0.0609003 0.126262 0.17724
3.20684e+06 0.0610761 0.126586 0.17766
3.20864e+06 0.0612513 0.126909 0.17808
3.21042e+06 0.0614265 0.127233 0.1785
3.21217e+06 0.0616019 0.127557 0.17892
3.21392e+06 0.0617773 0.12788 0.17934
3.21565e+06 0.0619528 0.128204 0.17976
3.21736e+06 0.0621282 0.128528 0.18018
3.21905e+06 0.0623037 0.128852 0.1806
3.22072e+06 0.0624795 0.129176 0.18102
3.22236e+06 0.0626553 0.1295 0.18144
3.22398e+06 0.0628315 0.129824 0.18186
3.22555e+06 0.0630083 0.130149 0.18228
3.20993e+06 0.0634244 0.130624 0.1827
3.21219e+06 0.0636158 0.130965 0.18312
3.21372e+06 0.0637959 0.131293 0.18354
3.21515e+06 0.063975 0.13162 0.18396
3.20181e+06 0.0642057 0.132039 0.18438
3.18881e+06 0.0644336 0.132454 0.1848
3.19078e+06 0.0646112 0.132781 0.18522
3.1924e+06 0.0647888 0.133105 0.18564
3.19397e+06 0.0649671 0.13343 0.18606
3.1955e+06 0.0651457 0.133756 0.18648
3.197e+06 0.0653245 0.134081 0.1869
3.19847e+06 0.0655036 0.134407 0.18732
3.19989e+06 0.0656834 0.134733 0.18774
3.20128e+06 0.0658636 0.13506 0.18816
3.20262e+06 0.0660446 0.135387 0.18858
3.20391e+06 0.0662262 0.135714 0.189
3.17048e+06 0.0668563 0.136333 0.18942
3.17348e+06 0.0670466 0.136674 0.18984
3.16357e+06 0.0672704 0.137082 0.19026
3.15399e+06 0.067485 0.137483 0.19068
3.15656e+06 0.0676612 0.137811 0.1911
3.15864e+06 0.067838 0.138139 0.19152
3.13128e+06 0.0681203 0.138638 0.19194
3.13403e+06 0.0683049 0.138973 0.19236
3.13683e+06 0.068475 0.139295 0.19278
3.13936e+06 0.0686423 0.139613 0.1932
3.14155e+06 0.0688134 0.139932 0.19362
3.14358e+06 0.0689867 0.140254 0.19404
3.14555e+06 0.0691604 0.140575 0.19446
3.14752e+06 0.069334 0.140897 0.19488
3.14943e+06 0.0695078 0.141219 0.1953
3.15133e+06 0.0696818 0.14154 0.19572
3.1532e+06 0.0698557 0.141862 0.19614
3.15504e+06 0.0700298 0.142184 0.19656
3.15687e+06 0.0702039 0.142506 0.19698
3.1346e+06 0.0704679 0.142979 0.1974
3.13684e+06 0.0706511 0.143313 0.19782
3.13875e+06 0.0708261 0.143636 0.19824
3.14061e+06 0.0709998 0.143958 0.19866
3.14247e+06 0.0711734 0.144279 0.19908
3.14428e+06 0.0713474 0.144601 0.1995
3.14607e+06 0.0715215 0.144923 0.19992
3.14782e+06 0.0716958 0.145245 0.20034
3.14956e+06 0.0718699 0.145567 0.20076
3.15128e+06 0.0720438 0.145889 0.20118
3.15296e+06 0.0722179 0.146211 0.2016
3.1546e+06 0.0723918 0.146532 0.20202
3.15618e+06 0.0725659 0.146854 0.20244
3.15771e+06 0.0727399 0.147176 0.20286
3.15916e+06 0.0729138 0.147498 0.20328
3.16058e+06 0.0730878 0.14782 0.2037
3.16197e+06 0.0732619 0.148142 0.20412
3.15239e+06 0.0736067 0.148579 0.20454
3.14447e+06 0.0739397 0.149013 0.20496
3.14652e+06 0.0741148 0.149341 0.20538
3.14826e+06 0.0742834 0.14966 0.2058
3.14993e+06 0.0744516 0.149978 0.20622
3.1516e+06 0.07462 0.150297 0.20664
3.15325e+06 0.0747886 0.150616 0.20706
3.14395e+06 0.07501 0.151018 0.20748
3.14568e+06 0.0751799 0.151337 0.2079
3.13663e+06 0.0753971 0.151734 0.20832
3.13824e+06 0.0755676 0.152053 0.20874
3.13977e+06 0.0757377 0.152371 0.20916
3.14128e+06 0.0759079 0.152689 0.20958
3.14276e+06 0.076078 0.153007 0.21
3.14419e+06 0.0762479 0.153325 0.21042
3.14555e+06 0.0764174 0.153643 0.21084
3.14683e+06 0.0765867 0.15396 0.21126
3.11878e+06 0.0768825 0.154475 0.21168
3.12184e+06 0.0770564 0.154803 0.2121
3.12337e+06 0.0772325 0.155128 0.21252
3.12466e+06 0.0774025 0.155445 0.21294
3.12591e+06 0.0775721 0.155762 0.21336
3.12714e+06 0.077742 0.15608 0.21378
3.12837e+06 0.0779119 0.156397 0.2142
3.12957e+06 0.0780819 0.156714 0.21462
3.13076e+06 0.0782521 0.157032 0.21504
3.13191e+06 0.0784229 0.157349 0.21546
3.13304e+06 0.0785939 0.157668 0.21588
3.13414e+06 0.0787649 0.157986 0.2163
3.11104e+06 0.0790455 0.158476 0.21672
3.11312e+06 0.0792241 0.158807 0.21714
3.11428e+06 0.079398 0.15913 0.21756
3.11532e+06 0.079568 0.159448 0.21798
3.11634e+06 0.0797383 0.159766 0.2184
3.10397e+06 0.0799771 0.16019 0.21882
3.10529e+06 0.0801495 0.160511 0.21924
3.09329e+06 0.0803838 0.160931 0.21966
3.0948e+06 0.0805546 0.161249 0.22008
3.09616e+06 0.0807227 0.161564 0.2205
3.09751e+06 0.0808909 0.161879 0.22092
3.09886e+06 0.0810591 0.162194 0.22134
3.10019e+06 0.0812274 0.162509 0.22176
3.10151e+06 0.0813956 0.162824 0.22218
3.10282e+06 0.0815637 0.163139 0.2226
3.10412e+06 0.0817318 0.163454 0.22302
3.1054e+06 0.0819001 0.16377 0.22344
3.10665e+06 0.0820683 0.164085 0.22386
3.10785e+06 0.0822367 0.1644 0.22428
3.09786e+06 0.0824655 0.164808 0.2247
3.09909e+06 0.0826353 0.165126 0.22512
3.08917e+06 0.0828611 0.165532 0.22554
3.0904e+06 0.0830305 0.165849 0.22596
3.09152e+06 0.0831989 0.166165 0.22638
3.09261e+06 0.0833672 0.16648 0.2268
3.09365e+06 0.0835357 0.166796 0.22722
3.09467e+06 0.0837042 0.167113 0.22764
3.09568e+06 0.0838727 0.167429 0.22806
3.09666e+06 0.0840412 0.167745 0.22848
3.09763e+06 0.0842097 0.168061 0.2289
3.09858e+06 0.0843783 0.168378 0.22932
3.09952e+06 0.0845468 0.168694 0.22974
3.10045e+06 0.0847153 0.169011 0.23016
3.10138e+06 0.0848838 0.169327 0.23058
3.10229e+06 0.0850522 0.169643 0.231
3.08363e+06 0.085322 0.170114 0.23142
3.0853e+06 0.0855028 0.170444 0.23184
3.08649e+06 0.085671 0.17076 0.23226
3.08762e+06 0.0858381 0.171074 0.23268
3.08872e+06 0.086005 0.171388 0.2331
3.08979e+06 0.0861719 0.171703 0.23352
3.09082e+06 0.0863389 0.172017 0.23394
3.09181e+06 0.0865061 0.172331 0.23436
3.09271e+06 0.0866736 0.172647 0.23478
3.09358e+06 0.0868411 0.172962 0.2352
3.09442e+06 0.0870087 0.173278 0.23562
3.09523e+06 0.0871762 0.173593 0.23604
3.06377e+06 0.0870493 0.173629 0.23646
3.06915e+06 0.0871518 0.173894 0.23688
3.07355e+06 0.0872615 0.174166 0.2373
3.07507e+06 0.0874185 0.174472 0.23772
3.04469e+06 0.0872941 0.174483 0.23814
3.05071e+06 0.0873986 0.174749 0.23856
3.05512e+06 0.0875158 0.175028 0.23898
3.05666e+06 0.0876782 0.175337 0.2394
3.05773e+06 0.0878472 0.175651 0.23982
3.05875e+06 0.0880162 0.175965 0.24024
3.05972e+06 0.0881851 0.176279 0.24066
3.06065e+06 0.0883539 0.176593 0.24108
3.06156e+06 0.0885227 0.176908 0.2415
3.03726e+06 0.0884386 0.176986 0.24192
3.04229e+06 0.0885453 0.177256 0.24234
3.04498e+06 0.0886854 0.17755 0.24276
3.02066e+06 0.0885986 0.177604 0.24318
3.02601e+06 0.0887042 0.177872 0.2436
3.02876e+06 0.0888432 0.178165 0.24402
3.02966e+06 0.0890123 0.17848 0.24444
3.03051e+06 0.0891815 0.178794 0.24486
3.03137e+06 0.0893509 0.17911 0.24528
3.0322e+06 0.08952 0.179424 0.2457
3.03301e+06 0.089689 0.17974 0.24612
3.03381e+06 0.0898583 0.180055 0.24654
3.0157e+06 0.0901031 0.180491 0.24696
3.01724e+06 0.0902742 0.180811 0.24738
3.0094e+06 0.0904783 0.181184 0.2478
3.01055e+06 0.0906465 0.181497 0.24822
3.00276e+06 0.0908492 0.181869 0.24864
3.00414e+06 0.0910153 0.18218 0.24906
3.00548e+06 0.0911813 0.182491 0.24948
3.00674e+06 0.0913475 0.182803 0.2499
3.00799e+06 0.0915136 0.183114 0.25032
3.00922e+06 0.0916796 0.183425 0.25074
3.01042e+06 0.0918458 0.183737 0.25116
3.01157e+06 0.0920119 0.184049 0.25158
3.0127e+06 0.0921781 0.18436 0.252
3.01378e+06 0.0923443 0.184672 0.25242
3.01483e+06 0.0925105 0.184984 0.25284
3.01586e+06 0.0926767 0.185296 0.25326
3.01686e+06 0.0928429 0.185608 0.25368
3.01782e+06 0.0930091 0.18592 0.2541
3.01876e+06 0.0931752 0.186232 0.25452
3.01969e+06 0.0933411 0.186544 0.25494
3.02057e+06 0.0935073 0.186856 0.25536
3.02141e+06 0.0936737 0.187169 0.25578
3.02222e+06 0.0938399 0.187482 0.2562
3.02299e+06 0.094006 0.187795 0.25662
3.02371e+06 0.0941721 0.188108 0.25704
3.02441e+06 0.094338 0.188421 0.25746
3.02507e+06 0.0945037 0.188734 0.25788
3.0257e+06 0.0946691 0.189046 0.2583
3.02631e+06 0.0948341 0.189358 0.25872
3.02688e+06 0.0949988 0.18967 0.25914
3.02743e+06 0.0951629 0.189981 0.25956
3.02794e+06 0.0953266 0.190292 0.25998
2.99742e+06 0.0952014 0.190308 0.2604
3.00274e+06 0.0953021 0.190569 0.26082
3.00645e+06 0.095415 0.190843 0.26124
2.9757e+06 0.0952868 0.190851 0.26166
2.98141e+06 0.0953915 0.191117 0.26208
2.98571e+06 0.0955046 0.191392 0.2625
2.98778e+06 0.0956517 0.191691 0.26292
2.98859e+06 0.0958196 0.192004 0.26334
2.9894e+06 0.0959873 0.192317 0.26376
2.9902e+06 0.0961553 0.192631 0.26418
2.99098e+06 0.0963234 0.192945 0.2646
2.96778e+06 0.096243 0.193008 0.26502
2.97278e+06 0.0963489 0.193276 0.26544
2.96324e+06 0.0963579 0.193436 0.26586
2.96648e+06 0.0964851 0.19372 0.26628
2.95699e+06 0.0964953 0.193884 0.2667
2.95883e+06 0.0966465 0.194185 0.26712
2.95962e+06 0.0968142 0.194498 0.26754
2.96041e+06 0.0969822 0.194812 0.26796
2.96118e+06 0.0971502 0.195125 0.26838
2.96195e+06 0.0973184 0.195439 0.2688
2.96271e+06 0.0974865 0.195753 0.26922
2.96346e+06 0.0976546 0.196067 0.26964
2.96421e+06 0.0978226 0.196381 0.27006
2.96496e+06 0.0979905 0.196695 0.27048
2.9657e+06 0.0981584 0.197009 0.2709
2.96643e+06 0.0983264 0.197323 0.27132
2.96715e+06 0.0984941 0.197637 0.27174
2.96786e+06 0.0986615 0.197951 0.27216
2.96855e+06 0.0988287 0.198264 0.27258
2.96924e+06 0.0989958 0.198577 0.273
2.96992e+06 0.0991627 0.198891 0.27342
2.9706e+06 0.0993296 0.199204 0.27384
2.97127e+06 0.0994964 0.199517 0.27426
2.97193e+06 0.0996629 0.199829 0.27468
2.97257e+06 0.0998291 0.200142 0.2751
2.97319e+06 0.0999949 0.200454 0.27552
2.97379e+06 0.10016 0.200765 0.27594
2.97436e+06 0.100325 0.201077 0.27636
2.97491e+06 0.100489 0.201387 0.27678
2.97544e+06 0.100653 0.201697 0.2772
2.97594e+06 0.100817 0.202007 0.27762
2.97643e+06 0.10098 0.202316 0.27804
2.97689e+06 0.101142 0.202625 0.27846
2.97733e+06 0.101304 0.202933 0.27888
2.96973e+06 0.1015 0.203298 0.2793
2.97019e+06 0.101662 0.203605 0.27972
2.97075e+06 0.101821 0.20391 0.28014
2.97126e+06 0.10198 0.204215 0.28056
2.96379e+06 0.102173 0.204576 0.28098
2.9644e+06 0.102331 0.204879 0.2814
2.96499e+06 0.102489 0.205182 0.28182
2.96553e+06 0.102645 0.205484 0.28224
2.96607e+06 0.102802 0.205786 0.28266
2.96656e+06 0.102958 0.206088 0.28308
2.96702e+06 0.103115 0.20639 0.2835
2.96744e+06 0.103271 0.206692 0.28392
2.96785e+06 0.103427 0.206993 0.28434
2.9229e+06 0.103214 0.206925 0.28476
2.92857e+06 0.103311 0.207179 0.28518
2.93316e+06 0.103412 0.207441 0.2856
2.93736e+06 0.103515 0.207704 0.28602
2.93931e+06 0.103657 0.207996 0.28644
2.94001e+06 0.103818 0.208302 0.28686
2.94067e+06 0.103978 0.208607 0.28728
2.94124e+06 0.104138 0.208912 0.2877
2.93392e+06 0.104336 0.209279 0.28812
2.92673e+06 0.104536 0.209646 0.28854
2.92745e+06 0.104695 0.209949 0.28896
2.92826e+06 0.104852 0.21025 0.28938
2.92906e+06 0.105009 0.210551 0.2898
2.92981e+06 0.105166 0.210853 0.29022
2.93053e+06 0.105323 0.211155 0.29064
2.93118e+06 0.10548 0.211456 0.29106
2.93181e+06 0.105638 0.211758 0.29148
2.93242e+06 0.105794 0.21206 0.2919
2.93299e+06 0.105951 0.212361 0.29232
2.93352e+06 0.106107 0.212662 0.29274
2.93402e+06 0.106262 0.212962 0.29316
2.93448e+06 0.106418 0.213262 0.29358
2.93491e+06 0.106572 0.213561 0.294
2.93531e+06 0.106727 0.213861 0.29442
2.93568e+06 0.106881 0.21416 0.29484
2.93603e+06 0.107035 0.214459 0.29526
2.93635e+06 0.107189 0.214758 0.29568
2.93665e+06 0.107343 0.215057 0.2961
2.93692e+06 0.107497 0.215355 0.29652
2.93716e+06 0.10765 0.215654 0.29694
2.9374e+06 0.107804 0.215953 0.29736
2.93762e+06 0.107957 0.216251 0.29778
2.91759e+06 0.107896 0.216336 0.2982
2.90985e+06 0.107912 0.2165 0.29862
2.91364e+06 0.108013 0.21676 0.29904
2.91545e+06 0.108148 0.217045 0.29946
2.91601e+06 0.108306 0.217347 0.29988
2.90811e+06 0.108327 0.217519 0.3003
2.90921e+06 0.108478 0.217816 0.30072
2.90975e+06 0.108636 0.218118 0.30114
2.91025e+06 0.108795 0.218421 0.30156
2.91071e+06 0.108953 0.218723 0.30198
2.91113e+06 0.109111 0.219025 0.3024
2.91154e+06 0.109269 0.219327 0.30282
2.91195e+06 0.109426 0.219629 0.30324
2.91234e+06 0.109584 0.21993 0.30366
2.9127e+06 0.109741 0.220231 0.30408
2.91305e+06 0.109897 0.220533 0.3045
2.91336e+06 0.110054 0.220833 0.30492
2.89766e+06 0.110288 0.221257 0.30534
2.8986e+06 0.110452 0.221569 0.30576
2.8992e+06 0.110607 0.221867 0.30618
2.89977e+06 0.11076 0.222165 0.3066
2.89263e+06 0.110954 0.222527 0.30702
2.89311e+06 0.111109 0.222825 0.30744
2.89369e+06 0.111262 0.223121 0.30786
2.8865e+06 0.111455 0.223483 0.30828
2.88713e+06 0.111608 0.223778 0.3087
2.88783e+06 0.111759 0.224072 0.30912
2.83858e+06 0.111397 0.223546 0.30954
2.84332e+06 0.111488 0.223794 0.30996
2.84803e+06 0.111579 0.224041 0.31038
2.85268e+06 0.111671 0.224288 0.3108
2.85657e+06 0.111766 0.224541 0.31122
2.85967e+06 0.111872 0.224802 0.31164
2.8613e+06 0.112005 0.225083 0.31206
2.86198e+06 0.112156 0.225377 0.31248
2.86264e+06 0.112307 0.225671 0.3129
2.86322e+06 0.112458 0.225966 0.31332
2.86377e+06 0.11261 0.22626 0.31374
2.86425e+06 0.112761 0.226554 0.31416
2.86471e+06 0.112912 0.226849 0.31458
2.86515e+06 0.113063 0.227143 0.315
2.85388e+06 0.11302 0.227162 0.31542
2.85693e+06 0.113126 0.227422 0.31584
2.85753e+06 0.113275 0.227715 0.31626
2.85795e+06 0.113426 0.22801 0.31668
2.85834e+06 0.113577 0.228305 0.3171
2.8587e+06 0.113728 0.228599 0.31752
2.85902e+06 0.113879 0.228893 0.31794
2.85931e+06 0.11403 0.229187 0.31836
2.85955e+06 0.11418 0.229481 0.31878
2.85978e+06 0.114331 0.229775 0.3192
2.86001e+06 0.114481 0.230068 0.31962
2.86021e+06 0.114631 0.230362 0.32004
2.86041e+06 0.114781 0.230655 0.32046
2.86059e+06 0.114931 0.230948 0.32088
2.86074e+06 0.115081 0.231241 0.3213
2.86088e+06 0.115231 0.231534 0.32172
2.86101e+06 0.11538 0.231827 0.32214
2.86112e+06 0.115529 0.232119 0.32256
2.86121e+06 0.115678 0.232411 0.32298
2.8613e+06 0.115827 0.232703 0.3234
2.86137e+06 0.115975 0.232995 0.32382
2.86144e+06 0.116124 0.233286 0.32424
2.8615e+06 0.116272 0.233578 0.32466
2.86154e+06 0.116421 0.233869 0.32508
2.86158e+06 0.116569 0.23416 0.3255
2.86161e+06 0.116717 0.234451 0.32592
2.86162e+06 0.116865 0.234742 0.32634
2.86163e+06 0.117013 0.235033 0.32676
2.86162e+06 0.117161 0.235324 0.32718
2.86161e+06 0.117309 0.235615 0.3276
2.86159e+06 0.117456 0.235906 0.32802
2.86157e+06 0.117604 0.236197 0.32844
2.86153e+06 0.117752 0.236487 0.32886
2.86149e+06 0.117899 0.236778 0.32928
2.86145e+06 0.118047 0.237069 0.3297
2.8614e+06 0.118194 0.237359 0.33012
2.86134e+06 0.118341 0.237649 0.33054
2.86128e+06 0.118488 0.23794 0.33096
2.86121e+06 0.118635 0.23823 0.33138
2.86114e+06 0.118782 0.23852 0.3318
2.86106e+06 0.118929 0.23881 0.33222
2.86098e+06 0.119076 0.239099 0.33264
2.86089e+06 0.119223 0.239389 0.33306
2.8608e+06 0.11937 0.239679 0.33348
2.86071e+06 0.119516 0.239969 0.3339
2.86062e+06 0.119663 0.240258 0.33432
2.86052e+06 0.11981 0.240548 0.33474
2.86041e+06 0.119956 0.240837 0.33516
2.84944e+06 0.119916 0.240861 0.33558
2.85177e+06 0.120017 0.241115 0.336
2.8518e+06 0.120161 0.241402 0.33642
2.85172e+06 0.120308 0.241691 0.33684
2.85164e+06 0.120454 0.241981 0.33726
2.84092e+06 0.120416 0.242008 0.33768
2.84322e+06 0.12052 0.242264 0.3381
2.84331e+06 0.120664 0.242552 0.33852
2.84323e+06 0.120811 0.242842 0.33894
2.82524e+06 0.120757 0.242919 0.33936
2.82853e+06 0.120853 0.24317 0.33978
2.82939e+06 0.120992 0.243455 0.3402
2.82957e+06 0.121143 0.243749 0.34062
2.8297e+06 0.121294 0.244042 0.34104
2.82979e+06 0.121443 0.244334 0.34146
2.81236e+06 0.121392 0.244421 0.34188
2.81571e+06 0.12149 0.244674 0.3423
2.81649e+06 0.121634 0.244963 0.34272
2.81679e+06 0.121787 0.245259 0.34314
2.81709e+06 0.121941 0.245554 0.34356
2.81735e+06 0.122093 0.245849 0.34398
2.81754e+06 0.122244 0.246142 0.3444
2.81771e+06 0.122395 0.246435 0.34482
2.81788e+06 0.122545 0.246728 0.34524
2.81803e+06 0.122696 0.24702 0.34566
2.81816e+06 0.122845 0.247312 0.34608
2.81828e+06 0.122995 0.247603 0.3465
2.81837e+06 0.123144 0.247894 0.34692
2.81846e+06 0.123292 0.248184 0.34734
2.81852e+06 0.123441 0.248474 0.34776
2.81857e+06 0.123589 0.248764 0.34818
2.76885e+06 0.123211 0.248206 0.3486
2.77328e+06 0.1233 0.248448 0.34902
2.77766e+06 0.123389 0.248689 0.34944
2.78195e+06 0.123477 0.248931 0.34986
2.78523e+06 0.12357 0.249179 0.35028
2.78808e+06 0.123665 0.249431 0.3507
2.78943e+06 0.123789 0.249703 0.35112
2.78955e+06 0.123936 0.249994 0.35154
2.78963e+06 0.124084 0.250284 0.35196
2.7779e+06 0.124034 0.250289 0.35238
2.78066e+06 0.124132 0.25054 0.3528
2.78081e+06 0.124276 0.250828 0.35322
