41506.4 -7.42074e-05 -4.64819e-05 2.79235e-17 1.46991e-20 -457724 -3325.75 1.9312e-09 1.41021e-10
83011.7 -7.37117e-05 -9.29674e-05 4.95136e-17 2.83631e-20 -454648 -6651.44 3.41208e-09 2.72111e-10
124516 -7.32164e-05 -0.000139457 2.71277e-17 2.43284e-20 -451572 -9977.04 1.87538e-09 2.33403e-10
166018 -7.27215e-05 -0.000185951 2.20315e-17 3.03474e-20 -448497 -13302.6 1.51709e-09 2.91148e-10
207519 -7.22272e-05 -0.000232449 1.88692e-17 3.47475e-20 -445421 -16628 1.29788e-09 3.33362e-10
249018 -7.17334e-05 -0.000278953 2.54258e-17 4.07569e-20 -442346 -19953.3 1.75777e-09 3.91015e-10
290515 -7.12402e-05 -0.000325461 1.91721e-17 4.605e-20 -439270 -23278.5 1.32356e-09 4.41796e-10
332010 -7.07476e-05 -0.000371978 1.84026e-17 5.10803e-20 -436195 -26603.6 1.26876e-09 4.90056e-10
373502 -7.02545e-05 -0.000418515 2.73247e-17 5.73355e-20 -433120 -29928.3 1.87958e-09 5.50067e-10
414992 -6.97622e-05 -0.000465056 2.1574e-17 5.74142e-20 -430045 -33253.1 1.40465e-09 5.50822e-10
456476 -6.92716e-05 -0.000511583 2.56704e-17 6.79204e-20 -426971 -36576.9 1.75826e-09 6.51617e-10
497960 -6.87806e-05 -0.000558141 1.96143e-17 7.27644e-20 -423896 -39901.4 1.35203e-09 6.9809e-10
539440 -6.82905e-05 -0.000604704 1.72313e-17 7.68826e-20 -420822 -43225.6 1.18187e-09 7.37599e-10
580917 -6.78027e-05 -0.000651257 3.17519e-17 8.44436e-20 -417748 -46549.3 2.1838e-09 8.10138e-10
622391 -6.73143e-05 -0.000697837 2.0826e-17 8.59537e-20 -414674 -49873.2 1.43186e-09 8.24626e-10
663860 -6.68283e-05 -0.000744407 1.78164e-17 8.92364e-20 -411600 -53196.3 1.23089e-09 8.56119e-10
705326 -6.63434e-05 -0.000790989 2.02785e-17 9.60143e-20 -408527 -56519.4 1.3911e-09 9.21146e-10
746721 -6.58602e-05 -0.000837499 1.63555e-17 9.81125e-20 -405465 -59835.8 1.1245e-09 9.41275e-10
788041 -6.53814e-05 -0.000883903 1.72018e-17 1.01769e-19 -402416 -63144.2 1.18024e-09 9.76353e-10
829135 -6.4906e-05 -0.000930582 1.33521e-17 1.11033e-19 -399390 -66470.5 9.16373e-10 1.06523e-09
869930 -6.44346e-05 -0.000977361 1.61973e-17 1.10667e-19 -396400 -69798.3 1.03893e-09 1.06172e-09
910332 -6.34385e-05 -0.00103076 1.51725e-17 1.1221e-19 -393448 -72993.9 9.82141e-10 1.07652e-09
950442 -6.24446e-05 -0.00108425 1.6124e-17 1.18286e-19 -390507 -76193.9 1.03779e-09 1.13482e-09
989998 -6.1456e-05 -0.00113796 1.37899e-17 1.39919e-19 -387598 -79406.4 8.96648e-10 1.34236e-09
1.02927e+06 -6.02238e-05 -0.00119434 1.97336e-17 1.3409e-19 -384712 -82569.1 1.18808e-09 1.28644e-09
1.06821e+06 -5.8629e-05 -0.00125446 2.32149e-17 1.35035e-19 -381859 -85645.4 1.39312e-09 1.2955e-09
1.10681e+06 -5.70449e-05 -0.00131441 2.26862e-17 1.3605e-19 -379027 -88711.5 1.37265e-09 1.30524e-09
1.14478e+06 -5.54712e-05 -0.0013743 1.61837e-17 1.52404e-19 -376244 -91773.4 9.73046e-10 1.46214e-09
1.18187e+06 -5.39574e-05 -0.00143163 1.76474e-17 1.33216e-19 -373519 -94702.2 1.06979e-09 1.27806e-09
1.21853e+06 -5.19569e-05 -0.00149311 1.58672e-17 1.35137e-19 -370835 -97531.5 8.896e-10 1.29648e-09
1.25473e+06 -4.98585e-05 -0.00155523 1.64274e-17 1.33163e-19 -368204 -100321 9.20977e-10 1.27755e-09
1.29053e+06 -4.74108e-05 -0.00162077 1.01948e-17 1.12332e-19 -365600 -103052 5.67866e-10 1.0777e-09
1.3257e+06 -4.48538e-05 -0.00168693 9.74575e-18 1.52659e-19 -363064 -105727 5.47288e-10 1.46458e-09
1.35975e+06 -4.2378e-05 -0.0017511 -1.7156e-17 1.48397e-19 -360611 -108319 -9.3371e-10 1.42369e-09
1.39299e+06 -3.99456e-05 -0.00181413 9.73203e-18 1.68589e-19 -358187 -110863 5.44219e-10 1.61741e-09
1.42544e+06 -3.71328e-05 -0.00188017 -2.14953e-17 1.67012e-19 -355810 -113359 -1.0773e-09 1.60228e-09
1.45734e+06 -3.35275e-05 -0.00195264 1.48936e-17 1.52387e-19 -353489 -115751 7.48059e-10 1.46197e-09
1.48861e+06 -2.98526e-05 -0.00202517 -2.33283e-17 1.66014e-19 -351205 -118093 -1.14346e-09 1.59271e-09
1.51932e+06 -2.62321e-05 -0.00209669 1.92218e-17 1.36462e-19 -348954 -120402 9.52696e-10 1.30919e-09
1.54982e+06 -2.26305e-05 -0.00216799 -8.54643e-18 1.2609e-19 -346719 -122702 -4.09273e-10 1.20969e-09
1.57994e+06 -1.90111e-05 -0.00223984 1.023e-17 1.40417e-19 -344497 -125020 5.22732e-10 1.34713e-09
1.60953e+06 -1.5589e-05 -0.00230737 -1.88627e-17 1.54855e-19 -342300 -127191 -9.27685e-10 1.48565e-09
1.63829e+06 -1.18218e-05 -0.00237812 -3.55976e-17 1.98346e-19 -340174 -129357 -1.7028e-09 1.9029e-09
1.66655e+06 -7.84965e-06 -0.00245056 -1.02621e-17 1.67869e-19 -338067 -131507 -4.57703e-10 1.6105e-09
1.69443e+06 -3.04745e-06 -0.00252765 -2.88782e-17 1.79936e-19 -335976 -133540 -1.25851e-09 1.72628e-09
1.7219e+06 1.61921e-06 -0.00260255 -2.50724e-17 1.77356e-19 -333923 -135512 -1.10094e-09 1.70152e-09
1.74912e+06 6.26855e-06 -0.00267729 -2.87565e-17 1.9206e-19 -331886 -137479 -1.25601e-09 1.84259e-09
1.77602e+06 1.08732e-05 -0.00275142 -2.87907e-17 1.87195e-19 -329877 -139428 -1.25374e-09 1.79592e-09
1.80256e+06 1.54716e-05 -0.00282555 -2.79059e-17 1.92272e-19 -327877 -141376 -1.22554e-09 1.84462e-09
1.82881e+06 2.00533e-05 -0.00289958 -2.33562e-17 1.8154e-19 -325906 -143321 -1.01682e-09 1.74166e-09
1.85472e+06 2.46458e-05 -0.00297368 -3.4173e-17 1.98477e-19 -323979 -145260 -1.44996e-09 1.90416e-09
1.88031e+06 2.96467e-05 -0.0030491 -2.80053e-17 1.74209e-19 -322077 -147100 -1.18462e-09 1.67133e-09
1.90564e+06 3.44902e-05 -0.00312202 -2.78085e-17 1.46703e-19 -320193 -148874 -1.1828e-09 1.40744e-09
1.93056e+06 3.91033e-05 -0.00319119 -2.00931e-17 1.8712e-19 -318320 -150551 -8.44011e-10 1.7952e-09
1.955e+06 4.37586e-05 -0.00326121 -2.66566e-17 2.28057e-19 -316461 -152248 -1.12595e-09 2.18794e-09
1.97906e+06 4.84564e-05 -0.00333205 -2.2192e-17 1.9617e-19 -314623 -153966 -9.37689e-10 1.88203e-09
2.00291e+06 5.31358e-05 -0.00340275 -1.5993e-17 2.07169e-19 -312799 -155680 -6.66205e-10 1.98754e-09
2.02661e+06 5.79457e-05 -0.0034741 -1.28108e-17 1.98914e-19 -310984 -157381 -4.82032e-10 1.90835e-09
2.05015e+06 6.34161e-05 -0.00354927 -1.30214e-17 2.20032e-19 -309190 -159051 -4.87489e-10 2.11095e-09
2.07351e+06 6.8869e-05 -0.00362433 -1.05286e-17 2.1003e-19 -307417 -160719 -3.89264e-10 2.015e-09
2.09665e+06 7.42938e-05 -0.00369914 -1.13117e-17 2.16661e-19 -305668 -162380 -4.24279e-10 2.07861e-09
2.11957e+06 7.9668e-05 -0.00377335 -5.12966e-18 2.16752e-19 -303944 -164027 -1.94177e-10 2.07948e-09
2.14226e+06 8.50231e-05 -0.00384739 -3.10956e-18 1.84542e-19 -302230 -165669 -1.01409e-10 1.77046e-09
2.16468e+06 9.02882e-05 -0.00392015 -5.39294e-18 1.97388e-19 -300520 -167279 -2.00544e-10 1.89371e-09
2.18687e+06 9.56448e-05 -0.0039925 -1.04262e-18 1.84167e-19 -298829 -168843 -3.41061e-11 1.76687e-09
2.20885e+06 0.000101345 -0.00406682 -1.51536e-18 2.05765e-19 -297148 -170392 -4.72937e-11 1.97407e-09
2.23049e+06 0.000106761 -0.00413721 -1.3261e-17 2.23489e-19 -295482 -171852 -4.90218e-10 2.14412e-09
2.25197e+06 0.000112172 -0.00420763 -1.16667e-17 2.1016e-19 -293828 -173312 -4.24734e-10 2.01624e-09
2.27329e+06 0.000117587 -0.00427821 -1.36301e-17 2.01954e-19 -292180 -174775 -4.81123e-10 1.93751e-09
2.29451e+06 0.000122974 -0.00434846 -1.26933e-17 1.93542e-19 -290538 -176230 -4.61569e-10 1.85681e-09
2.31547e+06 0.000128328 -0.00441837 -1.58515e-17 2.25566e-19 -288910 -177676 -5.85715e-10 2.16404e-09
2.33624e+06 0.000133657 -0.00448807 -1.34333e-17 2.30299e-19 -287301 -179117 -4.79758e-10 2.20945e-09
2.35685e+06 0.000138976 -0.00455772 -1.03602e-17 2.13064e-19 -285701 -180557 -3.82897e-10 2.0441e-09
2.3773e+06 0.000144294 -0.00462745 -6.41729e-18 2.03769e-19 -284107 -181997 -2.40561e-10 1.95492e-09
2.39761e+06 0.000149586 -0.00469689 -8.62203e-18 1.97465e-19 -282516 -183430 -3.09683e-10 1.89444e-09
2.41783e+06 0.000154867 -0.00476626 -5.6142e-18 2.17744e-19 -280932 -184860 -1.90994e-10 2.089e-09
2.43794e+06 0.000160143 -0.00483566 -5.9688e-18 2.29631e-19 -279354 -186290 -2.21917e-10 2.20304e-09
2.45796e+06 0.000165411 -0.00490505 -1.14595e-18 2.36298e-19 -277782 -187718 -3.50155e-11 2.267e-09
2.47788e+06 0.000170503 -0.00497198 -5.45784e-18 2.43532e-19 -276221 -189091 -1.97815e-10 2.33641e-09
2.49771e+06 0.000175579 -0.0050388 -3.88932e-18 2.18923e-19 -274672 -190461 -1.49157e-10 2.10032e-09
2.51748e+06 0.000180641 -0.00510552 -2.90534e-18 2.25065e-19 -273130 -191828 -1.06411e-10 2.15924e-09
2.53717e+06 0.000185683 -0.00517203 -8.74112e-19 2.34767e-19 -271591 -193188 -3.54703e-11 2.25232e-09
2.55674e+06 0.000190719 -0.00523856 -6.25074e-18 2.44494e-19 -270063 -194549 -2.32831e-10 2.34563e-09
2.57621e+06 0.000195763 -0.0053053 -1.85754e-18 2.34564e-19 -268539 -195913 -6.91216e-11 2.25037e-09
2.59559e+06 0.000200809 -0.00537216 -7.47336e-18 2.45429e-19 -267019 -197279 -2.61934e-10 2.35461e-09
2.61482e+06 0.000205952 -0.00543967 -7.19304e-18 2.69874e-19 -265511 -198647 -2.32831e-10 2.58912e-09
2.6339e+06 0.000211615 -0.00550958 -8.52308e-18 2.57306e-19 -264018 -200007 -2.56478e-10 2.46855e-09
2.65288e+06 0.000217264 -0.00557943 -8.67322e-18 2.59159e-19 -262539 -201365 -2.78305e-10 2.48633e-09
2.67174e+06 0.000222814 -0.00564806 -1.36985e-17 2.66733e-19 -261070 -202696 -4.33829e-10 2.55899e-09
2.69044e+06 0.000228192 -0.00571445 -1.03834e-17 2.79439e-19 -259609 -203980 -3.39242e-10 2.68089e-09
2.70905e+06 0.000233924 -0.00578244 -1.05639e-17 2.90254e-19 -258150 -205254 -3.18323e-10 2.78465e-09
2.72759e+06 0.000239718 -0.00585056 -7.05379e-18 2.61647e-19 -256691 -206520 -2.14641e-10 2.51019e-09
2.74603e+06 0.000245493 -0.00591852 -7.40015e-18 2.67913e-19 -255235 -207781 -2.25555e-10 2.57031e-09
2.76435e+06 0.000251255 -0.00598636 -9.1325e-18 2.98364e-19 -253782 -209039 -2.61934e-10 2.86245e-09
2.7826e+06 0.000257017 -0.00605413 -8.67558e-18 2.80531e-19 -252328 -210293 -2.59206e-10 2.69137e-09
2.80078e+06 0.000262747 -0.00612171 -9.18083e-18 2.97336e-19 -250877 -211543 -2.92857e-10 2.85259e-09
2.81887e+06 0.000268437 -0.00618887 -1.01644e-17 2.96548e-19 -249435 -212784 -3.04681e-10 2.84504e-09
2.8369e+06 0.000274106 -0.00625587 -3.02125e-18 2.89986e-19 -248002 -214022 -7.00311e-11 2.78207e-09
2.85483e+06 0.000279788 -0.00632314 -4.7412e-18 3.27757e-19 -246578 -215264 -1.35515e-10 3.14445e-09
2.87273e+06 0.000285475 -0.00639057 -1.87475e-18 2.92533e-19 -245161 -216509 -6.09361e-11 2.80651e-09
2.89053e+06 0.000291016 -0.00645619 -7.06613e-18 2.90517e-19 -243748 -217716 -2.24645e-10 2.78718e-09
2.90824e+06 0.000296544 -0.00652171 -4.49982e-18 2.99135e-19 -242340 -218921 -1.39153e-10 2.86985e-09
2.92586e+06 0.000302078 -0.00658743 -4.37683e-18 2.62792e-19 -240940 -220129 -1.35515e-10 2.52118e-09
2.94339e+06 0.000307615 -0.00665326 1.74144e-18 2.64444e-19 -239546 -221339 6.45741e-11 2.53703e-09
2.96086e+06 0.000313137 -0.00671899 -1.85447e-18 2.64548e-19 -238156 -222545 -4.54747e-11 2.53803e-09
2.97829e+06 0.000318645 -0.0067846 1.97275e-18 2.89011e-19 -236767 -223748 6.45741e-11 2.77272e-09
2.99566e+06 0.000324148 -0.00685025 -3.54061e-18 3.0057e-19 -235383 -224951 -1.09139e-10 2.88361e-09
3.01294e+06 0.000329647 -0.00691593 2.82134e-18 3.1453e-19 -234007 -226154 7.54881e-11 3.01755e-09
3.03016e+06 0.000335141 -0.00698163 1.59947e-18 2.98752e-19 -232635 -227356 5.63887e-11 2.86617e-09
3.04734e+06 0.000340629 -0.00704737 4.00475e-18 2.87733e-19 -231270 -228559 1.2551e-10 2.76047e-09
3.06448e+06 0.000346111 -0.00711309 3.79391e-18 3.21096e-19 -229909 -229759 1.24601e-10 3.08055e-09
3.08155e+06 0.000351602 -0.00717905 9.39264e-18 3.16246e-19 -228555 -230964 2.72848e-10 3.03401e-09
3.09856e+06 0.000357093 -0.00724512 4.17506e-18 3.39957e-19 -227208 -232170 1.18234e-10 3.26149e-09
3.11552e+06 0.000362589 -0.00731133 6.34243e-18 3.08544e-19 -225864 -233378 1.9736e-10 2.96012e-09
3.13241e+06 0.000368086 -0.00737764 4.46038e-18 3.37547e-19 -224524 -234586 1.50976e-10 3.23837e-09
3.14924e+06 0.000373586 -0.00744384 5.11968e-18 3.45339e-19 -223189 -235790 1.69166e-10 3.31312e-09
3.16597e+06 0.000379056 -0.00750998 3.10781e-18 3.19422e-19 -221859 -236993 1.05501e-10 3.06448e-09
3.18265e+06 0.000384512 -0.00757602 6.75522e-18 3.2222e-19 -220531 -238193 2.11003e-10 3.09133e-09
3.19928e+06 0.00038995 -0.00764189 3.24356e-18 3.38831e-19 -219205 -239388 9.1859e-11 3.25069e-09
3.21586e+06 0.000395378 -0.00770771 4.98339e-18 3.31697e-19 -217878 -240580 1.54614e-10 3.18225e-09
3.23237e+06 0.000400791 -0.0077734 2.70719e-18 3.41309e-19 -216553 -241769 6.00267e-11 3.27446e-09
3.24885e+06 0.000406196 -0.00783907 6.1219e-18 3.24995e-19 -215232 -242956 2.06455e-10 3.11795e-09
3.26526e+06 0.000411589 -0.00790467 3.19573e-18 3.435e-19 -213916 -244140 8.73115e-11 3.29548e-09
3.28161e+06 0.000416958 -0.00797006 8.78183e-19 3.49202e-19 -212607 -245319 3.09228e-11 3.35018e-09
3.29792e+06 0.000422304 -0.00803522 -9.9659e-19 3.17635e-19 -211302 -246492 -2.63753e-11 3.04734e-09
3.3142e+06 0.000427647 -0.00810043 -1.06208e-18 3.34444e-19 -210001 -247665 -3.45608e-11 3.20861e-09
3.33042e+06 0.000432989 -0.00816575 -4.82615e-18 3.66382e-19 -208711 -248839 -1.32786e-10 3.51501e-09
3.34661e+06 0.000438325 -0.00823107 -4.16821e-18 3.78974e-19 -207425 -250011 -1.10958e-10 3.63582e-09
3.36274e+06 0.000443652 -0.00829636 -5.01997e-18 3.43055e-19 -206141 -251181 -1.46429e-10 3.29121e-09
3.37884e+06 0.000448975 -0.00836165 1.25457e-19 3.38326e-19 -204860 -252349 9.09495e-12 3.24584e-09
3.39486e+06 0.00045423 -0.00842611 -1.45511e-17 3.79958e-19 -203583 -253499 -4.27463e-10 3.64525e-09
3.41082e+06 0.000459428 -0.00848988 -9.99696e-18 3.727e-19 -202309 -254634 -2.90129e-10 3.57562e-09
3.42671e+06 0.000464639 -0.00855394 -1.10495e-17 3.83343e-19 -201045 -255773 -3.22871e-10 3.67773e-09
3.44253e+06 0.000469847 -0.00861803 -8.02002e-18 3.80627e-19 -199788 -256911 -2.14641e-10 3.65167e-09
3.4583e+06 0.000475048 -0.0086821 -1.02293e-17 3.97599e-19 -198532 -258046 -2.94676e-10 3.8145e-09
3.47401e+06 0.00048025 -0.00874623 -9.47947e-18 4.03555e-19 -197279 -259179 -2.67391e-10 3.87164e-09
3.48968e+06 0.000485454 -0.00881043 -1.18815e-17 3.96253e-19 -196028 -260311 -3.28328e-10 3.80158e-09
3.50528e+06 0.000490618 -0.00887416 -1.49729e-17 3.989e-19 -194782 -261431 -4.47471e-10 3.82698e-09
3.52085e+06 0.00049574 -0.00893735 -1.64132e-17 4.09724e-19 -193538 -262538 -4.73847e-10 3.93082e-09
3.53634e+06 0.000500866 -0.00900063 -1.26833e-17 4.34466e-19 -192297 -263644 -3.55612e-10 4.16819e-09
3.5518e+06 0.000506006 -0.00906415 -1.74702e-17 4.06373e-19 -191060 -264750 -4.94765e-10 3.89868e-09
3.5672e+06 0.000511174 -0.00912808 -1.75681e-17 4.39073e-19 -189827 -265860 -5.01132e-10 4.21239e-09
3.58255e+06 0.000516364 -0.00919233 -2.0791e-17 4.53242e-19 -188599 -266971 -5.82077e-10 4.34833e-09
3.59785e+06 0.000521584 -0.00925699 -2.14184e-17 4.68397e-19 -187374 -268086 -6.20275e-10 4.49372e-09
3.6131e+06 0.000526834 -0.00932207 -2.05148e-17 4.37487e-19 -186152 -269203 -5.89353e-10 4.19718e-09
3.62829e+06 0.000532142 -0.00938791 -2.45026e-17 4.49686e-19 -184934 -270328 -7.00311e-10 4.31422e-09
3.64341e+06 0.000537495 -0.00945432 -2.7908e-17 4.50393e-19 -183718 -271456 -8.02174e-10 4.32099e-09
3.65846e+06 0.000542895 -0.00952134 -2.76673e-17 4.75458e-19 -182507 -272588 -8.00355e-10 4.56147e-09
3.67342e+06 0.000548359 -0.00958916 -2.99738e-17 4.79053e-19 -181300 -273727 -8.71296e-10 4.59595e-09
3.68828e+06 0.0005539 -0.00965793 -3.00266e-17 4.84343e-19 -180097 -274872 -8.84029e-10 4.6467e-09
3.70305e+06 0.000559716 -0.00972834 -3.43063e-17 5.02989e-19 -178902 -276025 -9.20409e-10 4.8256e-09
3.71771e+06 0.000565714 -0.00980017 -3.27315e-17 5.09266e-19 -177711 -277184 -8.78572e-10 4.88581e-09
3.73227e+06 0.000571825 -0.00987328 -3.49404e-17 5.10256e-19 -176528 -278352 -9.44056e-10 4.89531e-09
3.74668e+06 0.000578086 -0.00994809 -3.39954e-17 5.04206e-19 -175353 -279531 -9.07676e-10 4.83727e-09
3.76097e+06 0.000584494 -0.0100245 -3.42632e-17 4.84664e-19 -174184 -280718 -9.16771e-10 4.64979e-09
3.77514e+06 0.000591071 -0.0101027 -3.43678e-17 5.052e-19 -173020 -281912 -9.16771e-10 4.8468e-09
3.78919e+06 0.000597827 -0.0101827 -3.34077e-17 5.2385e-19 -171864 -283111 -8.94943e-10 5.02573e-09
3.8031e+06 0.000604803 -0.010265 -3.26861e-17 4.8043e-19 -170716 -284316 -8.65839e-10 4.60916e-09
3.81689e+06 0.000612022 -0.0103497 -4.06021e-17 4.95307e-19 -169575 -285525 -1.06775e-09 4.75189e-09
3.83057e+06 0.000619488 -0.0104368 -4.14818e-17 5.37252e-19 -168438 -286730 -1.08412e-09 5.1543e-09
3.8441e+06 0.000627317 -0.0105275 -4.16317e-17 5.54049e-19 -167306 -287943 -1.07684e-09 5.31545e-09
3.85755e+06 0.000635482 -0.0106212 -3.87035e-17 4.97533e-19 -166180 -289148 -1.00044e-09 4.77325e-09
3.87093e+06 0.00064404 -0.0107186 -4.07993e-17 5.39687e-19 -165059 -290342 -1.0823e-09 5.17767e-09
3.88422e+06 0.000653032 -0.0108198 -4.04654e-17 5.07839e-19 -163940 -291521 -1.05138e-09 4.87213e-09
3.89737e+06 0.000663042 -0.0109283 -4.53378e-17 5.1122e-19 -162830 -292690 -9.64064e-10 4.90456e-09
3.91036e+06 0.000674549 -0.0110464 -4.32246e-17 5.04385e-19 -161728 -293838 -9.1859e-10 4.83899e-09
3.92326e+06 0.000687011 -0.0111723 -4.38459e-17 5.2659e-19 -160631 -294954 -8.93124e-10 5.05202e-09
3.93608e+06 0.000700587 -0.0113074 -4.28723e-17 5.21113e-19 -159540 -296032 -8.69477e-10 4.99947e-09
3.94881e+06 0.000715463 -0.011453 -4.20954e-17 5.1876e-19 -158458 -297064 -8.58563e-10 4.9769e-09
3.96144e+06 0.000731841 -0.0116109 -4.04604e-17 4.90769e-19 -157387 -298048 -8.11269e-10 4.70836e-09
3.97396e+06 0.000749837 -0.011782 -4.35424e-17 4.94935e-19 -156325 -298975 -8.78572e-10 4.74832e-09
3.98638e+06 0.000769525 -0.011967 -4.43786e-17 5.04072e-19 -155272 -299844 -8.91305e-10 4.83598e-09
3.99869e+06 0.00079087 -0.0121656 -4.39095e-17 4.93444e-19 -154229 -300654 -8.65839e-10 4.73402e-09
4.01089e+06 0.000813747 -0.0123769 -4.33014e-17 5.07762e-19 -153194 -301412 -8.38554e-10 4.87139e-09
4.02296e+06 0.000838003 -0.0125998 -4.67385e-17 5.14797e-19 -152168 -302125 -8.93124e-10 4.93888e-09
4.03493e+06 0.000863327 -0.0128318 -4.38047e-17 4.97554e-19 -151149 -302802 -8.60382e-10 4.77345e-09
4.0468e+06 0.000889482 -0.013071 -4.447e-17 5.0754e-19 -150138 -303450 -8.40373e-10 4.86925e-09
4.05855e+06 0.000916256 -0.0133157 -4.49824e-17 5.2852e-19 -149133 -304078 -8.56744e-10 5.07053e-09
4.0702e+06 0.000943464 -0.0135646 -4.33309e-17 5.12467e-19 -148134 -304689 -8.02174e-10 4.91653e-09
4.08173e+06 0.000971181 -0.0138176 -4.43428e-17 4.75492e-19 -147143 -305287 -8.0945e-10 4.56179e-09
4.09315e+06 0.00099898 -0.0140725 -4.59312e-17 5.17391e-19 -146159 -305879 -8.67658e-10 4.96377e-09
4.10443e+06 0.00102699 -0.0143298 -4.07716e-17 5.2045e-19 -145184 -306466 -7.25777e-10 4.99312e-09
4.11559e+06 0.00105515 -0.0145889 -4.32707e-17 5.43214e-19 -144218 -307047 -8.02174e-10 5.21151e-09
4.12662e+06 0.00108344 -0.0148498 -4.05152e-17 5.48954e-19 -143259 -307625 -7.54881e-10 5.26657e-09
4.13752e+06 0.00111179 -0.0151119 -4.14838e-17 5.10321e-19 -142307 -308197 -7.567e-10 4.89593e-09
4.14826e+06 0.00114022 -0.0153752 -4.21606e-17 4.78676e-19 -141363 -308766 -7.76708e-10 4.59234e-09
4.15889e+06 0.00116866 -0.0156392 -3.47136e-17 4.79763e-19 -140427 -309331 -6.16637e-10 4.60277e-09
4.1694e+06 0.00119715 -0.0159042 -4.2489e-17 5.32013e-19 -139498 -309891 -7.65795e-10 5.10405e-09
4.17979e+06 0.0012257 -0.0161705 -4.09333e-17 5.10159e-19 -138578 -310449 -7.22139e-10 4.89438e-09
4.19004e+06 0.00125419 -0.0164368 -4.4548e-17 5.2409e-19 -137664 -311000 -7.98536e-10 5.02803e-09
4.20016e+06 0.00128267 -0.0167036 -4.46446e-17 5.34082e-19 -136760 -311547 -7.82165e-10 5.12389e-09
4.21018e+06 0.00131114 -0.0169709 -4.50222e-17 5.01312e-19 -135862 -312089 -7.85803e-10 4.80951e-09
4.22007e+06 0.00133959 -0.0172387 -4.1454e-17 5.21534e-19 -134970 -312627 -7.34872e-10 5.00351e-09
4.22988e+06 0.00136801 -0.0175068 -4.18184e-17 5.2519e-19 -134084 -313159 -7.14863e-10 5.03859e-09
4.23953e+06 0.00139709 -0.017778 -4.62537e-17 5.66411e-19 -133204 -313672 -7.63976e-10 5.43405e-09
4.24904e+06 0.00142779 -0.018057 -4.44821e-17 4.76843e-19 -132333 -314150 -7.2032e-10 4.57475e-09
4.25842e+06 0.0014584 -0.0183359 -4.43399e-17 5.19348e-19 -131468 -314624 -7.22139e-10 4.98254e-09
4.26769e+06 0.00148914 -0.0186166 -4.40646e-17 5.10017e-19 -130608 -315096 -6.93035e-10 4.89302e-09
4.27685e+06 0.00151996 -0.0188986 -4.12013e-17 4.46171e-19 -129754 -315566 -6.60293e-10 4.28049e-09
4.28592e+06 0.00155084 -0.0191818 -3.85152e-17 4.38061e-19 -128905 -316033 -6.12999e-10 4.20268e-09
4.29489e+06 0.00158187 -0.019467 -4.14491e-17 4.92529e-19 -128063 -316499 -6.63931e-10 4.72525e-09
4.30374e+06 0.00161309 -0.0197547 -3.59077e-17 4.74856e-19 -127226 -316965 -5.67525e-10 4.55569e-09
4.31244e+06 0.00164437 -0.0200435 -3.95817e-17 5.00245e-19 -126398 -317427 -6.45741e-10 4.79927e-09
4.32101e+06 0.00167595 -0.0203357 -3.33996e-17 4.3021e-19 -125575 -317890 -5.23869e-10 4.12737e-09
4.32943e+06 0.00170786 -0.0206316 -2.47463e-17 4.5067e-19 -124760 -318354 -3.76531e-10 4.32365e-09
4.33772e+06 0.00174013 -0.0209316 -1.44351e-17 4.23619e-19 -123950 -318820 -2.29193e-10 4.06413e-09
4.34586e+06 0.00177331 -0.0212377 5.53929e-18 4.02715e-19 -123148 -319279 9.82254e-11 3.86358e-09
4.35383e+06 0.00180669 -0.0215492 2.01958e-17 4.55897e-19 -122355 -319750 3.2378e-10 4.3738e-09
4.36164e+06 0.00184065 -0.0218668 3.95703e-17 4.5472e-19 -121569 -320222 6.25732e-10 4.3625e-09
4.3693e+06 0.00187522 -0.0221905 5.82792e-17 4.28926e-19 -120791 -320694 8.84029e-10 4.11504e-09
4.37683e+06 0.00191033 -0.0225196 7.05327e-17 4.64543e-19 -120020 -321162 1.07684e-09 4.45674e-09
4.38423e+06 0.00194605 -0.0228547 8.62433e-17 4.24017e-19 -119255 -321624 1.28239e-09 4.06795e-09
4.3915e+06 0.00198233 -0.023195 1.01412e-16 3.63665e-19 -118497 -322075 1.50612e-09 3.48895e-09
4.39865e+06 0.0020193 -0.0235414 1.09317e-16 4.19607e-19 -117746 -322512 1.59707e-09 4.02564e-09
4.40568e+06 0.0020571 -0.0238949 1.20539e-16 4.51085e-19 -117003 -322932 1.74987e-09 4.32764e-09
4.41257e+06 0.00209607 -0.0242585 1.26337e-16 4.5989e-19 -116269 -323333 1.7917e-09 4.41211e-09
4.41936e+06 0.00213611 -0.0246306 1.33964e-16 4.70843e-19 -115543 -323706 1.84627e-09 4.51719e-09
4.42602e+06 0.00217766 -0.0250152 1.34639e-16 4.51012e-19 -114829 -324050 1.84446e-09 4.32693e-09
4.43256e+06 0.00222074 -0.0254118 1.38863e-16 3.86966e-19 -114124 -324357 1.84627e-09 3.71249e-09
4.43897e+06 0.00226546 -0.0258215 1.43019e-16 4.33069e-19 -113430 -324626 1.88629e-09 4.15479e-09
4.44514e+06 0.00231837 -0.0262694 1.744e-16 4.00899e-19 -112746 -324757 1.58616e-09 3.84616e-09
4.45118e+06 0.0023741 -0.0267352 1.92185e-16 3.35532e-19 -112094 -324826 1.72622e-09 3.21904e-09
4.4571e+06 0.00243188 -0.0272151 2.31064e-16 3.49791e-19 -111443 -324844 2.00816e-09 3.35584e-09
4.46285e+06 0.0024915 -0.0277082 2.41844e-16 3.29087e-19 -110801 -324822 2.11367e-09 3.15721e-09
4.46843e+06 0.00255271 -0.0282131 2.6815e-16 3.30799e-19 -110171 -324769 2.3083e-09 3.17363e-09
4.47388e+06 0.00261503 -0.0287266 2.76746e-16 3.79305e-19 -109551 -324693 2.35559e-09 3.63899e-09
4.47919e+06 0.00267842 -0.0292486 3.03872e-16 3.75765e-19 -108942 -324602 2.57751e-09 3.60503e-09
4.45947e+06 0.00285961 -0.0307716 1.15458e-15 -2.03046e-19 -110367 -324659 9.93168e-09 -1.94799e-09
4.41756e+06 0.00313689 -0.0331031 1.47202e-16 -1.59353e-19 -111748 -324564 1.1205e-09 -1.52881e-09
4.42549e+06 0.00322135 -0.0338041 -3.72296e-16 -1.48296e-20 -111006 -324387 -3.2669e-09 -1.42273e-10
4.43197e+06 0.00330255 -0.034479 4.96989e-16 -1.02944e-19 -110304 -324214 4.06362e-09 -9.87629e-10
4.43748e+06 0.00338115 -0.0351334 6.50862e-16 5.05628e-19 -109649 -324046 5.29872e-09 4.85092e-09
4.44224e+06 0.0034602 -0.0357929 2.05511e-16 -2.06721e-20 -109056 -323883 1.56615e-09 -1.98324e-10
4.44672e+06 0.00353876 -0.0364491 8.84368e-16 4.65194e-19 -108473 -323720 7.18865e-09 4.463e-09
4.45089e+06 0.0036171 -0.0371042 7.35863e-16 4.61579e-19 -107895 -323555 5.90626e-09 4.42831e-09
4.39758e+06 0.0039454 -0.0399011 1.06242e-15 -1.65501e-19 -111183 -323489 8.41101e-09 -1.58779e-09
4.40429e+06 0.00403692 -0.0406709 8.17313e-16 8.97509e-19 -110553 -323294 6.40466e-09 8.61056e-09
4.41015e+06 0.0041289 -0.0414455 6.39218e-16 7.31673e-19 -109943 -323099 4.95311e-09 7.01955e-09
4.41563e+06 0.00421955 -0.0422099 -3.51467e-16 -2.17085e-19 -109369 -322910 -2.91402e-09 -2.08268e-09
4.34539e+06 0.00461124 -0.0455775 7.00343e-16 -7.92551e-19 -112269 -322709 5.2969e-09 -7.60361e-09
4.35254e+06 0.00470466 -0.0463408 2.44834e-16 5.76228e-19 -111640 -322463 1.45883e-09 5.52823e-09
4.35908e+06 0.00479979 -0.0471081 4.22707e-16 4.21173e-19 -111023 -322199 2.63026e-09 4.04067e-09
4.36528e+06 0.00489476 -0.0478743 3.99914e-16 4.15302e-19 -110409 -321937 2.44472e-09 3.98433e-09
4.37097e+06 0.00498977 -0.0486417 1.96157e-16 -5.34743e-20 -109823 -321679 1.12777e-09 -5.13024e-10
4.35607e+06 0.00505286 -0.0525239 1.27858e-15 -3.51829e-19 -110172 -304626 6.24095e-09 -3.37539e-09
4.3614e+06 0.00513327 -0.0532708 -5.84533e-16 -5.26601e-20 -109571 -304629 -2.93221e-09 -5.05212e-10
4.33917e+06 0.0053118 -0.0549777 2.82574e-16 -5.05124e-19 -110296 -304783 1.06593e-09 -4.84607e-09
4.34509e+06 0.0053957 -0.0557553 9.09668e-16 4.28167e-19 -109713 -304696 3.57068e-09 4.10776e-09
4.34979e+06 0.00547492 -0.0564941 -5.28869e-16 -5.14944e-20 -109177 -304610 -2.22281e-09 -4.94029e-10
4.35414e+06 0.0055525 -0.0572214 1.64634e-15 1.69066e-19 -108649 -304520 6.28097e-09 1.62199e-09
4.35842e+06 0.00562981 -0.05795 1.47407e-15 1.46963e-19 -108129 -304426 5.4788e-09 1.40994e-09
4.36241e+06 0.00570583 -0.0586644 1.3966e-15 1.79067e-19 -107637 -304324 4.94765e-09 1.71794e-09
4.36614e+06 0.0057809 -0.0593685 -1.04182e-16 -4.69277e-20 -107157 -304213 -4.98403e-10 -4.50216e-10
4.36964e+06 0.00585486 -0.0600646 1.54066e-15 1.3182e-19 -106684 -304102 5.28235e-09 1.26466e-09
4.3729e+06 0.00592779 -0.0607533 3.86891e-16 -1.31185e-19 -106214 -303989 1.23327e-09 -1.25856e-09
4.37596e+06 0.00600049 -0.0614421 1.42252e-15 1.52467e-19 -105752 -303875 4.72755e-09 1.46275e-09
4.37884e+06 0.00607343 -0.0621355 1.51228e-15 1.26546e-19 -105301 -303759 4.94219e-09 1.21407e-09
4.38156e+06 0.00614681 -0.0628352 1.51207e-15 9.68773e-20 -104855 -303642 4.86762e-09 9.29425e-10
4.38415e+06 0.00622166 -0.0635398 1.77501e-15 4.56062e-20 -104422 -303523 3.57795e-09 4.37539e-10
4.3866e+06 0.00629968 -0.0642494 1.68519e-15 -7.32829e-20 -104006 -303394 3.90537e-09 -7.03064e-10
4.36343e+06 0.00647165 -0.0659691 -1.1809e-15 -1.00216e-18 -106656 -303459 -2.62662e-09 -9.61452e-09
4.36884e+06 0.00654663 -0.0666613 1.2771e-15 -5.59918e-19 -106129 -303315 2.76304e-09 -5.37176e-09
4.37126e+06 0.00662472 -0.067391 3.5588e-16 -4.68065e-19 -105777 -303186 7.23958e-10 -4.49054e-09
4.37307e+06 0.00670384 -0.0681334 1.114e-15 -1.28093e-19 -105470 -303059 2.32649e-09 -1.2289e-09
4.37484e+06 0.00678263 -0.0688744 1.45885e-15 -1.2149e-19 -105172 -302934 3.01225e-09 -1.16555e-09
4.37671e+06 0.00686078 -0.0696088 4.3872e-16 -2.51033e-19 -104831 -302805 8.34916e-10 -2.40837e-09
4.37848e+06 0.00693946 -0.0703498 1.1609e-15 1.78667e-19 -104494 -302676 2.29738e-09 1.7141e-09
4.38016e+06 0.00701834 -0.0710943 1.49732e-15 2.13224e-19 -104165 -302548 2.92675e-09 2.04563e-09
4.35989e+06 0.00718996 -0.0727722 5.95651e-16 -4.90158e-20 -104737 -302395 1.08776e-09 -4.7025e-10
4.34245e+06 0.00734985 -0.0743529 8.18942e-16 -8.08649e-19 -105477 -302273 1.43882e-09 -7.75805e-09
4.30978e+06 0.00755634 -0.0764247 1.90413e-15 -1.70373e-19 -106793 -302149 3.21779e-09 -1.63453e-09
4.3139e+06 0.00764525 -0.0772768 1.80845e-15 3.72595e-19 -106389 -302002 2.99224e-09 3.57461e-09
4.29279e+06 0.00728153 -0.0815934 -1.32197e-16 -1.11284e-18 -106693 -284050 -5.55701e-09 -1.06764e-08
4.23856e+06 0.0073999 -0.0843899 2.36606e-15 -3.00764e-19 -111567 -285918 3.08683e-09 -2.88548e-09
4.24088e+06 0.00743732 -0.0851918 1.7595e-15 -4.71567e-20 -111202 -286273 9.49512e-10 -4.52414e-10
4.24277e+06 0.00747315 -0.0859961 1.44821e-15 -9.69377e-20 -110887 -286605 -1.47338e-10 -9.30004e-10
4.2443e+06 0.00750777 -0.0868042 1.3902e-15 -1.94529e-19 -110607 -286906 -3.85626e-10 -1.86628e-09
4.24539e+06 0.00754162 -0.0876155 9.79899e-16 -1.6545e-19 -110377 -287170 -1.66983e-09 -1.5873e-09
4.24624e+06 0.00757412 -0.0884338 6.18776e-16 -2.8278e-19 -110173 -287407 -2.72667e-09 -2.71295e-09
4.22084e+06 0.00761726 -0.0900554 1.48309e-15 -9.38841e-19 -113609 -287903 -3.4197e-10 -9.00709e-09
4.19845e+06 0.00767847 -0.0916727 -3.76812e-17 -5.21798e-19 -114724 -288089 -1.24783e-09 -5.00605e-09
4.17055e+06 0.00779752 -0.0936744 1.44729e-16 -8.35721e-19 -116301 -288106 8.00355e-11 -8.01777e-09
4.17294e+06 0.00786592 -0.0945505 -6.97976e-16 -5.4237e-19 -116022 -288049 -3.37059e-09 -5.2034e-09
4.17397e+06 0.00793678 -0.0954573 3.42108e-16 4.37225e-20 -115814 -287986 9.27685e-10 4.19466e-10
4.17479e+06 0.00800895 -0.0963714 1.02651e-15 8.4733e-20 -115628 -287903 3.75258e-09 8.12915e-10
4.17544e+06 0.00808107 -0.0972855 1.20022e-15 1.44692e-19 -115477 -287817 4.42196e-09 1.38815e-09
4.17571e+06 0.00815311 -0.0982026 1.29854e-15 7.38535e-20 -115388 -287736 4.80759e-09 7.08538e-10
4.13807e+06 0.00830219 -0.100234 8.04677e-16 -3.49517e-19 -118587 -287818 2.8158e-09 -3.35321e-09
4.13981e+06 0.00837295 -0.101136 4.40048e-16 9.96575e-20 -118377 -287726 1.38971e-09 9.56097e-10
4.11707e+06 0.00850846 -0.102932 -4.00769e-16 -8.03014e-19 -119656 -287675 -1.91721e-09 -7.70398e-09
4.11837e+06 0.00857918 -0.103838 -3.63459e-16 -1.19358e-19 -119466 -287583 -1.77715e-09 -1.14511e-09
4.11924e+06 0.00865008 -0.104751 -5.14286e-16 -9.15976e-20 -119350 -287497 -2.36105e-09 -8.78772e-10
4.1199e+06 0.00872106 -0.105667 -3.70637e-16 1.2698e-19 -119270 -287413 -1.8008e-09 1.21823e-09
4.12018e+06 0.00879287 -0.106597 -2.93688e-16 -4.01714e-20 -119218 -287330 -1.50249e-09 -3.85398e-10
4.09987e+06 0.00891192 -0.108182 8.22815e-16 4.90067e-20 -120164 -287268 2.79761e-09 4.70162e-10
4.10138e+06 0.00898116 -0.109079 -2.33636e-16 -3.98551e-19 -120047 -287183 -1.19508e-09 -3.82363e-09
4.08076e+06 0.00909944 -0.110661 1.15106e-15 -1.4454e-19 -121344 -287137 4.0709e-09 -1.3867e-09
4.05324e+06 0.00922672 -0.112512 9.79691e-17 -3.37353e-19 -126227 -287344 6.73026e-11 -3.23651e-09
4.05259e+06 0.00929745 -0.113439 -3.16696e-16 -1.55628e-19 -126430 -287275 -1.51704e-09 -1.49307e-09
4.03284e+06 0.00891711 -0.117058 -9.01992e-16 -1.43111e-18 -127146 -273990 -4.47835e-09 -1.37298e-08
4.03267e+06 0.00895746 -0.117874 7.15982e-16 -3.20858e-20 -127263 -274474 4.44743e-09 -3.07826e-10
4.00722e+06 0.00902988 -0.119449 -8.71104e-17 -2.89928e-19 -129413 -275401 9.45874e-11 -2.78153e-09
4.00683e+06 0.00907071 -0.120282 -3.22663e-16 -1.59988e-19 -129570 -275803 -1.10958e-09 -1.5349e-09
4.00627e+06 0.00911115 -0.121121 -5.44203e-16 -2.04842e-19 -129740 -276196 -2.19734e-09 -1.96522e-09
4.00559e+06 0.009151 -0.121964 -7.54327e-16 -2.01e-19 -129921 -276583 -3.17414e-09 -1.92836e-09
4.00473e+06 0.00919104 -0.122816 -9.22962e-16 -1.20502e-19 -130119 -276951 -3.86171e-09 -1.15608e-09
4.00376e+06 0.00923085 -0.123673 -8.63008e-16 -1.57972e-19 -130325 -277305 -3.46336e-09 -1.51556e-09
4.00262e+06 0.0092716 -0.124539 -7.83468e-16 -4.22529e-20 -130547 -277630 -2.84308e-09 -4.05367e-10
4.00119e+06 0.00932038 -0.125428 -7.45225e-16 -1.18725e-19 -130798 -277854 -2.14459e-09 -1.13902e-09
3.97195e+06 0.00943516 -0.127231 7.91423e-16 -4.43081e-19 -132965 -278076 1.5425e-09 -4.25084e-09
3.97026e+06 0.00950051 -0.128157 -4.23948e-16 -1.86052e-19 -133247 -278105 -1.08957e-09 -1.78495e-09
3.96815e+06 0.00956796 -0.129099 -5.97275e-16 -2.41512e-19 -133562 -278123 -1.41517e-09 -2.31703e-09
3.96585e+06 0.00963708 -0.130049 -6.76157e-16 -2.93739e-19 -133895 -278130 -1.56251e-09 -2.81809e-09
3.9632e+06 0.00970665 -0.131011 -6.93633e-16 -3.01409e-19 -134259 -278139 -1.57888e-09 -2.89167e-09
3.96007e+06 0.00977688 -0.13199 -7.89749e-16 -4.28667e-19 -134665 -278152 -1.7335e-09 -4.11256e-09
3.95625e+06 0.00984818 -0.132993 1.61696e-16 -1.38972e-19 -135133 -278169 6.91216e-11 -1.33328e-09
3.9518e+06 0.00992045 -0.13402 -5.88519e-16 -8.47931e-20 -135660 -278190 -1.3024e-09 -8.13491e-10
3.94751e+06 0.00999212 -0.135044 7.72221e-18 -2.23348e-19 -136183 -278211 -2.14641e-10 -2.14276e-09
3.75174e+06 0.0102396 -0.141638 2.47655e-15 -7.73273e-19 -156363 -279484 2.08274e-09 -7.41865e-09
3.7487e+06 0.0102933 -0.142622 -9.74141e-16 -5.18763e-19 -156743 -279478 -1.04592e-09 -4.97693e-09
3.74554e+06 0.0103438 -0.143611 -4.84536e-16 -5.60497e-19 -157133 -279469 -5.62068e-10 -5.37732e-09
3.74233e+06 0.0103899 -0.144602 -6.36442e-16 -6.90394e-19 -157526 -279455 -6.23913e-10 -6.62352e-09
3.73889e+06 0.0104292 -0.145602 -7.71409e-16 -6.91011e-19 -157930 -279432 -6.40284e-10 -6.62944e-09
3.7352e+06 0.0104555 -0.146615 -9.40512e-16 -7.013e-19 -158345 -279392 -6.1118e-10 -6.72815e-09
3.7079e+06 0.0104376 -0.148452 1.39681e-15 2.47983e-19 -160343 -279146 5.35147e-09 2.37911e-09
3.70431e+06 0.0104446 -0.149464 -7.17608e-16 1.32674e-21 -160756 -279104 -4.60204e-10 1.27285e-11
3.70078e+06 0.0104921 -0.150452 -1.42709e-15 -1.45941e-19 -161220 -279171 -1.71167e-09 -1.40014e-09
3.69705e+06 0.0105481 -0.151457 -1.20434e-15 -8.30323e-19 -161714 -279160 -1.38789e-09 -7.96598e-09
3.66285e+06 0.0105714 -0.152284 2.59824e-15 -7.04917e-19 -165568 -279348 2.24827e-09 -6.76286e-09
3.65985e+06 0.0106295 -0.153317 -1.47753e-15 -5.13322e-19 -165929 -279317 -1.49703e-09 -4.92472e-09
3.65669e+06 0.0106873 -0.154354 -7.32298e-16 -6.29891e-19 -166310 -279285 -8.0945e-10 -6.04307e-09
3.65343e+06 0.0107445 -0.155394 -9.66328e-16 -6.15592e-19 -166708 -279254 -9.96806e-10 -5.90589e-09
3.64999e+06 0.0108012 -0.156436 -8.03081e-16 -6.86851e-19 -167133 -279222 -8.11269e-10 -6.58954e-09
3.59452e+06 0.0108922 -0.158976 2.01553e-15 -3.60856e-19 -173785 -279452 1.13141e-09 -3.46199e-09
3.58003e+06 0.0109529 -0.160237 -6.09893e-16 -1.19619e-19 -174744 -279429 -5.42059e-10 -1.14761e-09
3.55242e+06 0.0110321 -0.162112 8.08974e-16 -6.79729e-19 -177205 -279444 2.49202e-10 -6.52121e-09
3.5522e+06 0.0110784 -0.163024 6.82492e-16 -5.88174e-20 -177386 -279396 1.67347e-10 -5.64285e-10
3.55164e+06 0.0111245 -0.163945 -2.32026e-16 -1.61927e-19 -177589 -279347 -3.0559e-10 -1.5535e-09
3.55093e+06 0.0111702 -0.164871 -1.92072e-15 -1.92083e-19 -177804 -279298 -1.07502e-09 -1.84281e-09
3.5499e+06 0.0112157 -0.165807 -1.04058e-15 -2.14714e-19 -178041 -279249 -6.42103e-10 -2.05994e-09
3.54725e+06 0.011262 -0.166789 9.29399e-16 -2.94043e-19 -178371 -279200 2.00089e-10 -2.821e-09
3.54275e+06 0.0113094 -0.167825 -1.12147e-15 -9.90837e-19 -178805 -279151 -6.12999e-10 -9.50592e-09
3.53784e+06 0.0113562 -0.168873 -1.28947e-15 -1.11988e-18 -179267 -279102 -6.67569e-10 -1.0744e-08
3.53255e+06 0.0114026 -0.169933 -1.33466e-15 -1.14889e-18 -179756 -279052 -6.27551e-10 -1.10223e-08
3.52692e+06 0.0114482 -0.171003 -1.34556e-15 -1.24977e-18 -180271 -279001 -6.03904e-10 -1.19901e-08
3.5066e+06 0.0114975 -0.172493 7.50943e-16 -1.51154e-19 -182096 -278979 3.45608e-11 -1.45015e-09
3.44616e+06 0.0115701 -0.175138 2.13389e-15 -4.21374e-19 -185864 -278948 2.36469e-10 -4.04259e-09
3.42223e+06 0.0116157 -0.176738 -1.75104e-16 6.34485e-19 -187503 -278890 -1.90994e-10 6.08715e-09
3.4216e+06 0.0116507 -0.177668 -1.22001e-15 -2.38126e-19 -187712 -278824 -3.4197e-10 -2.28454e-09
3.42077e+06 0.0116846 -0.178605 -1.29144e-15 -3.12625e-19 -187940 -278756 -3.07409e-10 -2.99928e-09
3.41987e+06 0.0117173 -0.179545 -1.1441e-15 -3.28323e-19 -188178 -278686 -2.81943e-10 -3.14987e-09
3.41887e+06 0.0117487 -0.180489 -7.11671e-16 -3.28195e-19 -188428 -278616 -2.09184e-10 -3.14865e-09
3.30928e+06 0.0117337 -0.184117 6.59599e-16 4.73481e-20 -197232 -278482 2.91402e-09 4.5425e-10
3.31008e+06 0.0117383 -0.185038 2.04017e-16 1.6965e-19 -197309 -278389 1.89175e-09 1.62759e-09
3.31022e+06 0.0117411 -0.18598 1.09087e-16 6.76317e-20 -197441 -278279 1.67711e-09 6.48847e-10
3.31e+06 0.0117418 -0.186935 -2.19653e-17 -8.22372e-20 -197608 -278152 1.40062e-09 -7.8897e-10
3.30969e+06 0.0117404 -0.187895 -1.59058e-16 -1.29238e-19 -197790 -278005 1.10776e-09 -1.23988e-09
3.22607e+06 0.0102998 -0.196495 8.47712e-16 -1.77853e-19 -206539 -246719 6.09361e-09 -1.70629e-09
3.22976e+06 0.0102188 -0.197229 8.52608e-16 9.66385e-19 -206134 -247262 6.07179e-09 9.27134e-09
3.23326e+06 0.0101355 -0.197976 7.51726e-16 1.25588e-18 -205739 -247763 5.55883e-09 1.20487e-08
3.23639e+06 0.0100493 -0.198739 7.7145e-16 8.61437e-19 -205363 -248225 5.65524e-09 8.26448e-09
3.23876e+06 0.00996855 -0.199487 -3.11679e-16 -3.66995e-19 -205044 -248910 -8.56744e-10 -3.52089e-09
3.24222e+06 0.00995022 -0.199942 5.41167e-16 2.42519e-19 -204761 -251188 6.5811e-09 2.32668e-09
3.24515e+06 0.00993168 -0.2004 6.20584e-16 1.176e-18 -204542 -253476 7.28141e-09 1.12824e-08
3.24656e+06 0.00991407 -0.200905 -1.20782e-16 -3.20807e-19 -204482 -255785 9.33142e-10 -3.07777e-09
3.24458e+06 0.00993156 -0.201759 -6.74552e-16 -7.77359e-19 -204689 -256485 -2.66664e-09 -7.45785e-09
3.2418e+06 0.00995908 -0.202709 -6.9952e-16 -1.08558e-18 -204952 -256707 -2.81398e-09 -1.04149e-08
3.04175e+06 0.0101231 -0.209336 6.88781e-16 1.42319e-18 -219025 -258405 5.72072e-09 1.36539e-08
3.0447e+06 0.0101467 -0.2101 1.07205e-15 1.14755e-18 -218822 -258534 8.01447e-09 1.10094e-08
3.04746e+06 0.0101705 -0.210868 1.09475e-15 1.12218e-18 -218629 -258661 8.11815e-09 1.0766e-08
3.03937e+06 0.010203 -0.21198 -1.05331e-15 -2.45186e-18 -219123 -258862 -4.80941e-09 -2.35228e-08
3.04194e+06 0.0102268 -0.212753 -1.35857e-16 4.50896e-19 -218940 -258986 7.2032e-10 4.32582e-09
3.04443e+06 0.0102507 -0.213528 4.71894e-16 7.83993e-19 -218759 -259111 4.33647e-09 7.5215e-09
3.04682e+06 0.0102746 -0.214306 8.09057e-16 9.06929e-19 -218586 -259237 6.31007e-09 8.70093e-09
3.04847e+06 0.010299 -0.215107 -2.00374e-16 -4.18195e-19 -218468 -259368 3.4197e-10 -4.01209e-09
3.0487e+06 0.0103244 -0.215952 -7.8645e-16 -3.64866e-19 -218456 -259510 -3.10138e-09 -3.50046e-09
3.04823e+06 0.0103504 -0.21682 -8.08895e-16 -6.5881e-19 -218497 -259651 -3.21052e-09 -6.32052e-09
3.04792e+06 0.0103767 -0.217698 7.11881e-16 5.60917e-19 -218561 -259792 5.64978e-09 5.38134e-09
3.0478e+06 0.0104028 -0.218573 6.89021e-16 1.84372e-19 -218618 -259933 5.52791e-09 1.76883e-09
3.04764e+06 0.0104289 -0.21945 6.49331e-16 1.58258e-19 -218677 -260073 5.23323e-09 1.5183e-09
3.04748e+06 0.0104551 -0.220327 6.11174e-16 1.40208e-19 -218735 -260208 4.99676e-09 1.34513e-09
3.04729e+06 0.0104813 -0.221205 5.6902e-16 7.74528e-20 -218795 -260343 4.74392e-09 7.4307e-10
3.0471e+06 0.0105073 -0.222083 5.31036e-16 7.15209e-20 -218854 -260478 4.50746e-09 6.8616e-10
3.03312e+06 0.0105407 -0.223291 6.52619e-16 4.06737e-19 -219702 -260687 5.17321e-09 3.90216e-09
3.03378e+06 0.010566 -0.22415 1.16792e-15 4.63185e-19 -219714 -260817 7.99992e-09 4.44372e-09
3.03444e+06 0.0105911 -0.22501 7.24973e-16 2.99676e-19 -219725 -260947 5.54974e-09 2.87504e-09
3.03507e+06 0.0106162 -0.22587 -2.89163e-16 7.64713e-20 -219737 -261077 -6.18456e-11 7.33653e-10
3.0357e+06 0.0106411 -0.22673 -9.42808e-16 -1.12374e-19 -219748 -261206 -3.61433e-09 -1.07809e-09
3.03632e+06 0.0106659 -0.22759 -7.8279e-16 -8.39792e-20 -219758 -261335 -2.69938e-09 -8.05683e-10
3.03694e+06 0.0106905 -0.228451 -6.44152e-16 -7.17404e-20 -219767 -261464 -1.92267e-09 -6.88265e-10
3.03754e+06 0.010715 -0.229312 -5.3943e-16 -3.74969e-20 -219776 -261592 -1.35151e-09 -3.59739e-10
3.02824e+06 0.0107437 -0.230443 -1.25508e-15 -2.14271e-18 -220826 -261788 -5.04042e-09 -2.05568e-08
3.02876e+06 0.0107678 -0.231307 3.35771e-16 9.61545e-20 -220838 -261915 3.25417e-09 9.22491e-10
3.01852e+06 0.0107979 -0.232468 -5.22345e-16 -2.97022e-19 -221488 -262101 -1.15506e-09 -2.84958e-09
3.00651e+06 0.0108284 -0.233685 -9.32919e-16 -1.94176e-18 -222339 -262299 -3.17959e-09 -1.86289e-08
3.00487e+06 0.0108529 -0.234611 -9.85199e-16 -8.22607e-19 -222488 -262435 -3.39787e-09 -7.89195e-09
2.98797e+06 0.010887 -0.23607 4.17468e-16 -1.14992e-19 -223865 -262675 3.56522e-09 -1.10321e-09
2.9864e+06 0.0109106 -0.236994 -6.53433e-16 -6.94895e-19 -223992 -262805 -1.62618e-09 -6.66671e-09
2.98473e+06 0.0109342 -0.237921 -9.71334e-16 -8.07792e-19 -224119 -262932 -3.04681e-09 -7.74982e-09
2.98304e+06 0.0109571 -0.23885 -9.98446e-16 -8.06173e-19 -224383 -263059 -3.12139e-09 -7.73429e-09
2.98126e+06 0.0109806 -0.239779 -9.92864e-16 -7.91566e-19 -224370 -263177 -3.00497e-09 -7.59415e-09
2.9795e+06 0.0110032 -0.240707 -9.06975e-16 -7.91495e-19 -224495 -263296 -2.56114e-09 -7.59347e-09
2.97765e+06 0.0110257 -0.241637 -9.26201e-16 -8.3033e-19 -224625 -263411 -2.60661e-09 -7.96605e-09
2.9335e+06 0.011029 -0.242335 1.20608e-15 -2.12187e-18 -228188 -263579 6.73754e-09 -2.03569e-08
2.93499e+06 0.0110529 -0.243303 -9.08081e-16 1.59934e-19 -227899 -263682 -2.34468e-09 1.53438e-09
2.93646e+06 0.0110763 -0.244271 8.60503e-16 -2.35976e-19 -227609 -263783 5.09863e-09 -2.26391e-09
2.93794e+06 0.0110992 -0.245239 -2.99251e-16 8.87113e-20 -227322 -263881 2.80124e-10 8.51082e-10
2.93845e+06 0.0111208 -0.246196 6.42305e-16 -6.5404e-19 -227172 -263977 4.08181e-09 -6.27475e-09
2.92399e+06 0.0107474 -0.248941 3.21103e-16 -5.63213e-19 -227580 -255238 2.3374e-09 -5.40337e-09
2.92276e+06 0.010747 -0.249889 -6.18946e-16 -3.80636e-19 -227644 -255285 -1.89175e-10 -3.65176e-09
2.92145e+06 0.0107448 -0.250843 -9.83787e-16 -3.89327e-19 -227711 -255303 -1.03864e-09 -3.73514e-09
2.9201e+06 0.0107403 -0.251802 -9.4116e-16 -4.81719e-19 -227780 -255296 -8.51287e-10 -4.62154e-09
2.91869e+06 0.010733 -0.252767 -9.52213e-16 -4.36123e-19 -227849 -255265 -7.78527e-10 -4.18409e-09
2.91725e+06 0.010722 -0.253736 -8.63008e-16 -4.6165e-19 -227915 -255210 -4.8567e-10 -4.429e-09
2.90523e+06 0.0107024 -0.255054 -3.75558e-17 -4.24784e-19 -229562 -255165 1.34423e-09 -4.07531e-09
2.90409e+06 0.0107208 -0.255984 -1.73622e-16 -4.78463e-19 -229643 -255275 9.13133e-10 -4.59029e-09
2.89258e+06 0.0107429 -0.257251 -9.30612e-16 -1.78639e-18 -230507 -255434 -1.4843e-09 -1.71383e-08
2.89144e+06 0.0107609 -0.258181 -5.88947e-16 -4.225e-19 -230588 -255537 -3.76531e-10 -4.05339e-09
2.89032e+06 0.0107786 -0.259112 -5.7299e-16 -4.22615e-19 -230668 -255638 -3.14685e-10 -4.0545e-09
2.88918e+06 0.010796 -0.260043 -6.80238e-16 -4.16177e-19 -230748 -255737 -6.18456e-10 -3.99274e-09
2.88803e+06 0.0108131 -0.260974 -7.44868e-16 -4.11615e-19 -230828 -255835 -7.85803e-10 -3.94896e-09
2.88688e+06 0.01083 -0.261906 -7.59563e-16 -4.68656e-19 -230910 -255931 -8.07631e-10 -4.49621e-09
2.87531e+06 0.0108501 -0.263184 -1.01258e-15 -1.88131e-18 -231669 -256070 -1.48975e-09 -1.8049e-08
2.87417e+06 0.0108665 -0.264116 -6.28365e-16 -4.20954e-19 -231750 -256159 -3.25599e-10 -4.03856e-09
2.87304e+06 0.0108828 -0.265047 -6.36923e-16 -4.39687e-19 -231829 -256245 -3.11047e-10 -4.21828e-09
2.8719e+06 0.0108989 -0.26598 -7.32167e-16 -3.55916e-19 -231908 -256329 -5.60249e-10 -3.4146e-09
2.87075e+06 0.0109147 -0.266913 -8.08725e-16 -3.66072e-19 -231987 -256412 -7.36691e-10 -3.51204e-09
2.86961e+06 0.0109302 -0.267845 -8.56784e-16 -3.67881e-19 -232065 -256493 -8.6402e-10 -3.52939e-09
2.86847e+06 0.0109454 -0.268779 -9.13543e-16 -3.80201e-19 -232143 -256573 -9.93168e-10 -3.64758e-09
2.86732e+06 0.0109604 -0.269712 -9.23638e-16 -3.65143e-19 -232220 -256650 -1.02409e-09 -3.50312e-09
2.86617e+06 0.0109751 -0.270646 -9.82755e-16 -3.64449e-19 -232297 -256727 -1.14596e-09 -3.49646e-09
2.86502e+06 0.0109894 -0.27158 -9.98742e-16 -3.72045e-19 -232374 -256801 -1.17325e-09 -3.56933e-09
2.86387e+06 0.0110035 -0.272514 -1.00374e-15 -3.91479e-19 -232450 -256875 -1.14414e-09 -3.75579e-09
2.86272e+06 0.0110173 -0.273448 -1.00767e-15 -3.46952e-19 -232525 -256946 -1.10776e-09 -3.3286e-09
2.86156e+06 0.0110308 -0.274383 -9.9149e-16 -3.71369e-19 -232600 -257016 -1.06411e-09 -3.56286e-09
2.84254e+06 0.0110462 -0.275918 9.05952e-16 -4.53921e-19 -234004 -257145 3.80169e-09 -4.35484e-09
2.84219e+06 0.0110587 -0.276811 7.37357e-16 -3.26884e-19 -233979 -257207 3.37059e-09 -3.13607e-09
2.84174e+06 0.011071 -0.277707 5.71265e-16 -3.62941e-19 -233960 -257266 2.92675e-09 -3.482e-09
2.84123e+06 0.0110829 -0.278606 4.11091e-16 -3.15027e-19 -233945 -257325 2.51384e-09 -3.02231e-09
2.84066e+06 0.0110946 -0.279506 2.41278e-16 -3.16659e-19 -233935 -257382 2.06819e-09 -3.03797e-09
2.83998e+06 0.011106 -0.28041 3.86372e-17 -3.88279e-19 -233933 -257439 1.60071e-09 -3.72508e-09
2.8389e+06 0.011117 -0.281338 -1.11855e-15 -1.48929e-19 -233985 -257495 -1.19326e-09 -1.4288e-09
2.8377e+06 0.0111278 -0.282272 -1.30204e-15 -2.02368e-19 -234047 -257551 -1.61708e-09 -1.94149e-09
2.79567e+06 0.0111372 -0.284552 8.87777e-16 -1.53115e-18 -237074 -257709 3.59614e-09 -1.46896e-08
2.79458e+06 0.0111465 -0.285472 -6.14725e-16 -2.74054e-19 -237100 -257756 6.73026e-11 -2.62923e-09
2.79317e+06 0.0111555 -0.286401 -7.98634e-16 -5.16705e-19 -237144 -257802 -3.27418e-10 -4.95718e-09
2.79171e+06 0.011164 -0.287332 -8.3126e-16 -5.41893e-19 -237192 -257846 -4.11092e-10 -5.19883e-09
2.79018e+06 0.0111721 -0.288265 -8.39427e-16 -5.69515e-19 -237244 -257888 -4.20187e-10 -5.46383e-09
2.78858e+06 0.0111798 -0.289201 -9.1954e-16 -5.67253e-19 -237300 -257929 -5.65706e-10 -5.44213e-09
2.78695e+06 0.011187 -0.290138 -9.34202e-16 -6.26551e-19 -237358 -257967 -5.69344e-10 -6.01102e-09
2.78529e+06 0.0111938 -0.291077 -9.92703e-16 -6.09302e-19 -237416 -258003 -6.87578e-10 -5.84554e-09
2.76548e+06 0.0111959 -0.292634 6.89569e-16 2.05668e-18 -238830 -258065 3.02134e-09 1.97314e-08
2.76582e+06 0.0112018 -0.293507 1.0403e-15 -1.46875e-19 -238743 -258092 3.75258e-09 -1.4091e-09
2.76613e+06 0.0112072 -0.294381 7.91167e-16 -1.42628e-19 -238657 -258116 3.2087e-09 -1.36835e-09
2.76641e+06 0.0112121 -0.295256 3.93437e-16 -1.73447e-19 -238571 -258137 2.34286e-09 -1.66402e-09
2.7667e+06 0.0112166 -0.296131 -2.74144e-16 -2.67987e-20 -238484 -258157 9.11314e-10 -2.57102e-10
2.76694e+06 0.0112206 -0.297008 -9.27265e-16 4.36108e-21 -238398 -258175 -4.4929e-10 4.18395e-11
2.76717e+06 0.0112241 -0.297885 -1.18959e-15 -1.87966e-20 -238313 -258190 -9.96806e-10 -1.80332e-10
2.76737e+06 0.0112271 -0.298764 -1.11417e-15 2.5948e-20 -238228 -258202 -7.96717e-10 2.4894e-10
2.76755e+06 0.0112295 -0.299643 -1.04679e-15 -1.62648e-20 -238144 -258212 -6.34827e-10 -1.56042e-10
2.76833e+06 0.0112317 -0.300502 -6.36216e-16 1.95476e-19 -238015 -258219 2.1646e-10 1.87537e-09
2.76915e+06 0.0112333 -0.301361 -2.18999e-16 1.5024e-19 -237883 -258223 1.04956e-09 1.44138e-09
2.75831e+06 0.0112268 -0.302048 6.03645e-17 -2.06969e-19 -238808 -258225 1.64619e-09 -1.98563e-09
2.75924e+06 0.0112273 -0.302909 6.73059e-16 1.04471e-19 -238669 -258224 2.85763e-09 1.00228e-09
2.7094e+06 0.00960331 -0.311247 1.14537e-15 -2.4849e-19 -239453 -220448 4.85124e-09 -2.38397e-09
2.7114e+06 0.00952411 -0.311966 6.40602e-16 6.8053e-19 -239167 -221239 2.47201e-09 6.52889e-09
2.7132e+06 0.00944271 -0.312696 6.79287e-16 6.55439e-19 -238893 -221998 2.67573e-09 6.28818e-09
2.71473e+06 0.0093587 -0.313442 5.69425e-16 4.88617e-19 -238640 -222726 2.06455e-09 4.68771e-09
2.71569e+06 0.00927061 -0.314214 -1.84494e-16 -4.86702e-19 -238435 -223432 -1.37334e-09 -4.66933e-09
2.71588e+06 0.00917745 -0.315021 -5.19695e-16 -6.06892e-19 -238291 -224117 -2.78487e-09 -5.82242e-09
2.71579e+06 0.00908144 -0.315844 -5.72215e-16 -4.51073e-19 -238168 -224772 -3.1323e-09 -4.32752e-09
2.71562e+06 0.00898355 -0.316674 -6.21203e-16 -5.62293e-19 -238049 -225391 -3.28509e-09 -5.39454e-09
2.71539e+06 0.00888391 -0.317513 -6.74578e-16 -5.47332e-19 -237932 -225978 -3.50155e-09 -5.25101e-09
2.71508e+06 0.00878258 -0.318358 -7.41409e-16 -6.48123e-19 -237817 -226533 -3.7453e-09 -6.21798e-09
2.71473e+06 0.00867974 -0.319209 -7.90423e-16 -6.51464e-19 -237704 -227057 -3.90901e-09 -6.25004e-09
2.71434e+06 0.00857557 -0.320065 -8.45516e-16 -6.46905e-19 -237592 -227553 -4.10364e-09 -6.2063e-09
2.7139e+06 0.0084699 -0.320927 -8.91402e-16 -6.6109e-19 -237481 -228023 -4.24916e-09 -6.34239e-09
2.71342e+06 0.00836279 -0.321795 -9.41413e-16 -7.10145e-19 -237372 -228467 -4.44743e-09 -6.81301e-09
2.71289e+06 0.00825439 -0.322668 -9.82047e-16 -7.59857e-19 -237263 -228888 -4.58022e-09 -7.28994e-09
2.71233e+06 0.0081448 -0.323545 -1.03406e-15 -7.43293e-19 -237156 -229288 -4.78394e-09 -7.13103e-09
2.71173e+06 0.00803409 -0.324427 -1.07854e-15 -7.91363e-19 -237049 -229666 -4.90763e-09 -7.59221e-09
2.71111e+06 0.0079223 -0.325312 -1.12693e-15 -7.91319e-19 -236943 -230025 -5.10772e-09 -7.59179e-09
2.71046e+06 0.00780952 -0.326202 -1.17508e-15 -7.52377e-19 -236837 -230366 -5.29872e-09 -7.21818e-09
2.70978e+06 0.0076958 -0.327094 -1.22943e-15 -8.38699e-19 -236732 -230691 -5.42968e-09 -8.04634e-09
2.70907e+06 0.0075812 -0.32799 -1.25157e-15 -8.32893e-19 -236627 -231001 -5.4315e-09 -7.99063e-09
2.70834e+06 0.0074658 -0.328888 -1.24119e-15 -8.08494e-19 -236522 -231296 -5.38603e-09 -7.75656e-09
2.70758e+06 0.00734958 -0.32979 -1.15865e-15 -7.4326e-19 -236419 -231578 -4.98767e-09 -7.13071e-09
2.70681e+06 0.00723275 -0.330694 -8.91971e-16 -7.78909e-19 -236316 -231848 -4.01087e-09 -7.47272e-09
2.70601e+06 0.00711526 -0.3316 -4.02982e-16 -7.84294e-19 -236214 -232107 -2.21007e-09 -7.52439e-09
2.69366e+06 0.00694711 -0.332856 -8.6272e-16 -4.53418e-18 -237557 -232254 -3.76349e-09 -4.35002e-08
2.68799e+06 0.00681306 -0.333875 -7.161e-16 -3.26801e-18 -237793 -232471 -3.15777e-09 -3.13528e-08
2.68829e+06 0.0066981 -0.334756 1.49432e-18 -8.15613e-19 -237704 -232688 -6.96673e-10 -7.82485e-09
2.68747e+06 0.00657881 -0.335669 -8.2224e-17 -5.60853e-19 -237614 -232905 -9.56788e-10 -5.38073e-09
2.68663e+06 0.00645933 -0.336584 -1.9491e-16 -6.7686e-19 -237527 -233115 -1.16052e-09 -6.49368e-09
2.68577e+06 0.00633982 -0.3375 -2.61464e-16 -6.84317e-19 -237440 -233318 -1.20417e-09 -6.56522e-09
2.68488e+06 0.00622052 -0.338418 -3.13045e-16 -7.13167e-19 -237355 -233515 -1.15506e-09 -6.842e-09
2.67498e+06 0.00606573 -0.3396 6.26925e-16 -1.55464e-19 -237702 -233700 1.34605e-09 -1.4915e-09
2.66674e+06 0.00591672 -0.340745 -6.70815e-16 -5.05866e-18 -238075 -233866 -1.32604e-09 -4.85319e-08
2.66685e+06 0.00580533 -0.341637 -1.13096e-15 -5.71187e-20 -237935 -234042 -1.5425e-09 -5.47987e-10
2.6661e+06 0.00570644 -0.342538 -9.02907e-16 -4.76023e-19 -237863 -234300 -3.82715e-09 -4.56689e-09
2.66543e+06 0.00571127 -0.343413 -1.04532e-15 -8.02433e-19 -237901 -234624 -3.96176e-09 -7.69841e-09
2.66446e+06 0.00571998 -0.34433 -1.15146e-15 -8.04228e-19 -237962 -234736 -4.60204e-09 -7.71563e-09
2.66344e+06 0.00572877 -0.345248 -1.16258e-15 -8.5996e-19 -238025 -234844 -4.68935e-09 -8.25032e-09
2.66239e+06 0.00573756 -0.346167 -1.18579e-15 -8.81807e-19 -238089 -234952 -4.82942e-09 -8.45991e-09
2.66135e+06 0.00574645 -0.347086 -1.20771e-15 -9.35659e-19 -238154 -235056 -4.94947e-09 -8.97656e-09
2.66029e+06 0.00575539 -0.348006 -1.23466e-15 -9.48525e-19 -238220 -235159 -5.12227e-09 -9.09999e-09
2.65921e+06 0.00576433 -0.348926 -1.2101e-15 -9.08496e-19 -238286 -235261 -4.98221e-09 -8.71596e-09
2.60262e+06 0.00575912 -0.349497 5.70986e-16 -9.96795e-19 -242791 -235369 6.2264e-09 -9.56308e-09
2.60251e+06 0.00576893 -0.35044 6.77608e-16 -2.56661e-19 -242644 -235467 6.9067e-09 -2.46237e-09
2.60232e+06 0.00577879 -0.351385 3.43297e-17 -3.41401e-19 -242504 -235562 2.86491e-09 -3.27535e-09
2.60211e+06 0.00578863 -0.352329 -9.2934e-16 -4.98863e-19 -242367 -235658 -3.19415e-09 -4.786e-09
2.59145e+06 0.00579724 -0.353606 6.61228e-16 -5.95651e-19 -244135 -235808 6.78847e-09 -5.71457e-09
2.59271e+06 0.0058067 -0.354496 -1.01243e-15 -3.9062e-19 -243937 -235898 -3.70892e-09 -3.74755e-09
2.59306e+06 0.00581635 -0.355416 4.17593e-16 -7.87747e-19 -243791 -235992 5.2496e-09 -7.55752e-09
2.59274e+06 0.00582614 -0.356358 3.9103e-16 -2.04505e-19 -243676 -236088 5.09863e-09 -1.96199e-09
2.59239e+06 0.00583593 -0.3573 2.10446e-19 -3.74716e-19 -243565 -236185 2.64299e-09 -3.59497e-09
2.592e+06 0.00584577 -0.358242 -7.97696e-16 -5.50838e-19 -243458 -236280 -2.35923e-09 -5.28465e-09
2.59158e+06 0.00585568 -0.359185 -1.11119e-15 -6.34437e-19 -243354 -236372 -4.31464e-09 -6.08669e-09
2.59112e+06 0.00586559 -0.360128 -8.42923e-16 -6.70262e-19 -243253 -236464 -2.63208e-09 -6.43038e-09
2.58295e+06 0.00587689 -0.361333 -9.06415e-16 -4.60713e-18 -243693 -236588 -3.03407e-09 -4.42e-08
2.58266e+06 0.00588675 -0.362269 4.2557e-16 1.45035e-20 -243584 -236680 5.326e-09 1.39144e-10
2.58217e+06 0.00589665 -0.36321 4.29227e-16 -4.40771e-19 -243490 -236772 5.33328e-09 -4.22869e-09
2.58164e+06 0.00590654 -0.364152 4.19038e-16 -4.41866e-19 -243398 -236865 5.26597e-09 -4.23919e-09
2.57295e+06 0.00591824 -0.365372 -7.56861e-16 -5.70989e-18 -243745 -236991 -2.09366e-09 -5.47798e-08
2.57291e+06 0.00592803 -0.366296 -6.24396e-16 -2.06502e-19 -243620 -237082 -1.26784e-09 -1.98115e-09
2.57235e+06 0.00593806 -0.367237 -6.30059e-16 -6.71864e-19 -243533 -237170 -1.28784e-09 -6.44575e-09
2.57175e+06 0.00594811 -0.368179 -6.59936e-16 -7.11936e-19 -243450 -237258 -1.46429e-09 -6.8302e-09
2.57114e+06 0.00595817 -0.369122 -6.89954e-16 -7.12505e-19 -243370 -237345 -1.65892e-09 -6.83566e-09
2.5705e+06 0.00596822 -0.370064 -7.27713e-16 -7.40937e-19 -243291 -237433 -1.87538e-09 -7.10843e-09
2.5629e+06 0.0057912 -0.371949 -5.42563e-16 -6.93521e-19 -243436 -232881 -6.73026e-10 -6.65353e-09
2.56226e+06 0.00580154 -0.372889 -5.35964e-16 -7.16817e-19 -243362 -232983 -6.27551e-10 -6.87702e-09
2.5616e+06 0.00581191 -0.373829 -6.8606e-16 -7.89205e-19 -243290 -233084 -1.54068e-09 -7.5715e-09
2.52839e+06 0.00582238 -0.375763 4.73893e-16 1.48384e-18 -247463 -233338 5.49335e-09 1.42358e-08
2.53016e+06 0.00583248 -0.37667 -2.31802e-16 -4.42571e-19 -247348 -233434 1.24237e-09 -4.24596e-09
2.5306e+06 0.00584189 -0.37756 -4.86651e-16 -3.76455e-19 -247429 -233532 -3.03771e-10 -3.61164e-09
2.53091e+06 0.00585117 -0.378447 -4.7035e-16 5.40163e-20 -247543 -233629 -2.01908e-10 5.18223e-10
2.53109e+06 0.0058604 -0.379337 -4.42746e-16 3.81152e-20 -247690 -233727 -1.27329e-11 3.65671e-10
2.53097e+06 0.00586975 -0.380236 -4.4382e-16 -1.81205e-20 -247864 -233823 -2.00089e-11 -1.73845e-10
2.53091e+06 0.0058791 -0.381133 -4.24671e-16 -1.01453e-19 -248039 -233919 9.09495e-11 -9.73324e-10
2.53078e+06 0.00588843 -0.382032 -4.2247e-16 -4.52208e-20 -248223 -234014 1.05501e-10 -4.33841e-10
2.53056e+06 0.00589776 -0.382933 -4.22036e-16 -1.57852e-19 -248418 -234110 1.18234e-10 -1.51441e-09
2.53026e+06 0.00590707 -0.383836 -4.3592e-16 -1.0896e-19 -248624 -234207 4.54747e-11 -1.04534e-09
2.52988e+06 0.00591637 -0.384742 -4.55202e-16 -1.48288e-19 -248841 -234304 -6.73026e-11 -1.42265e-09
2.52943e+06 0.00592566 -0.385649 -4.774e-16 -1.94875e-19 -249068 -234401 -2.01908e-10 -1.8696e-09
2.5289e+06 0.00593494 -0.386559 -5.05474e-16 -2.05717e-19 -249304 -234499 -3.58341e-10 -1.97362e-09
2.5283e+06 0.00594421 -0.38747 -5.35629e-16 -2.28623e-19 -249550 -234597 -5.31145e-10 -2.19337e-09
2.52764e+06 0.00595346 -0.388383 -5.57401e-16 -2.88219e-19 -249803 -234696 -6.58474e-10 -2.76513e-09
2.52021e+06 0.00596373 -0.389527 -9.32683e-16 -3.9541e-18 -250630 -234825 -2.87037e-09 -3.7935e-08
2.51947e+06 0.00597295 -0.390441 -6.42947e-16 -3.84397e-19 -250895 -234924 -1.15688e-09 -3.68784e-09
2.51866e+06 0.00598216 -0.391358 -2.85157e-16 -3.25339e-19 -251168 -235023 9.49512e-10 -3.12125e-09
2.51782e+06 0.00599136 -0.392276 -1.43704e-16 -3.18671e-19 -251447 -235123 1.78989e-09 -3.05728e-09
2.51694e+06 0.00600054 -0.393195 -2.77381e-16 -3.85906e-19 -251731 -235223 1.00772e-09 -3.70232e-09
2.51603e+06 0.00600971 -0.394114 -3.86e-16 -4.39014e-19 -252017 -235323 3.7835e-10 -4.21183e-09
2.5151e+06 0.00601887 -0.395034 -4.82105e-16 -4.16333e-19 -252307 -235423 -1.90994e-10 -3.99423e-09
2.51415e+06 0.00602801 -0.395955 -5.30819e-16 -4.40866e-19 -252599 -235523 -4.6748e-10 -4.2296e-09
2.51319e+06 0.00603715 -0.396876 -5.38849e-16 -4.19983e-19 -252893 -235624 -4.91127e-10 -4.02925e-09
2.51222e+06 0.00604627 -0.397797 -5.59655e-16 -4.38434e-19 -253187 -235725 -6.14818e-10 -4.20626e-09
2.51124e+06 0.00605538 -0.398719 -5.93767e-16 -4.17833e-19 -253482 -235825 -8.13088e-10 -4.00862e-09
2.51024e+06 0.00606447 -0.39964 -6.32692e-16 -4.38386e-19 -253780 -235926 -1.01863e-09 -4.2058e-09
2.50925e+06 0.00607355 -0.400562 -6.51294e-16 -4.7162e-19 -254078 -236027 -1.11686e-09 -4.52464e-09
2.50825e+06 0.00608261 -0.401483 -6.75621e-16 -4.99591e-19 -254376 -236128 -1.24237e-09 -4.793e-09
2.50725e+06 0.00609166 -0.402405 -6.83664e-16 -4.65693e-19 -254675 -236229 -1.27875e-09 -4.46778e-09
2.50625e+06 0.0061007 -0.403327 -6.9177e-16 -4.66499e-19 -254973 -236330 -1.33514e-09 -4.47551e-09
2.50526e+06 0.00610972 -0.404248 -6.9559e-16 -4.85961e-19 -255271 -236432 -1.3406e-09 -4.66223e-09
2.48352e+06 0.00611798 -0.405743 5.76236e-16 -4.24008e-19 -258147 -236619 5.89716e-09 -4.06786e-09
2.48276e+06 0.00612721 -0.406659 2.05756e-16 -4.7758e-19 -258387 -236715 3.79623e-09 -4.58182e-09
2.48203e+06 0.00613642 -0.407574 -1.05963e-15 -4.35492e-19 -258630 -236811 -3.31784e-09 -4.17804e-09
2.48117e+06 0.00614555 -0.408492 -1.13574e-15 -4.05406e-19 -258908 -236908 -3.73257e-09 -3.8894e-09
2.48035e+06 0.00615466 -0.409409 -9.48692e-16 -4.70877e-19 -259182 -237005 -2.67391e-09 -4.51752e-09
2.47955e+06 0.00616376 -0.410326 -3.40394e-16 -4.11212e-19 -259455 -237102 7.33053e-10 -3.9451e-09
2.47874e+06 0.00617284 -0.411243 -1.20268e-16 -4.1855e-19 -259728 -237199 1.97724e-09 -4.0155e-09
2.47794e+06 0.0061819 -0.41216 -1.97656e-16 -4.74002e-19 -260000 -237296 1.52613e-09 -4.5475e-09
2.47714e+06 0.00619095 -0.413076 -3.18947e-16 -4.7336e-19 -260272 -237393 8.74934e-10 -4.54133e-09
2.47634e+06 0.00619998 -0.413993 -4.03218e-16 -4.60232e-19 -260544 -237490 4.01997e-10 -4.41539e-09
2.41161e+06 0.00620687 -0.416808 7.45295e-16 -9.11567e-19 -268760 -237867 6.67205e-09 -8.74542e-09
2.41291e+06 0.00621537 -0.417661 -1.08972e-15 1.83461e-19 -268934 -237957 -3.27418e-09 1.7601e-09
2.41414e+06 0.00622385 -0.418515 -2.80434e-16 5.00587e-19 -269115 -238047 1.1205e-09 4.80255e-09
2.41523e+06 0.00623232 -0.419374 2.29311e-19 6.16504e-19 -269311 -238137 2.63753e-09 5.91464e-09
2.41622e+06 0.00624077 -0.420235 5.79532e-17 5.76237e-19 -269519 -238229 2.93767e-09 5.52832e-09
2.41708e+06 0.0062492 -0.421101 9.10544e-17 5.1847e-19 -269742 -238320 3.11411e-09 4.97411e-09
2.41783e+06 0.0062577 -0.42197 8.0154e-17 4.97929e-19 -269978 -238411 3.06682e-09 4.77705e-09
2.41201e+06 0.00626353 -0.422776 -1.03261e-15 -4.68549e-19 -270915 -238502 -2.85581e-09 -4.49518e-09
2.41254e+06 0.00627202 -0.423652 -8.5533e-16 2.24765e-19 -271182 -238593 -1.90994e-09 2.15636e-09
2.4129e+06 0.00628049 -0.424534 -8.20549e-16 1.33079e-19 -271467 -238684 -1.69712e-09 1.27673e-09
2.41314e+06 0.00628894 -0.425419 -8.93659e-16 4.79632e-20 -271769 -238777 -2.07365e-09 4.60151e-10
2.41325e+06 0.00629735 -0.426308 -1.09151e-15 -1.95201e-20 -272086 -238870 -3.07773e-09 -1.87273e-10
2.41332e+06 0.0063058 -0.427198 -1.23233e-15 -1.56808e-19 -272391 -238963 -3.8217e-09 -1.50439e-09
2.38204e+06 0.00631674 -0.429002 2.34896e-16 -2.0362e-19 -275054 -239172 3.85808e-09 -1.9535e-09
2.38433e+06 0.00632509 -0.429832 -1.27553e-16 1.15851e-18 -275154 -239257 1.96997e-09 1.11145e-08
2.38631e+06 0.00633343 -0.430672 -2.35465e-16 6.7425e-19 -275283 -239343 1.41699e-09 6.46864e-09
2.38824e+06 0.00634174 -0.431513 -2.08076e-16 4.93789e-19 -275423 -239430 1.56069e-09 4.73733e-09
2.38989e+06 0.00635003 -0.432363 -2.53906e-16 5.31543e-19 -275588 -239517 1.33878e-09 5.09953e-09
2.39149e+06 0.0063583 -0.433215 -2.11005e-16 4.49994e-19 -275762 -239605 1.56615e-09 4.31716e-09
2.39296e+06 0.00636655 -0.43407 -2.21452e-16 4.14784e-19 -275949 -239694 1.49521e-09 3.97937e-09
2.39431e+06 0.00637477 -0.434928 -2.59084e-16 3.1038e-19 -276148 -239782 1.30785e-09 2.97773e-09
2.39555e+06 0.00638297 -0.43579 -3.01354e-16 2.39223e-19 -276359 -239872 1.09503e-09 2.29507e-09
2.39668e+06 0.00639115 -0.436655 -4.35127e-16 2.34549e-19 -276580 -239962 4.47471e-10 2.25023e-09
2.36676e+06 0.00640296 -0.438555 2.99113e-16 -1.1634e-18 -279018 -240179 4.11092e-09 -1.11614e-08
2.36807e+06 0.00641111 -0.439411 -5.17933e-16 1.54081e-19 -279185 -240267 5.27507e-11 1.47823e-09
2.34773e+06 0.0064211 -0.440877 3.39843e-16 -6.78027e-19 -280716 -240432 4.29827e-09 -6.50488e-09
2.32783e+06 0.00642377 -0.442399 4.54042e-16 -9.16654e-19 -284661 -240625 4.83669e-09 -8.79423e-09
2.32801e+06 0.00643215 -0.443288 3.37132e-16 -4.04884e-19 -284807 -240717 4.25098e-09 -3.88439e-09
2.32808e+06 0.00644051 -0.44418 2.91335e-16 -2.51929e-19 -284963 -240809 4.0327e-09 -2.41696e-09
2.32794e+06 0.00644884 -0.445078 3.25427e-16 -3.90931e-19 -285137 -240902 4.19641e-09 -3.75052e-09
2.32777e+06 0.00645714 -0.445977 3.78979e-16 -4.94126e-19 -285312 -240995 4.43652e-09 -4.74056e-09
2.32752e+06 0.00646543 -0.446879 4.15081e-16 -5.16894e-19 -285493 -241088 4.61841e-09 -4.95899e-09
2.32719e+06 0.00647369 -0.447784 3.99721e-16 -5.35994e-19 -285680 -241182 4.52746e-09 -5.14224e-09
2.32678e+06 0.00648193 -0.448691 2.6262e-16 -5.60533e-19 -285871 -241276 3.85444e-09 -5.37766e-09
2.29367e+06 0.00649132 -0.450665 7.74806e-16 -6.12292e-19 -288792 -241505 6.24095e-09 -5.87423e-09
2.29413e+06 0.0064994 -0.451547 8.56277e-16 -1.22657e-19 -288917 -241595 6.58474e-09 -1.17675e-09
2.27327e+06 0.00650799 -0.453045 -1.04013e-15 -7.20818e-19 -290600 -241764 -2.1555e-09 -6.91541e-09
2.27362e+06 0.00651597 -0.453931 -1.88374e-15 -2.89131e-19 -290732 -241855 -5.99721e-09 -2.77388e-09
2.27384e+06 0.00652393 -0.454821 -1.65551e-15 -3.49543e-19 -290872 -241946 -4.92582e-09 -3.35346e-09
2.27397e+06 0.00653186 -0.455714 -1.34755e-15 -4.45179e-19 -291019 -242038 -3.49792e-09 -4.27098e-09
2.27401e+06 0.00653976 -0.45661 -7.6662e-16 -4.64176e-19 -291173 -242131 -8.31278e-10 -4.45322e-09
2.27397e+06 0.00654763 -0.457509 -1.64367e-16 -5.47386e-19 -291332 -242224 1.86992e-09 -5.25153e-09
2.27384e+06 0.00655546 -0.458411 3.51747e-16 -4.89336e-19 -291498 -242317 4.18549e-09 -4.69461e-09
2.27365e+06 0.00656326 -0.459315 2.96396e-16 -5.49473e-19 -291668 -242410 3.94175e-09 -5.27155e-09
2.27338e+06 0.00657103 -0.460221 2.45149e-16 -6.14951e-19 -291845 -242504 3.70164e-09 -5.89974e-09
2.27304e+06 0.00657875 -0.46113 1.88002e-16 -6.56519e-19 -292025 -242598 3.43243e-09 -6.29853e-09
2.27265e+06 0.00658644 -0.46204 1.25366e-16 -6.40941e-19 -292211 -242692 3.16504e-09 -6.14908e-09
2.25149e+06 0.00659506 -0.463639 3.69695e-16 -6.4735e-19 -293831 -242869 4.2055e-09 -6.21057e-09
2.25114e+06 0.00660259 -0.464548 2.69386e-16 -5.41244e-19 -294015 -242963 3.76895e-09 -5.1926e-09
2.25075e+06 0.00661008 -0.465459 1.90928e-16 -5.07068e-19 -294201 -243057 3.43425e-09 -4.86472e-09
2.25033e+06 0.00661752 -0.466371 1.34147e-16 -5.6695e-19 -294389 -243151 3.17959e-09 -5.43922e-09
2.24988e+06 0.00662491 -0.467283 9.47053e-17 -6.09215e-19 -294579 -243245 3.00861e-09 -5.84471e-09
2.2505e+06 0.00663276 -0.468162 -6.3884e-16 3.17431e-19 -294560 -243334 -7.63976e-11 3.04538e-09
2.25151e+06 0.00664075 -0.469028 -1.42244e-15 2.66755e-19 -294464 -243421 -3.35604e-09 2.55921e-09
2.25251e+06 0.00664872 -0.469896 -1.15492e-15 2.04526e-19 -294370 -243509 -2.20643e-09 1.96219e-09
2.2535e+06 0.00665665 -0.470763 -9.91522e-16 2.47361e-19 -294276 -243596 -1.51522e-09 2.37314e-09
2.25449e+06 0.00666454 -0.47163 -8.96655e-16 2.22567e-19 -294183 -243683 -1.09867e-09 2.13527e-09
2.23569e+06 0.00667201 -0.473143 2.81619e-16 -7.44041e-19 -295594 -243848 3.75258e-09 -7.13821e-09
2.23681e+06 0.00667977 -0.474007 -2.09136e-16 2.93149e-19 -295494 -243935 1.76442e-09 2.81243e-09
2.23791e+06 0.00668748 -0.47487 -1.19626e-15 4.47815e-19 -295395 -244021 -2.22099e-09 4.29627e-09
2.23902e+06 0.00669516 -0.475734 -1.05186e-15 4.33981e-19 -295296 -244108 -1.63345e-09 4.16354e-09
2.24014e+06 0.00670279 -0.476597 -9.91738e-16 4.43315e-19 -295198 -244195 -1.36424e-09 4.25309e-09
2.24207e+06 0.00671038 -0.477438 -1.14541e-15 2.23699e-19 -295057 -244278 -1.94996e-09 2.14613e-09
2.24466e+06 0.00671792 -0.47826 -1.21255e-16 1.13689e-18 -294882 -244360 2.11003e-09 1.09071e-08
2.24721e+06 0.00672542 -0.479084 6.70606e-17 1.1868e-18 -294710 -244442 2.85399e-09 1.13859e-08
2.24966e+06 0.00673288 -0.47991 4.41962e-17 1.21239e-18 -294546 -244524 2.77396e-09 1.16315e-08
2.25178e+06 0.0067403 -0.480748 -3.25525e-17 9.43235e-19 -294405 -244608 2.46837e-09 9.04925e-09
2.25357e+06 0.00674769 -0.481597 -8.44782e-16 -3.58982e-19 -294286 -244693 -6.69388e-10 -3.44401e-09
2.25491e+06 0.00675504 -0.482461 -2.88789e-16 5.94172e-19 -294195 -244779 1.47702e-09 5.70039e-09
2.25624e+06 0.00676411 -0.483324 4.47835e-17 2.8545e-19 -294106 -244868 2.80852e-09 2.73856e-09
2.25767e+06 0.00677344 -0.484184 1.64773e-16 5.25797e-19 -294012 -244957 3.42516e-09 5.04441e-09
2.25904e+06 0.00678277 -0.485046 1.60609e-16 5.28318e-19 -293921 -245047 3.40879e-09 5.0686e-09
2.2604e+06 0.00679208 -0.485908 1.29557e-16 4.80302e-19 -293830 -245136 3.2378e-09 4.60794e-09
2.26174e+06 0.00680139 -0.48677 7.32561e-17 3.34061e-19 -293741 -245225 2.93949e-09 3.20492e-09
2.26311e+06 0.00681067 -0.487632 1.53592e-17 4.08428e-19 -293651 -245315 2.66846e-09 3.91839e-09
2.26444e+06 0.00681996 -0.488495 -3.48988e-17 4.12347e-19 -293564 -245404 2.40652e-09 3.95599e-09
2.26571e+06 0.00682923 -0.489359 -6.51677e-17 3.58523e-19 -293480 -245494 2.25555e-09 3.43961e-09
2.26683e+06 0.00683852 -0.490227 -1.22018e-16 2.57244e-19 -293407 -245584 1.99361e-09 2.46796e-09
2.26771e+06 0.00684781 -0.491103 -7.71374e-16 -5.30611e-19 -293354 -245675 -1.16961e-09 -5.09059e-09
2.26783e+06 0.00685717 -0.492 -1.20206e-15 -6.87252e-19 -293360 -245770 -3.23416e-09 -6.59338e-09
2.26761e+06 0.00686655 -0.492906 -1.40341e-15 -2.78721e-19 -293390 -245865 -4.17822e-09 -2.67401e-09
2.26748e+06 0.00687591 -0.49381 -1.51483e-15 -5.52727e-19 -293416 -245960 -4.68754e-09 -5.30277e-09
2.26775e+06 0.00688518 -0.494701 -1.56424e-15 1.21532e-20 -293415 -246054 -4.88762e-09 1.16596e-10
2.27041e+06 0.00689407 -0.495518 -2.4887e-16 1.53571e-18 -293258 -246138 1.38971e-09 1.47334e-08
2.27311e+06 0.00690294 -0.496335 1.52188e-16 1.35019e-18 -293100 -246222 3.3142e-09 1.29535e-08
2.27579e+06 0.0069118 -0.497151 1.97988e-16 1.39031e-18 -292942 -246306 3.51611e-09 1.33384e-08
2.27847e+06 0.00692066 -0.497968 1.53279e-16 1.35832e-18 -292784 -246390 3.30328e-09 1.30315e-08
2.28115e+06 0.00692951 -0.498785 1.79103e-16 1.32205e-18 -292626 -246475 3.41242e-09 1.26835e-08
2.28382e+06 0.00693834 -0.499602 1.68908e-16 1.3643e-18 -292469 -246559 3.34876e-09 1.30888e-08
2.28648e+06 0.00694717 -0.500419 1.61015e-16 1.37018e-18 -292312 -246643 3.30692e-09 1.31453e-08
2.28913e+06 0.006956 -0.501237 1.2812e-16 1.37672e-18 -292156 -246727 3.17414e-09 1.3208e-08
2.29176e+06 0.00696481 -0.502055 1.41126e-16 1.30408e-18 -292001 -246812 3.22143e-09 1.25111e-08
2.29438e+06 0.00697361 -0.502874 1.08514e-16 1.35052e-18 -291846 -246896 3.06318e-09 1.29567e-08
2.29697e+06 0.00698241 -0.503693 1.05649e-16 1.29397e-18 -291694 -246981 3.04135e-09 1.24141e-08
2.29953e+06 0.00699121 -0.504513 9.88137e-17 1.26627e-18 -291544 -247066 3.01043e-09 1.21484e-08
2.302e+06 0.007 -0.505336 1.14254e-16 1.23504e-18 -291399 -247151 3.07045e-09 1.18488e-08
2.30425e+06 0.00700881 -0.506164 1.21532e-16 1.15259e-18 -291268 -247237 3.12139e-09 1.10578e-08
2.30621e+06 0.00701764 -0.507001 -6.35991e-16 -3.6075e-19 -291155 -247324 -3.52884e-10 -3.46097e-09
2.30651e+06 0.00703589 -0.507987 -4.24838e-16 -9.7741e-19 -291155 -246746 1.18962e-09 -9.37711e-09
2.30745e+06 0.00704578 -0.50885 -1.37671e-16 7.24222e-19 -291108 -246842 1.92813e-09 6.94807e-09
2.30821e+06 0.0070547 -0.509721 8.52021e-17 2.90183e-19 -291074 -246936 2.93767e-09 2.78397e-09
2.30874e+06 0.00706363 -0.510599 2.18761e-16 -3.06134e-19 -291061 -247031 3.51611e-09 -2.937e-09
2.30948e+06 0.00707251 -0.51147 2.15476e-16 4.70221e-19 -291033 -247125 3.48518e-09 4.51122e-09
2.31055e+06 0.00708134 -0.51233 2.47884e-16 3.9922e-19 -290981 -247218 3.64344e-09 3.83005e-09
2.31165e+06 0.00709015 -0.51319 1.71313e-16 3.40122e-19 -290927 -247310 3.29419e-09 3.26307e-09
2.31272e+06 0.00709895 -0.51405 -1.33044e-17 3.821e-19 -290875 -247403 2.47383e-09 3.66581e-09
2.31379e+06 0.00710774 -0.514911 -2.01911e-16 3.17984e-19 -290823 -247496 1.62436e-09 3.05069e-09
2.31485e+06 0.00711652 -0.515772 -3.26406e-16 3.05681e-19 -290771 -247589 1.06593e-09 2.93266e-09
2.31591e+06 0.00712528 -0.516633 -3.82202e-16 3.28483e-19 -290720 -247681 8.34916e-10 3.15141e-09
2.31695e+06 0.00713404 -0.517494 -3.97885e-16 2.81064e-19 -290670 -247774 7.82165e-10 2.69648e-09
2.31799e+06 0.00714278 -0.518356 -4.03188e-16 2.82677e-19 -290620 -247867 7.53062e-10 2.71196e-09
2.31901e+06 0.0071515 -0.519218 -3.96798e-16 2.54426e-19 -290571 -247960 8.0945e-10 2.44092e-09
2.32002e+06 0.00716022 -0.52008 -3.95006e-16 2.97005e-19 -290523 -248053 8.11269e-10 2.84941e-09
2.32101e+06 0.00716892 -0.520944 -4.36112e-16 2.50247e-19 -290476 -248146 6.49379e-10 2.40083e-09
2.32194e+06 0.00717762 -0.521809 -4.59966e-16 2.51773e-19 -290434 -248239 5.4024e-10 2.41547e-09
2.32276e+06 0.00718632 -0.522677 -4.93238e-16 2.1886e-19 -290400 -248333 3.94721e-10 2.09971e-09
2.32321e+06 0.00719503 -0.523557 -6.27783e-16 1.54692e-19 -290391 -248428 -1.6189e-10 1.48409e-09
2.3233e+06 0.00720377 -0.524448 -8.92049e-16 -3.86942e-19 -290412 -248525 -1.26784e-09 -3.71226e-09
2.32274e+06 0.00721257 -0.525359 -1.13286e-15 -1.44399e-19 -290477 -248624 -2.27374e-09 -1.38534e-09
2.32229e+06 0.00722133 -0.526267 -1.24585e-15 -5.22029e-19 -290535 -248723 -2.7303e-09 -5.00826e-09
2.32177e+06 0.00723008 -0.527178 -1.42114e-15 -3.6648e-19 -290598 -248822 -3.43061e-09 -3.51595e-09
2.32124e+06 0.00723881 -0.528088 -1.54409e-15 -4.15971e-19 -290661 -248922 -3.93266e-09 -3.99076e-09
2.32071e+06 0.00724753 -0.528998 -1.64674e-15 -4.29599e-19 -290725 -249021 -4.32738e-09 -4.1215e-09
2.32017e+06 0.00725623 -0.529909 -1.73535e-15 -4.2426e-19 -290788 -249120 -4.66571e-09 -4.07028e-09
2.31964e+06 0.0072649 -0.530819 -1.8029e-15 -4.28042e-19 -290852 -249219 -4.91127e-09 -4.10656e-09
2.3191e+06 0.00727356 -0.53173 -1.85573e-15 -4.64231e-19 -290916 -249318 -5.10954e-09 -4.45376e-09
2.31857e+06 0.0072822 -0.53264 -1.89562e-15 -4.58166e-19 -290980 -249417 -5.22414e-09 -4.39557e-09
2.31804e+06 0.00729082 -0.533551 -1.92609e-15 -4.67651e-19 -291044 -249516 -5.2969e-09 -4.48657e-09
2.31749e+06 0.00729943 -0.534461 -1.95317e-15 -4.24175e-19 -291108 -249615 -5.36056e-09 -4.06946e-09
2.31696e+06 0.00730801 -0.535372 -1.96071e-15 -4.70561e-19 -291172 -249715 -5.36966e-09 -4.51448e-09
2.31643e+06 0.00731657 -0.536282 -1.96793e-15 -4.35311e-19 -291236 -249814 -5.38421e-09 -4.17631e-09
2.31589e+06 0.00732513 -0.537193 -1.97409e-15 -4.7316e-19 -291300 -249913 -5.30054e-09 -4.53942e-09
2.31535e+06 0.0073338 -0.538104 -1.96839e-15 -4.43266e-19 -291364 -250010 -5.23505e-09 -4.25262e-09
2.31481e+06 0.00734246 -0.539015 -1.95734e-15 -4.55827e-19 -291428 -250108 -5.1532e-09 -4.37313e-09
2.31427e+06 0.00735109 -0.539926 -1.9404e-15 -4.69488e-19 -291492 -250206 -5.05497e-09 -4.50419e-09
2.31373e+06 0.00735971 -0.540836 -1.9211e-15 -4.27919e-19 -291555 -250304 -4.94401e-09 -4.10539e-09
2.31319e+06 0.00736831 -0.541747 -1.89499e-15 -4.86935e-19 -291619 -250401 -4.81123e-09 -4.67157e-09
2.31265e+06 0.00737689 -0.542658 -1.87102e-15 -4.36568e-19 -291683 -250499 -4.68935e-09 -4.18837e-09
2.3121e+06 0.00738545 -0.54357 -1.83767e-15 -4.74019e-19 -291747 -250597 -4.55111e-09 -4.54766e-09
2.31156e+06 0.00739399 -0.544481 -1.80848e-15 -4.70152e-19 -291811 -250694 -4.39286e-09 -4.51056e-09
2.31101e+06 0.00740252 -0.545392 -1.76171e-15 -4.5292e-19 -291875 -250792 -4.18186e-09 -4.34524e-09
2.31046e+06 0.00741102 -0.546303 -1.65375e-15 -4.59576e-19 -291939 -250890 -3.75985e-09 -4.40909e-09
2.30992e+06 0.00741951 -0.547214 -1.02576e-15 -5.0078e-19 -292003 -250987 -1.38425e-09 -4.8044e-09
2.30937e+06 0.00742797 -0.548125 1.05953e-16 -4.50421e-19 -292067 -251085 2.8449e-09 -4.32126e-09
2.30882e+06 0.00743642 -0.549036 8.96363e-16 -4.66528e-19 -292131 -251183 5.73527e-09 -4.47579e-09
2.30827e+06 0.00744485 -0.549948 7.74652e-16 -4.54594e-19 -292195 -251280 5.2878e-09 -4.3613e-09
2.30772e+06 0.00745325 -0.550859 4.49112e-16 -4.14387e-19 -292259 -251378 4.06362e-09 -3.97556e-09
2.30717e+06 0.00746164 -0.55177 1.20198e-16 -4.50629e-19 -292323 -251475 2.85399e-09 -4.32326e-09
2.30663e+06 0.00747001 -0.552682 -5.38339e-17 -4.92137e-19 -292387 -251573 2.21189e-09 -4.72148e-09
2.30608e+06 0.00747836 -0.553593 -2.04408e-16 -4.44238e-19 -292450 -251670 1.67711e-09 -4.26195e-09
2.30552e+06 0.00748668 -0.554504 -3.26342e-16 -5.1004e-19 -292515 -251768 1.23873e-09 -4.89324e-09
2.30497e+06 0.00749499 -0.555416 -4.37999e-16 -4.86109e-19 -292579 -251865 8.44011e-10 -4.66365e-09
2.30442e+06 0.00750328 -0.556327 -5.30799e-16 -4.60149e-19 -292643 -251963 5.16593e-10 -4.4146e-09
2.30386e+06 0.00751154 -0.557238 -6.15417e-16 -4.49247e-19 -292707 -252060 2.40107e-10 -4.31e-09
2.30331e+06 0.00751979 -0.55815 -6.85233e-16 -4.66332e-19 -292771 -252158 -3.09228e-11 -4.47391e-09
2.30276e+06 0.00752801 -0.559061 -7.49012e-16 -4.57259e-19 -292834 -252255 -2.12822e-10 -4.38686e-09
2.3022e+06 0.00753622 -0.559972 -8.03896e-16 -5.05938e-19 -292898 -252352 -4.09273e-10 -4.85389e-09
2.30165e+06 0.0075444 -0.560884 -8.5337e-16 -4.92544e-19 -292962 -252450 -5.54792e-10 -4.72538e-09
2.3011e+06 0.00755256 -0.561795 -8.99413e-16 -4.44113e-19 -293025 -252547 -7.07587e-10 -4.26075e-09
2.30055e+06 0.0075607 -0.562707 -9.31452e-16 -4.93491e-19 -293089 -252644 -7.89441e-10 -4.73447e-09
2.29904e+06 0.00756826 -0.563605 -1.08458e-15 -8.74878e-19 -293284 -252741 -1.30603e-09 -8.39343e-09
2.29856e+06 0.00757642 -0.564514 -1.3621e-15 -2.8059e-19 -293342 -252838 -2.21007e-09 -2.69194e-09
2.29794e+06 0.00758462 -0.565428 -1.82887e-15 -3.4524e-19 -293410 -252934 -3.72711e-09 -3.31217e-09
2.29739e+06 0.0075928 -0.56634 -2.26139e-15 -4.14083e-19 -293474 -253031 -5.1532e-09 -3.97264e-09
2.29684e+06 0.00760096 -0.567252 -2.22961e-15 -4.07482e-19 -293537 -253127 -5.00404e-09 -3.90932e-09
2.29629e+06 0.00760909 -0.568163 -1.95644e-15 -3.5618e-19 -293600 -253224 -4.0709e-09 -3.41713e-09
2.29574e+06 0.00761721 -0.569075 -1.21636e-15 -3.62497e-19 -293663 -253320 -1.61344e-09 -3.47774e-09
2.29519e+06 0.0076253 -0.569986 -2.47949e-16 -3.94371e-19 -293725 -253416 1.54614e-09 -3.78353e-09
2.29463e+06 0.00763338 -0.570898 3.61784e-16 -4.02485e-19 -293788 -253513 3.52338e-09 -3.86137e-09
2.29408e+06 0.00764143 -0.57181 4.07225e-16 -3.86111e-19 -293851 -253609 3.66526e-09 -3.70429e-09
2.29353e+06 0.00764946 -0.572722 1.25204e-16 -4.30568e-19 -293914 -253705 2.74122e-09 -4.1308e-09
2.29297e+06 0.00765747 -0.573634 -1.30642e-16 -3.88848e-19 -293977 -253801 1.91721e-09 -3.73054e-09
2.29241e+06 0.00766546 -0.574546 -3.51284e-16 -4.10096e-19 -294040 -253897 1.21872e-09 -3.93439e-09
2.29185e+06 0.00767343 -0.575458 -5.56262e-16 -3.96374e-19 -294103 -253994 5.72982e-10 -3.80275e-09
2.2913e+06 0.00768137 -0.57637 -7.44158e-16 -4.26605e-19 -294166 -254090 -5.45697e-12 -4.09278e-09
2.29074e+06 0.0076893 -0.577282 -9.48844e-16 -4.31718e-19 -294229 -254186 -6.31189e-10 -4.14183e-09
2.29018e+06 0.0076972 -0.578194 -1.19411e-15 -4.13679e-19 -294293 -254282 -1.37516e-09 -3.96877e-09
2.28962e+06 0.00770508 -0.579105 -1.48477e-15 -3.92949e-19 -294356 -254378 -2.26646e-09 -3.76989e-09
2.28906e+06 0.00771293 -0.580017 -1.79095e-15 -3.88188e-19 -294419 -254474 -3.16322e-09 -3.72421e-09
2.28851e+06 0.00772077 -0.580929 -2.06108e-15 -3.95203e-19 -294482 -254570 -3.98904e-09 -3.79152e-09
2.28795e+06 0.00772858 -0.581841 -2.29889e-15 -3.91091e-19 -294545 -254666 -4.64024e-09 -3.75206e-09
2.28739e+06 0.00773637 -0.582753 -2.51221e-15 -4.08671e-19 -294608 -254762 -5.24778e-09 -3.92072e-09
2.28684e+06 0.00774413 -0.583665 -2.70368e-15 -3.71295e-19 -294671 -254858 -5.77347e-09 -3.56214e-09
2.28628e+06 0.00775188 -0.584577 -2.87801e-15 -3.87357e-19 -294734 -254954 -6.28097e-09 -3.71623e-09
2.28573e+06 0.0077596 -0.585489 -3.0315e-15 -4.32314e-19 -294797 -255050 -6.67387e-09 -4.14755e-09
2.28517e+06 0.00776729 -0.586401 -3.17875e-15 -3.95485e-19 -294859 -255146 -7.06495e-09 -3.79422e-09
2.28462e+06 0.00777497 -0.587312 -3.31598e-15 -3.99664e-19 -294922 -255241 -7.41056e-09 -3.83431e-09
2.28406e+06 0.00778262 -0.588224 -3.43505e-15 -3.96989e-19 -294985 -255337 -7.70524e-09 -3.80865e-09
2.28349e+06 0.00779025 -0.589137 -3.55007e-15 -4.05984e-19 -295048 -255433 -7.98354e-09 -3.89495e-09
2.28294e+06 0.00779785 -0.590048 -3.65758e-15 -4.16586e-19 -295110 -255529 -8.21638e-09 -3.99666e-09
2.28238e+06 0.00780544 -0.590961 -3.75656e-15 -4.01695e-19 -295173 -255624 -8.45466e-09 -3.8538e-09
2.28182e+06 0.00781299 -0.591873 -3.85175e-15 -3.74015e-19 -295236 -255720 -8.67476e-09 -3.58824e-09
2.27954e+06 0.00782057 -0.592833 -1.37053e-16 6.13456e-19 -295390 -255822 1.85719e-09 5.8854e-09
2.27816e+06 0.00782805 -0.593768 -4.6729e-16 -9.64376e-19 -295508 -255920 8.96762e-10 -9.25206e-09
2.27775e+06 0.00783554 -0.594676 -1.51746e-15 -2.0694e-19 -295561 -256015 -1.95905e-09 -1.98535e-09
2.2772e+06 0.00784299 -0.595588 -2.1559e-15 -3.47541e-19 -295624 -256111 -3.73257e-09 -3.33425e-09
2.27654e+06 0.00785042 -0.596503 -1.96999e-15 -4.84149e-19 -295693 -256206 -3.19051e-09 -4.64485e-09
2.27599e+06 0.00785783 -0.597414 -1.29744e-15 -5.30766e-19 -295754 -256302 -1.32241e-09 -5.09208e-09
2.27544e+06 0.00786521 -0.598326 -3.2557e-16 -4.8028e-19 -295816 -256397 1.32241e-09 -4.60772e-09
2.27405e+06 0.00787254 -0.599262 -1.90528e-16 -8.16982e-19 -295935 -256496 1.70257e-09 -7.83799e-09
2.2735e+06 0.00787987 -0.600174 -7.96349e-16 -3.66041e-19 -295996 -256591 6.18456e-11 -3.51173e-09
2.27296e+06 0.00788718 -0.601086 -1.26691e-15 -4.16077e-19 -296058 -256686 -1.16961e-09 -3.99177e-09
2.27241e+06 0.00789446 -0.601998 -1.58352e-15 -4.21704e-19 -296119 -256782 -1.99543e-09 -4.04576e-09
2.27187e+06 0.00790172 -0.602909 -1.78781e-15 -4.55694e-19 -296180 -256877 -2.50111e-09 -4.37186e-09
2.27134e+06 0.00790895 -0.603821 -2.00069e-15 -4.31689e-19 -296240 -256972 -3.03407e-09 -4.14155e-09
2.27078e+06 0.00791616 -0.604733 -2.17458e-15 -4.49223e-19 -296302 -257067 -3.46517e-09 -4.30978e-09
2.27024e+06 0.00792334 -0.605645 -2.33592e-15 -4.75549e-19 -296362 -257163 -3.86717e-09 -4.56233e-09
2.26968e+06 0.00793049 -0.606557 -2.48672e-15 -4.72302e-19 -296423 -257258 -4.21824e-09 -4.53118e-09
2.26913e+06 0.00793762 -0.607469 -2.62598e-15 -4.70502e-19 -296484 -257353 -4.54202e-09 -4.51392e-09
2.26858e+06 0.00794473 -0.608381 -2.75702e-15 -4.9327e-19 -296544 -257448 -4.83487e-09 -4.73235e-09
2.26803e+06 0.00795181 -0.609293 -2.88622e-15 -4.93468e-19 -296604 -257543 -5.1059e-09 -4.73425e-09
2.26748e+06 0.00795886 -0.610205 -3.02768e-15 -4.26584e-19 -296664 -257638 -5.41513e-09 -4.09258e-09
2.26693e+06 0.00796588 -0.611117 -3.1538e-15 -4.62659e-19 -296725 -257733 -5.70617e-09 -4.43867e-09
2.26638e+06 0.00797288 -0.612029 -3.28048e-15 -4.43986e-19 -296785 -257828 -5.96992e-09 -4.25952e-09
2.26498e+06 0.00797978 -0.612968 -3.02023e-16 3.8111e-19 -296908 -257926 1.41881e-09 3.65631e-09
2.26365e+06 0.00799952 -0.613985 1.30667e-16 -6.98803e-19 -297029 -257471 3.89809e-09 -6.7042e-09
2.26327e+06 0.00800972 -0.614891 3.71716e-17 -2.99989e-20 -297081 -257573 2.24827e-09 -2.87804e-10
2.26172e+06 0.00801677 -0.615834 -1.02484e-15 3.44208e-19 -297229 -257674 -3.58341e-10 3.30228e-09
2.26123e+06 0.00802369 -0.616744 -1.28712e-15 -3.25207e-19 -297278 -257771 -9.85892e-10 -3.11998e-09
2.26065e+06 0.00803055 -0.617657 -1.67439e-15 -4.01763e-19 -297339 -257867 -1.89539e-09 -3.85445e-09
2.26011e+06 0.00803738 -0.618568 -2.0139e-15 -4.02984e-19 -297398 -257964 -2.66846e-09 -3.86616e-09
2.25957e+06 0.00804418 -0.61948 -2.3276e-15 -4.08764e-19 -297457 -258061 -3.40515e-09 -3.92161e-09
2.25904e+06 0.00805096 -0.620391 -2.61493e-15 -3.84749e-19 -297516 -258157 -4.03452e-09 -3.69122e-09
2.25764e+06 0.00805762 -0.621331 -4.77289e-16 2.53554e-19 -297641 -258257 9.69521e-10 2.43255e-09
2.25713e+06 0.00806433 -0.622242 -7.47645e-17 -4.17405e-19 -297699 -258353 1.9154e-09 -4.00452e-09
2.25668e+06 0.00807102 -0.623151 -3.76684e-16 -3.97787e-19 -297752 -258449 1.21327e-09 -3.8163e-09
2.25605e+06 0.00807768 -0.624065 -6.19209e-16 -3.71228e-19 -297817 -258546 6.74845e-10 -3.5615e-09
2.25551e+06 0.0080843 -0.624976 -7.87151e-16 -4.80599e-19 -297875 -258642 2.76486e-10 -4.61079e-09
2.25497e+06 0.0080909 -0.625888 -9.49312e-16 -4.22398e-19 -297933 -258738 -7.09406e-11 -4.05242e-09
2.25444e+06 0.00809748 -0.626799 -1.091e-15 -4.19775e-19 -297992 -258834 -3.80169e-10 -4.02725e-09
2.2539e+06 0.00810402 -0.627711 -1.21726e-15 -4.15523e-19 -298050 -258930 -6.36646e-10 -3.98646e-09
2.25336e+06 0.00811053 -0.628622 -1.33679e-15 -4.13253e-19 -298108 -259027 -9.004e-10 -3.96468e-09
2.25283e+06 0.00811701 -0.629534 -1.44467e-15 -4.67723e-19 -298166 -259123 -1.13505e-09 -4.48725e-09
2.25229e+06 0.00812346 -0.630445 -1.55349e-15 -4.06064e-19 -298224 -259219 -1.33696e-09 -3.89571e-09
2.25175e+06 0.00812988 -0.631357 -1.64696e-15 -4.11879e-19 -298282 -259315 -1.53159e-09 -3.9515e-09
2.25122e+06 0.00813627 -0.632268 -1.7359e-15 -4.03404e-19 -298339 -259410 -1.70803e-09 -3.8702e-09
2.25068e+06 0.00814263 -0.63318 -1.82502e-15 -3.86639e-19 -298397 -259506 -1.86628e-09 -3.70935e-09
2.25014e+06 0.00814895 -0.634091 -1.90466e-15 -4.25765e-19 -298454 -259602 -2.03363e-09 -4.08471e-09
2.24961e+06 0.00815525 -0.635003 -1.98471e-15 -4.07496e-19 -298512 -259698 -2.17369e-09 -3.90945e-09
2.24907e+06 0.00816151 -0.635914 -2.06048e-15 -4.11045e-19 -298569 -259794 -2.30466e-09 -3.94349e-09
2.24391e+06 0.00816728 -0.636924 -1.05366e-15 -9.45402e-18 -298850 -259901 -1.76442e-10 -9.07003e-08
2.24457e+06 0.00817365 -0.6378 -1.93297e-15 2.42983e-19 -298823 -259993 -1.98452e-09 2.33113e-09
2.24405e+06 0.00817981 -0.638711 -2.1427e-15 -4.38238e-19 -298879 -260088 -2.40107e-09 -4.20438e-09
2.24353e+06 0.00818594 -0.639622 -2.36416e-15 -3.88572e-19 -298935 -260184 -2.83035e-09 -3.72789e-09
2.243e+06 0.00819204 -0.640534 -2.54098e-15 -4.62457e-19 -298991 -260279 -3.15595e-09 -4.43674e-09
2.24248e+06 0.0081981 -0.641445 -2.69988e-15 -3.89928e-19 -299047 -260374 -3.43425e-09 -3.7409e-09
2.24195e+06 0.00820412 -0.642357 -2.83189e-15 -4.22233e-19 -299104 -260470 -3.68709e-09 -4.05084e-09
2.24142e+06 0.00821011 -0.643268 -2.94855e-15 -4.54111e-19 -299160 -260565 -3.89446e-09 -4.35667e-09
2.2409e+06 0.00821607 -0.644179 -3.05964e-15 -4.42876e-19 -299216 -260661 -4.06362e-09 -4.24888e-09
2.24036e+06 0.00822199 -0.645091 -3.15541e-15 -4.14841e-19 -299272 -260756 -4.23461e-09 -3.97992e-09
2.23984e+06 0.00822788 -0.646003 -3.24064e-15 -4.37526e-19 -299328 -260851 -4.35466e-09 -4.19756e-09
2.23931e+06 0.00823373 -0.646914 -3.31579e-15 -4.24355e-19 -299384 -260946 -4.46016e-09 -4.0712e-09
2.23878e+06 0.00823954 -0.647826 -3.39397e-15 -4.00988e-19 -299440 -261041 -4.57294e-09 -3.84701e-09
2.23825e+06 0.00824532 -0.648737 -3.45534e-15 -4.71124e-19 -299496 -261137 -4.64024e-09 -4.51988e-09
2.23772e+06 0.00825106 -0.649649 -3.51892e-15 -4.37066e-19 -299552 -261232 -4.73483e-09 -4.19314e-09
2.23719e+06 0.00825677 -0.65056 -3.57489e-15 -4.82922e-19 -299608 -261327 -4.79122e-09 -4.63308e-09
2.23666e+06 0.00826243 -0.651472 -3.63469e-15 -4.45413e-19 -299663 -261422 -4.85306e-09 -4.27322e-09
2.23614e+06 0.00826806 -0.652384 -3.68657e-15 -4.48426e-19 -299719 -261517 -4.92582e-09 -4.30212e-09
2.23561e+06 0.00827365 -0.653295 -3.73993e-15 -4.12076e-19 -299774 -261611 -4.98039e-09 -3.95339e-09
2.23424e+06 0.00827896 -0.65424 -3.88283e-15 -7.9402e-19 -299908 -261710 -5.16957e-09 -7.6177e-09
2.23371e+06 0.00828447 -0.655152 -3.44201e-15 -2.47333e-19 -299963 -261805 -4.33829e-09 -2.37288e-09
2.23319e+06 0.00828994 -0.656063 -1.8477e-15 -4.05927e-19 -300018 -261900 -1.42427e-09 -3.89439e-09
2.23266e+06 0.00829538 -0.656975 1.59752e-16 -3.67301e-19 -300073 -261994 2.20462e-09 -3.52382e-09
2.23214e+06 0.00830077 -0.657887 6.92782e-16 -4.01271e-19 -300127 -262089 3.15777e-09 -3.84973e-09
2.23162e+06 0.00830612 -0.658798 -3.07899e-16 -4.20264e-19 -300181 -262184 1.36242e-09 -4.03194e-09
2.23109e+06 0.00831143 -0.65971 -1.646e-15 -3.25848e-19 -300236 -262278 -1.00044e-09 -3.12613e-09
2.23056e+06 0.0083167 -0.660622 -2.29438e-15 -4.43072e-19 -300290 -262373 -2.10093e-09 -4.25076e-09
2.23003e+06 0.00832193 -0.661533 -2.24102e-15 -3.87398e-19 -300344 -262467 -1.98997e-09 -3.71663e-09
2.22951e+06 0.00832711 -0.662445 -2.02821e-15 -4.13159e-19 -300398 -262562 -1.60435e-09 -3.96378e-09
2.22898e+06 0.00833226 -0.663357 -1.50193e-15 -4.5477e-19 -300452 -262656 -6.67569e-10 -4.36299e-09
2.22845e+06 0.00833735 -0.664268 -4.12233e-16 -5.05758e-19 -300506 -262750 1.1969e-09 -4.85216e-09
2.22793e+06 0.00834241 -0.66518 5.34805e-16 -5.31307e-19 -300560 -262845 2.78851e-09 -5.09727e-09
2.2274e+06 0.00834742 -0.666092 5.86607e-16 -4.91267e-19 -300613 -262939 2.84308e-09 -4.71313e-09
2.22688e+06 0.00835239 -0.667004 5.53364e-16 -4.85226e-19 -300667 -263033 2.81398e-09 -4.65518e-09
2.22635e+06 0.00835731 -0.667915 5.22149e-16 -4.66171e-19 -300720 -263127 2.71939e-09 -4.47236e-09
2.22583e+06 0.00836218 -0.668827 5.06406e-16 -4.65051e-19 -300774 -263221 2.70484e-09 -4.46162e-09
2.2253e+06 0.00836701 -0.669739 4.9341e-16 -4.83068e-19 -300827 -263315 2.66118e-09 -4.63448e-09
2.22477e+06 0.00837179 -0.670651 4.87347e-16 -4.86458e-19 -300880 -263409 2.63208e-09 -4.66699e-09
2.22343e+06 0.00837568 -0.671552 2.89979e-16 -1.04057e-18 -301049 -263503 2.31921e-09 -9.98307e-09
2.22299e+06 0.00838037 -0.672461 5.02568e-18 -1.533e-19 -301099 -263596 1.85901e-09 -1.47074e-09
2.22245e+06 0.00838499 -0.673374 -1.96582e-16 -4.03814e-19 -301153 -263690 1.53887e-09 -3.87413e-09
2.2219e+06 0.00838957 -0.674286 -3.86867e-16 -4.96668e-19 -301207 -263784 1.24601e-09 -4.76495e-09
2.22138e+06 0.0083941 -0.675198 -5.5691e-16 -4.80171e-19 -301259 -263878 9.74978e-10 -4.60668e-09
2.2129e+06 0.0080387 -0.677264 -4.38415e-16 -1.75251e-17 -301379 -258310 1.79534e-09 -1.68133e-07
2.20581e+06 0.00795966 -0.678122 -6.55623e-16 -1.43502e-17 -301658 -260034 5.43878e-10 -1.37674e-07
2.20782e+06 0.00791125 -0.678817 -1.59299e-15 -7.47272e-19 -301474 -261102 -8.98581e-10 -7.1692e-09
2.20865e+06 0.00791178 -0.679689 -1.5805e-15 7.04077e-19 -301413 -261201 -8.44011e-10 6.7548e-09
2.20945e+06 0.00791239 -0.680563 -1.43002e-15 4.53908e-19 -301354 -261298 -5.09317e-10 4.35472e-09
2.21014e+06 0.00791301 -0.681441 -1.3551e-15 4.5995e-19 -301302 -261393 -3.63798e-10 4.41268e-09
2.21007e+06 0.00791324 -0.68234 -1.60794e-15 7.7421e-19 -301311 -261489 -8.6402e-10 7.42764e-09
2.20957e+06 0.00791322 -0.683251 -1.66132e-15 -5.00524e-19 -301356 -261585 -9.62245e-10 -4.80195e-09
2.20098e+06 0.00790898 -0.684401 -9.06472e-16 -1.29864e-17 -301960 -261706 5.65706e-10 -1.24589e-07
2.19438e+06 0.00790099 -0.685482 -1.04748e-15 -1.09769e-17 -303044 -261819 2.80124e-10 -1.0531e-07
2.19666e+06 0.00790145 -0.686316 -1.32241e-15 1.48364e-18 -302999 -261905 -2.67391e-10 1.42338e-08
2.19891e+06 0.00790186 -0.687152 -5.0604e-16 1.62032e-18 -302959 -261991 1.34969e-09 1.55451e-08
2.20032e+06 0.00790187 -0.68801 -1.67421e-15 6.66594e-19 -302975 -262078 -9.29504e-10 6.39519e-09
2.2003e+06 0.00790158 -0.688908 -1.03047e-15 7.73126e-19 -303019 -262169 3.4197e-10 7.41724e-09
2.19983e+06 0.00790122 -0.689819 -4.90041e-16 -6.1199e-19 -303062 -262262 1.36606e-09 -5.87133e-09
2.19933e+06 0.00790075 -0.690732 -2.34444e-16 -4.83309e-19 -303105 -262354 1.90266e-09 -4.63679e-09
2.19883e+06 0.00790019 -0.691644 -1.81568e-16 -4.99253e-19 -303149 -262447 1.9827e-09 -4.78975e-09
2.19425e+06 0.00789718 -0.692684 -1.13872e-15 -1.07715e-17 -303476 -262552 1.36424e-10 -1.0334e-07
2.1944e+06 0.00789693 -0.693568 -1.28223e-15 3.97829e-19 -303455 -262641 -1.14596e-10 3.81671e-09
2.19391e+06 0.00789607 -0.69448 -1.14456e-15 -5.51207e-19 -303496 -262733 1.60071e-10 -5.28819e-09
2.19341e+06 0.00789511 -0.695393 -1.09521e-15 -5.45204e-19 -303538 -262824 2.54659e-10 -5.23059e-09
2.19291e+06 0.00789404 -0.696305 -1.04489e-15 -5.37229e-19 -303579 -262916 3.45608e-10 -5.15409e-09
2.19241e+06 0.00789288 -0.697218 -9.90204e-16 -5.65436e-19 -303621 -263007 4.43833e-10 -5.4247e-09
2.19191e+06 0.00789161 -0.69813 -9.40725e-16 -5.55802e-19 -303662 -263098 5.51154e-10 -5.33228e-09
2.1914e+06 0.00789024 -0.699043 -8.97567e-16 -5.55605e-19 -303703 -263189 6.38465e-10 -5.33038e-09
2.1909e+06 0.00788877 -0.699956 -8.51409e-16 -5.6966e-19 -303744 -263280 7.09406e-10 -5.46522e-09
2.19039e+06 0.00788719 -0.700869 -8.14397e-16 -5.44646e-19 -303785 -263371 7.78527e-10 -5.22525e-09
2.18988e+06 0.00788552 -0.701782 -7.7282e-16 -5.43508e-19 -303826 -263461 8.74934e-10 -5.21433e-09
2.18936e+06 0.00788372 -0.702695 -7.41784e-16 -5.6188e-19 -303868 -263552 9.25866e-10 -5.39058e-09
2.18886e+06 0.00788184 -0.703608 -6.94479e-16 -6.25361e-19 -303907 -263642 1.00954e-09 -5.99961e-09
2.18834e+06 0.00787984 -0.704521 -6.7183e-16 -5.61699e-19 -303948 -263732 1.06229e-09 -5.38884e-09
2.17269e+06 0.00786772 -0.705938 1.02222e-15 -2.71097e-18 -304987 -263870 4.18913e-09 -2.60086e-08
2.1747e+06 0.00786734 -0.706771 6.23553e-16 1.36146e-18 -304832 -263952 3.46154e-09 1.30617e-08
2.1766e+06 0.00786702 -0.707607 5.49203e-16 1.43868e-18 -304683 -264034 3.28509e-09 1.38024e-08
2.17843e+06 0.00786658 -0.708445 3.83698e-16 1.29336e-18 -304539 -264116 2.9886e-09 1.24083e-08
2.17929e+06 0.00786537 -0.709313 -1.91391e-15 8.16851e-19 -304462 -264200 -1.17507e-09 7.83673e-09
2.14441e+06 0.00672478 -0.714454 1.21064e-16 -6.65793e-19 -306376 -244457 7.41602e-09 -6.38751e-09
2.14664e+06 0.00665104 -0.71515 6.56762e-17 1.87486e-18 -306180 -245458 7.0977e-09 1.79871e-08
2.14848e+06 0.0065747 -0.715862 -2.73314e-16 1.55694e-18 -306008 -246439 5.31327e-09 1.4937e-08
2.14938e+06 0.00649367 -0.716607 -1.27718e-15 -5.57009e-19 -305873 -247419 8.16726e-10 -5.34386e-09
2.15016e+06 0.00641061 -0.717361 -1.50442e-15 8.12142e-19 -305742 -248367 -2.23736e-10 7.79156e-09
2.15086e+06 0.00632564 -0.718122 -1.41056e-15 4.69462e-19 -305614 -249280 2.67391e-10 4.50394e-09
2.15151e+06 0.00623875 -0.718891 -1.36325e-15 4.36374e-19 -305486 -250157 3.51065e-10 4.1865e-09
2.1521e+06 0.00614992 -0.719668 -1.33955e-15 3.89303e-19 -305360 -250999 4.00178e-10 3.73491e-09
2.15263e+06 0.00605912 -0.720452 -1.37508e-15 3.70526e-19 -305234 -251803 3.61979e-10 3.55476e-09
2.15311e+06 0.00596632 -0.721244 -1.43057e-15 2.36621e-19 -305110 -252570 2.94676e-10 2.2701e-09
2.14477e+06 0.00587259 -0.722021 -1.05268e-16 -1.01653e-18 -305526 -253216 5.57338e-09 -9.75242e-09
2.14679e+06 0.00577487 -0.722843 -7.03518e-16 1.26085e-18 -305134 -253954 3.15958e-09 1.20964e-08
2.14855e+06 0.00567453 -0.723677 -6.38773e-16 1.51209e-18 -304756 -254655 3.41606e-09 1.45068e-08
2.14958e+06 0.00557272 -0.724511 -1.92805e-15 4.7922e-19 -304489 -255300 -1.60071e-09 4.59756e-09
2.14981e+06 0.00547002 -0.725341 -1.90687e-15 -1.69276e-20 -304361 -255882 -1.53523e-09 -1.624e-10
2.14998e+06 0.00536534 -0.726178 -1.93376e-15 -1.4514e-20 -304235 -256429 -1.74259e-09 -1.39245e-10
2.15008e+06 0.00525878 -0.727023 -1.96423e-15 -1.05738e-19 -304111 -256941 -1.71713e-09 -1.01444e-09
2.15013e+06 0.00515042 -0.727875 -1.98627e-15 -1.93779e-19 -303988 -257419 -1.68438e-09 -1.85909e-09
2.15012e+06 0.00504032 -0.728733 -2.03484e-15 -1.87975e-19 -303866 -257865 -2.00816e-09 -1.8034e-09
2.12139e+06 0.00493406 -0.729507 4.96654e-17 -3.05796e-18 -305663 -257989 5.69526e-09 -2.93375e-08
2.12255e+06 0.00481962 -0.730393 -1.14491e-16 7.01406e-19 -305308 -258411 4.95129e-09 6.72917e-09
2.12352e+06 0.00470327 -0.731287 -1.19451e-16 7.53701e-19 -304962 -258805 4.86216e-09 7.23088e-09
2.12447e+06 0.00458576 -0.732185 -1.26858e-16 5.17042e-19 -304616 -259171 4.77849e-09 4.96041e-09
2.12529e+06 0.00446681 -0.73309 -2.04352e-16 5.63752e-19 -304276 -259510 4.41833e-09 5.40855e-09
2.12606e+06 0.00434679 -0.733998 -2.49562e-16 4.65611e-19 -303939 -259825 4.08181e-09 4.467e-09
2.12675e+06 0.00422572 -0.734911 -3.49482e-16 4.66202e-19 -303606 -260118 3.61251e-09 4.47266e-09
2.12738e+06 0.00410373 -0.735828 -9.72724e-16 3.35764e-19 -303276 -260389 1.67347e-09 3.22126e-09
2.12792e+06 0.0039809 -0.736749 -1.72907e-15 3.04704e-19 -302950 -260642 -3.25599e-10 2.92328e-09
2.12842e+06 0.0038574 -0.737673 -2.20495e-15 2.75819e-19 -302627 -260877 -1.5807e-09 2.64616e-09
2.12884e+06 0.00373329 -0.7386 -2.29594e-15 2.30311e-19 -302308 -261096 -1.64255e-09 2.20956e-09
2.1292e+06 0.00360868 -0.739529 -2.33847e-15 1.9699e-19 -301992 -261301 -1.67529e-09 1.88989e-09
2.12951e+06 0.00348369 -0.740461 -2.39559e-15 1.69133e-19 -301680 -261494 -1.62618e-09 1.62264e-09
2.12976e+06 0.00335842 -0.741395 -2.47096e-15 8.19787e-20 -301371 -261675 -1.61344e-09 7.8649e-10
2.12857e+06 0.00322684 -0.742373 -1.21594e-15 7.63014e-19 -301117 -261844 6.63931e-10 7.32023e-09
2.12902e+06 0.00310278 -0.743301 9.4282e-16 -3.39539e-19 -300797 -262007 3.72347e-09 -3.25748e-09
2.12814e+06 0.00297281 -0.74427 -1.86354e-15 3.63847e-19 -300555 -262156 -4.07454e-10 3.49069e-09
2.12832e+06 0.00284836 -0.745206 -2.27437e-15 -7.56673e-20 -300254 -262303 -8.0945e-10 -7.2594e-10
2.12824e+06 0.00272355 -0.74615 -2.49953e-15 5.89416e-20 -299967 -262443 -9.02219e-10 5.65476e-10
2.12821e+06 0.00260044 -0.747091 -2.7886e-15 -8.10835e-20 -299679 -262578 -1.00954e-09 -7.77902e-10
2.12815e+06 0.00247949 -0.748034 -3.08005e-15 -4.32774e-20 -299397 -262708 -1.02227e-09 -4.15196e-10
2.12804e+06 0.00236292 -0.748976 -3.38331e-15 4.71753e-20 -299123 -262834 -9.62245e-10 4.52592e-10
2.12789e+06 0.00225675 -0.749918 -3.70494e-15 3.79979e-20 -298866 -262953 -8.71296e-10 3.64546e-10
2.12709e+06 0.00217169 -0.750878 -1.07091e-15 3.85763e-20 -298669 -263060 -2.20098e-10 3.70095e-10
2.12683e+06 0.00212574 -0.751816 4.16749e-16 -7.73139e-19 -298486 -263157 3.81988e-11 -7.41737e-09
2.12662e+06 0.00208893 -0.752751 6.50884e-16 -8.21859e-19 -298313 -263252 8.54925e-11 -7.88478e-09
2.12636e+06 0.00205209 -0.753687 4.26239e-16 -6.94235e-19 -298142 -263347 4.36557e-11 -6.66038e-09
2.12608e+06 0.00201511 -0.754623 2.499e-16 -7.17291e-19 -297973 -263441 1.81899e-12 -6.88157e-09
2.12578e+06 0.00197801 -0.755559 7.62861e-17 -6.62491e-19 -297804 -263536 -2.54659e-11 -6.35583e-09
2.12548e+06 0.00194148 -0.756494 4.25855e-17 -5.78302e-19 -297637 -263630 -3.09228e-11 -5.54814e-09
2.12513e+06 0.00190595 -0.75743 -9.73897e-17 -5.77746e-19 -297474 -263724 -6.91216e-11 -5.5428e-09
2.12479e+06 0.00187058 -0.758365 -2.07216e-16 -5.94208e-19 -297310 -263819 -8.73115e-11 -5.70074e-09
2.12444e+06 0.00183524 -0.7593 -3.18891e-16 -5.93139e-19 -297148 -263913 -9.64064e-11 -5.69047e-09
2.12407e+06 0.00179995 -0.760235 -4.16529e-16 -5.58763e-19 -296986 -264008 -1.20053e-10 -5.36068e-09
2.1237e+06 0.00176475 -0.76117 -4.99343e-16 -5.51826e-19 -296826 -264102 -1.32786e-10 -5.29413e-09
2.12331e+06 0.00173047 -0.762105 -5.75057e-16 -5.55314e-19 -296667 -264197 -1.40062e-10 -5.32759e-09
2.12222e+06 0.00168509 -0.763065 -2.07011e-15 4.61943e-19 -296542 -264290 -3.91083e-10 4.4318e-09
2.12196e+06 0.00165549 -0.763994 -2.36634e-15 -3.28578e-19 -296381 -264384 -4.36557e-10 -3.15233e-09
2.12143e+06 0.00162143 -0.764933 -2.88996e-15 -1.44083e-19 -296231 -264479 -5.09317e-10 -1.38231e-09
2.12031e+06 0.00157474 -0.765893 -9.5114e-16 3.51604e-19 -296113 -264572 -2.11003e-10 3.37323e-09
2.12008e+06 0.00154701 -0.766821 -2.29999e-16 -6.74275e-19 -295950 -264667 -8.91305e-11 -6.46888e-09
2.1195e+06 0.00151306 -0.767761 -2.14061e-16 -4.82008e-19 -295804 -264761 -8.36735e-11 -4.62431e-09
2.11908e+06 0.00148215 -0.768695 -7.18364e-18 -8.60512e-19 -295652 -264856 -4.91127e-11 -8.25561e-09
2.11866e+06 0.0014515 -0.769628 5.66811e-17 -6.54274e-19 -295500 -264951 -5.09317e-11 -6.27699e-09
2.11824e+06 0.00142109 -0.770562 1.34503e-16 -6.65432e-19 -295348 -265046 -3.45608e-11 -6.38404e-09
2.11711e+06 0.00137681 -0.771522 -4.13074e-16 3.21662e-19 -295231 -265141 -1.00044e-10 3.08597e-09
2.11681e+06 0.00134888 -0.772451 -5.77099e-16 -5.56009e-19 -295077 -265236 -1.41881e-10 -5.33426e-09
2.11627e+06 0.00131738 -0.773388 -9.928e-16 -3.92783e-19 -294932 -265331 -2.01908e-10 -3.7683e-09
2.11585e+06 0.00128793 -0.774321 -1.23971e-15 -5.80495e-19 -294783 -265427 -2.36469e-10 -5.56917e-09
2.11542e+06 0.00125868 -0.775255 -1.49381e-15 -4.40599e-19 -294636 -265522 -2.6921e-10 -4.22703e-09
2.115e+06 0.00122954 -0.776188 -1.71642e-15 -4.172e-19 -294489 -265618 -3.09228e-10 -4.00255e-09
2.11457e+06 0.00120046 -0.77712 -1.91978e-15 -4.23666e-19 -294343 -265713 -3.4197e-10 -4.06459e-09
2.11414e+06 0.00117295 -0.778053 -2.1088e-15 -4.11799e-19 -294202 -265809 -3.58341e-10 -3.95073e-09
2.11371e+06 0.00114597 -0.778985 -2.27876e-15 -4.23095e-19 -294063 -265904 -3.92902e-10 -4.0591e-09
2.11328e+06 0.00111767 -0.779916 -2.43981e-15 -4.3306e-19 -293930 -265999 -4.07454e-10 -4.15471e-09
2.11283e+06 0.00108573 -0.780847 -2.5944e-15 -4.59258e-19 -293808 -266093 -4.16549e-10 -4.40605e-09
2.11237e+06 0.00104444 -0.781774 -2.67398e-15 -2.75521e-20 -293714 -266184 -4.311e-10 -2.64331e-10
2.11188e+06 0.000994749 -0.7827 -2.81735e-15 -4.4634e-19 -293646 -266274 -4.56566e-10 -4.28212e-09
2.1114e+06 0.000944504 -0.783624 -2.94597e-15 -5.04403e-19 -293581 -266363 -4.63842e-10 -4.83916e-09
2.11091e+06 0.000894447 -0.784548 -3.0762e-15 -4.64834e-19 -293518 -266453 -4.8567e-10 -4.45954e-09
2.11042e+06 0.000844799 -0.785472 -3.19483e-15 -4.37331e-19 -293455 -266542 -4.87489e-10 -4.19568e-09
2.10994e+06 0.000795585 -0.786397 -3.28942e-15 -4.64595e-19 -293393 -266632 -5.05679e-10 -4.45725e-09
2.10898e+06 0.000815455 -0.787377 -3.36543e-15 -6.49798e-19 -293419 -266401 -6.89397e-10 -6.23405e-09
2.10852e+06 0.000816136 -0.788292 -3.21675e-15 -2.27194e-19 -293402 -266505 -3.45608e-10 -2.17966e-09
2.10804e+06 0.00081443 -0.789209 -2.68045e-15 -3.50971e-19 -293385 -266606 8.58563e-10 -3.36716e-09
2.10757e+06 0.000812724 -0.790126 -1.9115e-15 -1.45673e-19 -293368 -266706 2.59024e-09 -1.39756e-09
2.1071e+06 0.000811007 -0.791042 -1.20506e-15 -8.12588e-20 -293352 -266806 4.16367e-09 -7.79584e-10
2.10663e+06 0.00080929 -0.791959 -8.65332e-16 1.02516e-20 -293337 -266907 4.924e-09 9.83517e-11
2.10616e+06 0.000807574 -0.792875 -8.68596e-16 1.21373e-20 -293322 -267007 4.91309e-09 1.16443e-10
2.10569e+06 0.000805857 -0.793791 -9.00213e-16 1.08857e-20 -293307 -267107 4.84579e-09 1.04436e-10
2.10522e+06 0.000804281 -0.794708 -9.1805e-16 -5.85183e-20 -293293 -267207 4.79849e-09 -5.61415e-10
2.10475e+06 0.000802756 -0.795624 -9.33145e-16 -2.42339e-20 -293280 -267305 4.7603e-09 -2.32496e-10
2.10428e+06 0.000801231 -0.796541 -9.40228e-16 -1.72795e-20 -293266 -267404 4.74756e-09 -1.65777e-10
2.1038e+06 0.000799705 -0.797457 -9.43733e-16 1.29566e-20 -293253 -267503 4.72573e-09 1.24303e-10
2.10333e+06 0.000798177 -0.798374 -9.38073e-16 -5.17035e-20 -293240 -267601 4.74029e-09 -4.96035e-10
2.10285e+06 0.000796627 -0.79929 -9.4193e-16 -2.28831e-20 -293230 -267700 4.73665e-09 -2.19537e-10
2.10239e+06 0.000795083 -0.800206 -9.29264e-16 -2.55981e-20 -293220 -267799 4.76757e-09 -2.45584e-10
2.10191e+06 0.000793533 -0.801122 -9.21168e-16 1.48291e-20 -293210 -267897 4.77849e-09 1.42268e-10
2.10144e+06 0.000791984 -0.802038 -9.07457e-16 -5.96422e-20 -293201 -267996 4.81305e-09 -5.72197e-10
2.10097e+06 0.000790434 -0.802954 -8.98648e-16 -7.13258e-21 -293192 -268095 4.83124e-09 -6.84288e-11
2.10049e+06 0.000788883 -0.80387 -8.87848e-16 8.05627e-21 -293183 -268193 4.84579e-09 7.72905e-11
2.09935e+06 0.000786833 -0.804815 -8.44991e-16 -5.11195e-19 -293224 -268295 4.94583e-09 -4.90432e-09
2.09887e+06 0.000785282 -0.805731 -9.02394e-16 2.54369e-19 -293216 -268394 4.81123e-09 2.44038e-09
2.09841e+06 0.000783731 -0.806646 -9.21177e-16 -3.52904e-21 -293208 -268492 4.7603e-09 -3.38571e-11
2.09794e+06 0.000782177 -0.807562 -9.84067e-16 2.80959e-20 -293200 -268591 4.61841e-09 2.69547e-10
2.09747e+06 0.000780623 -0.808478 -1.0634e-15 -2.05141e-20 -293192 -268690 4.42014e-09 -1.96809e-10
2.097e+06 0.000779068 -0.809394 -1.1499e-15 -6.59762e-20 -293185 -268789 4.2437e-09 -6.32965e-10
2.09655e+06 0.000777521 -0.810309 -1.2213e-15 -1.06385e-19 -293177 -268887 4.09636e-09 -1.02064e-09
