41506.4 0.000141669 0.000329003 0.000476332 0.00056
83011.7 0.000283343 0.00065801 0.000952665 0.00112
124516 0.000425022 0.000987022 0.001429 0.00168
166018 0.000566705 0.00131604 0.00190534 0.00224
207519 0.000708394 0.00164506 0.00238168 0.0028
249018 0.000850088 0.00197409 0.00285802 0.00336
290515 0.000991788 0.00230313 0.00333437 0.00392
332010 0.0011335 0.00263217 0.00381072 0.00448
373502 0.00127521 0.00296122 0.00428708 0.00504
414992 0.00141694 0.00329028 0.00476344 0.0056
456476 0.00155868 0.00361937 0.00523981 0.00616
497960 0.00170042 0.00394845 0.00571618 0.00672
539440 0.00184217 0.00427754 0.00619255 0.00728
580917 0.00198394 0.00460664 0.00666894 0.00784
622391 0.00212571 0.00493575 0.00714532 0.0084
663860 0.0022675 0.00526489 0.00762172 0.00896
705326 0.00240929 0.00559402 0.00809811 0.00952
746721 0.00255128 0.0059235 0.00857465 0.01008
788041 0.00269347 0.00625335 0.00905133 0.01064
829135 0.0028363 0.00658375 0.00952841 0.0112
869930 0.00297982 0.00691543 0.0100061 0.01176
910332 0.00312343 0.00724867 0.0104844 0.01232
950442 0.00326723 0.00758278 0.0109633 0.01288
989998 0.00341151 0.00791719 0.0114432 0.01344
1.02927e+06 0.00355615 0.00825265 0.0119237 0.014
1.06821e+06 0.00370077 0.00858938 0.0124047 0.01456
1.10681e+06 0.00384577 0.00892723 0.0128863 0.01512
1.14478e+06 0.00399159 0.0092657 0.013369 0.01568
1.18187e+06 0.00414209 0.00960754 0.0138534 0.01624
1.21853e+06 0.0042934 0.00995016 0.0143382 0.0168
1.25473e+06 0.0044445 0.0102938 0.0148236 0.01736
1.29053e+06 0.0045954 0.0106385 0.0153098 0.01792
1.3257e+06 0.0047466 0.0109856 0.015797 0.01848
1.35975e+06 0.00489985 0.011336 0.0162861 0.01904
1.39299e+06 0.00505685 0.0116894 0.0167765 0.0196
1.42544e+06 0.00521335 0.0120422 0.0172673 0.02016
1.45734e+06 0.00536869 0.0123948 0.0177589 0.02072
1.48861e+06 0.00552301 0.0127483 0.0182516 0.02128
1.51932e+06 0.00567698 0.0131033 0.0187453 0.02184
1.54982e+06 0.00583063 0.0134589 0.0192393 0.0224
1.57994e+06 0.00598556 0.0138158 0.0197339 0.02296
1.60953e+06 0.00614135 0.0141736 0.0202293 0.02352
1.63829e+06 0.00629877 0.0145328 0.0207259 0.02408
1.66655e+06 0.00645624 0.0148914 0.0212227 0.02464
1.69443e+06 0.00661395 0.0152505 0.0217201 0.0252
1.7219e+06 0.00677315 0.0156116 0.0222183 0.02576
1.74912e+06 0.0069324 0.0159732 0.022717 0.02632
1.77602e+06 0.00709049 0.0163338 0.0232156 0.02688
1.80256e+06 0.00724858 0.0166948 0.0237146 0.02744
1.82881e+06 0.00740708 0.0170566 0.0242139 0.028
1.85472e+06 0.00756526 0.0174183 0.0247136 0.02856
1.88031e+06 0.00772469 0.0177809 0.0252139 0.02912
1.90564e+06 0.00788432 0.0181431 0.0257143 0.02968
1.93056e+06 0.00804418 0.0185054 0.0262149 0.03024
1.955e+06 0.00820506 0.0188679 0.0267153 0.0308
1.97906e+06 0.0083672 0.0192314 0.027216 0.03136
2.00291e+06 0.00852956 0.0195954 0.0277172 0.03192
2.02661e+06 0.00869219 0.0199601 0.0282188 0.03248
2.05015e+06 0.0088548 0.0203251 0.0287206 0.03304
2.07351e+06 0.00901708 0.02069 0.0292223 0.0336
2.09665e+06 0.00917857 0.0210538 0.0297236 0.03416
2.11957e+06 0.00933942 0.021417 0.0302251 0.03472
2.14226e+06 0.00949991 0.0217795 0.0307261 0.03528
2.16468e+06 0.00966067 0.022142 0.031227 0.03584
2.18687e+06 0.00982124 0.0225046 0.0317282 0.0364
2.20885e+06 0.00998202 0.0228677 0.0322297 0.03696
2.23049e+06 0.0101446 0.0232324 0.0327319 0.03752
2.25197e+06 0.0103077 0.0235977 0.0332341 0.03808
2.27329e+06 0.0104711 0.0239633 0.0337361 0.03864
2.29451e+06 0.0106339 0.0243283 0.0342377 0.0392
2.31547e+06 0.0107958 0.0246924 0.0347393 0.03976
2.33624e+06 0.0109575 0.0250563 0.035241 0.04032
2.35685e+06 0.0111191 0.0254203 0.0357429 0.04088
2.3773e+06 0.0112808 0.0257844 0.0362448 0.04144
2.39761e+06 0.011442 0.0261481 0.0367468 0.042
2.41783e+06 0.0116031 0.026512 0.0372491 0.04256
2.43794e+06 0.0117642 0.0268758 0.0377513 0.04312
2.45796e+06 0.0119251 0.0272393 0.0382535 0.04368
2.47788e+06 0.0120866 0.0276028 0.0387559 0.04424
2.49771e+06 0.0122478 0.0279665 0.0392583 0.0448
2.51748e+06 0.0124089 0.0283303 0.0397608 0.04536
2.53717e+06 0.0125697 0.0286935 0.0402631 0.04592
2.55674e+06 0.0127305 0.0290565 0.0407654 0.04648
2.57621e+06 0.0128918 0.0294199 0.0412678 0.04704
2.59559e+06 0.0130531 0.0297836 0.0417701 0.0476
2.61482e+06 0.0132148 0.0301476 0.0422727 0.04816
2.6339e+06 0.0133768 0.0305121 0.0427754 0.04872
2.65288e+06 0.0135385 0.0308761 0.0432775 0.04928
2.67174e+06 0.0137002 0.0312399 0.0437797 0.04984
2.69044e+06 0.0138626 0.0316042 0.0442818 0.0504
2.70905e+06 0.0140251 0.0319684 0.0447839 0.05096
2.72759e+06 0.0141873 0.0323321 0.0452856 0.05152
2.74603e+06 0.0143492 0.0326952 0.0457872 0.05208
2.76435e+06 0.0145109 0.0330581 0.0462888 0.05264
2.7826e+06 0.0146723 0.0334205 0.0467902 0.0532
2.80078e+06 0.0148334 0.0337824 0.0472917 0.05376
2.81887e+06 0.014994 0.0341442 0.0477936 0.05432
2.8369e+06 0.0151543 0.0345062 0.0482955 0.05488
2.85483e+06 0.0153151 0.0348688 0.0487976 0.05544
2.87273e+06 0.0154757 0.0352315 0.0492998 0.056
2.89053e+06 0.0156369 0.0355948 0.0498022 0.05656
2.90824e+06 0.0157983 0.0359578 0.0503043 0.05712
2.92586e+06 0.0159598 0.0363211 0.0508066 0.05768
2.94339e+06 0.0161215 0.0366846 0.0513091 0.05824
2.96086e+06 0.0162831 0.0370483 0.0518113 0.0588
2.97829e+06 0.0164446 0.0374119 0.0523134 0.05936
2.99566e+06 0.0166061 0.0377755 0.0528155 0.05992
3.01294e+06 0.016768 0.0381391 0.0533177 0.06048
3.03016e+06 0.0169299 0.0385023 0.0538198 0.06104
3.04734e+06 0.0170918 0.0388655 0.0543219 0.0616
3.06448e+06 0.017254 0.0392289 0.054824 0.06216
3.08155e+06 0.0174164 0.0395924 0.0553261 0.06272
3.09856e+06 0.017579 0.039956 0.0558282 0.06328
3.11552e+06 0.0177418 0.0403196 0.0563304 0.06384
3.13241e+06 0.0179046 0.0406833 0.0568325 0.0644
3.14924e+06 0.018067 0.0410466 0.0573344 0.06496
3.16597e+06 0.0182293 0.0414097 0.0578361 0.06552
3.18265e+06 0.0183913 0.0417725 0.0583379 0.06608
3.19928e+06 0.0185529 0.042135 0.0588395 0.06664
3.21586e+06 0.0187144 0.0424971 0.0593408 0.0672
3.23237e+06 0.0188755 0.0428591 0.059842 0.06776
3.24885e+06 0.0190366 0.0432209 0.0603433 0.06832
3.26526e+06 0.0191975 0.0435827 0.0608444 0.06888
3.28161e+06 0.0193583 0.0439446 0.0613454 0.06944
3.29792e+06 0.0195191 0.0443065 0.0618463 0.07
3.3142e+06 0.0196798 0.0446683 0.0623471 0.07056
3.33042e+06 0.0198403 0.0450303 0.062848 0.07112
3.34661e+06 0.0200009 0.0453922 0.0633488 0.07168
3.36274e+06 0.0201613 0.0457537 0.0638491 0.07224
3.37884e+06 0.0203215 0.0461149 0.0643493 0.0728
3.39486e+06 0.0204819 0.0464766 0.0648497 0.07336
3.41082e+06 0.0206429 0.0468386 0.0653501 0.07392
3.42671e+06 0.0208039 0.0472003 0.0658503 0.07448
3.44253e+06 0.0209651 0.0475619 0.0663505 0.07504
3.4583e+06 0.0211261 0.0479232 0.0668507 0.0756
3.47401e+06 0.021287 0.0482842 0.067351 0.07616
3.48968e+06 0.021448 0.0486454 0.0678516 0.07672
3.50528e+06 0.0216094 0.0490066 0.0683522 0.07728
3.52085e+06 0.0217711 0.0493682 0.068853 0.07784
3.53634e+06 0.0219331 0.0497301 0.0693539 0.0784
3.5518e+06 0.0220954 0.0500925 0.069855 0.07896
3.5672e+06 0.0222584 0.0504552 0.0703562 0.07952
3.58255e+06 0.0224217 0.0508184 0.0708574 0.08008
3.59785e+06 0.0225854 0.0511818 0.0713586 0.08064
3.6131e+06 0.0227496 0.0515454 0.0718599 0.0812
3.62829e+06 0.0229148 0.0519096 0.0723615 0.08176
3.64341e+06 0.0230806 0.0522742 0.0728631 0.08232
3.65846e+06 0.0232471 0.0526392 0.0733647 0.08288
3.67342e+06 0.0234145 0.0530047 0.0738664 0.08344
3.68828e+06 0.0235829 0.0533708 0.0743681 0.084
3.70305e+06 0.0237527 0.0537377 0.0748702 0.08456
3.71771e+06 0.0239238 0.0541056 0.0753725 0.08512
3.73227e+06 0.0240961 0.0544745 0.075875 0.08568
3.74668e+06 0.0242706 0.0548444 0.0763778 0.08624
3.76097e+06 0.0244464 0.0552152 0.0768809 0.0868
3.77514e+06 0.0246237 0.0555868 0.0773842 0.08736
3.78919e+06 0.0248023 0.055959 0.0778874 0.08792
3.8031e+06 0.0249827 0.0563323 0.0783911 0.08848
3.81689e+06 0.0251649 0.0567067 0.0788952 0.08904
3.83057e+06 0.0253483 0.057082 0.0793994 0.0896
3.8441e+06 0.0255338 0.0574587 0.0799038 0.09016
3.85755e+06 0.0257202 0.057836 0.0804084 0.09072
3.87093e+06 0.0259075 0.0582141 0.0809132 0.09128
3.88422e+06 0.0260952 0.0585921 0.0814178 0.09184
3.89737e+06 0.026285 0.0589717 0.081923 0.0924
3.91036e+06 0.0264774 0.0593531 0.0824286 0.09296
3.92326e+06 0.0266707 0.0597352 0.0829345 0.09352
3.93608e+06 0.0268647 0.0601179 0.0834406 0.09408
3.94881e+06 0.0270599 0.0605016 0.0839469 0.09464
3.96144e+06 0.0272566 0.0608864 0.0844537 0.0952
3.97396e+06 0.0274544 0.0612722 0.0849606 0.09576
3.98638e+06 0.0276533 0.0616589 0.0854678 0.09632
3.99869e+06 0.0278533 0.0620466 0.0859752 0.09688
4.01089e+06 0.0280545 0.0624355 0.086483 0.09744
4.02296e+06 0.0282573 0.0628257 0.0869914 0.098
4.03493e+06 0.0284611 0.0632171 0.0875001 0.09856
4.0468e+06 0.028666 0.0636096 0.0880093 0.09912
4.05855e+06 0.0288717 0.0640034 0.0885189 0.09968
4.0702e+06 0.0290781 0.0643981 0.0890289 0.10024
4.08173e+06 0.0292855 0.0647943 0.0895393 0.1008
4.09315e+06 0.0294935 0.065192 0.0900503 0.10136
4.10443e+06 0.0297027 0.0655912 0.0905618 0.10192
4.11559e+06 0.0299126 0.0659918 0.0910738 0.10248
4.12662e+06 0.0301234 0.0663939 0.0915863 0.10304
4.13752e+06 0.0303347 0.0667975 0.0920993 0.1036
4.14826e+06 0.0305467 0.0672029 0.0926129 0.10416
4.15889e+06 0.0307589 0.0676094 0.0931269 0.10472
4.1694e+06 0.0309716 0.0680172 0.0936413 0.10528
4.17979e+06 0.0311851 0.0684264 0.0941562 0.10584
4.19004e+06 0.0313985 0.0688368 0.0946716 0.1064
4.20016e+06 0.0316121 0.0692488 0.0951876 0.10696
4.21018e+06 0.0318258 0.0696619 0.0957039 0.10752
4.22007e+06 0.0320397 0.0700766 0.0962207 0.10808
4.22988e+06 0.0322537 0.0704922 0.0967378 0.10864
4.23953e+06 0.0324678 0.070909 0.0972554 0.1092
4.24904e+06 0.0326826 0.0713271 0.0977734 0.10976
4.25842e+06 0.0328972 0.0717466 0.0982919 0.11032
4.26769e+06 0.0331129 0.0721674 0.0988109 0.11088
4.27685e+06 0.0333291 0.0725892 0.0993303 0.11144
4.28592e+06 0.0335459 0.0730119 0.0998501 0.112
4.29489e+06 0.0337637 0.0734359 0.10037 0.11256
4.30374e+06 0.0339827 0.0738611 0.100891 0.11312
4.31244e+06 0.0342024 0.0742876 0.101412 0.11368
4.32101e+06 0.0344239 0.0747156 0.101933 0.11424
4.32943e+06 0.0346473 0.0751453 0.102456 0.1148
4.33772e+06 0.0348728 0.0755766 0.102978 0.11536
4.34586e+06 0.0351006 0.0760095 0.103501 0.11592
4.35383e+06 0.0353318 0.0764447 0.104025 0.11648
4.36164e+06 0.0355659 0.0768818 0.10455 0.11704
4.3693e+06 0.0358028 0.0773208 0.105075 0.1176
4.37683e+06 0.0360421 0.0777614 0.105601 0.11816
4.38423e+06 0.0362835 0.0782036 0.106127 0.11872
4.3915e+06 0.0365266 0.0786471 0.106653 0.11928
4.39865e+06 0.0367713 0.0790919 0.107181 0.11984
4.40568e+06 0.0370179 0.0795379 0.107708 0.1204
4.41257e+06 0.0372676 0.0799858 0.108236 0.12096
4.41936e+06 0.0375188 0.0804346 0.108765 0.12152
4.42602e+06 0.0377733 0.0808852 0.109294 0.12208
4.43256e+06 0.0380302 0.0813373 0.109823 0.12264
4.43897e+06 0.0382896 0.081791 0.110353 0.1232
4.44514e+06 0.0385544 0.0822477 0.110884 0.12376
4.45118e+06 0.0388219 0.082706 0.111415 0.12432
4.4571e+06 0.0390921 0.0831658 0.111947 0.12488
4.46285e+06 0.0393659 0.0836278 0.112479 0.12544
4.46843e+06 0.0396433 0.0840918 0.113012 0.126
4.47388e+06 0.0399234 0.0845575 0.113545 0.12656
4.47919e+06 0.0402067 0.0850251 0.114079 0.12712
4.45947e+06 0.0409506 0.0857434 0.11469 0.12768
4.41756e+06 0.0420432 0.0866648 0.115366 0.12824
4.42549e+06 0.0423989 0.087144 0.115902 0.1288
4.43197e+06 0.0427463 0.0876363 0.116441 0.12936
4.43748e+06 0.043087 0.0881367 0.116984 0.12992
4.44224e+06 0.0434316 0.0886429 0.117528 0.13048
4.44672e+06 0.043775 0.0891507 0.118073 0.13104
4.45089e+06 0.0441182 0.0896603 0.118619 0.1316
4.39758e+06 0.0454178 0.090657 0.119311 0.13216
4.40429e+06 0.0458029 0.0911467 0.11985 0.13272
4.41015e+06 0.0461912 0.0916433 0.12039 0.13328
4.41563e+06 0.0465765 0.0921439 0.120932 0.13384
4.34539e+06 0.0481269 0.0932871 0.121671 0.1344
4.35254e+06 0.0485066 0.0937725 0.122207 0.13496
4.35908e+06 0.0488877 0.0942623 0.122745 0.13552
4.36528e+06 0.049269 0.0947549 0.123285 0.13608
4.37097e+06 0.0496518 0.0952528 0.123825 0.13664
4.35607e+06 0.0504065 0.0959482 0.12443 0.1372
4.3614e+06 0.0507932 0.0964501 0.124972 0.13776
4.33917e+06 0.051618 0.0971672 0.125575 0.13832
4.34509e+06 0.0520142 0.0976635 0.126116 0.13888
4.34979e+06 0.0523966 0.0981717 0.12666 0.13944
4.35414e+06 0.0527745 0.098683 0.127205 0.14
4.35842e+06 0.0531531 0.099195 0.12775 0.14056
4.36241e+06 0.0535263 0.0997084 0.128296 0.14112
4.36614e+06 0.0538956 0.100223 0.128842 0.14168
4.36964e+06 0.0542623 0.100739 0.129389 0.14224
4.3729e+06 0.0546263 0.101256 0.129937 0.1428
4.37596e+06 0.0549905 0.101775 0.130485 0.14336
4.37884e+06 0.0553567 0.102295 0.131034 0.14392
4.38156e+06 0.0557257 0.102817 0.131583 0.14448
4.38415e+06 0.0560969 0.103339 0.132132 0.14504
4.3866e+06 0.0564698 0.103862 0.132682 0.1456
4.36343e+06 0.0572997 0.104606 0.133298 0.14616
4.36884e+06 0.0576599 0.105103 0.133839 0.14672
4.37126e+06 0.0580413 0.105626 0.134388 0.14728
4.37307e+06 0.0584293 0.106155 0.134939 0.14784
4.37484e+06 0.0588166 0.106684 0.13549 0.1484
4.37671e+06 0.0592011 0.107212 0.136041 0.14896
4.37848e+06 0.0595884 0.10774 0.136592 0.14952
4.38016e+06 0.0599773 0.10827 0.137143 0.15008
4.35989e+06 0.060779 0.108995 0.137753 0.15064
4.34245e+06 0.0615403 0.109705 0.138363 0.1512
4.30978e+06 0.0625142 0.110487 0.13898 0.15176
4.3139e+06 0.062943 0.110995 0.139522 0.15232
4.29279e+06 0.0638451 0.111761 0.14015 0.15288
4.23856e+06 0.0653189 0.112818 0.140861 0.15344
4.24088e+06 0.0657782 0.113347 0.141411 0.154
4.24277e+06 0.0662446 0.113879 0.141963 0.15456
4.2443e+06 0.0667131 0.114415 0.142516 0.15512
4.24539e+06 0.0671825 0.114954 0.14307 0.15568
4.24624e+06 0.0676545 0.115495 0.143624 0.15624
4.22084e+06 0.0685595 0.116275 0.144253 0.1568
4.19845e+06 0.0694317 0.117031 0.144874 0.15736
4.17055e+06 0.0704849 0.117842 0.14551 0.15792
4.17294e+06 0.0709624 0.118373 0.14606 0.15848
4.17397e+06 0.0714563 0.118914 0.146614 0.15904
4.17479e+06 0.071953 0.119458 0.147168 0.1596
4.17544e+06 0.0724511 0.120003 0.147723 0.16016
4.17571e+06 0.0729543 0.120552 0.148279 0.16072
4.13807e+06 0.0740438 0.121401 0.14892 0.16128
4.13981e+06 0.0745379 0.121937 0.149472 0.16184
4.11707e+06 0.0755013 0.122701 0.150092 0.1624
4.11837e+06 0.076 0.123241 0.150646 0.16296
4.11924e+06 0.0765041 0.123786 0.1512 0.16352
4.1199e+06 0.0770116 0.124332 0.151756 0.16408
4.12018e+06 0.0775264 0.124882 0.152312 0.16464
4.09987e+06 0.0783904 0.125617 0.152926 0.1652
4.10138e+06 0.0788908 0.126156 0.153479 0.16576
4.08076e+06 0.0797668 0.126901 0.154098 0.16632
4.05324e+06 0.080818 0.127709 0.154731 0.16688
4.05259e+06 0.0813672 0.128268 0.155289 0.16744
4.03284e+06 0.0822935 0.129036 0.15592 0.168
4.03267e+06 0.0828386 0.129591 0.156478 0.16856
4.00722e+06 0.0838767 0.130391 0.157112 0.16912
4.00683e+06 0.0844282 0.130949 0.15767 0.16968
4.00627e+06 0.0849829 0.131509 0.158229 0.17024
4.00559e+06 0.0855399 0.13207 0.158789 0.1708
4.00473e+06 0.0861005 0.132632 0.159349 0.17136
4.00376e+06 0.0866631 0.133196 0.159909 0.17192
4.00262e+06 0.0872286 0.133761 0.16047 0.17248
4.00119e+06 0.0877988 0.134329 0.161032 0.17304
3.97195e+06 0.0889186 0.135156 0.161672 0.1736
3.97026e+06 0.0894935 0.135725 0.162234 0.17416
3.96815e+06 0.090076 0.136298 0.162797 0.17472
3.96585e+06 0.0906628 0.136873 0.16336 0.17528
3.9632e+06 0.0912569 0.137452 0.163925 0.17584
3.96007e+06 0.0918611 0.138035 0.164491 0.1764
3.95625e+06 0.0924804 0.138624 0.16506 0.17696
3.9518e+06 0.0931142 0.13922 0.16563 0.17752
3.94751e+06 0.0937468 0.139814 0.166199 0.17808
3.75174e+06 0.0985633 0.142164 0.167289 0.17864
3.7487e+06 0.099168 0.142745 0.167855 0.1792
3.74554e+06 0.0997751 0.143328 0.168421 0.17976
3.74233e+06 0.100383 0.14391 0.168986 0.18032
3.73889e+06 0.100996 0.144496 0.169553 0.18088
3.7352e+06 0.101615 0.145084 0.170121 0.18144
3.7079e+06 0.102712 0.145896 0.170757 0.182
3.70431e+06 0.103331 0.146485 0.171325 0.18256
3.70078e+06 0.103945 0.14707 0.171892 0.18312
3.69705e+06 0.104563 0.147657 0.172459 0.18368
3.66285e+06 0.105918 0.148569 0.173132 0.18424
3.65985e+06 0.106521 0.149151 0.173698 0.1848
3.65669e+06 0.107126 0.149734 0.174264 0.18536
3.65343e+06 0.107733 0.150318 0.174831 0.18592
3.64999e+06 0.108344 0.150904 0.175398 0.18648
3.59452e+06 0.109827 0.151947 0.176105 0.18704
3.58003e+06 0.11059 0.152606 0.17669 0.1876
3.55242e+06 0.111726 0.15337 0.177299 0.18816
3.5522e+06 0.112282 0.153925 0.177856 0.18872
3.55164e+06 0.112843 0.154481 0.178413 0.18928
3.55093e+06 0.113408 0.155039 0.17897 0.18984
3.5499e+06 0.113978 0.1556 0.179528 0.1904
3.54725e+06 0.114576 0.156175 0.180091 0.19096
3.54275e+06 0.115207 0.156766 0.180659 0.19152
3.53784e+06 0.115845 0.15736 0.181227 0.19208
3.53255e+06 0.11649 0.157957 0.181796 0.19264
3.52692e+06 0.117141 0.158557 0.182366 0.1932
3.5066e+06 0.118043 0.15929 0.182978 0.19376
3.44616e+06 0.119644 0.160387 0.183703 0.19432
3.42223e+06 0.120613 0.161156 0.184327 0.19488
3.4216e+06 0.121179 0.161716 0.184886 0.19544
3.42077e+06 0.121749 0.162277 0.185445 0.196
3.41987e+06 0.122321 0.16284 0.186004 0.19656
3.41887e+06 0.122894 0.163403 0.186564 0.19712
3.30928e+06 0.125621 0.165 0.187452 0.19768
3.31008e+06 0.126165 0.16555 0.188009 0.19824
3.31022e+06 0.126721 0.166107 0.188567 0.1988
3.31e+06 0.127283 0.166666 0.189126 0.19936
3.30969e+06 0.127848 0.167227 0.189686 0.19992
3.22607e+06 0.130083 0.168649 0.190528 0.20048
3.22976e+06 0.130576 0.169176 0.191078 0.20104
3.23326e+06 0.131073 0.169705 0.191628 0.2016
3.23639e+06 0.131577 0.170237 0.19218 0.20216
3.23876e+06 0.132092 0.170775 0.192733 0.20272
3.24222e+06 0.132582 0.171299 0.193281 0.20328
3.24515e+06 0.133082 0.171827 0.19383 0.20384
3.24656e+06 0.133612 0.172369 0.194384 0.2044
3.24458e+06 0.134201 0.172942 0.194947 0.20496
3.2418e+06 0.134804 0.173521 0.195512 0.20552
3.04175e+06 0.138944 0.175808 0.196577 0.20608
3.0447e+06 0.139428 0.17633 0.197124 0.20664
3.04746e+06 0.139914 0.176853 0.197671 0.2072
3.03937e+06 0.140615 0.177475 0.198247 0.20776
3.04194e+06 0.141104 0.178 0.198794 0.20832
3.04443e+06 0.141594 0.178525 0.199342 0.20888
3.04682e+06 0.142086 0.179051 0.199889 0.20944
3.04847e+06 0.142593 0.179583 0.200439 0.21
3.0487e+06 0.143128 0.180129 0.200992 0.21056
3.04823e+06 0.143675 0.180681 0.201548 0.21112
3.04792e+06 0.144229 0.181235 0.202104 0.21168
3.0478e+06 0.144782 0.181789 0.202661 0.21224
3.04764e+06 0.145334 0.182343 0.203218 0.2128
3.04748e+06 0.145887 0.182897 0.203774 0.21336
3.04729e+06 0.146441 0.183451 0.204331 0.21392
3.0471e+06 0.146995 0.184006 0.204888 0.21448
3.03312e+06 0.147755 0.184665 0.205474 0.21504
3.03378e+06 0.148297 0.185214 0.206029 0.2156
3.03444e+06 0.148839 0.185762 0.206584 0.21616
3.03507e+06 0.149381 0.186311 0.20714 0.21672
3.0357e+06 0.149924 0.18686 0.207695 0.21728
3.03632e+06 0.150467 0.18741 0.208251 0.21784
3.03694e+06 0.15101 0.187959 0.208807 0.2184
3.03754e+06 0.151554 0.188509 0.209362 0.21896
3.02824e+06 0.152264 0.189146 0.209945 0.21952
3.02876e+06 0.15281 0.189696 0.210501 0.22008
3.01852e+06 0.153541 0.190344 0.211088 0.22064
3.00651e+06 0.154307 0.191012 0.211681 0.2212
3.00487e+06 0.154892 0.191583 0.212244 0.22176
2.98797e+06 0.155811 0.192284 0.212843 0.22232
2.9864e+06 0.156395 0.192856 0.213406 0.22288
2.98473e+06 0.156981 0.193429 0.21397 0.22344
2.98304e+06 0.15757 0.194002 0.214534 0.224
2.98126e+06 0.158159 0.194577 0.215098 0.22456
2.9795e+06 0.158749 0.195151 0.215662 0.22512
2.97765e+06 0.159341 0.195726 0.216226 0.22568
2.9335e+06 0.161064 0.196805 0.216963 0.22624
2.93499e+06 0.161578 0.197348 0.217517 0.2268
2.93646e+06 0.162092 0.197891 0.218072 0.22736
2.93794e+06 0.162605 0.198434 0.218626 0.22792
2.93845e+06 0.163141 0.198986 0.219183 0.22848
2.92399e+06 0.163983 0.1997 0.219796 0.22904
2.92276e+06 0.164559 0.200268 0.220358 0.2296
2.92145e+06 0.165137 0.200838 0.22092 0.23016
2.9201e+06 0.165715 0.201407 0.221483 0.23072
2.91869e+06 0.166295 0.201978 0.222046 0.23128
2.91725e+06 0.166876 0.202549 0.222609 0.23184
2.90523e+06 0.167659 0.203219 0.223202 0.2324
2.90409e+06 0.168232 0.203785 0.223764 0.23296
2.89258e+06 0.169007 0.204451 0.224356 0.23352
2.89144e+06 0.16958 0.205018 0.224917 0.23408
2.89032e+06 0.170153 0.205584 0.225479 0.23464
2.88918e+06 0.170725 0.206151 0.22604 0.2352
2.88803e+06 0.171298 0.206718 0.226601 0.23576
2.88688e+06 0.171871 0.207284 0.227163 0.23632
2.87531e+06 0.172654 0.207949 0.227754 0.23688
2.87417e+06 0.173226 0.208515 0.228315 0.23744
2.87304e+06 0.173799 0.209082 0.228877 0.238
2.8719e+06 0.174372 0.209648 0.229438 0.23856
2.87075e+06 0.174945 0.210215 0.229999 0.23912
2.86961e+06 0.175517 0.210781 0.230561 0.23968
2.86847e+06 0.17609 0.211348 0.231122 0.24024
2.86732e+06 0.176663 0.211915 0.231684 0.2408
2.86617e+06 0.177236 0.212481 0.232245 0.24136
2.86502e+06 0.177809 0.213048 0.232806 0.24192
2.86387e+06 0.178382 0.213615 0.233368 0.24248
2.86272e+06 0.178955 0.214181 0.233929 0.24304
2.86156e+06 0.179529 0.214748 0.234491 0.2436
2.84254e+06 0.180462 0.215445 0.235084 0.24416
2.84219e+06 0.18101 0.216 0.23564 0.24472
2.84174e+06 0.18156 0.216555 0.236197 0.24528
2.84123e+06 0.182111 0.217111 0.236754 0.24584
2.84066e+06 0.182663 0.217667 0.237312 0.2464
2.83998e+06 0.183217 0.218225 0.237869 0.24696
2.8389e+06 0.183786 0.218789 0.23843 0.24752
2.8377e+06 0.184358 0.219354 0.23899 0.24808
2.79567e+06 0.185739 0.220209 0.239618 0.24864
2.79458e+06 0.186302 0.220769 0.240176 0.2492
2.79317e+06 0.186871 0.221332 0.240735 0.24976
2.79171e+06 0.187441 0.221895 0.241294 0.25032
2.79018e+06 0.188013 0.222458 0.241853 0.25088
2.78858e+06 0.188586 0.223022 0.242412 0.25144
2.78695e+06 0.18916 0.223586 0.242971 0.252
2.78529e+06 0.189734 0.224151 0.243531 0.25256
2.76548e+06 0.190681 0.224853 0.244124 0.25312
2.76582e+06 0.191216 0.225403 0.24468 0.25368
2.76613e+06 0.191752 0.225954 0.245237 0.25424
2.76641e+06 0.192289 0.226506 0.245793 0.2548
2.7667e+06 0.192826 0.227057 0.24635 0.25536
2.76694e+06 0.193364 0.227609 0.246906 0.25592
2.76717e+06 0.193902 0.228161 0.247463 0.25648
2.76737e+06 0.194441 0.228713 0.248019 0.25704
2.76755e+06 0.19498 0.229266 0.248576 0.2576
2.76833e+06 0.195509 0.229814 0.249132 0.25816
2.76915e+06 0.196036 0.230363 0.249688 0.25872
2.75831e+06 0.19687 0.231046 0.25029 0.25928
2.75924e+06 0.197393 0.231593 0.250845 0.25984
2.7094e+06 0.198917 0.232703 0.251597 0.2604
2.7114e+06 0.19943 0.233244 0.252151 0.26096
2.7132e+06 0.199946 0.233788 0.252706 0.26152
2.71473e+06 0.20047 0.234334 0.253262 0.26208
2.71569e+06 0.201007 0.234886 0.25382 0.26264
2.71588e+06 0.201563 0.235446 0.254381 0.2632
2.71579e+06 0.202126 0.236009 0.254942 0.26376
2.71562e+06 0.202691 0.236572 0.255504 0.26432
2.71539e+06 0.203257 0.237137 0.256065 0.26488
2.71508e+06 0.203825 0.237702 0.256628 0.26544
2.71473e+06 0.204393 0.238268 0.25719 0.266
2.71434e+06 0.204963 0.238835 0.257753 0.26656
2.7139e+06 0.205533 0.239401 0.258315 0.26712
2.71342e+06 0.206105 0.239969 0.258878 0.26768
2.71289e+06 0.206677 0.240537 0.259441 0.26824
2.71233e+06 0.20725 0.241105 0.260005 0.2688
2.71173e+06 0.207824 0.241674 0.260568 0.26936
2.71111e+06 0.208399 0.242243 0.261131 0.26992
2.71046e+06 0.208974 0.242812 0.261695 0.27048
2.70978e+06 0.20955 0.243382 0.262259 0.27104
2.70907e+06 0.210126 0.243952 0.262823 0.2716
2.70834e+06 0.210703 0.244523 0.263387 0.27216
2.70758e+06 0.211281 0.245093 0.263951 0.27272
2.70681e+06 0.211859 0.245664 0.264515 0.27328
2.70601e+06 0.212437 0.246236 0.265079 0.27384
2.69366e+06 0.213211 0.24691 0.265676 0.2744
2.68799e+06 0.213854 0.247513 0.266247 0.27496
2.68829e+06 0.214413 0.248073 0.266808 0.27552
2.68747e+06 0.214992 0.248645 0.267372 0.27608
2.68663e+06 0.215572 0.249217 0.267937 0.27664
2.68577e+06 0.216152 0.249789 0.268502 0.2772
2.68488e+06 0.216733 0.250361 0.269066 0.27776
2.67498e+06 0.217472 0.251018 0.269658 0.27832
2.66674e+06 0.218187 0.251662 0.270246 0.27888
2.66685e+06 0.218751 0.252225 0.270808 0.27944
2.6661e+06 0.219328 0.252795 0.271372 0.28
2.66543e+06 0.219895 0.253359 0.271933 0.28056
2.66446e+06 0.220467 0.253926 0.272494 0.28112
2.66344e+06 0.22104 0.254493 0.273056 0.28168
2.66239e+06 0.221614 0.25506 0.273618 0.28224
2.66135e+06 0.222187 0.255627 0.27418 0.2828
2.66029e+06 0.222762 0.256194 0.274742 0.28336
2.65921e+06 0.223336 0.256762 0.275304 0.28392
2.60262e+06 0.225403 0.257997 0.276094 0.28448
2.60251e+06 0.225962 0.25856 0.276656 0.28504
2.60232e+06 0.226523 0.259123 0.277218 0.2856
2.60211e+06 0.227085 0.259688 0.277779 0.28616
2.59145e+06 0.227848 0.26035 0.278371 0.28672
2.59271e+06 0.22838 0.260899 0.278928 0.28728
2.59306e+06 0.228931 0.261458 0.279488 0.28784
2.59274e+06 0.229495 0.262023 0.280051 0.2884
2.59239e+06 0.230061 0.262589 0.280613 0.28896
2.592e+06 0.230627 0.263155 0.281176 0.28952
2.59158e+06 0.231195 0.263722 0.281738 0.29008
2.59112e+06 0.231763 0.264289 0.282301 0.29064
2.58295e+06 0.232489 0.264935 0.28289 0.2912
2.58266e+06 0.233054 0.2655 0.283452 0.29176
2.58217e+06 0.233623 0.266068 0.284015 0.29232
2.58164e+06 0.234193 0.266636 0.284578 0.29288
2.57295e+06 0.234932 0.267283 0.285166 0.29344
2.57291e+06 0.235492 0.267846 0.285728 0.294
2.57235e+06 0.236063 0.268415 0.286291 0.29456
2.57175e+06 0.236635 0.268984 0.286855 0.29512
2.57114e+06 0.237208 0.269553 0.287418 0.29568
2.5705e+06 0.23778 0.270122 0.287982 0.29624
2.5629e+06 0.238492 0.270767 0.288572 0.2968
2.56226e+06 0.239065 0.271336 0.289135 0.29736
2.5616e+06 0.239639 0.271905 0.289699 0.29792
2.52839e+06 0.240737 0.272758 0.29035 0.29848
2.53016e+06 0.241251 0.273299 0.290904 0.29904
2.5306e+06 0.241795 0.273851 0.291461 0.2996
2.53091e+06 0.242342 0.274404 0.292018 0.30016
2.53109e+06 0.242891 0.274959 0.292576 0.30072
2.53097e+06 0.243445 0.275516 0.293134 0.30128
2.53091e+06 0.243998 0.276073 0.293692 0.30184
2.53078e+06 0.244552 0.27663 0.294251 0.3024
2.53056e+06 0.245108 0.277188 0.294809 0.30296
2.53026e+06 0.245665 0.277747 0.295368 0.30352
2.52988e+06 0.246223 0.278306 0.295927 0.30408
2.52943e+06 0.246783 0.278866 0.296487 0.30464
2.5289e+06 0.247344 0.279427 0.297046 0.3052
2.5283e+06 0.247906 0.279988 0.297606 0.30576
2.52764e+06 0.248469 0.28055 0.298166 0.30632
2.52021e+06 0.249172 0.281163 0.298739 0.30688
2.51947e+06 0.249736 0.281726 0.299299 0.30744
2.51866e+06 0.250301 0.282289 0.299859 0.308
2.51782e+06 0.250867 0.282852 0.300419 0.30856
2.51694e+06 0.251434 0.283416 0.30098 0.30912
2.51603e+06 0.252001 0.28398 0.30154 0.30968
2.5151e+06 0.252569 0.284545 0.302101 0.31024
2.51415e+06 0.253136 0.285109 0.302662 0.3108
2.51319e+06 0.253704 0.285674 0.303222 0.31136
2.51222e+06 0.254273 0.286238 0.303783 0.31192
2.51124e+06 0.254841 0.286803 0.304344 0.31248
2.51024e+06 0.25541 0.287368 0.304905 0.31304
2.50925e+06 0.255978 0.287933 0.305466 0.3136
2.50825e+06 0.256547 0.288497 0.306026 0.31416
2.50725e+06 0.257116 0.289062 0.306587 0.31472
2.50625e+06 0.257684 0.289627 0.307148 0.31528
2.50526e+06 0.258253 0.290192 0.307709 0.31584
2.48352e+06 0.259165 0.290938 0.308325 0.3164
2.48276e+06 0.25973 0.291501 0.308886 0.31696
2.48203e+06 0.260294 0.292064 0.309446 0.31752
2.48117e+06 0.26086 0.292628 0.310006 0.31808
2.48035e+06 0.261426 0.293191 0.310567 0.31864
2.47955e+06 0.261992 0.293754 0.311127 0.3192
2.47874e+06 0.262558 0.294317 0.311687 0.31976
2.47794e+06 0.263123 0.294881 0.312248 0.32032
2.47714e+06 0.263689 0.295444 0.312808 0.32088
2.47634e+06 0.264254 0.296007 0.313368 0.32144
2.41161e+06 0.265959 0.297149 0.314105 0.322
2.41291e+06 0.266485 0.297692 0.314659 0.32256
2.41414e+06 0.267013 0.298236 0.315213 0.32312
2.41523e+06 0.267543 0.298781 0.315768 0.32368
2.41622e+06 0.268075 0.299327 0.316323 0.32424
2.41708e+06 0.268609 0.299874 0.316878 0.3248
2.41783e+06 0.269145 0.300422 0.317433 0.32536
2.41201e+06 0.269854 0.301046 0.318014 0.32592
2.41254e+06 0.270394 0.301596 0.31857 0.32648
2.4129e+06 0.270937 0.302148 0.319127 0.32704
2.41314e+06 0.271482 0.302701 0.319684 0.3276
2.41325e+06 0.27203 0.303255 0.320241 0.32816
2.41332e+06 0.272578 0.303809 0.320799 0.32872
2.38204e+06 0.273679 0.304659 0.321453 0.32928
2.38433e+06 0.274191 0.305194 0.322005 0.32984
2.38631e+06 0.274709 0.305733 0.322557 0.3304
2.38824e+06 0.275228 0.306271 0.32311 0.33096
2.38989e+06 0.275752 0.306813 0.323664 0.33152
2.39149e+06 0.276278 0.307355 0.324217 0.33208
2.39296e+06 0.276805 0.307898 0.324772 0.33264
2.39431e+06 0.277334 0.308442 0.325326 0.3332
2.39555e+06 0.277866 0.308987 0.325881 0.33376
2.39668e+06 0.278399 0.309533 0.326436 0.33432
2.36676e+06 0.27956 0.310372 0.32708 0.33488
2.36807e+06 0.280088 0.310917 0.327635 0.33544
2.34773e+06 0.280986 0.311657 0.328251 0.336
2.32783e+06 0.281909 0.312396 0.328864 0.33656
2.32801e+06 0.282458 0.312951 0.329422 0.33712
2.32808e+06 0.283008 0.313508 0.329981 0.33768
2.32794e+06 0.283562 0.314066 0.33054 0.33824
2.32777e+06 0.284116 0.314624 0.331099 0.3388
2.32752e+06 0.284673 0.315184 0.331659 0.33936
2.32719e+06 0.285231 0.315744 0.332218 0.33992
2.32678e+06 0.28579 0.316304 0.332778 0.34048
2.29367e+06 0.286996 0.317186 0.33344 0.34104
2.29413e+06 0.28754 0.317739 0.333998 0.3416
2.27327e+06 0.288457 0.318491 0.33462 0.34216
2.27362e+06 0.289003 0.319046 0.335179 0.34272
2.27384e+06 0.289553 0.319602 0.335737 0.34328
2.27397e+06 0.290104 0.320158 0.336296 0.34384
2.27401e+06 0.290657 0.320716 0.336855 0.3444
2.27397e+06 0.291211 0.321274 0.337415 0.34496
2.27384e+06 0.291767 0.321833 0.337974 0.34552
2.27365e+06 0.292325 0.322393 0.338534 0.34608
2.27338e+06 0.292884 0.322953 0.339095 0.34664
2.27304e+06 0.293444 0.323514 0.339655 0.3472
2.27265e+06 0.294006 0.324076 0.340215 0.34776
2.25149e+06 0.294985 0.324834 0.340836 0.34832
2.25114e+06 0.295546 0.325396 0.341397 0.34888
2.25075e+06 0.296108 0.325958 0.341957 0.34944
2.25033e+06 0.29667 0.32652 0.342518 0.35
2.24988e+06 0.297232 0.327082 0.343079 0.35056
2.2505e+06 0.297775 0.327635 0.343637 0.35112
2.25151e+06 0.298311 0.328184 0.344193 0.35168
2.25251e+06 0.298847 0.328733 0.34475 0.35224
2.2535e+06 0.299383 0.329282 0.345307 0.3528
2.25449e+06 0.299919 0.329832 0.345864 0.35336
2.23569e+06 0.300846 0.330575 0.346482 0.35392
2.23681e+06 0.30138 0.331123 0.347039 0.35448
2.23791e+06 0.301914 0.331671 0.347595 0.35504
2.23902e+06 0.302448 0.332219 0.348152 0.3556
2.24014e+06 0.302981 0.332768 0.348708 0.35616
2.24207e+06 0.303501 0.333308 0.349262 0.35672
2.24466e+06 0.30401 0.333843 0.349815 0.35728
2.24721e+06 0.304519 0.334378 0.350367 0.35784
2.24966e+06 0.30503 0.334914 0.35092 0.3584
2.25178e+06 0.305548 0.335453 0.351473 0.35896
2.25357e+06 0.306073 0.335996 0.352028 0.35952
2.25491e+06 0.306607 0.336543 0.352584 0.36008
2.25624e+06 0.307141 0.33709 0.35314 0.36064
2.25767e+06 0.307672 0.337636 0.353696 0.3612
2.25904e+06 0.308205 0.338183 0.354252 0.36176
2.2604e+06 0.308738 0.33873 0.354808 0.36232
2.26174e+06 0.309272 0.339276 0.355364 0.36288
2.26311e+06 0.309805 0.339823 0.35592 0.36344
2.26444e+06 0.310338 0.34037 0.356476 0.364
2.26571e+06 0.310872 0.340917 0.357033 0.36456
2.26683e+06 0.311409 0.341466 0.357589 0.36512
2.26771e+06 0.31195 0.342017 0.358147 0.36568
2.26783e+06 0.312504 0.342575 0.358706 0.36624
2.26761e+06 0.313064 0.343136 0.359267 0.3668
2.26748e+06 0.313622 0.343696 0.359827 0.36736
2.26775e+06 0.314173 0.344253 0.360386 0.36792
2.27041e+06 0.314678 0.344787 0.360938 0.36848
2.27311e+06 0.315184 0.34532 0.36149 0.36904
2.27579e+06 0.315689 0.345854 0.362042 0.3696
2.27847e+06 0.316194 0.346387 0.362594 0.37016
2.28115e+06 0.3167 0.346921 0.363145 0.37072
2.28382e+06 0.317205 0.347455 0.363697 0.37128
2.28648e+06 0.317711 0.347989 0.364249 0.37184
2.28913e+06 0.318217 0.348523 0.364801 0.3724
2.29176e+06 0.318723 0.349057 0.365353 0.37296
2.29438e+06 0.319229 0.349591 0.365905 0.37352
2.29697e+06 0.319736 0.350125 0.366457 0.37408
2.29953e+06 0.320244 0.35066 0.36701 0.37464
2.302e+06 0.320753 0.351196 0.367562 0.3752
2.30425e+06 0.321265 0.351733 0.368115 0.37576
2.30621e+06 0.321783 0.352273 0.368669 0.37632
2.30651e+06 0.322328 0.352828 0.369227 0.37688
2.30745e+06 0.322862 0.353377 0.369784 0.37744
2.30821e+06 0.3234 0.353927 0.370341 0.378
2.30874e+06 0.323943 0.35448 0.370899 0.37856
2.30948e+06 0.324482 0.355031 0.371456 0.37912
2.31055e+06 0.325014 0.355578 0.372011 0.37968
2.31165e+06 0.325545 0.356125 0.372567 0.38024
2.31272e+06 0.326077 0.356672 0.373123 0.3808
2.31379e+06 0.326609 0.357219 0.373679 0.38136
2.31485e+06 0.327142 0.357766 0.374234 0.38192
2.31591e+06 0.327674 0.358313 0.37479 0.38248
2.31695e+06 0.328207 0.358861 0.375346 0.38304
2.31799e+06 0.32874 0.359408 0.375902 0.3836
2.31901e+06 0.329273 0.359956 0.376458 0.38416
2.32002e+06 0.329806 0.360503 0.377014 0.38472
2.32101e+06 0.33034 0.361051 0.37757 0.38528
2.32194e+06 0.330874 0.3616 0.378126 0.38584
2.32276e+06 0.331411 0.362149 0.378683 0.3864
2.32321e+06 0.331955 0.362702 0.37924 0.38696
2.3233e+06 0.332506 0.363258 0.379799 0.38752
2.32274e+06 0.333069 0.36382 0.380359 0.38808
2.32229e+06 0.33363 0.364382 0.380919 0.38864
2.32177e+06 0.334192 0.364943 0.381479 0.3892
2.32124e+06 0.334754 0.365505 0.382039 0.38976
2.32071e+06 0.335317 0.366067 0.382599 0.39032
2.32017e+06 0.335879 0.366629 0.38316 0.39088
2.31964e+06 0.336441 0.367191 0.38372 0.39144
2.3191e+06 0.337004 0.367753 0.38428 0.392
2.31857e+06 0.337566 0.368315 0.38484 0.39256
2.31804e+06 0.338128 0.368877 0.3854 0.39312
2.31749e+06 0.338691 0.369439 0.385961 0.39368
2.31696e+06 0.339253 0.37 0.386521 0.39424
2.31643e+06 0.339816 0.370562 0.387081 0.3948
2.31589e+06 0.340378 0.371124 0.387641 0.39536
2.31535e+06 0.34094 0.371686 0.388201 0.39592
2.31481e+06 0.341503 0.372248 0.388761 0.39648
2.31427e+06 0.342065 0.37281 0.389322 0.39704
2.31373e+06 0.342628 0.373372 0.389882 0.3976
2.31319e+06 0.34319 0.373934 0.390442 0.39816
2.31265e+06 0.343753 0.374496 0.391002 0.39872
2.3121e+06 0.344316 0.375058 0.391563 0.39928
2.31156e+06 0.344878 0.37562 0.392123 0.39984
2.31101e+06 0.345441 0.376182 0.392683 0.4004
2.31046e+06 0.346003 0.376744 0.393243 0.40096
2.30992e+06 0.346566 0.377306 0.393803 0.40152
2.30937e+06 0.347129 0.377868 0.394364 0.40208
2.30882e+06 0.347691 0.37843 0.394924 0.40264
2.30827e+06 0.348254 0.378993 0.395484 0.4032
2.30772e+06 0.348817 0.379555 0.396044 0.40376
2.30717e+06 0.349379 0.380117 0.396605 0.40432
2.30663e+06 0.349942 0.380679 0.397165 0.40488
2.30608e+06 0.350505 0.381241 0.397725 0.40544
2.30552e+06 0.351068 0.381803 0.398285 0.406
2.30497e+06 0.35163 0.382365 0.398846 0.40656
2.30442e+06 0.352193 0.382927 0.399406 0.40712
2.30386e+06 0.352756 0.383489 0.399966 0.40768
2.30331e+06 0.353319 0.384051 0.400526 0.40824
2.30276e+06 0.353882 0.384614 0.401087 0.4088
2.3022e+06 0.354444 0.385176 0.401647 0.40936
2.30165e+06 0.355007 0.385738 0.402207 0.40992
2.3011e+06 0.35557 0.3863 0.402767 0.41048
2.30055e+06 0.356133 0.386862 0.403328 0.41104
2.29904e+06 0.356718 0.387433 0.403891 0.4116
2.29856e+06 0.357279 0.387995 0.404451 0.41216
2.29794e+06 0.357843 0.388557 0.405011 0.41272
2.29739e+06 0.358406 0.389119 0.405571 0.41328
2.29684e+06 0.358969 0.389682 0.406132 0.41384
2.29629e+06 0.359531 0.390244 0.406692 0.4144
2.29574e+06 0.360094 0.390806 0.407252 0.41496
2.29519e+06 0.360657 0.391368 0.407812 0.41552
2.29463e+06 0.36122 0.39193 0.408373 0.41608
2.29408e+06 0.361783 0.392492 0.408933 0.41664
2.29353e+06 0.362345 0.393054 0.409493 0.4172
2.29297e+06 0.362908 0.393617 0.410054 0.41776
2.29241e+06 0.363471 0.394179 0.410614 0.41832
2.29185e+06 0.364034 0.394741 0.411174 0.41888
2.2913e+06 0.364597 0.395303 0.411734 0.41944
2.29074e+06 0.36516 0.395865 0.412295 0.42
2.29018e+06 0.365723 0.396428 0.412855 0.42056
2.28962e+06 0.366286 0.39699 0.413415 0.42112
2.28906e+06 0.366849 0.397552 0.413976 0.42168
2.28851e+06 0.367412 0.398114 0.414536 0.42224
2.28795e+06 0.367975 0.398676 0.415096 0.4228
2.28739e+06 0.368538 0.399239 0.415656 0.42336
2.28684e+06 0.3691 0.399801 0.416217 0.42392
2.28628e+06 0.369663 0.400363 0.416777 0.42448
2.28573e+06 0.370226 0.400925 0.417337 0.42504
2.28517e+06 0.370789 0.401487 0.417898 0.4256
2.28462e+06 0.371352 0.40205 0.418458 0.42616
2.28406e+06 0.371915 0.402612 0.419018 0.42672
2.28349e+06 0.372478 0.403174 0.419579 0.42728
2.28294e+06 0.373041 0.403736 0.420139 0.42784
2.28238e+06 0.373604 0.404299 0.420699 0.4284
2.28182e+06 0.374167 0.404861 0.42126 0.42896
2.27954e+06 0.374759 0.405439 0.421825 0.42952
2.27816e+06 0.375336 0.406008 0.422387 0.43008
2.27775e+06 0.375897 0.406569 0.422947 0.43064
2.2772e+06 0.37646 0.407131 0.423508 0.4312
2.27654e+06 0.377024 0.407695 0.424068 0.43176
2.27599e+06 0.377587 0.408257 0.424628 0.43232
2.27544e+06 0.37815 0.408819 0.425189 0.43288
2.27405e+06 0.378727 0.409389 0.425752 0.43344
2.2735e+06 0.37929 0.409951 0.426312 0.434
2.27296e+06 0.379853 0.410513 0.426872 0.43456
2.27241e+06 0.380416 0.411075 0.427432 0.43512
2.27187e+06 0.380979 0.411638 0.427993 0.43568
2.27134e+06 0.381541 0.4122 0.428553 0.43624
2.27078e+06 0.382104 0.412762 0.429113 0.4368
2.27024e+06 0.382667 0.413324 0.429674 0.43736
2.26968e+06 0.38323 0.413886 0.430234 0.43792
2.26913e+06 0.383793 0.414449 0.430794 0.43848
2.26858e+06 0.384356 0.415011 0.431355 0.43904
2.26803e+06 0.384919 0.415573 0.431915 0.4396
2.26748e+06 0.385482 0.416135 0.432475 0.44016
2.26693e+06 0.386045 0.416697 0.433035 0.44072
2.26638e+06 0.386608 0.41726 0.433596 0.44128
2.26498e+06 0.387187 0.41783 0.434158 0.44184
2.26365e+06 0.387762 0.418399 0.434721 0.4424
2.26327e+06 0.388322 0.418959 0.435281 0.44296
2.26172e+06 0.388904 0.419531 0.435844 0.44352
2.26123e+06 0.389466 0.420093 0.436404 0.44408
2.26065e+06 0.390029 0.420655 0.436964 0.44464
2.26011e+06 0.390592 0.421217 0.437525 0.4452
2.25957e+06 0.391155 0.421779 0.438085 0.44576
2.25904e+06 0.391718 0.422342 0.438645 0.44632
2.25764e+06 0.392298 0.422912 0.439208 0.44688
2.25713e+06 0.39286 0.423474 0.439768 0.44744
2.25668e+06 0.393421 0.424035 0.440328 0.448
2.25605e+06 0.393985 0.424598 0.440889 0.44856
2.25551e+06 0.394548 0.42516 0.441449 0.44912
2.25497e+06 0.395111 0.425722 0.442009 0.44968
2.25444e+06 0.395674 0.426285 0.44257 0.45024
2.2539e+06 0.396237 0.426847 0.44313 0.4508
2.25336e+06 0.396799 0.427409 0.44369 0.45136
2.25283e+06 0.397362 0.427971 0.444251 0.45192
2.25229e+06 0.397925 0.428533 0.444811 0.45248
2.25175e+06 0.398488 0.429095 0.445371 0.45304
2.25122e+06 0.39905 0.429658 0.445932 0.4536
2.25068e+06 0.399613 0.43022 0.446492 0.45416
2.25014e+06 0.400176 0.430782 0.447052 0.45472
2.24961e+06 0.400739 0.431344 0.447613 0.45528
2.24907e+06 0.401302 0.431906 0.448173 0.45584
2.24391e+06 0.401924 0.432497 0.44874 0.4564
2.24457e+06 0.402465 0.433048 0.449296 0.45696
2.24405e+06 0.403028 0.43361 0.449856 0.45752
2.24353e+06 0.40359 0.434172 0.450417 0.45808
2.243e+06 0.404153 0.434734 0.450977 0.45864
2.24248e+06 0.404715 0.435296 0.451537 0.4592
2.24195e+06 0.405278 0.435858 0.452098 0.45976
2.24142e+06 0.405841 0.43642 0.452658 0.46032
2.2409e+06 0.406404 0.436983 0.453218 0.46088
2.24036e+06 0.406966 0.437545 0.453779 0.46144
2.23984e+06 0.407529 0.438107 0.454339 0.462
2.23931e+06 0.408092 0.438669 0.454899 0.46256
2.23878e+06 0.408655 0.439231 0.45546 0.46312
2.23825e+06 0.409217 0.439794 0.45602 0.46368
2.23772e+06 0.40978 0.440356 0.45658 0.46424
2.23719e+06 0.410343 0.440918 0.457141 0.4648
2.23666e+06 0.410906 0.44148 0.457701 0.46536
2.23614e+06 0.411469 0.442042 0.458261 0.46592
2.23561e+06 0.412031 0.442604 0.458822 0.46648
2.23424e+06 0.412614 0.443175 0.459384 0.46704
2.23371e+06 0.413177 0.443737 0.459945 0.4676
2.23319e+06 0.41374 0.444299 0.460505 0.46816
2.23266e+06 0.414303 0.444862 0.461066 0.46872
2.23214e+06 0.414866 0.445424 0.461626 0.46928
2.23162e+06 0.415428 0.445986 0.462186 0.46984
2.23109e+06 0.415991 0.446548 0.462747 0.4704
2.23056e+06 0.416554 0.44711 0.463307 0.47096
2.23003e+06 0.417117 0.447673 0.463867 0.47152
2.22951e+06 0.41768 0.448235 0.464428 0.47208
2.22898e+06 0.418242 0.448797 0.464988 0.47264
2.22845e+06 0.418805 0.449359 0.465548 0.4732
2.22793e+06 0.419368 0.449922 0.466109 0.47376
2.2274e+06 0.419931 0.450484 0.466669 0.47432
2.22688e+06 0.420494 0.451046 0.467229 0.47488
2.22635e+06 0.421056 0.451608 0.46779 0.47544
2.22583e+06 0.421619 0.452171 0.46835 0.476
2.2253e+06 0.422182 0.452733 0.468911 0.47656
2.22477e+06 0.422745 0.453295 0.469471 0.47712
2.22343e+06 0.423326 0.453865 0.470033 0.47768
2.22299e+06 0.423887 0.454426 0.470593 0.47824
2.22245e+06 0.42445 0.454988 0.471154 0.4788
2.2219e+06 0.425013 0.455551 0.471714 0.47936
2.22138e+06 0.425576 0.456113 0.472275 0.47992
2.2129e+06 0.42631 0.45677 0.472869 0.48048
2.20581e+06 0.426991 0.457396 0.47345 0.48104
2.20782e+06 0.427514 0.457938 0.474004 0.4816
2.20865e+06 0.428054 0.458488 0.474561 0.48216
2.20945e+06 0.428595 0.459038 0.475118 0.48272
2.21014e+06 0.429138 0.45959 0.475675 0.48328
2.21007e+06 0.429693 0.460148 0.476234 0.48384
2.20957e+06 0.430256 0.460711 0.476794 0.4844
2.20098e+06 0.430963 0.46135 0.47738 0.48496
2.19438e+06 0.431625 0.461966 0.477957 0.48552
2.19666e+06 0.432141 0.462503 0.47851 0.48608
2.19891e+06 0.432657 0.46304 0.479062 0.48664
2.20032e+06 0.433186 0.463585 0.479617 0.4872
2.2003e+06 0.433741 0.464143 0.480176 0.48776
2.19983e+06 0.434303 0.464705 0.480737 0.48832
2.19933e+06 0.434866 0.465267 0.481297 0.48888
2.19883e+06 0.435429 0.46583 0.481858 0.48944
2.19425e+06 0.436069 0.466418 0.482423 0.49
2.1944e+06 0.436616 0.466974 0.482982 0.49056
2.19391e+06 0.437178 0.467536 0.483542 0.49112
2.19341e+06 0.437741 0.468098 0.484103 0.49168
2.19291e+06 0.438305 0.468661 0.484663 0.49224
2.19241e+06 0.438868 0.469223 0.485224 0.4928
2.19191e+06 0.439431 0.469786 0.485784 0.49336
2.1914e+06 0.439994 0.470348 0.486345 0.49392
2.1909e+06 0.440557 0.470911 0.486905 0.49448
2.19039e+06 0.44112 0.471474 0.487466 0.49504
2.18988e+06 0.441684 0.472036 0.488026 0.4956
2.18936e+06 0.442247 0.472599 0.488587 0.49616
2.18886e+06 0.44281 0.473162 0.489148 0.49672
2.18834e+06 0.443374 0.473724 0.489708 0.49728
2.17269e+06 0.444243 0.474435 0.490315 0.49784
2.1747e+06 0.444757 0.474974 0.490869 0.4984
2.1766e+06 0.445274 0.475514 0.491423 0.49896
2.17843e+06 0.445792 0.476055 0.491977 0.49952
2.17929e+06 0.446328 0.476605 0.492534 0.50008
2.14441e+06 0.447594 0.47755 0.493227 0.50064
2.14664e+06 0.448112 0.478091 0.493781 0.5012
2.14848e+06 0.448638 0.478635 0.494336 0.50176
2.14938e+06 0.449183 0.479189 0.494895 0.50232
2.15016e+06 0.449731 0.479744 0.495454 0.50288
2.15086e+06 0.45028 0.4803 0.496013 0.50344
2.15151e+06 0.45083 0.480856 0.496573 0.504
2.1521e+06 0.451382 0.481414 0.497132 0.50456
2.15263e+06 0.451934 0.481971 0.497692 0.50512
2.15311e+06 0.452488 0.48253 0.498252 0.50568
2.14477e+06 0.453292 0.483202 0.498852 0.50624
2.14679e+06 0.453815 0.483749 0.49941 0.5068
2.14855e+06 0.454344 0.484299 0.499968 0.50736
2.14958e+06 0.454887 0.484855 0.500528 0.50792
2.14981e+06 0.455447 0.485416 0.501089 0.50848
2.14998e+06 0.456008 0.485979 0.501651 0.50904
2.15008e+06 0.45657 0.486542 0.502213 0.5096
2.15013e+06 0.457133 0.487106 0.502775 0.51016
2.15012e+06 0.457697 0.48767 0.503337 0.51072
2.12139e+06 0.459065 0.488596 0.504026 0.51128
2.12255e+06 0.459609 0.489153 0.504587 0.51184
2.12352e+06 0.460156 0.489713 0.505148 0.5124
2.12447e+06 0.460705 0.490273 0.50571 0.51296
2.12529e+06 0.461256 0.490834 0.506272 0.51352
2.12606e+06 0.461809 0.491396 0.506835 0.51408
2.12675e+06 0.462363 0.491959 0.507398 0.51464
2.12738e+06 0.462919 0.492522 0.507961 0.5152
2.12792e+06 0.463477 0.493087 0.508524 0.51576
2.12842e+06 0.464037 0.493652 0.509088 0.51632
2.12884e+06 0.464598 0.494218 0.509652 0.51688
2.1292e+06 0.465161 0.494785 0.510216 0.51744
2.12951e+06 0.465725 0.495352 0.51078 0.518
2.12976e+06 0.46629 0.49592 0.511345 0.51856
2.12857e+06 0.466882 0.496502 0.511914 0.51912
2.12902e+06 0.467445 0.497069 0.512478 0.51968
2.12814e+06 0.468031 0.497648 0.513047 0.52024
2.12832e+06 0.4686 0.498217 0.513612 0.5208
2.12824e+06 0.469173 0.498789 0.514178 0.52136
2.12821e+06 0.469745 0.49936 0.514743 0.52192
2.12815e+06 0.470318 0.499931 0.515309 0.52248
2.12804e+06 0.470892 0.500503 0.515875 0.52304
2.12789e+06 0.471466 0.501075 0.516441 0.5236
2.12709e+06 0.472051 0.501652 0.517008 0.52416
2.12683e+06 0.472622 0.502221 0.517572 0.52472
2.12662e+06 0.473192 0.50279 0.518136 0.52528
2.12636e+06 0.473763 0.503359 0.518701 0.52584
2.12608e+06 0.474334 0.503928 0.519265 0.5264
2.12578e+06 0.474906 0.504497 0.519829 0.52696
2.12548e+06 0.475478 0.505067 0.520394 0.52752
2.12513e+06 0.476051 0.505637 0.520958 0.52808
2.12479e+06 0.476624 0.506207 0.521523 0.52864
2.12444e+06 0.477198 0.506777 0.522087 0.5292
2.12407e+06 0.477772 0.507347 0.522652 0.52976
2.1237e+06 0.478345 0.507918 0.523217 0.53032
2.12331e+06 0.47892 0.508488 0.523781 0.53088
2.12222e+06 0.479509 0.509066 0.524348 0.53144
2.12196e+06 0.48008 0.509635 0.524913 0.532
2.12143e+06 0.480657 0.510207 0.525478 0.53256
2.12031e+06 0.481247 0.510785 0.526045 0.53312
2.12008e+06 0.481818 0.511354 0.526609 0.53368
2.1195e+06 0.482396 0.511926 0.527174 0.53424
2.11908e+06 0.482971 0.512497 0.527739 0.5348
2.11866e+06 0.483546 0.513067 0.528304 0.53536
2.11824e+06 0.484121 0.513638 0.528869 0.53592
2.11711e+06 0.484711 0.514216 0.529436 0.53648
2.11681e+06 0.485284 0.514786 0.53 0.53704
2.11627e+06 0.485861 0.515357 0.530565 0.5376
2.11585e+06 0.486435 0.515928 0.53113 0.53816
2.11542e+06 0.48701 0.516499 0.531695 0.53872
2.115e+06 0.487585 0.517069 0.532259 0.53928
2.11457e+06 0.488159 0.51764 0.532824 0.53984
2.11414e+06 0.488734 0.51821 0.533388 0.5404
2.11371e+06 0.489308 0.51878 0.533953 0.54096
2.11328e+06 0.489882 0.51935 0.534517 0.54152
2.11283e+06 0.490455 0.519919 0.535081 0.54208
2.11237e+06 0.491027 0.520488 0.535645 0.54264
2.11188e+06 0.491598 0.521056 0.536208 0.5432
2.1114e+06 0.492168 0.521623 0.536771 0.54376
2.11091e+06 0.492739 0.52219 0.537334 0.54432
2.11042e+06 0.493309 0.522758 0.537897 0.54488
2.10994e+06 0.49388 0.523325 0.53846 0.54544
2.10898e+06 0.494454 0.523894 0.539023 0.546
2.10852e+06 0.49502 0.524458 0.539584 0.54656
2.10804e+06 0.495587 0.525023 0.540146 0.54712
2.10757e+06 0.496154 0.525588 0.540708 0.54768
2.1071e+06 0.49672 0.526153 0.54127 0.54824
2.10663e+06 0.497287 0.526718 0.541831 0.5488
2.10616e+06 0.497853 0.527283 0.542393 0.54936
2.10569e+06 0.498419 0.527847 0.542955 0.54992
2.10522e+06 0.498986 0.528412 0.543517 0.55048
2.10475e+06 0.499552 0.528977 0.544078 0.55104
2.10428e+06 0.500119 0.529542 0.54464 0.5516
2.1038e+06 0.500685 0.530106 0.545202 0.55216
2.10333e+06 0.501251 0.530671 0.545763 0.55272
2.10285e+06 0.501817 0.531236 0.546325 0.55328
2.10239e+06 0.502383 0.5318 0.546887 0.55384
2.10191e+06 0.50295 0.532365 0.547448 0.5544
2.10144e+06 0.503516 0.532929 0.54801 0.55496
2.10097e+06 0.504082 0.533494 0.548571 0.55552
2.10049e+06 0.504648 0.534058 0.549133 0.55608
2.09935e+06 0.505231 0.53463 0.549697 0.55664
2.09887e+06 0.505797 0.535195 0.550259 0.5572
2.09841e+06 0.506363 0.535759 0.55082 0.55776
2.09794e+06 0.506929 0.536324 0.551382 0.55832
2.09747e+06 0.507495 0.536888 0.551943 0.55888
2.097e+06 0.508061 0.537453 0.552505 0.55944
2.09655e+06 0.508626 0.538017 0.553066 0.56
