109418 0.000116376 0.000323403 0.000483394 0.00056
218834 0.000232754 0.000646808 0.000966789 0.00112
328249 0.000349133 0.000970214 0.00145018 0.00168
437660 0.000465514 0.00129362 0.00193358 0.00224
547067 0.000581898 0.00161703 0.00241698 0.0028
656469 0.000698283 0.00194045 0.00290038 0.00336
765866 0.000814672 0.00226386 0.00338378 0.00392
875257 0.000931063 0.00258728 0.00386719 0.00448
984641 0.00104746 0.00291071 0.0043506 0.00504
1.09402e+06 0.00116386 0.00323413 0.004834 0.0056
1.20338e+06 0.00128026 0.00355756 0.00531742 0.00616
1.31204e+06 0.0013964 0.00388095 0.00580105 0.00672
1.41974e+06 0.00151265 0.00420484 0.00628507 0.00728
1.52648e+06 0.00162883 0.004529 0.00676944 0.00784
1.63216e+06 0.00174563 0.004854 0.00725429 0.0084
1.73729e+06 0.00186244 0.00517921 0.00773936 0.00896
1.84076e+06 0.00197892 0.00550453 0.00822497 0.00952
1.94157e+06 0.0020978 0.00583252 0.00871189 0.01008
2.04052e+06 0.00221622 0.00616059 0.00919941 0.01064
2.13669e+06 0.00233546 0.00649019 0.00968796 0.0112
2.23009e+06 0.00245666 0.00682148 0.0101774 0.01176
2.32116e+06 0.00257905 0.00715379 0.0106674 0.01232
2.41069e+06 0.00270203 0.0074868 0.011158 0.01288
2.49867e+06 0.00282601 0.00782077 0.0116491 0.01344
2.58401e+06 0.00295272 0.0081572 0.0121413 0.014
2.66718e+06 0.00308023 0.00849395 0.0126342 0.01456
2.74907e+06 0.00320873 0.00883172 0.0131277 0.01512
2.82954e+06 0.00333854 0.00917064 0.0136221 0.01568
2.90854e+06 0.00346884 0.00950965 0.0141166 0.01624
2.98558e+06 0.00360173 0.0098506 0.014612 0.0168
3.06111e+06 0.00373546 0.0101917 0.0151074 0.01736
3.13469e+06 0.00386919 0.010532 0.0156027 0.01792
3.2068e+06 0.00400361 0.0108727 0.0160986 0.01848
3.27736e+06 0.00413928 0.0112144 0.016595 0.01904
3.34681e+06 0.00427541 0.0115564 0.0170915 0.0196
3.41429e+06 0.00441235 0.0118982 0.0175878 0.02016
3.48066e+06 0.00454958 0.0122397 0.0180842 0.02072
3.5458e+06 0.00468747 0.0125817 0.018581 0.02128
3.61009e+06 0.00482496 0.0129231 0.0190781 0.02184
3.67343e+06 0.00496281 0.0132646 0.0195754 0.0224
3.7354e+06 0.00510202 0.0136069 0.0200732 0.02296
3.79696e+06 0.00524143 0.0139493 0.0205712 0.02352
3.85803e+06 0.00538156 0.0142922 0.0210695 0.02408
3.91839e+06 0.00552146 0.0146348 0.0215678 0.02464
3.97769e+06 0.00566197 0.0149775 0.0220662 0.0252
4.03608e+06 0.00580302 0.0153204 0.022565 0.02576
4.0941e+06 0.00594408 0.0156632 0.0230636 0.02632
4.15144e+06 0.00608522 0.0160058 0.0235625 0.02688
4.20814e+06 0.00622599 0.0163481 0.0240618 0.02744
4.26436e+06 0.00636649 0.0166899 0.0245608 0.028
4.32001e+06 0.00650685 0.0170313 0.0250597 0.02856
4.37521e+06 0.00664694 0.0173726 0.0255589 0.02912
4.42991e+06 0.00678772 0.0177144 0.0260582 0.02968
4.48369e+06 0.00692955 0.0180574 0.0265581 0.03024
4.53704e+06 0.0070711 0.0184 0.0270578 0.0308
4.58988e+06 0.00721216 0.0187419 0.0275575 0.03136
4.64238e+06 0.00735302 0.0190836 0.0280573 0.03192
4.69472e+06 0.00749386 0.0194254 0.0285571 0.03248
4.74645e+06 0.00763544 0.0197676 0.0290571 0.03304
4.7976e+06 0.00777731 0.02011 0.0295575 0.0336
4.84859e+06 0.00791907 0.0204523 0.0300579 0.03416
4.8994e+06 0.00806099 0.0207948 0.0305583 0.03472
4.94992e+06 0.00820254 0.0211368 0.0310588 0.03528
5e+06 0.00834417 0.0214789 0.0315594 0.03584
5.04963e+06 0.00848545 0.0218207 0.0320598 0.0364
5.09886e+06 0.00862666 0.0221626 0.0325601 0.03696
5.14765e+06 0.00876771 0.0225043 0.0330604 0.03752
5.1961e+06 0.00890844 0.0228454 0.0335606 0.03808
5.24429e+06 0.00904914 0.0231865 0.0340608 0.03864
5.2923e+06 0.00918963 0.0235275 0.0345611 0.0392
5.3399e+06 0.00933013 0.0238687 0.0350616 0.03976
5.38724e+06 0.00947066 0.02421 0.0355624 0.04032
5.43436e+06 0.00961122 0.0245515 0.0360632 0.04088
5.48135e+06 0.00975177 0.024893 0.0365639 0.04144
5.52815e+06 0.00989221 0.0252343 0.0370648 0.042
5.57468e+06 0.0100324 0.0255753 0.0375655 0.04256
5.6208e+06 0.0101729 0.0259163 0.0380663 0.04312
5.66672e+06 0.0103131 0.0262572 0.038567 0.04368
5.71249e+06 0.0104532 0.0265978 0.0390674 0.04424
5.75805e+06 0.0105933 0.0269384 0.0395675 0.0448
5.80342e+06 0.0107335 0.027279 0.0400674 0.04536
5.84863e+06 0.0108735 0.0276194 0.0405669 0.04592
5.8937e+06 0.0110134 0.0279596 0.0410662 0.04648
5.93849e+06 0.011153 0.0282996 0.0415655 0.04704
5.98305e+06 0.0112923 0.0286396 0.0420648 0.0476
6.0273e+06 0.0114321 0.0289799 0.0425643 0.04816
6.07138e+06 0.0115719 0.0293202 0.0430637 0.04872
6.11534e+06 0.0117117 0.0296606 0.0435633 0.04928
6.15915e+06 0.0118513 0.0300011 0.044063 0.04984
6.20281e+06 0.0119907 0.0303415 0.0445628 0.0504
6.24635e+06 0.0121301 0.030682 0.0450627 0.05096
6.28974e+06 0.0122693 0.0310224 0.0455624 0.05152
6.33298e+06 0.0124083 0.0313626 0.0460618 0.05208
6.37599e+06 0.0125472 0.0317026 0.0465613 0.05264
6.41875e+06 0.0126863 0.0320427 0.0470608 0.0532
6.46135e+06 0.0128251 0.0323825 0.04756 0.05376
6.50375e+06 0.0129637 0.0327221 0.048059 0.05432
6.54594e+06 0.0131022 0.0330615 0.0485581 0.05488
6.5879e+06 0.0132404 0.0334008 0.0490572 0.05544
6.6297e+06 0.0133786 0.0337402 0.0495564 0.056
6.67133e+06 0.0135166 0.0340796 0.0500556 0.05656
6.71282e+06 0.0136546 0.034419 0.0505548 0.05712
6.75418e+06 0.0137925 0.0347584 0.0510539 0.05768
6.7954e+06 0.0139303 0.0350977 0.0515527 0.05824
6.83648e+06 0.014068 0.035437 0.0520514 0.0588
6.87738e+06 0.0142059 0.0357764 0.05255 0.05936
6.91815e+06 0.0143437 0.0361156 0.0530484 0.05992
6.95879e+06 0.0144812 0.0364545 0.0535467 0.06048
6.99932e+06 0.0146187 0.0367933 0.0540448 0.06104
7.03974e+06 0.014756 0.0371321 0.0545429 0.0616
7.07998e+06 0.0148932 0.0374709 0.0550411 0.06216
7.12009e+06 0.0150305 0.0378099 0.0555394 0.06272
7.16009e+06 0.0151677 0.038149 0.0560376 0.06328
7.19996e+06 0.015305 0.0384883 0.056536 0.06384
7.23972e+06 0.0154421 0.0388276 0.0570343 0.0644
7.27937e+06 0.015579 0.0391669 0.0575327 0.06496
7.31891e+06 0.0157158 0.0395062 0.0580311 0.06552
7.35836e+06 0.0158525 0.0398454 0.0585294 0.06608
7.39767e+06 0.0159892 0.0401845 0.0590277 0.06664
7.43688e+06 0.0161257 0.0405236 0.0595258 0.0672
7.476e+06 0.0162622 0.0408626 0.060024 0.06776
7.51497e+06 0.0163987 0.0412015 0.060522 0.06832
7.55377e+06 0.0165349 0.0415404 0.06102 0.06888
7.59244e+06 0.0166711 0.0418793 0.0615179 0.06944
7.63096e+06 0.0168072 0.0422182 0.0620157 0.07
7.66935e+06 0.0169433 0.0425568 0.0625133 0.07056
7.70763e+06 0.0170792 0.0428955 0.0630109 0.07112
7.74577e+06 0.0172152 0.0432342 0.0635084 0.07168
7.78377e+06 0.0173511 0.043573 0.064006 0.07224
7.82163e+06 0.0174869 0.0439118 0.0645036 0.0728
7.85937e+06 0.0176226 0.0442506 0.0650012 0.07336
7.89696e+06 0.0177583 0.0445894 0.0654989 0.07392
7.93439e+06 0.0178941 0.0449284 0.0659966 0.07448
7.97167e+06 0.0180299 0.0452677 0.0664944 0.07504
8.00881e+06 0.0181657 0.045607 0.0669922 0.0756
8.04582e+06 0.0183012 0.0459463 0.06749 0.07616
8.08269e+06 0.0184367 0.0462857 0.0679877 0.07672
8.11947e+06 0.0185721 0.0466249 0.0684855 0.07728
8.15611e+06 0.0187074 0.0469642 0.0689834 0.07784
8.19264e+06 0.0188426 0.0473034 0.0694813 0.0784
8.22908e+06 0.0189778 0.0476426 0.0699792 0.07896
8.26542e+06 0.019113 0.0479818 0.0704772 0.07952
8.30167e+06 0.0192481 0.048321 0.0709751 0.08008
8.33784e+06 0.0193832 0.0486602 0.071473 0.08064
8.37392e+06 0.0195183 0.0489995 0.0719709 0.0812
8.40991e+06 0.0196535 0.0493388 0.0724688 0.08176
8.44579e+06 0.0197885 0.0496781 0.0729667 0.08232
8.48158e+06 0.0199235 0.0500175 0.0734647 0.08288
8.51725e+06 0.0200583 0.050357 0.0739629 0.08344
8.55278e+06 0.020193 0.0506965 0.074461 0.084
8.58814e+06 0.0203275 0.0510359 0.0749592 0.08456
8.62338e+06 0.020462 0.0513754 0.0754573 0.08512
8.65851e+06 0.0205964 0.0517149 0.0759554 0.08568
8.69353e+06 0.0207308 0.0520544 0.0764534 0.08624
8.72844e+06 0.0208651 0.0523938 0.0769513 0.0868
8.76323e+06 0.0209994 0.0527332 0.0774492 0.08736
8.7979e+06 0.0211338 0.0530728 0.0779472 0.08792
8.83246e+06 0.0212683 0.0534124 0.0784452 0.08848
8.8669e+06 0.0214028 0.0537521 0.0789433 0.08904
8.90124e+06 0.0215372 0.0540918 0.0794414 0.0896
8.9355e+06 0.0216716 0.0544315 0.0799395 0.09016
8.96966e+06 0.021806 0.0547712 0.0804377 0.09072
9.00372e+06 0.0219403 0.0551111 0.0809359 0.09128
9.0377e+06 0.0220747 0.055451 0.0814341 0.09184
9.07158e+06 0.0222091 0.0557909 0.0819324 0.0924
9.10536e+06 0.0223435 0.0561309 0.0824306 0.09296
9.13906e+06 0.0224779 0.056471 0.0829289 0.09352
9.17267e+06 0.0226124 0.0568112 0.0834273 0.09408
9.20615e+06 0.0227468 0.0571516 0.0839257 0.09464
9.23953e+06 0.0228811 0.057492 0.0844241 0.0952
9.27281e+06 0.0230153 0.0578325 0.0849226 0.09576
9.30596e+06 0.0231495 0.0581731 0.0854212 0.09632
9.33899e+06 0.0232835 0.0585138 0.0859198 0.09688
9.37192e+06 0.0234175 0.0588545 0.0864184 0.09744
9.40473e+06 0.0235515 0.0591952 0.0869171 0.098
9.43743e+06 0.0236854 0.0595361 0.0874158 0.09856
9.47001e+06 0.0238194 0.059877 0.0879146 0.09912
9.50249e+06 0.0239534 0.060218 0.0884135 0.09968
9.53486e+06 0.0240873 0.060559 0.0889125 0.10024
9.56713e+06 0.0242212 0.0608999 0.0894115 0.1008
9.5993e+06 0.0243551 0.0612408 0.0899104 0.10136
9.63137e+06 0.0244889 0.0615817 0.0904093 0.10192
9.66335e+06 0.0246227 0.0619226 0.0909083 0.10248
9.69523e+06 0.0247564 0.0622635 0.0914073 0.10304
9.727e+06 0.0248902 0.0626044 0.0919062 0.1036
9.75866e+06 0.0250238 0.0629454 0.0924052 0.10416
9.79021e+06 0.0251575 0.0632864 0.0929042 0.10472
9.82166e+06 0.0252911 0.0636273 0.0934032 0.10528
9.85302e+06 0.0254247 0.0639683 0.0939022 0.10584
9.88427e+06 0.0255583 0.0643092 0.0944012 0.1064
9.91543e+06 0.0256919 0.0646503 0.0949002 0.10696
9.94646e+06 0.0258254 0.0649915 0.0953994 0.10752
9.97736e+06 0.0259588 0.0653329 0.0958986 0.10808
1.00081e+07 0.0260921 0.0656743 0.0963979 0.10864
1.00388e+07 0.0262254 0.0660159 0.0968973 0.1092
1.00694e+07 0.0263586 0.0663575 0.0973967 0.10976
1.00998e+07 0.0264918 0.0666991 0.0978961 0.11032
1.01302e+07 0.0266249 0.0670408 0.0983956 0.11088
1.01604e+07 0.0267581 0.0673826 0.0988951 0.11144
1.01905e+07 0.0268912 0.0677245 0.0993947 0.112
1.02206e+07 0.0270243 0.0680665 0.0998945 0.11256
1.02505e+07 0.0271575 0.0684085 0.100394 0.11312
1.02803e+07 0.0272906 0.0687505 0.100894 0.11368
1.03101e+07 0.0274238 0.0690926 0.101394 0.11424
1.03397e+07 0.0275569 0.0694346 0.101894 0.1148
1.03692e+07 0.02769 0.0697766 0.102394 0.11536
1.03987e+07 0.0278231 0.0701188 0.102894 0.11592
1.0428e+07 0.0279562 0.0704609 0.103394 0.11648
1.04572e+07 0.0280893 0.0708031 0.103894 0.11704
1.04863e+07 0.0282224 0.0711453 0.104394 0.1176
1.05153e+07 0.0283556 0.0714875 0.104894 0.11816
1.05442e+07 0.0284887 0.0718297 0.105394 0.11872
1.0573e+07 0.0286218 0.072172 0.105894 0.11928
1.06017e+07 0.0287549 0.0725142 0.106394 0.11984
1.06303e+07 0.0288879 0.0728564 0.106894 0.1204
1.06588e+07 0.0290209 0.0731986 0.107394 0.12096
1.06871e+07 0.0291538 0.0735409 0.107894 0.12152
1.07154e+07 0.0292867 0.0738834 0.108395 0.12208
1.07435e+07 0.0294195 0.0742259 0.108895 0.12264
1.07715e+07 0.0295524 0.0745685 0.109395 0.1232
1.07785e+07 0.029655 0.0748942 0.109909 0.12376
1.07837e+07 0.0297548 0.075218 0.110423 0.12432
1.07106e+07 0.0298091 0.0755501 0.110992 0.12488
1.05333e+07 0.0306502 0.0764643 0.111699 0.12544
1.05263e+07 0.0307768 0.0768282 0.112233 0.126
1.05067e+07 0.0309407 0.0772397 0.112785 0.12656
1.0408e+07 0.0315427 0.077965 0.113422 0.12712
1.04371e+07 0.0316889 0.0783302 0.11394 0.12768
1.04663e+07 0.0318382 0.078699 0.114459 0.12824
1.04819e+07 0.0319554 0.0790392 0.114983 0.1288
1.05154e+07 0.0320926 0.0793876 0.115493 0.12936
1.05475e+07 0.032228 0.0797316 0.115999 0.12992
1.05788e+07 0.0323622 0.0800727 0.116501 0.13048
1.06093e+07 0.0324952 0.0804118 0.117001 0.13104
1.06393e+07 0.0326274 0.0807499 0.117499 0.1316
1.06525e+07 0.032789 0.0811334 0.118018 0.13216
1.06821e+07 0.032923 0.0814729 0.118517 0.13272
1.07114e+07 0.0330573 0.081813 0.119016 0.13328
1.07404e+07 0.0331915 0.0821536 0.119515 0.13384
1.07692e+07 0.033325 0.0824941 0.120014 0.1344
1.07346e+07 0.0334181 0.0828373 0.120562 0.13496
1.05611e+07 0.0342427 0.0837238 0.121266 0.13552
1.05747e+07 0.0343728 0.0840759 0.121789 0.13608
1.05708e+07 0.0345105 0.0844342 0.122325 0.13664
1.05697e+07 0.0346981 0.0848596 0.122868 0.1372
1.049e+07 0.0350217 0.0853801 0.123468 0.13776
1.05136e+07 0.0351756 0.0857552 0.123991 0.13832
1.04752e+07 0.035364 0.0862039 0.124558 0.13888
1.04589e+07 0.0356333 0.0866824 0.125118 0.13944
1.04882e+07 0.0357771 0.0870402 0.125632 0.14
1.04993e+07 0.0358967 0.0873795 0.12615 0.14056
1.05014e+07 0.0359981 0.0877044 0.126671 0.14112
1.05319e+07 0.0361313 0.088043 0.127173 0.14168
1.05144e+07 0.036252 0.0884022 0.127712 0.14224
1.05122e+07 0.0364311 0.0888162 0.128249 0.1428
1.05293e+07 0.0365836 0.0891858 0.128764 0.14336
1.0559e+07 0.0367151 0.0895222 0.129263 0.14392
1.05706e+07 0.0368262 0.0898496 0.129774 0.14448
1.05993e+07 0.0369567 0.0901852 0.130273 0.14504
1.06284e+07 0.0370881 0.0905217 0.130772 0.1456
1.06571e+07 0.0372196 0.0908589 0.131271 0.14616
1.06854e+07 0.0373513 0.0911972 0.13177 0.14672
1.06999e+07 0.0374678 0.0915281 0.132279 0.14728
1.07247e+07 0.0375966 0.0918654 0.132781 0.14784
1.07462e+07 0.0377218 0.0922014 0.133286 0.1484
1.07526e+07 0.0378874 0.0925965 0.133812 0.14896
1.0779e+07 0.0380204 0.0929384 0.134313 0.14952
1.07896e+07 0.0381767 0.0933229 0.134835 0.15008
1.07983e+07 0.0383403 0.0937151 0.135359 0.15064
1.08027e+07 0.0385256 0.0941239 0.135888 0.1512
1.07612e+07 0.0387608 0.0945714 0.136455 0.15176
1.07439e+07 0.0388916 0.0949443 0.136998 0.15232
1.07007e+07 0.0390901 0.0953612 0.137564 0.15288
1.06969e+07 0.0391922 0.0956938 0.138092 0.15344
1.07119e+07 0.0393098 0.0960277 0.138603 0.154
1.072e+07 0.0394187 0.096357 0.139117 0.15456
1.07074e+07 0.0395446 0.0967225 0.139653 0.15512
1.06525e+07 0.0397879 0.0971848 0.140233 0.15568
1.06341e+07 0.0399668 0.0975798 0.140789 0.15624
1.06262e+07 0.0402592 0.0980503 0.141339 0.1568
1.0639e+07 0.0404058 0.0984142 0.14187 0.15736
1.06473e+07 0.0405711 0.0988071 0.142398 0.15792
1.06608e+07 0.0407268 0.0991846 0.142917 0.15848
1.06788e+07 0.0408731 0.0995479 0.14343 0.15904
1.07041e+07 0.0410083 0.0998918 0.143932 0.1596
1.07157e+07 0.0411236 0.100225 0.144443 0.16016
1.07257e+07 0.0412371 0.100557 0.144956 0.16072
1.07346e+07 0.04135 0.10089 0.145469 0.16128
1.07591e+07 0.0414804 0.10123 0.145972 0.16184
1.07507e+07 0.041611 0.101599 0.146506 0.1624
1.06647e+07 0.0421062 0.102271 0.147132 0.16296
1.0579e+07 0.0422755 0.102646 0.14781 0.16352
1.05525e+07 0.0425486 0.10311 0.148371 0.16408
1.05666e+07 0.042676 0.103461 0.148893 0.16464
1.05952e+07 0.0428147 0.103815 0.149408 0.1652
1.06028e+07 0.0429545 0.104184 0.149937 0.16576
1.06277e+07 0.0430991 0.104546 0.150454 0.16632
1.06268e+07 0.0432535 0.104918 0.150987 0.16688
1.06539e+07 0.0433901 0.105267 0.151496 0.16744
1.06803e+07 0.0435239 0.105611 0.152001 0.168
1.06959e+07 0.0436739 0.10598 0.152516 0.16856
1.07214e+07 0.043807 0.106322 0.153019 0.16912
1.07465e+07 0.0439396 0.106664 0.153521 0.16968
1.07712e+07 0.044072 0.107005 0.154023 0.17024
1.07887e+07 0.044244 0.107377 0.154537 0.1708
1.07725e+07 0.0445395 0.107864 0.155095 0.17136
1.07506e+07 0.0448646 0.108346 0.155672 0.17192
1.07637e+07 0.0450222 0.10873 0.156197 0.17248
1.07831e+07 0.0451678 0.109095 0.156711 0.17304
1.08074e+07 0.0453033 0.109441 0.157216 0.1736
1.08218e+07 0.0454557 0.109816 0.157732 0.17416
1.08438e+07 0.0455937 0.110167 0.158238 0.17472
1.08667e+07 0.0457301 0.110515 0.158743 0.17528
1.08683e+07 0.0458375 0.110847 0.159262 0.17584
1.08673e+07 0.0459689 0.111209 0.159789 0.1764
1.08821e+07 0.0460949 0.111551 0.1603 0.17696
1.0892e+07 0.0462428 0.111923 0.16082 0.17752
1.09047e+07 0.0463995 0.1123 0.161338 0.17808
1.09085e+07 0.046612 0.112718 0.161871 0.17864
1.09033e+07 0.0468813 0.113178 0.162417 0.1792
1.09196e+07 0.0470069 0.113512 0.162948 0.17976
1.0944e+07 0.0471407 0.113856 0.163453 0.18032
1.09679e+07 0.0472745 0.1142 0.163956 0.18088
1.09916e+07 0.0474093 0.114546 0.164459 0.18144
1.1015e+07 0.047544 0.114891 0.164962 0.182
1.10383e+07 0.0476787 0.115237 0.165466 0.18256
1.10613e+07 0.0478131 0.115583 0.16597 0.18312
1.1084e+07 0.0479469 0.115929 0.166474 0.18368
1.11065e+07 0.0480807 0.116275 0.166978 0.18424
1.11237e+07 0.0482407 0.116644 0.16749 0.1848
1.1146e+07 0.0483746 0.11699 0.167995 0.18536
1.11682e+07 0.0485087 0.117337 0.1685 0.18592
1.11902e+07 0.0486429 0.117684 0.169005 0.18648
1.1212e+07 0.0487772 0.118031 0.16951 0.18704
1.12338e+07 0.0489118 0.118379 0.170016 0.1876
1.12554e+07 0.0490463 0.118727 0.170521 0.18816
1.1277e+07 0.049181 0.119074 0.171026 0.18872
1.12851e+07 0.0493365 0.119462 0.17155 0.18928
1.12938e+07 0.0494927 0.119849 0.172073 0.18984
1.13158e+07 0.0496269 0.120195 0.172578 0.1904
1.13246e+07 0.0497834 0.120582 0.1731 0.19096
1.13389e+07 0.0499314 0.120952 0.173616 0.19152
1.1361e+07 0.050066 0.121298 0.17412 0.19208
1.13828e+07 0.0501993 0.121644 0.174625 0.19264
1.14046e+07 0.0503323 0.12199 0.17513 0.1932
1.14064e+07 0.050481 0.122354 0.175654 0.19376
1.13597e+07 0.0507334 0.122824 0.176231 0.19432
1.12451e+07 0.0508747 0.123123 0.176982 0.19488
1.12028e+07 0.0510591 0.123553 0.177549 0.19544
1.11466e+07 0.0513204 0.123991 0.178172 0.196
1.10091e+07 0.0521506 0.124893 0.178877 0.19656
1.08481e+07 0.0525312 0.125324 0.1797 0.19712
1.0804e+07 0.0529006 0.125878 0.180284 0.19768
1.08272e+07 0.0530529 0.126249 0.180805 0.19824
1.08539e+07 0.0532002 0.126613 0.181321 0.1988
1.08826e+07 0.0533429 0.126972 0.181835 0.19936
1.09107e+07 0.0534854 0.127331 0.182349 0.19992
1.09385e+07 0.053628 0.12769 0.182863 0.20048
1.09661e+07 0.0537708 0.12805 0.183378 0.20104
1.09932e+07 0.0539135 0.128411 0.183893 0.2016
1.10198e+07 0.0540555 0.128771 0.184408 0.20216
1.10368e+07 0.0542109 0.129153 0.184932 0.20272
1.10622e+07 0.0543533 0.129514 0.185447 0.20328
1.10882e+07 0.054494 0.129872 0.185961 0.20384
1.1114e+07 0.0546346 0.130231 0.186475 0.2044
1.11395e+07 0.0547751 0.130589 0.18699 0.20496
1.11647e+07 0.0549152 0.130948 0.187504 0.20552
1.11547e+07 0.055069 0.131352 0.188048 0.20608
1.10353e+07 0.0557022 0.132119 0.188709 0.20664
1.09025e+07 0.0555855 0.132116 0.189584 0.2072
9.62038e+06 0.0617534 0.136824 0.191495 0.20776
9.65399e+06 0.0619006 0.137189 0.192005 0.20832
9.68751e+06 0.0620476 0.137553 0.192516 0.20888
9.72097e+06 0.0621945 0.137918 0.193026 0.20944
9.75432e+06 0.0623418 0.138283 0.193537 0.21
9.78757e+06 0.0624891 0.138649 0.194048 0.21056
9.82063e+06 0.0626368 0.139015 0.19456 0.21112
9.85362e+06 0.0627846 0.139382 0.195071 0.21168
9.88651e+06 0.0629325 0.139748 0.195582 0.21224
9.91926e+06 0.0630807 0.140116 0.196094 0.2128
9.95193e+06 0.063229 0.140484 0.196606 0.21336
9.98454e+06 0.0633775 0.140852 0.197118 0.21392
1.00171e+07 0.063526 0.14122 0.19763 0.21448
1.00494e+07 0.0636746 0.141589 0.198143 0.21504
1.00815e+07 0.0638232 0.141959 0.198656 0.2156
1.01133e+07 0.0639717 0.142328 0.199169 0.21616
1.01437e+07 0.0641185 0.142696 0.199683 0.21672
1.01726e+07 0.0642631 0.143063 0.200198 0.21728
1.01797e+07 0.0644042 0.14344 0.200727 0.21784
1.02033e+07 0.064549 0.14381 0.201245 0.2184
1.02231e+07 0.0647058 0.144196 0.201769 0.21896
1.02109e+07 0.0648552 0.144598 0.202315 0.21952
1.02302e+07 0.0650055 0.144977 0.202839 0.22008
1.02587e+07 0.0651476 0.14534 0.203355 0.22064
1.0287e+07 0.0652898 0.145704 0.203873 0.2212
1.03052e+07 0.0654199 0.146061 0.204395 0.22176
1.03145e+07 0.0655394 0.146414 0.204924 0.22232
1.03413e+07 0.06568 0.146776 0.205442 0.22288
1.0369e+07 0.0658217 0.147138 0.20596 0.22344
1.03966e+07 0.0659636 0.147502 0.206478 0.224
1.04239e+07 0.0661056 0.147866 0.206996 0.22456
1.04511e+07 0.0662475 0.148229 0.207514 0.22512
1.04781e+07 0.0663895 0.148593 0.208033 0.22568
1.05049e+07 0.0665314 0.148958 0.208551 0.22624
1.05315e+07 0.0666733 0.149322 0.20907 0.2268
1.05578e+07 0.0668152 0.149686 0.209589 0.22736
1.0584e+07 0.0669567 0.150049 0.210107 0.22792
1.061e+07 0.0670975 0.15041 0.210625 0.22848
1.06357e+07 0.0672378 0.150771 0.211141 0.22904
1.06612e+07 0.0673777 0.151131 0.211658 0.2296
1.06866e+07 0.0675174 0.15149 0.212174 0.23016
1.07023e+07 0.0676446 0.151843 0.212695 0.23072
1.07146e+07 0.0677673 0.152192 0.213219 0.23128
1.07268e+07 0.0678901 0.15254 0.213742 0.23184
1.0748e+07 0.0680219 0.15289 0.214257 0.2324
1.07723e+07 0.0681568 0.153237 0.214766 0.23296
1.07964e+07 0.0682908 0.153583 0.215274 0.23352
1.08204e+07 0.0684245 0.153928 0.21578 0.23408
1.08442e+07 0.068558 0.154273 0.216286 0.23464
1.08679e+07 0.0686915 0.154617 0.216792 0.2352
1.08914e+07 0.068825 0.154962 0.217297 0.23576
1.09148e+07 0.0689584 0.155306 0.217802 0.23632
1.0938e+07 0.0690917 0.15565 0.218307 0.23688
1.09612e+07 0.0692249 0.155994 0.218811 0.23744
1.09843e+07 0.0693581 0.156337 0.219315 0.238
1.10074e+07 0.0694911 0.156681 0.21982 0.23856
1.10304e+07 0.0696241 0.157024 0.220324 0.23912
1.10532e+07 0.0697576 0.157368 0.220828 0.23968
1.10721e+07 0.0699118 0.157727 0.221336 0.24024
1.10891e+07 0.0700782 0.158096 0.221847 0.2408
1.11098e+07 0.0702243 0.158449 0.222355 0.24136
1.11325e+07 0.0703574 0.158793 0.222859 0.24192
1.11552e+07 0.0704908 0.159136 0.223362 0.24248
1.11778e+07 0.0706243 0.15948 0.223866 0.24304
1.12003e+07 0.0707578 0.159824 0.22437 0.2436
1.12227e+07 0.0708913 0.160167 0.224873 0.24416
1.1245e+07 0.0710251 0.160511 0.225377 0.24472
1.12672e+07 0.0711595 0.160855 0.22588 0.24528
1.12893e+07 0.0712938 0.161199 0.226384 0.24584
1.13114e+07 0.0714282 0.161544 0.226887 0.2464
1.13334e+07 0.0715625 0.161887 0.227391 0.24696
1.13555e+07 0.0716967 0.162231 0.227894 0.24752
1.13738e+07 0.0718549 0.162597 0.228406 0.24808
1.13716e+07 0.0720944 0.163039 0.228944 0.24864
1.13832e+07 0.0722679 0.163409 0.229462 0.2492
1.14046e+07 0.0724007 0.163752 0.229969 0.24976
1.14182e+07 0.0725198 0.164077 0.230507 0.25032
1.14397e+07 0.0726502 0.164412 0.231005 0.25088
1.1462e+07 0.0727838 0.164753 0.231507 0.25144
1.14841e+07 0.0729174 0.165095 0.232009 0.252
1.15062e+07 0.0730511 0.165438 0.232511 0.25256
1.15282e+07 0.0731854 0.165781 0.233013 0.25312
1.15501e+07 0.0733199 0.166124 0.233515 0.25368
1.1572e+07 0.0734545 0.166467 0.234016 0.25424
1.15898e+07 0.0736128 0.16683 0.234525 0.2548
1.16053e+07 0.0737838 0.167204 0.235038 0.25536
1.16273e+07 0.0739178 0.167546 0.235539 0.25592
1.16491e+07 0.0740519 0.167889 0.236041 0.25648
1.16709e+07 0.0741862 0.168232 0.236542 0.25704
1.16926e+07 0.0743207 0.168575 0.237044 0.2576
1.17143e+07 0.0744553 0.168918 0.237546 0.25816
1.17359e+07 0.0745899 0.169261 0.238047 0.25872
1.17572e+07 0.0747258 0.169605 0.23855 0.25928
1.17749e+07 0.0748875 0.169972 0.239061 0.25984
1.1764e+07 0.0751746 0.170452 0.239611 0.2604
1.17517e+07 0.0753044 0.170799 0.240196 0.26096
1.16701e+07 0.075824 0.171452 0.240811 0.26152
1.10701e+07 0.0750803 0.170429 0.242731 0.26208
9.80289e+06 0.0811024 0.175151 0.24468 0.26264
9.7495e+06 0.0810033 0.175175 0.245446 0.2632
9.70602e+06 0.0815022 0.175788 0.246039 0.26376
9.73709e+06 0.0816415 0.176138 0.246552 0.26432
9.76929e+06 0.0817834 0.176493 0.247062 0.26488
9.80132e+06 0.0819255 0.176849 0.247573 0.26544
9.83329e+06 0.0820678 0.177204 0.248083 0.266
9.86514e+06 0.0822101 0.17756 0.248594 0.26656
9.89689e+06 0.0823526 0.177916 0.249105 0.26712
9.92845e+06 0.0824954 0.178272 0.249615 0.26768
9.95994e+06 0.0826383 0.178629 0.250126 0.26824
9.99138e+06 0.0827813 0.178985 0.250637 0.2688
1.00227e+07 0.0829248 0.179343 0.251149 0.26936
1.00536e+07 0.0830683 0.179701 0.25166 0.26992
1.00839e+07 0.083211 0.180058 0.252172 0.27048
1.01133e+07 0.0833526 0.180415 0.252684 0.27104
1.01421e+07 0.0834938 0.180772 0.253197 0.2716
1.01708e+07 0.0836348 0.181129 0.25371 0.27216
1.01992e+07 0.0837758 0.181486 0.254222 0.27272
1.02275e+07 0.0839167 0.181843 0.254735 0.27328
1.02557e+07 0.0840578 0.182201 0.255248 0.27384
1.02838e+07 0.0841991 0.182558 0.255762 0.2744
1.03118e+07 0.0843404 0.182916 0.256275 0.27496
1.03397e+07 0.084482 0.183274 0.256788 0.27552
1.03674e+07 0.0846238 0.183632 0.257302 0.27608
1.03949e+07 0.0847657 0.183991 0.257815 0.27664
1.04224e+07 0.0849075 0.18435 0.258329 0.2772
1.04497e+07 0.0850493 0.184708 0.258843 0.27776
1.0477e+07 0.085191 0.185067 0.259357 0.27832
1.05042e+07 0.0853327 0.185426 0.25987 0.27888
1.05313e+07 0.0854743 0.185784 0.260384 0.27944
1.05582e+07 0.0856158 0.186143 0.260899 0.28
1.0585e+07 0.0857571 0.186502 0.261413 0.28056
1.06117e+07 0.0858985 0.186861 0.261927 0.28112
1.06383e+07 0.0860398 0.18722 0.262441 0.28168
1.06648e+07 0.0861811 0.18758 0.262956 0.28224
1.06913e+07 0.0863225 0.187939 0.263471 0.2828
1.07178e+07 0.0864636 0.188298 0.263985 0.28336
1.07443e+07 0.0866045 0.188658 0.2645 0.28392
1.07708e+07 0.0867455 0.189018 0.265015 0.28448
1.07972e+07 0.0868863 0.189377 0.265531 0.28504
1.08236e+07 0.0870271 0.189737 0.266046 0.2856
1.08499e+07 0.0871679 0.190096 0.266561 0.28616
1.08763e+07 0.0873086 0.190456 0.267077 0.28672
1.09025e+07 0.0874492 0.190815 0.267592 0.28728
1.09288e+07 0.0875897 0.191175 0.268107 0.28784
1.0955e+07 0.0877302 0.191534 0.268622 0.2884
1.09812e+07 0.0878706 0.191893 0.269138 0.28896
1.10074e+07 0.0880109 0.192252 0.269653 0.28952
1.10335e+07 0.0881512 0.192611 0.270168 0.29008
1.10595e+07 0.0882916 0.19297 0.270683 0.29064
1.10855e+07 0.0884322 0.19333 0.271198 0.2912
1.11115e+07 0.0885727 0.19369 0.271713 0.29176
1.11374e+07 0.0887132 0.19405 0.272227 0.29232
1.11634e+07 0.0888537 0.194409 0.272742 0.29288
1.11892e+07 0.0889941 0.194769 0.273257 0.29344
1.12149e+07 0.0891342 0.195128 0.273772 0.294
1.12406e+07 0.0892742 0.195487 0.274286 0.29456
1.12508e+07 0.0894384 0.195888 0.274816 0.29512
1.12634e+07 0.0895987 0.196282 0.275344 0.29568
1.12741e+07 0.0897634 0.196682 0.275873 0.29624
1.13001e+07 0.0899025 0.197038 0.276386 0.2968
1.13262e+07 0.090041 0.197394 0.276899 0.29736
1.13445e+07 0.0901927 0.197772 0.27742 0.29792
1.13553e+07 0.0903572 0.198171 0.277949 0.29848
1.13652e+07 0.0905227 0.198572 0.278479 0.29904
1.13829e+07 0.0906751 0.198952 0.279001 0.2996
1.14087e+07 0.0908136 0.199307 0.279514 0.30016
1.14342e+07 0.0909517 0.199663 0.280026 0.30072
1.14569e+07 0.0911025 0.200028 0.280541 0.30128
1.14667e+07 0.0913104 0.200443 0.281072 0.30184
1.14848e+07 0.0914752 0.200823 0.281592 0.3024
1.14807e+07 0.091767 0.201299 0.282142 0.30296
1.1449e+07 0.0918023 0.2015 0.282808 0.30352
1.13819e+07 0.0921701 0.202028 0.283403 0.30408
1.12152e+07 0.0919966 0.201927 0.284393 0.30464
1.00312e+07 0.0978994 0.206532 0.286263 0.3052
9.54174e+06 0.0970177 0.205281 0.288146 0.30576
9.57371e+06 0.0971588 0.205635 0.288656 0.30632
9.60646e+06 0.0972986 0.205987 0.289165 0.30688
9.63928e+06 0.0974386 0.20634 0.289675 0.30744
9.67205e+06 0.0975785 0.206692 0.290184 0.308
9.70441e+06 0.0977189 0.207045 0.290694 0.30856
9.73538e+06 0.0978613 0.207401 0.291205 0.30912
9.76594e+06 0.0980041 0.207758 0.291716 0.30968
9.79632e+06 0.0981468 0.208115 0.292228 0.31024
9.82654e+06 0.0982894 0.208472 0.292739 0.3108
9.85656e+06 0.0984317 0.208829 0.293251 0.31136
9.88622e+06 0.0985738 0.209186 0.293763 0.31192
9.91523e+06 0.0987155 0.209542 0.294275 0.31248
9.94397e+06 0.0988562 0.209898 0.294787 0.31304
9.97258e+06 0.0989967 0.210254 0.2953 0.3136
1.0001e+07 0.0991372 0.210609 0.295812 0.31416
1.00293e+07 0.0992775 0.210965 0.296325 0.31472
1.00576e+07 0.0994178 0.21132 0.296838 0.31528
1.00857e+07 0.0995581 0.211676 0.29735 0.31584
1.01137e+07 0.0996987 0.212032 0.297863 0.3164
1.01416e+07 0.0998394 0.212388 0.298376 0.31696
1.01694e+07 0.09998 0.212744 0.298889 0.31752
1.0197e+07 0.10012 0.2131 0.299402 0.31808
1.02243e+07 0.10026 0.213456 0.299916 0.31864
1.02429e+07 0.100412 0.213831 0.300437 0.3192
1.02607e+07 0.100565 0.214208 0.300959 0.31976
1.02768e+07 0.100721 0.214589 0.301482 0.32032
1.03e+07 0.100865 0.214953 0.301999 0.32088
1.03103e+07 0.101006 0.21532 0.302524 0.32144
1.03331e+07 0.101144 0.215676 0.30304 0.322
1.03529e+07 0.101281 0.216033 0.303558 0.32256
1.03807e+07 0.10142 0.216388 0.304071 0.32312
1.04083e+07 0.101559 0.216742 0.304584 0.32368
1.04358e+07 0.101698 0.217097 0.305097 0.32424
1.0458e+07 0.101845 0.217463 0.305615 0.3248
1.04644e+07 0.101968 0.217813 0.30614 0.32536
1.0485e+07 0.102098 0.218162 0.306656 0.32592
1.04984e+07 0.102233 0.218522 0.307178 0.32648
1.05133e+07 0.102369 0.218881 0.307699 0.32704
1.05336e+07 0.102513 0.219246 0.308218 0.3276
1.05528e+07 0.102655 0.219609 0.308737 0.32816
1.05756e+07 0.102803 0.219977 0.309255 0.32872
1.05982e+07 0.102951 0.220345 0.309773 0.32928
1.06262e+07 0.10309 0.2207 0.310286 0.32984
1.0654e+07 0.10323 0.221055 0.310799 0.3304
1.06819e+07 0.10337 0.221411 0.311312 0.33096
1.07095e+07 0.10351 0.221767 0.311825 0.33152
1.0737e+07 0.103649 0.222122 0.312338 0.33208
1.07645e+07 0.103789 0.222479 0.312852 0.33264
1.0792e+07 0.10393 0.222835 0.313365 0.3332
1.08195e+07 0.10407 0.223191 0.313879 0.33376
1.08468e+07 0.10421 0.223548 0.314393 0.33432
1.08739e+07 0.10435 0.223905 0.314907 0.33488
1.09009e+07 0.10449 0.224262 0.315421 0.33544
1.0928e+07 0.10463 0.22462 0.315935 0.336
1.0955e+07 0.104771 0.224978 0.31645 0.33656
1.09819e+07 0.104911 0.225335 0.316965 0.33712
1.09998e+07 0.10504 0.225687 0.317484 0.33768
1.10238e+07 0.105177 0.226043 0.318 0.33824
1.10469e+07 0.105312 0.226397 0.318517 0.3388
1.10685e+07 0.10546 0.226767 0.319036 0.33936
1.10917e+07 0.105604 0.227131 0.319553 0.33992
1.11131e+07 0.105751 0.2275 0.320072 0.34048
1.11153e+07 0.105884 0.227868 0.320603 0.34104
1.11044e+07 0.105982 0.228211 0.321138 0.3416
1.11155e+07 0.10614 0.228586 0.321665 0.34216
1.11297e+07 0.106263 0.228932 0.322185 0.34272
1.11469e+07 0.10639 0.22928 0.322704 0.34328
1.11688e+07 0.10652 0.229621 0.323235 0.34384
1.11822e+07 0.106636 0.229949 0.323776 0.3444
1.11953e+07 0.106758 0.230294 0.3243 0.34496
1.1209e+07 0.106876 0.230631 0.32484 0.34552
1.12186e+07 0.106971 0.230936 0.325365 0.34608
1.12401e+07 0.107104 0.231285 0.325895 0.34664
1.12469e+07 0.107205 0.231585 0.326465 0.3472
1.12733e+07 0.107345 0.231942 0.326979 0.34776
1.12995e+07 0.107484 0.232296 0.327492 0.34832
1.13253e+07 0.107621 0.232648 0.328003 0.34888
1.13507e+07 0.107758 0.232997 0.328512 0.34944
1.13757e+07 0.107894 0.233345 0.329019 0.35
1.1396e+07 0.108019 0.23368 0.329546 0.35056
1.14002e+07 0.108113 0.233965 0.330121 0.35112
1.14062e+07 0.108221 0.234285 0.330698 0.35168
1.14194e+07 0.108332 0.234592 0.331244 0.35224
1.14445e+07 0.108468 0.23494 0.331753 0.3528
1.14693e+07 0.108603 0.235286 0.332261 0.35336
1.14939e+07 0.108737 0.235631 0.332767 0.35392
1.15183e+07 0.10887 0.235973 0.333271 0.35448
1.15423e+07 0.109003 0.236313 0.333773 0.35504
1.15661e+07 0.109135 0.236652 0.334274 0.3556
1.15899e+07 0.109266 0.236991 0.334775 0.35616
1.16135e+07 0.109397 0.237327 0.335273 0.35672
1.16369e+07 0.109528 0.237664 0.335772 0.35728
1.16547e+07 0.109652 0.237997 0.336274 0.35784
1.16701e+07 0.109771 0.238322 0.336789 0.3584
1.16727e+07 0.109873 0.238635 0.337356 0.35896
1.16743e+07 0.10997 0.238935 0.337925 0.35952
1.16426e+07 0.110009 0.239164 0.338581 0.36008
1.13311e+07 0.111404 0.240389 0.339634 0.36064
1.11993e+07 0.111522 0.2407 0.340401 0.3612
1.10445e+07 0.112417 0.241661 0.341114 0.36176
1.02061e+07 0.110761 0.239088 0.344103 0.36232
9.51863e+06 0.114372 0.241961 0.34538 0.36288
9.5394e+06 0.114476 0.242263 0.34592 0.36344
9.56847e+06 0.114632 0.242629 0.346433 0.364
9.59228e+06 0.114799 0.243005 0.346951 0.36456
9.62369e+06 0.114939 0.243358 0.347462 0.36512
9.65502e+06 0.115079 0.243711 0.347972 0.36568
9.68626e+06 0.115219 0.244064 0.348483 0.36624
9.71704e+06 0.11536 0.244418 0.348994 0.3668
9.747e+06 0.115501 0.244773 0.349506 0.36736
9.77589e+06 0.115641 0.245127 0.350018 0.36792
9.80406e+06 0.11578 0.245481 0.350531 0.36848
9.83203e+06 0.115919 0.245836 0.351043 0.36904
9.8598e+06 0.116058 0.24619 0.351556 0.3696
9.88738e+06 0.116198 0.246545 0.352069 0.37016
9.91482e+06 0.116337 0.2469 0.352583 0.37072
9.94216e+06 0.116477 0.247255 0.353096 0.37128
9.96952e+06 0.116617 0.24761 0.353609 0.37184
9.99692e+06 0.116756 0.247964 0.354122 0.3724
1.00242e+07 0.116896 0.24832 0.354636 0.37296
1.00515e+07 0.117035 0.248675 0.355149 0.37352
1.00788e+07 0.117175 0.24903 0.355662 0.37408
1.0106e+07 0.117314 0.249385 0.356176 0.37464
1.01332e+07 0.117454 0.24974 0.356689 0.3752
1.01604e+07 0.117594 0.250095 0.357203 0.37576
1.01876e+07 0.117733 0.25045 0.357716 0.37632
1.02148e+07 0.117873 0.250805 0.358229 0.37688
1.02421e+07 0.118012 0.251161 0.358743 0.37744
1.02692e+07 0.118152 0.251516 0.359256 0.378
1.02964e+07 0.118292 0.251871 0.35977 0.37856
1.03236e+07 0.118431 0.252226 0.360283 0.37912
1.03508e+07 0.118571 0.252581 0.360797 0.37968
1.0378e+07 0.118711 0.252937 0.36131 0.38024
1.04051e+07 0.11885 0.253292 0.361824 0.3808
1.04323e+07 0.11899 0.253647 0.362337 0.38136
1.04595e+07 0.119129 0.254002 0.36285 0.38192
1.04866e+07 0.119269 0.254357 0.363364 0.38248
1.05138e+07 0.119409 0.254712 0.363877 0.38304
1.0541e+07 0.119548 0.255068 0.364391 0.3836
1.05682e+07 0.119688 0.255423 0.364904 0.38416
1.05953e+07 0.119827 0.255778 0.365418 0.38472
1.06224e+07 0.119967 0.256133 0.365931 0.38528
1.06496e+07 0.120107 0.256489 0.366445 0.38584
1.06767e+07 0.120247 0.256844 0.366958 0.3864
1.07039e+07 0.120386 0.257199 0.367472 0.38696
1.0731e+07 0.120526 0.257554 0.367986 0.38752
1.07581e+07 0.120666 0.25791 0.368499 0.38808
1.0785e+07 0.120805 0.258264 0.369014 0.38864
1.08109e+07 0.120942 0.258615 0.36953 0.3892
1.08302e+07 0.12107 0.258957 0.370066 0.38976
1.08469e+07 0.121187 0.259275 0.370606 0.39032
1.08738e+07 0.121323 0.259627 0.371121 0.39088
1.08987e+07 0.121474 0.259989 0.371636 0.39144
1.09257e+07 0.121614 0.260345 0.37215 0.392
1.09526e+07 0.121755 0.260701 0.372664 0.39256
1.09796e+07 0.121895 0.261057 0.373177 0.39312
1.10066e+07 0.122035 0.261412 0.373691 0.39368
1.10336e+07 0.122176 0.261768 0.374205 0.39424
1.10605e+07 0.122316 0.262124 0.374718 0.3948
1.10875e+07 0.122456 0.262479 0.375232 0.39536
1.11145e+07 0.122597 0.262835 0.375746 0.39592
1.11415e+07 0.122737 0.263191 0.376259 0.39648
1.11685e+07 0.122878 0.263547 0.376773 0.39704
1.11955e+07 0.123018 0.263902 0.377287 0.3976
1.12224e+07 0.123158 0.264258 0.377801 0.39816
1.12494e+07 0.123299 0.264614 0.378314 0.39872
1.12763e+07 0.123439 0.26497 0.378828 0.39928
1.13031e+07 0.123582 0.265328 0.379343 0.39984
1.13277e+07 0.123732 0.265692 0.37986 0.4004
1.1318e+07 0.124084 0.266204 0.380428 0.40096
1.13058e+07 0.124196 0.266517 0.381041 0.40152
1.12517e+07 0.124626 0.267107 0.38165 0.40208
1.12358e+07 0.12468 0.267348 0.382273 0.40264
1.12101e+07 0.125137 0.267946 0.382877 0.4032
1.12164e+07 0.125271 0.268271 0.383437 0.40376
1.11418e+07 0.125895 0.268969 0.384057 0.40432
1.06403e+07 0.125083 0.267871 0.385895 0.40488
9.66972e+06 0.129966 0.271716 0.387497 0.40544
9.55866e+06 0.129818 0.271636 0.388347 0.406
9.56618e+06 0.130086 0.272092 0.388889 0.40656
9.60817e+06 0.130164 0.272399 0.389384 0.40712
9.63802e+06 0.130309 0.272758 0.389899 0.40768
9.66781e+06 0.130451 0.273114 0.390411 0.40824
9.69747e+06 0.130593 0.27347 0.390923 0.4088
9.72708e+06 0.130734 0.273825 0.391435 0.40936
9.75661e+06 0.130876 0.274181 0.391947 0.40992
9.78593e+06 0.131018 0.274538 0.392459 0.41048
9.81492e+06 0.13116 0.274894 0.392972 0.41104
9.84345e+06 0.131301 0.275249 0.393485 0.4116
9.87147e+06 0.131441 0.275604 0.393998 0.41216
9.89922e+06 0.131581 0.275959 0.394511 0.41272
9.9268e+06 0.131721 0.276314 0.395024 0.41328
9.9543e+06 0.131861 0.27667 0.395537 0.41384
9.98192e+06 0.132001 0.277025 0.39605 0.4144
1.00094e+07 0.132141 0.27738 0.396564 0.41496
1.0037e+07 0.132281 0.277735 0.397077 0.41552
1.00644e+07 0.132421 0.27809 0.39759 0.41608
1.00917e+07 0.132561 0.278446 0.398104 0.41664
1.0119e+07 0.132701 0.278801 0.398617 0.4172
1.01462e+07 0.13284 0.279156 0.399131 0.41776
1.01734e+07 0.13298 0.279511 0.399644 0.41832
1.02007e+07 0.13312 0.279867 0.400158 0.41888
1.02279e+07 0.13326 0.280222 0.400671 0.41944
1.02552e+07 0.1334 0.280577 0.401184 0.42
1.02824e+07 0.133539 0.280932 0.401698 0.42056
1.03097e+07 0.133679 0.281287 0.402211 0.42112
1.03369e+07 0.133819 0.281643 0.402725 0.42168
1.03642e+07 0.133959 0.281998 0.403238 0.42224
1.03915e+07 0.134099 0.282353 0.403752 0.4228
1.04187e+07 0.134239 0.282708 0.404265 0.42336
1.0446e+07 0.134378 0.283063 0.404779 0.42392
1.04732e+07 0.134518 0.283419 0.405292 0.42448
1.05005e+07 0.134658 0.283774 0.405805 0.42504
1.05278e+07 0.134798 0.284129 0.406319 0.4256
1.0555e+07 0.134937 0.284484 0.406832 0.42616
1.05823e+07 0.135077 0.284839 0.407346 0.42672
1.06095e+07 0.135217 0.285194 0.407859 0.42728
1.06368e+07 0.135357 0.285549 0.408373 0.42784
1.0664e+07 0.135496 0.285905 0.408887 0.4284
1.06912e+07 0.135636 0.28626 0.4094 0.42896
1.07184e+07 0.135776 0.286615 0.409914 0.42952
1.07456e+07 0.135916 0.28697 0.410427 0.43008
1.07728e+07 0.136055 0.287325 0.410941 0.43064
1.08e+07 0.136195 0.28768 0.411455 0.4312
1.08272e+07 0.136335 0.288035 0.411968 0.43176
1.08544e+07 0.136474 0.28839 0.412482 0.43232
1.08816e+07 0.136614 0.288745 0.412996 0.43288
1.09088e+07 0.136754 0.2891 0.41351 0.43344
1.0936e+07 0.136893 0.289455 0.414023 0.434
1.09632e+07 0.137033 0.28981 0.414537 0.43456
1.09903e+07 0.137172 0.290165 0.415051 0.43512
1.10175e+07 0.137312 0.29052 0.415565 0.43568
1.10447e+07 0.137451 0.290875 0.416078 0.43624
1.10719e+07 0.137591 0.291229 0.416592 0.4368
1.1099e+07 0.137731 0.291584 0.417106 0.43736
1.11262e+07 0.13787 0.291939 0.41762 0.43792
1.11534e+07 0.13801 0.292294 0.418134 0.43848
1.11805e+07 0.138149 0.292649 0.418648 0.43904
1.12077e+07 0.138289 0.293004 0.419161 0.4396
1.12349e+07 0.138428 0.293359 0.419675 0.44016
1.1262e+07 0.138568 0.293714 0.420189 0.44072
1.12892e+07 0.138707 0.294069 0.420703 0.44128
1.13163e+07 0.138847 0.294424 0.421217 0.44184
1.13434e+07 0.138987 0.294779 0.421731 0.4424
1.13705e+07 0.139126 0.295134 0.422245 0.44296
1.13976e+07 0.139266 0.295489 0.422759 0.44352
1.14247e+07 0.139405 0.295844 0.423273 0.44408
1.14518e+07 0.139545 0.2962 0.423787 0.44464
1.14789e+07 0.139685 0.296555 0.424301 0.4452
1.15059e+07 0.139824 0.29691 0.424815 0.44576
1.1533e+07 0.139964 0.297265 0.42533 0.44632
1.156e+07 0.140103 0.297621 0.425844 0.44688
1.1587e+07 0.140243 0.297976 0.426358 0.44744
1.16139e+07 0.140382 0.298331 0.426873 0.448
1.16408e+07 0.140522 0.298687 0.427387 0.44856
1.16678e+07 0.140661 0.299042 0.427902 0.44912
1.16947e+07 0.140801 0.299397 0.428416 0.44968
1.17215e+07 0.14094 0.299753 0.428931 0.45024
1.17483e+07 0.141079 0.300107 0.429445 0.4508
1.17749e+07 0.141218 0.300461 0.429958 0.45136
1.18014e+07 0.141357 0.300815 0.430471 0.45192
1.18277e+07 0.141495 0.301167 0.430984 0.45248
1.18537e+07 0.141633 0.301518 0.431495 0.45304
1.18793e+07 0.14177 0.301868 0.432006 0.4536
1.19048e+07 0.141906 0.302217 0.432515 0.45416
1.19301e+07 0.142043 0.302564 0.433024 0.45472
1.19551e+07 0.142179 0.302911 0.433532 0.45528
1.19799e+07 0.142314 0.303256 0.434038 0.45584
1.19974e+07 0.142461 0.303621 0.434552 0.4564
1.20102e+07 0.142616 0.303998 0.435071 0.45696
1.20225e+07 0.14277 0.304373 0.435589 0.45752
1.20394e+07 0.142916 0.304734 0.436099 0.45808
1.20516e+07 0.143069 0.305107 0.436615 0.45864
1.20635e+07 0.143222 0.305481 0.43713 0.4592
1.20869e+07 0.143354 0.305816 0.437628 0.45976
1.21034e+07 0.143497 0.306172 0.438134 0.46032
1.21077e+07 0.143664 0.306567 0.438658 0.46088
1.21194e+07 0.143816 0.306936 0.43917 0.46144
1.21358e+07 0.14396 0.307292 0.439676 0.462
1.21462e+07 0.144115 0.307666 0.44019 0.46256
1.21445e+07 0.144295 0.308082 0.440722 0.46312
1.21662e+07 0.144428 0.308419 0.441219 0.46368
1.21816e+07 0.144574 0.308777 0.441726 0.46424
1.22034e+07 0.144706 0.309114 0.442223 0.4648
1.22261e+07 0.144837 0.309448 0.442718 0.46536
1.22488e+07 0.144968 0.309781 0.443214 0.46592
1.22712e+07 0.145099 0.310115 0.443709 0.46648
1.22935e+07 0.14523 0.310449 0.444205 0.46704
1.23157e+07 0.145361 0.310783 0.4447 0.4676
1.23379e+07 0.145493 0.311118 0.445196 0.46816
1.23598e+07 0.145624 0.311452 0.445692 0.46872
1.23817e+07 0.145756 0.311787 0.446188 0.46928
1.24035e+07 0.145887 0.312122 0.446684 0.46984
1.24252e+07 0.146019 0.312457 0.44718 0.4704
1.24468e+07 0.146151 0.312793 0.447676 0.47096
1.24684e+07 0.146283 0.313128 0.448173 0.47152
1.24898e+07 0.146416 0.313465 0.44867 0.47208
1.24711e+07 0.146402 0.313494 0.448943 0.47264
1.10541e+07 0.151966 0.317596 0.451585 0.4732
1.08619e+07 0.151772 0.317625 0.452351 0.47376
9.99431e+06 0.156222 0.321205 0.453866 0.47432
9.22357e+06 0.154534 0.318648 0.45684 0.47488
9.2523e+06 0.154677 0.319004 0.457352 0.47544
9.28201e+06 0.154818 0.319357 0.457863 0.476
9.31166e+06 0.154959 0.319711 0.458373 0.47656
9.34131e+06 0.1551 0.320064 0.458884 0.47712
9.37095e+06 0.155241 0.320417 0.459395 0.47768
9.40054e+06 0.155382 0.32077 0.459905 0.47824
9.43013e+06 0.155523 0.321124 0.460416 0.4788
9.45971e+06 0.155664 0.321477 0.460927 0.47936
9.48922e+06 0.155805 0.32183 0.461438 0.47992
9.51805e+06 0.155947 0.322184 0.461949 0.48048
9.54659e+06 0.156088 0.322539 0.462461 0.48104
9.57498e+06 0.156229 0.322893 0.462972 0.4816
9.60315e+06 0.156371 0.323248 0.463484 0.48216
9.63116e+06 0.156512 0.323602 0.463996 0.48272
9.65914e+06 0.156653 0.323956 0.464508 0.48328
9.68708e+06 0.156794 0.324311 0.46502 0.48384
9.70761e+06 0.156925 0.324658 0.465535 0.4844
9.73315e+06 0.157063 0.325011 0.466048 0.48496
9.75801e+06 0.1572 0.325363 0.466562 0.48552
9.78551e+06 0.157341 0.325717 0.467074 0.48608
9.81292e+06 0.157482 0.326072 0.467586 0.48664
9.84026e+06 0.157622 0.326426 0.468099 0.4872
9.86758e+06 0.157763 0.326781 0.468611 0.48776
9.88798e+06 0.157896 0.327133 0.469127 0.48832
9.89858e+06 0.158014 0.327472 0.469647 0.48888
9.91957e+06 0.158146 0.327821 0.470162 0.48944
9.93488e+06 0.158271 0.328165 0.470681 0.49
9.96012e+06 0.158411 0.328521 0.471196 0.49056
9.98419e+06 0.158548 0.328873 0.47171 0.49112
1.00116e+07 0.158688 0.329227 0.472222 0.49168
1.00389e+07 0.158829 0.329582 0.472735 0.49224
1.00661e+07 0.15897 0.329937 0.473247 0.4928
1.00857e+07 0.1591 0.330285 0.473763 0.49336
1.01049e+07 0.15923 0.330632 0.474279 0.49392
1.01312e+07 0.159369 0.330986 0.474792 0.49448
1.01584e+07 0.15951 0.33134 0.475305 0.49504
1.01856e+07 0.15965 0.331695 0.475817 0.4956
1.02051e+07 0.159781 0.332043 0.476333 0.49616
1.02306e+07 0.159919 0.332396 0.476846 0.49672
1.02552e+07 0.160056 0.332748 0.47736 0.49728
1.02823e+07 0.160196 0.333103 0.477872 0.49784
1.03094e+07 0.160337 0.333457 0.478385 0.4984
1.03365e+07 0.160477 0.333812 0.478897 0.49896
1.03635e+07 0.160618 0.334167 0.47941 0.49952
1.03906e+07 0.160758 0.334521 0.479922 0.50008
1.04176e+07 0.160898 0.334876 0.480435 0.50064
1.04445e+07 0.161039 0.33523 0.480947 0.5012
1.04714e+07 0.161179 0.335585 0.48146 0.50176
1.04985e+07 0.161319 0.33594 0.481972 0.50232
1.05255e+07 0.161459 0.336294 0.482485 0.50288
1.05526e+07 0.161599 0.336648 0.482997 0.50344
1.05797e+07 0.161739 0.337002 0.483509 0.504
1.06067e+07 0.161879 0.337357 0.484022 0.50456
1.06334e+07 0.16202 0.337712 0.484535 0.50512
1.06605e+07 0.16216 0.338066 0.485047 0.50568
1.06875e+07 0.1623 0.33842 0.48556 0.50624
1.07146e+07 0.162439 0.338775 0.486072 0.5068
1.07417e+07 0.162579 0.339129 0.486584 0.50736
1.07688e+07 0.162719 0.339483 0.487097 0.50792
1.07959e+07 0.162859 0.339837 0.487609 0.50848
1.0823e+07 0.162998 0.340191 0.488121 0.50904
1.08502e+07 0.163138 0.340545 0.488634 0.5096
1.08773e+07 0.163278 0.340899 0.489146 0.51016
1.09045e+07 0.163417 0.341254 0.489658 0.51072
1.09316e+07 0.163557 0.341608 0.490171 0.51128
1.09588e+07 0.163697 0.341962 0.490683 0.51184
1.09859e+07 0.163836 0.342316 0.491195 0.5124
1.10131e+07 0.163976 0.34267 0.491708 0.51296
1.10403e+07 0.164115 0.343024 0.49222 0.51352
1.10674e+07 0.164255 0.343378 0.492732 0.51408
1.10946e+07 0.164394 0.343731 0.493245 0.51464
1.11218e+07 0.164534 0.344085 0.493757 0.5152
1.11443e+07 0.16468 0.344451 0.494274 0.51576
1.11659e+07 0.164828 0.344818 0.494792 0.51632
1.11872e+07 0.164976 0.345186 0.49531 0.51688
1.12144e+07 0.165115 0.34554 0.495822 0.51744
1.1237e+07 0.165262 0.345905 0.496339 0.518
1.12595e+07 0.165405 0.346269 0.496855 0.51856
1.12805e+07 0.165553 0.346638 0.497374 0.51912
1.13078e+07 0.165693 0.346992 0.497886 0.51968
1.13351e+07 0.165832 0.347346 0.498398 0.52024
1.13578e+07 0.165979 0.347711 0.498915 0.5208
1.13787e+07 0.166128 0.348081 0.499433 0.52136
1.13995e+07 0.166277 0.348451 0.499952 0.52192
1.14221e+07 0.166424 0.348816 0.500469 0.52248
1.1439e+07 0.16658 0.349196 0.500991 0.52304
1.14597e+07 0.16673 0.349567 0.50151 0.5236
1.1487e+07 0.16687 0.349921 0.502022 0.52416
1.15099e+07 0.167016 0.350287 0.502539 0.52472
1.15323e+07 0.167163 0.350654 0.503056 0.52528
1.15581e+07 0.167305 0.351012 0.50357 0.52584
1.1584e+07 0.167447 0.35137 0.504084 0.5264
1.16068e+07 0.167594 0.351736 0.504601 0.52696
1.16328e+07 0.167736 0.352094 0.505115 0.52752
1.16587e+07 0.167877 0.352453 0.505628 0.52808
1.16858e+07 0.168017 0.352807 0.506141 0.52864
1.17128e+07 0.168157 0.353162 0.506654 0.5292
1.17398e+07 0.168296 0.353517 0.507167 0.52976
1.17667e+07 0.168436 0.353872 0.507681 0.53032
1.17938e+07 0.168576 0.354228 0.508194 0.53088
1.18208e+07 0.168716 0.354583 0.508707 0.53144
1.18478e+07 0.168856 0.354938 0.509221 0.532
1.18748e+07 0.168996 0.355294 0.509734 0.53256
1.19018e+07 0.169136 0.35565 0.510248 0.53312
1.19288e+07 0.169276 0.356005 0.510761 0.53368
1.19558e+07 0.169416 0.35636 0.511274 0.53424
1.19828e+07 0.169556 0.356715 0.511787 0.5348
1.20098e+07 0.169696 0.357071 0.512301 0.53536
1.20367e+07 0.169836 0.357426 0.512814 0.53592
1.20636e+07 0.169976 0.357781 0.513327 0.53648
1.20904e+07 0.170115 0.358136 0.51384 0.53704
1.21171e+07 0.170255 0.35849 0.514353 0.5376
1.21438e+07 0.170394 0.358844 0.514866 0.53816
1.21703e+07 0.170533 0.359198 0.515378 0.53872
1.21967e+07 0.170672 0.359551 0.515891 0.53928
1.2223e+07 0.170811 0.359904 0.516403 0.53984
1.22493e+07 0.17095 0.360257 0.516915 0.5404
1.22703e+07 0.171083 0.360607 0.517431 0.54096
1.22801e+07 0.171229 0.360968 0.517956 0.54152
1.2232e+07 0.171703 0.361577 0.518563 0.54208
1.20488e+07 0.17149 0.361415 0.519582 0.54264
1.0157e+07 0.181023 0.368941 0.522338 0.5432
9.05748e+06 0.17877 0.365517 0.525981 0.54376
9.08657e+06 0.178911 0.365871 0.526492 0.54432
9.11558e+06 0.179052 0.366225 0.527003 0.54488
9.14464e+06 0.179193 0.366578 0.527514 0.54544
9.17367e+06 0.179334 0.366932 0.528025 0.546
9.20268e+06 0.179475 0.367286 0.528536 0.54656
9.23169e+06 0.179616 0.367639 0.529047 0.54712
9.2607e+06 0.179756 0.367993 0.529559 0.54768
9.28971e+06 0.179897 0.368346 0.53007 0.54824
9.31872e+06 0.180038 0.3687 0.530581 0.5488
9.34772e+06 0.180179 0.369054 0.531092 0.54936
9.37671e+06 0.18032 0.369407 0.531603 0.54992
9.40571e+06 0.18046 0.369761 0.532114 0.55048
9.43463e+06 0.180601 0.370114 0.532626 0.55104
9.46291e+06 0.180743 0.37047 0.533137 0.5516
9.49104e+06 0.180885 0.370825 0.533649 0.55216
9.51913e+06 0.181026 0.37118 0.534161 0.55272
9.54715e+06 0.181168 0.371535 0.534673 0.55328
9.57507e+06 0.181309 0.37189 0.535185 0.55384
9.6029e+06 0.181451 0.372245 0.535698 0.5544
9.63068e+06 0.181592 0.3726 0.53621 0.55496
9.65843e+06 0.181733 0.372955 0.536722 0.55552
9.68611e+06 0.181874 0.37331 0.537234 0.55608
9.71376e+06 0.182015 0.373665 0.537746 0.55664
9.74134e+06 0.182156 0.374019 0.538258 0.5572
9.76889e+06 0.182297 0.374374 0.538771 0.55776
9.79639e+06 0.182438 0.374729 0.539283 0.55832
9.81914e+06 0.182572 0.375079 0.539798 0.55888
9.84047e+06 0.182705 0.375428 0.540313 0.55944
9.86433e+06 0.182841 0.375779 0.540827 0.56
