-103407 -0.00010573 -0.000299389 -0.000483091 -0.000615781 -0.0007
-206813 -0.000211462 -0.000598779 -0.000966183 -0.00123156 -0.0014
-310216 -0.000317195 -0.000898172 -0.00144928 -0.00184735 -0.0021
-413616 -0.00042293 -0.00119757 -0.00193237 -0.00246313 -0.0028
-517011 -0.000528666 -0.00149697 -0.00241548 -0.00307892 -0.0035
-620401 -0.000634404 -0.00179637 -0.00289858 -0.00369471 -0.0042
-723783 -0.000740144 -0.00209577 -0.00338169 -0.0043105 -0.0049
-827158 -0.000845886 -0.00239518 -0.0038648 -0.00492629 -0.0056
-930349 -0.00095156 -0.00269467 -0.00434814 -0.0055422 -0.0063
-1.03283e+06 -0.00105695 -0.00299444 -0.00483234 -0.00615855 -0.007
-1.13417e+06 -0.0011626 -0.0032954 -0.00531794 -0.0067756 -0.0077
-1.23419e+06 -0.00126791 -0.0035961 -0.00580394 -0.00739321 -0.0084
-1.33268e+06 -0.00137332 -0.00389794 -0.00629157 -0.00801171 -0.0091
-1.42922e+06 -0.00147796 -0.00419941 -0.00678013 -0.0086311 -0.0098
-1.52336e+06 -0.00158258 -0.00450283 -0.0072717 -0.00925199 -0.0105
-1.61459e+06 -0.00168715 -0.0048071 -0.00776531 -0.00987436 -0.0112
-1.70309e+06 -0.00179173 -0.00511162 -0.00825944 -0.0104974 -0.0119
-1.78895e+06 -0.00189651 -0.00541707 -0.00875484 -0.0111214 -0.0126
-1.87172e+06 -0.00200194 -0.00572279 -0.00925123 -0.0117466 -0.0133
-1.95217e+06 -0.00210709 -0.00602798 -0.00974781 -0.0123723 -0.014
-2.03109e+06 -0.00221305 -0.00633399 -0.0102446 -0.0129982 -0.0147
-2.108e+06 -0.00231962 -0.00664058 -0.0107424 -0.0136249 -0.0154
-2.18291e+06 -0.00242775 -0.00694847 -0.0112414 -0.0142525 -0.0161
-2.25651e+06 -0.00253618 -0.0072561 -0.01174 -0.0148802 -0.0168
-2.32823e+06 -0.00264444 -0.00756273 -0.0122373 -0.0155072 -0.0175
-2.39834e+06 -0.002754 -0.00787107 -0.0127359 -0.0161348 -0.0182
-2.46713e+06 -0.00286496 -0.0081802 -0.013235 -0.0167628 -0.0189
-2.53443e+06 -0.0029765 -0.00848904 -0.0137334 -0.0173905 -0.0196
-2.60008e+06 -0.00308883 -0.00879814 -0.0142311 -0.0180176 -0.0203
-2.6645e+06 -0.00320274 -0.00910853 -0.0147289 -0.0186447 -0.021
-2.72785e+06 -0.0033173 -0.0094187 -0.0152261 -0.0192715 -0.0217
-2.79014e+06 -0.00343257 -0.00972916 -0.0157233 -0.0198983 -0.0224
-2.85128e+06 -0.00354984 -0.0100416 -0.0162216 -0.0205254 -0.0231
-2.91135e+06 -0.0036679 -0.0103546 -0.0167202 -0.0211524 -0.0238
-2.97036e+06 -0.00378637 -0.0106672 -0.0172177 -0.0217788 -0.0245
-3.02841e+06 -0.00390594 -0.0109804 -0.0177152 -0.0224051 -0.0252
-3.08565e+06 -0.00402707 -0.0112948 -0.0182133 -0.0230316 -0.0259
-3.14234e+06 -0.00414833 -0.0116091 -0.0187108 -0.0236577 -0.0266
-3.19842e+06 -0.00427042 -0.0119243 -0.0192088 -0.0242842 -0.0273
-3.25354e+06 -0.00439445 -0.0122416 -0.0197083 -0.0249111 -0.028
-3.30816e+06 -0.00451799 -0.0125585 -0.0202075 -0.0255378 -0.0287
-3.36217e+06 -0.00464241 -0.012876 -0.0207069 -0.0261645 -0.0294
-3.41562e+06 -0.00476726 -0.0131936 -0.0212064 -0.0267913 -0.0301
-3.46861e+06 -0.00489257 -0.0135116 -0.021706 -0.027418 -0.0308
-3.52083e+06 -0.00501958 -0.0138316 -0.0222072 -0.0280454 -0.0315
-3.57261e+06 -0.00514685 -0.014152 -0.0227084 -0.0286726 -0.0322
-3.62387e+06 -0.00527533 -0.0144735 -0.0232103 -0.0293001 -0.0329
-3.67464e+06 -0.00540351 -0.0147943 -0.0237112 -0.029927 -0.0336
-3.72482e+06 -0.00553205 -0.015115 -0.0242114 -0.0305534 -0.0343
-3.7743e+06 -0.00566141 -0.0154363 -0.0247117 -0.0311796 -0.035
-3.8233e+06 -0.0057909 -0.0157574 -0.0252117 -0.0318055 -0.0357
-3.87194e+06 -0.0059206 -0.0160788 -0.0257121 -0.0324315 -0.0364
-3.92013e+06 -0.00605048 -0.0164007 -0.0262131 -0.0330577 -0.0371
-3.968e+06 -0.00618035 -0.0167225 -0.0267139 -0.0336837 -0.0378
-4.01548e+06 -0.00631049 -0.0170443 -0.0272147 -0.0343094 -0.0385
-4.06259e+06 -0.0064401 -0.0173652 -0.0277144 -0.0349342 -0.0392
-4.10943e+06 -0.00656939 -0.0176857 -0.0282137 -0.0355587 -0.0399
-4.15577e+06 -0.0066992 -0.0180065 -0.0287129 -0.0361829 -0.0406
-4.20161e+06 -0.00683002 -0.0183283 -0.0292125 -0.0368072 -0.0413
-4.24717e+06 -0.00696074 -0.0186502 -0.0297123 -0.0374317 -0.042
-4.29252e+06 -0.00709146 -0.0189721 -0.0302122 -0.0380565 -0.0427
-4.33768e+06 -0.00722226 -0.0192943 -0.0307127 -0.0386817 -0.0434
-4.38258e+06 -0.00735322 -0.0196168 -0.0312135 -0.039307 -0.0441
-4.42711e+06 -0.00748466 -0.0199396 -0.0317146 -0.0399323 -0.0448
-4.4712e+06 -0.00761731 -0.0202639 -0.0322169 -0.040558 -0.0455
-4.51501e+06 -0.00775024 -0.0205884 -0.0327196 -0.0411839 -0.0462
-4.5586e+06 -0.00788293 -0.0209128 -0.0332221 -0.0418095 -0.0469
-4.60196e+06 -0.0080151 -0.0212365 -0.0337242 -0.0424347 -0.0476
-4.645e+06 -0.00814765 -0.0215606 -0.0342263 -0.0430597 -0.0483
-4.68778e+06 -0.00828052 -0.021885 -0.0347283 -0.0436846 -0.049
-4.73043e+06 -0.00841328 -0.0222093 -0.0352303 -0.0443094 -0.0497
-4.77286e+06 -0.00854585 -0.0225334 -0.0357323 -0.0449342 -0.0504
-4.81508e+06 -0.00867795 -0.0228571 -0.0362342 -0.0455589 -0.0511
-4.85709e+06 -0.00880979 -0.0231808 -0.0367361 -0.0461837 -0.0518
-4.89895e+06 -0.00894143 -0.0235042 -0.037238 -0.0468086 -0.0525
-4.94051e+06 -0.00907319 -0.023828 -0.0377406 -0.0474341 -0.0532
-4.98186e+06 -0.00920493 -0.0241519 -0.0382433 -0.0480596 -0.0539
-5.02302e+06 -0.00933674 -0.0244759 -0.038746 -0.0486851 -0.0546
-5.06406e+06 -0.00946845 -0.0247998 -0.0392487 -0.0493107 -0.0553
-5.10493e+06 -0.00960003 -0.0251236 -0.0397514 -0.0499362 -0.056
-5.14559e+06 -0.0097315 -0.0254474 -0.0402545 -0.0505619 -0.0567
-5.18597e+06 -0.00986325 -0.0257716 -0.0407581 -0.0511877 -0.0574
-5.22612e+06 -0.00999501 -0.0260961 -0.0412623 -0.0518137 -0.0581
-5.26611e+06 -0.0101267 -0.0264205 -0.0417663 -0.0524397 -0.0588
-5.30594e+06 -0.0102583 -0.0267449 -0.0422705 -0.0530657 -0.0595
-5.34557e+06 -0.0103898 -0.0270693 -0.0427746 -0.0536917 -0.0602
-5.38494e+06 -0.0105215 -0.0273939 -0.0432788 -0.0543176 -0.0609
-5.42413e+06 -0.0106528 -0.0277183 -0.0437828 -0.0549436 -0.0616
-5.46315e+06 -0.010784 -0.0280427 -0.0442867 -0.0555695 -0.0623
-5.50203e+06 -0.0109153 -0.0283672 -0.044791 -0.0561955 -0.063
-5.54074e+06 -0.0110465 -0.0286919 -0.0452956 -0.0568217 -0.0637
-5.57914e+06 -0.0111783 -0.0290173 -0.0458009 -0.0574482 -0.0644
-5.61735e+06 -0.0113099 -0.029343 -0.0463066 -0.0580749 -0.0651
-5.65537e+06 -0.0114414 -0.0296686 -0.0468126 -0.0587016 -0.0658
-5.69319e+06 -0.0115729 -0.0299944 -0.0473188 -0.0593286 -0.0665
-5.73077e+06 -0.0117048 -0.0303207 -0.0478254 -0.0599558 -0.0672
-5.76819e+06 -0.0118367 -0.0306469 -0.0483322 -0.0605834 -0.0679
-5.80542e+06 -0.0119685 -0.0309733 -0.0488392 -0.061211 -0.0686
-5.84251e+06 -0.0121001 -0.0312996 -0.0493461 -0.0618387 -0.0693
-5.87944e+06 -0.0122317 -0.0316258 -0.0498529 -0.0624662 -0.07
-5.91622e+06 -0.0123631 -0.0319519 -0.0503598 -0.0630938 -0.0707
-5.95284e+06 -0.0124942 -0.032278 -0.0508668 -0.0637215 -0.0714
-5.9893e+06 -0.0126253 -0.0326043 -0.0513742 -0.0643494 -0.0721
-6.02561e+06 -0.0127564 -0.0329308 -0.051882 -0.0649774 -0.0728
-6.06174e+06 -0.0128873 -0.0332574 -0.0523903 -0.0656055 -0.0735
-6.09772e+06 -0.013018 -0.033584 -0.0528987 -0.0662338 -0.0742
-6.13352e+06 -0.0131486 -0.0339106 -0.0534071 -0.0668621 -0.0749
-6.16917e+06 -0.0132791 -0.0342372 -0.0539157 -0.0674905 -0.0756
-6.20464e+06 -0.0134098 -0.034564 -0.0544244 -0.068119 -0.0763
-6.23995e+06 -0.0135405 -0.0348909 -0.0549333 -0.0687477 -0.077
-6.27512e+06 -0.0136711 -0.035218 -0.0554426 -0.0693766 -0.0777
-6.31016e+06 -0.0138018 -0.0355451 -0.055952 -0.0700056 -0.0784
-6.34505e+06 -0.0139324 -0.0358722 -0.0564615 -0.0706347 -0.0791
-6.37977e+06 -0.0140626 -0.0361992 -0.0569712 -0.071264 -0.0798
-6.41434e+06 -0.0141926 -0.0365261 -0.0574809 -0.0718934 -0.0805
-6.44876e+06 -0.0143224 -0.036853 -0.0579909 -0.0725228 -0.0812
-6.48303e+06 -0.0144523 -0.0371801 -0.0585012 -0.0731524 -0.0819
-6.51711e+06 -0.0145822 -0.0375075 -0.0590119 -0.0737823 -0.0826
-6.55105e+06 -0.0147121 -0.0378349 -0.0595228 -0.0744122 -0.0833
-6.58482e+06 -0.0148418 -0.0381624 -0.0600338 -0.0750423 -0.084
-6.61845e+06 -0.0149714 -0.03849 -0.0605452 -0.0756726 -0.0847
-6.65192e+06 -0.0151011 -0.0388179 -0.061057 -0.0763031 -0.0854
-6.68523e+06 -0.0152306 -0.0391458 -0.061569 -0.0769339 -0.0861
-6.71837e+06 -0.0153601 -0.0394738 -0.0620812 -0.0775651 -0.0868
-6.75136e+06 -0.0154896 -0.0398018 -0.0625936 -0.0781966 -0.0875
-6.78422e+06 -0.015619 -0.0401297 -0.063106 -0.0788281 -0.0882
-6.81695e+06 -0.0157483 -0.0404578 -0.0636185 -0.0794597 -0.0889
-6.84954e+06 -0.0158776 -0.0407859 -0.0641311 -0.0800914 -0.0896
-6.88199e+06 -0.0160068 -0.0411142 -0.0646439 -0.0807232 -0.0903
-6.9143e+06 -0.016136 -0.0414425 -0.0651568 -0.081355 -0.091
-6.94645e+06 -0.0162649 -0.0417709 -0.06567 -0.081987 -0.0917
-6.97846e+06 -0.0163935 -0.0420991 -0.0661833 -0.082619 -0.0924
-7.0103e+06 -0.016522 -0.0424273 -0.0666966 -0.0832511 -0.0931
-7.04196e+06 -0.0166504 -0.0427556 -0.0672102 -0.0838832 -0.0938
-7.07341e+06 -0.0167788 -0.0430841 -0.0677243 -0.0845156 -0.0945
-7.10464e+06 -0.0169074 -0.0434132 -0.068239 -0.0851482 -0.0952
-7.1357e+06 -0.0170363 -0.0437426 -0.0687544 -0.085781 -0.0959
-7.16658e+06 -0.0171653 -0.0440724 -0.0692701 -0.086414 -0.0966
-7.19732e+06 -0.0172942 -0.0444021 -0.0697858 -0.087047 -0.0973
-7.22791e+06 -0.0174231 -0.0447319 -0.0703017 -0.0876804 -0.098
-7.25838e+06 -0.017552 -0.0450617 -0.0708177 -0.0883139 -0.0987
-7.2887e+06 -0.0176808 -0.0453915 -0.0713338 -0.0889475 -0.0994
-7.31886e+06 -0.0178095 -0.0457214 -0.0718499 -0.0895813 -0.1001
-7.34888e+06 -0.017938 -0.0460513 -0.0723663 -0.0902153 -0.1008
-7.37875e+06 -0.0180665 -0.0463813 -0.0728828 -0.0908494 -0.1015
-7.40847e+06 -0.0181949 -0.0467112 -0.0733996 -0.0914838 -0.1022
-7.43804e+06 -0.0183231 -0.0470412 -0.0739166 -0.0921183 -0.1029
-7.46745e+06 -0.0184511 -0.0473711 -0.0744338 -0.0927529 -0.1036
-7.49672e+06 -0.0185789 -0.047701 -0.0749511 -0.0933877 -0.1043
-7.52584e+06 -0.0187066 -0.048031 -0.0754687 -0.0940225 -0.105
-7.55479e+06 -0.0188343 -0.0483612 -0.0759866 -0.0946576 -0.1057
-7.58358e+06 -0.018962 -0.0486918 -0.0765049 -0.0952928 -0.1064
-7.61221e+06 -0.0190896 -0.0490226 -0.0770234 -0.0959282 -0.1071
-7.6407e+06 -0.0192172 -0.0493534 -0.0775421 -0.0965637 -0.1078
-7.66903e+06 -0.0193448 -0.0496843 -0.0780609 -0.0971992 -0.1085
-7.69722e+06 -0.0194724 -0.0500152 -0.0785798 -0.0978348 -0.1092
-7.72527e+06 -0.0195999 -0.0503462 -0.0790989 -0.0984705 -0.1099
-7.75318e+06 -0.0197275 -0.0506772 -0.0796181 -0.0991062 -0.1106
-7.78094e+06 -0.0198549 -0.0510082 -0.0801373 -0.099742 -0.1113
-7.80854e+06 -0.0199823 -0.0513393 -0.0806566 -0.100378 -0.112
-7.83597e+06 -0.0201097 -0.0516704 -0.0811761 -0.101014 -0.1127
-7.86322e+06 -0.0202372 -0.0520018 -0.0816959 -0.10165 -0.1134
-7.8903e+06 -0.0203647 -0.0523333 -0.0822159 -0.102287 -0.1141
-7.91722e+06 -0.0204922 -0.0526649 -0.0827361 -0.102924 -0.1148
-7.85542e+06 -0.0205205 -0.0530392 -0.0834628 -0.103662 -0.1155
-7.82676e+06 -0.0207468 -0.0535243 -0.0841584 -0.104377 -0.1162
-7.83306e+06 -0.0208488 -0.053871 -0.0847461 -0.105051 -0.1169
-7.86266e+06 -0.0209732 -0.0542003 -0.0852697 -0.105694 -0.1176
-7.86955e+06 -0.0210715 -0.0545377 -0.0858411 -0.106358 -0.1183
-7.89722e+06 -0.0211927 -0.0548622 -0.0863577 -0.106993 -0.119
-7.92462e+06 -0.0213142 -0.0551873 -0.0868748 -0.107629 -0.1197
-7.95128e+06 -0.0214401 -0.0555168 -0.0873949 -0.108267 -0.1204
-7.97766e+06 -0.0215671 -0.0558475 -0.0879158 -0.108904 -0.1211
-8.00389e+06 -0.0216941 -0.0561783 -0.0884369 -0.109542 -0.1218
-8.02968e+06 -0.0218208 -0.0565094 -0.0889589 -0.11018 -0.1225
-8.01302e+06 -0.0218984 -0.0568683 -0.089594 -0.110876 -0.1232
-7.95316e+06 -0.0219269 -0.057246 -0.0903217 -0.111613 -0.1239
-7.96337e+06 -0.022177 -0.0577011 -0.0909307 -0.112289 -0.1246
-7.98045e+06 -0.0222905 -0.0580364 -0.0914819 -0.112945 -0.1253
-7.96672e+06 -0.0223676 -0.0583905 -0.0921104 -0.113637 -0.126
-7.9866e+06 -0.0224813 -0.058721 -0.0926476 -0.114283 -0.1267
-8.0091e+06 -0.022601 -0.059052 -0.0931778 -0.114926 -0.1274
-8.03394e+06 -0.0227271 -0.059384 -0.0937021 -0.115566 -0.1281
-8.04524e+06 -0.0228372 -0.0597254 -0.0942632 -0.116224 -0.1288
-8.04205e+06 -0.023023 -0.0601756 -0.0948942 -0.116909 -0.1295
-8.04235e+06 -0.0232306 -0.0606418 -0.0955218 -0.117592 -0.1302
-8.05033e+06 -0.0234242 -0.0610733 -0.0961191 -0.118261 -0.1309
-8.06308e+06 -0.0235948 -0.0614743 -0.0966951 -0.118922 -0.1316
-8.03569e+06 -0.0238862 -0.0620796 -0.0974253 -0.119642 -0.1323
-8.02544e+06 -0.0240613 -0.0625289 -0.0980762 -0.120339 -0.133
-8.04939e+06 -0.0242061 -0.0628773 -0.0986144 -0.120987 -0.1337
-8.06346e+06 -0.0243268 -0.0632188 -0.0991687 -0.121642 -0.1344
-8.07488e+06 -0.0244459 -0.063563 -0.0997304 -0.1223 -0.1351
-8.09387e+06 -0.024572 -0.063901 -0.100271 -0.122948 -0.1358
-8.11526e+06 -0.0247009 -0.0642378 -0.100804 -0.123593 -0.1365
-8.13898e+06 -0.0248324 -0.0645735 -0.101331 -0.124234 -0.1372
-8.15231e+06 -0.0249953 -0.0649648 -0.101901 -0.124893 -0.1379
-8.15654e+06 -0.025189 -0.0654064 -0.102511 -0.125568 -0.1386
-8.13775e+06 -0.0254138 -0.0659261 -0.103201 -0.126277 -0.1393
-8.12234e+06 -0.0255507 -0.0663423 -0.103854 -0.126976 -0.14
-8.0664e+06 -0.0256734 -0.0668099 -0.104612 -0.127719 -0.1407
-7.97645e+06 -0.0261787 -0.0676341 -0.10552 -0.128513 -0.1414
-7.967e+06 -0.0262232 -0.0678105 -0.105935 -0.129161 -0.1421
-7.99611e+06 -0.0263599 -0.0681519 -0.106464 -0.129812 -0.1428
-8.01368e+06 -0.0265199 -0.068534 -0.107023 -0.130472 -0.1435
-8.02156e+06 -0.0267046 -0.0689615 -0.107622 -0.131145 -0.1442
-8.01271e+06 -0.0268782 -0.0694102 -0.108269 -0.131838 -0.1449
-8.02948e+06 -0.0270024 -0.0697537 -0.108819 -0.132492 -0.1456
-8.04158e+06 -0.0271209 -0.0700987 -0.10938 -0.13315 -0.1463
-8.06402e+06 -0.027247 -0.0704315 -0.109909 -0.133792 -0.147
-8.06824e+06 -0.0273585 -0.0707846 -0.110493 -0.134462 -0.1477
-8.08199e+06 -0.02748 -0.0711291 -0.111048 -0.135117 -0.1484
-8.08455e+06 -0.0275909 -0.0714867 -0.111637 -0.135789 -0.1491
-8.07426e+06 -0.0276881 -0.071856 -0.112264 -0.136479 -0.1498
-8.06881e+06 -0.0277908 -0.0722219 -0.112876 -0.137162 -0.1505
-8.07711e+06 -0.0279505 -0.0726194 -0.113462 -0.137828 -0.1512
-8.07428e+06 -0.0281644 -0.0731001 -0.114102 -0.138516 -0.1519
-8.02471e+06 -0.0282155 -0.0732546 -0.11448 -0.13918 -0.1526
-7.99754e+06 -0.0287018 -0.0739268 -0.115209 -0.139902 -0.1533
-8.00437e+06 -0.0287791 -0.074154 -0.115651 -0.140544 -0.154
-8.02929e+06 -0.0289071 -0.0744812 -0.116165 -0.141181 -0.1547
-8.05362e+06 -0.029035 -0.0748101 -0.116682 -0.14182 -0.1554
-8.06116e+06 -0.0292142 -0.0752281 -0.11727 -0.142489 -0.1561
-8.05113e+06 -0.029488 -0.0757581 -0.117936 -0.143186 -0.1568
-8.05466e+06 -0.0296807 -0.0762006 -0.118544 -0.143863 -0.1575
-8.05604e+06 -0.0298422 -0.0766149 -0.119149 -0.14454 -0.1582
-8.05115e+06 -0.030022 -0.0770606 -0.119781 -0.145228 -0.1589
-8.0467e+06 -0.0302286 -0.0775343 -0.120423 -0.145917 -0.1596
-8.03637e+06 -0.0305109 -0.0780705 -0.121099 -0.146618 -0.1603
-8.05858e+06 -0.0306392 -0.0784032 -0.121625 -0.147262 -0.161
-8.05692e+06 -0.0306967 -0.0785923 -0.122035 -0.147898 -0.1617
-8.01027e+06 -0.0306355 -0.0785317 -0.122235 -0.148514 -0.1624
-7.90878e+06 -0.0316091 -0.0796636 -0.123237 -0.149335 -0.1631
-7.87019e+06 -0.0316354 -0.0798802 -0.12374 -0.150015 -0.1638
-7.88498e+06 -0.0317819 -0.0802424 -0.124301 -0.150681 -0.1645
-7.87743e+06 -0.0320145 -0.0807458 -0.124949 -0.151377 -0.1652
-7.88738e+06 -0.0321915 -0.081158 -0.125534 -0.152051 -0.1659
-7.90403e+06 -0.0323425 -0.0815278 -0.126086 -0.152712 -0.1666
-7.92707e+06 -0.0324659 -0.0818511 -0.1266 -0.153354 -0.1673
-7.94956e+06 -0.0325879 -0.0821704 -0.12711 -0.153993 -0.168
-7.97134e+06 -0.0327128 -0.0824939 -0.127623 -0.154634 -0.1687
-7.99255e+06 -0.0328395 -0.0828205 -0.128139 -0.155275 -0.1694
-8.01334e+06 -0.0329669 -0.0831491 -0.128659 -0.155918 -0.1701
-8.03349e+06 -0.0330954 -0.0834815 -0.129184 -0.156562 -0.1708
-8.05344e+06 -0.0332243 -0.0838152 -0.129711 -0.157207 -0.1715
-8.037e+06 -0.0333183 -0.0840638 -0.130163 -0.157864 -0.1722
-8.04773e+06 -0.0335006 -0.0844466 -0.130717 -0.158522 -0.1729
-8.06129e+06 -0.0336072 -0.0847334 -0.131202 -0.159162 -0.1736
-8.08133e+06 -0.0337358 -0.0850656 -0.131724 -0.159806 -0.1743
-8.07936e+06 -0.0337947 -0.0852557 -0.132128 -0.160438 -0.175
-8.07265e+06 -0.033838 -0.085416 -0.132511 -0.161071 -0.1757
-8.08024e+06 -0.0339353 -0.085677 -0.132972 -0.16171 -0.1764
-8.09069e+06 -0.0340464 -0.0859638 -0.133454 -0.162352 -0.1771
-8.07368e+06 -0.0342362 -0.0862846 -0.133946 -0.163019 -0.1778
-8.06081e+06 -0.0342722 -0.0864277 -0.134315 -0.163653 -0.1785
-8.06579e+06 -0.0344099 -0.0867373 -0.134813 -0.164305 -0.1792
-8.07875e+06 -0.0345612 -0.0871057 -0.13536 -0.16496 -0.1799
-8.07457e+06 -0.0346315 -0.0873171 -0.135785 -0.165602 -0.1806
-8.09273e+06 -0.0347643 -0.0876538 -0.136308 -0.166247 -0.1813
-8.10563e+06 -0.0349155 -0.088022 -0.136855 -0.166902 -0.182
-8.12243e+06 -0.0350502 -0.0883646 -0.137382 -0.167549 -0.1827
-8.12307e+06 -0.0351692 -0.0887191 -0.137952 -0.16822 -0.1834
-8.1274e+06 -0.0352613 -0.0889955 -0.138442 -0.168869 -0.1841
-8.12309e+06 -0.0353634 -0.0893388 -0.139019 -0.169546 -0.1848
-8.09513e+06 -0.035386 -0.089519 -0.139464 -0.170212 -0.1855
-7.95931e+06 -0.0365856 -0.0908417 -0.140597 -0.171082 -0.1862
-7.91093e+06 -0.0365719 -0.0909592 -0.141014 -0.171754 -0.1869
-7.82324e+06 -0.0375477 -0.0920683 -0.141999 -0.172565 -0.1876
-7.85097e+06 -0.0376895 -0.0924253 -0.142545 -0.173216 -0.1883
-7.87717e+06 -0.0378246 -0.0927681 -0.14308 -0.173868 -0.189
-7.90117e+06 -0.0379545 -0.0931014 -0.143608 -0.174524 -0.1897
-7.92414e+06 -0.038083 -0.0934337 -0.144137 -0.175181 -0.1904
-7.94664e+06 -0.0382107 -0.0937648 -0.144665 -0.175837 -0.1911
-7.9174e+06 -0.0381944 -0.0938078 -0.144977 -0.176486 -0.1918
-7.83187e+06 -0.0390007 -0.0948352 -0.145935 -0.17729 -0.1925
-7.83446e+06 -0.0391379 -0.0951752 -0.14647 -0.177956 -0.1932
-7.85837e+06 -0.0392652 -0.0955062 -0.146998 -0.178611 -0.1939
-7.88085e+06 -0.0393897 -0.0958301 -0.147516 -0.17926 -0.1946
-7.90234e+06 -0.0395119 -0.0961485 -0.148026 -0.179902 -0.1953
-7.92362e+06 -0.0396337 -0.0964658 -0.148534 -0.180542 -0.196
-7.94455e+06 -0.0397556 -0.096784 -0.149043 -0.181182 -0.1967
-7.965e+06 -0.0398775 -0.0971022 -0.149553 -0.181823 -0.1974
-7.97579e+06 -0.0399917 -0.0974305 -0.150091 -0.182478 -0.1981
-7.98938e+06 -0.040108 -0.0977554 -0.150621 -0.183129 -0.1988
-7.98282e+06 -0.0402124 -0.0981101 -0.15122 -0.183813 -0.1995
-7.93438e+06 -0.0401635 -0.0981077 -0.151498 -0.184458 -0.2002
-7.70727e+06 -0.0418564 -0.0999202 -0.152916 -0.185435 -0.2009
-7.70484e+06 -0.0419332 -0.100174 -0.153404 -0.186092 -0.2016
-7.73265e+06 -0.0420719 -0.100522 -0.153942 -0.186742 -0.2023
-7.7583e+06 -0.0422062 -0.100864 -0.154477 -0.187393 -0.203
-7.78121e+06 -0.0423351 -0.101196 -0.155006 -0.188049 -0.2037
-7.7945e+06 -0.0424376 -0.101476 -0.155498 -0.188707 -0.2044
-7.76292e+06 -0.0426273 -0.101974 -0.156198 -0.189429 -0.2051
-7.78507e+06 -0.0427536 -0.102302 -0.156725 -0.190086 -0.2058
-7.8063e+06 -0.0428766 -0.102624 -0.157243 -0.190736 -0.2065
-7.82689e+06 -0.0429969 -0.102939 -0.157753 -0.19138 -0.2072
-7.80896e+06 -0.0430909 -0.103186 -0.158211 -0.192044 -0.2079
-7.82742e+06 -0.0432053 -0.103487 -0.158706 -0.192684 -0.2086
-7.84431e+06 -0.0433132 -0.103776 -0.159194 -0.193323 -0.2093
-7.86465e+06 -0.043432 -0.104088 -0.1597 -0.193963 -0.21
-7.88492e+06 -0.0435511 -0.1044 -0.160206 -0.194603 -0.2107
-7.87945e+06 -0.0435968 -0.104565 -0.160599 -0.195242 -0.2114
-7.88589e+06 -0.0436847 -0.104807 -0.161049 -0.195882 -0.2121
-7.89956e+06 -0.043784 -0.10508 -0.161522 -0.19652 -0.2128
-7.9165e+06 -0.0438933 -0.105372 -0.162011 -0.197159 -0.2135
-7.92714e+06 -0.0439852 -0.10563 -0.162474 -0.197798 -0.2142
-7.93828e+06 -0.0440944 -0.10594 -0.162993 -0.198449 -0.2149
-7.94539e+06 -0.0441958 -0.106238 -0.163505 -0.199102 -0.2156
-7.95336e+06 -0.0442882 -0.106503 -0.163981 -0.199747 -0.2163
-7.97146e+06 -0.0444079 -0.106817 -0.164489 -0.200389 -0.217
-7.98203e+06 -0.0445034 -0.10708 -0.164956 -0.201029 -0.2177
-8.00089e+06 -0.0446237 -0.107392 -0.165461 -0.20167 -0.2184
-8.01346e+06 -0.044766 -0.107744 -0.165997 -0.202323 -0.2191
-8.02893e+06 -0.0448977 -0.108076 -0.166518 -0.20297 -0.2198
-8.02895e+06 -0.0450841 -0.108507 -0.16712 -0.203649 -0.2205
-8.03364e+06 -0.0452542 -0.108908 -0.167699 -0.204319 -0.2212
-8.03948e+06 -0.045419 -0.109302 -0.168273 -0.204986 -0.2219
-8.04086e+06 -0.0455977 -0.109723 -0.168871 -0.205663 -0.2226
-8.05218e+06 -0.0457408 -0.110083 -0.16942 -0.206319 -0.2233
-8.05681e+06 -0.0459085 -0.110487 -0.170005 -0.20699 -0.224
-8.06965e+06 -0.0460458 -0.110836 -0.170546 -0.207644 -0.2247
-8.08679e+06 -0.0461663 -0.111156 -0.171063 -0.208288 -0.2254
-8.10373e+06 -0.0462875 -0.111477 -0.171581 -0.208933 -0.2261
-8.10689e+06 -0.0463645 -0.111708 -0.172024 -0.209574 -0.2268
-8.11694e+06 -0.0464635 -0.11198 -0.172497 -0.210215 -0.2275
-8.13338e+06 -0.0465858 -0.112299 -0.173009 -0.210859 -0.2282
-8.14967e+06 -0.0467086 -0.112619 -0.173522 -0.211504 -0.2289
-8.16574e+06 -0.0468318 -0.112941 -0.174039 -0.212149 -0.2296
-8.18164e+06 -0.0469554 -0.113264 -0.174557 -0.212795 -0.2303
-8.19727e+06 -0.0470796 -0.113588 -0.175077 -0.213441 -0.231
-8.21262e+06 -0.0472058 -0.113915 -0.175599 -0.214088 -0.2317
-8.22793e+06 -0.047332 -0.114242 -0.176121 -0.214735 -0.2324
-8.24317e+06 -0.0474581 -0.114569 -0.176643 -0.215382 -0.2331
-8.25636e+06 -0.0476043 -0.114914 -0.177176 -0.216031 -0.2338
-8.2714e+06 -0.0477328 -0.115243 -0.177699 -0.216679 -0.2345
-8.27644e+06 -0.0479191 -0.115646 -0.178275 -0.217344 -0.2352
-8.28386e+06 -0.0480778 -0.116029 -0.178841 -0.218008 -0.2359
-8.29573e+06 -0.0482152 -0.116378 -0.179382 -0.218662 -0.2366
-8.30916e+06 -0.0483468 -0.116716 -0.179913 -0.219313 -0.2373
-8.31668e+06 -0.0484423 -0.116984 -0.180387 -0.219957 -0.238
-8.33004e+06 -0.0485575 -0.11729 -0.180889 -0.220601 -0.2387
-8.33226e+06 -0.0486356 -0.117524 -0.181338 -0.221245 -0.2394
-8.3256e+06 -0.0486865 -0.117707 -0.181755 -0.221892 -0.2401
-8.3206e+06 -0.0487909 -0.117961 -0.182219 -0.222547 -0.2408
-8.2713e+06 -0.0490948 -0.11837 -0.182775 -0.223259 -0.2415
-8.25345e+06 -0.0493954 -0.118838 -0.183378 -0.223949 -0.2422
-8.23989e+06 -0.049631 -0.119253 -0.18395 -0.224635 -0.2429
-8.25202e+06 -0.0497754 -0.119609 -0.18449 -0.225294 -0.2436
-8.26932e+06 -0.0499005 -0.119931 -0.185003 -0.225938 -0.2443
-8.28629e+06 -0.0500246 -0.120251 -0.185514 -0.226581 -0.245
-8.27551e+06 -0.0500588 -0.120394 -0.185889 -0.227221 -0.2457
-8.1909e+06 -0.050748 -0.121178 -0.186661 -0.22799 -0.2464
-8.11826e+06 -0.050861 -0.121607 -0.187386 -0.22875 -0.2471
-8.03977e+06 -0.0515413 -0.122519 -0.188325 -0.229556 -0.2478
-8.04522e+06 -0.0516202 -0.122755 -0.188783 -0.23021 -0.2485
-8.06634e+06 -0.0517475 -0.123086 -0.189311 -0.230868 -0.2492
-8.08642e+06 -0.0518737 -0.123413 -0.189837 -0.231525 -0.2499
-8.10604e+06 -0.051999 -0.123739 -0.190361 -0.232181 -0.2506
-8.12493e+06 -0.0521223 -0.124061 -0.190879 -0.232834 -0.2513
-8.14337e+06 -0.0522444 -0.12438 -0.191395 -0.233485 -0.252
-8.16095e+06 -0.0523636 -0.124693 -0.191901 -0.234129 -0.2527
-8.17838e+06 -0.0524825 -0.125004 -0.192406 -0.234771 -0.2534
-8.19567e+06 -0.052601 -0.125315 -0.192909 -0.235412 -0.2541
-8.2127e+06 -0.0527199 -0.125627 -0.193414 -0.236054 -0.2548
-8.22763e+06 -0.0528662 -0.125966 -0.193937 -0.236703 -0.2555
-8.24422e+06 -0.0529877 -0.126281 -0.194444 -0.237345 -0.2562
-8.26083e+06 -0.0531079 -0.126595 -0.19495 -0.237987 -0.2569
-8.27719e+06 -0.0532287 -0.126911 -0.195459 -0.23863 -0.2576
-8.29344e+06 -0.0533499 -0.127228 -0.19597 -0.239273 -0.2583
-8.29087e+06 -0.053409 -0.127426 -0.196394 -0.239917 -0.259
-8.30336e+06 -0.0535152 -0.127711 -0.196874 -0.24057 -0.2597
-8.30944e+06 -0.0536033 -0.127963 -0.197336 -0.241212 -0.2604
-8.32449e+06 -0.0537198 -0.128269 -0.197837 -0.241853 -0.2611
-8.32106e+06 -0.053776 -0.12846 -0.198253 -0.242496 -0.2618
-8.33059e+06 -0.0538858 -0.128743 -0.198731 -0.243156 -0.2625
-8.2989e+06 -0.0542999 -0.12937 -0.199448 -0.24388 -0.2632
-8.25362e+06 -0.0549722 -0.130202 -0.200264 -0.244622 -0.2639
-8.21887e+06 -0.0550982 -0.130521 -0.200796 -0.245322 -0.2646
-8.18012e+06 -0.0555571 -0.131231 -0.201581 -0.246063 -0.2653
-8.19887e+06 -0.0556754 -0.131543 -0.20209 -0.24671 -0.266
-8.21824e+06 -0.0557987 -0.131867 -0.202611 -0.247361 -0.2667
-8.23658e+06 -0.0559192 -0.132185 -0.203126 -0.248011 -0.2674
-8.25434e+06 -0.0560379 -0.132499 -0.203637 -0.248657 -0.2681
-8.267e+06 -0.0562052 -0.132861 -0.204179 -0.249312 -0.2688
-8.27787e+06 -0.0563733 -0.133232 -0.204728 -0.24997 -0.2695
-8.28074e+06 -0.0566339 -0.13369 -0.205334 -0.250647 -0.2702
-8.29345e+06 -0.0567847 -0.134041 -0.205871 -0.251299 -0.2709
-8.30375e+06 -0.0569666 -0.134421 -0.206426 -0.251958 -0.2716
-8.31975e+06 -0.0570874 -0.134738 -0.206939 -0.252601 -0.2723
-8.33566e+06 -0.0572081 -0.135055 -0.207452 -0.253245 -0.273
-8.35149e+06 -0.0573285 -0.135371 -0.207965 -0.253888 -0.2737
-8.36725e+06 -0.0574486 -0.135687 -0.208477 -0.254531 -0.2744
-8.38284e+06 -0.057567 -0.136002 -0.20899 -0.255175 -0.2751
-8.39847e+06 -0.0576854 -0.136318 -0.209502 -0.255818 -0.2758
-8.41395e+06 -0.0578045 -0.136634 -0.210015 -0.256461 -0.2765
-8.42216e+06 -0.0578999 -0.136903 -0.210493 -0.257105 -0.2772
-8.42914e+06 -0.05799 -0.13716 -0.210961 -0.257748 -0.2779
-8.44298e+06 -0.0581024 -0.137461 -0.21146 -0.25839 -0.2786
-8.4586e+06 -0.0582209 -0.137775 -0.211968 -0.259033 -0.2793
-8.47394e+06 -0.0583394 -0.138089 -0.212478 -0.259675 -0.28
-8.48916e+06 -0.0584581 -0.138403 -0.212989 -0.260318 -0.2807
-8.50437e+06 -0.058577 -0.138719 -0.213501 -0.260962 -0.2814
-8.50968e+06 -0.0586861 -0.139046 -0.214051 -0.261624 -0.2821
-8.49938e+06 -0.0587836 -0.139413 -0.214675 -0.262318 -0.2828
-8.42783e+06 -0.0594768 -0.140334 -0.215635 -0.263128 -0.2835
-8.38433e+06 -0.0594481 -0.140334 -0.215857 -0.263751 -0.2842
-7.75051e+06 -0.0646306 -0.145475 -0.219288 -0.265409 -0.2849
-7.72023e+06 -0.0647251 -0.145882 -0.219976 -0.266126 -0.2856
-7.74708e+06 -0.0648635 -0.146227 -0.220509 -0.266774 -0.2863
-7.77258e+06 -0.065003 -0.146577 -0.221047 -0.267423 -0.287
-7.79799e+06 -0.0651426 -0.146928 -0.221586 -0.268073 -0.2877
-7.82301e+06 -0.0652821 -0.147279 -0.222126 -0.268724 -0.2884
-7.84738e+06 -0.0654213 -0.147633 -0.222671 -0.269375 -0.2891
-7.87109e+06 -0.0655604 -0.147988 -0.22322 -0.270029 -0.2898
-7.89434e+06 -0.0656992 -0.148343 -0.223772 -0.270683 -0.2905
-7.91753e+06 -0.0658381 -0.1487 -0.224325 -0.271339 -0.2912
-7.94045e+06 -0.065977 -0.149056 -0.22488 -0.271995 -0.2919
-7.96286e+06 -0.0661158 -0.149414 -0.225436 -0.272652 -0.2926
-7.98507e+06 -0.0662546 -0.149772 -0.225994 -0.27331 -0.2933
-8.00713e+06 -0.0663935 -0.150131 -0.226553 -0.273968 -0.294
-8.02913e+06 -0.0665324 -0.150489 -0.227111 -0.274626 -0.2947
-8.05067e+06 -0.0666701 -0.150845 -0.227668 -0.275284 -0.2954
-8.07073e+06 -0.0668033 -0.151192 -0.228217 -0.275942 -0.2961
-8.08996e+06 -0.0669339 -0.151534 -0.228763 -0.2766 -0.2968
-8.10872e+06 -0.0670632 -0.151873 -0.229306 -0.27726 -0.2975
-8.12745e+06 -0.0671919 -0.15221 -0.229848 -0.27792 -0.2982
-8.13463e+06 -0.0672826 -0.152469 -0.230327 -0.278579 -0.2989
-8.15076e+06 -0.0674139 -0.152824 -0.230932 -0.279254 -0.2996
-8.16885e+06 -0.0675388 -0.153152 -0.231463 -0.279914 -0.3003
-8.1864e+06 -0.0676626 -0.153478 -0.231993 -0.280575 -0.301
-8.18977e+06 -0.0677728 -0.153811 -0.232559 -0.281249 -0.3017
-8.2033e+06 -0.0678931 -0.15414 -0.233091 -0.281906 -0.3024
-8.21287e+06 -0.0680077 -0.154466 -0.233631 -0.282567 -0.3031
-8.22962e+06 -0.0681272 -0.154781 -0.234145 -0.283215 -0.3038
-8.2463e+06 -0.0682457 -0.155093 -0.234655 -0.28386 -0.3045
-8.2628e+06 -0.0683635 -0.155404 -0.235163 -0.284503 -0.3052
-8.27913e+06 -0.0684809 -0.155713 -0.23567 -0.285145 -0.3059
-8.2954e+06 -0.068598 -0.156022 -0.236175 -0.285786 -0.3066
-8.31163e+06 -0.0687152 -0.156331 -0.236681 -0.286427 -0.3073
-8.32316e+06 -0.0688305 -0.156651 -0.237207 -0.287077 -0.308
-8.32833e+06 -0.0689432 -0.156985 -0.237763 -0.287741 -0.3087
-8.33871e+06 -0.0690576 -0.157306 -0.238295 -0.288394 -0.3094
-8.34192e+06 -0.069148 -0.157578 -0.238786 -0.289046 -0.3101
-8.35669e+06 -0.0692628 -0.157884 -0.239302 -0.28969 -0.3108
-8.36468e+06 -0.0693522 -0.158136 -0.239763 -0.29033 -0.3115
-8.37941e+06 -0.0694654 -0.158438 -0.240274 -0.290974 -0.3122
-8.39427e+06 -0.0695759 -0.158732 -0.240765 -0.291612 -0.3129
-8.4108e+06 -0.0696925 -0.159038 -0.241266 -0.292251 -0.3136
-8.42741e+06 -0.0698092 -0.159345 -0.241767 -0.29289 -0.3143
-8.44393e+06 -0.0699256 -0.159651 -0.242268 -0.293529 -0.315
-8.46034e+06 -0.0700419 -0.159957 -0.242769 -0.294168 -0.3157
-8.4767e+06 -0.0701583 -0.160263 -0.24327 -0.294807 -0.3164
-8.49299e+06 -0.0702743 -0.160569 -0.243771 -0.295446 -0.3171
-8.50924e+06 -0.0703905 -0.160875 -0.244273 -0.296085 -0.3178
-8.52547e+06 -0.0705067 -0.161181 -0.244776 -0.296724 -0.3185
-8.52981e+06 -0.0706704 -0.161575 -0.245352 -0.297393 -0.3192
-8.53078e+06 -0.0708507 -0.161997 -0.24595 -0.298069 -0.3199
-8.53359e+06 -0.0710263 -0.162408 -0.246539 -0.298742 -0.3206
-8.54128e+06 -0.0711812 -0.162783 -0.247097 -0.299402 -0.3213
-8.54471e+06 -0.0713529 -0.163191 -0.247684 -0.300074 -0.322
-8.55405e+06 -0.0715048 -0.163552 -0.24823 -0.30073 -0.3227
-8.55517e+06 -0.0717093 -0.163987 -0.248831 -0.301405 -0.3234
-8.54836e+06 -0.0720522 -0.164523 -0.249481 -0.30209 -0.3241
-8.54395e+06 -0.0720938 -0.164671 -0.249829 -0.302683 -0.3248
-8.54479e+06 -0.072193 -0.164978 -0.250404 -0.303353 -0.3255
-8.55494e+06 -0.0723059 -0.165294 -0.250927 -0.304002 -0.3262
-8.56097e+06 -0.0724161 -0.165615 -0.251466 -0.30466 -0.3269
-8.56902e+06 -0.0725289 -0.165937 -0.252 -0.305315 -0.3276
-8.56349e+06 -0.0726355 -0.16629 -0.252598 -0.305999 -0.3283
-8.55858e+06 -0.0727435 -0.166646 -0.253198 -0.306683 -0.329
-8.56813e+06 -0.072859 -0.166971 -0.253734 -0.307336 -0.3297
-8.58445e+06 -0.0729778 -0.167281 -0.254237 -0.307975 -0.3304
-8.60044e+06 -0.0730962 -0.16759 -0.254741 -0.308613 -0.3311
-8.6163e+06 -0.0732143 -0.167899 -0.255244 -0.309252 -0.3318
-8.63211e+06 -0.0733324 -0.168208 -0.255748 -0.309891 -0.3325
-8.64776e+06 -0.0734506 -0.168518 -0.256252 -0.31053 -0.3332
-8.66022e+06 -0.0736023 -0.168864 -0.256784 -0.311181 -0.3339
-8.66953e+06 -0.073768 -0.16923 -0.257328 -0.311835 -0.3346
-8.67489e+06 -0.0739818 -0.169641 -0.257903 -0.312499 -0.3353
-8.6794e+06 -0.0741459 -0.170035 -0.258479 -0.313166 -0.336
-8.67936e+06 -0.0742749 -0.170401 -0.259064 -0.313841 -0.3367
-8.68357e+06 -0.0744077 -0.17076 -0.259629 -0.314506 -0.3374
-8.68281e+06 -0.0745424 -0.171136 -0.260219 -0.315182 -0.3381
-8.6927e+06 -0.0746855 -0.171489 -0.260759 -0.315835 -0.3388
-8.67667e+06 -0.0746981 -0.171584 -0.260989 -0.316295 -0.3395
-8.28243e+06 -0.0781066 -0.174994 -0.263359 -0.317619 -0.3402
-8.19407e+06 -0.0779887 -0.174841 -0.263469 -0.31825 -0.3409
-7.85974e+06 -0.0809696 -0.177934 -0.265675 -0.319482 -0.3416
-7.88391e+06 -0.081109 -0.178284 -0.266212 -0.320131 -0.3423
-7.9083e+06 -0.0812479 -0.178634 -0.266749 -0.320781 -0.343
-7.92881e+06 -0.0814238 -0.179026 -0.267316 -0.321443 -0.3437
-7.9469e+06 -0.0816238 -0.179435 -0.26789 -0.322106 -0.3444
-7.97134e+06 -0.0817613 -0.179784 -0.268427 -0.322756 -0.3451
-7.99527e+06 -0.0818994 -0.180135 -0.268965 -0.323406 -0.3458
-8.01855e+06 -0.0820368 -0.180486 -0.269506 -0.324058 -0.3465
-8.04152e+06 -0.0821733 -0.180836 -0.270047 -0.32471 -0.3472
-8.06389e+06 -0.0823093 -0.181186 -0.270589 -0.325363 -0.3479
-8.08597e+06 -0.0824446 -0.181535 -0.271132 -0.326016 -0.3486
-8.10764e+06 -0.0825795 -0.181883 -0.271677 -0.326671 -0.3493
-8.12863e+06 -0.0827129 -0.182229 -0.272221 -0.327326 -0.35
-8.14919e+06 -0.0828444 -0.182572 -0.272763 -0.327982 -0.3507
-8.16906e+06 -0.0829743 -0.182911 -0.273303 -0.328638 -0.3514
-8.18862e+06 -0.0831034 -0.183249 -0.273842 -0.329294 -0.3521
-8.20793e+06 -0.0832316 -0.183585 -0.27438 -0.32995 -0.3528
-8.22709e+06 -0.0833594 -0.18392 -0.274918 -0.330606 -0.3535
-8.24597e+06 -0.083486 -0.184253 -0.275453 -0.331261 -0.3542
-8.2645e+06 -0.0836116 -0.184583 -0.275987 -0.331917 -0.3549
-8.28285e+06 -0.083737 -0.184913 -0.276519 -0.332572 -0.3556
-8.30108e+06 -0.0838617 -0.185241 -0.27705 -0.333226 -0.3563
-8.3191e+06 -0.0839855 -0.185567 -0.277577 -0.333879 -0.357
-8.33696e+06 -0.0841085 -0.18589 -0.278102 -0.334531 -0.3577
-8.35469e+06 -0.0842306 -0.186212 -0.278624 -0.33518 -0.3584
-8.37217e+06 -0.0843515 -0.18653 -0.279142 -0.335827 -0.3591
-8.38943e+06 -0.0844712 -0.186846 -0.279656 -0.336472 -0.3598
-8.40639e+06 -0.0845897 -0.187158 -0.280166 -0.337115 -0.3605
-8.42298e+06 -0.0847066 -0.187467 -0.280672 -0.337756 -0.3612
-8.43935e+06 -0.0848227 -0.187774 -0.281176 -0.338396 -0.3619
-8.45566e+06 -0.0849387 -0.188081 -0.281679 -0.339036 -0.3626
-8.47188e+06 -0.0850545 -0.188387 -0.282182 -0.339676 -0.3633
-8.47839e+06 -0.0852136 -0.188773 -0.282749 -0.340341 -0.364
-8.48296e+06 -0.085382 -0.189176 -0.28333 -0.34101 -0.3647
-8.48159e+06 -0.0855772 -0.189629 -0.283951 -0.341695 -0.3654
-8.49006e+06 -0.0857266 -0.189999 -0.284505 -0.342354 -0.3661
-8.50016e+06 -0.0858693 -0.190354 -0.285045 -0.343008 -0.3668
-8.51656e+06 -0.0859823 -0.190654 -0.285541 -0.343644 -0.3675
-8.53277e+06 -0.0860945 -0.190952 -0.286036 -0.34428 -0.3682
-8.48486e+06 -0.0859248 -0.190567 -0.285588 -0.344301 -0.3689
-7.98744e+06 -0.0897956 -0.194661 -0.288642 -0.345835 -0.3696
-7.9658e+06 -0.0897709 -0.19466 -0.288838 -0.346365 -0.3703
-7.97471e+06 -0.0900119 -0.195098 -0.289422 -0.347028 -0.371
-7.99813e+06 -0.0901456 -0.195437 -0.289951 -0.347675 -0.3717
-8.02152e+06 -0.0902794 -0.195776 -0.290481 -0.348322 -0.3724
-8.0443e+06 -0.0904133 -0.196117 -0.291013 -0.34897 -0.3731
-8.06672e+06 -0.0905472 -0.19646 -0.291547 -0.349619 -0.3738
-8.08855e+06 -0.0906805 -0.196802 -0.292082 -0.350269 -0.3745
-8.11014e+06 -0.0908135 -0.197145 -0.292618 -0.350919 -0.3752
-8.13137e+06 -0.0909462 -0.197488 -0.293155 -0.351568 -0.3759
-8.15243e+06 -0.0910789 -0.197831 -0.293693 -0.352218 -0.3766
-8.17273e+06 -0.0912097 -0.198171 -0.294227 -0.352868 -0.3773
-8.19226e+06 -0.0913382 -0.198505 -0.294758 -0.353517 -0.378
-8.21131e+06 -0.091465 -0.198836 -0.295285 -0.354164 -0.3787
-8.22982e+06 -0.0915892 -0.199162 -0.295806 -0.354808 -0.3794
-8.24801e+06 -0.0917122 -0.199484 -0.296323 -0.35545 -0.3801
-8.26574e+06 -0.0918336 -0.199803 -0.296837 -0.356089 -0.3808
-8.28307e+06 -0.0919527 -0.200116 -0.297344 -0.356725 -0.3815
-8.29985e+06 -0.0920705 -0.200425 -0.297847 -0.35736 -0.3822
-8.31636e+06 -0.0921874 -0.200732 -0.298349 -0.357994 -0.3829
-8.33237e+06 -0.0923026 -0.201035 -0.298846 -0.358627 -0.3836
-8.34816e+06 -0.0924169 -0.201336 -0.299341 -0.359258 -0.3843
-8.35866e+06 -0.0925292 -0.20165 -0.299863 -0.359903 -0.385
-8.36909e+06 -0.0926383 -0.201963 -0.300384 -0.360547 -0.3857
-8.38437e+06 -0.0927516 -0.202264 -0.300879 -0.36118 -0.3864
-8.40018e+06 -0.0928653 -0.202563 -0.301371 -0.361811 -0.3871
-8.38563e+06 -0.0928048 -0.202469 -0.301337 -0.362106 -0.3878
-8.25309e+06 -0.0933955 -0.203318 -0.30236 -0.363136 -0.3885
-8.21976e+06 -0.0933452 -0.203276 -0.30252 -0.363663 -0.3892
-8.0217e+06 -0.0953779 -0.205417 -0.304137 -0.364689 -0.3899
-8.04203e+06 -0.0955122 -0.205766 -0.304679 -0.365341 -0.3906
-8.06512e+06 -0.0956479 -0.206112 -0.305212 -0.365989 -0.3913
-8.08717e+06 -0.0957834 -0.206459 -0.30575 -0.366638 -0.392
-8.10895e+06 -0.0959191 -0.206808 -0.306289 -0.367289 -0.3927
-8.12943e+06 -0.0960505 -0.207148 -0.306823 -0.36794 -0.3934
-8.14841e+06 -0.0961766 -0.207477 -0.307349 -0.368591 -0.3941
-8.16728e+06 -0.0963025 -0.207805 -0.307874 -0.369241 -0.3948
-8.18546e+06 -0.096426 -0.208129 -0.308395 -0.369889 -0.3955
-8.2032e+06 -0.096548 -0.208449 -0.308912 -0.370534 -0.3962
-8.21195e+06 -0.0966129 -0.208675 -0.30936 -0.37117 -0.3969
-8.22757e+06 -0.0967343 -0.208985 -0.309868 -0.371812 -0.3976
-8.23151e+06 -0.0968534 -0.209285 -0.310364 -0.372459 -0.3983
-8.23806e+06 -0.0970786 -0.209705 -0.31096 -0.373132 -0.399
-8.25391e+06 -0.0971891 -0.209998 -0.311446 -0.373764 -0.3997
-8.2652e+06 -0.0973271 -0.210343 -0.311976 -0.37441 -0.4004
-8.28182e+06 -0.0974437 -0.210649 -0.312473 -0.375044 -0.4011
-8.29869e+06 -0.0975579 -0.21095 -0.312966 -0.375675 -0.4018
-8.29848e+06 -0.0975602 -0.211009 -0.313139 -0.376099 -0.4025
-8.26388e+06 -0.0980745 -0.211676 -0.313884 -0.376862 -0.4032
-8.23014e+06 -0.0979833 -0.211496 -0.313767 -0.377131 -0.4039
-8.07961e+06 -0.099047 -0.212776 -0.314934 -0.378072 -0.4046
-8.09443e+06 -0.0991537 -0.213062 -0.315423 -0.378715 -0.4053
-8.11193e+06 -0.0992704 -0.213369 -0.315928 -0.379363 -0.406
-8.13155e+06 -0.0993931 -0.213691 -0.316446 -0.38001 -0.4067
-8.15169e+06 -0.0995101 -0.214005 -0.316957 -0.380655 -0.4074
-8.17007e+06 -0.0996301 -0.214319 -0.317464 -0.381296 -0.4081
-8.18741e+06 -0.0997479 -0.214627 -0.317963 -0.38193 -0.4088
-8.20468e+06 -0.0998613 -0.214928 -0.318454 -0.38256 -0.4095
-8.22167e+06 -0.0999759 -0.21523 -0.318946 -0.383189 -0.4102
-8.21211e+06 -0.0999642 -0.215228 -0.319025 -0.383555 -0.4109
-8.12871e+06 -0.100971 -0.216455 -0.320131 -0.384404 -0.4116
-8.1145e+06 -0.100986 -0.21658 -0.320461 -0.385008 -0.4123
-8.09956e+06 -0.10139 -0.217179 -0.321157 -0.385714 -0.413
-8.11818e+06 -0.101511 -0.217494 -0.321662 -0.386351 -0.4137
-8.1383e+06 -0.101609 -0.217786 -0.322153 -0.386983 -0.4144
-8.15582e+06 -0.101727 -0.218094 -0.322651 -0.387616 -0.4151
-8.16445e+06 -0.101802 -0.2183 -0.323012 -0.388165 -0.4158
-8.1797e+06 -0.10192 -0.218613 -0.323538 -0.388805 -0.4165
-8.19699e+06 -0.102034 -0.218912 -0.324024 -0.389428 -0.4172
-8.21313e+06 -0.102146 -0.219209 -0.324508 -0.390051 -0.4179
-8.18406e+06 -0.102047 -0.218992 -0.324287 -0.390205 -0.4186
-8.06297e+06 -0.103277 -0.220441 -0.325531 -0.391111 -0.4193
-8.04951e+06 -0.103258 -0.220429 -0.325631 -0.391523 -0.42
-8.0355e+06 -0.103701 -0.221066 -0.326338 -0.392232 -0.4207
-8.05377e+06 -0.103819 -0.221372 -0.326828 -0.392858 -0.4214
-8.0636e+06 -0.1039 -0.221589 -0.327197 -0.393403 -0.4221
-8.08096e+06 -0.104012 -0.221885 -0.32768 -0.394025 -0.4228
-8.09774e+06 -0.104124 -0.222181 -0.328161 -0.394646 -0.4235
-8.11411e+06 -0.104236 -0.222475 -0.328639 -0.395266 -0.4242
-8.13039e+06 -0.104348 -0.222768 -0.329117 -0.395885 -0.4249
-8.10727e+06 -0.104275 -0.222617 -0.328992 -0.396124 -0.4256
-8.05382e+06 -0.104909 -0.223474 -0.329874 -0.396902 -0.4263
-8.03406e+06 -0.104864 -0.223406 -0.32991 -0.397273 -0.427
-8.01897e+06 -0.105312 -0.224043 -0.330616 -0.397982 -0.4277
-8.0361e+06 -0.105427 -0.224343 -0.331102 -0.398607 -0.4284
-8.05288e+06 -0.10554 -0.224639 -0.331583 -0.399229 -0.4291
-8.06928e+06 -0.105652 -0.224933 -0.332062 -0.399849 -0.4298
-8.08559e+06 -0.105764 -0.225227 -0.33254 -0.400469 -0.4305
-8.09073e+06 -0.105838 -0.225442 -0.332951 -0.40108 -0.4312
-8.10713e+06 -0.105949 -0.225733 -0.333425 -0.401697 -0.4319
-8.11782e+06 -0.106041 -0.225983 -0.333865 -0.402309 -0.4326
-8.13384e+06 -0.106152 -0.226275 -0.33434 -0.402926 -0.4333
-8.15031e+06 -0.106262 -0.226566 -0.334814 -0.403543 -0.434
-8.16655e+06 -0.106373 -0.226857 -0.335288 -0.404159 -0.4347
-8.18272e+06 -0.106484 -0.227148 -0.335762 -0.404775 -0.4354
-8.19884e+06 -0.106594 -0.227438 -0.336236 -0.405392 -0.4361
-8.21493e+06 -0.106705 -0.227729 -0.336709 -0.406008 -0.4368
-8.21188e+06 -0.106688 -0.227745 -0.336828 -0.406412 -0.4375
-8.20643e+06 -0.106989 -0.228229 -0.337426 -0.407071 -0.4382
-8.21835e+06 -0.107086 -0.228482 -0.337846 -0.407655 -0.4389
-8.20524e+06 -0.10706 -0.228443 -0.33787 -0.407975 -0.4396
-8.11609e+06 -0.108074 -0.229701 -0.338995 -0.408845 -0.4403
-8.07337e+06 -0.108011 -0.22965 -0.339134 -0.409329 -0.441
-8.03377e+06 -0.108699 -0.230515 -0.339987 -0.410092 -0.4417
-8.05358e+06 -0.108823 -0.230835 -0.340498 -0.410733 -0.4424
-8.07173e+06 -0.108941 -0.231142 -0.34099 -0.411362 -0.4431
-8.08882e+06 -0.109055 -0.231439 -0.341471 -0.411983 -0.4438
-8.09845e+06 -0.109201 -0.231796 -0.341998 -0.412624 -0.4445
-8.10835e+06 -0.109277 -0.232006 -0.342364 -0.413174 -0.4452
-8.09888e+06 -0.109232 -0.231951 -0.342382 -0.413497 -0.4459
-8.09661e+06 -0.109506 -0.232434 -0.342998 -0.414175 -0.4466
-8.11326e+06 -0.109614 -0.232722 -0.34347 -0.41479 -0.4473
-8.12915e+06 -0.109728 -0.233016 -0.343945 -0.415407 -0.448
-8.14082e+06 -0.109858 -0.233343 -0.344449 -0.416036 -0.4487
-8.15441e+06 -0.10998 -0.233656 -0.344939 -0.41666 -0.4494
-8.17037e+06 -0.110091 -0.233948 -0.345413 -0.417276 -0.4501
-8.1865e+06 -0.110201 -0.234237 -0.345886 -0.417892 -0.4508
-8.17256e+06 -0.110204 -0.234297 -0.346062 -0.418305 -0.4515
-8.13438e+06 -0.11085 -0.23513 -0.34689 -0.419054 -0.4522
-8.07627e+06 -0.110662 -0.234737 -0.346525 -0.419194 -0.4529
-8.0146e+06 -0.111263 -0.235583 -0.347431 -0.419988 -0.4536
-8.02688e+06 -0.11136 -0.235846 -0.347872 -0.420584 -0.4543
-8.03391e+06 -0.111467 -0.236162 -0.348399 -0.421231 -0.455
-8.04639e+06 -0.1116 -0.236491 -0.348903 -0.42186 -0.4557
-8.06028e+06 -0.111723 -0.236803 -0.349392 -0.422482 -0.4564
-8.07688e+06 -0.111828 -0.237084 -0.349856 -0.423093 -0.4571
-8.09288e+06 -0.111936 -0.237368 -0.350321 -0.423706 -0.4578
-8.1059e+06 -0.112043 -0.23766 -0.350802 -0.424325 -0.4585
-8.11541e+06 -0.112148 -0.237958 -0.351299 -0.424954 -0.4592
-8.1283e+06 -0.112256 -0.238253 -0.351783 -0.425574 -0.4599
-8.10549e+06 -0.112213 -0.238208 -0.351822 -0.425906 -0.4606
-8.08694e+06 -0.112589 -0.238823 -0.352561 -0.426629 -0.4613
-8.07156e+06 -0.112652 -0.238984 -0.352847 -0.427129 -0.462
-8.08316e+06 -0.112745 -0.239234 -0.353281 -0.427736 -0.4627
-8.08392e+06 -0.112837 -0.23948 -0.353717 -0.428357 -0.4634
-8.09275e+06 -0.112911 -0.239682 -0.35407 -0.428894 -0.4641
-8.10899e+06 -0.113019 -0.239965 -0.354534 -0.429505 -0.4648
-8.12503e+06 -0.113126 -0.240248 -0.354998 -0.430116 -0.4655
-8.13527e+06 -0.11323 -0.240541 -0.355487 -0.43074 -0.4662
-8.1486e+06 -0.113336 -0.240828 -0.355962 -0.431357 -0.4669
-8.15464e+06 -0.113463 -0.241162 -0.356486 -0.431996 -0.4676
-8.15993e+06 -0.113549 -0.241388 -0.356861 -0.432544 -0.4683
-8.14594e+06 -0.113554 -0.241455 -0.357133 -0.433117 -0.469
-8.08151e+06 -0.114407 -0.242458 -0.358066 -0.433917 -0.4697
-8.05413e+06 -0.114363 -0.242418 -0.358188 -0.434377 -0.4704
-7.98897e+06 -0.115223 -0.243488 -0.359185 -0.435197 -0.4711
-8.00837e+06 -0.115345 -0.243803 -0.359691 -0.435835 -0.4718
-8.02744e+06 -0.115466 -0.244117 -0.360195 -0.436471 -0.4725
-8.04418e+06 -0.115576 -0.244406 -0.360665 -0.437085 -0.4732
-8.06057e+06 -0.115685 -0.244692 -0.361131 -0.437696 -0.4739
-8.0768e+06 -0.115794 -0.244976 -0.361595 -0.438306 -0.4746
-8.09295e+06 -0.115902 -0.24526 -0.362058 -0.438915 -0.4753
-8.10895e+06 -0.11601 -0.245543 -0.362521 -0.439524 -0.476
-8.1248e+06 -0.116118 -0.245826 -0.362984 -0.440134 -0.4767
-8.14055e+06 -0.116225 -0.246109 -0.363447 -0.440745 -0.4774
-8.15619e+06 -0.116332 -0.246391 -0.36391 -0.441355 -0.4781
-8.17176e+06 -0.11644 -0.246673 -0.364374 -0.441966 -0.4788
-8.18734e+06 -0.116547 -0.246956 -0.364839 -0.442577 -0.4795
-8.20286e+06 -0.116654 -0.247239 -0.365305 -0.443188 -0.4802
-8.21833e+06 -0.116762 -0.247522 -0.365771 -0.4438 -0.4809
-8.23368e+06 -0.116869 -0.247804 -0.366235 -0.44441 -0.4816
-8.24892e+06 -0.116975 -0.248085 -0.366699 -0.44502 -0.4823
-8.26417e+06 -0.117082 -0.248367 -0.367163 -0.44563 -0.483
-8.27938e+06 -0.117189 -0.248648 -0.367627 -0.44624 -0.4837
-8.29456e+06 -0.117296 -0.24893 -0.368091 -0.44685 -0.4844
-8.29677e+06 -0.117322 -0.249034 -0.36832 -0.44731 -0.4851
-8.30503e+06 -0.117441 -0.24935 -0.3689 -0.44799 -0.4858
-8.3023e+06 -0.117475 -0.249466 -0.369176 -0.448511 -0.4865
-8.28636e+06 -0.117449 -0.249435 -0.369245 -0.448904 -0.4872
-8.22476e+06 -0.118171 -0.250408 -0.370179 -0.449697 -0.4879
-8.20345e+06 -0.118158 -0.250445 -0.370379 -0.450181 -0.4886
-8.10302e+06 -0.119378 -0.251851 -0.371594 -0.451085 -0.4893
-8.08489e+06 -0.119472 -0.252218 -0.372231 -0.451784 -0.49
-8.09897e+06 -0.119597 -0.252557 -0.372772 -0.452435 -0.4907
-8.11879e+06 -0.11972 -0.252878 -0.373284 -0.453074 -0.4914
-8.13732e+06 -0.119841 -0.253191 -0.373787 -0.45371 -0.4921
-8.15478e+06 -0.119957 -0.253493 -0.374276 -0.454338 -0.4928
-8.17126e+06 -0.120068 -0.253784 -0.374751 -0.454955 -0.4935
-8.18006e+06 -0.120142 -0.253988 -0.375107 -0.455497 -0.4942
-8.19599e+06 -0.120251 -0.254277 -0.375588 -0.456111 -0.4949
-8.21203e+06 -0.120359 -0.25456 -0.376051 -0.456721 -0.4956
-8.22747e+06 -0.120466 -0.254842 -0.376516 -0.457332 -0.4963
-8.24283e+06 -0.120573 -0.255123 -0.37698 -0.457942 -0.497
-8.25814e+06 -0.12068 -0.255404 -0.377444 -0.458552 -0.4977
-8.27336e+06 -0.120786 -0.255685 -0.377908 -0.459162 -0.4984
-8.28854e+06 -0.120893 -0.255966 -0.378372 -0.459773 -0.4991
-8.30368e+06 -0.120999 -0.256247 -0.378836 -0.460383 -0.4998
-8.30821e+06 -0.12107 -0.256456 -0.37924 -0.460988 -0.5005
-8.32323e+06 -0.121184 -0.256778 -0.379816 -0.461634 -0.5012
-8.33902e+06 -0.121291 -0.257059 -0.380278 -0.462243 -0.5019
-8.35405e+06 -0.121397 -0.257339 -0.38074 -0.462852 -0.5026
-8.36935e+06 -0.121503 -0.257619 -0.381201 -0.463461 -0.5033
-8.3662e+06 -0.121516 -0.257676 -0.381358 -0.463872 -0.504
-8.31245e+06 -0.12236 -0.258706 -0.382362 -0.464736 -0.5047
-8.26195e+06 -0.122244 -0.258519 -0.382332 -0.465134 -0.5054
-8.10192e+06 -0.123899 -0.260453 -0.383898 -0.46617 -0.5061
-8.09781e+06 -0.124007 -0.26081 -0.384493 -0.466845 -0.5068
-8.11847e+06 -0.124134 -0.261137 -0.385008 -0.467483 -0.5075
-8.13887e+06 -0.124261 -0.261464 -0.385523 -0.468121 -0.5082
-8.15875e+06 -0.124387 -0.26179 -0.386039 -0.46876 -0.5089
-8.17746e+06 -0.124509 -0.262108 -0.38655 -0.469401 -0.5096
-8.19554e+06 -0.124629 -0.262422 -0.387057 -0.470039 -0.5103
-8.21214e+06 -0.124742 -0.262719 -0.387542 -0.470666 -0.511
-8.22772e+06 -0.124851 -0.263006 -0.388013 -0.471281 -0.5117
-8.22571e+06 -0.124869 -0.263076 -0.388193 -0.471722 -0.5124
-8.22571e+06 -0.125152 -0.26355 -0.388809 -0.472394 -0.5131
-8.23533e+06 -0.12527 -0.263849 -0.38928 -0.473008 -0.5138
-8.24585e+06 -0.125396 -0.264173 -0.389783 -0.473637 -0.5145
-8.26104e+06 -0.125502 -0.264455 -0.390246 -0.474247 -0.5152
-8.27551e+06 -0.125612 -0.264743 -0.390716 -0.47486 -0.5159
-8.29073e+06 -0.125719 -0.265026 -0.391182 -0.475471 -0.5166
-8.306e+06 -0.125826 -0.265309 -0.391648 -0.476082 -0.5173
-8.32138e+06 -0.125932 -0.26559 -0.392112 -0.476693 -0.518
-8.3367e+06 -0.126038 -0.265871 -0.392576 -0.477303 -0.5187
-8.3429e+06 -0.126115 -0.26609 -0.392984 -0.477906 -0.5194
-8.3577e+06 -0.126228 -0.266409 -0.393556 -0.478551 -0.5201
-8.3694e+06 -0.126331 -0.266694 -0.394033 -0.479178 -0.5208
-8.36646e+06 -0.126351 -0.266769 -0.394218 -0.479612 -0.5215
-8.36351e+06 -0.126596 -0.267197 -0.394803 -0.480313 -0.5222
-8.36467e+06 -0.126701 -0.267458 -0.395211 -0.480872 -0.5229
-8.36385e+06 -0.126795 -0.267714 -0.39563 -0.481444 -0.5236
-8.37447e+06 -0.126897 -0.267984 -0.39609 -0.482125 -0.5243
-8.38534e+06 -0.126982 -0.268216 -0.396495 -0.482687 -0.525
-8.39817e+06 -0.127074 -0.26846 -0.396908 -0.483267 -0.5257
-8.41406e+06 -0.12718 -0.26874 -0.397368 -0.483875 -0.5264
-8.42941e+06 -0.127285 -0.269017 -0.397826 -0.484482 -0.5271
-8.42439e+06 -0.127308 -0.269108 -0.398035 -0.484923 -0.5278
-8.38136e+06 -0.127932 -0.269953 -0.398911 -0.485706 -0.5285
-8.34838e+06 -0.127931 -0.270026 -0.39921 -0.486302 -0.5292
-8.18587e+06 -0.129739 -0.272065 -0.400863 -0.487375 -0.5299
-8.16154e+06 -0.129782 -0.272292 -0.401335 -0.488006 -0.5306
-8.14954e+06 -0.130213 -0.27292 -0.402044 -0.488714 -0.5313
-8.16555e+06 -0.13035 -0.273266 -0.402579 -0.489361 -0.532
-8.18095e+06 -0.130495 -0.273626 -0.403121 -0.490009 -0.5327
-8.19636e+06 -0.130616 -0.273954 -0.40365 -0.490655 -0.5334
-8.2149e+06 -0.130737 -0.27427 -0.404159 -0.491294 -0.5341
-8.23288e+06 -0.130855 -0.27458 -0.404662 -0.49193 -0.5348
-8.25009e+06 -0.130971 -0.274883 -0.405155 -0.492561 -0.5355
-8.26643e+06 -0.131082 -0.275176 -0.405635 -0.493183 -0.5362
-8.28227e+06 -0.131191 -0.275463 -0.406107 -0.4938 -0.5369
-8.29786e+06 -0.131298 -0.275747 -0.406575 -0.494414 -0.5376
-8.31324e+06 -0.131405 -0.276028 -0.407038 -0.495024 -0.5383
-8.3286e+06 -0.131511 -0.276308 -0.407502 -0.495635 -0.539
-8.34395e+06 -0.131617 -0.276589 -0.407965 -0.496245 -0.5397
-8.35922e+06 -0.131723 -0.276869 -0.408427 -0.496855 -0.5404
-8.36092e+06 -0.131787 -0.277065 -0.408834 -0.497468 -0.5411
-8.37396e+06 -0.131883 -0.277321 -0.40927 -0.498075 -0.5418
-8.38299e+06 -0.131985 -0.277613 -0.409816 -0.498721 -0.5425
-8.39349e+06 -0.132074 -0.277856 -0.410247 -0.499338 -0.5432
-8.40444e+06 -0.132163 -0.278098 -0.410671 -0.49994 -0.5439
-8.41809e+06 -0.132285 -0.278433 -0.411271 -0.500599 -0.5446
-8.4064e+06 -0.132275 -0.278448 -0.41142 -0.501134 -0.5453
-8.26419e+06 -0.133782 -0.28023 -0.412888 -0.502155 -0.546
-8.2321e+06 -0.133812 -0.280442 -0.413353 -0.502763 -0.5467
-8.19782e+06 -0.134422 -0.281214 -0.414126 -0.503482 -0.5474
-8.21537e+06 -0.134545 -0.281527 -0.414629 -0.504118 -0.5481
-8.21734e+06 -0.134897 -0.282085 -0.415306 -0.504825 -0.5488
-8.23645e+06 -0.135017 -0.282397 -0.415807 -0.505455 -0.5495
-8.25445e+06 -0.135138 -0.28271 -0.416308 -0.506089 -0.5502
-8.27164e+06 -0.135253 -0.28301 -0.416796 -0.506715 -0.5509
-8.28799e+06 -0.135363 -0.283301 -0.417272 -0.507334 -0.5516
-8.30387e+06 -0.135472 -0.283586 -0.417741 -0.507948 -0.5523
-8.3067e+06 -0.135545 -0.283793 -0.418154 -0.508563 -0.553
-8.32065e+06 -0.135653 -0.284087 -0.418659 -0.509188 -0.5537
-8.33692e+06 -0.135762 -0.28437 -0.419122 -0.509797 -0.5544
-8.3524e+06 -0.135868 -0.28465 -0.419584 -0.510406 -0.5551
-8.36786e+06 -0.135974 -0.284929 -0.420044 -0.511014 -0.5558
-8.38317e+06 -0.136079 -0.285207 -0.420502 -0.511622 -0.5565
-8.39841e+06 -0.136184 -0.285484 -0.420961 -0.51223 -0.5572
-8.41364e+06 -0.136289 -0.285761 -0.421419 -0.512838 -0.5579
-8.42087e+06 -0.136368 -0.285967 -0.421775 -0.513383 -0.5586
-8.42686e+06 -0.136455 -0.286243 -0.422348 -0.514037 -0.5593
-8.43862e+06 -0.136549 -0.286495 -0.422786 -0.514643 -0.56
-8.44155e+06 -0.136624 -0.286724 -0.423256 -0.515271 -0.5607
-8.45652e+06 -0.136729 -0.287 -0.423714 -0.515897 -0.5614
-8.47198e+06 -0.136835 -0.287279 -0.424174 -0.516505 -0.5621
-8.48726e+06 -0.13694 -0.287554 -0.42463 -0.517111 -0.5628
-8.49556e+06 -0.137011 -0.287752 -0.424979 -0.517652 -0.5635
-8.50307e+06 -0.137098 -0.288015 -0.4255 -0.518389 -0.5642
-8.5e+06 -0.137108 -0.288078 -0.425686 -0.518814 -0.5649
-8.41942e+06 -0.137991 -0.289082 -0.426616 -0.519709 -0.5656
-8.38999e+06 -0.138004 -0.289233 -0.427004 -0.520313 -0.5663
-8.32058e+06 -0.138916 -0.290312 -0.428005 -0.521147 -0.567
-8.32718e+06 -0.139012 -0.290592 -0.428478 -0.52176 -0.5677
-8.34493e+06 -0.139139 -0.29091 -0.428983 -0.522398 -0.5684
-8.3634e+06 -0.139252 -0.291208 -0.429472 -0.523029 -0.5691
-8.38106e+06 -0.139362 -0.2915 -0.429951 -0.523653 -0.5698
-8.39773e+06 -0.139472 -0.291788 -0.430423 -0.524271 -0.5705
-8.41385e+06 -0.13958 -0.292073 -0.430891 -0.524887 -0.5712
-8.42968e+06 -0.139687 -0.292355 -0.431354 -0.525498 -0.5719
-8.43899e+06 -0.139763 -0.292559 -0.43171 -0.526037 -0.5726
-8.44864e+06 -0.139852 -0.292806 -0.432156 -0.526751 -0.5733
-8.4591e+06 -0.139932 -0.293021 -0.432526 -0.527294 -0.574
-8.47368e+06 -0.140034 -0.293291 -0.432974 -0.527902 -0.5747
-8.48517e+06 -0.140126 -0.29354 -0.433408 -0.528508 -0.5754
-8.49025e+06 -0.140199 -0.293761 -0.433842 -0.529119 -0.5761
-8.49121e+06 -0.140248 -0.293924 -0.434201 -0.529713 -0.5768
-8.50261e+06 -0.140357 -0.294194 -0.434655 -0.530324 -0.5775
-8.51341e+06 -0.14045 -0.294441 -0.435084 -0.530926 -0.5782
-8.51651e+06 -0.140572 -0.294703 -0.43552 -0.531542 -0.5789
-8.52725e+06 -0.140665 -0.294951 -0.435949 -0.532143 -0.5796
-8.53709e+06 -0.140847 -0.295307 -0.436463 -0.532777 -0.5803
-8.55232e+06 -0.140951 -0.295581 -0.436915 -0.53338 -0.581
-8.56747e+06 -0.141055 -0.295855 -0.437366 -0.533983 -0.5817
-8.58252e+06 -0.141158 -0.296127 -0.437817 -0.534586 -0.5824
-8.5975e+06 -0.141261 -0.296399 -0.438267 -0.535188 -0.5831
-8.61246e+06 -0.141364 -0.296671 -0.438717 -0.535791 -0.5838
-8.60452e+06 -0.141348 -0.296647 -0.438736 -0.536014 -0.5845
-8.44375e+06 -0.142681 -0.298413 -0.440262 -0.537122 -0.5852
-8.37291e+06 -0.142548 -0.298248 -0.440281 -0.537497 -0.5859
-8.20928e+06 -0.144424 -0.300357 -0.441986 -0.538601 -0.5866
-8.2254e+06 -0.144541 -0.30067 -0.442491 -0.539231 -0.5873
-8.24569e+06 -0.144663 -0.300985 -0.442992 -0.539862 -0.588
-8.26554e+06 -0.144786 -0.301302 -0.443495 -0.540494 -0.5887
-8.28516e+06 -0.144909 -0.301619 -0.444 -0.541127 -0.5894
-8.30434e+06 -0.145031 -0.301934 -0.444503 -0.541759 -0.5901
-8.32285e+06 -0.14515 -0.302245 -0.445002 -0.542389 -0.5908
-8.34067e+06 -0.145267 -0.30255 -0.445495 -0.543017 -0.5915
-8.35793e+06 -0.145381 -0.30285 -0.445983 -0.543641 -0.5922
-8.36612e+06 -0.145465 -0.303084 -0.446415 -0.544257 -0.5929
-8.38127e+06 -0.145575 -0.303378 -0.446914 -0.544882 -0.5936
-8.39754e+06 -0.145684 -0.303663 -0.447381 -0.545494 -0.5943
-8.40855e+06 -0.145775 -0.30391 -0.447815 -0.546101 -0.595
-8.42303e+06 -0.145879 -0.304188 -0.448279 -0.546711 -0.5957
-8.43889e+06 -0.145983 -0.304462 -0.448734 -0.547315 -0.5964
-8.44268e+06 -0.14608 -0.304708 -0.449125 -0.54787 -0.5971
-8.44206e+06 -0.146107 -0.304814 -0.449349 -0.548328 -0.5978
-8.44435e+06 -0.146246 -0.305085 -0.44975 -0.548874 -0.5985
-8.45815e+06 -0.146346 -0.305353 -0.450206 -0.54951 -0.5992
-8.47397e+06 -0.146452 -0.305631 -0.450663 -0.550116 -0.5999
-8.48904e+06 -0.146555 -0.305903 -0.451112 -0.550717 -0.6006
-8.50421e+06 -0.146659 -0.306175 -0.451562 -0.551318 -0.6013
-8.5015e+06 -0.146665 -0.306209 -0.451667 -0.551614 -0.602
-8.47621e+06 -0.147132 -0.306863 -0.452461 -0.552358 -0.6027
-8.39059e+06 -0.146799 -0.306108 -0.45156 -0.551958 -0.6034
-8.29725e+06 -0.147572 -0.307187 -0.452672 -0.552849 -0.6041
-8.30697e+06 -0.147643 -0.307376 -0.453002 -0.553359 -0.6048
-8.32504e+06 -0.147754 -0.307667 -0.453472 -0.55397 -0.6055
-8.34026e+06 -0.147866 -0.307957 -0.453938 -0.554577 -0.6062
-8.35636e+06 -0.147972 -0.308235 -0.454393 -0.555178 -0.6069
-8.37226e+06 -0.148077 -0.308509 -0.454844 -0.555777 -0.6076
-8.38793e+06 -0.148181 -0.308783 -0.455295 -0.556376 -0.6083
-8.39862e+06 -0.14831 -0.309101 -0.455783 -0.556993 -0.609
-8.41404e+06 -0.148413 -0.309373 -0.456232 -0.557591 -0.6097
-8.4293e+06 -0.148516 -0.309644 -0.456679 -0.558188 -0.6104
-8.44448e+06 -0.148619 -0.309915 -0.457126 -0.558784 -0.6111
-8.45945e+06 -0.14872 -0.310184 -0.45757 -0.55938 -0.6118
-8.46123e+06 -0.148749 -0.310274 -0.45776 -0.559754 -0.6125
-8.47216e+06 -0.148854 -0.310556 -0.458239 -0.560357 -0.6132
-8.47256e+06 -0.148975 -0.31089 -0.45877 -0.560997 -0.6139
-8.48765e+06 -0.149077 -0.311158 -0.459214 -0.56159 -0.6146
-8.50284e+06 -0.149179 -0.311428 -0.459661 -0.562186 -0.6153
-8.51794e+06 -0.149282 -0.311698 -0.460107 -0.562782 -0.616
-8.5282e+06 -0.149409 -0.312014 -0.460594 -0.563397 -0.6167
-8.54316e+06 -0.149511 -0.312283 -0.46104 -0.563993 -0.6174
-8.55201e+06 -0.149611 -0.312567 -0.461519 -0.564608 -0.6181
-8.56693e+06 -0.149712 -0.312836 -0.461964 -0.565203 -0.6188
-8.57778e+06 -0.149812 -0.313115 -0.462431 -0.565812 -0.6195
-8.59066e+06 -0.149914 -0.313388 -0.462887 -0.566414 -0.6202
-8.5995e+06 -0.150013 -0.313672 -0.463366 -0.567028 -0.6209
-8.61441e+06 -0.150115 -0.31394 -0.463811 -0.567624 -0.6216
-8.6293e+06 -0.150216 -0.314208 -0.464255 -0.568219 -0.6223
-8.63127e+06 -0.150244 -0.314298 -0.464443 -0.568591 -0.623
-8.63679e+06 -0.150358 -0.314629 -0.465101 -0.569243 -0.6237
-8.60609e+06 -0.150284 -0.314505 -0.465125 -0.569663 -0.6244
-8.27624e+06 -0.153384 -0.318054 -0.467896 -0.571206 -0.6251
-8.25003e+06 -0.153335 -0.317992 -0.467893 -0.571419 -0.6258
-8.23725e+06 -0.153769 -0.318627 -0.468603 -0.572129 -0.6265
-8.24056e+06 -0.153831 -0.318812 -0.468973 -0.572702 -0.6272
-8.26124e+06 -0.15395 -0.319116 -0.469456 -0.57332 -0.6279
-8.28033e+06 -0.154067 -0.31942 -0.469944 -0.573942 -0.6286
-8.29482e+06 -0.154181 -0.319729 -0.470446 -0.57457 -0.6293
-8.3111e+06 -0.154296 -0.320036 -0.47094 -0.575192 -0.63
-8.32919e+06 -0.154412 -0.320335 -0.47142 -0.575806 -0.6307
-8.34696e+06 -0.154526 -0.320633 -0.471898 -0.576419 -0.6314
-8.36407e+06 -0.154637 -0.320925 -0.472371 -0.577029 -0.6321
-8.38044e+06 -0.154746 -0.321209 -0.472835 -0.577634 -0.6328
-8.3966e+06 -0.154853 -0.321491 -0.473296 -0.578237 -0.6335
-8.41247e+06 -0.154959 -0.321771 -0.473755 -0.57884 -0.6342
-8.42813e+06 -0.155065 -0.322049 -0.474211 -0.579441 -0.6349
-8.44359e+06 -0.155169 -0.322324 -0.474664 -0.58004 -0.6356
-8.45881e+06 -0.155272 -0.322596 -0.475114 -0.580637 -0.6363
-8.4738e+06 -0.155374 -0.322866 -0.47556 -0.581232 -0.637
-8.48868e+06 -0.155476 -0.323135 -0.476005 -0.581826 -0.6377
-8.5035e+06 -0.155578 -0.323403 -0.476449 -0.58242 -0.6384
-8.51828e+06 -0.155679 -0.323671 -0.476893 -0.583014 -0.6391
-8.53303e+06 -0.15578 -0.323939 -0.477336 -0.583608 -0.6398
-8.54778e+06 -0.155882 -0.324207 -0.47778 -0.584201 -0.6405
-8.55404e+06 -0.155933 -0.324354 -0.47805 -0.584645 -0.6412
-8.56532e+06 -0.156038 -0.324656 -0.478608 -0.585288 -0.6419
-8.56724e+06 -0.156076 -0.324788 -0.478901 -0.585803 -0.6426
-8.56363e+06 -0.156138 -0.324993 -0.479379 -0.586409 -0.6433
-8.57604e+06 -0.156216 -0.325208 -0.479748 -0.586937 -0.644
-8.59139e+06 -0.156319 -0.32548 -0.480197 -0.587536 -0.6447
-8.60676e+06 -0.156422 -0.325752 -0.480645 -0.588133 -0.6454
-8.62171e+06 -0.156525 -0.326021 -0.481091 -0.588729 -0.6461
-8.63651e+06 -0.156626 -0.326289 -0.481534 -0.589323 -0.6468
-8.65126e+06 -0.156727 -0.326555 -0.481975 -0.589916 -0.6475
-8.66594e+06 -0.156827 -0.326821 -0.482415 -0.590508 -0.6482
-8.66776e+06 -0.156845 -0.326894 -0.482585 -0.590866 -0.6489
-8.64913e+06 -0.157241 -0.327495 -0.483372 -0.591686 -0.6496
-8.51911e+06 -0.156654 -0.326093 -0.481488 -0.590437 -0.6503
-8.23801e+06 -0.159233 -0.329094 -0.48395 -0.591888 -0.651
-8.25589e+06 -0.159344 -0.329381 -0.484414 -0.592488 -0.6517
-8.27545e+06 -0.159463 -0.329691 -0.484906 -0.593112 -0.6524
-8.29512e+06 -0.159581 -0.329998 -0.485398 -0.593737 -0.6531
-8.31485e+06 -0.159699 -0.330306 -0.485889 -0.594361 -0.6538
-8.33428e+06 -0.159819 -0.330616 -0.486382 -0.594987 -0.6545
-8.35358e+06 -0.159938 -0.330925 -0.486875 -0.595612 -0.6552
-8.37212e+06 -0.160056 -0.331231 -0.487365 -0.596237 -0.6559
-8.38992e+06 -0.160173 -0.331535 -0.487853 -0.59686 -0.6566
-8.40732e+06 -0.160284 -0.331828 -0.48833 -0.597477 -0.6573
-8.42385e+06 -0.160388 -0.332104 -0.488786 -0.598078 -0.658
-8.43924e+06 -0.160491 -0.332375 -0.489231 -0.598671 -0.6587
-8.45405e+06 -0.160595 -0.332648 -0.489678 -0.599264 -0.6594
-8.46951e+06 -0.160694 -0.332912 -0.490118 -0.599854 -0.6601
-8.48441e+06 -0.160796 -0.333181 -0.49056 -0.600445 -0.6608
-8.49908e+06 -0.160898 -0.333449 -0.491003 -0.601035 -0.6615
-8.51352e+06 -0.160999 -0.333716 -0.491445 -0.601625 -0.6622
-8.52826e+06 -0.1611 -0.333983 -0.491885 -0.602214 -0.6629
-8.54296e+06 -0.161201 -0.334249 -0.492325 -0.602803 -0.6636
-8.55763e+06 -0.161302 -0.334515 -0.492765 -0.603391 -0.6643
-8.57226e+06 -0.161402 -0.334781 -0.493203 -0.603978 -0.665
-8.58687e+06 -0.161503 -0.335046 -0.493642 -0.604566 -0.6657
-8.60147e+06 -0.161604 -0.335311 -0.49408 -0.605153 -0.6664
-8.61606e+06 -0.161704 -0.335576 -0.494518 -0.60574 -0.6671
-8.63065e+06 -0.161804 -0.335841 -0.494956 -0.606327 -0.6678
-8.64522e+06 -0.161905 -0.336105 -0.495394 -0.606914 -0.6685
-8.65978e+06 -0.162005 -0.33637 -0.495832 -0.607501 -0.6692
-8.67431e+06 -0.162105 -0.336635 -0.49627 -0.608088 -0.6699
-8.68879e+06 -0.162205 -0.336899 -0.496706 -0.608673 -0.6706
-8.70325e+06 -0.162305 -0.337162 -0.497143 -0.609259 -0.6713
-8.71771e+06 -0.162405 -0.337426 -0.497579 -0.609844 -0.672
-8.73215e+06 -0.162505 -0.337689 -0.498016 -0.61043 -0.6727
-8.74657e+06 -0.162604 -0.337953 -0.498452 -0.611015 -0.6734
-8.76097e+06 -0.162704 -0.338216 -0.498888 -0.611601 -0.6741
-8.77532e+06 -0.162803 -0.338479 -0.499323 -0.612186 -0.6748
-8.78969e+06 -0.162903 -0.338742 -0.499759 -0.612771 -0.6755
-8.80405e+06 -0.163002 -0.339005 -0.500195 -0.613357 -0.6762
-8.81839e+06 -0.163102 -0.339269 -0.500631 -0.613942 -0.6769
-8.83273e+06 -0.163202 -0.339532 -0.501068 -0.614528 -0.6776
-8.84694e+06 -0.163301 -0.339794 -0.501502 -0.615112 -0.6783
-8.86082e+06 -0.163398 -0.340052 -0.501931 -0.615693 -0.679
-8.87516e+06 -0.163498 -0.340315 -0.502368 -0.61628 -0.6797
-8.88946e+06 -0.163597 -0.340579 -0.502805 -0.616866 -0.6804
-8.90376e+06 -0.163697 -0.340842 -0.503242 -0.617453 -0.6811
-8.91428e+06 -0.163782 -0.341074 -0.50365 -0.618034 -0.6818
-8.92553e+06 -0.163872 -0.34134 -0.50414 -0.618643 -0.6825
-8.64536e+06 -0.162457 -0.337929 -0.499338 -0.614781 -0.6832
-8.36149e+06 -0.164261 -0.340016 -0.501205 -0.616097 -0.6839
-8.08521e+06 -0.162917 -0.336736 -0.496572 -0.612438 -0.6846
-8.0593e+06 -0.163299 -0.337249 -0.497181 -0.613133 -0.6853
-8.06975e+06 -0.163336 -0.337394 -0.497465 -0.613611 -0.686
-8.08898e+06 -0.163413 -0.337633 -0.497881 -0.614183 -0.6867
-8.10539e+06 -0.163516 -0.3379 -0.498316 -0.614764 -0.6874
-8.12185e+06 -0.163618 -0.338166 -0.498751 -0.615344 -0.6881
-8.13456e+06 -0.163708 -0.338407 -0.499166 -0.615923 -0.6888
-8.15052e+06 -0.16381 -0.338671 -0.499599 -0.616503 -0.6895
-8.16644e+06 -0.16391 -0.338932 -0.500029 -0.617082 -0.6902
-8.18218e+06 -0.16401 -0.339193 -0.500458 -0.617661 -0.6909
-8.19778e+06 -0.16411 -0.339453 -0.500887 -0.618238 -0.6916
-8.21327e+06 -0.164209 -0.339711 -0.501314 -0.618816 -0.6923
-8.22865e+06 -0.164308 -0.339969 -0.50174 -0.619393 -0.693
-8.24398e+06 -0.164406 -0.340227 -0.502167 -0.619971 -0.6937
-8.25929e+06 -0.164505 -0.340485 -0.502594 -0.620548 -0.6944
-8.27452e+06 -0.164603 -0.340743 -0.50302 -0.621125 -0.6951
-8.28969e+06 -0.164702 -0.341001 -0.503447 -0.621702 -0.6958
-8.3048e+06 -0.1648 -0.341258 -0.503872 -0.622279 -0.6965
-8.31992e+06 -0.164898 -0.341516 -0.504299 -0.622856 -0.6972
-8.33503e+06 -0.164996 -0.341773 -0.504724 -0.623434 -0.6979
-8.3501e+06 -0.165094 -0.342029 -0.50515 -0.624011 -0.6986
-8.36516e+06 -0.165191 -0.342286 -0.505576 -0.624587 -0.6993
-8.38019e+06 -0.165289 -0.342542 -0.506001 -0.625164 -0.7
