20834 -4.94777e-05 -1.97507e-05 5.23136e-17 2.56927e-19 -537797 -3931.16 1.05638e-08 2.61444e-09
41668 -4.92754e-05 -3.95015e-05 5.30581e-17 4.28377e-19 -535595 -7862.3 1.0699e-08 4.35908e-09
62501.9 -4.90731e-05 -5.92527e-05 4.98586e-17 6.15605e-19 -533392 -11793.4 1.00519e-08 6.26427e-09
83335.7 -4.88708e-05 -7.90041e-05 4.7451e-17 8.07591e-19 -531189 -15724.5 9.57556e-09 8.21789e-09
104169 -4.86686e-05 -9.87558e-05 4.45608e-17 9.98395e-19 -528987 -19655.6 9.00468e-09 1.01595e-08
125003 -4.84665e-05 -0.000118508 4.20083e-17 1.19363e-18 -526784 -23586.6 8.47319e-09 1.21461e-08
145836 -4.82644e-05 -0.00013826 3.91141e-17 1.38443e-18 -524581 -27517.6 7.89757e-09 1.40877e-08
166670 -4.80623e-05 -0.000158013 3.64852e-17 1.57848e-18 -522379 -31448.6 7.36497e-09 1.60623e-08
187503 -4.78603e-05 -0.000177766 3.3724e-17 1.76937e-18 -520176 -35379.6 6.81183e-09 1.80047e-08
208335 -4.76584e-05 -0.000197519 3.10878e-17 1.96456e-18 -517973 -39310.5 6.26439e-09 1.9991e-08
229168 -4.74564e-05 -0.000217275 2.82905e-17 2.15499e-18 -515771 -43241.3 5.70349e-09 2.19288e-08
250000 -4.72546e-05 -0.000237029 2.5689e-17 2.34875e-18 -513568 -47172.1 5.1714e-09 2.39004e-08
270832 -4.70528e-05 -0.000256784 2.26813e-17 2.54131e-18 -511366 -51102.7 4.59373e-09 2.58599e-08
291663 -4.68509e-05 -0.000276542 2.0124e-17 2.73592e-18 -509163 -55033.4 4.07919e-09 2.78401e-08
312494 -4.66493e-05 -0.000296297 1.73268e-17 2.92459e-18 -506961 -58963.9 3.50401e-09 2.976e-08
333325 -4.64478e-05 -0.000316053 1.46461e-17 3.11982e-18 -504758 -62894.6 2.97103e-09 3.17466e-08
354155 -4.62463e-05 -0.00033581 1.17455e-17 3.31141e-18 -502556 -66824.9 2.37259e-09 3.36962e-08
374980 -4.60449e-05 -0.000355567 9.33387e-18 3.50646e-18 -500354 -70754.8 1.89505e-09 3.56811e-08
395614 -4.58463e-05 -0.000375225 7.21715e-18 3.70133e-18 -498180 -74665.4 1.47236e-09 3.76639e-08
416138 -4.56489e-05 -0.000394809 4.65716e-18 3.82478e-18 -496019 -78561 9.59403e-10 3.89202e-08
436466 -4.54535e-05 -0.000414245 4.18419e-18 4.01627e-18 -493877 -82426.9 8.65725e-10 4.08688e-08
456667 -4.526e-05 -0.00043362 1.04964e-18 4.16976e-18 -491755 -86280.3 2.24702e-10 4.24307e-08
476713 -4.5068e-05 -0.000452922 -2.00836e-18 4.27216e-18 -489650 -90119.1 -3.83807e-10 4.34726e-08
496526 -4.48799e-05 -0.000472213 1.02514e-19 4.52718e-18 -487584 -93955.6 2.03499e-11 4.60676e-08
516199 -4.46925e-05 -0.000491461 -1.74668e-18 4.56401e-18 -485528 -97782.8 -3.46631e-10 4.64424e-08
535796 -4.45067e-05 -0.000510667 -4.36078e-18 4.78769e-18 -483486 -101602 -8.62315e-10 4.87186e-08
555081 -4.43243e-05 -0.000529658 -4.55551e-18 4.92989e-18 -481479 -105378 -8.98467e-10 5.01656e-08
574237 -4.41442e-05 -0.000548664 -8.02866e-18 4.9806e-18 -479495 -109157 -1.6081e-09 5.06816e-08
593132 -4.39672e-05 -0.000567611 -8.92819e-18 5.17695e-18 -477544 -112924 -1.78852e-09 5.26796e-08
611766 -4.37932e-05 -0.000586409 -8.99057e-18 5.23444e-18 -475624 -116660 -1.79068e-09 5.32646e-08
630262 -4.36206e-05 -0.000605113 -1.44843e-17 5.30631e-18 -473718 -120378 -2.91061e-09 5.39959e-08
648480 -4.34514e-05 -0.000623584 -1.42867e-17 5.48533e-18 -471848 -124050 -2.86286e-09 5.58176e-08
666298 -4.32869e-05 -0.000641827 -1.26745e-17 5.56106e-18 -470028 -127675 -2.52771e-09 5.65882e-08
683917 -4.31247e-05 -0.00066007 -1.54702e-17 5.49447e-18 -468231 -131301 -3.0991e-09 5.59106e-08
701490 -4.29629e-05 -0.000678315 -1.83262e-17 5.69356e-18 -466438 -134926 -3.6747e-09 5.79366e-08
718881 -4.28037e-05 -0.00069644 -1.97702e-17 5.86532e-18 -464672 -138528 -3.9679e-09 5.96843e-08
735966 -4.26483e-05 -0.000714535 -2.11762e-17 5.98009e-18 -462945 -142123 -4.2553e-09 6.08521e-08
752710 -4.22861e-05 -0.000734814 -2.33111e-17 6.00289e-18 -461261 -145626 -4.43674e-09 6.10842e-08
769241 -4.1897e-05 -0.000755475 -2.59762e-17 5.99802e-18 -459604 -149132 -4.94038e-09 6.10347e-08
785637 -4.15112e-05 -0.00077601 -2.85208e-17 6.08778e-18 -457961 -152615 -5.41991e-09 6.19481e-08
801857 -4.11281e-05 -0.000796435 -3.15702e-17 6.18159e-18 -456333 -156080 -6.01199e-09 6.29026e-08
817919 -4.07482e-05 -0.000816848 -3.28437e-17 6.36548e-18 -454734 -159543 -6.24686e-09 6.47738e-08
833663 -4.03735e-05 -0.000837094 -3.39015e-17 6.43911e-18 -453168 -162978 -6.45969e-09 6.55231e-08
849272 -4.00079e-05 -0.000856626 -3.35062e-17 6.38885e-18 -451612 -166290 -6.37078e-09 6.50116e-08
864702 -3.94565e-05 -0.000877571 -4.06293e-17 6.70433e-18 -450066 -169491 -7.30552e-09 6.82219e-08
880031 -3.88397e-05 -0.000899219 -4.33896e-17 6.81442e-18 -448535 -172690 -7.79346e-09 6.93422e-08
895140 -3.82306e-05 -0.000920679 -4.46912e-17 6.97729e-18 -447038 -175861 -8.01492e-09 7.09995e-08
909993 -3.76265e-05 -0.000942032 -4.55345e-17 6.94837e-18 -445565 -179016 -8.17749e-09 7.07052e-08
924672 -3.70174e-05 -0.000963703 -4.9084e-17 7.14411e-18 -444106 -182219 -8.83097e-09 7.2697e-08
939276 -3.64076e-05 -0.000985464 -4.86714e-17 6.97402e-18 -442657 -185435 -8.74138e-09 7.09662e-08
953803 -3.57993e-05 -0.00100721 -5.16993e-17 7.23389e-18 -441218 -188648 -9.27344e-09 7.36106e-08
968235 -3.51947e-05 -0.00102886 -5.42278e-17 7.24031e-18 -439791 -191847 -9.74524e-09 7.36759e-08
982473 -3.46222e-05 -0.00104908 -5.80205e-17 7.66972e-18 -438381 -194833 -1.0411e-08 7.80455e-08
996543 -3.40364e-05 -0.00106929 -5.6918e-17 7.39389e-18 -436982 -197792 -9.63519e-09 7.52388e-08
1.01049e+06 -3.32089e-05 -0.00109166 -5.98649e-17 7.60806e-18 -435593 -200748 -1.01131e-08 7.74181e-08
1.02435e+06 -3.23797e-05 -0.00111408 -6.37866e-17 7.79333e-18 -434214 -203710 -1.05094e-08 7.93034e-08
1.03813e+06 -3.12754e-05 -0.00113893 -6.38936e-17 7.69799e-18 -432839 -206618 -1.05415e-08 7.83332e-08
1.0519e+06 -3.01715e-05 -0.00116379 -6.55264e-17 7.84121e-18 -431466 -209526 -1.07902e-08 7.97906e-08
1.06559e+06 -2.90623e-05 -0.00118882 -7.0865e-17 8.30526e-18 -430102 -212455 -1.16886e-08 8.45126e-08
1.0792e+06 -2.79519e-05 -0.00121392 -6.67804e-17 8.0386e-18 -428748 -215391 -1.09969e-08 8.17992e-08
1.09277e+06 -2.68397e-05 -0.00123911 -7.15866e-17 8.39285e-18 -427402 -218338 -1.18098e-08 8.54039e-08
1.10626e+06 -2.57278e-05 -0.00126431 -7.18781e-17 8.4333e-18 -426065 -221286 -1.18457e-08 8.58156e-08
1.11965e+06 -2.46194e-05 -0.00128948 -7.44024e-17 8.5952e-18 -424741 -224231 -1.22823e-08 8.7463e-08
1.13291e+06 -2.35191e-05 -0.00131447 -7.41022e-17 8.67029e-18 -423428 -227153 -1.22022e-08 8.82272e-08
1.14608e+06 -2.24794e-05 -0.0013379 -7.40614e-17 8.60651e-18 -422120 -229891 -1.2184e-08 8.75781e-08
1.15918e+06 -2.13704e-05 -0.00136151 -7.8812e-17 8.84109e-18 -420818 -232550 -1.26424e-08 8.99652e-08
1.17209e+06 -1.98456e-05 -0.00138787 -9.39838e-17 9.68212e-18 -419528 -235104 -1.4099e-08 9.85233e-08
1.1849e+06 -1.82549e-05 -0.00141412 -8.51694e-17 8.96726e-18 -418246 -237555 -1.27943e-08 9.12491e-08
1.19756e+06 -1.66484e-05 -0.0014407 -9.51305e-17 9.65173e-18 -416977 -240036 -1.42563e-08 9.82141e-08
1.21008e+06 -1.50427e-05 -0.0014673 -8.93466e-17 9.18839e-18 -415720 -242520 -1.33905e-08 9.34992e-08
1.22256e+06 -1.34406e-05 -0.00149385 -9.20801e-17 9.35738e-18 -414465 -244998 -1.37925e-08 9.52188e-08
1.23496e+06 -1.18445e-05 -0.00152031 -9.34224e-17 9.38284e-18 -413217 -247468 -1.39871e-08 9.54779e-08
1.24729e+06 -1.02374e-05 -0.001547 -9.61417e-17 9.60948e-18 -411976 -249960 -1.44141e-08 9.77841e-08
1.25959e+06 -8.62064e-06 -0.00157388 -9.65792e-17 9.62091e-18 -410738 -252469 -1.44796e-08 9.79005e-08
1.27177e+06 -6.98753e-06 -0.00160109 -9.60336e-17 9.74064e-18 -409508 -255011 -1.43864e-08 9.91188e-08
1.28391e+06 -5.34987e-06 -0.0016284 -9.76553e-17 9.69784e-18 -408280 -257560 -1.46333e-08 9.86832e-08
1.29599e+06 -3.71643e-06 -0.00165565 -1.05095e-16 1.02098e-17 -407058 -260104 -1.57415e-08 1.03893e-07
1.30795e+06 -2.09361e-06 -0.00168274 -1.03548e-16 1.01883e-17 -405846 -262633 -1.55105e-08 1.03674e-07
1.31985e+06 -1.7083e-07 -0.00171185 -1.05842e-16 1.01896e-17 -404637 -265124 -1.53896e-08 1.03688e-07
1.33166e+06 1.62097e-06 -0.00173859 -1.11289e-16 1.06359e-17 -403433 -267389 -1.61772e-08 1.08229e-07
1.34342e+06 3.29747e-06 -0.00176347 -1.01651e-16 1.0183e-17 -402234 -269491 -1.47988e-08 1.0362e-07
1.35513e+06 4.98183e-06 -0.00178848 -1.05894e-16 1.05106e-17 -401038 -271605 -1.53973e-08 1.06954e-07
1.36677e+06 6.68521e-06 -0.00181383 -1.06946e-16 1.04803e-17 -399845 -273747 -1.55374e-08 1.06645e-07
1.37831e+06 8.63056e-06 -0.0018409 -1.23639e-16 1.119e-17 -398657 -275910 -1.66792e-08 1.13867e-07
1.38978e+06 1.07787e-05 -0.00186931 -1.18434e-16 1.07407e-17 -397472 -278072 -1.59685e-08 1.09295e-07
1.40123e+06 1.29237e-05 -0.00189768 -1.19419e-16 1.07856e-17 -396290 -280231 -1.60949e-08 1.09752e-07
1.41268e+06 1.50659e-05 -0.00192603 -1.22249e-16 1.0952e-17 -395109 -282387 -1.6481e-08 1.11446e-07
1.4241e+06 1.72111e-05 -0.00195443 -1.25909e-16 1.11806e-17 -393929 -284547 -1.69666e-08 1.13771e-07
1.43547e+06 1.93556e-05 -0.00198285 -1.31612e-16 1.15514e-17 -392759 -286708 -1.77433e-08 1.17544e-07
1.44677e+06 2.15097e-05 -0.00201142 -1.29652e-16 1.14102e-17 -391595 -288882 -1.74487e-08 1.16108e-07
1.45803e+06 2.36589e-05 -0.00203994 -1.3161e-16 1.14508e-17 -390434 -291051 -1.77215e-08 1.16521e-07
1.46925e+06 2.58213e-05 -0.00206867 -1.35555e-16 1.18727e-17 -389277 -293236 -1.82627e-08 1.20814e-07
1.48038e+06 2.79951e-05 -0.00209759 -1.40294e-16 1.20365e-17 -388127 -295436 -1.88629e-08 1.22481e-07
1.49145e+06 3.01667e-05 -0.00212649 -1.33537e-16 1.16124e-17 -386984 -297635 -1.79716e-08 1.18166e-07
1.50249e+06 3.23383e-05 -0.00215541 -1.35703e-16 1.17321e-17 -385842 -299834 -1.82581e-08 1.19383e-07
1.51348e+06 3.44868e-05 -0.00218341 -1.48398e-16 1.23942e-17 -384704 -301923 -1.9324e-08 1.26121e-07
1.52442e+06 3.68938e-05 -0.00221286 -1.47036e-16 1.22466e-17 -383568 -303980 -1.91858e-08 1.24619e-07
1.53533e+06 3.92966e-05 -0.00224226 -1.46935e-16 1.22493e-17 -382436 -306033 -1.91412e-08 1.24647e-07
1.54621e+06 4.16991e-05 -0.00227167 -1.46701e-16 1.22622e-17 -381308 -308087 -1.91212e-08 1.24778e-07
1.55698e+06 4.41354e-05 -0.00230154 -1.57799e-16 1.30946e-17 -380183 -310173 -2.05619e-08 1.33248e-07
1.56766e+06 4.65172e-05 -0.00233072 -1.53749e-16 1.26271e-17 -379066 -312210 -2.00253e-08 1.2849e-07
1.57829e+06 4.88161e-05 -0.00235883 -1.52231e-16 1.2667e-17 -377953 -314168 -1.98252e-08 1.28897e-07
1.58888e+06 5.10426e-05 -0.00238599 -1.50617e-16 1.26712e-17 -376842 -316057 -1.95987e-08 1.28939e-07
1.59947e+06 5.3269e-05 -0.00241317 -1.50518e-16 1.26869e-17 -375733 -317947 -1.9586e-08 1.29099e-07
1.61005e+06 5.54952e-05 -0.00244035 -1.52807e-16 1.28394e-17 -374624 -319837 -1.98897e-08 1.30651e-07
1.62061e+06 5.77072e-05 -0.00246736 -1.56643e-16 1.30812e-17 -373517 -321713 -2.03727e-08 1.33112e-07
1.63116e+06 5.98918e-05 -0.00249402 -1.53507e-16 1.29607e-17 -372410 -323564 -1.99543e-08 1.31886e-07
1.64164e+06 6.21113e-05 -0.00252115 -1.61662e-16 1.34189e-17 -371304 -325448 -2.10257e-08 1.36548e-07
1.65209e+06 6.43393e-05 -0.00254839 -1.63456e-16 1.35451e-17 -370200 -327340 -2.1254e-08 1.37832e-07
1.66252e+06 6.65745e-05 -0.00257575 -1.63682e-16 1.35207e-17 -369097 -329240 -2.1274e-08 1.37584e-07
1.67293e+06 6.89972e-05 -0.00260398 -1.7806e-16 1.36732e-17 -367994 -331122 -2.12749e-08 1.39136e-07
1.68332e+06 7.16044e-05 -0.00263309 -1.78294e-16 1.3753e-17 -366894 -332989 -2.12922e-08 1.39948e-07
1.69369e+06 7.42242e-05 -0.00266236 -1.8284e-16 1.40312e-17 -365795 -334868 -2.1837e-08 1.42779e-07
1.70404e+06 7.68418e-05 -0.00269163 -1.84995e-16 1.40766e-17 -364699 -336745 -2.20716e-08 1.43241e-07
1.71438e+06 7.9457e-05 -0.00272088 -1.85613e-16 1.41014e-17 -363606 -338620 -2.2148e-08 1.43493e-07
1.7247e+06 8.20711e-05 -0.00275012 -1.87872e-16 1.42337e-17 -362513 -340495 -2.24018e-08 1.44839e-07
1.73502e+06 8.46841e-05 -0.00277937 -1.9007e-16 1.43487e-17 -361422 -342370 -2.26701e-08 1.4601e-07
1.74532e+06 8.72444e-05 -0.00280799 -1.94753e-16 1.47717e-17 -360334 -344202 -2.32458e-08 1.50314e-07
1.75557e+06 8.97366e-05 -0.00283582 -1.89461e-16 1.47251e-17 -359249 -345980 -2.25809e-08 1.4984e-07
1.76578e+06 9.22543e-05 -0.00286397 -1.94437e-16 1.48706e-17 -358167 -347780 -2.31894e-08 1.5132e-07
1.77597e+06 9.47714e-05 -0.00289212 -1.95992e-16 1.49212e-17 -357088 -349580 -2.33404e-08 1.51835e-07
1.78613e+06 9.72868e-05 -0.00292027 -1.98382e-16 1.51197e-17 -356011 -351379 -2.36223e-08 1.53855e-07
1.79626e+06 9.97989e-05 -0.00294838 -1.96293e-16 1.50009e-17 -354935 -353175 -2.33686e-08 1.52646e-07
1.80634e+06 0.000102417 -0.00297718 -2.1035e-16 1.54566e-17 -353861 -354984 -2.41698e-08 1.57283e-07
1.81636e+06 0.000105292 -0.00300735 -2.13308e-16 1.55374e-17 -352789 -356793 -2.45054e-08 1.58105e-07
1.82637e+06 0.000108171 -0.00303758 -2.10529e-16 1.53358e-17 -351718 -358604 -2.41525e-08 1.56054e-07
1.83636e+06 0.000111045 -0.00306777 -2.15747e-16 1.56406e-17 -350651 -360413 -2.47555e-08 1.59155e-07
1.8463e+06 0.000113912 -0.00309789 -2.1738e-16 1.57022e-17 -349588 -362217 -2.49556e-08 1.59782e-07
1.85622e+06 0.000116767 -0.0031279 -2.15167e-16 1.56604e-17 -348526 -364014 -2.4671e-08 1.59357e-07
1.86609e+06 0.00011956 -0.00315722 -2.2471e-16 1.60861e-17 -347465 -365767 -2.57714e-08 1.63689e-07
1.87593e+06 0.000122318 -0.00318617 -2.23268e-16 1.60168e-17 -346407 -367495 -2.56032e-08 1.62984e-07
1.88573e+06 0.000125056 -0.0032149 -2.23886e-16 1.61323e-17 -345353 -369210 -2.5645e-08 1.64159e-07
1.89549e+06 0.000127787 -0.00324357 -2.26482e-16 1.62592e-17 -344302 -370921 -2.59424e-08 1.65451e-07
1.90524e+06 0.000130514 -0.0032722 -2.26094e-16 1.62238e-17 -343253 -372629 -2.59142e-08 1.6509e-07
1.91497e+06 0.000133239 -0.00330083 -2.26794e-16 1.63065e-17 -342205 -374337 -2.59688e-08 1.65932e-07
1.92469e+06 0.000135917 -0.00332895 -2.26841e-16 1.6653e-17 -341158 -376011 -2.59779e-08 1.69457e-07
1.93439e+06 0.000138522 -0.00335625 -2.25923e-16 1.66751e-17 -340115 -377635 -2.58569e-08 1.69683e-07
1.94405e+06 0.000141132 -0.00338362 -2.286e-16 1.70353e-17 -339073 -379262 -2.61616e-08 1.73348e-07
1.95369e+06 0.000143732 -0.0034109 -2.26124e-16 1.67313e-17 -338033 -380882 -2.58506e-08 1.70255e-07
1.96331e+06 0.000146332 -0.00343818 -2.30168e-16 1.69728e-17 -336993 -382503 -2.63208e-08 1.72712e-07
1.97293e+06 0.00014893 -0.00346545 -2.30178e-16 1.70616e-17 -335955 -384123 -2.6298e-08 1.73615e-07
1.98254e+06 0.000151527 -0.00349272 -2.34528e-16 1.72437e-17 -334918 -385741 -2.67883e-08 1.75469e-07
1.99212e+06 0.000154118 -0.00351993 -2.36306e-16 1.74118e-17 -333882 -387356 -2.69883e-08 1.77179e-07
2.00167e+06 0.000156698 -0.00354704 -2.38611e-16 1.74418e-17 -332850 -388964 -2.72539e-08 1.77484e-07
2.0112e+06 0.000159277 -0.00357415 -2.38077e-16 1.74974e-17 -331820 -390572 -2.71793e-08 1.7805e-07
2.02067e+06 0.000161893 -0.00360169 -2.41026e-16 1.77205e-17 -330793 -392207 -2.75213e-08 1.8032e-07
2.03013e+06 0.00016451 -0.00362926 -2.41154e-16 1.75752e-17 -329767 -393842 -2.7545e-08 1.78842e-07
2.03958e+06 0.000167127 -0.00365684 -2.42207e-16 1.77433e-17 -328743 -395478 -2.76304e-08 1.80553e-07
2.04902e+06 0.000169743 -0.00368441 -2.4713e-16 1.79176e-17 -327720 -397113 -2.81871e-08 1.82326e-07
2.05845e+06 0.000172354 -0.00371195 -2.48804e-16 1.80038e-17 -326698 -398745 -2.83781e-08 1.83203e-07
2.06787e+06 0.000174964 -0.00373948 -2.49552e-16 1.81497e-17 -325678 -400377 -2.84581e-08 1.84688e-07
2.07727e+06 0.000177573 -0.00376701 -2.53578e-16 1.8369e-17 -324660 -402008 -2.89056e-08 1.86919e-07
2.08665e+06 0.000180149 -0.00379418 -2.52595e-16 1.84156e-17 -323643 -403616 -2.88073e-08 1.87393e-07
2.09601e+06 0.000182661 -0.00382066 -2.49438e-16 1.84296e-17 -322629 -405180 -2.84017e-08 1.87536e-07
2.10536e+06 0.000185174 -0.00384715 -2.53742e-16 1.85978e-17 -321615 -406745 -2.88946e-08 1.89247e-07
2.11469e+06 0.000187686 -0.00387364 -2.54877e-16 1.86846e-17 -320603 -408309 -2.90293e-08 1.90131e-07
2.124e+06 0.000190198 -0.00390013 -2.57532e-16 1.88722e-17 -319593 -409873 -2.9293e-08 1.9204e-07
2.1333e+06 0.000192708 -0.00392663 -2.58284e-16 1.8857e-17 -318586 -411437 -2.94112e-08 1.91885e-07
2.14258e+06 0.000195185 -0.00395276 -2.63391e-16 1.91838e-17 -317580 -412977 -2.99442e-08 1.9521e-07
2.15184e+06 0.000197652 -0.0039788 -2.60173e-16 1.89413e-17 -316575 -414511 -2.95822e-08 1.92743e-07
2.16107e+06 0.000200122 -0.00400486 -2.63459e-16 1.91789e-17 -315571 -416047 -2.99351e-08 1.95161e-07
2.17029e+06 0.000202596 -0.004031 -2.6857e-16 1.93914e-17 -314569 -417586 -3.05245e-08 1.97323e-07
2.17946e+06 0.000205073 -0.00405718 -2.68767e-16 1.94686e-17 -313569 -419128 -3.05408e-08 1.98109e-07
2.18859e+06 0.000207686 -0.00408394 -2.87108e-16 1.90963e-17 -312570 -420671 -2.9584e-08 1.9432e-07
2.1977e+06 0.000210449 -0.00411123 -2.95842e-16 1.95158e-17 -311573 -422206 -3.04335e-08 1.98589e-07
2.2068e+06 0.000213213 -0.00413854 -2.99882e-16 1.97383e-17 -310576 -423740 -3.08883e-08 2.00852e-07
2.21587e+06 0.000215988 -0.00416598 -3.01715e-16 2.00906e-17 -309582 -425283 -3.10483e-08 2.04437e-07
2.22491e+06 0.00021876 -0.0041934 -3.01499e-16 1.99521e-17 -308591 -426824 -3.1021e-08 2.03029e-07
2.23394e+06 0.00022153 -0.00422081 -3.01473e-16 1.99709e-17 -307602 -428364 -3.10138e-08 2.03219e-07
2.24294e+06 0.000224254 -0.00424775 -3.11475e-16 2.04021e-17 -306614 -429876 -3.20379e-08 2.07608e-07
2.25193e+06 0.000226977 -0.00427468 -3.09525e-16 2.02069e-17 -305627 -431387 -3.18396e-08 2.05621e-07
2.2609e+06 0.000229689 -0.00430153 -3.12721e-16 2.04384e-17 -304641 -432892 -3.21288e-08 2.07977e-07
2.26985e+06 0.000232402 -0.00432838 -3.13527e-16 2.04296e-17 -303658 -434397 -3.22161e-08 2.07888e-07
2.27879e+06 0.000235111 -0.00435521 -3.14811e-16 2.05129e-17 -302677 -435901 -3.23216e-08 2.08735e-07
2.28771e+06 0.000237807 -0.00438192 -3.19862e-16 2.08605e-17 -301696 -437396 -3.28364e-08 2.12272e-07
2.29661e+06 0.000240499 -0.0044086 -3.17182e-16 2.07115e-17 -300717 -438890 -3.25454e-08 2.10756e-07
2.3055e+06 0.00024328 -0.00443559 -3.34939e-16 2.11164e-17 -299740 -440378 -3.2951e-08 2.14876e-07
2.31436e+06 0.000246208 -0.00446311 -3.32839e-16 2.10606e-17 -298766 -441856 -3.27291e-08 2.14308e-07
2.32321e+06 0.000249134 -0.00449061 -3.36229e-16 2.12169e-17 -297793 -443334 -3.30838e-08 2.15899e-07
2.33205e+06 0.000252057 -0.00451811 -3.36937e-16 2.1293e-17 -296822 -444811 -3.31238e-08 2.16673e-07
2.34088e+06 0.00025498 -0.0045456 -3.38308e-16 2.13533e-17 -295853 -446287 -3.32275e-08 2.17287e-07
2.3497e+06 0.000257902 -0.00457311 -3.39894e-16 2.14508e-17 -294885 -447764 -3.33584e-08 2.18279e-07
2.3585e+06 0.000260827 -0.00460066 -3.44317e-16 2.16543e-17 -293918 -449243 -3.38168e-08 2.2035e-07
2.36728e+06 0.00026375 -0.00462819 -3.57635e-16 2.17124e-17 -292952 -450720 -3.36604e-08 2.20941e-07
2.37605e+06 0.000266672 -0.0046557 -3.45781e-16 2.17529e-17 -291988 -452194 -3.39369e-08 2.21354e-07
2.38481e+06 0.000269587 -0.00468318 -3.48278e-16 2.18576e-17 -291026 -453668 -3.41333e-08 2.22419e-07
2.39354e+06 0.000272504 -0.0047107 -3.49651e-16 2.20686e-17 -290066 -455144 -3.42607e-08 2.24566e-07
2.40226e+06 0.000275433 -0.00473836 -3.5072e-16 2.20485e-17 -289108 -456627 -3.43789e-08 2.24362e-07
2.41097e+06 0.000278361 -0.00476602 -3.53633e-16 2.21438e-17 -288150 -458109 -3.46372e-08 2.2533e-07
2.41966e+06 0.000281285 -0.00479365 -3.57123e-16 2.23262e-17 -287195 -459590 -3.49883e-08 2.27186e-07
2.42835e+06 0.000284206 -0.00482126 -3.58019e-16 2.23494e-17 -286240 -461069 -3.50574e-08 2.27423e-07
2.43702e+06 0.000287125 -0.00484887 -3.59503e-16 2.24421e-17 -285287 -462547 -3.51847e-08 2.28366e-07
2.44568e+06 0.000290041 -0.00487647 -3.62721e-16 2.26105e-17 -284336 -464024 -3.54903e-08 2.3008e-07
2.45433e+06 0.000292956 -0.00490406 -3.62464e-16 2.26214e-17 -283386 -465501 -3.54521e-08 2.30191e-07
2.46296e+06 0.00029587 -0.00493165 -3.65675e-16 2.2826e-17 -282438 -466977 -3.57704e-08 2.32273e-07
2.47159e+06 0.000298782 -0.00495925 -3.64618e-16 2.27773e-17 -281491 -468453 -3.56195e-08 2.31777e-07
2.48019e+06 0.00030169 -0.00498681 -3.70096e-16 2.30862e-17 -280546 -469927 -3.61779e-08 2.3492e-07
2.48878e+06 0.000304591 -0.00501432 -3.66068e-16 2.29732e-17 -279602 -471397 -3.57559e-08 2.33771e-07
2.49733e+06 0.000307455 -0.00504146 -3.71516e-16 2.32092e-17 -278661 -472845 -3.62234e-08 2.36172e-07
2.50588e+06 0.000310306 -0.00506849 -3.7128e-16 2.31106e-17 -277721 -474288 -3.62106e-08 2.35169e-07
2.51441e+06 0.000313157 -0.00509553 -3.75188e-16 2.32967e-17 -276782 -475730 -3.66017e-08 2.37062e-07
2.52292e+06 0.000315955 -0.00512205 -3.59843e-16 2.33374e-17 -275846 -477142 -3.51083e-08 2.37477e-07
2.5314e+06 0.000318728 -0.00514833 -3.62767e-16 2.34016e-17 -274911 -478540 -3.53557e-08 2.3813e-07
2.53987e+06 0.000321501 -0.00517461 -3.65239e-16 2.35487e-17 -273977 -479939 -3.55703e-08 2.39626e-07
2.54833e+06 0.000324272 -0.0052009 -3.67287e-16 2.36416e-17 -273045 -481336 -3.57468e-08 2.40572e-07
2.55678e+06 0.000327047 -0.00522718 -3.69221e-16 2.37658e-17 -272114 -482733 -3.59523e-08 2.41836e-07
2.56521e+06 0.000329815 -0.00525346 -3.71428e-16 2.39114e-17 -271185 -484130 -3.61524e-08 2.43317e-07
2.57363e+06 0.000332581 -0.00527974 -3.7055e-16 2.38887e-17 -270258 -485526 -3.60415e-08 2.43086e-07
2.58204e+06 0.000335346 -0.00530601 -3.75522e-16 2.40584e-17 -269332 -486921 -3.6518e-08 2.44813e-07
2.59044e+06 0.00033811 -0.00533229 -3.75946e-16 2.42235e-17 -268407 -488317 -3.65544e-08 2.46493e-07
2.59881e+06 0.000340882 -0.00535867 -3.79198e-16 2.44769e-17 -267486 -489717 -3.68236e-08 2.49072e-07
2.60717e+06 0.000343661 -0.00538512 -3.78231e-16 2.43015e-17 -266566 -491122 -3.67218e-08 2.47287e-07
2.61551e+06 0.000346443 -0.00541163 -3.79657e-16 2.44084e-17 -265648 -492530 -3.68673e-08 2.48375e-07
2.62384e+06 0.000349224 -0.00543814 -3.79629e-16 2.4506e-17 -264732 -493936 -3.68163e-08 2.49369e-07
2.63214e+06 0.00035199 -0.00546452 -3.86185e-16 2.46853e-17 -263819 -495335 -3.74512e-08 2.51192e-07
2.64043e+06 0.000354746 -0.0054908 -3.80929e-16 2.4597e-17 -262908 -496729 -3.69801e-08 2.50294e-07
2.6487e+06 0.000357493 -0.00551701 -3.8296e-16 2.47161e-17 -261998 -498118 -3.71328e-08 2.51506e-07
2.65695e+06 0.00036022 -0.00554303 -3.83082e-16 2.49347e-17 -261089 -499495 -3.71365e-08 2.5373e-07
2.66518e+06 0.000362904 -0.00556861 -3.78762e-16 2.48861e-17 -260183 -500848 -3.66999e-08 2.53236e-07
2.6734e+06 0.000365589 -0.00559423 -3.81222e-16 2.49737e-17 -259278 -502202 -3.68927e-08 2.54128e-07
2.6816e+06 0.000368272 -0.00561984 -3.77386e-16 2.48187e-17 -258375 -503556 -3.65071e-08 2.5255e-07
2.68978e+06 0.000370951 -0.00564542 -3.80671e-16 2.47789e-17 -257473 -504907 -3.68254e-08 2.52145e-07
2.69793e+06 0.000373619 -0.0056709 -3.80231e-16 2.48441e-17 -256572 -506252 -3.67581e-08 2.52809e-07
2.70606e+06 0.00037629 -0.00569642 -3.83492e-16 2.48948e-17 -255674 -507599 -3.70819e-08 2.53325e-07
2.71417e+06 0.000378969 -0.00572205 -3.94654e-16 2.53399e-17 -254777 -508952 -3.8126e-08 2.57854e-07
2.72226e+06 0.000381649 -0.0057477 -3.96554e-16 2.54935e-17 -253882 -510305 -3.83152e-08 2.59417e-07
2.73034e+06 0.000384326 -0.00577333 -3.98818e-16 2.55951e-17 -252989 -511657 -3.85007e-08 2.60451e-07
2.7384e+06 0.000387 -0.00579894 -3.96525e-16 2.55315e-17 -252098 -513008 -3.82388e-08 2.59804e-07
2.74645e+06 0.000389651 -0.00582434 -4.04553e-16 2.58511e-17 -251209 -514346 -3.90046e-08 2.63056e-07
2.75448e+06 0.000392281 -0.00584953 -4.00773e-16 2.57139e-17 -250321 -515672 -3.86572e-08 2.6166e-07
2.7625e+06 0.00039491 -0.00587472 -4.04002e-16 2.58553e-17 -249435 -516998 -3.89336e-08 2.63099e-07
2.7705e+06 0.000397535 -0.00589989 -4.04506e-16 2.59307e-17 -248551 -518323 -3.89809e-08 2.63866e-07
2.77848e+06 0.000400149 -0.00592496 -4.06224e-16 2.60214e-17 -247669 -519641 -3.91265e-08 2.64789e-07
2.78644e+06 0.000402752 -0.00594993 -4.0751e-16 2.60675e-17 -246788 -520953 -3.92411e-08 2.65257e-07
2.7944e+06 0.000405354 -0.0059749 -4.08078e-16 2.62749e-17 -245909 -522264 -3.92483e-08 2.67368e-07
2.80233e+06 0.000407954 -0.00599987 -4.08725e-16 2.63509e-17 -245031 -523576 -3.93393e-08 2.68142e-07
2.81026e+06 0.000410554 -0.00602484 -4.12381e-16 2.63599e-17 -244155 -524887 -3.96612e-08 2.68234e-07
2.81817e+06 0.000413149 -0.00604979 -4.12174e-16 2.66358e-17 -243281 -526196 -3.95939e-08 2.7104e-07
2.82606e+06 0.000415739 -0.00607469 -4.1256e-16 2.66346e-17 -242408 -527502 -3.96303e-08 2.71028e-07
2.83394e+06 0.000418327 -0.00609959 -4.09109e-16 2.63934e-17 -241537 -528808 -3.93084e-08 2.68574e-07
2.8418e+06 0.00042092 -0.00612456 -4.09814e-16 2.64518e-17 -240668 -530117 -3.93156e-08 2.69168e-07
2.84963e+06 0.000423518 -0.00614959 -4.19322e-16 2.69261e-17 -239800 -531430 -4.02397e-08 2.73994e-07
2.85745e+06 0.000426115 -0.00617462 -4.20051e-16 2.68552e-17 -238935 -532741 -4.02797e-08 2.73273e-07
2.86526e+06 0.000428709 -0.00619964 -4.21451e-16 2.70402e-17 -238071 -534052 -4.03907e-08 2.75155e-07
2.87305e+06 0.000431301 -0.00622465 -4.2168e-16 2.70672e-17 -237209 -535362 -4.0438e-08 2.75431e-07
2.88082e+06 0.00043389 -0.00624965 -4.24421e-16 2.71192e-17 -236348 -536671 -4.0649e-08 2.7596e-07
2.88858e+06 0.000436478 -0.00627465 -4.2404e-16 2.71469e-17 -235490 -537979 -4.05962e-08 2.76241e-07
2.89633e+06 0.000439063 -0.00629964 -4.2347e-16 2.72624e-17 -234632 -539286 -4.05344e-08 2.77417e-07
2.90407e+06 0.000441647 -0.00632463 -4.27607e-16 2.73442e-17 -233777 -540593 -4.09345e-08 2.78249e-07
2.91179e+06 0.000444227 -0.00634958 -4.25658e-16 2.74356e-17 -232923 -541897 -4.07381e-08 2.79179e-07
2.91949e+06 0.000446807 -0.00637456 -4.29671e-16 2.75095e-17 -232071 -543203 -4.10873e-08 2.79931e-07
2.92718e+06 0.000449385 -0.00639954 -4.27507e-16 2.76192e-17 -231222 -544508 -4.08691e-08 2.81047e-07
2.93485e+06 0.000451962 -0.00642452 -4.29689e-16 2.75e-17 -230375 -545812 -4.1051e-08 2.79834e-07
2.94251e+06 0.000454538 -0.0064495 -4.29897e-16 2.77895e-17 -229530 -547117 -4.10764e-08 2.8278e-07
2.95014e+06 0.000457112 -0.00647447 -4.33002e-16 2.79001e-17 -228687 -548420 -4.13565e-08 2.83905e-07
2.95776e+06 0.000459683 -0.00649944 -4.29332e-16 2.78642e-17 -227846 -549723 -4.09418e-08 2.83541e-07
2.96536e+06 0.000462251 -0.00652439 -4.34234e-16 2.80386e-17 -227008 -551024 -4.14075e-08 2.85315e-07
2.97295e+06 0.000464818 -0.00654935 -4.27366e-16 2.78579e-17 -226171 -552325 -4.07235e-08 2.83477e-07
2.98051e+06 0.000467375 -0.00657421 -4.39546e-16 2.83901e-17 -225336 -553621 -4.18768e-08 2.88892e-07
2.98805e+06 0.000469914 -0.0065989 -4.28581e-16 2.77187e-17 -224504 -554907 -4.07963e-08 2.8206e-07
2.99557e+06 0.00047245 -0.00662358 -4.33784e-16 2.77925e-17 -223674 -556191 -4.12547e-08 2.82811e-07
3.00306e+06 0.000474983 -0.00664824 -4.38715e-16 2.81578e-17 -222845 -557474 -4.17167e-08 2.86528e-07
3.01054e+06 0.000477513 -0.00667289 -4.42936e-16 2.8161e-17 -222018 -558757 -4.21278e-08 2.86561e-07
3.018e+06 0.000480042 -0.00669754 -4.40815e-16 2.82472e-17 -221193 -560038 -4.19095e-08 2.87438e-07
3.02545e+06 0.000482568 -0.00672218 -4.43688e-16 2.82842e-17 -220370 -561318 -4.21533e-08 2.87815e-07
3.03289e+06 0.000485093 -0.00674681 -4.40961e-16 2.83687e-17 -219548 -562598 -4.18513e-08 2.88674e-07
3.04031e+06 0.000487615 -0.00677144 -4.44992e-16 2.84226e-17 -218728 -563877 -4.22442e-08 2.89222e-07
3.04771e+06 0.000490136 -0.00679606 -4.418e-16 2.84964e-17 -217910 -565155 -4.19241e-08 2.89974e-07
3.0551e+06 0.000492654 -0.00682068 -4.45056e-16 2.85394e-17 -217094 -566432 -4.22369e-08 2.90411e-07
3.06248e+06 0.00049517 -0.00684529 -4.42879e-16 2.85746e-17 -216280 -567709 -4.19823e-08 2.90769e-07
3.06984e+06 0.000497683 -0.00686988 -4.48019e-16 2.86638e-17 -215469 -568984 -4.24698e-08 2.91677e-07
3.07718e+06 0.000500194 -0.00689447 -4.426e-16 2.86789e-17 -214659 -570259 -4.19313e-08 2.91831e-07
3.0845e+06 0.000502704 -0.00691907 -4.50461e-16 2.88723e-17 -213852 -571533 -4.26116e-08 2.93799e-07
3.0918e+06 0.00050521 -0.00694364 -4.46964e-16 2.89149e-17 -213047 -572806 -4.23097e-08 2.94233e-07
3.09907e+06 0.000507709 -0.00696815 -4.47517e-16 2.86871e-17 -212244 -574074 -4.23352e-08 2.91915e-07
3.10634e+06 0.000510205 -0.00699264 -4.46961e-16 2.88225e-17 -211444 -575342 -4.2266e-08 2.93292e-07
3.11357e+06 0.0005127 -0.00701714 -4.46859e-16 2.90943e-17 -210645 -576609 -4.22297e-08 2.96058e-07
3.1208e+06 0.000515192 -0.00704163 -4.49653e-16 2.89715e-17 -209848 -577875 -4.24625e-08 2.94808e-07
3.128e+06 0.000517683 -0.00706612 -4.50656e-16 2.90629e-17 -209054 -579141 -4.25789e-08 2.95738e-07
3.1352e+06 0.000520172 -0.00709062 -4.51863e-16 2.91437e-17 -208261 -580406 -4.26517e-08 2.9656e-07
3.14237e+06 0.00052266 -0.0071151 -4.53755e-16 2.91859e-17 -207471 -581671 -4.28081e-08 2.9699e-07
3.14953e+06 0.000525145 -0.00713958 -4.54642e-16 2.92754e-17 -206682 -582934 -4.28445e-08 2.979e-07
3.15668e+06 0.000527628 -0.00716406 -4.52372e-16 2.92636e-17 -205896 -584197 -4.25825e-08 2.9778e-07
3.16381e+06 0.000530109 -0.00718854 -4.56164e-16 2.93799e-17 -205112 -585460 -4.299e-08 2.98964e-07
3.17092e+06 0.000532591 -0.00721303 -4.53988e-16 2.93102e-17 -204329 -586722 -4.27281e-08 2.98255e-07
3.17801e+06 0.000535064 -0.00723744 -4.55325e-16 2.94869e-17 -203549 -587980 -4.28226e-08 3.00052e-07
3.18509e+06 0.000537533 -0.00726183 -4.55759e-16 2.9372e-17 -202771 -589236 -4.28518e-08 2.98883e-07
3.19216e+06 0.000539999 -0.00728621 -4.56654e-16 2.94777e-17 -201994 -590491 -4.29172e-08 2.9996e-07
3.1992e+06 0.000542461 -0.00731056 -4.5661e-16 2.95078e-17 -201220 -591744 -4.28772e-08 3.00266e-07
3.20623e+06 0.000544922 -0.00733491 -4.58004e-16 2.95467e-17 -200448 -592996 -4.30045e-08 3.00662e-07
3.21325e+06 0.00054738 -0.00735925 -4.59181e-16 2.95359e-17 -199678 -594247 -4.31028e-08 3.00551e-07
3.22025e+06 0.000549835 -0.00738358 -4.6032e-16 2.9619e-17 -198910 -595497 -4.31537e-08 3.01397e-07
3.22723e+06 0.000552289 -0.00740791 -4.59112e-16 2.96723e-17 -198144 -596746 -4.30409e-08 3.01939e-07
3.2342e+06 0.00055474 -0.00743223 -4.61449e-16 2.9702e-17 -197380 -597994 -4.32265e-08 3.02242e-07
3.24115e+06 0.000557189 -0.00745654 -4.62207e-16 2.97506e-17 -196618 -599241 -4.33029e-08 3.02736e-07
3.24808e+06 0.000559636 -0.00748085 -4.64338e-16 2.95945e-17 -195859 -600488 -4.34884e-08 3.01148e-07
3.25499e+06 0.000562085 -0.00750518 -4.64475e-16 3.00362e-17 -195101 -601735 -4.34629e-08 3.05642e-07
3.26188e+06 0.000564533 -0.00752954 -4.63556e-16 2.97032e-17 -194346 -602982 -4.33574e-08 3.02254e-07
3.26876e+06 0.00056698 -0.00755389 -4.63358e-16 2.96681e-17 -193594 -604229 -4.33065e-08 3.01896e-07
3.27562e+06 0.000569425 -0.00757824 -4.6081e-16 2.95172e-17 -192843 -605475 -4.30737e-08 3.00361e-07
3.28245e+06 0.000571867 -0.00760257 -4.60147e-16 2.95127e-17 -192095 -606720 -4.29682e-08 3.00315e-07
3.28927e+06 0.000574306 -0.0076269 -4.61224e-16 2.94327e-17 -191350 -607963 -4.30773e-08 2.99502e-07
3.29607e+06 0.000576744 -0.00765122 -4.57261e-16 2.92627e-17 -190607 -609206 -4.2648e-08 2.97771e-07
3.30285e+06 0.000579177 -0.00767551 -4.58285e-16 2.93069e-17 -189866 -610446 -4.27135e-08 2.98221e-07
3.30962e+06 0.000581607 -0.00769978 -4.57488e-16 2.925e-17 -189128 -611685 -4.26517e-08 2.97642e-07
3.31636e+06 0.000584034 -0.00772404 -4.55543e-16 2.92134e-17 -188392 -612922 -4.24225e-08 2.97269e-07
3.32308e+06 0.000586458 -0.00774829 -4.57398e-16 2.91753e-17 -187658 -614158 -4.25789e-08 2.96882e-07
3.32978e+06 0.000588881 -0.00777254 -4.55692e-16 2.91362e-17 -186927 -615393 -4.2397e-08 2.96485e-07
3.33647e+06 0.000591302 -0.00779679 -4.53182e-16 2.90405e-17 -186199 -616627 -4.21533e-08 2.9551e-07
3.34313e+06 0.00059372 -0.00782102 -4.56636e-16 2.90898e-17 -185473 -617860 -4.24698e-08 2.96012e-07
3.34976e+06 0.000596136 -0.00784524 -4.47786e-16 2.85565e-17 -184750 -619091 -4.16039e-08 2.90585e-07
3.35638e+06 0.00059855 -0.00786945 -4.54547e-16 2.91686e-17 -184029 -620321 -4.22224e-08 2.96814e-07
3.36297e+06 0.000600963 -0.00789368 -4.49299e-16 2.86921e-17 -183311 -621551 -4.16585e-08 2.91965e-07
3.36953e+06 0.000603372 -0.00791788 -4.75049e-16 3.02965e-17 -182595 -622779 -4.40305e-08 3.08291e-07
3.37608e+06 0.000605781 -0.00794209 -4.72958e-16 3.04266e-17 -181882 -624006 -4.38449e-08 3.09615e-07
3.3826e+06 0.000608188 -0.0079663 -4.73971e-16 3.03839e-17 -181171 -625233 -4.39359e-08 3.0918e-07
3.3891e+06 0.000610594 -0.00799051 -4.73892e-16 3.04291e-17 -180464 -626458 -4.3874e-08 3.09641e-07
3.39558e+06 0.000612997 -0.0080147 -4.76769e-16 3.04545e-17 -179759 -627682 -4.4125e-08 3.09898e-07
3.40204e+06 0.000615397 -0.0080389 -4.75728e-16 3.03663e-17 -179057 -628905 -4.39504e-08 3.09002e-07
3.40847e+06 0.000617805 -0.00806309 -4.96187e-16 3.04661e-17 -178358 -630125 -4.37649e-08 3.10017e-07
3.41486e+06 0.000620304 -0.00808746 -4.96853e-16 3.04859e-17 -177663 -631341 -4.38013e-08 3.10218e-07
3.42123e+06 0.000622798 -0.0081118 -4.93938e-16 3.03297e-17 -176971 -632555 -4.35284e-08 3.08628e-07
3.42758e+06 0.000625288 -0.00813611 -4.94442e-16 3.0244e-17 -176282 -633766 -4.35321e-08 3.07757e-07
3.43389e+06 0.000627775 -0.00816041 -4.94708e-16 3.02345e-17 -175597 -634975 -4.35721e-08 3.0766e-07
3.44019e+06 0.00063026 -0.0081847 -4.94294e-16 3.03605e-17 -174915 -636183 -4.34557e-08 3.08943e-07
3.44644e+06 0.000632737 -0.00820892 -4.94134e-16 3.04217e-17 -174237 -637386 -4.34338e-08 3.09565e-07
3.45267e+06 0.000635212 -0.00823315 -4.91263e-16 3.02609e-17 -173563 -638589 -4.31428e-08 3.07928e-07
3.45888e+06 0.000637683 -0.00825734 -4.90653e-16 3.02528e-17 -172892 -639788 -4.30955e-08 3.07846e-07
3.46504e+06 0.000640304 -0.00828178 -5.48495e-16 3.05255e-17 -172225 -640981 -4.23497e-08 3.10622e-07
3.47119e+06 0.000642923 -0.00830619 -5.41438e-16 3.02255e-17 -171562 -642171 -4.17713e-08 3.07569e-07
3.4773e+06 0.000645541 -0.00833061 -5.4084e-16 3.01936e-17 -170903 -643360 -4.16949e-08 3.07244e-07
3.48338e+06 0.000648159 -0.00835504 -5.40212e-16 3.02083e-17 -170247 -644548 -4.16258e-08 3.07394e-07
3.48943e+06 0.000650774 -0.00837945 -5.39173e-16 3.01891e-17 -169595 -645733 -4.14693e-08 3.07198e-07
3.49546e+06 0.000653389 -0.00840388 -5.36183e-16 3.00881e-17 -168947 -646919 -4.1251e-08 3.06171e-07
3.50146e+06 0.000656002 -0.0084283 -5.35208e-16 3.01033e-17 -168302 -648102 -4.11346e-08 3.06325e-07
3.50742e+06 0.000658609 -0.00845266 -5.37066e-16 3.00942e-17 -167661 -649281 -4.12401e-08 3.06232e-07
3.51336e+06 0.000661195 -0.00847682 -5.36439e-16 2.97074e-17 -167024 -650448 -4.11455e-08 3.02296e-07
3.51926e+06 0.000663779 -0.00850099 -5.32212e-16 2.94682e-17 -166390 -651613 -4.08254e-08 2.99862e-07
3.52513e+06 0.000666363 -0.00852515 -5.27994e-16 2.9153e-17 -165761 -652776 -4.04543e-08 2.96656e-07
3.53097e+06 0.000668946 -0.00854932 -5.25237e-16 2.90034e-17 -165135 -653938 -4.02142e-08 2.95133e-07
3.53679e+06 0.000671529 -0.00857349 -5.21412e-16 2.88593e-17 -164513 -655098 -3.98832e-08 2.93666e-07
3.54256e+06 0.000674103 -0.00859758 -5.17805e-16 2.86551e-17 -163894 -656252 -3.95812e-08 2.91588e-07
3.54831e+06 0.000676677 -0.00862168 -5.14033e-16 2.8471e-17 -163280 -657404 -3.92538e-08 2.89715e-07
3.55402e+06 0.00067925 -0.00864577 -5.11746e-16 2.84202e-17 -162670 -658554 -3.90355e-08 2.89198e-07
3.55971e+06 0.000681823 -0.00866987 -5.0519e-16 2.80322e-17 -162064 -659703 -3.85735e-08 2.8525e-07
3.56536e+06 0.000684396 -0.00869398 -5.03738e-16 2.7977e-17 -161461 -660848 -3.83661e-08 2.84688e-07
3.57098e+06 0.000686969 -0.00871809 -5.02822e-16 2.79028e-17 -160863 -661992 -3.82424e-08 2.83934e-07
3.57657e+06 0.000689539 -0.00874217 -5.08966e-16 2.79894e-17 -160268 -663132 -3.86972e-08 2.84814e-07
3.58213e+06 0.00069211 -0.00876626 -5.32604e-16 2.94847e-17 -159677 -664269 -4.04398e-08 3.0003e-07
3.58765e+06 0.000694684 -0.00879037 -5.29959e-16 2.93935e-17 -159089 -665405 -4.02251e-08 2.99102e-07
3.59315e+06 0.00069726 -0.00881452 -5.19642e-16 2.88843e-17 -158506 -666539 -3.94102e-08 2.93921e-07
3.59861e+06 0.000699838 -0.00883867 -5.24274e-16 2.89363e-17 -157926 -667671 -3.97231e-08 2.9445e-07
3.60404e+06 0.000702421 -0.00886287 -5.14272e-16 2.84075e-17 -157349 -668802 -3.89446e-08 2.89069e-07
3.60944e+06 0.000705005 -0.00888708 -5.2674e-16 2.9019e-17 -156777 -669930 -3.98177e-08 2.95292e-07
3.61481e+06 0.000707593 -0.00891133 -5.25572e-16 2.89935e-17 -156208 -671056 -3.96903e-08 2.95032e-07
3.62014e+06 0.000710187 -0.00893562 -5.24838e-16 2.89628e-17 -155643 -672181 -3.95921e-08 2.9472e-07
3.62545e+06 0.000712786 -0.00895995 -5.24655e-16 2.88999e-17 -155082 -673305 -3.95194e-08 2.9408e-07
3.63072e+06 0.000715391 -0.00898434 -5.21705e-16 2.87476e-17 -154524 -674426 -3.92902e-08 2.9253e-07
3.63597e+06 0.000717998 -0.00900873 -5.22671e-16 2.87161e-17 -153971 -675545 -3.93047e-08 2.92209e-07
3.64118e+06 0.000720609 -0.00903315 -5.1947e-16 2.85551e-17 -153421 -676659 -3.90064e-08 2.90571e-07
3.64635e+06 0.000723219 -0.00905755 -5.23428e-16 2.87052e-17 -152874 -677769 -3.93084e-08 2.92098e-07
3.6515e+06 0.000725837 -0.009082 -5.14484e-16 2.82388e-17 -152332 -678877 -3.8548e-08 2.87353e-07
3.65661e+06 0.000728473 -0.00910663 -5.15207e-16 2.83127e-17 -151793 -679988 -3.85153e-08 2.88104e-07
3.66169e+06 0.00073112 -0.00913133 -5.13116e-16 2.81567e-17 -151258 -681098 -3.83588e-08 2.86516e-07
3.66674e+06 0.000733765 -0.009156 -5.1595e-16 2.82972e-17 -150727 -682201 -3.85371e-08 2.87947e-07
3.67176e+06 0.000736411 -0.00918064 -5.09174e-16 2.79493e-17 -150199 -683297 -3.79296e-08 2.84406e-07
3.67674e+06 0.00073907 -0.0092054 -5.11798e-16 2.80281e-17 -149675 -684393 -3.81042e-08 2.85209e-07
3.68169e+06 0.00074174 -0.00923023 -5.12768e-16 2.80721e-17 -149155 -685487 -3.81151e-08 2.85656e-07
3.68662e+06 0.000744427 -0.00925521 -5.10396e-16 2.78864e-17 -148638 -686581 -3.7875e-08 2.83766e-07
3.69151e+06 0.000747129 -0.0092803 -5.06188e-16 2.75788e-17 -148125 -687674 -3.75039e-08 2.80636e-07
3.69638e+06 0.000749846 -0.0093055 -5.01501e-16 2.73164e-17 -147616 -688766 -3.70856e-08 2.77967e-07
3.70121e+06 0.00075258 -0.00933083 -4.96751e-16 2.69723e-17 -147111 -689856 -3.67363e-08 2.74465e-07
3.70601e+06 0.00075533 -0.00935628 -4.9518e-16 2.69257e-17 -146609 -690945 -3.65508e-08 2.7399e-07
3.71077e+06 0.00075809 -0.00938179 -4.8695e-16 2.65228e-17 -146111 -692029 -3.58777e-08 2.69891e-07
3.71551e+06 0.000760868 -0.00940742 -4.84099e-16 2.62631e-17 -145617 -693110 -3.55794e-08 2.67248e-07
3.72021e+06 0.000763666 -0.00943321 -4.82342e-16 2.61469e-17 -145126 -694190 -3.53903e-08 2.66066e-07
3.72488e+06 0.000766486 -0.00945915 -4.78856e-16 2.5948e-17 -144638 -695269 -3.51029e-08 2.64042e-07
3.72952e+06 0.000769333 -0.0094853 -4.70852e-16 2.56275e-17 -144155 -696348 -3.44298e-08 2.6078e-07
3.73413e+06 0.000772207 -0.00951166 -4.73025e-16 2.55962e-17 -143674 -697427 -3.45717e-08 2.60462e-07
3.73871e+06 0.000775114 -0.00953828 -4.71297e-16 2.54863e-17 -143198 -698507 -3.43607e-08 2.59344e-07
3.74326e+06 0.000778052 -0.00956513 -4.72676e-16 2.54378e-17 -142724 -699587 -3.43716e-08 2.5885e-07
3.74778e+06 0.000781022 -0.00959221 -4.70542e-16 2.53331e-17 -142254 -700666 -3.4157e-08 2.57785e-07
3.75226e+06 0.000784023 -0.00961953 -4.70008e-16 2.52493e-17 -141787 -701744 -3.40733e-08 2.56932e-07
3.75672e+06 0.000787057 -0.00964708 -4.67545e-16 2.51058e-17 -141323 -702821 -3.38368e-08 2.55472e-07
3.76115e+06 0.000790127 -0.0096749 -4.66072e-16 2.50096e-17 -140863 -703897 -3.36659e-08 2.54493e-07
3.76555e+06 0.000793235 -0.009703 -4.66001e-16 2.49243e-17 -140406 -704971 -3.35494e-08 2.53625e-07
3.76992e+06 0.000796384 -0.00973139 -4.65588e-16 2.48587e-17 -139953 -706045 -3.35058e-08 2.52957e-07
3.77425e+06 0.000799573 -0.00976008 -4.65262e-16 2.48711e-17 -139503 -707117 -3.33384e-08 2.53083e-07
3.77856e+06 0.000802809 -0.00978911 -4.6215e-16 2.4618e-17 -139057 -708189 -3.3062e-08 2.50508e-07
3.78283e+06 0.00080609 -0.00981847 -4.62521e-16 2.45859e-17 -138614 -709259 -3.30874e-08 2.50181e-07
3.78708e+06 0.000809421 -0.00984819 -4.61204e-16 2.44081e-17 -138175 -710327 -3.28182e-08 2.48372e-07
3.7913e+06 0.000812802 -0.00987826 -4.63466e-16 2.44325e-17 -137739 -711394 -3.29819e-08 2.4862e-07
3.79549e+06 0.000816236 -0.00990872 -4.62723e-16 2.43462e-17 -137306 -712458 -3.28218e-08 2.47742e-07
3.79966e+06 0.000819725 -0.00993955 -4.55973e-16 2.43628e-17 -136877 -713520 -3.22434e-08 2.47911e-07
3.76931e+06 0.000816915 -0.00992023 1.41498e-16 -8.89384e-18 -142755 -712602 3.10247e-08 -9.05019e-08
3.77479e+06 0.000818565 -0.00993898 -6.52361e-16 3.88204e-17 -142185 -713873 -5.05242e-08 3.95028e-07
3.77952e+06 0.000820301 -0.00995861 -6.83423e-17 -2.05733e-19 -141683 -714927 1.34605e-10 -2.0935e-09
3.78409e+06 0.000822393 -0.00998008 -5.38122e-16 2.89048e-17 -141192 -715973 -3.83407e-08 2.9413e-07
3.76215e+06 0.000820364 -0.00995679 -4.0167e-17 -1.86072e-18 -140926 -714212 1.4541e-08 -1.89343e-08
3.76721e+06 0.000822 -0.00997404 -1.43248e-16 -7.88725e-19 -140397 -715451 3.60524e-09 -8.02591e-09
3.77165e+06 0.000824046 -0.00999384 -5.11728e-16 2.94645e-17 -139930 -716545 -3.62379e-08 2.99825e-07
3.74282e+06 0.000821359 -0.00997534 4.75124e-17 -4.05912e-18 -145532 -715666 2.28138e-08 -4.13048e-08
3.74803e+06 0.000822976 -0.00999385 -6.14265e-16 3.70253e-17 -145004 -716918 -4.58458e-08 3.76762e-07
3.75249e+06 0.000824817 -0.0100146 -7.75092e-17 -1.47497e-18 -144539 -718017 -5.82077e-11 -1.5009e-08
3.75674e+06 0.000827159 -0.0100387 -5.00419e-16 2.75281e-17 -144083 -719195 -3.53939e-08 2.8012e-07
3.76095e+06 0.000829573 -0.0100629 -4.68862e-16 2.73793e-17 -143631 -720367 -3.30256e-08 2.78606e-07
3.76515e+06 0.000831985 -0.010087 -4.53923e-16 2.71548e-17 -143182 -721537 -3.18978e-08 2.76322e-07
3.76931e+06 0.000834392 -0.0101112 -4.50709e-16 2.72164e-17 -142737 -722707 -3.16686e-08 2.76948e-07
3.77345e+06 0.000836795 -0.0101353 -4.44589e-16 2.70933e-17 -142294 -723876 -3.11738e-08 2.75696e-07
3.77756e+06 0.000839194 -0.0101594 -4.45085e-16 2.7013e-17 -141855 -725043 -3.11848e-08 2.74879e-07
3.78163e+06 0.000841579 -0.0101834 -4.26703e-16 2.74948e-17 -141423 -726205 -2.98096e-08 2.79782e-07
3.78565e+06 0.000843934 -0.0102071 -4.19948e-16 2.66047e-17 -140998 -727352 -2.92639e-08 2.70724e-07
3.78963e+06 0.000846281 -0.0102308 -4.20302e-16 2.69299e-17 -140578 -728497 -2.92457e-08 2.74033e-07
3.79358e+06 0.000848626 -0.0102545 -4.13746e-16 2.63421e-17 -140162 -729640 -2.87837e-08 2.68052e-07
3.79751e+06 0.000850976 -0.0102782 -4.12744e-16 2.63571e-17 -139749 -730782 -2.86745e-08 2.68205e-07
3.80141e+06 0.000853347 -0.010302 -4.13369e-16 2.61324e-17 -139338 -731922 -2.86818e-08 2.65918e-07
3.80528e+06 0.000855782 -0.0103263 -4.16016e-16 2.61507e-17 -138932 -733056 -2.86855e-08 2.66104e-07
3.80912e+06 0.000858407 -0.0103519 -4.17443e-16 2.58499e-17 -138529 -734178 -2.84817e-08 2.63043e-07
3.81293e+06 0.000861538 -0.0103808 -4.22371e-16 2.59439e-17 -138130 -735268 -2.84053e-08 2.63999e-07
3.8167e+06 0.000865899 -0.0104178 -4.32701e-16 2.58765e-17 -137735 -736281 -2.85181e-08 2.63314e-07
3.82042e+06 0.00087209 -0.010467 -4.33763e-16 2.5712e-17 -137343 -737183 -2.83108e-08 2.6164e-07
3.8241e+06 0.000879263 -0.0105227 -4.31462e-16 2.52105e-17 -136955 -738024 -2.80415e-08 2.56537e-07
3.80385e+06 0.000877389 -0.0105016 -3.00285e-17 -1.26091e-18 -136821 -736464 1.39044e-08 -1.28307e-08
3.80808e+06 0.000879065 -0.0105193 -1.30292e-16 -2.33102e-18 -136390 -737722 1.56797e-09 -2.372e-08
3.81174e+06 0.000885388 -0.0105685 -4.73254e-16 2.68752e-17 -136011 -738612 -3.07555e-08 2.73476e-07
3.81536e+06 0.000892812 -0.010626 -4.21184e-16 2.43696e-17 -135637 -739438 -2.73467e-08 2.47981e-07
3.81894e+06 0.000900235 -0.0106834 -4.3141e-16 2.48888e-17 -135266 -740264 -2.79797e-08 2.53263e-07
3.7944e+06 0.000897928 -0.010668 4.90824e-17 -4.49922e-18 -140031 -739561 2.11403e-08 -4.57832e-08
3.79893e+06 0.000899487 -0.010686 -1.0588e-16 1.31898e-19 -139580 -740731 4.98403e-10 1.34216e-09
3.80269e+06 0.000905813 -0.010737 5.22659e-17 -1.87226e-18 -139187 -741574 3.48518e-09 -1.90517e-08
3.80634e+06 0.000913327 -0.0107953 -4.5584e-16 2.5838e-17 -138799 -742406 -2.94494e-08 2.62923e-07
3.80998e+06 0.000920827 -0.0108535 -4.38212e-16 2.53705e-17 -138413 -743236 -2.83217e-08 2.58165e-07
3.81359e+06 0.000928331 -0.0109117 -4.36433e-16 2.53839e-17 -138029 -744066 -2.81252e-08 2.58301e-07
3.78182e+06 0.000922436 -0.0108589 -1.77641e-16 8.81134e-18 -143695 -740734 -1.49521e-09 8.96625e-08
3.78711e+06 0.000924034 -0.0108752 -5.73802e-16 3.54759e-17 -143104 -741867 -4.23024e-08 3.60996e-07
3.79211e+06 0.000925638 -0.0108916 -1.2969e-16 2.21155e-18 -142553 -743015 3.41242e-09 2.25043e-08
3.79652e+06 0.000927216 -0.0109087 -5.10117e-16 3.01687e-17 -142082 -744163 -3.4539e-08 3.06991e-07
3.8005e+06 0.000932089 -0.0109504 2.88002e-17 -1.36894e-18 -141642 -745105 1.97906e-09 -1.393e-08
3.80436e+06 0.000939607 -0.0110087 -4.90199e-16 2.7653e-17 -141214 -745928 -3.15522e-08 2.81392e-07
3.80818e+06 0.000947088 -0.0110669 -4.68167e-16 2.70366e-17 -140791 -746746 -3.01152e-08 2.75119e-07
3.81196e+06 0.000954579 -0.0111251 -4.63929e-16 2.69458e-17 -140374 -747566 -2.96968e-08 2.74195e-07
3.81568e+06 0.000962112 -0.0111838 -4.60877e-16 2.65234e-17 -139966 -748390 -2.95513e-08 2.69897e-07
3.75736e+06 0.000951936 -0.0110843 3.00154e-15 -1.85399e-16 -145516 -741708 3.24806e-07 -1.88658e-06
3.76239e+06 0.000953495 -0.0111002 -7.26091e-16 3.91336e-17 -144972 -742806 -5.67452e-08 3.98215e-07
3.76737e+06 0.000955046 -0.011116 -6.09538e-16 3.40216e-17 -144436 -743899 -4.48963e-08 3.46197e-07
3.77231e+06 0.000956597 -0.0111318 -5.81705e-16 3.31204e-17 -143903 -744995 -4.19786e-08 3.37027e-07
3.77694e+06 0.000958165 -0.0111479 -1.24281e-16 2.15952e-18 -143412 -746113 4.88581e-09 2.19749e-08
3.78101e+06 0.000959703 -0.0111638 -5.33e-16 2.95839e-17 -143010 -747227 -3.68018e-08 3.0104e-07
3.78492e+06 0.000961294 -0.0111802 -5.20658e-16 2.9188e-17 -142622 -748315 -3.4197e-08 2.97011e-07
3.78849e+06 0.000966013 -0.0112204 9.41453e-17 -1.2386e-18 -142250 -749225 6.20275e-09 -1.26038e-08
3.79193e+06 0.000973567 -0.0112794 -4.37521e-16 2.49287e-17 -141884 -750059 -2.80415e-08 2.53669e-07
3.79534e+06 0.000981118 -0.0113385 -4.36102e-16 2.47723e-17 -141522 -750891 -2.78633e-08 2.52078e-07
3.79872e+06 0.00098865 -0.0113974 -4.28866e-16 2.44602e-17 -141163 -751720 -2.74013e-08 2.48902e-07
3.80207e+06 0.000996229 -0.0114568 -4.32328e-16 2.47732e-17 -140806 -752555 -2.75359e-08 2.52087e-07
3.80537e+06 0.00100403 -0.0115179 -4.3626e-16 2.49269e-17 -140454 -753415 -2.77541e-08 2.53651e-07
3.80861e+06 0.00101193 -0.01158 -4.22908e-16 2.38145e-17 -140106 -754287 -2.68992e-08 2.42332e-07
3.81182e+06 0.00101982 -0.0116421 -4.21259e-16 2.37001e-17 -139764 -755158 -2.67537e-08 2.41167e-07
3.81499e+06 0.0010277 -0.011704 -4.11492e-16 2.31402e-17 -139428 -756027 -2.60625e-08 2.3547e-07
3.81812e+06 0.00103555 -0.0117659 -4.08987e-16 2.29482e-17 -139097 -756893 -2.59497e-08 2.33516e-07
3.82122e+06 0.00104338 -0.0118277 -3.97569e-16 2.24309e-17 -138772 -757756 -2.51239e-08 2.28253e-07
3.82428e+06 0.0010512 -0.0118894 -3.95004e-16 2.22074e-17 -138451 -758618 -2.49456e-08 2.25978e-07
3.82731e+06 0.001059 -0.011951 -3.9164e-16 2.19569e-17 -138136 -759477 -2.47164e-08 2.23429e-07
3.8303e+06 0.00106678 -0.0120126 -3.83009e-16 2.15224e-17 -137827 -760335 -2.41234e-08 2.19008e-07
3.83327e+06 0.00107455 -0.0120742 -3.75743e-16 2.11762e-17 -137521 -761190 -2.36105e-08 2.15485e-07
3.83621e+06 0.00108232 -0.0121357 -3.74853e-16 2.10177e-17 -137217 -762045 -2.35414e-08 2.13872e-07
3.83914e+06 0.00109009 -0.0121973 -3.7566e-16 2.09671e-17 -136916 -762899 -2.3505e-08 2.13357e-07
3.84204e+06 0.00109784 -0.0122589 -3.71687e-16 2.07381e-17 -136618 -763751 -2.32503e-08 2.11027e-07
3.81437e+06 0.00109386 -0.0122273 8.24432e-17 -5.4209e-18 -141856 -762008 2.19916e-08 -5.5162e-08
3.81862e+06 0.00109561 -0.0122453 -6.77413e-17 2.45563e-19 -141419 -763235 6.42831e-09 2.4988e-09
3.7677e+06 0.00108647 -0.0121571 2.01517e-15 -1.21763e-16 -146132 -757458 2.14026e-07 -1.23903e-06
3.77257e+06 0.00108802 -0.0121726 -6.83173e-16 3.53488e-17 -145586 -758499 -5.48498e-08 3.59702e-07
3.77735e+06 0.00108955 -0.012188 -6.08737e-16 3.35264e-17 -145049 -759531 -4.74429e-08 3.41158e-07
3.78206e+06 0.00109109 -0.0122034 -5.78825e-16 3.26438e-17 -144518 -760568 -4.45361e-08 3.32177e-07
3.78606e+06 0.00109267 -0.0122194 -5.634e-17 -2.03965e-18 -144107 -761657 7.62157e-09 -2.07551e-08
3.78979e+06 0.00109424 -0.0122354 -4.76977e-16 2.7494e-17 -143730 -762756 -3.41606e-08 2.79773e-07
3.74052e+06 0.00108665 -0.012166 5.6953e-17 -1.74588e-18 -149400 -758388 1.90303e-08 -1.77657e-08
3.74534e+06 0.00108827 -0.0121824 -6.93946e-17 8.34131e-19 -148915 -759499 6.44286e-09 8.48795e-09
3.74965e+06 0.00109001 -0.0122001 -2.7809e-17 1.68274e-18 -148475 -760706 1.06156e-08 1.71232e-08
3.75341e+06 0.00109168 -0.0122173 -4.99537e-16 2.95396e-17 -148092 -761881 -3.64525e-08 3.00589e-07
3.75689e+06 0.00109332 -0.0122343 -4.66556e-16 2.71652e-17 -147732 -763041 -3.24544e-08 2.76428e-07
3.76024e+06 0.00109491 -0.0122535 -4.4822e-16 2.54185e-17 -147373 -764202 -2.95113e-08 2.58653e-07
3.76353e+06 0.00109751 -0.0122816 -4.81874e-16 2.62234e-17 -147021 -765305 -3.09665e-08 2.66844e-07
3.76669e+06 0.00110475 -0.0123409 -4.5612e-16 2.5249e-17 -146679 -766180 -2.84854e-08 2.56929e-07
3.76981e+06 0.00111264 -0.0124036 -4.40065e-16 2.4097e-17 -146330 -767037 -2.74376e-08 2.45206e-07
3.77284e+06 0.0011209 -0.0124693 -4.49462e-16 2.46808e-17 -145992 -767936 -2.80015e-08 2.51147e-07
3.77578e+06 0.00112965 -0.0125392 -4.33909e-16 2.36822e-17 -145659 -768893 -2.69138e-08 2.40985e-07
3.77868e+06 0.00113852 -0.01261 -4.08836e-16 2.25435e-17 -145328 -769861 -2.5444e-08 2.29398e-07
3.78157e+06 0.0011474 -0.012681 -4.13079e-16 2.26339e-17 -145000 -770831 -2.56077e-08 2.30318e-07
3.78444e+06 0.00115629 -0.0127522 -4.06533e-16 2.24632e-17 -144673 -771800 -2.50657e-08 2.28581e-07
3.7873e+06 0.00116517 -0.0128234 -4.04262e-16 2.2384e-17 -144347 -772768 -2.49347e-08 2.27775e-07
3.79014e+06 0.00117406 -0.0128947 -4.06717e-16 2.23389e-17 -144023 -773734 -2.50948e-08 2.27316e-07
3.79297e+06 0.00118294 -0.012966 -4.00224e-16 2.21642e-17 -143701 -774700 -2.46619e-08 2.25539e-07
3.79579e+06 0.00119183 -0.0130375 -3.9838e-16 2.21437e-17 -143381 -775665 -2.45091e-08 2.2533e-07
3.79858e+06 0.00120072 -0.0131091 -3.9387e-16 2.19967e-17 -143063 -776629 -2.41926e-08 2.23834e-07
3.80136e+06 0.00120961 -0.0131807 -3.92653e-16 2.17702e-17 -142748 -777592 -2.40289e-08 2.21529e-07
3.77586e+06 0.00122335 -0.0133089 3.62532e-17 -6.82991e-20 -148648 -780101 2.3756e-09 -6.94998e-10
3.78009e+06 0.00123423 -0.0133966 8.45848e-17 -6.62699e-18 -148148 -781256 5.31509e-09 -6.7435e-08
3.78355e+06 0.00124423 -0.0134774 -6.19301e-16 3.30165e-17 -147734 -782324 -3.77113e-08 3.35969e-07
3.78652e+06 0.00125343 -0.0135519 -5.87253e-17 -2.06082e-18 -147388 -783310 -3.46336e-09 -2.09705e-08
3.78932e+06 0.00126244 -0.013625 -4.44857e-16 2.61225e-17 -147061 -784276 -2.69392e-08 2.65817e-07
3.79207e+06 0.00127143 -0.013698 -3.82118e-16 2.39681e-17 -146743 -785239 -2.31194e-08 2.43894e-07
3.79477e+06 0.00128037 -0.0137706 -3.81811e-16 2.42935e-17 -146433 -786197 -2.31594e-08 2.47206e-07
3.79743e+06 0.00128925 -0.013843 -3.48071e-16 2.30451e-17 -146130 -787147 -2.09293e-08 2.34502e-07
3.80001e+06 0.00129804 -0.0139146 -3.63589e-16 2.38717e-17 -145835 -788086 -2.18679e-08 2.42913e-07
3.77349e+06 0.00131255 -0.0140513 2.29242e-16 -9.3371e-18 -151902 -790667 1.39116e-08 -9.50124e-08
3.76508e+06 0.00131292 -0.0140653 2.28571e-15 -1.16202e-16 -155953 -791339 1.46101e-07 -1.18245e-06
3.75605e+06 0.00131284 -0.014064 2.2941e-15 -1.18177e-16 -155711 -791223 1.46982e-07 -1.20254e-06
3.75937e+06 0.00132249 -0.0141431 6.18929e-17 -4.41875e-18 -155320 -792320 3.59796e-09 -4.49643e-08
3.76243e+06 0.0013321 -0.0142218 -9.10297e-17 -2.13585e-18 -154957 -793336 -5.64614e-09 -2.17339e-08
3.76512e+06 0.00134099 -0.0142947 -4.34048e-16 2.64498e-17 -154643 -794277 -2.60879e-08 2.69148e-07
3.7677e+06 0.00134966 -0.0143658 -3.56882e-16 2.4242e-17 -154337 -795194 -2.14823e-08 2.46682e-07
3.77025e+06 0.00135834 -0.0144371 -3.21907e-16 2.30923e-17 -154034 -796108 -1.92995e-08 2.34982e-07
3.77276e+06 0.00136739 -0.0145108 -3.36295e-16 2.36999e-17 -153738 -796994 -1.91139e-08 2.41166e-07
3.77517e+06 0.00137943 -0.0146039 -3.43349e-16 2.35338e-17 -153451 -797711 -1.84918e-08 2.39475e-07
3.77753e+06 0.00139363 -0.014711 -3.00905e-16 2.21249e-17 -153172 -798307 -1.61344e-08 2.25138e-07
3.77982e+06 0.00140803 -0.0148193 -2.99567e-16 2.23637e-17 -152908 -798891 -1.59598e-08 2.27568e-07
3.78203e+06 0.00142229 -0.0149271 -2.6202e-16 2.12464e-17 -152658 -799476 -1.40244e-08 2.162e-07
3.78416e+06 0.00143648 -0.0150344 -2.63714e-16 2.09994e-17 -152411 -800056 -1.40935e-08 2.13686e-07
3.78627e+06 0.00145059 -0.0151413 -2.3769e-16 1.99942e-17 -152168 -800630 -1.26092e-08 2.03457e-07
3.7674e+06 0.0015135 -0.0156225 -2.2199e-16 1.48212e-17 -152216 -803322 -1.17398e-08 1.50817e-07
3.77059e+06 0.00153164 -0.0157607 1.29805e-16 -7.99209e-18 -151846 -804032 6.84668e-09 -8.13259e-08
3.77308e+06 0.00154797 -0.0158853 -6.37512e-17 -2.01141e-18 -151555 -804674 -3.35058e-09 -2.04677e-08
3.74455e+06 0.00154227 -0.015837 -1.56257e-16 1.02102e-17 -156618 -801973 -1.20344e-08 1.03897e-07
3.74871e+06 0.00154396 -0.0158536 -4.85968e-16 3.19561e-17 -156172 -803026 -4.30773e-08 3.25178e-07
3.75224e+06 0.00154565 -0.0158706 -4.08229e-17 -4.61398e-18 -155822 -804111 -1.17871e-09 -4.69509e-08
3.75531e+06 0.00154728 -0.0158896 -3.54541e-16 2.16608e-17 -155529 -805102 -2.29193e-08 2.20416e-07
3.75773e+06 0.00156061 -0.0159931 1.28841e-16 -4.11208e-18 -155247 -805739 6.8685e-09 -4.18437e-08
3.75999e+06 0.00157586 -0.0161098 -3.72837e-16 2.2756e-17 -154982 -806333 -1.94268e-08 2.3156e-07
3.76222e+06 0.00159106 -0.0162263 -3.4765e-16 2.18261e-17 -154724 -806923 -1.81026e-08 2.22098e-07
3.76441e+06 0.00160626 -0.016343 -3.3781e-16 2.16204e-17 -154470 -807511 -1.74514e-08 2.20005e-07
3.71405e+06 0.00159633 -0.0162515 4.75278e-15 -2.80572e-16 -159869 -802025 4.58869e-07 -2.85505e-06
3.7181e+06 0.00159794 -0.0162674 -2.3657e-17 -2.10449e-18 -159459 -803032 1.18962e-08 -2.14148e-08
3.722e+06 0.00159955 -0.0162833 -5.92036e-16 3.48185e-17 -159060 -804035 -4.13238e-08 3.54306e-07
3.72571e+06 0.00160113 -0.0162989 -5.5259e-16 3.38706e-17 -158674 -805022 -3.76567e-08 3.4466e-07
3.72867e+06 0.00160268 -0.0163144 -1.70691e-16 2.76069e-18 -158406 -806014 -1.86265e-09 2.80922e-08
3.73152e+06 0.00160414 -0.016329 -4.38404e-16 2.69014e-17 -158145 -806942 -2.62044e-08 2.73743e-07
3.7342e+06 0.0016058 -0.0163475 -4.40354e-16 2.49352e-17 -157891 -807827 -2.15659e-08 2.53736e-07
3.73635e+06 0.00161812 -0.0164439 -2.07843e-17 -4.22389e-18 -157648 -808455 -9.96806e-10 -4.29814e-08
3.71438e+06 0.00164391 -0.0166584 9.86798e-17 -2.11048e-18 -162674 -810228 5.22778e-09 -2.14758e-08
3.71755e+06 0.00166228 -0.0167998 5.53055e-17 -7.01989e-18 -162299 -810913 2.87764e-09 -7.1433e-08
3.72022e+06 0.00167938 -0.0169318 2.94681e-17 -8.7796e-19 -161978 -811552 1.61526e-09 -8.93395e-09
3.72238e+06 0.00169471 -0.0170503 4.59711e-17 -9.53647e-19 -161720 -812125 2.44836e-09 -9.70412e-09
3.72449e+06 0.00170998 -0.0171685 -3.55294e-16 2.14996e-17 -161467 -812694 -1.80662e-08 2.18775e-07
3.72656e+06 0.00172548 -0.0172888 -3.22432e-16 2.11474e-17 -161216 -813269 -1.63964e-08 2.15191e-07
3.72854e+06 0.00174166 -0.0174144 -2.99308e-16 2.06196e-17 -160968 -813868 -1.51886e-08 2.09821e-07
3.73048e+06 0.00175822 -0.0175432 -2.60867e-16 1.90291e-17 -160722 -814480 -1.32131e-08 1.93637e-07
3.73239e+06 0.00177479 -0.0176722 -2.60195e-16 1.88043e-17 -160478 -815088 -1.31222e-08 1.91349e-07
3.73429e+06 0.00179136 -0.0178014 -2.64374e-16 1.86792e-17 -160237 -815693 -1.32859e-08 1.90076e-07
3.73615e+06 0.00180799 -0.0179313 -2.61474e-16 1.85541e-17 -160001 -816298 -1.31513e-08 1.88803e-07
3.73798e+06 0.00182442 -0.0180597 -2.45137e-16 1.78001e-17 -159768 -816893 -1.22382e-08 1.8113e-07
3.73979e+06 0.00184075 -0.0181877 -2.47234e-16 1.75654e-17 -159539 -817481 -1.23582e-08 1.78742e-07
3.74158e+06 0.00185713 -0.0183161 -2.4439e-16 1.72558e-17 -159313 -818068 -1.21254e-08 1.75591e-07
3.72309e+06 0.0019222 -0.0188309 -1.90069e-16 1.38954e-17 -159381 -820505 -9.30959e-09 1.41397e-07
3.72564e+06 0.00194248 -0.0189909 1.04405e-16 -7.9826e-18 -159062 -821206 5.27507e-09 -8.12293e-08
3.72775e+06 0.00196123 -0.0191389 -4.23108e-17 -2.84012e-18 -158792 -821853 -2.00816e-09 -2.89005e-08
3.72947e+06 0.00197832 -0.0192743 -1.78584e-17 -6.2574e-19 -158581 -822445 -8.22183e-10 -6.36741e-09
3.73114e+06 0.00199532 -0.0194091 -3.44008e-16 1.83453e-17 -158380 -823031 -1.67529e-08 1.86678e-07
3.73274e+06 0.00201219 -0.0195432 -3.10251e-16 1.71929e-17 -158190 -823612 -1.50867e-08 1.74952e-07
3.73433e+06 0.00202959 -0.0196794 -3.08066e-16 1.69357e-17 -158001 -824177 -1.36679e-08 1.72334e-07
3.7359e+06 0.00204776 -0.0198185 -3.0091e-16 1.66091e-17 -157814 -824720 -1.33005e-08 1.69011e-07
3.73746e+06 0.00206598 -0.0199582 -2.92284e-16 1.62775e-17 -157629 -825262 -1.28821e-08 1.65636e-07
3.73901e+06 0.00208422 -0.0200981 -2.94014e-16 1.62782e-17 -157444 -825802 -1.29148e-08 1.65644e-07
3.74055e+06 0.00210247 -0.0202385 -2.91188e-16 1.61485e-17 -157261 -826340 -1.27948e-08 1.64324e-07
3.74208e+06 0.00212075 -0.0203791 -2.88638e-16 1.59081e-17 -157079 -826876 -1.26129e-08 1.61878e-07
3.74359e+06 0.00213923 -0.0205206 -2.84073e-16 1.5849e-17 -156899 -827405 -1.24055e-08 1.61276e-07
3.74508e+06 0.0021575 -0.0206615 -2.85589e-16 1.56135e-17 -156722 -827937 -1.24892e-08 1.5888e-07
3.72167e+06 0.00215259 -0.0206205 2.26247e-15 -1.3423e-16 -160908 -825794 2.12869e-07 -1.36589e-06
3.72517e+06 0.00215428 -0.0206372 -7.84095e-16 3.81844e-17 -160557 -826798 -5.65778e-08 3.88557e-07
3.72781e+06 0.00215593 -0.0206543 -2.73404e-17 1.80508e-18 -160324 -827818 7.1559e-09 1.83682e-08
3.72999e+06 0.0021633 -0.0207191 5.79865e-17 -3.14199e-18 -160103 -828598 2.56114e-09 -3.19722e-08
3.73161e+06 0.00218211 -0.0208644 -4.17164e-16 1.80355e-17 -159898 -829138 -1.81244e-08 1.83525e-07
3.7332e+06 0.00220098 -0.0210105 -4.1734e-16 1.79327e-17 -159698 -829678 -1.81353e-08 1.8248e-07
3.73476e+06 0.00221984 -0.0211566 -3.98344e-16 1.74967e-17 -159502 -830215 -1.71894e-08 1.78043e-07
3.7363e+06 0.00223874 -0.0213033 -4.03403e-16 1.73573e-17 -159310 -830752 -1.74041e-08 1.76624e-07
3.73781e+06 0.00225769 -0.0214505 -3.82707e-16 1.71882e-17 -159124 -831288 -1.65564e-08 1.74903e-07
3.73928e+06 0.00227668 -0.0215983 -3.8049e-16 1.68056e-17 -158943 -831824 -1.63564e-08 1.7101e-07
3.7407e+06 0.00229561 -0.0217458 -3.83631e-16 1.66251e-17 -158772 -832356 -1.648e-08 1.69174e-07
3.74205e+06 0.00231443 -0.0218927 -3.57804e-16 1.5779e-17 -158614 -832885 -1.53559e-08 1.60564e-07
3.74337e+06 0.00233336 -0.0220407 -3.47513e-16 1.49156e-17 -158462 -833416 -1.4832e-08 1.51778e-07
3.74466e+06 0.00235237 -0.0221895 -3.44243e-16 1.50028e-17 -158310 -833946 -1.4672e-08 1.52665e-07
3.7459e+06 0.00237183 -0.022342 -3.50985e-16 1.51107e-17 -158162 -834487 -1.49666e-08 1.53763e-07
3.74703e+06 0.00239242 -0.0225036 -3.40464e-16 1.46483e-17 -158017 -835059 -1.43991e-08 1.49059e-07
3.74807e+06 0.00241393 -0.0226727 -2.77667e-16 1.2539e-17 -157876 -835655 -1.16743e-08 1.27595e-07
3.73029e+06 0.00241199 -0.0226612 1.42461e-16 -1.24013e-17 -161346 -835289 2.30684e-08 -1.26193e-07
3.73286e+06 0.00241838 -0.0227204 2.56079e-16 -8.66549e-18 -161083 -836233 1.226e-08 -8.81783e-08
3.73417e+06 0.00244103 -0.0228987 -3.47615e-16 1.6862e-17 -160883 -836849 -1.45556e-08 1.71584e-07
3.73546e+06 0.00246356 -0.0230763 -3.01304e-16 1.44592e-17 -160685 -837458 -1.26165e-08 1.47134e-07
3.73672e+06 0.00248608 -0.023254 -3.25925e-16 1.48701e-17 -160492 -838065 -1.3657e-08 1.51315e-07
3.73794e+06 0.00250838 -0.0234303 -3.24925e-16 1.44436e-17 -160304 -838663 -1.34787e-08 1.46975e-07
3.72574e+06 0.00250736 -0.0234194 5.2389e-17 -7.32314e-18 -160194 -837997 1.76842e-08 -7.45188e-08
3.72731e+06 0.00251415 -0.023475 3.14098e-16 -1.49026e-17 -160014 -838783 1.32059e-08 -1.51645e-07
3.72836e+06 0.00253029 -0.0236027 -3.11141e-16 1.25089e-17 -159860 -839211 -1.28857e-08 1.27288e-07
3.72939e+06 0.00254641 -0.0237304 -2.70956e-16 1.17874e-17 -159710 -839638 -1.1245e-08 1.19946e-07
3.73038e+06 0.0025625 -0.023858 -2.45818e-16 1.14575e-17 -159564 -840062 -1.01791e-08 1.16589e-07
3.73135e+06 0.0025787 -0.0239866 -2.30661e-16 1.1049e-17 -159422 -840489 -9.43692e-09 1.12433e-07
3.7323e+06 0.0025947 -0.0241138 -2.07036e-16 1.05592e-17 -159282 -840909 -8.48377e-09 1.07449e-07
3.73324e+06 0.00261072 -0.0242412 -2.01333e-16 1.02946e-17 -159147 -841329 -8.22911e-09 1.04755e-07
3.73414e+06 0.00262685 -0.0243697 -1.86498e-16 1.04306e-17 -159014 -841751 -7.65067e-09 1.06139e-07
3.73504e+06 0.00264281 -0.0244969 -1.70292e-16 9.58597e-18 -158885 -842167 -6.95582e-09 9.75449e-08
3.7359e+06 0.00265876 -0.0246242 -1.55548e-16 9.60211e-18 -158762 -842582 -6.33008e-09 9.77091e-08
3.73674e+06 0.00267469 -0.0247515 -1.23054e-16 8.53375e-18 -158642 -842996 -5.00586e-09 8.68377e-08
3.73757e+06 0.00269063 -0.024879 -1.129e-16 8.58166e-18 -158523 -843409 -4.55475e-09 8.73253e-08
3.73837e+06 0.00270663 -0.0250069 -1.14487e-16 8.51158e-18 -158408 -843817 -4.55111e-09 8.66122e-08
3.73912e+06 0.00272289 -0.0251366 -8.17159e-17 7.93159e-18 -158299 -844216 -3.19415e-09 8.07102e-08
3.73985e+06 0.00274029 -0.0252739 -5.48485e-17 7.03556e-18 -158194 -844589 -2.02635e-09 7.15925e-08
3.74053e+06 0.00276081 -0.0254318 -5.74487e-17 7.07134e-18 -158091 -844892 -2.01908e-09 7.19565e-08
3.48673e+06 0.00454786 -0.0427098 4.53525e-16 -2.86606e-18 -178262 -806088 8.73479e-09 -2.91645e-08
3.48902e+06 0.00459765 -0.0431713 -1.37946e-15 3.48293e-17 -177782 -805778 -2.52912e-08 3.54416e-07
3.49126e+06 0.00464749 -0.0436351 -1.31773e-15 3.38531e-17 -177305 -805461 -2.39488e-08 3.44483e-07
3.49349e+06 0.00469731 -0.0441007 -1.28968e-15 3.33382e-17 -176830 -805136 -2.32321e-08 3.39243e-07
3.49569e+06 0.00474708 -0.0445678 -1.29285e-15 3.32227e-17 -176355 -804802 -2.3032e-08 3.38067e-07
3.49786e+06 0.00479681 -0.0450367 -1.28192e-15 3.27714e-17 -175883 -804461 -2.26864e-08 3.33475e-07
3.49998e+06 0.00484656 -0.0455078 -1.26291e-15 3.23457e-17 -175414 -804112 -2.21371e-08 3.29143e-07
3.50206e+06 0.00489639 -0.0459818 -1.22115e-15 3.1536e-17 -174950 -803755 -2.12312e-08 3.20904e-07
3.49122e+06 0.00498976 -0.0468858 8.45322e-15 -1.91522e-16 -174914 -803142 1.4636e-07 -1.94889e-06
3.49303e+06 0.00503698 -0.0473412 -1.75349e-15 3.50023e-17 -174493 -802782 -2.98132e-08 3.56176e-07
3.4943e+06 0.00508251 -0.0477833 -6.97374e-16 2.21251e-17 -174173 -802436 -1.15688e-08 2.25141e-07
3.49544e+06 0.00512763 -0.0482236 -3.44589e-16 1.63622e-17 -173878 -802088 -5.56975e-09 1.66499e-07
3.49654e+06 0.00517262 -0.0486647 -3.95654e-16 1.79138e-17 -173594 -801735 -6.28279e-09 1.82287e-07
3.47605e+06 0.0051422 -0.0529715 2.22544e-15 -6.26324e-17 -174142 -763746 5.39621e-08 -6.37335e-07
3.47742e+06 0.00517245 -0.0533514 2.9245e-16 -1.07137e-17 -173867 -764074 8.33097e-09 -1.0902e-07
3.47838e+06 0.00521173 -0.0537728 -2.09143e-16 -2.53523e-18 -173610 -763991 -2.73212e-09 -2.5798e-08
3.47931e+06 0.00525134 -0.0541969 -4.66674e-16 1.5619e-17 -173356 -763884 -7.13044e-09 1.58936e-07
3.45479e+06 0.00535168 -0.0553356 1.79421e-14 -3.99721e-16 -178134 -763982 2.9392e-07 -4.06748e-06
3.45583e+06 0.00539268 -0.0557671 -9.32557e-16 1.62668e-17 -177836 -763786 -1.44682e-08 1.65528e-07
3.45681e+06 0.00543374 -0.0562006 -8.037e-17 1.69776e-17 -177541 -763586 -5.89353e-10 1.72761e-07
3.45776e+06 0.00547476 -0.056635 -4.99188e-17 1.65774e-17 -177248 -763381 -9.09495e-11 1.68688e-07
3.43367e+06 0.00567864 -0.0588442 3.1021e-16 -6.27559e-18 -177808 -762473 5.6134e-09 -6.38591e-08
3.43544e+06 0.00571715 -0.0592583 2.21058e-16 -1.031e-17 -177463 -762250 4.15457e-09 -1.04912e-07
3.43657e+06 0.00575504 -0.0596679 3.15419e-16 -2.25203e-18 -177194 -762035 5.61704e-09 -2.29162e-08
3.43751e+06 0.00579401 -0.0600907 -3.98069e-17 1.7692e-17 -176939 -761811 1.27329e-10 1.80031e-07
3.43839e+06 0.00583307 -0.0605156 5.22813e-17 1.60631e-17 -176686 -761584 1.56069e-09 1.63454e-07
3.43922e+06 0.00587219 -0.0609422 1.98378e-16 1.43599e-17 -176434 -761353 3.88172e-09 1.46123e-07
3.44002e+06 0.00591195 -0.0613714 1.80908e-16 1.45933e-17 -176184 -761106 3.40151e-09 1.48499e-07
3.44081e+06 0.00595179 -0.0618025 2.48174e-16 1.32798e-17 -175935 -760856 4.38013e-09 1.35132e-07
3.44157e+06 0.00599164 -0.0622347 2.43071e-16 1.32102e-17 -175687 -760604 4.30737e-09 1.34425e-07
3.44231e+06 0.00603143 -0.0626673 2.59364e-16 1.31566e-17 -175442 -760349 4.51109e-09 1.33879e-07
3.40978e+06 0.00629008 -0.0655228 6.58199e-16 -7.71899e-18 -176786 -758832 9.69521e-09 -7.85469e-08
3.41149e+06 0.00632793 -0.0659323 1.94603e-16 -1.02781e-17 -176399 -758554 3.1614e-09 -1.04588e-07
3.41264e+06 0.00636452 -0.0663312 -6.95123e-16 2.13829e-17 -176160 -758294 -9.25138e-09 2.17588e-07
3.41374e+06 0.00640118 -0.0667318 -2.3269e-16 1.95371e-17 -175924 -758033 -2.83399e-09 1.98806e-07
3.39782e+06 0.00639861 -0.0667401 7.89706e-17 1.01698e-18 -179244 -758110 8.11633e-09 1.03486e-08
3.3995e+06 0.00643043 -0.0671119 1.92115e-15 -3.62977e-17 -178935 -758076 2.66373e-08 -3.69358e-07
3.40084e+06 0.00646774 -0.0675203 -8.7386e-16 2.37366e-17 -178647 -757803 -1.20672e-08 2.41539e-07
3.4021e+06 0.00650525 -0.0679317 -6.21678e-16 2.30756e-17 -178367 -757528 -8.6402e-09 2.34812e-07
3.40327e+06 0.00654236 -0.0683394 -3.97521e-16 2.17314e-17 -178090 -757255 -5.5843e-09 2.21134e-07
3.40414e+06 0.00657785 -0.0687301 3.21272e-16 -1.88304e-18 -177839 -756994 4.23461e-09 -1.91614e-08
3.40473e+06 0.00661179 -0.0691052 -1.83396e-16 1.33621e-17 -177651 -756748 -2.71757e-09 1.3597e-07
3.4052e+06 0.00664545 -0.0694784 5.23384e-17 8.13326e-18 -177490 -756504 3.9654e-10 8.27624e-08
3.40558e+06 0.00667946 -0.0698561 3.79089e-18 7.864e-18 -177334 -756258 -2.65572e-10 8.00225e-08
3.40585e+06 0.00671425 -0.0702431 -7.56325e-17 6.53765e-18 -177185 -756006 -1.42245e-09 6.65258e-08
3.40608e+06 0.00674924 -0.070633 -1.30206e-16 4.01658e-18 -177039 -755752 -2.13913e-09 4.08719e-08
3.40626e+06 0.00678436 -0.071025 -2.73641e-16 4.69834e-18 -176896 -755497 -4.13638e-09 4.78093e-08
3.40642e+06 0.00681951 -0.0714178 -3.68834e-16 4.32397e-18 -176756 -755241 -5.49699e-09 4.39998e-08
3.40656e+06 0.00685467 -0.0718114 -5.00883e-16 4.08507e-18 -176617 -754985 -7.23958e-09 4.15688e-08
3.40667e+06 0.00688982 -0.0722055 -6.08955e-16 3.7798e-18 -176482 -754728 -8.76753e-09 3.84625e-08
3.40675e+06 0.00692502 -0.0726006 -6.8312e-16 3.02755e-18 -176351 -754471 -9.75342e-09 3.08077e-08
3.40677e+06 0.0069604 -0.0729984 -7.60033e-16 2.3434e-18 -176226 -754213 -1.07793e-08 2.3846e-08
3.4067e+06 0.00699607 -0.0734002 -8.17705e-16 1.21767e-18 -176110 -753952 -1.15906e-08 1.23907e-08
3.40656e+06 0.00703195 -0.0738051 -8.28771e-16 -1.17651e-18 -176002 -753691 -1.17798e-08 -1.19719e-08
3.40638e+06 0.00706787 -0.0742108 -6.90703e-16 -1.5707e-18 -175897 -753429 -9.94987e-09 -1.59831e-08
3.39616e+06 0.00710581 -0.0747172 8.82617e-15 -1.82726e-16 -179449 -753426 1.14818e-07 -1.85938e-06
3.38653e+06 0.00717094 -0.0754605 8.91146e-15 -1.83591e-16 -179476 -752965 1.15167e-07 -1.86818e-06
3.3868e+06 0.00720552 -0.0758523 1.29483e-17 -4.96702e-18 -179288 -752704 -7.89441e-10 -5.05434e-08
3.38703e+06 0.00724066 -0.0762406 -4.05983e-16 5.44322e-18 -179104 -752450 -7.53789e-09 5.53891e-08
3.38724e+06 0.00727577 -0.0766289 -3.51372e-16 5.2208e-18 -178923 -752196 -6.71571e-09 5.31258e-08
3.38741e+06 0.00731097 -0.0770185 -3.19431e-16 5.38658e-18 -178756 -751943 -6.2646e-09 5.48128e-08
3.38751e+06 0.00734629 -0.0774099 -3.10782e-16 3.22093e-18 -178609 -751692 -6.13727e-09 3.27755e-08
3.38756e+06 0.00738174 -0.0778031 -2.87634e-16 3.08444e-18 -178470 -751440 -5.81713e-09 3.13866e-08
3.37317e+06 0.00719585 -0.0809476 4.14027e-15 -1.09032e-16 -178731 -724835 8.65948e-08 -1.10949e-06
3.37401e+06 0.00722272 -0.0813169 -3.39536e-17 -2.1841e-18 -178531 -725166 -2.80124e-10 -2.2225e-08
3.37429e+06 0.00724703 -0.0816519 -2.01055e-16 7.63411e-18 -178392 -725464 -3.74348e-09 7.76831e-08
3.35899e+06 0.00735233 -0.083113 2.19657e-16 -1.48844e-18 -178745 -726718 4.63115e-09 -1.51461e-08
3.36033e+06 0.00737857 -0.083459 -8.45484e-16 3.03679e-17 -178517 -726916 -1.43336e-08 3.09018e-07
3.36079e+06 0.00740797 -0.0838091 5.48089e-16 -8.74647e-18 -178398 -726942 6.99947e-09 -8.90023e-08
3.3609e+06 0.00744013 -0.0841736 -4.95954e-16 3.68852e-18 -178291 -726872 -8.52742e-09 3.75336e-08
3.36099e+06 0.00747254 -0.0845393 -5.45925e-16 1.57105e-18 -178189 -726793 -9.2914e-09 1.59867e-08
3.36106e+06 0.00750502 -0.0849059 -6.44831e-16 2.18471e-18 -178088 -726712 -1.07138e-08 2.22311e-08
3.36108e+06 0.00753794 -0.0852755 -6.45971e-16 1.50861e-18 -177989 -726622 -1.05683e-08 1.53513e-08
3.36108e+06 0.00757169 -0.0856481 -6.06761e-16 5.7321e-19 -177892 -726506 -1.00845e-08 5.83286e-09
3.36108e+06 0.00760545 -0.086021 -6.0535e-16 9.66295e-19 -177797 -726389 -1.00954e-08 9.83282e-09
3.36106e+06 0.00763918 -0.086394 -5.70891e-16 9.37678e-19 -177704 -726274 -9.62973e-09 9.54162e-09
3.36104e+06 0.00767291 -0.0867672 -5.27677e-16 8.78127e-19 -177612 -726158 -9.0804e-09 8.93564e-09
3.34589e+06 0.00775575 -0.0876953 7.56037e-16 -9.14728e-18 -178002 -725929 8.05085e-09 -9.30808e-08
3.34624e+06 0.00779129 -0.0880884 5.95306e-16 -5.56369e-18 -177856 -725805 5.79166e-09 -5.6615e-08
3.34626e+06 0.0078247 -0.0884592 3.44857e-16 1.01819e-19 -177767 -725692 2.42653e-09 1.03609e-09
3.34626e+06 0.00785821 -0.0888312 4.01163e-16 -4.55896e-19 -177682 -725580 3.06682e-09 -4.63911e-09
3.34625e+06 0.00789173 -0.0892035 4.42213e-16 -6.62063e-19 -177596 -725467 3.55794e-09 -6.73702e-09
3.34623e+06 0.00792528 -0.0895765 4.90303e-16 -1.35813e-18 -177511 -725356 4.15821e-09 -1.38201e-08
3.3462e+06 0.00795885 -0.0899499 5.03476e-16 -1.44505e-18 -177427 -725244 4.2528e-09 -1.47046e-08
3.34616e+06 0.00799237 -0.090323 5.10646e-16 -1.43534e-18 -177343 -725133 4.26007e-09 -1.46058e-08
3.34612e+06 0.00802593 -0.0906967 5.30075e-16 -1.8967e-18 -177260 -725023 4.48199e-09 -1.93005e-08
3.34607e+06 0.0080595 -0.0910708 5.31721e-16 -1.84987e-18 -177177 -724912 4.35102e-09 -1.88239e-08
3.32872e+06 0.00805605 -0.0910297 -7.20039e-16 4.08189e-17 -180423 -723468 -6.15037e-08 4.15365e-07
3.33241e+06 0.00805741 -0.0910684 4.29776e-16 -8.74679e-18 -180107 -724789 1.11322e-09 -8.90056e-08
3.33338e+06 0.00808104 -0.0913625 1.53398e-15 -3.20737e-17 -179941 -725079 1.99761e-08 -3.26376e-07
3.33358e+06 0.00811467 -0.0917372 1.44364e-16 3.56175e-18 -179824 -724966 2.1173e-09 3.62436e-08
3.33365e+06 0.00814812 -0.0921103 1.12636e-15 5.51656e-21 -179714 -724855 1.46574e-08 5.61354e-11
3.33369e+06 0.00818057 -0.0924722 1.21345e-15 2.27188e-18 -179599 -724746 1.57306e-08 2.31182e-08
3.33369e+06 0.00821267 -0.0928307 1.3767e-15 6.03428e-19 -179499 -724640 1.77279e-08 6.14036e-09
3.33366e+06 0.00824452 -0.0931866 1.49278e-15 -3.98185e-19 -179401 -724536 1.91067e-08 -4.05185e-09
3.33357e+06 0.00827616 -0.0935406 1.60307e-15 -9.22969e-19 -179309 -724432 2.04891e-08 -9.39195e-09
3.33346e+06 0.00830799 -0.0938937 1.735e-15 -2.34057e-18 -179227 -724325 2.16096e-08 -2.38172e-08
3.33331e+06 0.00833988 -0.0942469 1.69465e-15 -2.50626e-18 -179148 -724217 2.09984e-08 -2.55032e-08
3.33313e+06 0.00837185 -0.0946011 1.64799e-15 -2.98019e-18 -179073 -724109 2.042e-08 -3.03258e-08
3.33292e+06 0.00840378 -0.0949551 1.4648e-15 -2.82584e-18 -178998 -724002 1.81062e-08 -2.87552e-08
3.3327e+06 0.00843572 -0.0953094 1.29735e-15 -2.67513e-18 -178924 -723895 1.59998e-08 -2.72216e-08
3.33248e+06 0.00846766 -0.0956639 1.16663e-15 -2.63444e-18 -178850 -723789 1.43627e-08 -2.68075e-08
3.33225e+06 0.00849959 -0.0960184 1.05412e-15 -2.71484e-18 -178777 -723683 1.29839e-08 -2.76257e-08
3.33202e+06 0.0085315 -0.0963729 9.44056e-16 -2.80918e-18 -178704 -723577 1.16161e-08 -2.85856e-08
3.33178e+06 0.00856349 -0.0967284 8.76362e-16 -3.01255e-18 -178633 -723472 1.07357e-08 -3.06551e-08
3.33153e+06 0.00859599 -0.0970855 8.26818e-16 -3.29559e-18 -178562 -723360 9.57152e-09 -3.35353e-08
3.33129e+06 0.00862845 -0.0974416 7.78775e-16 -3.33146e-18 -178493 -723249 9.00036e-09 -3.39003e-08
3.33103e+06 0.00866088 -0.0977977 7.50995e-16 -3.20715e-18 -178424 -723138 8.65111e-09 -3.26353e-08
3.33075e+06 0.00869328 -0.0981535 7.37363e-16 -3.54946e-18 -178358 -723028 8.46558e-09 -3.61186e-08
3.33046e+06 0.00872569 -0.0985097 7.04646e-16 -4.11004e-18 -178293 -722919 8.0654e-09 -4.18229e-08
3.33016e+06 0.00875791 -0.098864 6.64183e-16 -4.60479e-18 -178228 -722810 7.58882e-09 -4.68575e-08
3.30103e+06 0.00878565 -0.0992457 -5.76052e-16 1.95003e-17 -181784 -723022 -6.3701e-09 1.98431e-07
3.30144e+06 0.00881959 -0.0996174 8.25604e-16 -5.64324e-19 -181621 -722900 9.27685e-09 -5.74244e-09
3.30164e+06 0.00885201 -0.0999729 9.33299e-16 -8.73971e-19 -181478 -722786 1.04264e-08 -8.89335e-09
3.30172e+06 0.008883 -0.100313 7.4798e-16 3.74167e-18 -181343 -722676 8.40737e-09 3.80744e-08
3.30179e+06 0.008914 -0.100653 7.83311e-16 2.88095e-18 -181210 -722568 8.7748e-09 2.9316e-08
3.30184e+06 0.00894492 -0.100993 8.08677e-16 2.73504e-18 -181077 -722460 9.01855e-09 2.78312e-08
3.30185e+06 0.00897546 -0.101328 8.83499e-16 2.00259e-18 -180957 -722354 9.7898e-09 2.03779e-08
3.30177e+06 0.00900588 -0.101663 1.01336e-15 -2.08054e-19 -180860 -722252 1.12341e-08 -2.11712e-09
3.30164e+06 0.00903634 -0.101999 1.03562e-15 -1.97931e-18 -180773 -722150 1.13978e-08 -2.0141e-08
3.30148e+06 0.00906683 -0.102335 1.02834e-15 -1.34747e-18 -180687 -722049 1.12959e-08 -1.37116e-08
3.30132e+06 0.00909742 -0.102673 1.09838e-15 -1.40865e-18 -180605 -721948 1.19981e-08 -1.43341e-08
3.30114e+06 0.00912799 -0.103011 1.05442e-15 -1.34465e-18 -180524 -721848 1.15397e-08 -1.36829e-08
3.30096e+06 0.0091586 -0.103349 1.0582e-15 -1.58154e-18 -180444 -721748 1.15215e-08 -1.60934e-08
3.25514e+06 0.00914691 -0.103159 8.66949e-16 3.98332e-18 -185493 -714619 1.58252e-09 4.05335e-08
3.25945e+06 0.00914852 -0.103187 -8.6652e-16 6.68491e-17 -185077 -715707 -8.79008e-08 6.80243e-07
3.26372e+06 0.00915012 -0.103216 -8.69678e-16 6.61969e-17 -184665 -716789 -8.82319e-08 6.73607e-07
3.21629e+06 0.00913799 -0.103018 8.46016e-16 1.40572e-18 -189882 -709390 6.69388e-10 1.43043e-08
3.22044e+06 0.00913957 -0.103046 -8.16954e-16 6.44475e-17 -189480 -710454 -8.54379e-08 6.55804e-07
3.22459e+06 0.00914114 -0.103074 -7.79247e-16 6.35097e-17 -189079 -711516 -8.35425e-08 6.46262e-07
3.22871e+06 0.00914271 -0.103102 -7.78654e-16 6.34962e-17 -188679 -712576 -8.35353e-08 6.46124e-07
3.2328e+06 0.00914427 -0.103129 -7.66665e-16 6.30367e-17 -188283 -713631 -8.2895e-08 6.41449e-07
3.2362e+06 0.00914573 -0.103156 8.98905e-16 -1.06209e-17 -187978 -714638 3.28146e-09 -1.08076e-07
3.23901e+06 0.00914709 -0.103181 -2.61294e-16 4.43705e-17 -187744 -715601 -5.67597e-08 4.51505e-07
3.24179e+06 0.00914845 -0.103206 -1.24418e-16 4.20057e-17 -187516 -716560 -4.98039e-08 4.27442e-07
3.24456e+06 0.00914981 -0.103231 -1.40267e-16 4.26839e-17 -187290 -717520 -5.05206e-08 4.34343e-07
3.24725e+06 0.00915118 -0.103256 -1.26325e-16 4.26335e-17 -187077 -718494 -4.97457e-08 4.3383e-07
3.24955e+06 0.00915265 -0.103284 9.40438e-16 -3.06308e-18 -186928 -719567 5.53337e-09 -3.11692e-08
3.25174e+06 0.00915397 -0.103315 -1.77988e-16 3.51292e-17 -186795 -720651 -3.47463e-08 3.57468e-07
3.25385e+06 0.009154 -0.10336 -3.76991e-16 3.49231e-17 -186663 -721601 -2.80379e-08 3.5537e-07
3.25508e+06 0.00916152 -0.103512 -9.23821e-18 -1.56518e-18 -186552 -722241 -1.51704e-09 -1.5927e-08
3.255e+06 0.00919047 -0.103839 -5.92513e-16 -1.29535e-18 -186463 -722155 -6.27188e-09 -1.31812e-08
3.25485e+06 0.00922035 -0.104169 -6.1911e-16 -2.87548e-18 -186381 -722058 -6.56291e-09 -2.92603e-08
3.25466e+06 0.00925044 -0.104503 -6.56779e-16 -4.06502e-18 -186306 -721961 -6.94126e-09 -4.13648e-08
3.25444e+06 0.00928056 -0.104837 -6.34382e-16 -4.09887e-18 -186233 -721864 -6.65386e-09 -4.17093e-08
3.25421e+06 0.00931077 -0.105172 -4.43546e-16 -7.3945e-18 -186163 -721768 -4.65661e-09 -7.52449e-08
3.25352e+06 0.009345 -0.105552 -9.02014e-16 -1.25244e-17 -186103 -721661 -9.44419e-09 -1.27446e-07
3.19821e+06 0.00973282 -0.109957 -9.17489e-16 9.10762e-18 -188788 -720758 -9.14952e-09 9.26773e-08
3.20077e+06 0.00976616 -0.110322 -3.27106e-15 6.25681e-17 -188384 -720631 -3.24508e-08 6.3668e-07
3.20285e+06 0.00979865 -0.110677 -2.33704e-15 4.82546e-17 -187982 -720506 -2.31594e-08 4.91029e-07
3.20459e+06 0.00983026 -0.111025 -1.64863e-15 3.77962e-17 -187674 -720392 -1.62763e-08 3.84606e-07
3.20605e+06 0.009861 -0.111365 -1.34731e-15 3.44094e-17 -187435 -720287 -1.32823e-08 3.50143e-07
3.2075e+06 0.00989043 -0.111689 -1.27072e-15 3.29009e-17 -187185 -720185 -1.24564e-08 3.34793e-07
3.20866e+06 0.0099192 -0.112007 -4.75546e-16 -1.51691e-18 -186933 -720084 -4.69299e-09 -1.54358e-08
3.2095e+06 0.00994602 -0.112304 -6.47467e-16 -1.64738e-18 -186746 -719995 -6.29007e-09 -1.67634e-08
3.21022e+06 0.00997231 -0.112596 -1.23536e-15 1.84656e-17 -186591 -719910 -1.2049e-08 1.87902e-07
3.21085e+06 0.00999805 -0.112882 -1.91407e-16 1.55981e-19 -186423 -719826 -1.89539e-09 1.58723e-09
3.21137e+06 0.0100238 -0.113169 -6.41037e-16 1.40775e-17 -186265 -719743 -6.23186e-09 1.4325e-07
3.21165e+06 0.0100494 -0.113455 -1.98134e-16 7.18789e-18 -186165 -719666 -1.97542e-09 7.31425e-08
3.21186e+06 0.0100753 -0.113745 -7.62286e-17 3.33898e-18 -186074 -719588 -7.71252e-10 3.39768e-08
3.21209e+06 0.0101005 -0.114027 -1.77864e-16 5.51494e-18 -186000 -719514 -1.73895e-09 5.61189e-08
3.19429e+06 0.0100969 -0.113981 7.13784e-17 -2.44824e-18 -189245 -717892 1.08412e-08 -2.49128e-08
3.19724e+06 0.0100983 -0.114008 -1.71491e-15 5.58363e-17 -188981 -718918 -6.60402e-08 5.68179e-07
3.19918e+06 0.010101 -0.114102 -2.52444e-16 -2.91901e-18 -188845 -719743 -2.4811e-09 -2.97033e-08
3.19968e+06 0.0101262 -0.114388 -7.60053e-16 1.16799e-17 -188722 -719670 -7.19228e-09 1.18853e-07
3.19988e+06 0.010154 -0.1147 -2.26309e-17 -4.1701e-18 -188621 -719587 -1.96451e-10 -4.24341e-08
3.19999e+06 0.0101827 -0.115021 -4.9042e-16 2.9397e-18 -188522 -719503 -4.60932e-09 2.99138e-08
3.17462e+06 0.0101759 -0.114921 -2.87704e-16 5.23594e-18 -192944 -715859 5.52245e-09 5.32799e-08
3.17895e+06 0.0101775 -0.11495 -2.33437e-15 7.54461e-17 -192492 -716947 -9.8109e-08 7.67725e-07
3.18251e+06 0.010179 -0.114977 -2.99705e-16 -9.63725e-18 -192149 -717978 4.88217e-09 -9.80668e-08
3.17236e+06 0.0101774 -0.114939 2.66493e-16 -2.1293e-17 -191642 -716505 3.35167e-08 -2.16674e-07
3.17562e+06 0.0101788 -0.114966 -1.30373e-16 -1.4694e-17 -191334 -717513 1.34896e-08 -1.49523e-07
3.17833e+06 0.0101802 -0.114993 -3.52335e-16 -1.80653e-18 -191120 -718559 2.07729e-09 -1.83829e-08
3.18053e+06 0.0101804 -0.115036 -1.93222e-15 4.36564e-17 -190986 -719584 -3.83225e-08 4.44239e-07
3.18075e+06 0.0102044 -0.11533 1.18115e-15 -3.16701e-17 -190902 -719641 1.10776e-08 -3.22269e-07
3.18084e+06 0.0102323 -0.115644 -5.52481e-16 2.04044e-18 -190820 -719560 -5.1441e-09 2.07631e-08
3.18084e+06 0.0102608 -0.115965 -5.29066e-16 2.81575e-18 -190740 -719479 -4.89308e-09 2.86525e-08
3.18089e+06 0.0102889 -0.116282 6.25434e-17 2.10359e-18 -190661 -719398 5.60249e-10 2.14057e-08
3.18092e+06 0.0103171 -0.116599 7.95416e-16 3.07742e-18 -190582 -719318 7.31234e-09 3.13152e-08
3.18094e+06 0.0103451 -0.116916 1.28151e-15 2.7336e-18 -190505 -719239 1.17943e-08 2.78166e-08
3.18096e+06 0.0103732 -0.117232 1.29896e-15 2.78432e-18 -190430 -719160 1.19326e-08 2.83327e-08
3.18095e+06 0.0104011 -0.117547 1.35023e-15 2.42323e-18 -190358 -719082 1.23036e-08 2.46583e-08
3.18093e+06 0.0104289 -0.117861 1.4126e-15 1.71998e-18 -190290 -719005 1.28312e-08 1.75021e-08
3.18091e+06 0.0104567 -0.118175 1.44195e-15 1.92598e-18 -190222 -718929 1.30749e-08 1.95984e-08
3.18087e+06 0.0104844 -0.118489 1.48808e-15 1.92019e-18 -190156 -718853 1.3395e-08 1.95394e-08
3.18083e+06 0.0105121 -0.118802 1.55001e-15 1.38298e-18 -190091 -718777 1.39771e-08 1.40729e-08
3.18077e+06 0.0105397 -0.119115 1.58865e-15 1.43201e-18 -190028 -718702 1.42099e-08 1.45718e-08
3.18071e+06 0.0105673 -0.119428 1.63456e-15 1.24131e-18 -189965 -718628 1.46138e-08 1.26313e-08
3.18064e+06 0.0105949 -0.11974 1.66332e-15 1.42333e-18 -189903 -718554 1.47629e-08 1.44835e-08
3.18057e+06 0.0106224 -0.120052 1.6999e-15 1.41545e-18 -189841 -718480 1.5094e-08 1.44033e-08
3.1805e+06 0.0106499 -0.120364 1.70713e-15 1.44166e-18 -189780 -718407 1.50867e-08 1.467e-08
3.18042e+06 0.0106774 -0.120676 1.59314e-15 8.83826e-19 -189720 -718334 1.40244e-08 8.99364e-09
3.18033e+06 0.0107048 -0.120987 1.47505e-15 6.98434e-19 -189661 -718262 1.29548e-08 7.10712e-09
3.18024e+06 0.0107321 -0.121298 1.3288e-15 5.11986e-19 -189604 -718190 1.16233e-08 5.20987e-09
3.18014e+06 0.0107594 -0.121608 1.12273e-15 4.34976e-19 -189547 -718119 9.79344e-09 4.42623e-09
3.18002e+06 0.0107867 -0.121919 9.3665e-16 1.97103e-19 -189492 -718048 8.08359e-09 2.00568e-09
3.17991e+06 0.010814 -0.122229 7.67619e-16 -4.40394e-19 -189438 -717977 6.61021e-09 -4.48136e-09
3.17978e+06 0.0108412 -0.122539 5.98679e-16 -2.26798e-19 -189385 -717907 5.10408e-09 -2.30785e-09
3.17965e+06 0.0108684 -0.122849 4.97791e-16 -5.32937e-19 -189333 -717838 4.23461e-09 -5.42306e-09
3.1795e+06 0.0108956 -0.123159 4.4111e-16 -6.40644e-19 -189283 -717769 3.7071e-09 -6.51907e-09
3.17936e+06 0.0109227 -0.123469 3.8816e-16 -8.44774e-19 -189233 -717700 3.22689e-09 -8.59625e-09
3.1792e+06 0.0109498 -0.123779 3.21084e-16 -9.74435e-19 -189184 -717632 2.67028e-09 -9.91565e-09
3.17904e+06 0.010977 -0.124088 2.84367e-16 -1.1239e-18 -189136 -717564 2.32467e-09 -1.14365e-08
3.17888e+06 0.0110041 -0.124399 2.27293e-16 -1.23461e-18 -189087 -717496 1.89175e-09 -1.25631e-08
3.17871e+06 0.0110313 -0.124709 1.85038e-16 -1.43613e-18 -189040 -717429 1.47702e-09 -1.46138e-08
3.17853e+06 0.0110584 -0.12502 1.29418e-16 -1.54171e-18 -188992 -717362 9.67702e-10 -1.56881e-08
3.17832e+06 0.0110856 -0.12533 1.08361e-16 -1.73774e-18 -188945 -717295 8.36735e-10 -1.76829e-08
3.17813e+06 0.0111129 -0.125643 1.09188e-16 -2.63862e-18 -188900 -717228 8.00355e-10 -2.685e-08
3.17791e+06 0.0111401 -0.125956 9.31185e-17 -2.14647e-18 -188855 -717162 6.6575e-10 -2.18421e-08
3.17769e+06 0.0111674 -0.126268 1.20841e-16 -3.20695e-18 -188810 -717096 8.80391e-10 -3.26332e-08
3.17745e+06 0.0111948 -0.126582 1.2574e-16 -3.3037e-18 -188765 -717030 9.24047e-10 -3.36178e-08
3.1772e+06 0.0112222 -0.126897 1.95555e-16 -4.18131e-18 -188722 -716964 1.49157e-09 -4.25482e-08
3.17693e+06 0.0112497 -0.127212 1.86851e-16 -4.22483e-18 -188679 -716899 1.47702e-09 -4.2991e-08
3.17665e+06 0.0112772 -0.127528 2.1941e-16 -4.65465e-18 -188636 -716833 1.67711e-09 -4.73648e-08
3.17635e+06 0.0113048 -0.127846 2.64954e-16 -4.97029e-18 -188594 -716768 2.05182e-09 -5.05767e-08
3.17603e+06 0.0113324 -0.128164 2.85616e-16 -5.2959e-18 -188552 -716703 2.21553e-09 -5.389e-08
3.17569e+06 0.0113603 -0.128484 3.23698e-16 -5.78907e-18 -188512 -716638 2.50293e-09 -5.89085e-08
3.17533e+06 0.0113882 -0.128807 3.56155e-16 -6.36812e-18 -188471 -716573 2.75395e-09 -6.48007e-08
3.17494e+06 0.0114164 -0.129131 3.72183e-16 -7.07034e-18 -188431 -716508 2.86309e-09 -7.19464e-08
3.1745e+06 0.0114448 -0.129459 3.75369e-16 -7.89593e-18 -188393 -716443 2.87037e-09 -8.03474e-08
3.17403e+06 0.0114736 -0.129791 3.7429e-16 -9.48113e-18 -188356 -716377 2.84126e-09 -9.64781e-08
3.17351e+06 0.0115027 -0.130127 4.52076e-16 -1.01561e-17 -188320 -716311 3.39787e-09 -1.03346e-07
3.17294e+06 0.0115321 -0.130467 5.0382e-16 -1.12035e-17 -188285 -716245 3.83079e-09 -1.14004e-07
3.17232e+06 0.011562 -0.130812 5.52044e-16 -1.27043e-17 -188253 -716179 4.22369e-09 -1.29277e-07
3.17164e+06 0.0115923 -0.131163 5.36967e-16 -1.43426e-17 -188222 -716111 4.05271e-09 -1.45947e-07
3.17092e+06 0.0116231 -0.13152 5.01843e-16 -1.57115e-17 -188194 -716044 3.77622e-09 -1.59878e-07
3.17012e+06 0.0116543 -0.131882 5.28696e-16 -1.70129e-17 -188167 -715976 3.93266e-09 -1.7312e-07
3.16926e+06 0.011686 -0.132251 5.92654e-16 -1.87092e-17 -188143 -715907 4.47108e-09 -1.90381e-07
3.16835e+06 0.0117183 -0.132625 7.02248e-16 -2.02607e-17 -188121 -715838 5.27143e-09 -2.06169e-07
3.16738e+06 0.0117509 -0.133005 7.88367e-16 -2.11645e-17 -188101 -715769 5.88625e-09 -2.15365e-07
3.16637e+06 0.011784 -0.13339 1.01757e-15 -2.41538e-17 -188083 -715699 7.64339e-09 -2.45784e-07
3.11212e+06 0.0121316 -0.137535 4.9052e-15 -6.39528e-17 -190150 -715168 3.54739e-08 -6.50771e-07
3.11543e+06 0.0121602 -0.137856 -5.7712e-15 8.42277e-17 -189745 -715080 -4.21387e-08 8.57084e-07
3.11826e+06 0.0121886 -0.138178 -2.63275e-16 -8.13138e-18 -189407 -714999 -2.10275e-09 -8.27433e-08
3.12032e+06 0.0122155 -0.138487 -4.02911e-15 5.58888e-17 -189182 -714930 -2.93003e-08 5.68713e-07
3.12219e+06 0.0122422 -0.138793 -2.91306e-15 4.33295e-17 -188961 -714862 -2.12422e-08 4.40912e-07
3.12382e+06 0.0122679 -0.139089 2.4341e-16 -3.99351e-18 -188767 -714798 1.55705e-09 -4.06372e-08
3.12515e+06 0.0122923 -0.139372 -2.27349e-15 3.44407e-17 -188650 -714742 -1.6491e-08 3.50462e-07
3.12633e+06 0.0123166 -0.139655 -1.92686e-15 3.07371e-17 -188541 -714688 -1.39371e-08 3.12774e-07
3.12701e+06 0.0123424 -0.139956 8.35522e-16 -7.25257e-18 -188450 -714633 5.7189e-09 -7.38007e-08
3.12722e+06 0.0123689 -0.140267 -1.26903e-16 -1.82608e-18 -188395 -714579 -1.10595e-09 -1.85818e-08
3.12736e+06 0.012395 -0.140574 -9.18816e-16 5.34228e-18 -188365 -714529 -6.75209e-09 5.4362e-08
3.12747e+06 0.0124206 -0.140876 -1.09676e-15 4.42792e-18 -188348 -714480 -7.96717e-09 4.50576e-08
3.12748e+06 0.0124452 -0.141167 -1.24314e-15 1.05936e-18 -188326 -714433 -8.93488e-09 1.07799e-08
3.12745e+06 0.0124695 -0.141454 -1.42545e-15 1.99866e-18 -188304 -714387 -1.02809e-08 2.0338e-08
3.12741e+06 0.0124938 -0.141741 -1.50635e-15 1.3906e-18 -188282 -714341 -1.07757e-08 1.41504e-08
3.12733e+06 0.0125175 -0.142021 -1.75753e-15 2.18325e-18 -188255 -714296 -1.25146e-08 2.22163e-08
3.12723e+06 0.0125412 -0.1423 -1.76009e-15 8.35871e-19 -188229 -714252 -1.24855e-08 8.50565e-09
3.12713e+06 0.0125648 -0.14258 -1.81658e-15 2.81881e-19 -188205 -714208 -1.27766e-08 2.86836e-09
3.0157e+06 0.0125371 -0.142067 -1.11899e-14 3.39051e-16 -199068 -695572 -4.57643e-07 3.45012e-06
3.0198e+06 0.0125385 -0.142096 -3.86893e-15 8.81169e-17 -198665 -696626 -1.06309e-07 8.9666e-07
3.02354e+06 0.0125399 -0.142123 -1.24139e-15 -3.69418e-18 -198316 -697634 1.9827e-08 -3.75912e-08
3.02725e+06 0.0125413 -0.142151 -3.38395e-15 7.1853e-17 -197971 -698638 -8.30296e-08 7.31162e-07
3.03094e+06 0.0125426 -0.142178 -3.3686e-15 7.15568e-17 -197628 -699641 -8.21565e-08 7.28148e-07
3.03464e+06 0.012544 -0.142205 -3.35824e-15 7.12836e-17 -197285 -700643 -8.17781e-08 7.25368e-07
3.03832e+06 0.0125454 -0.142232 -3.34981e-15 7.10337e-17 -196943 -701644 -8.14216e-08 7.22824e-07
3.042e+06 0.0125467 -0.142259 -3.34309e-15 7.07762e-17 -196602 -702643 -8.11524e-08 7.20204e-07
3.04566e+06 0.0125481 -0.142286 -3.32317e-15 7.03641e-17 -196264 -703641 -7.99992e-08 7.16011e-07
3.04917e+06 0.0125494 -0.142313 -3.32072e-15 7.01897e-17 -195944 -704628 -7.99628e-08 7.14236e-07
3.05201e+06 0.0125507 -0.142339 -1.07446e-15 -7.67825e-18 -195714 -705568 2.79142e-08 -7.81323e-08
3.05453e+06 0.0125518 -0.142364 -2.66388e-15 4.9858e-17 -195522 -706488 -4.84652e-08 5.07345e-07
3.05701e+06 0.012553 -0.142388 -2.55573e-15 4.616e-17 -195336 -707405 -4.32228e-08 4.69715e-07
3.05948e+06 0.0125542 -0.142413 -2.58152e-15 4.68626e-17 -195152 -708323 -4.44052e-08 4.76864e-07
3.06191e+06 0.0125554 -0.142438 -2.5603e-15 4.64601e-17 -194975 -709247 -4.34884e-08 4.72769e-07
3.06422e+06 0.0125566 -0.142464 -2.50817e-15 4.54361e-17 -194820 -710195 -4.13347e-08 4.62348e-07
3.06622e+06 0.0125579 -0.142492 -2.24868e-15 3.8812e-17 -194723 -711220 -2.97259e-08 3.94943e-07
3.06809e+06 0.0125592 -0.142522 -2.04549e-15 3.35922e-17 -194645 -712271 -2.16132e-08 3.41828e-07
3.0699e+06 0.0125598 -0.142559 -1.97801e-15 3.22416e-17 -194571 -713279 -1.86337e-08 3.28084e-07
3.07148e+06 0.0125587 -0.142625 -6.33412e-16 -4.63786e-18 -194506 -714154 1.03173e-08 -4.71939e-08
3.0723e+06 0.0125641 -0.142793 -1.09843e-16 -9.93571e-18 -194454 -714669 1.33186e-08 -1.01104e-07
3.07236e+06 0.0125862 -0.143071 8.65084e-16 -3.94856e-18 -194414 -714648 1.18271e-08 -4.01797e-08
3.07239e+06 0.0126093 -0.143352 8.78365e-16 3.2901e-18 -194375 -714607 1.1958e-08 3.34794e-08
3.07242e+06 0.0126326 -0.143633 1.35865e-15 1.17133e-18 -194337 -714564 1.35587e-08 1.19193e-08
3.07243e+06 0.0126561 -0.143914 1.82691e-15 -1.79554e-19 -194300 -714521 1.22127e-08 -1.8271e-09
3.07245e+06 0.0126797 -0.144194 2.06686e-15 -9.67799e-19 -194265 -714476 1.37989e-08 -9.84812e-09
3.07245e+06 0.0127032 -0.144473 2.2744e-15 -1.56914e-18 -194232 -714433 1.51704e-08 -1.59672e-08
3.07244e+06 0.0127265 -0.144751 2.48191e-15 -2.31543e-18 -194201 -714389 1.64764e-08 -2.35613e-08
3.07242e+06 0.0127498 -0.145029 2.67007e-15 -2.92402e-18 -194174 -714347 1.76624e-08 -2.97542e-08
3.0724e+06 0.0127729 -0.145305 2.84155e-15 -3.40649e-18 -194147 -714305 1.8772e-08 -3.46637e-08
3.07236e+06 0.0127961 -0.145581 3.00265e-15 -3.82027e-18 -194122 -714263 1.97761e-08 -3.88743e-08
3.07232e+06 0.0128191 -0.145857 3.15024e-15 -4.10612e-18 -194097 -714221 2.07001e-08 -4.17831e-08
3.07228e+06 0.0128421 -0.146131 3.29585e-15 -4.4168e-18 -194073 -714180 2.16096e-08 -4.49444e-08
3.07223e+06 0.0128651 -0.146406 3.43523e-15 -4.69391e-18 -194049 -714139 2.24354e-08 -4.77643e-08
3.07218e+06 0.0128879 -0.146679 3.5702e-15 -5.01237e-18 -194025 -714099 2.32394e-08 -5.10049e-08
3.07212e+06 0.0129107 -0.146952 3.69597e-15 -5.2405e-18 -194002 -714059 2.39925e-08 -5.33262e-08
3.04711e+06 0.0129042 -0.146847 2.7815e-15 4.884e-18 -198251 -710310 -1.90739e-08 4.96986e-08
3.05053e+06 0.0129054 -0.146873 9.19619e-16 6.6951e-17 -197929 -711264 -1.0752e-07 6.8128e-07
3.05347e+06 0.0129066 -0.146898 2.86154e-15 -9.43835e-18 -197669 -712186 -1.51413e-08 -9.60428e-08
3.05572e+06 0.0129078 -0.146922 1.50051e-15 4.36879e-17 -197499 -713067 -7.7227e-08 4.44559e-07
3.05741e+06 0.0129069 -0.146963 2.41331e-15 -8.48443e-18 -197421 -713965 -7.62884e-09 -8.63359e-08
3.05793e+06 0.0129159 -0.147154 1.47359e-15 -1.92813e-17 -197379 -714307 8.68749e-09 -1.96203e-07
3.0579e+06 0.012938 -0.147426 2.92664e-16 -1.07568e-18 -197338 -714269 1.03319e-09 -1.09459e-08
3.05786e+06 0.0129607 -0.147699 3.5163e-17 7.81801e-19 -197301 -714229 2.03727e-10 7.95545e-09
3.05781e+06 0.0129834 -0.147972 1.41165e-16 2.86695e-19 -197265 -714188 9.20409e-10 2.91735e-09
3.05774e+06 0.0130059 -0.148242 2.16115e-16 1.46139e-19 -197232 -714149 1.39335e-09 1.48708e-09
3.05766e+06 0.0130282 -0.148511 3.12147e-16 -5.62878e-19 -197204 -714110 2.0118e-09 -5.72773e-09
3.05756e+06 0.0130504 -0.148777 3.99893e-16 -1.19917e-18 -197180 -714071 2.59388e-09 -1.22025e-08
3.05745e+06 0.0130724 -0.149043 4.43569e-16 -1.24127e-18 -197157 -714034 2.83399e-09 -1.26309e-08
3.05733e+06 0.0130944 -0.149309 4.63749e-16 -1.23625e-18 -197133 -713996 2.9795e-09 -1.25798e-08
3.05391e+06 0.0131101 -0.149498 6.26365e-15 -8.75966e-17 -197129 -713970 3.9232e-08 -8.91366e-07
3.05284e+06 0.0131302 -0.149741 1.61e-15 -2.74325e-17 -197111 -713936 1.01354e-08 -2.79147e-07
3.04853e+06 0.0131405 -0.14994 1.43884e-15 -1.32322e-17 -198734 -714043 8.93488e-09 -1.34648e-07
3.04655e+06 0.0131583 -0.150164 4.28397e-15 -5.6935e-17 -198875 -714026 2.65318e-08 -5.79359e-07
3.04621e+06 0.0131793 -0.150427 7.66637e-16 -1.27489e-17 -199019 -714003 4.76939e-09 -1.2973e-07
3.04471e+06 0.013197 -0.150671 3.04924e-15 -4.35782e-17 -199643 -714022 1.88229e-08 -4.43443e-07
3.04218e+06 0.0132147 -0.150881 5.33256e-15 -7.15461e-17 -199535 -713986 3.27309e-08 -7.28039e-07
3.04154e+06 0.0132356 -0.151132 1.29743e-15 -2.07901e-17 -199460 -713947 7.99264e-09 -2.11556e-07
3.04167e+06 0.0132578 -0.1514 -6.74068e-16 5.10609e-18 -199394 -713907 -4.02724e-09 5.19585e-08
3.04179e+06 0.01328 -0.151667 -8.03281e-16 4.90789e-18 -199330 -713867 -4.78394e-09 4.99417e-08
3.04116e+06 0.0133008 -0.151918 6.7997e-16 -1.86261e-17 -199267 -713830 4.24188e-09 -1.89536e-07
3.04126e+06 0.0133229 -0.152184 -4.81598e-16 4.82617e-18 -199205 -713791 -2.77214e-09 4.91101e-08
3.04136e+06 0.0133449 -0.15245 3.01022e-16 3.80371e-18 -199145 -713753 1.88811e-09 3.87058e-08
3.04143e+06 0.0133668 -0.152715 5.74551e-16 3.23727e-18 -199086 -713714 3.52156e-09 3.29418e-08
3.04147e+06 0.0133887 -0.15298 7.65578e-16 2.17198e-18 -199031 -713677 4.68572e-09 2.21017e-08
3.04147e+06 0.0134106 -0.153245 9.45333e-16 9.49507e-19 -198983 -713640 5.74801e-09 9.66199e-09
3.0407e+06 0.0134312 -0.153496 1.49976e-15 -1.96676e-17 -198939 -713605 9.04765e-09 -2.00133e-07
3.04063e+06 0.0134534 -0.153765 -5.92435e-16 6.93947e-19 -198898 -713569 -3.43789e-09 7.06146e-09
3.04052e+06 0.0134757 -0.154037 -1.43857e-15 -6.86821e-19 -198857 -713532 -8.38918e-09 -6.98895e-09
3.04036e+06 0.0134981 -0.15431 -1.67421e-15 -1.71826e-18 -198820 -713496 -9.79344e-09 -1.74846e-08
3.04013e+06 0.0135205 -0.154583 -1.34984e-15 -4.22501e-18 -198787 -713460 -7.80346e-09 -4.29928e-08
3.03988e+06 0.0135429 -0.154856 -1.10685e-15 -4.8684e-18 -198758 -713425 -6.38101e-09 -4.95399e-08
3.03889e+06 0.0135639 -0.155113 4.03256e-16 -1.76846e-17 -198736 -713392 2.48474e-09 -1.79955e-07
3.03864e+06 0.0135862 -0.155386 -2.82733e-16 -3.84519e-18 -198715 -713358 -1.48793e-09 -3.91279e-08
3.03836e+06 0.0136083 -0.155657 3.02741e-17 -6.50371e-18 -198695 -713324 3.2378e-10 -6.61804e-08
3.03807e+06 0.0136304 -0.155928 7.46938e-17 -5.91069e-18 -198677 -713291 5.63887e-10 -6.0146e-08
3.03777e+06 0.0136524 -0.156199 1.48213e-16 -6.34078e-18 -198662 -713258 1.02227e-09 -6.45225e-08
3.03746e+06 0.0136743 -0.156468 1.92332e-16 -6.44346e-18 -198648 -713226 1.28784e-09 -6.55674e-08
2.96146e+06 0.0136534 -0.156103 1.82713e-16 3.59965e-18 -210550 -700281 7.31234e-10 3.66293e-08
2.96554e+06 0.0136547 -0.156131 -2.14276e-15 8.25852e-17 -210137 -701293 -1.07477e-07 8.40371e-07
2.96895e+06 0.013656 -0.156157 5.07166e-16 -1.43898e-17 -209817 -702217 1.60908e-08 -1.46428e-07
2.97156e+06 0.013657 -0.156179 -1.28172e-15 5.3109e-17 -209575 -703033 -6.73463e-08 5.40426e-07
2.97415e+06 0.0136581 -0.156201 -1.2313e-15 5.1424e-17 -209334 -703847 -6.50216e-08 5.2328e-07
2.97672e+06 0.0136591 -0.156224 -1.23003e-15 5.16519e-17 -209095 -704659 -6.50725e-08 5.256e-07
2.97928e+06 0.0136602 -0.156246 -1.21554e-15 5.10164e-17 -208860 -705466 -6.44141e-08 5.19133e-07
2.98181e+06 0.0136612 -0.156268 -1.19927e-15 5.07005e-17 -208627 -706271 -6.35919e-08 5.15918e-07
2.98426e+06 0.0136622 -0.15629 -1.18587e-15 5.04055e-17 -208407 -707070 -6.28388e-08 5.12916e-07
2.98619e+06 0.0136632 -0.156311 3.23139e-16 -9.52422e-18 -208256 -707837 7.37055e-09 -9.69165e-08
2.98704e+06 0.013664 -0.156329 6.18721e-16 -1.94355e-17 -208136 -708517 2.11949e-08 -1.97772e-07
2.98874e+06 0.0136649 -0.15635 -6.49625e-16 3.30305e-17 -208020 -709271 -3.80751e-08 3.36112e-07
2.99036e+06 0.0136658 -0.156371 -6.18369e-16 3.31274e-17 -207909 -710026 -3.65435e-08 3.37098e-07
2.99184e+06 0.0136667 -0.156392 -5.14256e-16 2.99867e-17 -207823 -710808 -3.0268e-08 3.05139e-07
2.99308e+06 0.0136672 -0.156418 -4.65506e-16 2.3994e-17 -207781 -711641 -1.97979e-08 2.44158e-07
2.99335e+06 0.0136662 -0.156452 8.20806e-16 -2.05284e-17 -207758 -712352 1.74514e-08 -2.08893e-07
2.9944e+06 0.013663 -0.156509 -7.47417e-16 2.40621e-17 -207737 -713012 -2.00889e-08 2.44851e-07
2.99509e+06 0.0136611 -0.156607 4.0689e-16 -5.4193e-18 -207721 -713646 4.43833e-09 -5.51457e-08
2.99421e+06 0.0136693 -0.156805 1.61446e-15 -2.89838e-17 -207712 -713834 1.79753e-08 -2.94933e-07
2.99212e+06 0.0136826 -0.157017 3.38808e-15 -5.2624e-17 -207708 -713878 2.11076e-08 -5.35491e-07
2.9918e+06 0.013703 -0.157279 1.09438e-16 -5.34935e-18 -207700 -713851 5.89353e-10 -5.44339e-08
2.99148e+06 0.0137234 -0.15754 2.23369e-16 -6.85024e-18 -207692 -713823 1.226e-09 -6.97067e-08
2.99115e+06 0.0137437 -0.157801 1.96121e-16 -6.4813e-18 -207687 -713795 1.10231e-09 -6.59524e-08
2.9908e+06 0.0137641 -0.158061 2.19265e-16 -6.93599e-18 -207683 -713768 1.21508e-09 -7.05792e-08
2.99045e+06 0.0137845 -0.158321 1.49389e-16 -5.77671e-18 -207680 -713740 8.22183e-10 -5.87827e-08
2.89166e+06 0.0137607 -0.157844 1.83974e-15 -4.89695e-17 -216086 -696571 7.8704e-08 -4.98303e-07
2.89587e+06 0.0137621 -0.157873 -2.23042e-15 8.70027e-17 -215666 -697607 -1.09612e-07 8.85322e-07
2.89928e+06 0.0137633 -0.157899 2.82792e-16 -1.0829e-17 -215355 -698541 6.61748e-09 -1.10194e-07
2.90206e+06 0.0137644 -0.157922 -1.52207e-15 5.75035e-17 -215102 -699387 -7.69214e-08 5.85144e-07
2.90481e+06 0.0137655 -0.157945 -1.37791e-15 5.37782e-17 -214853 -700228 -7.01875e-08 5.47236e-07
2.90751e+06 0.0137666 -0.157968 -1.40652e-15 5.49073e-17 -214612 -701062 -7.15372e-08 5.58725e-07
2.91016e+06 0.0137676 -0.157991 -1.3642e-15 5.3336e-17 -214380 -701886 -6.95509e-08 5.42736e-07
2.91272e+06 0.0137686 -0.158013 -1.3031e-15 5.14564e-17 -214156 -702696 -6.66623e-08 5.2361e-07
2.91527e+06 0.0137697 -0.158035 -1.27895e-15 5.07117e-17 -213935 -703503 -6.55709e-08 5.16033e-07
2.91779e+06 0.0137707 -0.158057 -1.28409e-15 5.0816e-17 -213719 -704306 -6.56946e-08 5.17094e-07
2.92016e+06 0.0137717 -0.158079 -1.24116e-15 4.97543e-17 -213524 -705091 -6.38429e-08 5.0629e-07
2.92212e+06 0.0137726 -0.158099 2.93703e-16 -7.97406e-18 -213383 -705849 7.26141e-09 -8.11424e-08
2.92374e+06 0.0137735 -0.158119 -7.36581e-16 3.44419e-17 -213292 -706584 -4.04179e-08 3.50474e-07
2.92528e+06 0.0137743 -0.158139 -5.13501e-16 2.86746e-17 -213211 -707313 -3.01261e-08 2.91787e-07
2.92679e+06 0.0137752 -0.158159 -5.34242e-16 2.92458e-17 -213132 -708039 -3.11265e-08 2.97599e-07
2.92825e+06 0.0137761 -0.158179 -5.305e-16 2.90558e-17 -213057 -708765 -3.09483e-08 2.95666e-07
2.92965e+06 0.0137769 -0.158199 -4.80146e-16 2.75935e-17 -212991 -709496 -2.84163e-08 2.80786e-07
2.93088e+06 0.0137778 -0.15822 3.04253e-16 -4.16085e-18 -212956 -710264 7.84712e-09 -4.234e-08
2.93193e+06 0.0137787 -0.158243 -3.86031e-16 2.14577e-17 -212952 -711080 -2.33704e-08 2.1835e-07
2.9329e+06 0.0137797 -0.158267 -2.90144e-16 1.73007e-17 -212958 -711910 -1.79862e-08 1.76048e-07
2.93383e+06 0.0137803 -0.158295 -4.43902e-16 1.72372e-17 -212967 -712715 -1.4923e-08 1.75403e-07
2.93467e+06 0.0137791 -0.158339 -5.53635e-16 1.77177e-17 -212974 -713395 -1.30167e-08 1.80292e-07
2.9352e+06 0.0137779 -0.158429 4.31585e-16 -4.86097e-18 -212995 -713945 5.21686e-09 -4.94643e-08
2.93498e+06 0.0137874 -0.158635 6.4555e-16 -8.8419e-18 -213012 -714118 3.63798e-09 -8.99734e-08
2.93452e+06 0.0138064 -0.158883 9.17052e-16 -1.30192e-17 -213031 -714096 5.10408e-09 -1.32481e-07
2.91915e+06 0.0138035 -0.158815 1.49767e-15 -2.86556e-17 -213197 -711573 3.19815e-08 -2.91594e-07
2.92137e+06 0.0138044 -0.158835 -4.91987e-16 4.32372e-17 -213020 -712324 -5.96301e-08 4.39973e-07
2.92294e+06 0.0138053 -0.158855 8.7115e-16 -1.61127e-17 -212928 -713040 3.19051e-09 -1.6396e-07
2.924e+06 0.0138062 -0.158878 6.88456e-16 -7.29014e-18 -212917 -713855 -3.61979e-09 -7.4183e-08
2.92403e+06 0.0138198 -0.159052 1.1014e-15 -1.8215e-17 -212938 -714072 6.18456e-09 -1.85352e-07
2.92354e+06 0.0138394 -0.159306 3.25097e-16 -1.07283e-17 -212960 -714047 1.57161e-09 -1.09169e-07
2.9231e+06 0.0138584 -0.159554 3.8572e-16 -1.27116e-17 -212983 -714024 2.10639e-09 -1.2935e-07
2.92263e+06 0.0138779 -0.159804 1.90222e-16 -1.00467e-17 -213006 -713999 1.03682e-09 -1.02234e-07
2.92215e+06 0.0138973 -0.160053 3.1104e-16 -1.06242e-17 -213029 -713974 1.65164e-09 -1.08109e-07
2.9173e+06 0.0139185 -0.160431 2.41139e-15 -2.96244e-17 -214877 -714078 1.38389e-08 -3.01452e-07
2.90887e+06 0.0139233 -0.160617 2.46066e-15 -2.6677e-17 -217055 -714227 1.40135e-08 -2.7146e-07
2.90833e+06 0.0139409 -0.160853 1.4149e-15 -1.8048e-17 -217169 -714212 8.00719e-09 -1.83653e-07
2.90778e+06 0.0139594 -0.161087 8.41757e-16 -1.27735e-17 -217066 -714180 4.60204e-09 -1.2998e-07
2.90672e+06 0.0139763 -0.161312 1.75523e-15 -2.75127e-17 -217188 -714166 9.7134e-09 -2.79964e-07
2.90608e+06 0.0139941 -0.16155 5.22475e-16 -1.38918e-17 -217335 -714153 2.72121e-09 -1.4136e-07
2.90227e+06 0.0140045 -0.161722 2.88791e-15 -4.4252e-17 -217956 -714183 1.57743e-08 -4.50299e-07
2.8681e+06 0.014215 -0.164481 1.47564e-14 -1.91631e-16 -218946 -713974 7.4564e-08 -1.95e-06
