20834 8.69655e-05 0.000259183 0.000439942 0.000591142 0.0007
41668 0.000173932 0.000518367 0.000879885 0.00118228 0.0014
62501.9 0.000260898 0.000777552 0.00131983 0.00177343 0.0021
83335.7 0.000347865 0.00103674 0.00175977 0.00236457 0.0028
104169 0.000434833 0.00129592 0.00219972 0.00295571 0.0035
125003 0.000521801 0.00155511 0.00263966 0.00354685 0.0042
145836 0.00060877 0.0018143 0.00307961 0.004138 0.0049
166670 0.00069574 0.00207349 0.00351955 0.00472914 0.0056
187503 0.00078271 0.00233268 0.0039595 0.00532029 0.0063
208335 0.000869682 0.00259187 0.00439945 0.00591143 0.007
229168 0.000956654 0.00285106 0.0048394 0.00650258 0.0077
250000 0.00104363 0.00311025 0.00527935 0.00709372 0.0084
270832 0.0011306 0.00336945 0.0057193 0.00768487 0.0091
291663 0.00121758 0.00362865 0.00615926 0.00827602 0.0098
312494 0.00130455 0.00388784 0.00659921 0.00886717 0.0105
333325 0.00139153 0.00414704 0.00703916 0.00945831 0.0112
354155 0.00147851 0.00440624 0.00747912 0.0100495 0.0119
374980 0.00156548 0.00466545 0.00791911 0.0106406 0.0126
395614 0.00165223 0.00492505 0.00836011 0.0112324 0.0133
416138 0.00173876 0.00518444 0.00880123 0.0118243 0.014
436466 0.00182469 0.00544246 0.0092415 0.0124162 0.0147
456667 0.00191045 0.00570065 0.00968235 0.0130085 0.0154
476713 0.00199616 0.00595934 0.0101241 0.0136012 0.0161
496526 0.00208207 0.00621831 0.0105662 0.0141944 0.0168
516199 0.00216778 0.00647677 0.011008 0.0147876 0.0175
535796 0.00225336 0.00673519 0.0114499 0.015381 0.0182
555081 0.00233825 0.0069925 0.0118906 0.0159735 0.0189
574237 0.00242346 0.00725042 0.0123317 0.0165662 0.0196
593132 0.00250846 0.00750806 0.012773 0.0171593 0.0203
611766 0.00259306 0.00776584 0.0132153 0.0177531 0.021
630262 0.00267742 0.00802348 0.0136577 0.0183469 0.0217
648480 0.00276082 0.00827875 0.0140975 0.0189395 0.0224
666298 0.00284355 0.008533 0.0145372 0.0195326 0.0231
683917 0.00292652 0.00878827 0.0149782 0.0201263 0.0238
701490 0.00300949 0.00904355 0.0154193 0.0207202 0.0245
718881 0.00309199 0.00929797 0.01586 0.0213141 0.0252
735966 0.00317461 0.00955263 0.0163013 0.0219086 0.0259
752710 0.00325729 0.00980705 0.0167417 0.0225022 0.0266
769241 0.00334031 0.0100622 0.0171827 0.0230959 0.0273
785637 0.00342292 0.0103165 0.0176229 0.0236893 0.028
801857 0.00350514 0.0105697 0.0180623 0.0242824 0.0287
817919 0.0035874 0.0108226 0.0185011 0.0248751 0.0294
833663 0.00366911 0.011074 0.0189376 0.0254665 0.0301
849272 0.0037514 0.0113262 0.0193749 0.0260582 0.0308
864702 0.00383583 0.0115806 0.0198133 0.0266501 0.0315
880031 0.00392069 0.0118355 0.0202521 0.0272422 0.0322
895140 0.00400508 0.0120894 0.0206896 0.0278333 0.0329
909993 0.00408912 0.0123424 0.021126 0.0284236 0.0336
924672 0.00417409 0.012597 0.0215635 0.0290145 0.0343
939276 0.00425933 0.0128518 0.0220015 0.0296056 0.035
953803 0.00434453 0.0131065 0.0224393 0.0301969 0.0357
968235 0.00442937 0.0133604 0.0228763 0.0307876 0.0364
982473 0.00451412 0.0136132 0.0233117 0.0313774 0.0371
996543 0.00459952 0.0138661 0.0237466 0.0319668 0.0378
1.01049e+06 0.00468603 0.0141203 0.0241823 0.0325565 0.0385
1.02435e+06 0.00477261 0.0143742 0.0246173 0.0331455 0.0392
1.03813e+06 0.0048596 0.0146285 0.0250522 0.0337342 0.0399
1.0519e+06 0.0049466 0.0148829 0.0254873 0.034323 0.0406
1.06559e+06 0.00503399 0.0151375 0.0259223 0.0349116 0.0413
1.0792e+06 0.00512157 0.0153923 0.0263573 0.0354999 0.042
1.09277e+06 0.00520946 0.0156476 0.0267925 0.0360883 0.0427
1.10626e+06 0.00529744 0.0159028 0.0272275 0.0366765 0.0434
1.11965e+06 0.00538523 0.0161574 0.0276615 0.0372639 0.0441
1.13291e+06 0.00547301 0.0164117 0.0280948 0.0378505 0.0448
1.14608e+06 0.0055613 0.0166667 0.0285287 0.0384374 0.0455
1.15918e+06 0.00564991 0.016922 0.0289625 0.0390241 0.0462
1.17209e+06 0.00574025 0.0171787 0.029397 0.0396109 0.0469
1.1849e+06 0.00583108 0.0174359 0.0298314 0.0401976 0.0476
1.19756e+06 0.00592253 0.0176935 0.0302659 0.0407842 0.0483
1.21008e+06 0.00601384 0.0179504 0.0306992 0.0413698 0.049
1.22256e+06 0.00610501 0.0182069 0.0311323 0.0419553 0.0497
1.23496e+06 0.00619603 0.0184635 0.0315655 0.0425407 0.0504
1.24729e+06 0.00628739 0.0187203 0.0319985 0.0431258 0.0511
1.25959e+06 0.00637907 0.0189774 0.032432 0.043711 0.0518
1.27177e+06 0.00647156 0.0192357 0.0328663 0.0442968 0.0525
1.28391e+06 0.00656433 0.0194945 0.0333011 0.0448828 0.0532
1.29599e+06 0.00665693 0.019753 0.0337355 0.0454686 0.0539
1.30795e+06 0.006749 0.0200101 0.0341682 0.0460531 0.0546
1.31985e+06 0.00684142 0.0202676 0.0346013 0.0466376 0.0553
1.33166e+06 0.00693428 0.020526 0.035035 0.0472225 0.056
1.34342e+06 0.00702768 0.0207851 0.0354692 0.0478075 0.0567
1.35513e+06 0.00712141 0.0210445 0.0359035 0.0483924 0.0574
1.36677e+06 0.00721588 0.0213048 0.0363384 0.0489776 0.0581
1.37831e+06 0.0073116 0.0215664 0.0367741 0.0495633 0.0588
1.38978e+06 0.00740794 0.0218287 0.0372102 0.050149 0.0595
1.40123e+06 0.0075042 0.0220908 0.0376461 0.0507346 0.0602
1.41268e+06 0.00760041 0.022353 0.038082 0.0513203 0.0609
1.4241e+06 0.00769672 0.0226152 0.038518 0.0519059 0.0616
1.43547e+06 0.00779327 0.0228778 0.0389542 0.0524916 0.0623
1.44677e+06 0.00788999 0.0231406 0.0393904 0.0530772 0.063
1.45803e+06 0.00798653 0.023403 0.039826 0.0536623 0.0637
1.46925e+06 0.00808348 0.0236657 0.0402618 0.0542474 0.0644
1.48038e+06 0.00818089 0.0239293 0.0406982 0.0548328 0.0651
1.49145e+06 0.00827835 0.0241931 0.0411349 0.0554184 0.0658
1.50249e+06 0.0083759 0.0244572 0.041572 0.0560044 0.0665
1.51348e+06 0.00847409 0.024722 0.0420094 0.0565904 0.0672
1.52442e+06 0.0085727 0.024987 0.0424468 0.0571764 0.0679
1.53533e+06 0.00867118 0.0252517 0.0428839 0.0577621 0.0686
1.54621e+06 0.00876959 0.0255162 0.0433207 0.0583476 0.0693
1.55698e+06 0.00886843 0.0257811 0.0437576 0.058933 0.07
1.56766e+06 0.00896654 0.026045 0.0441932 0.0595175 0.0707
1.57829e+06 0.00906489 0.0263091 0.0446289 0.0601021 0.0714
1.58888e+06 0.00916344 0.0265733 0.0450645 0.0606865 0.0721
1.59947e+06 0.00926203 0.0268376 0.0455002 0.0612711 0.0728
1.61005e+06 0.00936063 0.0271019 0.045936 0.0618556 0.0735
1.62061e+06 0.00945926 0.0273663 0.0463718 0.0624402 0.0742
1.63116e+06 0.00955796 0.0276308 0.0468078 0.0630249 0.0749
1.64164e+06 0.00965772 0.0278967 0.0472447 0.0636101 0.0756
1.65209e+06 0.00975776 0.0281629 0.047682 0.0641955 0.0763
1.66252e+06 0.00985807 0.0284295 0.0481196 0.064781 0.077
1.67293e+06 0.00995838 0.0286962 0.0485572 0.0653666 0.0777
1.68332e+06 0.0100588 0.028963 0.0489949 0.0659521 0.0784
1.69369e+06 0.0101593 0.0292299 0.0494326 0.0665376 0.0791
1.70404e+06 0.0102599 0.0294967 0.0498702 0.0671232 0.0798
1.71438e+06 0.0103605 0.0297636 0.0503078 0.0677088 0.0805
1.7247e+06 0.010461 0.0300304 0.0507454 0.0682944 0.0812
1.73502e+06 0.0105616 0.0302972 0.0511831 0.0688802 0.0819
1.74532e+06 0.0106623 0.0305643 0.051621 0.0694662 0.0826
1.75557e+06 0.0107633 0.0308317 0.0520594 0.0700526 0.0833
1.76578e+06 0.0108648 0.0310998 0.0524983 0.0706391 0.084
1.77597e+06 0.0109664 0.0313681 0.0529373 0.0712257 0.0847
1.78613e+06 0.011068 0.0316365 0.0533768 0.0718125 0.0854
1.79626e+06 0.0111695 0.0319051 0.0538163 0.0723992 0.0861
1.80634e+06 0.0112718 0.0321745 0.0542565 0.0729862 0.0868
1.81636e+06 0.0113745 0.0324447 0.0546974 0.0735737 0.0875
1.82637e+06 0.0114771 0.032715 0.0551385 0.0741612 0.0882
1.83636e+06 0.0115796 0.0329851 0.0555794 0.0747486 0.0889
1.8463e+06 0.0116819 0.0332549 0.05602 0.0753358 0.0896
1.85622e+06 0.0117843 0.0335249 0.0564607 0.0759232 0.0903
1.86609e+06 0.0118866 0.0337949 0.0569014 0.0765105 0.091
1.87593e+06 0.0119888 0.0340648 0.057342 0.0770977 0.0917
1.88573e+06 0.0120906 0.0343342 0.0577821 0.0776845 0.0924
1.89549e+06 0.0121922 0.0346035 0.058222 0.0782711 0.0931
1.90524e+06 0.0122937 0.0348727 0.0586618 0.0788577 0.0938
1.91497e+06 0.0123951 0.0351418 0.0591017 0.0794444 0.0945
1.92469e+06 0.0124967 0.0354111 0.0595416 0.0800311 0.0952
1.93439e+06 0.0125984 0.0356806 0.0599818 0.080618 0.0959
1.94405e+06 0.0127004 0.0359503 0.0604222 0.0812051 0.0966
1.95369e+06 0.0128022 0.0362201 0.0608627 0.0817924 0.0973
1.96331e+06 0.012904 0.0364899 0.0613032 0.0823796 0.098
1.97293e+06 0.0130057 0.0367595 0.0617437 0.0829669 0.0987
1.98254e+06 0.0131075 0.0370291 0.0621841 0.0835541 0.0994
1.99212e+06 0.013209 0.0372984 0.0626242 0.0841411 0.1001
2.00167e+06 0.0133103 0.0375674 0.0630641 0.084728 0.1008
2.0112e+06 0.0134115 0.0378362 0.0635037 0.0853148 0.1015
2.02067e+06 0.0135134 0.038106 0.063944 0.0859018 0.1022
2.03013e+06 0.0136155 0.0383759 0.0643845 0.0864889 0.1029
2.03958e+06 0.0137176 0.0386459 0.0648251 0.0870761 0.1036
2.04902e+06 0.0138197 0.0389159 0.0652656 0.0876633 0.1043
2.05845e+06 0.0139217 0.0391859 0.0657062 0.0882504 0.105
2.06787e+06 0.0140238 0.0394559 0.0661468 0.0888376 0.1057
2.07727e+06 0.0141258 0.039726 0.066588 0.0894252 0.1064
2.08665e+06 0.014228 0.0399966 0.0670296 0.0900131 0.1071
2.09601e+06 0.0143304 0.0402673 0.0674714 0.0906011 0.1078
2.10536e+06 0.0144329 0.0405381 0.0679132 0.0911891 0.1085
2.11469e+06 0.0145354 0.040809 0.0683552 0.0917772 0.1092
2.124e+06 0.0146379 0.04108 0.0687972 0.0923652 0.1099
2.1333e+06 0.0147405 0.0413511 0.0692393 0.0929534 0.1106
2.14258e+06 0.014843 0.0416223 0.0696814 0.0935415 0.1113
2.15184e+06 0.0149456 0.0418935 0.0701236 0.0941297 0.112
2.16107e+06 0.0150481 0.0421647 0.0705659 0.094718 0.1127
2.17029e+06 0.0151505 0.042436 0.0710082 0.0953064 0.1134
2.17946e+06 0.015253 0.0427076 0.0714508 0.0958951 0.1141
2.18859e+06 0.0153559 0.0429797 0.0718939 0.0964841 0.1148
2.1977e+06 0.0154589 0.0432519 0.0723371 0.0970731 0.1155
2.2068e+06 0.0155618 0.0435242 0.0727802 0.0976622 0.1162
2.21587e+06 0.0156651 0.0437968 0.0732236 0.0982514 0.1169
2.22491e+06 0.0157683 0.0440694 0.0736671 0.0988407 0.1176
2.23394e+06 0.0158715 0.0443419 0.0741104 0.0994299 0.1183
2.24294e+06 0.0159749 0.0446147 0.0745539 0.100019 0.119
2.25193e+06 0.0160782 0.0448875 0.0749974 0.100608 0.1197
2.2609e+06 0.0161814 0.0451602 0.0754408 0.101198 0.1204
2.26985e+06 0.0162842 0.0454326 0.0758841 0.101787 0.1211
2.27879e+06 0.0163869 0.045705 0.0763274 0.102376 0.1218
2.28771e+06 0.0164893 0.0459773 0.0767707 0.102965 0.1225
2.29661e+06 0.0165916 0.0462496 0.0772142 0.103554 0.1232
2.3055e+06 0.0166938 0.0465219 0.0776577 0.104144 0.1239
2.31436e+06 0.0167959 0.0467941 0.0781011 0.104733 0.1246
2.32321e+06 0.0168981 0.0470662 0.0785445 0.105322 0.1253
2.33205e+06 0.0170001 0.0473382 0.0789878 0.105912 0.126
2.34088e+06 0.0171022 0.0476103 0.0794312 0.106501 0.1267
2.3497e+06 0.0172043 0.0478824 0.0798746 0.107091 0.1274
2.3585e+06 0.0173065 0.0481546 0.0803182 0.10768 0.1281
2.36728e+06 0.0174086 0.0484266 0.0807616 0.10827 0.1288
2.37605e+06 0.0175106 0.0486985 0.0812049 0.108859 0.1295
2.38481e+06 0.0176127 0.0489704 0.0816481 0.109448 0.1302
2.39354e+06 0.0177147 0.0492423 0.0820912 0.110037 0.1309
2.40226e+06 0.0178169 0.0495144 0.0825345 0.110627 0.1316
2.41097e+06 0.0179191 0.0497865 0.0829778 0.111216 0.1323
2.41966e+06 0.0180212 0.0500585 0.0834211 0.111805 0.133
2.42835e+06 0.0181233 0.0503306 0.0838644 0.112395 0.1337
2.43702e+06 0.0182254 0.0506026 0.0843078 0.112984 0.1344
2.44568e+06 0.0183275 0.0508746 0.0847512 0.113573 0.1351
2.45433e+06 0.0184296 0.0511466 0.0851945 0.114163 0.1358
2.46296e+06 0.0185316 0.0514187 0.0856382 0.114752 0.1365
2.47159e+06 0.0186337 0.0516909 0.0860821 0.115342 0.1372
2.48019e+06 0.0187357 0.051963 0.0865261 0.115932 0.1379
2.48878e+06 0.0188377 0.0522352 0.0869703 0.116522 0.1386
2.49733e+06 0.0189396 0.0525076 0.0874147 0.117112 0.1393
2.50588e+06 0.0190415 0.0527799 0.0878591 0.117703 0.14
2.51441e+06 0.0191434 0.0530522 0.0883035 0.118293 0.1407
2.52292e+06 0.0192455 0.0533247 0.0887482 0.118884 0.1414
2.5314e+06 0.0193476 0.0535973 0.0891929 0.119475 0.1421
2.53987e+06 0.0194497 0.05387 0.0896376 0.120066 0.1428
2.54833e+06 0.0195517 0.0541426 0.0900823 0.120657 0.1435
2.55678e+06 0.0196538 0.0544152 0.0905271 0.121248 0.1442
2.56521e+06 0.0197559 0.0546879 0.0909722 0.121839 0.1449
2.57363e+06 0.019858 0.0549607 0.0914173 0.12243 0.1456
2.58204e+06 0.01996 0.0552335 0.0918625 0.123021 0.1463
2.59044e+06 0.0200621 0.0555063 0.0923077 0.123612 0.147
2.59881e+06 0.020164 0.0557789 0.0927528 0.124203 0.1477
2.60717e+06 0.0202658 0.0560516 0.0931981 0.124795 0.1484
2.61551e+06 0.0203675 0.0563242 0.0936435 0.125386 0.1491
2.62384e+06 0.0204693 0.0565968 0.094089 0.125977 0.1498
2.63214e+06 0.0205707 0.0568692 0.0945343 0.126569 0.1505
2.64043e+06 0.0206719 0.0571415 0.0949796 0.12716 0.1512
2.6487e+06 0.020773 0.0574137 0.0954248 0.127751 0.1519
2.65695e+06 0.0208742 0.0576859 0.0958701 0.128343 0.1526
2.66518e+06 0.0209754 0.0579583 0.0963154 0.128934 0.1533
2.6734e+06 0.0210767 0.0582306 0.0967607 0.129525 0.154
2.6816e+06 0.0211779 0.0585031 0.0972062 0.130117 0.1547
2.68978e+06 0.0212791 0.0587757 0.0976519 0.130708 0.1554
2.69793e+06 0.0213802 0.0590484 0.0980977 0.1313 0.1561
2.70606e+06 0.0214814 0.0593212 0.0985438 0.131892 0.1568
2.71417e+06 0.0215828 0.0595944 0.0989901 0.132484 0.1575
2.72226e+06 0.0216842 0.0598675 0.0994365 0.133076 0.1582
2.73034e+06 0.0217857 0.0601407 0.099883 0.133668 0.1589
2.7384e+06 0.0218871 0.0604139 0.10033 0.13426 0.1596
2.74645e+06 0.0219884 0.0606871 0.100776 0.134853 0.1603
2.75448e+06 0.0220898 0.0609604 0.101223 0.135445 0.161
2.7625e+06 0.0221912 0.0612336 0.10167 0.136037 0.1617
2.7705e+06 0.0222925 0.0615069 0.102116 0.13663 0.1624
2.77848e+06 0.0223936 0.0617801 0.102563 0.137222 0.1631
2.78644e+06 0.0224945 0.0620531 0.10301 0.137815 0.1638
2.7944e+06 0.0225954 0.0623261 0.103456 0.138407 0.1645
2.80233e+06 0.0226962 0.0625991 0.103903 0.139 0.1652
2.81026e+06 0.022797 0.0628722 0.10435 0.139592 0.1659
2.81817e+06 0.0228978 0.0631451 0.104796 0.140185 0.1666
2.82606e+06 0.0229984 0.063418 0.105243 0.140777 0.1673
2.83394e+06 0.0230991 0.0636908 0.10569 0.14137 0.168
2.8418e+06 0.0231999 0.0639639 0.106137 0.141963 0.1687
2.84963e+06 0.0233009 0.0642372 0.106584 0.142556 0.1694
2.85745e+06 0.0234019 0.0645106 0.107031 0.143149 0.1701
2.86526e+06 0.0235028 0.0647837 0.107478 0.143742 0.1708
2.87305e+06 0.0236036 0.0650568 0.107925 0.144335 0.1715
2.88082e+06 0.0237045 0.0653297 0.108372 0.144928 0.1722
2.88858e+06 0.0238053 0.0656027 0.108819 0.145521 0.1729
2.89633e+06 0.0239061 0.0658756 0.109266 0.146114 0.1736
2.90407e+06 0.0240068 0.0661485 0.109713 0.146707 0.1743
2.91179e+06 0.0241076 0.0664214 0.110159 0.1473 0.175
2.91949e+06 0.0242082 0.0666942 0.110606 0.147893 0.1757
2.92718e+06 0.0243088 0.0669672 0.111054 0.148486 0.1764
2.93485e+06 0.0244095 0.0672403 0.111502 0.14908 0.1771
2.94251e+06 0.0245101 0.0675133 0.111949 0.149673 0.1778
2.95014e+06 0.0246106 0.0677862 0.112397 0.150267 0.1785
2.95776e+06 0.0247111 0.0680592 0.112845 0.150861 0.1792
2.96536e+06 0.0248115 0.0683322 0.113293 0.151455 0.1799
2.97295e+06 0.024912 0.0686053 0.113741 0.152049 0.1806
2.98051e+06 0.0250124 0.0688785 0.114189 0.152644 0.1813
2.98805e+06 0.0251127 0.0691516 0.114638 0.153238 0.182
2.99557e+06 0.025213 0.0694248 0.115086 0.153833 0.1827
3.00306e+06 0.0253133 0.0696981 0.115535 0.154427 0.1834
3.01054e+06 0.0254135 0.0699713 0.115983 0.155022 0.1841
3.018e+06 0.0255137 0.0702444 0.116432 0.155616 0.1848
3.02545e+06 0.0256139 0.0705177 0.116881 0.156211 0.1855
3.03289e+06 0.0257141 0.0707909 0.117329 0.156806 0.1862
3.04031e+06 0.0258143 0.0710641 0.117778 0.1574 0.1869
3.04771e+06 0.0259145 0.0713373 0.118227 0.157995 0.1876
3.0551e+06 0.0260146 0.0716105 0.118675 0.15859 0.1883
3.06248e+06 0.0261147 0.0718836 0.119124 0.159184 0.189
3.06984e+06 0.0262148 0.0721566 0.119573 0.159779 0.1897
3.07718e+06 0.0263149 0.0724296 0.120021 0.160374 0.1904
3.0845e+06 0.0264147 0.0727026 0.12047 0.160969 0.1911
3.0918e+06 0.0265143 0.0729751 0.120918 0.161563 0.1918
3.09907e+06 0.0266137 0.0732477 0.121367 0.162158 0.1925
3.10634e+06 0.0267131 0.0735203 0.121815 0.162752 0.1932
3.11357e+06 0.0268126 0.0737929 0.122264 0.163347 0.1939
3.1208e+06 0.026912 0.0740656 0.122712 0.163942 0.1946
3.128e+06 0.0270114 0.0743384 0.123161 0.164537 0.1953
3.1352e+06 0.0271108 0.0746111 0.12361 0.165131 0.196
3.14237e+06 0.0272102 0.0748838 0.124059 0.165726 0.1967
3.14953e+06 0.0273095 0.0751564 0.124508 0.166321 0.1974
3.15668e+06 0.0274089 0.0754291 0.124957 0.166916 0.1981
3.16381e+06 0.0275082 0.0757018 0.125405 0.167511 0.1988
3.17092e+06 0.0276075 0.0759744 0.125854 0.168106 0.1995
3.17801e+06 0.0277066 0.076247 0.126303 0.168701 0.2002
3.18509e+06 0.0278056 0.0765194 0.126752 0.169296 0.2009
3.19216e+06 0.0279047 0.0767919 0.127201 0.169891 0.2016
3.1992e+06 0.0280036 0.0770644 0.12765 0.170486 0.2023
3.20623e+06 0.0281026 0.077337 0.128099 0.171082 0.203
3.21325e+06 0.0282016 0.0776096 0.128548 0.171677 0.2037
3.22025e+06 0.0283005 0.0778821 0.128997 0.172272 0.2044
3.22723e+06 0.0283994 0.0781547 0.129446 0.172867 0.2051
3.2342e+06 0.0284983 0.0784273 0.129895 0.173463 0.2058
3.24115e+06 0.0285972 0.0786998 0.130344 0.174058 0.2065
3.24808e+06 0.028696 0.0789724 0.130793 0.174653 0.2072
3.25499e+06 0.0287949 0.079245 0.131243 0.175249 0.2079
3.26188e+06 0.0288939 0.0795177 0.131692 0.175844 0.2086
3.26876e+06 0.0289928 0.0797904 0.132141 0.17644 0.2093
3.27562e+06 0.0290918 0.0800631 0.132591 0.177035 0.21
3.28245e+06 0.0291906 0.0803357 0.13304 0.177631 0.2107
3.28927e+06 0.0292895 0.0806084 0.13349 0.178227 0.2114
3.29607e+06 0.0293883 0.0808811 0.13394 0.178823 0.2121
3.30285e+06 0.0294871 0.0811537 0.134389 0.179419 0.2128
3.30962e+06 0.0295858 0.0814263 0.134839 0.180016 0.2135
3.31636e+06 0.0296845 0.0816988 0.135289 0.180612 0.2142
3.32308e+06 0.0297831 0.0819714 0.135739 0.181208 0.2149
3.32978e+06 0.0298818 0.082244 0.136189 0.181804 0.2156
3.33647e+06 0.0299804 0.0825167 0.136639 0.182401 0.2163
3.34313e+06 0.0300789 0.0827893 0.137089 0.182997 0.217
3.34976e+06 0.0301775 0.0830619 0.137539 0.183594 0.2177
3.35638e+06 0.0302759 0.0833345 0.13799 0.18419 0.2184
3.36297e+06 0.0303744 0.0836071 0.13844 0.184787 0.2191
3.36953e+06 0.0304727 0.0838797 0.13889 0.185383 0.2198
3.37608e+06 0.030571 0.0841524 0.13934 0.18598 0.2205
3.3826e+06 0.0306693 0.0844249 0.139791 0.186577 0.2212
3.3891e+06 0.0307674 0.0846975 0.140241 0.187173 0.2219
3.39558e+06 0.0308656 0.0849701 0.140692 0.18777 0.2226
3.40204e+06 0.0309637 0.0852427 0.141143 0.188367 0.2233
3.40847e+06 0.0310617 0.0855153 0.141593 0.188964 0.224
3.41486e+06 0.0311596 0.0857879 0.142044 0.189561 0.2247
3.42123e+06 0.0312572 0.0860604 0.142495 0.190158 0.2254
3.42758e+06 0.0313548 0.0863329 0.142946 0.190755 0.2261
3.43389e+06 0.0314523 0.0866055 0.143397 0.191353 0.2268
3.44019e+06 0.0315497 0.086878 0.143849 0.19195 0.2275
3.44644e+06 0.031647 0.0871504 0.1443 0.192547 0.2282
3.45267e+06 0.0317443 0.0874229 0.144751 0.193145 0.2289
3.45888e+06 0.0318414 0.0876954 0.145203 0.193743 0.2296
3.46504e+06 0.0319385 0.087968 0.145655 0.194341 0.2303
3.47119e+06 0.0320356 0.0882407 0.146107 0.194939 0.231
3.4773e+06 0.0321326 0.0885135 0.146559 0.195537 0.2317
3.48338e+06 0.0322295 0.0887862 0.147012 0.196135 0.2324
3.48943e+06 0.0323263 0.089059 0.147464 0.196734 0.2331
3.49546e+06 0.0324231 0.0893318 0.147917 0.197332 0.2338
3.50146e+06 0.0325199 0.0896045 0.14837 0.197931 0.2345
3.50742e+06 0.0326166 0.0898773 0.148823 0.19853 0.2352
3.51336e+06 0.0327132 0.0901501 0.149276 0.199128 0.2359
3.51926e+06 0.0328099 0.0904229 0.149729 0.199727 0.2366
3.52513e+06 0.0329064 0.0906956 0.150182 0.200326 0.2373
3.53097e+06 0.0330029 0.0909684 0.150636 0.200925 0.238
3.53679e+06 0.0330994 0.0912411 0.151089 0.201524 0.2387
3.54256e+06 0.0331956 0.0915138 0.151542 0.202123 0.2394
3.54831e+06 0.0332919 0.0917865 0.151996 0.202723 0.2401
3.55402e+06 0.033388 0.0920593 0.15245 0.203322 0.2408
3.55971e+06 0.0334841 0.0923321 0.152904 0.203922 0.2415
3.56536e+06 0.0335802 0.0926049 0.153358 0.204522 0.2422
3.57098e+06 0.0336762 0.0928777 0.153812 0.205122 0.2429
3.57657e+06 0.033772 0.0931504 0.154267 0.205722 0.2436
3.58213e+06 0.0338678 0.0934231 0.154721 0.206322 0.2443
3.58765e+06 0.0339635 0.0936957 0.155175 0.206922 0.245
3.59315e+06 0.0340593 0.0939684 0.15563 0.207523 0.2457
3.59861e+06 0.0341549 0.094241 0.156084 0.208123 0.2464
3.60404e+06 0.0342506 0.0945137 0.156539 0.208723 0.2471
3.60944e+06 0.0343461 0.0947863 0.156994 0.209324 0.2478
3.61481e+06 0.0344416 0.0950588 0.157448 0.209924 0.2485
3.62014e+06 0.0345371 0.0953313 0.157903 0.210525 0.2492
3.62545e+06 0.0346326 0.0956038 0.158358 0.211126 0.2499
3.63072e+06 0.0347281 0.0958763 0.158813 0.211726 0.2506
3.63597e+06 0.0348234 0.0961487 0.159267 0.212327 0.2513
3.64118e+06 0.0349186 0.0964209 0.159722 0.212928 0.252
3.64635e+06 0.0350137 0.0966932 0.160177 0.213529 0.2527
3.6515e+06 0.0351087 0.0969653 0.160632 0.21413 0.2534
3.65661e+06 0.0352035 0.0972373 0.161087 0.214731 0.2541
3.66169e+06 0.0352984 0.0975092 0.161541 0.215332 0.2548
3.66674e+06 0.0353933 0.0977812 0.161996 0.215933 0.2555
3.67176e+06 0.0354881 0.0980531 0.162451 0.216535 0.2562
3.67674e+06 0.035583 0.098325 0.162906 0.217136 0.2569
3.68169e+06 0.0356779 0.0985968 0.163361 0.217737 0.2576
3.68662e+06 0.0357728 0.0988687 0.163816 0.218338 0.2583
3.69151e+06 0.0358676 0.0991405 0.16427 0.21894 0.259
3.69638e+06 0.0359625 0.0994123 0.164725 0.219542 0.2597
3.70121e+06 0.0360574 0.099684 0.16518 0.220143 0.2604
3.70601e+06 0.0361523 0.0999556 0.165635 0.220745 0.2611
3.71077e+06 0.036247 0.100227 0.16609 0.221347 0.2618
3.71551e+06 0.0363417 0.100499 0.166545 0.221949 0.2625
3.72021e+06 0.0364365 0.10077 0.167 0.222551 0.2632
3.72488e+06 0.0365312 0.101041 0.167455 0.223153 0.2639
3.72952e+06 0.0366261 0.101313 0.167909 0.223755 0.2646
3.73413e+06 0.0367211 0.101584 0.168364 0.224357 0.2653
3.73871e+06 0.0368162 0.101856 0.168819 0.224959 0.266
3.74326e+06 0.0369113 0.102127 0.169274 0.225561 0.2667
3.74778e+06 0.0370066 0.102399 0.169729 0.226163 0.2674
3.75226e+06 0.0371019 0.10267 0.170184 0.226766 0.2681
3.75672e+06 0.0371972 0.102942 0.170639 0.227368 0.2688
3.76115e+06 0.0372927 0.103214 0.171094 0.227971 0.2695
3.76555e+06 0.0373883 0.103485 0.171549 0.228573 0.2702
3.76992e+06 0.037484 0.103757 0.172004 0.229176 0.2709
3.77425e+06 0.0375798 0.104029 0.17246 0.229779 0.2716
3.77856e+06 0.0376758 0.104301 0.172916 0.230382 0.2723
3.78283e+06 0.0377719 0.104574 0.173372 0.230985 0.273
3.78708e+06 0.0378682 0.104846 0.173828 0.231589 0.2737
3.7913e+06 0.0379646 0.105119 0.174284 0.232192 0.2744
3.79549e+06 0.0380611 0.105392 0.17474 0.232796 0.2751
3.79966e+06 0.0381577 0.105664 0.175197 0.2334 0.2758
3.76931e+06 0.0381448 0.106038 0.175971 0.234192 0.2765
3.77479e+06 0.0382353 0.106313 0.176439 0.234809 0.2772
3.77952e+06 0.0383256 0.106579 0.17689 0.235411 0.2779
3.78409e+06 0.0384171 0.106845 0.177339 0.236012 0.2786
3.76215e+06 0.0384282 0.107199 0.178044 0.236764 0.2793
3.76721e+06 0.0385174 0.107469 0.178504 0.237375 0.28
3.77165e+06 0.0386097 0.107736 0.178955 0.237976 0.2807
3.74282e+06 0.0385976 0.108103 0.17972 0.238763 0.2814
3.74803e+06 0.038687 0.108378 0.180189 0.23938 0.2821
3.75249e+06 0.0387794 0.108646 0.180642 0.239984 0.2828
3.75674e+06 0.038877 0.108918 0.181096 0.240587 0.2835
3.76095e+06 0.0389746 0.10919 0.181551 0.241189 0.2842
3.76515e+06 0.0390721 0.109462 0.182005 0.241792 0.2849
3.76931e+06 0.0391696 0.109735 0.18246 0.242395 0.2856
3.77345e+06 0.0392672 0.110007 0.182914 0.242998 0.2863
3.77756e+06 0.0393647 0.110279 0.183369 0.243601 0.287
3.78163e+06 0.0394622 0.110551 0.183824 0.244205 0.2877
3.78565e+06 0.0395594 0.110824 0.184279 0.244808 0.2884
3.78963e+06 0.0396566 0.111096 0.184735 0.245412 0.2891
3.79358e+06 0.0397538 0.111369 0.18519 0.246016 0.2898
3.79751e+06 0.0398511 0.111642 0.185646 0.24662 0.2905
3.80141e+06 0.0399483 0.111914 0.186101 0.247223 0.2912
3.80528e+06 0.0400456 0.112187 0.186557 0.247827 0.2919
3.80912e+06 0.0401431 0.11246 0.187013 0.248432 0.2926
3.81293e+06 0.0402408 0.112733 0.18747 0.249036 0.2933
3.8167e+06 0.0403394 0.113008 0.187926 0.24964 0.294
3.82042e+06 0.0404392 0.113283 0.188384 0.250245 0.2947
3.8241e+06 0.0405398 0.113559 0.188843 0.250851 0.2954
3.80385e+06 0.0405536 0.113907 0.189535 0.251597 0.2961
3.80808e+06 0.0406461 0.114182 0.19 0.25221 0.2968
3.81174e+06 0.0407456 0.114457 0.190458 0.252816 0.2975
3.81536e+06 0.0408464 0.114734 0.190917 0.253422 0.2982
3.81894e+06 0.0409473 0.11501 0.191377 0.254028 0.2989
3.7944e+06 0.0409449 0.115364 0.192107 0.254796 0.2996
3.79893e+06 0.0410346 0.115639 0.192575 0.255414 0.3003
3.80269e+06 0.0411324 0.115912 0.193031 0.256019 0.301
3.80634e+06 0.0412339 0.116188 0.19349 0.256624 0.3017
3.80998e+06 0.0413354 0.116465 0.193948 0.25723 0.3024
3.81359e+06 0.041437 0.116742 0.194407 0.257836 0.3031
3.78182e+06 0.0412805 0.116529 0.194532 0.258428 0.3038
3.78711e+06 0.0413494 0.116764 0.194958 0.259017 0.3045
3.79211e+06 0.0414216 0.117006 0.195388 0.25961 0.3052
3.79652e+06 0.0415045 0.117263 0.195831 0.260208 0.3059
3.8005e+06 0.0416017 0.117535 0.196284 0.26081 0.3066
3.80436e+06 0.0417033 0.117811 0.19674 0.261414 0.3073
3.80818e+06 0.0418047 0.118087 0.197196 0.262018 0.308
3.81196e+06 0.0419063 0.118364 0.197652 0.262623 0.3087
3.81568e+06 0.0420084 0.118641 0.198109 0.263227 0.3094
3.75736e+06 0.0416868 0.118096 0.198001 0.263815 0.3101
3.76239e+06 0.0417544 0.11833 0.198425 0.264404 0.3108
3.76737e+06 0.0418216 0.118563 0.19885 0.264994 0.3115
3.77231e+06 0.0418889 0.118797 0.199275 0.265584 0.3122
3.77694e+06 0.0419605 0.119038 0.199707 0.266177 0.3129
3.78101e+06 0.0420411 0.119295 0.20015 0.266775 0.3136
3.78492e+06 0.0421263 0.119556 0.200596 0.267376 0.3143
3.78849e+06 0.042223 0.119829 0.201051 0.26798 0.315
3.79193e+06 0.0423258 0.120107 0.201509 0.268585 0.3157
3.79534e+06 0.0424285 0.120386 0.201968 0.269191 0.3164
3.79872e+06 0.0425311 0.120664 0.202426 0.269797 0.3171
3.80207e+06 0.042634 0.120943 0.202884 0.270402 0.3178
3.80537e+06 0.0427388 0.121223 0.203344 0.271009 0.3185
3.80861e+06 0.0428445 0.121504 0.203804 0.271615 0.3192
3.81182e+06 0.0429501 0.121786 0.204265 0.272222 0.3199
3.81499e+06 0.0430557 0.122067 0.204725 0.272829 0.3206
3.81812e+06 0.0431611 0.122348 0.205186 0.273436 0.3213
3.82122e+06 0.0432664 0.122629 0.205647 0.274043 0.322
3.82428e+06 0.0433715 0.12291 0.206108 0.27465 0.3227
3.82731e+06 0.0434766 0.123191 0.206569 0.275258 0.3234
3.8303e+06 0.0435817 0.123473 0.20703 0.275865 0.3241
3.83327e+06 0.0436866 0.123754 0.207492 0.276473 0.3248
3.83621e+06 0.0437916 0.124035 0.207954 0.277081 0.3255
3.83914e+06 0.0438965 0.124316 0.208415 0.277689 0.3262
3.84204e+06 0.0440013 0.124597 0.208877 0.278297 0.3269
3.81437e+06 0.0439793 0.124933 0.209593 0.279072 0.3276
3.81862e+06 0.0440694 0.125207 0.210059 0.27969 0.3283
3.7677e+06 0.0437903 0.124756 0.210028 0.280293 0.329
3.77257e+06 0.0438566 0.124987 0.210451 0.280882 0.3297
3.77735e+06 0.0439224 0.125218 0.210873 0.281471 0.3304
3.78206e+06 0.0439886 0.12545 0.211296 0.28206 0.3311
3.78606e+06 0.0440664 0.125701 0.211735 0.282657 0.3318
3.78979e+06 0.0441491 0.12596 0.21218 0.283257 0.3325
3.74052e+06 0.0440454 0.126327 0.213061 0.284139 0.3332
3.74534e+06 0.0441291 0.126597 0.21353 0.28476 0.3339
3.74965e+06 0.0442177 0.126872 0.214 0.285381 0.3346
3.75341e+06 0.0443052 0.127138 0.214454 0.285989 0.3353
3.75689e+06 0.0443969 0.127405 0.214904 0.286592 0.336
3.76024e+06 0.044494 0.127677 0.215358 0.287196 0.3367
3.76353e+06 0.0445934 0.127952 0.215813 0.287801 0.3374
3.76669e+06 0.0446985 0.128231 0.216272 0.288407 0.3381
3.76981e+06 0.0448048 0.128512 0.216732 0.289014 0.3388
3.77284e+06 0.0449142 0.128796 0.217193 0.289622 0.3395
3.77578e+06 0.0450279 0.129084 0.217658 0.290231 0.3402
3.77868e+06 0.0451425 0.129373 0.218122 0.29084 0.3409
3.78157e+06 0.0452573 0.129661 0.218587 0.291449 0.3416
3.78444e+06 0.0453721 0.12995 0.219052 0.292059 0.3423
3.7873e+06 0.045487 0.130239 0.219517 0.292668 0.343
3.79014e+06 0.0456019 0.130528 0.219982 0.293277 0.3437
3.79297e+06 0.0457167 0.130817 0.220447 0.293887 0.3444
3.79579e+06 0.0458317 0.131106 0.220913 0.294496 0.3451
3.79858e+06 0.0459465 0.131395 0.221378 0.295106 0.3458
3.80136e+06 0.0460613 0.131684 0.221843 0.295715 0.3465
3.77586e+06 0.0465527 0.132617 0.222819 0.296563 0.3472
3.78009e+06 0.0466887 0.132942 0.223323 0.297194 0.3479
3.78355e+06 0.0468159 0.133253 0.223816 0.297825 0.3486
3.78652e+06 0.0469341 0.133545 0.224284 0.298438 0.3493
3.78932e+06 0.0470504 0.133833 0.224748 0.299046 0.35
3.79207e+06 0.0471666 0.134121 0.225212 0.299655 0.3507
3.79477e+06 0.0472826 0.134409 0.225677 0.300264 0.3514
3.79743e+06 0.0473984 0.134698 0.226142 0.300873 0.3521
3.80001e+06 0.0475135 0.134985 0.226606 0.301482 0.3528
3.77349e+06 0.0480118 0.135939 0.227609 0.302341 0.3535
3.76508e+06 0.0480875 0.136283 0.228219 0.303037 0.3542
3.75605e+06 0.0481529 0.13661 0.228817 0.303732 0.3549
3.75937e+06 0.0482816 0.136924 0.229316 0.304366 0.3556
3.76243e+06 0.0484062 0.13723 0.229805 0.304994 0.3563
3.76512e+06 0.048523 0.137522 0.230274 0.305608 0.357
3.7677e+06 0.0486371 0.137807 0.230735 0.306214 0.3577
3.77025e+06 0.0487512 0.138092 0.231196 0.306821 0.3584
3.77276e+06 0.0488652 0.138376 0.231657 0.307427 0.3591
3.77517e+06 0.0489812 0.138663 0.232117 0.308034 0.3598
3.77753e+06 0.049099 0.13895 0.23258 0.308641 0.3605
3.77982e+06 0.0492167 0.139239 0.233043 0.309248 0.3612
3.78203e+06 0.0493342 0.139527 0.233506 0.309856 0.3619
3.78416e+06 0.0494512 0.139814 0.233969 0.310463 0.3626
3.78627e+06 0.0495677 0.140101 0.234431 0.31107 0.3633
3.7674e+06 0.0500106 0.140923 0.235327 0.311877 0.364
3.77059e+06 0.0501538 0.141256 0.235843 0.312516 0.3647
3.77308e+06 0.050284 0.141566 0.236333 0.313143 0.3654
3.74455e+06 0.0501441 0.141377 0.236463 0.313734 0.3661
3.74871e+06 0.0502145 0.141606 0.236877 0.314315 0.3668
3.75224e+06 0.0502924 0.14185 0.237303 0.314903 0.3675
3.75531e+06 0.0503794 0.142107 0.237741 0.315497 0.3682
3.75773e+06 0.0504963 0.142394 0.238199 0.3161 0.3689
3.75999e+06 0.0506179 0.142685 0.238661 0.316705 0.3696
3.76222e+06 0.0507392 0.142976 0.239124 0.317311 0.3703
3.76441e+06 0.0508605 0.143267 0.239586 0.317916 0.371
3.71405e+06 0.0505787 0.142798 0.23953 0.318519 0.3717
3.7181e+06 0.0506467 0.143023 0.239941 0.319099 0.3724
3.722e+06 0.0507146 0.143249 0.240353 0.31968 0.3731
3.72571e+06 0.0507831 0.143478 0.240769 0.320263 0.3738
3.72867e+06 0.050861 0.143727 0.241201 0.320855 0.3745
3.73152e+06 0.0509402 0.143977 0.241636 0.321448 0.3752
3.7342e+06 0.0510263 0.144235 0.242076 0.322043 0.3759
3.73635e+06 0.0511403 0.144521 0.242535 0.322647 0.3766
3.71438e+06 0.0515903 0.145385 0.243463 0.323473 0.3773
3.71755e+06 0.051733 0.145719 0.243976 0.324111 0.378
3.72022e+06 0.0518673 0.146037 0.244474 0.324744 0.3787
3.72238e+06 0.0519889 0.14633 0.244938 0.325351 0.3794
3.72449e+06 0.0521099 0.146621 0.245401 0.325956 0.3801
3.72656e+06 0.0522322 0.146913 0.245864 0.326561 0.3808
3.72854e+06 0.0523578 0.147209 0.246329 0.327168 0.3815
3.73048e+06 0.0524854 0.147507 0.246796 0.327775 0.3822
3.73239e+06 0.052613 0.147805 0.247264 0.328383 0.3829
3.73429e+06 0.0527406 0.148102 0.247731 0.32899 0.3836
3.73615e+06 0.0528685 0.148401 0.248198 0.329598 0.3843
3.73798e+06 0.0529955 0.148699 0.248666 0.330206 0.385
3.73979e+06 0.0531221 0.148997 0.249133 0.330814 0.3857
3.74158e+06 0.0532489 0.149294 0.249601 0.331421 0.3864
3.72309e+06 0.053694 0.150108 0.250482 0.332224 0.3871
3.72564e+06 0.0538461 0.150449 0.251001 0.332866 0.3878
3.72775e+06 0.0539875 0.150772 0.251499 0.333496 0.3885
3.72947e+06 0.0541176 0.151073 0.251969 0.334105 0.3892
3.73114e+06 0.0542472 0.151373 0.252438 0.334714 0.3899
3.73274e+06 0.0543759 0.151672 0.252907 0.335323 0.3906
3.73433e+06 0.0545049 0.151971 0.253376 0.335932 0.3913
3.7359e+06 0.0546345 0.152271 0.253846 0.336541 0.392
3.73746e+06 0.0547642 0.152571 0.254315 0.33715 0.3927
3.73901e+06 0.054894 0.152871 0.254785 0.337759 0.3934
3.74055e+06 0.0550239 0.153171 0.255255 0.338368 0.3941
3.74208e+06 0.0551539 0.153471 0.255725 0.338977 0.3948
3.74359e+06 0.055284 0.153771 0.256195 0.339586 0.3955
3.74508e+06 0.0554139 0.154071 0.256664 0.340195 0.3962
3.72167e+06 0.0553039 0.153947 0.256843 0.340789 0.3969
3.72517e+06 0.0553737 0.154177 0.257258 0.34137 0.3976
3.72781e+06 0.0554552 0.154429 0.257691 0.341962 0.3983
3.72999e+06 0.0555584 0.154703 0.258141 0.342561 0.399
3.73161e+06 0.0556908 0.155006 0.258611 0.343169 0.3997
3.7332e+06 0.0558236 0.155309 0.259082 0.343778 0.4004
3.73476e+06 0.0559566 0.155613 0.259553 0.344387 0.4011
3.7363e+06 0.0560897 0.155917 0.260024 0.344996 0.4018
3.73781e+06 0.0562231 0.156221 0.260496 0.345606 0.4025
3.73928e+06 0.0563567 0.156525 0.260967 0.346215 0.4032
3.7407e+06 0.0564899 0.156829 0.261438 0.346824 0.4039
3.74205e+06 0.0566226 0.157132 0.261909 0.347433 0.4046
3.74337e+06 0.0567559 0.157435 0.26238 0.348043 0.4053
3.74466e+06 0.0568895 0.157739 0.262851 0.348653 0.406
3.7459e+06 0.0570252 0.158045 0.263324 0.349263 0.4067
3.74703e+06 0.0571664 0.158356 0.263801 0.349875 0.4074
3.74807e+06 0.0573119 0.158672 0.264282 0.350489 0.4081
3.73029e+06 0.0573386 0.159013 0.26495 0.351233 0.4088
3.73286e+06 0.0574471 0.1593 0.265419 0.351848 0.4095
3.73417e+06 0.0575971 0.159619 0.265898 0.352461 0.4102
3.73546e+06 0.0577468 0.159936 0.266377 0.353073 0.4109
3.73672e+06 0.0578964 0.160254 0.266856 0.353686 0.4116
3.73794e+06 0.0580459 0.160571 0.267335 0.354298 0.4123
3.72574e+06 0.0580902 0.160896 0.267956 0.355011 0.413
3.72731e+06 0.0582201 0.161196 0.268426 0.355622 0.4137
3.72836e+06 0.0583708 0.161516 0.268908 0.356235 0.4144
3.72939e+06 0.0585215 0.161835 0.269389 0.356849 0.4151
3.73038e+06 0.0586718 0.162154 0.26987 0.357463 0.4158
3.73135e+06 0.0588227 0.162474 0.270351 0.358077 0.4165
3.7323e+06 0.0589724 0.162792 0.270832 0.358691 0.4172
3.73324e+06 0.059122 0.16311 0.271312 0.359305 0.4179
3.73414e+06 0.0592724 0.163429 0.271793 0.359919 0.4186
3.73504e+06 0.0594217 0.163747 0.272273 0.360532 0.4193
3.7359e+06 0.059571 0.164065 0.272754 0.361146 0.42
3.73674e+06 0.0597202 0.164383 0.273235 0.361761 0.4207
3.73757e+06 0.0598693 0.164701 0.273716 0.362375 0.4214
3.73837e+06 0.0600183 0.165019 0.274197 0.362989 0.4221
3.73912e+06 0.0601673 0.165337 0.274678 0.363603 0.4228
3.73985e+06 0.0603168 0.165656 0.27516 0.364218 0.4235
3.74053e+06 0.0604684 0.165977 0.275644 0.364833 0.4242
3.48673e+06 0.0676636 0.173705 0.281272 0.367715 0.4249
3.48902e+06 0.0679141 0.174139 0.28184 0.368367 0.4256
3.49126e+06 0.0681656 0.174573 0.28241 0.36902 0.4263
3.49349e+06 0.0684177 0.175008 0.28298 0.369673 0.427
3.49569e+06 0.0686704 0.175444 0.28355 0.370326 0.4277
3.49786e+06 0.0689236 0.17588 0.284122 0.370979 0.4284
3.49998e+06 0.0691778 0.176318 0.284695 0.371634 0.4291
3.50206e+06 0.0694333 0.176758 0.285271 0.372289 0.4298
3.49122e+06 0.0699076 0.177501 0.286079 0.373051 0.4305
3.49303e+06 0.0701545 0.177935 0.286656 0.373708 0.4312
3.4943e+06 0.0703961 0.178368 0.287238 0.374368 0.4319
3.49544e+06 0.0706369 0.178801 0.287821 0.375029 0.4326
3.49654e+06 0.0708784 0.179235 0.288405 0.37569 0.4333
3.47605e+06 0.0718635 0.180396 0.289476 0.376564 0.434
3.47742e+06 0.0720967 0.180824 0.290055 0.377223 0.4347
3.47838e+06 0.0723381 0.18126 0.290641 0.377885 0.4354
3.47931e+06 0.0725802 0.181698 0.291228 0.378548 0.4361
3.45479e+06 0.0732549 0.182739 0.292277 0.37942 0.4368
3.45583e+06 0.0734959 0.183175 0.292864 0.380082 0.4375
3.45681e+06 0.0737379 0.183611 0.293451 0.380745 0.4382
3.45776e+06 0.0739802 0.184048 0.294039 0.381408 0.4389
3.43367e+06 0.0750193 0.18525 0.295122 0.382278 0.4396
3.43544e+06 0.075252 0.185674 0.295696 0.382934 0.4403
3.43657e+06 0.0754842 0.186103 0.296279 0.383594 0.441
3.43751e+06 0.0757226 0.186537 0.296865 0.384257 0.4417
3.43839e+06 0.075962 0.186974 0.297453 0.38492 0.4424
3.43922e+06 0.0762021 0.187411 0.298042 0.385584 0.4431
3.44002e+06 0.0764431 0.187849 0.298632 0.386248 0.4438
3.44081e+06 0.0766848 0.188288 0.299222 0.386912 0.4445
3.44157e+06 0.076927 0.188727 0.299812 0.387577 0.4452
3.44231e+06 0.0771695 0.189167 0.300403 0.388242 0.4459
3.40978e+06 0.0785009 0.190673 0.301705 0.389211 0.4466
3.41149e+06 0.078733 0.1911 0.302282 0.389869 0.4473
3.41264e+06 0.0789607 0.191526 0.302864 0.390529 0.448
3.41374e+06 0.0791892 0.191954 0.303447 0.391191 0.4487
3.39782e+06 0.0792565 0.192351 0.304174 0.391943 0.4494
3.3995e+06 0.0794786 0.19277 0.304749 0.392602 0.4501
3.40084e+06 0.0797112 0.1932 0.305331 0.393265 0.4508
3.4021e+06 0.0799453 0.193631 0.305914 0.393928 0.4515
3.40327e+06 0.0801774 0.194059 0.306495 0.394591 0.4522
3.40414e+06 0.0804007 0.194474 0.307067 0.395252 0.4529
3.40473e+06 0.0806158 0.194878 0.307631 0.395912 0.4536
3.4052e+06 0.0808299 0.195282 0.308195 0.396573 0.4543
3.40558e+06 0.081046 0.195687 0.30876 0.397233 0.455
3.40585e+06 0.0812664 0.196097 0.309329 0.397896 0.4557
3.40608e+06 0.0814882 0.196508 0.309898 0.398558 0.4564
3.40626e+06 0.0817109 0.19692 0.310469 0.399221 0.4571
3.40642e+06 0.081934 0.197333 0.311039 0.399884 0.4578
3.40656e+06 0.0821575 0.197746 0.31161 0.400548 0.4585
3.40667e+06 0.0823812 0.19816 0.312181 0.401212 0.4592
3.40675e+06 0.0826054 0.198574 0.312753 0.401876 0.4599
3.40677e+06 0.0828309 0.198989 0.313326 0.402541 0.4606
3.4067e+06 0.0830582 0.199406 0.3139 0.403207 0.4613
3.40656e+06 0.083287 0.199825 0.314476 0.403873 0.462
3.40638e+06 0.0835162 0.200245 0.315052 0.404539 0.4627
3.39616e+06 0.0839389 0.200943 0.315843 0.405295 0.4634
3.38653e+06 0.0843474 0.201626 0.316623 0.406045 0.4641
3.3868e+06 0.084569 0.202035 0.317192 0.406708 0.4648
3.38703e+06 0.0847888 0.202442 0.317759 0.407371 0.4655
3.38724e+06 0.0850087 0.202849 0.318326 0.408034 0.4662
3.38741e+06 0.0852293 0.203257 0.318894 0.408697 0.4669
3.38751e+06 0.085451 0.203666 0.319463 0.409361 0.4676
3.38756e+06 0.0856737 0.204078 0.320034 0.410025 0.4683
3.37317e+06 0.0864423 0.205039 0.320978 0.410844 0.469
3.37401e+06 0.0866733 0.205468 0.321563 0.411507 0.4697
3.37429e+06 0.0868846 0.205868 0.322126 0.412169 0.4704
3.35899e+06 0.0876478 0.206809 0.323041 0.412967 0.4711
3.36033e+06 0.0878647 0.207225 0.323617 0.413625 0.4718
3.36079e+06 0.0880762 0.207629 0.324184 0.414287 0.4725
3.3609e+06 0.0882912 0.208035 0.324752 0.414951 0.4732
3.36099e+06 0.0885065 0.208441 0.32532 0.415614 0.4739
3.36106e+06 0.0887222 0.208847 0.325888 0.416278 0.4746
3.36108e+06 0.0889392 0.209255 0.326458 0.416942 0.4753
3.36108e+06 0.0891569 0.209664 0.327028 0.417606 0.476
3.36108e+06 0.0893748 0.210073 0.327598 0.418271 0.4767
3.36106e+06 0.0895927 0.210482 0.328169 0.418936 0.4774
3.36104e+06 0.0898108 0.210892 0.328739 0.4196 0.4781
3.34589e+06 0.0903237 0.211713 0.329624 0.420397 0.4788
3.34624e+06 0.0905525 0.212138 0.330206 0.421062 0.4795
3.34626e+06 0.0907694 0.212546 0.330775 0.421726 0.4802
3.34626e+06 0.090987 0.212955 0.331345 0.42239 0.4809
3.34625e+06 0.0912047 0.213364 0.331916 0.423055 0.4816
3.34623e+06 0.0914228 0.213773 0.332487 0.42372 0.4823
3.3462e+06 0.0916411 0.214183 0.333058 0.424385 0.483
3.34616e+06 0.0918594 0.214593 0.333629 0.42505 0.4837
3.34612e+06 0.0920779 0.215003 0.334201 0.425715 0.4844
3.34607e+06 0.0922967 0.215414 0.334773 0.426381 0.4851
3.32872e+06 0.0922291 0.215389 0.335072 0.427026 0.4858
3.33241e+06 0.0923288 0.215676 0.335558 0.427657 0.4865
3.33338e+06 0.0925215 0.216059 0.336108 0.428314 0.4872
3.33358e+06 0.0927402 0.216466 0.336672 0.428975 0.4879
3.33365e+06 0.0929574 0.21687 0.337231 0.429632 0.4886
3.33369e+06 0.0931687 0.217264 0.337779 0.430284 0.4893
3.33369e+06 0.0933782 0.217655 0.338325 0.430933 0.49
3.33366e+06 0.0935862 0.218045 0.338868 0.43158 0.4907
3.33357e+06 0.0937932 0.218433 0.339412 0.432227 0.4914
3.33346e+06 0.0939997 0.21882 0.339954 0.432874 0.4921
3.33331e+06 0.0942062 0.219207 0.340497 0.433521 0.4928
3.33313e+06 0.0944131 0.219595 0.341039 0.434167 0.4935
3.33292e+06 0.0946199 0.219983 0.341581 0.434813 0.4942
3.3327e+06 0.0948269 0.22037 0.342123 0.435459 0.4949
3.33248e+06 0.0950339 0.220758 0.342665 0.436106 0.4956
3.33225e+06 0.095241 0.221145 0.343207 0.436752 0.4963
3.33202e+06 0.0954481 0.221533 0.343749 0.437398 0.497
3.33178e+06 0.0956557 0.221922 0.344292 0.438045 0.4977
3.33153e+06 0.0958639 0.222311 0.344835 0.438691 0.4984
3.33129e+06 0.0960716 0.2227 0.345378 0.439338 0.4991
3.33103e+06 0.0962794 0.223089 0.345921 0.439985 0.4998
3.33075e+06 0.096487 0.223478 0.346465 0.440631 0.5005
3.33046e+06 0.0966948 0.223867 0.347009 0.441278 0.5012
3.33016e+06 0.0969016 0.224255 0.347551 0.441924 0.5019
3.30103e+06 0.0971699 0.224743 0.348213 0.442707 0.5026
3.30144e+06 0.0973827 0.225142 0.348772 0.443366 0.5033
3.30164e+06 0.0975865 0.225525 0.349314 0.444014 0.504
3.30172e+06 0.0977819 0.225895 0.34984 0.444653 0.5047
3.30179e+06 0.0979775 0.226265 0.350365 0.445291 0.5054
3.30184e+06 0.0981728 0.226634 0.35089 0.445929 0.5061
3.30185e+06 0.098366 0.226999 0.351411 0.446563 0.5068
3.30177e+06 0.0985597 0.227365 0.35193 0.447195 0.5075
3.30164e+06 0.0987542 0.227732 0.352451 0.447828 0.5082
3.30148e+06 0.098949 0.2281 0.352972 0.448462 0.5089
3.30132e+06 0.0991446 0.228469 0.353494 0.449096 0.5096
3.30114e+06 0.0993402 0.228837 0.354016 0.449729 0.5103
3.30096e+06 0.0995361 0.229207 0.354539 0.450363 0.511
3.25514e+06 0.0990811 0.228148 0.353212 0.449797 0.5117
3.25945e+06 0.0991584 0.228372 0.35361 0.450368 0.5124
3.26372e+06 0.0992354 0.228595 0.354008 0.450939 0.5131
3.21629e+06 0.0987631 0.227495 0.352625 0.450334 0.5138
3.22044e+06 0.0988389 0.227715 0.353019 0.450903 0.5145
3.22459e+06 0.0989146 0.227936 0.353413 0.451471 0.5152
3.22871e+06 0.0989901 0.228156 0.353806 0.452039 0.5159
3.2328e+06 0.0990654 0.228376 0.354199 0.452606 0.5166
3.2362e+06 0.0991393 0.228599 0.354601 0.453179 0.5173
3.23901e+06 0.0992117 0.228825 0.355008 0.453755 0.518
3.24179e+06 0.0992838 0.22905 0.355415 0.454332 0.5187
3.24456e+06 0.0993561 0.229275 0.355821 0.454908 0.5194
3.24725e+06 0.0994294 0.229502 0.35623 0.455484 0.5201
3.24955e+06 0.099509 0.22974 0.356647 0.456066 0.5208
3.25174e+06 0.0995908 0.229982 0.357068 0.456649 0.5215
3.25385e+06 0.0996758 0.230227 0.357491 0.457233 0.5222
3.25508e+06 0.0998027 0.230517 0.357947 0.457833 0.5229
3.255e+06 0.0999929 0.230875 0.358455 0.458457 0.5236
3.25485e+06 0.100185 0.231236 0.358965 0.459081 0.5243
3.25466e+06 0.100378 0.231599 0.359476 0.459707 0.525
3.25444e+06 0.100572 0.231962 0.359987 0.460332 0.5257
3.25421e+06 0.100767 0.232326 0.360499 0.460958 0.5264
3.25352e+06 0.100983 0.232713 0.361028 0.461593 0.5271
3.19821e+06 0.10306 0.234967 0.362841 0.462791 0.5278
3.20077e+06 0.103275 0.235368 0.363386 0.463434 0.5285
3.20285e+06 0.103486 0.235768 0.363936 0.464079 0.5292
3.20459e+06 0.103694 0.236168 0.364488 0.464725 0.5299
3.20605e+06 0.103898 0.236564 0.365039 0.465373 0.5306
3.2075e+06 0.104095 0.23695 0.365583 0.466018 0.5313
3.20866e+06 0.104287 0.23733 0.366121 0.466663 0.532
3.2095e+06 0.104468 0.237692 0.366644 0.4673 0.5327
3.21022e+06 0.104646 0.23805 0.367163 0.467936 0.5334
3.21085e+06 0.104821 0.238401 0.367673 0.468566 0.5341
3.21137e+06 0.104995 0.23875 0.368181 0.469195 0.5348
3.21165e+06 0.105168 0.239093 0.36868 0.469816 0.5355
3.21186e+06 0.105343 0.239438 0.36918 0.470439 0.5362
3.21209e+06 0.105514 0.239778 0.369674 0.471057 0.5369
3.19429e+06 0.105422 0.239675 0.369824 0.471595 0.5376
3.19724e+06 0.105499 0.239907 0.370236 0.472171 0.5383
3.19918e+06 0.105606 0.24018 0.370678 0.472763 0.539
3.19968e+06 0.105779 0.240523 0.371175 0.473381 0.5397
3.19988e+06 0.105965 0.24088 0.371682 0.474003 0.5404
3.19999e+06 0.106155 0.241242 0.372191 0.474627 0.5411
3.17462e+06 0.105915 0.240705 0.371569 0.474536 0.5418
3.17895e+06 0.105993 0.240927 0.371963 0.475102 0.5425
3.18251e+06 0.106068 0.241152 0.372363 0.475673 0.5432
3.17236e+06 0.10599 0.241 0.372251 0.475894 0.5439
3.17562e+06 0.106064 0.241227 0.372656 0.476467 0.5446
3.17833e+06 0.106143 0.241463 0.373071 0.477045 0.5453
3.18053e+06 0.106231 0.241714 0.373498 0.477629 0.546
3.18075e+06 0.106411 0.242065 0.374002 0.478251 0.5467
3.18084e+06 0.106598 0.242423 0.374509 0.478875 0.5474
3.18084e+06 0.106787 0.242783 0.375019 0.479499 0.5481
3.18089e+06 0.106975 0.243142 0.375527 0.480123 0.5488
3.18092e+06 0.107163 0.2435 0.376035 0.480747 0.5495
3.18094e+06 0.10735 0.243859 0.376543 0.48137 0.5502
3.18096e+06 0.107538 0.244216 0.377051 0.481994 0.5509
3.18095e+06 0.107724 0.244574 0.377558 0.482617 0.5516
3.18093e+06 0.107911 0.24493 0.378064 0.48324 0.5523
3.18091e+06 0.108097 0.245286 0.37857 0.483863 0.553
3.18087e+06 0.108283 0.245642 0.379076 0.484485 0.5537
3.18083e+06 0.108469 0.245997 0.379581 0.485108 0.5544
3.18077e+06 0.108654 0.246352 0.380086 0.48573 0.5551
3.18071e+06 0.108839 0.246707 0.38059 0.486352 0.5558
3.18064e+06 0.109025 0.247061 0.381095 0.486974 0.5565
3.18057e+06 0.10921 0.247416 0.381599 0.487596 0.5572
3.1805e+06 0.109395 0.24777 0.382103 0.488218 0.5579
3.18042e+06 0.10958 0.248123 0.382607 0.48884 0.5586
3.18033e+06 0.109765 0.248477 0.383111 0.489461 0.5593
3.18024e+06 0.109949 0.24883 0.383614 0.490083 0.56
3.18014e+06 0.110133 0.249183 0.384117 0.490704 0.5607
3.18002e+06 0.110317 0.249536 0.38462 0.491326 0.5614
3.17991e+06 0.110502 0.249889 0.385124 0.491948 0.5621
3.17978e+06 0.110686 0.250241 0.385627 0.49257 0.5628
3.17965e+06 0.11087 0.250594 0.386129 0.493192 0.5635
3.1795e+06 0.111054 0.250946 0.386632 0.493814 0.5642
3.17936e+06 0.111238 0.251298 0.387134 0.494436 0.5649
3.1792e+06 0.111421 0.25165 0.387636 0.495057 0.5656
3.17904e+06 0.111605 0.252002 0.388139 0.495679 0.5663
3.17888e+06 0.111789 0.252354 0.388641 0.4963 0.567
3.17871e+06 0.111974 0.252706 0.389143 0.496922 0.5677
3.17853e+06 0.112158 0.253059 0.389645 0.497543 0.5684
3.17832e+06 0.112342 0.253411 0.390148 0.498165 0.5691
3.17813e+06 0.112527 0.253765 0.390652 0.498787 0.5698
3.17791e+06 0.112713 0.254118 0.391155 0.49941 0.5705
3.17769e+06 0.112898 0.254471 0.391659 0.500032 0.5712
3.17745e+06 0.113084 0.254825 0.392162 0.500654 0.5719
3.1772e+06 0.11327 0.25518 0.392667 0.501277 0.5726
3.17693e+06 0.113456 0.255535 0.393171 0.501899 0.5733
3.17665e+06 0.113643 0.25589 0.393676 0.502521 0.574
3.17635e+06 0.113831 0.256245 0.39418 0.503144 0.5747
3.17603e+06 0.114019 0.256601 0.394685 0.503766 0.5754
3.17569e+06 0.114207 0.256958 0.395191 0.504389 0.5761
3.17533e+06 0.114397 0.257316 0.395697 0.505012 0.5768
3.17494e+06 0.114588 0.257674 0.396204 0.505635 0.5775
3.1745e+06 0.11478 0.258035 0.396712 0.506259 0.5782
3.17403e+06 0.114975 0.258398 0.397222 0.506883 0.5789
3.17351e+06 0.115171 0.258763 0.397733 0.507508 0.5796
3.17294e+06 0.11537 0.25913 0.398246 0.508134 0.5803
3.17232e+06 0.11557 0.2595 0.398762 0.508761 0.581
3.17164e+06 0.115774 0.259874 0.39928 0.509389 0.5817
3.17092e+06 0.11598 0.26025 0.3998 0.510018 0.5824
3.17012e+06 0.116189 0.26063 0.400323 0.510648 0.5831
3.16926e+06 0.116401 0.261013 0.40085 0.511279 0.5838
3.16835e+06 0.116617 0.2614 0.401379 0.511912 0.5845
3.16738e+06 0.116834 0.26179 0.401911 0.512546 0.5852
3.16637e+06 0.117055 0.262183 0.402446 0.513181 0.5859
3.11212e+06 0.119027 0.264343 0.40419 0.514332 0.5866
3.11543e+06 0.119223 0.264726 0.404727 0.51497 0.5873
3.11826e+06 0.11942 0.265115 0.405269 0.515611 0.588
3.12032e+06 0.119611 0.265504 0.40582 0.516257 0.5887
3.12219e+06 0.119802 0.265893 0.406372 0.516905 0.5894
3.12382e+06 0.119987 0.266274 0.406919 0.517552 0.5901
3.12515e+06 0.120165 0.266645 0.407458 0.518198 0.5908
3.12633e+06 0.120343 0.267014 0.407998 0.518845 0.5915
3.12701e+06 0.120528 0.267388 0.408539 0.519494 0.5922
3.12722e+06 0.120716 0.267757 0.40907 0.520135 0.5929
3.12736e+06 0.120902 0.268122 0.409595 0.520771 0.5936
3.12747e+06 0.121085 0.268483 0.410114 0.521404 0.5943
3.12748e+06 0.121261 0.268831 0.410619 0.522029 0.595
3.12745e+06 0.121435 0.269176 0.41112 0.52265 0.5957
3.12741e+06 0.121609 0.26952 0.411621 0.523272 0.5964
3.12733e+06 0.12178 0.269858 0.412114 0.523887 0.5971
3.12723e+06 0.121949 0.270194 0.412605 0.524502 0.5978
3.12713e+06 0.122119 0.270531 0.413096 0.525116 0.5985
3.0157e+06 0.120926 0.267694 0.409362 0.52288 0.5992
3.0198e+06 0.121002 0.267912 0.409747 0.523437 0.5999
3.02354e+06 0.121074 0.268124 0.410128 0.523992 0.6006
3.02725e+06 0.121147 0.268335 0.410509 0.524547 0.6013
3.03094e+06 0.121219 0.268546 0.410889 0.525102 0.602
3.03464e+06 0.121291 0.268758 0.411268 0.525657 0.6027
3.03832e+06 0.121363 0.268968 0.411648 0.526212 0.6034
3.042e+06 0.121436 0.269179 0.412027 0.526767 0.6041
3.04566e+06 0.121508 0.26939 0.412407 0.527322 0.6048
3.04917e+06 0.121579 0.269601 0.412788 0.527878 0.6055
3.05201e+06 0.12165 0.269817 0.413179 0.52844 0.6062
3.05453e+06 0.121719 0.270034 0.413573 0.529004 0.6069
3.05701e+06 0.121789 0.270251 0.413968 0.529569 0.6076
3.05948e+06 0.121859 0.270469 0.414363 0.530134 0.6083
3.06191e+06 0.121929 0.270687 0.414758 0.530699 0.609
3.06422e+06 0.122002 0.270909 0.415157 0.531266 0.6097
3.06622e+06 0.12208 0.271142 0.415565 0.531838 0.6104
3.06809e+06 0.12216 0.271378 0.415977 0.532411 0.6111
3.0699e+06 0.122243 0.271618 0.41639 0.532985 0.6118
3.07148e+06 0.122337 0.271869 0.416812 0.533564 0.6125
3.0723e+06 0.122469 0.272161 0.417267 0.534158 0.6132
3.07236e+06 0.122638 0.272496 0.417753 0.534768 0.6139
3.07239e+06 0.122808 0.272831 0.418239 0.535378 0.6146
3.07242e+06 0.122978 0.273166 0.418726 0.535988 0.6153
3.07243e+06 0.123148 0.2735 0.419212 0.536598 0.616
3.07245e+06 0.123318 0.273834 0.419697 0.537207 0.6167
3.07245e+06 0.123487 0.274167 0.420181 0.537816 0.6174
3.07244e+06 0.123656 0.274499 0.420664 0.538425 0.6181
3.07242e+06 0.123824 0.274831 0.421147 0.539033 0.6188
3.0724e+06 0.123991 0.275161 0.421628 0.53964 0.6195
3.07236e+06 0.124158 0.275491 0.422109 0.540247 0.6202
3.07232e+06 0.124325 0.275821 0.42259 0.540854 0.6209
3.07228e+06 0.124492 0.27615 0.42307 0.54146 0.6216
3.07223e+06 0.124658 0.276478 0.423549 0.542066 0.6223
3.07218e+06 0.124824 0.276806 0.424027 0.542672 0.623
3.07212e+06 0.12499 0.277133 0.424505 0.543277 0.6237
3.04711e+06 0.124746 0.276581 0.423854 0.54313 0.6244
3.05053e+06 0.124815 0.276785 0.424223 0.543677 0.6251
3.05347e+06 0.124883 0.276991 0.424599 0.544228 0.6258
3.05572e+06 0.124951 0.277202 0.424984 0.544785 0.6265
3.05741e+06 0.125031 0.277434 0.425387 0.545351 0.6272
3.05793e+06 0.125168 0.27773 0.425841 0.545943 0.6279
3.0579e+06 0.125333 0.278057 0.426318 0.546547 0.6286
3.05786e+06 0.125499 0.278384 0.426796 0.547151 0.6293
3.05781e+06 0.125664 0.278711 0.427273 0.547754 0.63
3.05774e+06 0.125829 0.279036 0.427748 0.548357 0.6307
3.05766e+06 0.125992 0.279359 0.428221 0.548957 0.6314
3.05756e+06 0.126154 0.27968 0.428691 0.549557 0.6321
3.05745e+06 0.126315 0.28 0.429161 0.550156 0.6328
3.05733e+06 0.126477 0.28032 0.42963 0.550754 0.6335
3.05391e+06 0.12661 0.280642 0.430138 0.551382 0.6342
3.05284e+06 0.126763 0.280962 0.430618 0.551989 0.6349
3.04853e+06 0.12689 0.281286 0.431138 0.552625 0.6356
3.04655e+06 0.127035 0.281607 0.431628 0.55324 0.6363
3.04621e+06 0.127193 0.281925 0.432098 0.553839 0.637
3.04471e+06 0.127343 0.282245 0.432582 0.554449 0.6377
3.04218e+06 0.127484 0.282566 0.433078 0.555067 0.6384
3.04154e+06 0.127639 0.282884 0.433551 0.555669 0.6391
3.04167e+06 0.127801 0.283201 0.434014 0.556262 0.6398
3.04179e+06 0.127963 0.283517 0.434476 0.556856 0.6405
3.04116e+06 0.128118 0.283834 0.434947 0.557456 0.6412
3.04126e+06 0.128279 0.28415 0.435409 0.558049 0.6419
3.04136e+06 0.128439 0.284464 0.435869 0.558641 0.6426
3.04143e+06 0.1286 0.284778 0.436329 0.559233 0.6433
3.04147e+06 0.12876 0.285092 0.436788 0.559824 0.644
3.04147e+06 0.12892 0.285406 0.437248 0.560416 0.6447
3.0407e+06 0.129075 0.285722 0.437717 0.561014 0.6454
3.04063e+06 0.129237 0.286038 0.438178 0.561606 0.6461
3.04052e+06 0.1294 0.286355 0.438639 0.562199 0.6468
3.04036e+06 0.129564 0.286673 0.439102 0.562792 0.6475
3.04013e+06 0.129728 0.286991 0.439565 0.563385 0.6482
3.03988e+06 0.129892 0.28731 0.440029 0.563979 0.6489
3.03889e+06 0.13005 0.287629 0.440501 0.564579 0.6496
3.03864e+06 0.130214 0.287947 0.440963 0.565171 0.6503
3.03836e+06 0.130377 0.288264 0.441425 0.565764 0.651
3.03807e+06 0.13054 0.28858 0.441886 0.566356 0.6517
3.03777e+06 0.130702 0.288896 0.442347 0.566947 0.6524
3.03746e+06 0.130865 0.289211 0.442807 0.567538 0.6531
2.96146e+06 0.129993 0.287078 0.439839 0.565203 0.6538
2.96554e+06 0.130066 0.287283 0.440197 0.565731 0.6545
2.96895e+06 0.130133 0.287479 0.440548 0.566257 0.6552
2.97156e+06 0.130193 0.287661 0.440887 0.566779 0.6559
2.97415e+06 0.130253 0.287842 0.441225 0.567302 0.6566
2.97672e+06 0.130313 0.288024 0.441564 0.567823 0.6573
2.97928e+06 0.130373 0.288204 0.441901 0.568344 0.658
2.98181e+06 0.130433 0.288385 0.442238 0.568865 0.6587
2.98426e+06 0.130492 0.288565 0.442575 0.569387 0.6594
2.98619e+06 0.130551 0.28875 0.442921 0.569913 0.6601
2.98704e+06 0.130608 0.288944 0.443286 0.570452 0.6608
2.98874e+06 0.130666 0.28913 0.443635 0.570981 0.6615
2.99036e+06 0.130725 0.289317 0.443986 0.571511 0.6622
2.99184e+06 0.130786 0.289509 0.44434 0.572042 0.6629
2.99308e+06 0.130853 0.289711 0.444705 0.572579 0.6636
2.99335e+06 0.130923 0.289926 0.445089 0.573129 0.6643
2.9944e+06 0.131001 0.290141 0.445463 0.573671 0.665
2.99509e+06 0.131097 0.290378 0.445856 0.574224 0.6657
2.99421e+06 0.131233 0.290669 0.446303 0.574807 0.6664
2.99212e+06 0.131373 0.290977 0.446775 0.575406 0.6671
2.9918e+06 0.131531 0.291285 0.447226 0.575989 0.6678
2.99148e+06 0.131688 0.291592 0.447675 0.576571 0.6685
2.99115e+06 0.131845 0.291898 0.448125 0.577153 0.6692
2.9908e+06 0.132003 0.292205 0.448575 0.577735 0.6699
2.99045e+06 0.132159 0.292511 0.449024 0.578317 0.6706
2.89166e+06 0.131039 0.289781 0.44526 0.575475 0.6713
2.89587e+06 0.131113 0.289991 0.445624 0.576006 0.672
2.89928e+06 0.131181 0.290188 0.445978 0.576535 0.6727
2.90206e+06 0.131243 0.290375 0.446323 0.577061 0.6734
2.90481e+06 0.131305 0.290561 0.446667 0.577586 0.6741
2.90751e+06 0.131366 0.290745 0.44701 0.578111 0.6748
2.91016e+06 0.131427 0.290928 0.44735 0.578633 0.6755
2.91272e+06 0.131487 0.291109 0.447687 0.579153 0.6762
2.91527e+06 0.131547 0.291289 0.448023 0.579672 0.6769
2.91779e+06 0.131606 0.291469 0.448359 0.580191 0.6776
2.92016e+06 0.131664 0.291647 0.448693 0.580709 0.6783
2.92212e+06 0.131722 0.291828 0.449032 0.581229 0.679
2.92374e+06 0.131779 0.29201 0.449376 0.581753 0.6797
2.92528e+06 0.131836 0.292193 0.44972 0.582277 0.6804
2.92679e+06 0.131892 0.292375 0.450064 0.582801 0.6811
2.92825e+06 0.131949 0.292557 0.450408 0.583324 0.6818
2.92965e+06 0.132006 0.292741 0.450752 0.583848 0.6825
2.93088e+06 0.132066 0.29293 0.451102 0.584374 0.6832
2.93193e+06 0.13213 0.293126 0.451458 0.584904 0.6839
2.9329e+06 0.132196 0.293324 0.451816 0.585435 0.6846
2.93383e+06 0.132262 0.293523 0.452175 0.585966 0.6853
2.93467e+06 0.132333 0.293728 0.452538 0.586499 0.686
2.9352e+06 0.132423 0.293954 0.452918 0.587042 0.6867
2.93498e+06 0.132559 0.294234 0.453343 0.587609 0.6874
2.93452e+06 0.132709 0.29453 0.453782 0.588183 0.6881
2.91915e+06 0.132554 0.294175 0.453348 0.588031 0.6888
2.92137e+06 0.13261 0.294347 0.453672 0.58854 0.6895
2.92294e+06 0.132666 0.294524 0.454008 0.589058 0.6902
2.924e+06 0.132728 0.294716 0.45436 0.589585 0.6909
2.92403e+06 0.13285 0.294979 0.454771 0.590145 0.6916
2.92354e+06 0.133003 0.29528 0.455214 0.590722 0.6923
2.9231e+06 0.133153 0.295577 0.455654 0.591297 0.693
2.92263e+06 0.133305 0.295875 0.456094 0.591872 0.6937
2.92215e+06 0.133456 0.296173 0.456534 0.592447 0.6944
2.9173e+06 0.133755 0.296698 0.45718 0.593138 0.6951
2.90887e+06 0.133929 0.297117 0.457801 0.59383 0.6958
2.90833e+06 0.134073 0.297407 0.458237 0.594403 0.6965
2.90778e+06 0.134216 0.297696 0.458671 0.594975 0.6972
2.90672e+06 0.134355 0.297986 0.459113 0.595553 0.6979
2.90608e+06 0.134499 0.298278 0.459551 0.596127 0.6986
2.90227e+06 0.13462 0.298578 0.460034 0.596735 0.6993
2.8681e+06 0.135975 0.300199 0.46146 0.597785 0.7
