31791.8 0.000158742 0.000322624 0.00042
63583.4 0.000317486 0.000645248 0.00084
95374.6 0.000476231 0.000967873 0.00126
127166 0.000634977 0.0012905 0.00168
158956 0.000793726 0.00161313 0.0021
190746 0.000952477 0.00193575 0.00252
222535 0.00111123 0.00225838 0.00294
254324 0.00126999 0.00258102 0.00336
286111 0.00142874 0.00290365 0.00378
317898 0.00158751 0.00322628 0.0042
349684 0.00174627 0.00354892 0.00462
381469 0.00190504 0.00387156 0.00504
413253 0.00206381 0.0041942 0.00546
445036 0.00222259 0.00451685 0.00588
476776 0.00238162 0.00483961 0.0063
508447 0.00254103 0.00516256 0.00672
540039 0.00270092 0.00548572 0.00714
571236 0.0028619 0.00580981 0.00756
602384 0.00302317 0.00613405 0.00798
633278 0.00318505 0.00645883 0.0084
663848 0.00334762 0.00678435 0.00882
693971 0.00351266 0.00711111 0.00924
723699 0.00367907 0.00743885 0.00966
753173 0.00384627 0.00776719 0.01008
782219 0.00401506 0.00809663 0.0105
810807 0.00418474 0.00842655 0.01092
838395 0.00435661 0.00875853 0.01134
865651 0.00452853 0.0090909 0.01176
892648 0.00470097 0.00942347 0.01218
919409 0.00487441 0.00975668 0.0126
945790 0.00504788 0.0100901 0.01302
971474 0.00522272 0.0104249 0.01344
996406 0.00539895 0.0107611 0.01386
1.0211e+06 0.00557493 0.0110973 0.01428
1.04538e+06 0.00575207 0.0114346 0.0147
1.06945e+06 0.00592996 0.0117724 0.01512
1.0932e+06 0.00610881 0.0121111 0.01554
1.11652e+06 0.00628829 0.0124502 0.01596
1.13964e+06 0.00646876 0.0127898 0.01638
1.16263e+06 0.00664944 0.0131295 0.0168
1.18507e+06 0.00683004 0.0134695 0.01722
1.20675e+06 0.00701078 0.0138099 0.01764
1.22827e+06 0.00719153 0.0141506 0.01806
1.24966e+06 0.00737228 0.0144915 0.01848
1.27088e+06 0.00755316 0.0148328 0.0189
1.29198e+06 0.00773449 0.0151743 0.01932
1.31275e+06 0.00791602 0.0155158 0.01974
1.33329e+06 0.00809774 0.0158572 0.02016
1.35349e+06 0.00827859 0.0161976 0.02058
1.37351e+06 0.008459 0.0165379 0.021
1.39324e+06 0.00863974 0.0168789 0.02142
1.41277e+06 0.00881969 0.0172195 0.02184
1.43208e+06 0.0089994 0.0175603 0.02226
1.45125e+06 0.0091794 0.0179012 0.02268
1.47028e+06 0.00935983 0.0182422 0.0231
1.48918e+06 0.00954 0.0185832 0.02352
1.508e+06 0.00972042 0.0189246 0.02394
1.52672e+06 0.00990119 0.0192666 0.02436
1.54523e+06 0.0100827 0.0196089 0.02478
1.56353e+06 0.0102631 0.0199503 0.0252
1.58168e+06 0.0104427 0.0202915 0.02562
1.59973e+06 0.010622 0.0206324 0.02604
1.61763e+06 0.0108012 0.0209732 0.02646
1.6353e+06 0.0109814 0.0213146 0.02688
1.65292e+06 0.0111617 0.0216559 0.0273
1.67043e+06 0.0113426 0.0219976 0.02772
1.68787e+06 0.0115232 0.0223392 0.02814
1.70525e+06 0.0117035 0.0226807 0.02856
1.7225e+06 0.0118831 0.0230222 0.02898
1.73964e+06 0.0120623 0.0233637 0.0294
1.75674e+06 0.0122418 0.0237054 0.02982
1.77381e+06 0.0124212 0.0240469 0.03024
1.79083e+06 0.0126007 0.0243883 0.03066
1.80774e+06 0.0127802 0.0247295 0.03108
1.82457e+06 0.0129594 0.0250707 0.0315
1.84129e+06 0.0131386 0.0254118 0.03192
1.85795e+06 0.0133182 0.0257531 0.03234
1.87451e+06 0.0134985 0.0260947 0.03276
1.89103e+06 0.0136788 0.0264364 0.03318
1.90751e+06 0.0138594 0.026778 0.0336
1.92394e+06 0.0140396 0.0271192 0.03402
1.94029e+06 0.0142193 0.0274601 0.03444
1.95659e+06 0.0143988 0.0278009 0.03486
1.9728e+06 0.0145777 0.0281417 0.03528
1.98889e+06 0.0147569 0.0284822 0.0357
2.00494e+06 0.0149358 0.0288226 0.03612
2.02092e+06 0.0151147 0.0291628 0.03654
2.0368e+06 0.0152933 0.0295033 0.03696
2.05264e+06 0.0154717 0.0298437 0.03738
2.06841e+06 0.0156504 0.0301842 0.0378
2.08415e+06 0.015829 0.0305247 0.03822
2.09986e+06 0.0160077 0.0308653 0.03864
2.11549e+06 0.0161864 0.0312061 0.03906
2.13107e+06 0.0163654 0.0315471 0.03948
2.14661e+06 0.0165443 0.0318878 0.0399
2.16208e+06 0.0167233 0.0322289 0.04032
2.17749e+06 0.016902 0.03257 0.04074
2.19282e+06 0.0170803 0.0329104 0.04116
2.20807e+06 0.0172582 0.0332504 0.04158
2.22324e+06 0.0174357 0.0335901 0.042
2.23838e+06 0.0176133 0.0339298 0.04242
2.25344e+06 0.0177908 0.0342693 0.04284
2.26841e+06 0.0179675 0.0346085 0.04326
2.28336e+06 0.0181442 0.0349476 0.04368
2.29828e+06 0.0183207 0.0352865 0.0441
2.31319e+06 0.0184973 0.0356254 0.04452
2.32808e+06 0.0186739 0.0359643 0.04494
2.34293e+06 0.0188505 0.0363033 0.04536
2.35773e+06 0.0190269 0.0366419 0.04578
2.3725e+06 0.0192037 0.0369806 0.0462
2.38727e+06 0.0193806 0.0373193 0.04662
2.402e+06 0.0195574 0.0376579 0.04704
2.41672e+06 0.0197341 0.0379964 0.04746
2.4314e+06 0.0199107 0.0383349 0.04788
2.44605e+06 0.0200874 0.0386733 0.0483
2.46067e+06 0.0202641 0.0390119 0.04872
2.47526e+06 0.0204409 0.0393506 0.04914
2.48978e+06 0.0206174 0.039689 0.04956
2.50426e+06 0.0207938 0.0400272 0.04998
2.51872e+06 0.0209699 0.0403651 0.0504
2.53316e+06 0.0211461 0.0407031 0.05082
2.54756e+06 0.0213224 0.0410411 0.05124
2.56194e+06 0.0214986 0.041379 0.05166
2.57628e+06 0.0216747 0.0417167 0.05208
2.5906e+06 0.0218507 0.0420544 0.0525
2.60487e+06 0.0220264 0.042392 0.05292
2.61908e+06 0.0222023 0.0427297 0.05334
2.63327e+06 0.0223782 0.0430674 0.05376
2.64744e+06 0.0225542 0.0434052 0.05418
2.6616e+06 0.0227301 0.0437429 0.0546
2.67572e+06 0.0229058 0.0440804 0.05502
2.68979e+06 0.0230818 0.0444179 0.05544
2.70383e+06 0.0232576 0.0447553 0.05586
2.71784e+06 0.0234334 0.0450929 0.05628
2.73183e+06 0.0236091 0.0454305 0.0567
2.74579e+06 0.0237848 0.0457681 0.05712
2.75972e+06 0.0239603 0.0461056 0.05754
2.77362e+06 0.0241358 0.0464431 0.05796
2.7875e+06 0.0243112 0.0467806 0.05838
2.80136e+06 0.0244866 0.047118 0.0588
2.81517e+06 0.0246619 0.0474552 0.05922
2.82895e+06 0.0248372 0.0477925 0.05964
2.8427e+06 0.0250125 0.0481296 0.06006
2.85642e+06 0.0251878 0.0484666 0.06048
2.87012e+06 0.0253632 0.0488036 0.0609
2.8838e+06 0.0255385 0.0491404 0.06132
2.89745e+06 0.0257138 0.0494773 0.06174
2.91107e+06 0.0258893 0.0498144 0.06216
2.92467e+06 0.0260648 0.0501514 0.06258
2.93824e+06 0.0262401 0.0504884 0.063
2.95179e+06 0.0264154 0.050825 0.06342
2.96531e+06 0.0265906 0.0511615 0.06384
2.9788e+06 0.0267657 0.051498 0.06426
2.99226e+06 0.0269408 0.0518346 0.06468
3.00568e+06 0.0271157 0.052171 0.0651
3.01907e+06 0.0272905 0.0525073 0.06552
3.03243e+06 0.0274654 0.0528437 0.06594
3.04575e+06 0.0276404 0.0531802 0.06636
3.05906e+06 0.0278155 0.0535168 0.06678
3.07232e+06 0.0279907 0.0538535 0.0672
3.08555e+06 0.0281658 0.0541899 0.06762
3.09875e+06 0.0283407 0.0545262 0.06804
3.11192e+06 0.0285157 0.0548625 0.06846
3.12506e+06 0.0286911 0.055199 0.06888
3.13818e+06 0.0288666 0.0555354 0.0693
3.15127e+06 0.0290422 0.0558718 0.06972
3.16432e+06 0.0292179 0.0562083 0.07014
3.17734e+06 0.0293938 0.0565448 0.07056
3.19033e+06 0.0295698 0.0568815 0.07098
3.20329e+06 0.0297459 0.0572182 0.0714
3.21622e+06 0.0299223 0.057555 0.07182
3.2291e+06 0.0300989 0.0578919 0.07224
3.24194e+06 0.0302756 0.0582289 0.07266
3.25474e+06 0.0304525 0.058566 0.07308
3.2675e+06 0.0306296 0.0589031 0.0735
3.28021e+06 0.0308069 0.0592406 0.07392
3.29288e+06 0.0309844 0.0595782 0.07434
3.3055e+06 0.0311623 0.059916 0.07476
3.31807e+06 0.0313405 0.0602539 0.07518
3.3306e+06 0.031519 0.0605919 0.0756
3.34306e+06 0.0316977 0.06093 0.07602
3.35548e+06 0.0318768 0.0612682 0.07644
3.36784e+06 0.0320563 0.0616067 0.07686
3.38015e+06 0.0322362 0.0619453 0.07728
3.3924e+06 0.0324164 0.0622839 0.0777
3.4046e+06 0.032597 0.0626228 0.07812
3.41674e+06 0.0327777 0.0629616 0.07854
3.42881e+06 0.0329586 0.0633005 0.07896
3.44084e+06 0.0331398 0.0636395 0.07938
3.45281e+06 0.0333214 0.0639787 0.0798
3.46472e+06 0.0335035 0.0643181 0.08022
3.47658e+06 0.0336859 0.0646577 0.08064
3.48838e+06 0.0338686 0.0649975 0.08106
3.50013e+06 0.0340517 0.0653375 0.08148
3.51182e+06 0.0342351 0.0656775 0.0819
3.52346e+06 0.0344191 0.0660176 0.08232
3.53504e+06 0.0346035 0.066358 0.08274
3.54657e+06 0.0347886 0.0666986 0.08316
3.55804e+06 0.0349744 0.0670396 0.08358
3.56945e+06 0.0351608 0.0673809 0.084
3.5808e+06 0.0353481 0.0677226 0.08442
3.59207e+06 0.0355361 0.0680645 0.08484
3.60325e+06 0.0357251 0.0684069 0.08526
3.61436e+06 0.0359148 0.0687497 0.08568
3.62537e+06 0.0361055 0.0690929 0.0861
3.63629e+06 0.0362969 0.0694365 0.08652
3.64712e+06 0.0364891 0.0697805 0.08694
3.65786e+06 0.0366823 0.0701249 0.08736
3.66851e+06 0.0368763 0.0704698 0.08778
3.67907e+06 0.0370713 0.0708151 0.0882
3.68954e+06 0.0372673 0.071161 0.08862
3.6999e+06 0.0374642 0.0715073 0.08904
3.71016e+06 0.037662 0.0718539 0.08946
3.72032e+06 0.0378606 0.0722011 0.08988
3.73038e+06 0.0380602 0.0725486 0.0903
3.74034e+06 0.0382607 0.0728966 0.09072
3.75021e+06 0.0384621 0.073245 0.09114
3.75999e+06 0.0386643 0.073594 0.09156
3.76968e+06 0.0388672 0.0739433 0.09198
3.7793e+06 0.0390707 0.074293 0.0924
3.78884e+06 0.0392746 0.074643 0.09282
3.79832e+06 0.0394791 0.0749933 0.09324
3.80773e+06 0.039684 0.0753438 0.09366
3.81707e+06 0.0398891 0.0756944 0.09408
3.82634e+06 0.0400946 0.0760451 0.0945
3.83555e+06 0.0403005 0.0763961 0.09492
3.84469e+06 0.0405069 0.0767474 0.09534
3.85376e+06 0.0407137 0.0770991 0.09576
3.86276e+06 0.040921 0.077451 0.09618
3.87169e+06 0.0411288 0.0778032 0.0966
3.88053e+06 0.0413372 0.0781559 0.09702
3.8893e+06 0.0415463 0.0785088 0.09744
3.89798e+06 0.041756 0.0788621 0.09786
3.90657e+06 0.0419665 0.0792157 0.09828
3.91505e+06 0.0421781 0.07957 0.0987
3.92345e+06 0.0423905 0.0799248 0.09912
3.93175e+06 0.0426038 0.08028 0.09954
3.93997e+06 0.042818 0.0806358 0.09996
3.9481e+06 0.0430332 0.080992 0.10038
3.95614e+06 0.0432493 0.0813487 0.1008
3.96408e+06 0.0434666 0.0817059 0.10122
3.97194e+06 0.0436847 0.0820634 0.10164
3.97972e+06 0.0439036 0.0824214 0.10206
3.98741e+06 0.0441236 0.0827798 0.10248
3.99503e+06 0.0443443 0.0831387 0.1029
4.00257e+06 0.0445658 0.0834979 0.10332
4.01004e+06 0.044788 0.0838575 0.10374
4.0174e+06 0.0450114 0.0842177 0.10416
4.02467e+06 0.045236 0.0845784 0.10458
4.03187e+06 0.0454614 0.0849396 0.105
4.039e+06 0.0456873 0.0853011 0.10542
4.04605e+06 0.0459137 0.0856628 0.10584
4.05305e+06 0.0461406 0.0860248 0.10626
4.05999e+06 0.046368 0.0863871 0.10668
4.06686e+06 0.0465959 0.0867497 0.1071
4.07366e+06 0.0468245 0.0871126 0.10752
4.05061e+06 0.0473604 0.0876153 0.10794
4.05796e+06 0.0476059 0.0879911 0.10836
4.06478e+06 0.047847 0.0883643 0.10878
4.07121e+06 0.048083 0.0887325 0.1092
4.0775e+06 0.0483183 0.0890996 0.10962
4.08372e+06 0.0485539 0.0894666 0.11004
4.08988e+06 0.04879 0.0898339 0.11046
4.09596e+06 0.0490267 0.0902015 0.11088
4.10198e+06 0.0492637 0.0905691 0.1113
4.10792e+06 0.0495014 0.0909371 0.11172
4.11379e+06 0.0497397 0.0913054 0.11214
4.11959e+06 0.0499785 0.0916738 0.11256
4.12531e+06 0.0502181 0.0920427 0.11298
4.13095e+06 0.0504586 0.0924119 0.1134
4.13649e+06 0.0507 0.0927816 0.11382
4.07847e+06 0.0516032 0.0934232 0.11424
4.08572e+06 0.0518703 0.0938 0.11466
4.09194e+06 0.0521345 0.0941798 0.11508
4.09754e+06 0.0523957 0.0945623 0.1155
4.10298e+06 0.0526568 0.0949455 0.11592
4.10824e+06 0.0529166 0.0953274 0.11634
4.11319e+06 0.0531763 0.0957086 0.11676
4.11786e+06 0.0534361 0.0960891 0.11718
4.12231e+06 0.053694 0.096467 0.1176
4.06479e+06 0.0546467 0.0971143 0.11802
4.07087e+06 0.0549334 0.0974972 0.11844
4.07591e+06 0.0552147 0.0978823 0.11886
4.08034e+06 0.0554929 0.0982696 0.11928
4.08464e+06 0.0557702 0.0986585 0.1197
4.0888e+06 0.0560471 0.0990479 0.12012
4.09287e+06 0.0563222 0.0994362 0.12054
4.09684e+06 0.0565957 0.0998231 0.12096
4.10069e+06 0.0568661 0.100207 0.12138
4.10448e+06 0.0571354 0.10059 0.1218
4.10822e+06 0.0574042 0.100973 0.12222
4.1119e+06 0.0576724 0.101354 0.12264
4.11553e+06 0.0579404 0.101736 0.12306
4.11913e+06 0.0582086 0.102117 0.12348
4.12268e+06 0.0584768 0.102499 0.1239
4.12619e+06 0.0587447 0.102881 0.12432
4.12966e+06 0.0590126 0.103263 0.12474
4.1331e+06 0.0592809 0.103645 0.12516
4.13651e+06 0.0595492 0.104027 0.12558
4.13989e+06 0.0598177 0.104409 0.126
4.06518e+06 0.0609353 0.105138 0.12642
4.07216e+06 0.0612185 0.105518 0.12684
4.07751e+06 0.0615008 0.105902 0.12726
4.08198e+06 0.0617776 0.106289 0.12768
4.08622e+06 0.0620537 0.106677 0.1281
4.09036e+06 0.0623295 0.107067 0.12852
4.09444e+06 0.0626053 0.107457 0.12894
4.09845e+06 0.0628798 0.107846 0.12936
4.10237e+06 0.0631526 0.108235 0.12978
4.10621e+06 0.0634229 0.108622 0.1302
4.10997e+06 0.063691 0.109007 0.13062
4.11364e+06 0.0639575 0.109391 0.13104
4.11725e+06 0.0642225 0.109773 0.13146
4.12083e+06 0.0644866 0.110155 0.13188
4.12437e+06 0.0647506 0.110537 0.1323
4.12786e+06 0.0650144 0.110918 0.13272
4.13132e+06 0.0652782 0.1113 0.13314
4.13472e+06 0.0655423 0.111682 0.13356
4.13806e+06 0.0658066 0.112064 0.13398
4.14132e+06 0.0660717 0.112446 0.1344
4.1445e+06 0.0663378 0.112829 0.13482
4.14758e+06 0.0666051 0.113213 0.13524
4.15059e+06 0.0668736 0.113597 0.13566
4.15351e+06 0.0671434 0.113981 0.13608
4.15638e+06 0.0674142 0.114366 0.1365
4.15918e+06 0.0676857 0.114751 0.13692
4.16193e+06 0.067958 0.115137 0.13734
4.16463e+06 0.0682305 0.115523 0.13776
4.16727e+06 0.0685034 0.115909 0.13818
4.16986e+06 0.0687761 0.116295 0.1386
4.17239e+06 0.0690486 0.116682 0.13902
4.17487e+06 0.0693208 0.117069 0.13944
4.17728e+06 0.0695926 0.117456 0.13986
4.17963e+06 0.069864 0.117843 0.14028
3.99002e+06 0.0699742 0.118807 0.1407
4.00028e+06 0.0701539 0.119167 0.14112
4.01049e+06 0.0703336 0.119529 0.14154
4.02049e+06 0.0705142 0.11989 0.14196
4.02918e+06 0.0707042 0.120255 0.14238
3.97879e+06 0.0708693 0.120808 0.1428
3.98753e+06 0.071059 0.121173 0.14322
3.99547e+06 0.0712541 0.121539 0.14364
4.00315e+06 0.0714512 0.121907 0.14406
4.00942e+06 0.0716644 0.122281 0.14448
4.0135e+06 0.0719039 0.122663 0.1449
4.01643e+06 0.0721559 0.123051 0.14532
4.01929e+06 0.072408 0.123438 0.14574
4.02201e+06 0.0726608 0.123826 0.14616
4.02473e+06 0.0729131 0.124214 0.14658
4.02742e+06 0.0731653 0.124601 0.147
4.03009e+06 0.0734174 0.124989 0.14742
4.03273e+06 0.0736694 0.125377 0.14784
4.03535e+06 0.0739207 0.125764 0.14826
4.03793e+06 0.0741715 0.126152 0.14868
4.04048e+06 0.0744214 0.126538 0.1491
4.04299e+06 0.0746709 0.126924 0.14952
4.04546e+06 0.0749203 0.127311 0.14994
4.04787e+06 0.0751693 0.127698 0.15036
4.05022e+06 0.0754179 0.128084 0.15078
4.05247e+06 0.0756664 0.12847 0.1512
4.05465e+06 0.0759146 0.128857 0.15162
4.05674e+06 0.0761624 0.129244 0.15204
3.95866e+06 0.0763134 0.129941 0.15246
3.96793e+06 0.076491 0.130307 0.15288
3.97658e+06 0.0766736 0.130675 0.1533
3.98317e+06 0.0768738 0.131049 0.15372
3.98638e+06 0.077113 0.131437 0.15414
3.98864e+06 0.0773625 0.131827 0.15456
3.9907e+06 0.0776133 0.132217 0.15498
3.97427e+06 0.0781298 0.132715 0.1554
3.97752e+06 0.0783725 0.133103 0.15582
3.98027e+06 0.0786188 0.133494 0.15624
3.98267e+06 0.0788641 0.133883 0.15666
3.98494e+06 0.0791095 0.134272 0.15708
3.96308e+06 0.0796228 0.134747 0.1575
3.96684e+06 0.0798864 0.135135 0.15792
3.9692e+06 0.08014 0.135528 0.15834
3.97148e+06 0.0803924 0.13592 0.15876
3.97363e+06 0.0806419 0.13631 0.15918
3.97573e+06 0.0808906 0.136699 0.1596
3.97777e+06 0.0811388 0.137087 0.16002
3.97976e+06 0.0813872 0.137475 0.16044
3.98163e+06 0.081637 0.137864 0.16086
3.98324e+06 0.0818904 0.138254 0.16128
3.9847e+06 0.0821462 0.138645 0.1617
3.98607e+06 0.0824028 0.139037 0.16212
3.98738e+06 0.0826597 0.139429 0.16254
3.98865e+06 0.0829168 0.139821 0.16296
3.98989e+06 0.0831738 0.140213 0.16338
3.96942e+06 0.0836685 0.140706 0.1638
3.97224e+06 0.0839159 0.141096 0.16422
3.97445e+06 0.0841614 0.141487 0.16464
3.97637e+06 0.0844155 0.141879 0.16506
3.97819e+06 0.084667 0.14227 0.16548
3.97995e+06 0.0849181 0.14266 0.1659
3.98159e+06 0.08517 0.14305 0.16632
3.98289e+06 0.0854252 0.143441 0.16674
3.9841e+06 0.0856808 0.143833 0.16716
3.98526e+06 0.0859365 0.144224 0.16758
3.9864e+06 0.0861922 0.144616 0.168
3.9875e+06 0.0864481 0.145008 0.16842
3.98857e+06 0.086704 0.145399 0.16884
3.98962e+06 0.0869598 0.145791 0.16926
3.99064e+06 0.0872156 0.146183 0.16968
3.99163e+06 0.0874715 0.146575 0.1701
3.9926e+06 0.0877274 0.146967 0.17052
3.99354e+06 0.0879834 0.147359 0.17094
3.99444e+06 0.0882395 0.147751 0.17136
3.99532e+06 0.0884956 0.148143 0.17178
3.99617e+06 0.0887518 0.148535 0.1722
3.99698e+06 0.0890081 0.148927 0.17262
3.99776e+06 0.0892648 0.14932 0.17304
3.99849e+06 0.0895219 0.149713 0.17346
3.99918e+06 0.0897789 0.150106 0.17388
3.90184e+06 0.089963 0.150808 0.1743
3.91032e+06 0.0901417 0.151177 0.17472
3.91863e+06 0.0903219 0.151546 0.17514
3.92434e+06 0.090532 0.151927 0.17556
3.92719e+06 0.0907756 0.152317 0.17598
3.9291e+06 0.0910264 0.152708 0.1764
3.9308e+06 0.0912785 0.1531 0.17682
3.93245e+06 0.0915307 0.153491 0.17724
3.93403e+06 0.0917829 0.153882 0.17766
3.9355e+06 0.0920348 0.154274 0.17808
3.93691e+06 0.0922866 0.154665 0.1785
3.93825e+06 0.0925379 0.155056 0.17892
3.93949e+06 0.0927891 0.155446 0.17934
3.94068e+06 0.09304 0.155837 0.17976
3.94179e+06 0.0932908 0.156228 0.18018
3.94286e+06 0.0935413 0.156618 0.1806
3.94387e+06 0.0937918 0.157009 0.18102
3.94476e+06 0.0940439 0.1574 0.18144
3.94536e+06 0.0943053 0.157794 0.18186
3.94583e+06 0.0945697 0.15819 0.18228
3.94626e+06 0.0948342 0.158585 0.1827
3.94665e+06 0.0950986 0.158981 0.18312
3.947e+06 0.0953628 0.159377 0.18354
3.94733e+06 0.0956269 0.159773 0.18396
3.92257e+06 0.0961856 0.16026 0.18438
3.92753e+06 0.096439 0.160643 0.1848
3.92983e+06 0.0966841 0.161036 0.18522
3.93122e+06 0.0969383 0.161433 0.18564
3.93257e+06 0.0971905 0.161829 0.18606
3.93388e+06 0.0974415 0.162223 0.18648
3.93517e+06 0.0976914 0.162616 0.1869
3.93645e+06 0.0979411 0.163009 0.18732
3.93772e+06 0.0981906 0.163402 0.18774
3.93899e+06 0.09844 0.163795 0.18816
3.94024e+06 0.0986894 0.164188 0.18858
3.94145e+06 0.0989385 0.164581 0.189
3.94262e+06 0.0991872 0.164974 0.18942
3.94376e+06 0.0994362 0.165367 0.18984
3.94478e+06 0.099687 0.16576 0.19026
3.94567e+06 0.0999407 0.166155 0.19068
3.94651e+06 0.100195 0.16655 0.1911
3.94731e+06 0.10045 0.166946 0.19152
3.9481e+06 0.100706 0.167341 0.19194
3.94889e+06 0.100961 0.167736 0.19236
3.94967e+06 0.101216 0.168132 0.19278
3.95044e+06 0.101472 0.168527 0.1932
3.95121e+06 0.101728 0.168923 0.19362
3.95198e+06 0.101983 0.169318 0.19404
3.95274e+06 0.102239 0.169714 0.19446
3.9535e+06 0.102494 0.170109 0.19488
3.95426e+06 0.102749 0.170505 0.1953
3.95502e+06 0.103005 0.1709 0.19572
3.95577e+06 0.10326 0.171296 0.19614
3.95652e+06 0.103515 0.171692 0.19656
3.95726e+06 0.103771 0.172087 0.19698
3.958e+06 0.104026 0.172483 0.1974
3.95874e+06 0.104282 0.172878 0.19782
3.95948e+06 0.104537 0.173274 0.19824
3.96021e+06 0.104792 0.17367 0.19866
3.96095e+06 0.105047 0.174065 0.19908
3.96168e+06 0.105302 0.174461 0.1995
3.96241e+06 0.105557 0.174857 0.19992
3.96314e+06 0.105813 0.175252 0.20034
3.91018e+06 0.107038 0.175978 0.20076
3.91672e+06 0.107296 0.17636 0.20118
3.92276e+06 0.107553 0.176744 0.2016
3.92636e+06 0.10783 0.177138 0.20202
3.92825e+06 0.108113 0.177538 0.20244
3.92974e+06 0.108394 0.177939 0.20286
3.93083e+06 0.108673 0.178341 0.20328
3.93177e+06 0.108952 0.178743 0.2037
3.93264e+06 0.109231 0.179147 0.20412
3.93349e+06 0.109509 0.179551 0.20454
3.93431e+06 0.109787 0.179954 0.20496
3.93512e+06 0.110066 0.180358 0.20538
3.93592e+06 0.110344 0.180761 0.2058
3.93672e+06 0.110623 0.181165 0.20622
3.93751e+06 0.110901 0.181568 0.20664
3.93829e+06 0.11118 0.181971 0.20706
3.93907e+06 0.111456 0.182373 0.20748
3.93982e+06 0.111732 0.182774 0.2079
3.94058e+06 0.112007 0.183175 0.20832
3.94132e+06 0.112282 0.183576 0.20874
3.94207e+06 0.112556 0.183976 0.20916
3.94281e+06 0.11283 0.184376 0.20958
3.94355e+06 0.113104 0.184776 0.21
3.94428e+06 0.113379 0.185176 0.21042
3.94501e+06 0.113655 0.185575 0.21084
3.94573e+06 0.11393 0.185975 0.21126
3.94646e+06 0.114206 0.186375 0.21168
3.94718e+06 0.114482 0.186775 0.2121
3.94791e+06 0.114758 0.187175 0.21252
3.94863e+06 0.115034 0.187575 0.21294
3.94935e+06 0.11531 0.187975 0.21336
3.95008e+06 0.115586 0.188375 0.21378
3.9508e+06 0.115862 0.188775 0.2142
3.95151e+06 0.116138 0.189174 0.21462
3.95221e+06 0.116414 0.189574 0.21504
3.95289e+06 0.116689 0.189974 0.21546
3.95356e+06 0.116964 0.190374 0.21588
3.95422e+06 0.117239 0.190774 0.2163
3.95489e+06 0.117514 0.191174 0.21672
3.95555e+06 0.117789 0.191573 0.21714
3.9562e+06 0.118064 0.191973 0.21756
3.95685e+06 0.118338 0.192373 0.21798
3.95748e+06 0.118612 0.192773 0.2184
3.95811e+06 0.118886 0.193172 0.21882
3.92645e+06 0.119108 0.193674 0.21924
3.9307e+06 0.119326 0.194059 0.21966
3.92147e+06 0.119721 0.194495 0.22008
3.92324e+06 0.119972 0.194892 0.2205
3.89264e+06 0.120196 0.195391 0.22092
3.89726e+06 0.120418 0.195777 0.22134
3.89952e+06 0.120665 0.196171 0.22176
3.90119e+06 0.120913 0.196566 0.22218
3.90284e+06 0.121161 0.19696 0.2226
3.9044e+06 0.121409 0.197354 0.22302
3.90595e+06 0.121656 0.197747 0.22344
3.88572e+06 0.121638 0.198282 0.22386
3.89115e+06 0.12183 0.198662 0.22428
3.89268e+06 0.122081 0.199062 0.2247
3.89345e+06 0.122342 0.199464 0.22512
3.89422e+06 0.122603 0.199866 0.22554
3.89497e+06 0.122863 0.200267 0.22596
3.89571e+06 0.123122 0.200669 0.22638
3.89642e+06 0.123382 0.20107 0.2268
3.89704e+06 0.123645 0.201472 0.22722
3.89767e+06 0.123909 0.201874 0.22764
3.89827e+06 0.124173 0.202276 0.22806
3.89886e+06 0.124436 0.202677 0.22848
3.89944e+06 0.1247 0.203079 0.2289
3.9e+06 0.124964 0.203481 0.22932
3.87057e+06 0.125744 0.204078 0.22974
3.87372e+06 0.126025 0.204475 0.23016
3.87527e+06 0.126286 0.204878 0.23058
3.8575e+06 0.126955 0.205411 0.231
3.86052e+06 0.127232 0.20581 0.23142
3.86175e+06 0.127513 0.206216 0.23184
3.86275e+06 0.127791 0.206623 0.23226
3.86362e+06 0.128069 0.20703 0.23268
3.86445e+06 0.128346 0.207438 0.2331
3.86525e+06 0.128624 0.207846 0.23352
3.86604e+06 0.128901 0.208254 0.23394
3.8668e+06 0.129177 0.208661 0.23436
3.86754e+06 0.129453 0.209069 0.23478
3.86882e+06 0.129717 0.209472 0.2352
3.87017e+06 0.129979 0.209875 0.23562
3.87147e+06 0.13024 0.210276 0.23604
3.85315e+06 0.130239 0.210782 0.23646
3.85807e+06 0.130439 0.211163 0.23688
3.8597e+06 0.130694 0.211561 0.2373
3.86108e+06 0.130949 0.21196 0.23772
3.86249e+06 0.131201 0.212357 0.23814
3.86382e+06 0.131453 0.212755 0.23856
3.8648e+06 0.131707 0.213154 0.23898
3.86551e+06 0.131966 0.213554 0.2394
3.86615e+06 0.132227 0.213954 0.23982
3.86673e+06 0.132487 0.214355 0.24024
3.86729e+06 0.132747 0.214755 0.24066
3.86783e+06 0.133007 0.215156 0.24108
3.86835e+06 0.133268 0.215556 0.2415
3.86886e+06 0.133528 0.215957 0.24192
3.86934e+06 0.133788 0.216357 0.24234
3.86981e+06 0.134048 0.216758 0.24276
3.87025e+06 0.134312 0.217159 0.24318
3.87068e+06 0.134575 0.21756 0.2436
3.8711e+06 0.134838 0.217961 0.24402
3.8715e+06 0.135101 0.218363 0.24444
3.87189e+06 0.135365 0.218764 0.24486
3.87226e+06 0.135629 0.219166 0.24528
3.87262e+06 0.135893 0.219567 0.2457
3.87297e+06 0.136157 0.219969 0.24612
3.8733e+06 0.136422 0.220371 0.24654
3.81619e+06 0.137389 0.221048 0.24696
3.82043e+06 0.137648 0.221435 0.24738
3.8235e+06 0.137896 0.221825 0.2478
3.82589e+06 0.138136 0.222219 0.24822
3.82776e+06 0.138382 0.222616 0.24864
3.82911e+06 0.138639 0.223015 0.24906
3.83033e+06 0.138896 0.223416 0.24948
3.83158e+06 0.139152 0.223817 0.2499
3.83282e+06 0.139408 0.224217 0.25032
3.83406e+06 0.139664 0.224618 0.25074
3.83528e+06 0.139918 0.225018 0.25116
3.83647e+06 0.140172 0.225417 0.25158
3.83764e+06 0.140425 0.225816 0.252
3.83875e+06 0.140678 0.226215 0.25242
3.8397e+06 0.140932 0.226614 0.25284
3.84038e+06 0.141189 0.227014 0.25326
3.84098e+06 0.141445 0.227414 0.25368
3.84153e+06 0.141701 0.227814 0.2541
3.84207e+06 0.141957 0.228213 0.25452
3.8426e+06 0.142213 0.228613 0.25494
3.84312e+06 0.142468 0.229012 0.25536
3.84364e+06 0.142724 0.229412 0.25578
3.84416e+06 0.142979 0.229812 0.2562
3.84467e+06 0.143234 0.230211 0.25662
3.84516e+06 0.143489 0.230611 0.25704
3.84566e+06 0.143744 0.23101 0.25746
3.84615e+06 0.143998 0.23141 0.25788
3.84664e+06 0.144253 0.231809 0.2583
3.84712e+06 0.144507 0.232209 0.25872
3.84758e+06 0.144761 0.232608 0.25914
3.84804e+06 0.145014 0.233007 0.25956
3.84848e+06 0.145267 0.233406 0.25998
3.84891e+06 0.145519 0.233805 0.2604
3.84931e+06 0.145771 0.234203 0.26082
3.8497e+06 0.146022 0.234602 0.26124
3.85007e+06 0.146272 0.235001 0.26166
3.85043e+06 0.146522 0.2354 0.26208
3.61967e+06 0.146627 0.236468 0.2625
3.62889e+06 0.146808 0.236829 0.26292
3.63768e+06 0.146994 0.237192 0.26334
3.64566e+06 0.147189 0.237559 0.26376
3.65211e+06 0.147399 0.237931 0.26418
3.65765e+06 0.147619 0.238305 0.2646
3.66303e+06 0.147839 0.23868 0.26502
3.65914e+06 0.14816 0.239088 0.26544
3.66466e+06 0.148377 0.239461 0.26586
3.67013e+06 0.148594 0.239834 0.26628
3.67552e+06 0.14881 0.240206 0.2667
3.68088e+06 0.149026 0.240578 0.26712
3.68612e+06 0.149242 0.24095 0.26754
3.69097e+06 0.149463 0.241323 0.26796
3.69452e+06 0.149702 0.241705 0.26838
3.69736e+06 0.149951 0.24209 0.2688
3.61172e+06 0.15011 0.242741 0.26922
3.61902e+06 0.150311 0.243111 0.26964
3.6244e+06 0.150531 0.243486 0.27006
3.6296e+06 0.150751 0.243861 0.27048
3.63477e+06 0.15097 0.244234 0.2709
3.63928e+06 0.151196 0.244611 0.27132
3.64214e+06 0.151445 0.244996 0.27174
3.64483e+06 0.151695 0.245383 0.27216
3.64779e+06 0.151939 0.245767 0.27258
3.65021e+06 0.152175 0.246155 0.273
3.65241e+06 0.152408 0.246543 0.27342
3.65446e+06 0.15264 0.246932 0.27384
3.65648e+06 0.152873 0.247321 0.27426
3.65849e+06 0.153105 0.24771 0.27468
3.66048e+06 0.153337 0.248098 0.2751
3.66241e+06 0.153569 0.248487 0.27552
3.66426e+06 0.153801 0.248876 0.27594
3.66599e+06 0.154032 0.249265 0.27636
3.66763e+06 0.154264 0.249655 0.27678
3.66912e+06 0.154495 0.250045 0.2772
3.67045e+06 0.154726 0.250437 0.27762
3.67165e+06 0.154958 0.250829 0.27804
3.67278e+06 0.155189 0.251221 0.27846
3.67386e+06 0.15542 0.251613 0.27888
3.67492e+06 0.155651 0.252006 0.2793
3.67594e+06 0.155882 0.252399 0.27972
3.67694e+06 0.156113 0.252792 0.28014
3.67791e+06 0.156344 0.253185 0.28056
3.67887e+06 0.156574 0.253578 0.28098
3.6798e+06 0.156805 0.253971 0.2814
3.68071e+06 0.157036 0.254364 0.28182
3.68158e+06 0.157267 0.254758 0.28224
3.66608e+06 0.157253 0.255235 0.28266
3.67128e+06 0.157442 0.255611 0.28308
3.67221e+06 0.157672 0.256007 0.2835
3.67288e+06 0.157905 0.256403 0.28392
3.67357e+06 0.158137 0.256799 0.28434
3.67417e+06 0.15837 0.257195 0.28476
3.67475e+06 0.158603 0.257591 0.28518
3.66672e+06 0.158962 0.258034 0.2856
3.6676e+06 0.159195 0.258433 0.28602
3.66838e+06 0.159428 0.258829 0.28644
3.66891e+06 0.159662 0.259226 0.28686
3.66942e+06 0.159897 0.259623 0.28728
3.66992e+06 0.160131 0.260019 0.2877
3.67039e+06 0.160364 0.260415 0.28812
3.67087e+06 0.160598 0.260812 0.28854
3.67134e+06 0.160832 0.261208 0.28896
3.67181e+06 0.161065 0.261604 0.28938
3.66302e+06 0.161461 0.262061 0.2898
3.66399e+06 0.161693 0.262461 0.29022
3.66452e+06 0.161926 0.262858 0.29064
3.66516e+06 0.162157 0.263254 0.29106
3.66568e+06 0.162389 0.26365 0.29148
3.6662e+06 0.162621 0.264046 0.2919
3.6667e+06 0.162853 0.264442 0.29232
3.6672e+06 0.163086 0.264838 0.29274
3.66768e+06 0.163317 0.265233 0.29316
3.66815e+06 0.163548 0.265629 0.29358
3.6686e+06 0.163779 0.266024 0.294
3.66901e+06 0.164009 0.26642 0.29442
3.66939e+06 0.164238 0.266817 0.29484
3.66975e+06 0.164468 0.267214 0.29526
3.67009e+06 0.164697 0.267611 0.29568
3.67043e+06 0.164927 0.268008 0.2961
3.67076e+06 0.165156 0.268405 0.29652
3.67108e+06 0.165385 0.268803 0.29694
3.67138e+06 0.165615 0.2692 0.29736
3.67165e+06 0.165845 0.269597 0.29778
3.6719e+06 0.166074 0.269995 0.2982
3.67214e+06 0.166304 0.270392 0.29862
3.67236e+06 0.166534 0.270789 0.29904
3.59178e+06 0.166701 0.271455 0.29946
3.59778e+06 0.166899 0.271834 0.29988
3.602e+06 0.167116 0.272218 0.3003
3.60602e+06 0.167331 0.272599 0.30072
3.60993e+06 0.167544 0.27298 0.30114
3.61261e+06 0.167774 0.273365 0.30156
3.61408e+06 0.168012 0.273758 0.30198
3.61526e+06 0.168244 0.274152 0.3024
3.61643e+06 0.168475 0.274547 0.30282
3.6176e+06 0.168705 0.274941 0.30324
3.61874e+06 0.168935 0.275334 0.30366
3.61984e+06 0.169165 0.275727 0.30408
3.62085e+06 0.169395 0.276121 0.3045
3.62176e+06 0.169624 0.276514 0.30492
3.62256e+06 0.169854 0.276909 0.30534
3.62323e+06 0.170083 0.277304 0.30576
3.6238e+06 0.170312 0.2777 0.30618
3.62432e+06 0.170541 0.278095 0.3066
3.6248e+06 0.17077 0.278491 0.30702
3.62523e+06 0.170999 0.278888 0.30744
3.62563e+06 0.171227 0.279284 0.30786
3.62602e+06 0.171456 0.279681 0.30828
3.62638e+06 0.171684 0.280077 0.3087
3.62672e+06 0.171913 0.280474 0.30912
3.62705e+06 0.172141 0.280871 0.30954
3.62736e+06 0.172369 0.281267 0.30996
3.62765e+06 0.172597 0.281664 0.31038
3.62794e+06 0.172826 0.282061 0.3108
3.62821e+06 0.173054 0.282458 0.31122
3.62847e+06 0.173282 0.282855 0.31164
3.62873e+06 0.17351 0.283253 0.31206
3.62899e+06 0.173738 0.28365 0.31248
3.62923e+06 0.173966 0.284047 0.3129
3.62947e+06 0.174194 0.284444 0.31332
3.6297e+06 0.174422 0.284842 0.31374
3.62992e+06 0.174649 0.285239 0.31416
3.63016e+06 0.174877 0.285637 0.31458
3.63038e+06 0.175105 0.286034 0.315
3.6306e+06 0.175332 0.286432 0.31542
3.63082e+06 0.175559 0.28683 0.31584
3.63104e+06 0.175786 0.287228 0.31626
3.63123e+06 0.176013 0.287626 0.31668
3.63142e+06 0.17624 0.288024 0.3171
3.63161e+06 0.176467 0.288423 0.31752
3.63177e+06 0.176693 0.288821 0.31794
3.63192e+06 0.17692 0.289221 0.31836
3.63205e+06 0.177146 0.28962 0.31878
3.63218e+06 0.177371 0.290019 0.3192
3.63229e+06 0.177597 0.290419 0.31962
3.63237e+06 0.177822 0.290819 0.32004
3.63244e+06 0.178048 0.291219 0.32046
3.63251e+06 0.178273 0.291619 0.32088
3.63256e+06 0.178498 0.29202 0.3213
3.63261e+06 0.178723 0.29242 0.32172
3.63263e+06 0.178948 0.29282 0.32214
3.63266e+06 0.179173 0.293221 0.32256
3.63268e+06 0.179398 0.293621 0.32298
3.6327e+06 0.179622 0.294022 0.3234
3.6327e+06 0.179847 0.294423 0.32382
3.6327e+06 0.180072 0.294823 0.32424
3.63271e+06 0.180296 0.295224 0.32466
3.6327e+06 0.180521 0.295625 0.32508
3.63269e+06 0.180746 0.296025 0.3255
3.63268e+06 0.18097 0.296426 0.32592
3.63268e+06 0.181195 0.296827 0.32634
3.63265e+06 0.181419 0.297228 0.32676
3.63265e+06 0.181644 0.297629 0.32718
3.63264e+06 0.181868 0.29803 0.3276
3.63263e+06 0.182092 0.298431 0.32802
3.63262e+06 0.182317 0.298832 0.32844
3.6326e+06 0.182541 0.299234 0.32886
3.63259e+06 0.182765 0.299635 0.32928
3.63258e+06 0.182989 0.300037 0.3297
3.63257e+06 0.183213 0.300438 0.33012
3.63254e+06 0.183437 0.30084 0.33054
3.63252e+06 0.18366 0.301242 0.33096
3.6325e+06 0.183884 0.301644 0.33138
3.63247e+06 0.184107 0.302046 0.3318
3.63243e+06 0.18433 0.302449 0.33222
3.63238e+06 0.184553 0.302852 0.33264
3.63233e+06 0.184775 0.303255 0.33306
3.63226e+06 0.184998 0.303659 0.33348
3.63219e+06 0.18522 0.304063 0.3339
3.6321e+06 0.185441 0.304467 0.33432
3.63201e+06 0.185663 0.304872 0.33474
3.63191e+06 0.185884 0.305277 0.33516
3.6318e+06 0.186106 0.305682 0.33558
3.63168e+06 0.186327 0.306087 0.336
3.63156e+06 0.186548 0.306493 0.33642
3.63144e+06 0.186769 0.306898 0.33684
3.63131e+06 0.18699 0.307304 0.33726
3.63119e+06 0.18721 0.30771 0.33768
3.63106e+06 0.187431 0.308115 0.3381
3.63092e+06 0.187652 0.308521 0.33852
3.63079e+06 0.187873 0.308927 0.33894
3.63066e+06 0.188093 0.309334 0.33936
3.63052e+06 0.188314 0.30974 0.33978
3.63038e+06 0.188535 0.310146 0.3402
3.63024e+06 0.188755 0.310553 0.34062
3.6301e+06 0.188976 0.310959 0.34104
3.62996e+06 0.189196 0.311366 0.34146
3.62982e+06 0.189417 0.311772 0.34188
3.62967e+06 0.189637 0.312179 0.3423
3.62953e+06 0.189858 0.312585 0.34272
3.62938e+06 0.190078 0.312992 0.34314
3.62924e+06 0.190299 0.313399 0.34356
3.62909e+06 0.190519 0.313806 0.34398
3.62894e+06 0.19074 0.314213 0.3444
3.5885e+06 0.191463 0.314757 0.34482
3.57337e+06 0.191695 0.315217 0.34524
3.57767e+06 0.191928 0.315603 0.34566
3.58046e+06 0.19217 0.315996 0.34608
3.58182e+06 0.192391 0.316399 0.3465
3.58303e+06 0.19261 0.316804 0.34692
3.56557e+06 0.192839 0.31728 0.34734
3.56823e+06 0.193048 0.31768 0.34776
3.56954e+06 0.193264 0.318087 0.34818
3.57069e+06 0.193479 0.318495 0.3486
3.57181e+06 0.193694 0.318902 0.34902
3.57286e+06 0.193909 0.31931 0.34944
3.57371e+06 0.194122 0.319717 0.34986
3.57441e+06 0.194333 0.320123 0.35028
3.57504e+06 0.194543 0.320528 0.3507
3.57562e+06 0.194754 0.320934 0.35112
3.5762e+06 0.194964 0.321339 0.35154
3.57674e+06 0.195174 0.321744 0.35196
3.57726e+06 0.195383 0.32215 0.35238
3.52379e+06 0.195548 0.322756 0.3528
3.5289e+06 0.195742 0.323144 0.35322
3.53312e+06 0.195947 0.323535 0.35364
3.53658e+06 0.196141 0.32393 0.35406
3.53824e+06 0.196349 0.324334 0.35448
3.53956e+06 0.196563 0.324738 0.3549
3.54082e+06 0.196778 0.325143 0.35532
3.54185e+06 0.196996 0.325548 0.35574
3.5428e+06 0.197215 0.325953 0.35616
3.5435e+06 0.197433 0.32636 0.35658
3.52547e+06 0.197389 0.326901 0.357
3.53002e+06 0.19756 0.327293 0.35742
3.5312e+06 0.197775 0.327699 0.35784
3.53188e+06 0.197998 0.328108 0.35826
3.53249e+06 0.198223 0.328516 0.35868
3.53304e+06 0.198447 0.328924 0.3591
3.53363e+06 0.198672 0.329331 0.35952
3.53405e+06 0.198893 0.329739 0.35994
3.5344e+06 0.199113 0.330147 0.36036
3.53474e+06 0.199332 0.330556 0.36078
3.53506e+06 0.199551 0.330965 0.3612
3.53538e+06 0.19977 0.331374 0.36162
3.53568e+06 0.199989 0.331782 0.36204
3.53594e+06 0.200208 0.332191 0.36246
3.53618e+06 0.200427 0.332599 0.36288
3.53639e+06 0.200645 0.333007 0.3633
3.53659e+06 0.200863 0.333415 0.36372
3.53675e+06 0.201082 0.333823 0.36414
3.53689e+06 0.2013 0.334231 0.36456
3.53704e+06 0.201518 0.33464 0.36498
3.53717e+06 0.201735 0.335048 0.3654
3.53731e+06 0.201953 0.335457 0.36582
3.53743e+06 0.20217 0.335865 0.36624
3.53756e+06 0.202388 0.336274 0.36666
3.53767e+06 0.202605 0.336683 0.36708
3.53777e+06 0.202821 0.337092 0.3675
3.53786e+06 0.203037 0.337502 0.36792
3.53793e+06 0.203253 0.337911 0.36834
3.53799e+06 0.203468 0.338322 0.36876
3.53804e+06 0.203683 0.338732 0.36918
3.53809e+06 0.203898 0.339142 0.3696
3.53812e+06 0.204113 0.339553 0.37002
3.40477e+06 0.203117 0.341488 0.37044
3.4091e+06 0.203258 0.341894 0.37086
3.41337e+06 0.203399 0.3423 0.37128
3.41683e+06 0.20354 0.342709 0.3717
3.41939e+06 0.203682 0.343122 0.37212
3.42193e+06 0.203823 0.343535 0.37254
3.42444e+06 0.203965 0.343947 0.37296
3.42694e+06 0.204106 0.344361 0.37338
3.42942e+06 0.204247 0.344774 0.3738
3.43189e+06 0.204388 0.345187 0.37422
3.43432e+06 0.20453 0.345601 0.37464
3.43657e+06 0.204675 0.346016 0.37506
3.43825e+06 0.204832 0.346433 0.37548
3.43961e+06 0.204995 0.346851 0.3759
3.44045e+06 0.205168 0.34727 0.37632
3.44096e+06 0.205349 0.347689 0.37674
3.44047e+06 0.205549 0.348111 0.37716
3.43994e+06 0.20575 0.348534 0.37758
3.43946e+06 0.20595 0.348957 0.378
3.43897e+06 0.206151 0.349379 0.37842
3.43848e+06 0.206351 0.349802 0.37884
3.41186e+06 0.20624 0.350517 0.37926
3.41515e+06 0.206384 0.350925 0.37968
3.41734e+06 0.206538 0.351336 0.3801
3.4179e+06 0.206724 0.351753 0.38052
3.41758e+06 0.206928 0.352173 0.38094
3.41726e+06 0.207132 0.352592 0.38136
3.41692e+06 0.207336 0.353012 0.38178
3.41658e+06 0.20754 0.353432 0.3822
3.41625e+06 0.207744 0.353852 0.38262
3.41591e+06 0.207947 0.354272 0.38304
3.41556e+06 0.208151 0.354692 0.38346
3.41522e+06 0.208354 0.355113 0.38388
3.41487e+06 0.208558 0.355533 0.3843
3.41453e+06 0.208762 0.355953 0.38472
3.41417e+06 0.208965 0.356373 0.38514
3.41381e+06 0.209168 0.356794 0.38556
3.41342e+06 0.209371 0.357215 0.38598
3.41301e+06 0.209573 0.357636 0.3864
3.41259e+06 0.209775 0.358058 0.38682
3.41216e+06 0.209977 0.358479 0.38724
3.41173e+06 0.210179 0.358901 0.38766
3.41129e+06 0.21038 0.359323 0.38808
3.41085e+06 0.210582 0.359745 0.3885
3.41041e+06 0.210784 0.360167 0.38892
3.40997e+06 0.210986 0.360589 0.38934
3.40953e+06 0.211187 0.361011 0.38976
3.40909e+06 0.211389 0.361433 0.39018
3.40864e+06 0.211591 0.361855 0.3906
3.4082e+06 0.211792 0.362276 0.39102
3.40775e+06 0.211994 0.362698 0.39144
3.40729e+06 0.212196 0.36312 0.39186
3.40684e+06 0.212398 0.363543 0.39228
3.40638e+06 0.2126 0.363965 0.3927
3.40591e+06 0.212802 0.364387 0.39312
3.40542e+06 0.213004 0.364809 0.39354
3.40492e+06 0.213206 0.365232 0.39396
3.40441e+06 0.213409 0.365654 0.39438
3.40388e+06 0.213612 0.366077 0.3948
3.40334e+06 0.213815 0.3665 0.39522
3.40278e+06 0.214019 0.366923 0.39564
3.40222e+06 0.214222 0.367346 0.39606
3.38196e+06 0.214176 0.368046 0.39648
3.38461e+06 0.214332 0.368457 0.3969
3.384e+06 0.214626 0.368899 0.39732
3.3467e+06 0.21539 0.369527 0.39774
3.34916e+06 0.215626 0.369923 0.39816
3.35112e+06 0.215859 0.370321 0.39858
3.35124e+06 0.216057 0.370741 0.399
3.35139e+06 0.216255 0.37116 0.39942
3.35151e+06 0.216454 0.37158 0.39984
3.35163e+06 0.216652 0.372 0.40026
3.35174e+06 0.216851 0.37242 0.40068
3.35183e+06 0.217049 0.37284 0.4011
3.35192e+06 0.217248 0.37326 0.40152
3.352e+06 0.217446 0.37368 0.40194
3.35207e+06 0.217644 0.374101 0.40236
3.35208e+06 0.217842 0.374522 0.40278
3.35203e+06 0.218039 0.374943 0.4032
3.35189e+06 0.218238 0.375365 0.40362
3.35156e+06 0.21844 0.375787 0.40404
3.35118e+06 0.218643 0.37621 0.40446
3.35075e+06 0.218846 0.376633 0.40488
3.35031e+06 0.21905 0.377055 0.4053
3.34987e+06 0.219254 0.377478 0.40572
3.34943e+06 0.219457 0.377901 0.40614
3.34898e+06 0.219661 0.378324 0.40656
3.34853e+06 0.219865 0.378746 0.40698
3.34807e+06 0.220068 0.379169 0.4074
3.34762e+06 0.220272 0.379592 0.40782
3.34716e+06 0.220476 0.380015 0.40824
3.34671e+06 0.22068 0.380438 0.40866
3.34625e+06 0.220883 0.380861 0.40908
3.34579e+06 0.221087 0.381284 0.4095
3.34533e+06 0.221291 0.381707 0.40992
3.34487e+06 0.221495 0.382129 0.41034
3.34441e+06 0.221699 0.382552 0.41076
3.34395e+06 0.221902 0.382975 0.41118
3.34348e+06 0.222106 0.383398 0.4116
3.34302e+06 0.22231 0.383821 0.41202
3.34254e+06 0.222514 0.384244 0.41244
3.34207e+06 0.222717 0.384667 0.41286
3.34158e+06 0.222921 0.385091 0.41328
3.34108e+06 0.223124 0.385514 0.4137
3.34056e+06 0.223327 0.385937 0.41412
3.34003e+06 0.223529 0.386361 0.41454
3.3395e+06 0.223731 0.386785 0.41496
3.33896e+06 0.223934 0.387208 0.41538
3.33843e+06 0.224136 0.387632 0.4158
3.33789e+06 0.224338 0.388056 0.41622
3.33735e+06 0.224541 0.388479 0.41664
3.31744e+06 0.224483 0.389117 0.41706
3.32026e+06 0.224634 0.389526 0.41748
3.32127e+06 0.224811 0.389942 0.4179
3.32089e+06 0.225016 0.390364 0.41832
3.32053e+06 0.225221 0.390785 0.41874
3.32012e+06 0.225427 0.391207 0.41916
3.31974e+06 0.225632 0.391628 0.41958
3.31934e+06 0.225837 0.39205 0.42
