31791.8 -3.95328e-05 -5.28972e-05 -1.03242e-16 4.89609e-21 -285736 -4471.33 -8.82892e-09 4.98217e-11
63583.4 -3.92201e-05 -0.000105796 -2.11173e-16 -4.81384e-21 -283473 -8942.63 -1.80586e-08 -4.89847e-11
95374.6 -3.89076e-05 -0.000158695 -2.81062e-16 3.88979e-21 -281209 -13413.9 -2.40316e-08 3.95818e-11
127166 -3.85952e-05 -0.000211597 -2.88747e-16 -4.47899e-21 -278945 -17885.1 -2.46874e-08 -4.55773e-11
158956 -3.8283e-05 -0.000264501 -3.0821e-16 -2.62637e-20 -276682 -22356.2 -2.63499e-08 -2.67254e-10
190746 -3.7971e-05 -0.000317407 -3.11309e-16 -3.66329e-20 -274418 -26827.2 -2.66122e-08 -3.72769e-10
222535 -3.76592e-05 -0.000370316 -3.06774e-16 -1.57297e-20 -272155 -31298.2 -2.62252e-08 -1.60062e-10
254324 -3.7348e-05 -0.000423227 -3.11976e-16 -1.92386e-20 -269891 -35769.1 -2.6668e-08 -1.95768e-10
286111 -3.7037e-05 -0.000476141 -3.17238e-16 -3.34078e-20 -267628 -40239.9 -2.7116e-08 -3.39951e-10
317898 -3.67264e-05 -0.000529059 -2.90016e-16 2.29532e-21 -265365 -44710.5 -2.47883e-08 2.33567e-11
349684 -3.64163e-05 -0.000581982 -3.08439e-16 -2.38562e-20 -263101 -49181.1 -2.63611e-08 -2.42756e-10
381469 -3.61067e-05 -0.000634908 -3.11828e-16 -2.62646e-20 -260838 -53651.5 -2.66476e-08 -2.67264e-10
413253 -3.57977e-05 -0.000687839 -3.10519e-16 -2.19266e-20 -258575 -58121.8 -2.65366e-08 -2.23121e-10
445036 -3.54891e-05 -0.000740776 -2.98438e-16 -2.47413e-20 -256312 -62592 -2.55071e-08 -2.51762e-10
476776 -3.51815e-05 -0.000793818 -3.09151e-16 -2.63623e-20 -254050 -67070.3 -2.64139e-08 -2.68258e-10
508447 -3.48747e-05 -0.000847021 -3.1702e-16 -5.39363e-20 -251791 -71561.6 -2.70823e-08 -5.48845e-10
540039 -3.4096e-05 -0.000906534 -3.29054e-16 -7.90938e-21 -249537 -75957.1 -2.66858e-08 -8.04842e-11
571236 -3.3257e-05 -0.000967031 -3.20824e-16 -2.67109e-20 -247311 -80348.5 -2.60169e-08 -2.71805e-10
602384 -3.24105e-05 -0.00102776 -3.26882e-16 -2.46213e-20 -245086 -84748.3 -2.50914e-08 -2.50542e-10
633278 -3.09711e-05 -0.00109514 -3.32631e-16 -3.30131e-20 -242882 -89042.2 -2.55259e-08 -3.35935e-10
663848 -2.9537e-05 -0.00116252 -3.50235e-16 -3.65015e-20 -240704 -93334.9 -2.68748e-08 -3.71432e-10
693971 -2.81019e-05 -0.00123019 -3.08966e-16 2.35667e-20 -238541 -97645.4 -2.37076e-08 2.3981e-10
723699 -2.65589e-05 -0.00129565 -3.60215e-16 1.13097e-20 -236401 -101683 -2.60752e-08 1.15085e-10
753173 -2.46002e-05 -0.00136524 -3.41173e-16 -3.01772e-20 -234278 -105677 -2.4691e-08 -3.07077e-10
782219 -2.22532e-05 -0.00143915 -3.54584e-16 -3.24425e-20 -232182 -109638 -2.51293e-08 -3.30128e-10
810807 -1.97411e-05 -0.00151503 -3.44577e-16 -5.16804e-20 -230111 -113593 -2.44167e-08 -5.25889e-10
838395 -1.73766e-05 -0.0015862 -3.51454e-16 -4.97495e-21 -228105 -117299 -2.4894e-08 -5.06241e-11
865651 -1.49195e-05 -0.00165777 -3.39899e-16 -1.44134e-20 -226128 -120966 -2.26019e-08 -1.46668e-10
892648 -1.15055e-05 -0.00173736 -3.92333e-16 1.64301e-21 -224168 -124530 -2.55145e-08 1.6719e-11
919409 -7.86851e-06 -0.0018192 -3.84419e-16 -4.66547e-20 -222220 -128087 -2.49838e-08 -4.74749e-10
945790 -4.25928e-06 -0.00190057 -3.83712e-16 -5.8801e-20 -220306 -131622 -2.4934e-08 -5.98347e-10
971474 -6.75692e-07 -0.00198159 -3.58471e-16 -1.63679e-20 -218440 -135142 -2.32862e-08 -1.66557e-10
996406 2.74283e-06 -0.00205879 -3.54264e-16 -4.20955e-21 -216629 -138493 -2.30048e-08 -4.28355e-11
1.0211e+06 6.38572e-06 -0.00213761 -3.98745e-16 -3.47994e-20 -214833 -141812 -2.53035e-08 -3.54112e-10
1.04538e+06 1.02586e-05 -0.00221724 -3.75206e-16 -1.53205e-20 -213059 -145040 -2.38078e-08 -1.55898e-10
1.06945e+06 1.47536e-05 -0.00229965 -4.29298e-16 -2.5774e-20 -211300 -148132 -2.53631e-08 -2.62271e-10
1.0932e+06 1.93032e-05 -0.00238266 -3.92597e-16 -4.44269e-20 -209566 -151231 -2.31835e-08 -4.52079e-10
1.11652e+06 2.38318e-05 -0.00246547 -3.80051e-16 -3.5133e-20 -207868 -154321 -2.24363e-08 -3.57506e-10
1.13964e+06 2.83788e-05 -0.00254875 -3.8558e-16 -3.0889e-20 -206182 -157429 -2.27506e-08 -3.1432e-10
1.16263e+06 3.29284e-05 -0.00263218 -3.92323e-16 -5.345e-20 -204501 -160540 -2.31498e-08 -5.43896e-10
1.18507e+06 3.73022e-05 -0.00271235 -3.74963e-16 -4.4981e-20 -202862 -163527 -2.21112e-08 -4.57717e-10
1.20675e+06 4.18154e-05 -0.00279049 -3.78945e-16 3.05086e-21 -201261 -166320 -2.17779e-08 3.10449e-11
1.22827e+06 4.64153e-05 -0.00286873 -3.83908e-16 3.38832e-20 -199674 -169074 -2.20566e-08 3.44788e-10
1.24966e+06 5.10084e-05 -0.00294694 -3.65565e-16 -9.04831e-21 -198098 -171826 -2.09943e-08 -9.20737e-11
1.27088e+06 5.55848e-05 -0.00302496 -3.63427e-16 1.51699e-20 -196538 -174571 -2.08656e-08 1.54365e-10
1.29198e+06 6.01533e-05 -0.00310296 -4.01219e-16 2.74784e-20 -194991 -177313 -2.30198e-08 2.79614e-10
1.31275e+06 6.47214e-05 -0.0031811 -3.89334e-16 -6.48378e-20 -193464 -180060 -2.23226e-08 -6.59776e-10
1.33329e+06 6.95065e-05 -0.0032605 -4.00006e-16 -3.71709e-20 -191952 -182799 -2.11903e-08 -3.78244e-10
1.35349e+06 7.46484e-05 -0.00334119 -3.99091e-16 -5.19631e-20 -190464 -185486 -2.11348e-08 -5.28766e-10
1.37351e+06 7.97552e-05 -0.00342142 -4.0145e-16 -4.71561e-20 -188991 -188157 -2.12422e-08 -4.79851e-10
1.39324e+06 8.46735e-05 -0.00349863 -4.09792e-16 -4.00138e-20 -187540 -190723 -2.16814e-08 -4.07172e-10
1.41277e+06 8.95593e-05 -0.0035754 -3.98025e-16 -4.09771e-20 -186101 -193273 -2.10493e-08 -4.16975e-10
1.43208e+06 9.42944e-05 -0.00364974 -3.73461e-16 2.62453e-21 -184675 -195739 -1.97415e-08 2.67067e-11
1.45125e+06 9.89552e-05 -0.00372291 -3.72942e-16 1.44103e-20 -183257 -198163 -1.97033e-08 1.46636e-10
1.47028e+06 0.000103698 -0.00379672 -3.84842e-16 2.13265e-20 -181846 -200592 -1.97451e-08 2.17014e-10
1.48918e+06 0.00010878 -0.0038722 -3.80305e-16 1.42319e-20 -180446 -202998 -1.95105e-08 1.44821e-10
1.508e+06 0.000113851 -0.0039476 -3.82155e-16 -1.19275e-20 -179050 -205400 -1.95914e-08 -1.21372e-10
1.52672e+06 0.000118921 -0.00402304 -3.74481e-16 -2.55683e-20 -177662 -207801 -1.91794e-08 -2.60178e-10
1.54523e+06 0.00012399 -0.00409863 -3.61688e-16 -7.36899e-20 -176291 -210208 -1.852e-08 -7.49853e-10
1.56353e+06 0.00012901 -0.00417355 -3.36885e-16 -5.79417e-20 -174940 -212591 -1.72431e-08 -5.89603e-10
1.58168e+06 0.000133993 -0.004248 -3.26106e-16 -4.86831e-20 -173601 -214958 -1.66738e-08 -4.9539e-10
1.59973e+06 0.000138957 -0.00432227 -3.07807e-16 -6.50647e-20 -172274 -217318 -1.57424e-08 -6.62085e-10
1.61763e+06 0.000143919 -0.00439658 -2.86375e-16 -1.34547e-19 -170952 -219678 -1.46256e-08 -1.36913e-09
1.6353e+06 0.000148739 -0.00446875 -2.63527e-16 -1.04689e-19 -169645 -221967 -1.34642e-08 -1.06529e-09
1.65292e+06 0.000153546 -0.0045408 -2.54277e-16 -1.55674e-19 -168344 -224250 -1.29739e-08 -1.5841e-09
1.67043e+06 0.000158364 -0.00461311 -2.46811e-16 -1.29513e-19 -167049 -226541 -1.25701e-08 -1.3179e-09
1.68787e+06 0.000163174 -0.00468538 -2.39502e-16 -1.55138e-19 -165760 -228828 -1.22127e-08 -1.57865e-09
1.70525e+06 0.000167966 -0.00475745 -2.29684e-16 -1.49845e-19 -164476 -231108 -1.16997e-08 -1.5248e-09
1.7225e+06 0.000172732 -0.00482925 -2.26603e-16 -1.53958e-19 -163207 -233378 -1.15251e-08 -1.56664e-09
1.73964e+06 0.000177473 -0.00490071 -2.04369e-16 -1.58105e-19 -161940 -235635 -1.03919e-08 -1.60884e-09
1.75674e+06 0.000182213 -0.00497224 -1.66451e-16 -1.76224e-19 -160675 -237892 -8.44375e-09 -1.79322e-09
1.77381e+06 0.00018695 -0.00504382 -1.34142e-16 -1.9005e-19 -159415 -240149 -6.8103e-09 -1.93391e-09
1.79083e+06 0.000191658 -0.00511503 -1.09111e-16 -1.79229e-19 -158165 -242393 -5.52791e-09 -1.8238e-09
1.80774e+06 0.000196233 -0.00518419 -1.00383e-16 -1.74005e-19 -156924 -244569 -5.08953e-09 -1.77064e-09
1.82457e+06 0.000200796 -0.00525324 -9.53553e-17 -1.71851e-19 -155684 -246739 -4.81941e-09 -1.74872e-09
1.84129e+06 0.000205352 -0.00532228 -9.71613e-17 -1.85478e-19 -154451 -248908 -4.91582e-09 -1.88739e-09
1.85795e+06 0.000209916 -0.00539154 -8.8958e-17 -2.00903e-19 -153222 -251082 -4.502e-09 -2.04435e-09
1.87451e+06 0.000214706 -0.00546188 -1.00415e-16 -2.02864e-19 -151995 -253259 -4.64115e-09 -2.06431e-09
1.89103e+06 0.000219669 -0.00553287 -9.48864e-17 -2.36986e-19 -150770 -255430 -4.39559e-09 -2.41152e-09
1.90751e+06 0.000224624 -0.00560387 -9.86541e-17 -2.20211e-19 -149552 -257600 -4.55657e-09 -2.24082e-09
1.92394e+06 0.000229567 -0.00567477 -9.24211e-17 -2.46476e-19 -148342 -259766 -4.2628e-09 -2.50809e-09
1.94029e+06 0.000234486 -0.00574542 -9.21454e-17 -2.50314e-19 -147136 -261921 -4.23643e-09 -2.54714e-09
1.95659e+06 0.000239394 -0.00581598 -9.11864e-17 -2.42684e-19 -145935 -264073 -4.20096e-09 -2.4695e-09
1.9728e+06 0.000244296 -0.00588633 -9.43041e-17 -2.02607e-19 -144741 -266213 -4.19277e-09 -2.06169e-09
1.98889e+06 0.00024939 -0.00595649 -8.99685e-17 -1.9117e-19 -143556 -268306 -3.98904e-09 -1.94531e-09
2.00494e+06 0.000254453 -0.00602629 -8.58591e-17 -2.13003e-19 -142375 -270387 -3.81897e-09 -2.16748e-09
2.02092e+06 0.000259502 -0.00609596 -8.565e-17 -2.23201e-19 -141198 -272461 -3.80442e-09 -2.27125e-09
2.0368e+06 0.000264528 -0.0061654 -8.47487e-17 -1.91481e-19 -140026 -274527 -3.76895e-09 -1.94847e-09
2.05264e+06 0.000269541 -0.00623474 -8.22026e-17 -1.97086e-19 -138858 -276589 -3.65617e-09 -2.00551e-09
2.06841e+06 0.000274557 -0.00630422 -8.12349e-17 -2.02501e-19 -137697 -278654 -3.6016e-09 -2.06061e-09
2.08415e+06 0.000279572 -0.00637373 -7.7313e-17 -1.90753e-19 -136537 -280717 -3.43243e-09 -1.94106e-09
2.09986e+06 0.000284578 -0.00644324 -8.0253e-17 -1.9687e-19 -135379 -282779 -3.55794e-09 -2.00331e-09
2.11549e+06 0.000289582 -0.00651282 -8.01333e-17 -2.2445e-19 -134226 -284841 -3.53975e-09 -2.28395e-09
2.13107e+06 0.000294586 -0.0065825 -7.81331e-17 -2.39545e-19 -133075 -286905 -3.43789e-09 -2.43757e-09
2.14661e+06 0.000299585 -0.00665221 -7.75352e-17 -2.19139e-19 -131931 -288967 -3.41788e-09 -2.22992e-09
2.16208e+06 0.000304579 -0.00672195 -7.77307e-17 -2.26757e-19 -130792 -291030 -3.42698e-09 -2.30743e-09
2.17749e+06 0.000309558 -0.00679157 -7.38283e-17 -2.11542e-19 -129658 -293087 -3.24326e-09 -2.1526e-09
2.19282e+06 0.00031451 -0.00686092 -7.63099e-17 -2.21812e-19 -128534 -295134 -3.35058e-09 -2.25712e-09
2.20807e+06 0.000319438 -0.00693001 -7.6545e-17 -2.48609e-19 -127413 -297171 -3.36695e-09 -2.5298e-09
2.22324e+06 0.000324335 -0.00699877 -7.68981e-17 -2.31005e-19 -126301 -299197 -3.3815e-09 -2.35066e-09
2.23838e+06 0.00032923 -0.00706758 -7.2719e-17 -2.49667e-19 -125192 -301223 -3.18323e-09 -2.54056e-09
2.25344e+06 0.000334115 -0.00713637 -7.35224e-17 -2.56246e-19 -124090 -303246 -3.22507e-09 -2.6075e-09
2.26841e+06 0.000338938 -0.00720434 -6.79877e-17 -2.69297e-19 -122994 -305243 -2.96677e-09 -2.74031e-09
2.28336e+06 0.000343755 -0.00727231 -5.19726e-17 -2.48732e-19 -121897 -307237 -2.28101e-09 -2.53105e-09
2.29828e+06 0.000348564 -0.00734024 -3.79243e-17 -2.31502e-19 -120800 -309229 -1.65528e-09 -2.35572e-09
2.31319e+06 0.000353368 -0.00740819 -3.20658e-17 -2.58378e-19 -119704 -311218 -1.4079e-09 -2.62921e-09
2.32808e+06 0.000358172 -0.00747622 -2.64539e-17 -2.58235e-19 -118608 -313208 -1.15324e-09 -2.62775e-09
2.34293e+06 0.000362973 -0.00754432 -2.5774e-17 -2.81544e-19 -117517 -315199 -1.10231e-09 -2.86494e-09
2.35773e+06 0.000367765 -0.00761239 -2.01357e-17 -2.75434e-19 -116426 -317186 -8.8221e-10 -2.80276e-09
2.3725e+06 0.00037256 -0.0076806 -1.84265e-17 -2.3214e-19 -115338 -319176 -7.94898e-10 -2.36221e-09
2.38727e+06 0.000377352 -0.00774888 -1.49935e-17 -2.3431e-19 -114252 -321166 -6.33008e-10 -2.38429e-09
2.402e+06 0.000382136 -0.00781714 -1.60269e-17 -2.35255e-19 -113168 -323153 -6.91216e-10 -2.3939e-09
2.41672e+06 0.000386913 -0.0078854 -1.48777e-17 -2.28754e-19 -112086 -325138 -6.56655e-10 -2.32776e-09
2.4314e+06 0.000391678 -0.00795358 -1.49736e-17 -2.37851e-19 -111008 -327118 -6.40284e-10 -2.42033e-09
2.44605e+06 0.000396436 -0.00802179 -8.58165e-18 -2.2059e-19 -109933 -329097 -3.80169e-10 -2.24467e-09
2.46067e+06 0.000401186 -0.00808998 -1.06826e-17 -2.50157e-19 -108861 -331074 -4.87489e-10 -2.54555e-09
2.47526e+06 0.000405897 -0.00815767 -5.50257e-18 -2.42314e-19 -107792 -333033 -2.38288e-10 -2.46574e-09
2.48978e+06 0.000410562 -0.00822479 -8.31828e-18 -2.36117e-19 -106729 -334974 -3.83807e-10 -2.40268e-09
2.50426e+06 0.000415222 -0.00829189 -6.03508e-18 -2.24051e-19 -105670 -336911 -2.67391e-10 -2.27989e-09
2.51872e+06 0.000419868 -0.00835894 -7.1154e-18 -2.4942e-19 -104613 -338846 -2.96495e-10 -2.53805e-09
2.53316e+06 0.00042451 -0.00842603 -3.28057e-18 -2.40974e-19 -103556 -340779 -1.65528e-10 -2.4521e-09
2.54756e+06 0.000429151 -0.00849324 -5.58452e-18 -2.12755e-19 -102505 -342713 -2.60115e-10 -2.16495e-09
2.56194e+06 0.000433785 -0.00856044 -3.7744e-18 -2.46384e-19 -101456 -344646 -1.63709e-10 -2.50715e-09
2.57628e+06 0.00043841 -0.0086276 -5.44782e-18 -2.31408e-19 -100406 -346574 -2.3465e-10 -2.35476e-09
2.5906e+06 0.000443019 -0.00869463 -2.12371e-18 -2.46175e-19 -99356.5 -348496 -8.91305e-11 -2.50502e-09
2.60487e+06 0.000447593 -0.00876122 -8.48791e-19 -2.31753e-19 -98308.7 -350403 -4.36557e-11 -2.35828e-09
2.61908e+06 0.000452114 -0.00882712 1.56547e-18 -2.31756e-19 -97267.9 -352288 6.91216e-11 -2.35831e-09
2.63327e+06 0.00045662 -0.0088929 -3.93416e-18 -2.59916e-19 -96228.5 -354167 -1.8008e-10 -2.64486e-09
2.64744e+06 0.000461123 -0.00895872 -2.217e-18 -2.67499e-19 -95190.2 -356044 -8.00355e-11 -2.72202e-09
2.6616e+06 0.000465619 -0.00902456 3.52093e-20 -2.60089e-19 -94154.7 -357920 -1.45519e-11 -2.64661e-09
2.67572e+06 0.000470106 -0.00909038 -2.40962e-19 -2.63145e-19 -93121.2 -359793 -7.27596e-12 -2.67772e-09
2.68979e+06 0.000474589 -0.00915624 -2.01076e-18 -3.06601e-19 -92090.5 -361665 -7.27596e-11 -3.11991e-09
2.70383e+06 0.000479059 -0.00922202 -2.25134e-18 -2.89829e-19 -91061.7 -363532 -1.20053e-10 -2.94924e-09
2.71784e+06 0.000483523 -0.00928782 -3.32875e-18 -2.99097e-19 -90034.2 -365398 -1.34605e-10 -3.04355e-09
2.73183e+06 0.000487981 -0.00935363 -2.47874e-18 -3.10585e-19 -89009 -367261 -1.10958e-10 -3.16045e-09
2.74579e+06 0.000492431 -0.00941945 -9.27419e-19 -3.45717e-19 -87986.4 -369122 -2.91038e-11 -3.51794e-09
2.75972e+06 0.000496874 -0.00948527 -4.0644e-19 -3.47713e-19 -86966.8 -370981 -3.09228e-11 -3.53825e-09
2.77362e+06 0.000501309 -0.00955108 -2.8e-18 -3.37808e-19 -85949.7 -372837 -1.0732e-10 -3.43746e-09
2.7875e+06 0.000505738 -0.00961691 -8.99621e-19 -3.57191e-19 -84933.9 -374691 -4.54747e-11 -3.6347e-09
2.80136e+06 0.000510158 -0.00968272 -2.97583e-18 -3.40161e-19 -83919.1 -376542 -1.10958e-10 -3.46141e-09
2.81517e+06 0.000514569 -0.0097485 -6.41915e-19 -3.34969e-19 -82908.5 -378389 -4.18368e-11 -3.40857e-09
2.82895e+06 0.000518978 -0.00981439 -2.55454e-19 -3.6831e-19 -81900.4 -380237 -1.63709e-11 -3.74785e-09
2.8427e+06 0.000523381 -0.00988029 2.27103e-18 -3.48721e-19 -80897 -382083 8.54925e-11 -3.54852e-09
2.85642e+06 0.00052778 -0.00994626 3.29874e-18 -3.38993e-19 -79896.8 -383928 1.32786e-10 -3.44952e-09
2.87012e+06 0.000532178 -0.0100123 4.78491e-18 -3.48905e-19 -78897.9 -385773 2.25555e-10 -3.55039e-09
2.8838e+06 0.000536572 -0.0100785 3.52772e-18 -3.41898e-19 -77899.7 -387616 1.27329e-10 -3.47909e-09
2.89745e+06 0.000540959 -0.0101446 7.82569e-18 -3.53913e-19 -76902.2 -389457 3.32875e-10 -3.60135e-09
2.91107e+06 0.000545353 -0.0102109 4.55948e-18 -3.40655e-19 -75907.7 -391300 2.03727e-10 -3.46643e-09
2.92467e+06 0.00054974 -0.0102773 5.06977e-18 -3.46728e-19 -74915.6 -393142 1.85537e-10 -3.52823e-09
2.93824e+06 0.000554124 -0.0103437 5.24179e-18 -3.14761e-19 -73925.2 -394981 2.36469e-10 -3.20294e-09
2.95179e+06 0.000558503 -0.0104102 8.07976e-18 -3.19171e-19 -72936.7 -396818 3.56522e-10 -3.24782e-09
2.96531e+06 0.000562877 -0.0104767 6.92708e-18 -3.68647e-19 -71948.6 -398652 3.14685e-10 -3.75128e-09
2.9788e+06 0.000567245 -0.0105432 1.0238e-17 -3.1752e-19 -70962.4 -400483 4.05635e-10 -3.23102e-09
2.99226e+06 0.000571586 -0.0106093 7.47179e-18 -3.33132e-19 -69979.3 -402301 2.92857e-10 -3.38989e-09
3.00568e+06 0.000575922 -0.0106755 1.12391e-17 -3.12377e-19 -68999.1 -404116 4.82032e-10 -3.17869e-09
3.01907e+06 0.000580254 -0.0107418 9.43705e-18 -3.27791e-19 -68019.5 -405927 3.71074e-10 -3.33554e-09
3.03243e+06 0.000584583 -0.010808 1.14234e-17 -3.17647e-19 -67042.1 -407736 4.87489e-10 -3.23232e-09
3.04575e+06 0.000588914 -0.0108745 8.40515e-18 -3.26851e-19 -66070.1 -409545 3.52884e-10 -3.32597e-09
3.05906e+06 0.000593248 -0.010941 1.00931e-17 -3.81111e-19 -65100.1 -411353 4.00178e-10 -3.87811e-09
3.07232e+06 0.000597579 -0.0110076 8.79456e-18 -3.7014e-19 -64133.3 -413157 3.71074e-10 -3.76647e-09
3.08555e+06 0.000601907 -0.0110743 1.15048e-17 -3.59757e-19 -63168.4 -414957 4.63842e-10 -3.66082e-09
3.09875e+06 0.000606235 -0.011141 1.07739e-17 -3.74956e-19 -62204.8 -416754 4.74756e-10 -3.81548e-09
3.11192e+06 0.00061057 -0.0112079 1.17659e-17 -3.90555e-19 -61242.5 -418550 4.78394e-10 -3.97421e-09
3.12506e+06 0.000614916 -0.011275 8.75564e-18 -3.73924e-19 -60282.8 -420346 3.63798e-10 -3.80497e-09
3.13818e+06 0.000619268 -0.0113423 1.12787e-17 -3.96045e-19 -59324 -422140 4.54747e-10 -4.03007e-09
3.15127e+06 0.000623628 -0.0114098 9.02111e-18 -3.73752e-19 -58368.5 -423933 3.52884e-10 -3.80323e-09
3.16432e+06 0.000628006 -0.0114776 1.01127e-17 -4.15456e-19 -57415.1 -425727 4.07454e-10 -4.22759e-09
3.17734e+06 0.000632398 -0.0115457 1.34191e-17 -4.00146e-19 -56463.2 -427520 5.34783e-10 -4.07181e-09
3.19033e+06 0.000636793 -0.0116138 1.3454e-17 -3.79396e-19 -55512.3 -429306 5.42059e-10 -3.86066e-09
3.20329e+06 0.000641193 -0.011682 1.41616e-17 -4.01998e-19 -54563.1 -431085 5.67525e-10 -4.09065e-09
3.21622e+06 0.000645616 -0.0117505 1.38774e-17 -4.37023e-19 -53615.6 -432863 5.38421e-10 -4.44706e-09
3.2291e+06 0.000650065 -0.0118195 1.54816e-17 -3.99921e-19 -52671.1 -434642 6.00267e-10 -4.06952e-09
3.24194e+06 0.00065454 -0.0118888 1.53464e-17 -4.46758e-19 -51729.6 -436420 6.36646e-10 -4.54612e-09
3.25474e+06 0.000659045 -0.0119586 1.57361e-17 -4.24914e-19 -50790.9 -438197 6.22094e-10 -4.32384e-09
3.2675e+06 0.000663584 -0.0120288 1.61173e-17 -3.83663e-19 -49854.4 -439973 6.22094e-10 -3.90408e-09
3.28021e+06 0.000668158 -0.0120995 1.93829e-17 -4.2555e-19 -48921.2 -441747 7.60338e-10 -4.33031e-09
3.29288e+06 0.000672779 -0.0121708 2.33414e-17 -3.99066e-19 -47990.2 -443521 9.45874e-10 -4.06081e-09
3.3055e+06 0.000677448 -0.0122428 1.9325e-17 -4.19111e-19 -47061 -445294 7.27596e-10 -4.26479e-09
3.31807e+06 0.000682173 -0.0123154 2.13008e-17 -4.09577e-19 -46133.1 -447066 8.18545e-10 -4.16778e-09
3.3306e+06 0.000686957 -0.0123887 2.03639e-17 -3.93766e-19 -45207.7 -448837 7.85803e-10 -4.00689e-09
3.34306e+06 0.000691806 -0.0124629 2.30619e-17 -3.74763e-19 -44286.2 -450605 9.09495e-10 -3.81351e-09
3.35548e+06 0.00069673 -0.0125379 2.6938e-17 -4.89289e-19 -43366.8 -452372 1.04774e-09 -4.9789e-09
3.36784e+06 0.000701742 -0.0126139 2.58256e-17 -4.35662e-19 -42450 -454139 9.82254e-10 -4.43321e-09
3.38015e+06 0.000706844 -0.012691 2.85267e-17 -4.42012e-19 -41535.6 -455902 1.05501e-09 -4.49783e-09
3.3924e+06 0.000712047 -0.0127692 2.8702e-17 -4.51473e-19 -40623.9 -457662 1.11686e-09 -4.5941e-09
3.4046e+06 0.000717363 -0.0128487 3.06902e-17 -4.2095e-19 -39714.3 -459418 1.17507e-09 -4.2835e-09
3.41674e+06 0.000722793 -0.0129294 3.63281e-17 -4.58585e-19 -38807.7 -461166 1.37879e-09 -4.66647e-09
3.42881e+06 0.000728382 -0.0130114 3.69983e-17 -4.43041e-19 -37903.8 -462905 1.34241e-09 -4.5083e-09
3.44084e+06 0.00073426 -0.0130953 4.02166e-17 -4.42214e-19 -37002.3 -464633 1.45155e-09 -4.49988e-09
3.45281e+06 0.000740286 -0.0131805 4.22576e-17 -4.40676e-19 -36103 -466345 1.52068e-09 -4.48423e-09
3.46472e+06 0.000746513 -0.0132678 4.63374e-17 -4.5189e-19 -35206.5 -468050 1.62981e-09 -4.59834e-09
3.47658e+06 0.000752951 -0.0133572 4.52946e-17 -4.33273e-19 -34314.4 -469745 1.62618e-09 -4.4089e-09
3.48838e+06 0.000759617 -0.0134488 4.95661e-17 -4.31825e-19 -33425 -471427 1.7717e-09 -4.39416e-09
3.50013e+06 0.00076654 -0.013543 5.14688e-17 -4.36863e-19 -32538.7 -473096 1.78989e-09 -4.44543e-09
3.51182e+06 0.000773737 -0.0136398 5.21914e-17 -4.28073e-19 -31656.4 -474750 1.83718e-09 -4.35598e-09
3.52346e+06 0.000781238 -0.0137396 5.16924e-17 -4.1299e-19 -30778.9 -476388 1.7717e-09 -4.20251e-09
3.53504e+06 0.000789071 -0.0138426 5.77944e-17 -4.62736e-19 -29904.4 -478010 1.9827e-09 -4.70871e-09
3.54657e+06 0.000797259 -0.0139491 5.81961e-17 -4.42723e-19 -29033.1 -479613 1.99361e-09 -4.50506e-09
3.55804e+06 0.000805799 -0.014059 6.05047e-17 -4.14105e-19 -28164.9 -481192 2.06637e-09 -4.21385e-09
3.56945e+06 0.000814748 -0.0141728 5.82545e-17 -4.16268e-19 -27300 -482752 1.96087e-09 -4.23586e-09
3.5808e+06 0.000824143 -0.0142911 5.58808e-17 -3.9441e-19 -26439.2 -484295 1.90266e-09 -4.01344e-09
3.59207e+06 0.00083398 -0.0144138 5.69972e-17 -4.43949e-19 -25582.5 -485818 1.86628e-09 -4.51753e-09
3.60325e+06 0.000844291 -0.0145412 5.80372e-17 -4.23849e-19 -24729.9 -487323 1.88447e-09 -4.313e-09
3.61436e+06 0.000855059 -0.0146731 5.85223e-17 -4.22329e-19 -23881.1 -488807 1.93904e-09 -4.29753e-09
3.62537e+06 0.000867152 -0.0148125 6.76544e-17 -4.34912e-19 -23037.5 -490255 1.94632e-09 -4.42558e-09
3.63629e+06 0.000879802 -0.0149568 6.84047e-17 -4.3315e-19 -22199.7 -491678 1.94268e-09 -4.40765e-09
3.64712e+06 0.00089296 -0.0151059 6.91659e-17 -3.77741e-19 -21366.1 -493082 1.94268e-09 -3.84381e-09
3.65786e+06 0.000906597 -0.0152596 7.0846e-17 -3.87999e-19 -20536.6 -494467 1.97178e-09 -3.9482e-09
3.66851e+06 0.000920678 -0.0154176 7.24147e-17 -3.86619e-19 -19711.2 -495836 1.97906e-09 -3.93415e-09
3.67907e+06 0.000935167 -0.0155797 7.40377e-17 -3.46887e-19 -18890.1 -497191 2.0591e-09 -3.52985e-09
3.68954e+06 0.000950029 -0.0157456 7.66841e-17 -4.19032e-19 -18073.5 -498535 2.09911e-09 -4.26398e-09
3.6999e+06 0.000965222 -0.0159149 7.75553e-17 -4.15131e-19 -17261.6 -499869 2.13549e-09 -4.22429e-09
3.71016e+06 0.000980709 -0.0160873 7.96208e-17 -3.96876e-19 -16455.8 -501195 2.21189e-09 -4.03853e-09
3.72032e+06 0.000996462 -0.0162626 1.03085e-16 -4.26741e-19 -15655.1 -502515 2.80124e-09 -4.34243e-09
3.73038e+06 0.00101246 -0.0164407 1.19854e-16 -3.53604e-19 -14859.2 -503829 3.23053e-09 -3.5982e-09
3.74034e+06 0.00102867 -0.0166212 1.30405e-16 -3.88812e-19 -14069.3 -505138 3.53612e-09 -3.95647e-09
3.75021e+06 0.00104509 -0.0168041 1.389e-16 -3.53707e-19 -13284.4 -506443 3.71438e-09 -3.59925e-09
3.75999e+06 0.00106171 -0.0169894 1.50126e-16 -3.31243e-19 -12504.2 -507744 4.00178e-09 -3.37066e-09
3.76968e+06 0.0010785 -0.0171767 1.58693e-16 -3.24784e-19 -11728.1 -509039 4.19823e-09 -3.30493e-09
3.7793e+06 0.00109546 -0.017366 1.6546e-16 -3.09697e-19 -10956 -510327 4.34375e-09 -3.15141e-09
3.78884e+06 0.0011126 -0.0175573 1.74087e-16 -3.41332e-19 -10187.8 -511608 4.59113e-09 -3.47333e-09
3.79832e+06 0.00112994 -0.0177508 1.79095e-16 -3.49136e-19 -9423.44 -512880 4.68572e-09 -3.55274e-09
3.80773e+06 0.00114748 -0.0179466 1.86108e-16 -3.46561e-19 -8663.33 -514140 4.83487e-09 -3.52654e-09
3.81707e+06 0.00116525 -0.0181446 1.91203e-16 -3.03715e-19 -7907.49 -515388 4.92582e-09 -3.09055e-09
3.82634e+06 0.00118329 -0.0183454 1.96548e-16 -2.5356e-19 -7155.59 -516620 5.04224e-09 -2.58017e-09
3.83555e+06 0.00120165 -0.0185492 2.03516e-16 -3.20742e-19 -6407.49 -517836 5.16593e-09 -3.26381e-09
3.84469e+06 0.00122039 -0.0187566 2.07951e-16 -3.14896e-19 -5663.44 -519032 5.22414e-09 -3.20432e-09
3.85376e+06 0.00123955 -0.018968 2.11751e-16 -3.4422e-19 -4923.52 -520205 5.27507e-09 -3.50272e-09
3.86276e+06 0.00125922 -0.0191839 2.11809e-16 -3.27029e-19 -4187.85 -521352 5.2496e-09 -3.32778e-09
3.87169e+06 0.00127947 -0.019405 2.10165e-16 -3.57473e-19 -3456.74 -522469 5.11136e-09 -3.63757e-09
3.88053e+06 0.00130035 -0.0196318 2.11572e-16 -2.99306e-19 -2730.48 -523555 5.07498e-09 -3.04567e-09
3.8893e+06 0.00132195 -0.0198649 2.12287e-16 -3.64986e-19 -2009.14 -524604 5.01677e-09 -3.71403e-09
3.89798e+06 0.00134431 -0.0201047 2.09438e-16 -3.5153e-19 -1292.87 -525616 4.91491e-09 -3.5771e-09
3.90657e+06 0.00136748 -0.0203516 2.01421e-16 -3.39083e-19 -581.771 -526589 4.65297e-09 -3.45044e-09
3.91505e+06 0.0013915 -0.0206061 1.95745e-16 -3.08839e-19 124.08 -527525 4.4347e-09 -3.14268e-09
3.92345e+06 0.00141632 -0.0208679 1.87796e-16 -2.69845e-19 824.421 -528423 4.23461e-09 -2.74589e-09
3.93175e+06 0.00144191 -0.0211365 1.81607e-16 -2.97757e-19 1519.53 -529286 4.04543e-09 -3.02991e-09
3.93997e+06 0.0014682 -0.0214116 1.76937e-16 -3.27896e-19 2209.6 -530116 3.89991e-09 -3.33661e-09
3.9481e+06 0.00149511 -0.0216925 1.70872e-16 -3.30182e-19 2894.75 -530918 3.75439e-09 -3.35987e-09
3.95614e+06 0.00152259 -0.0219789 1.62963e-16 -3.12435e-19 3574.8 -531696 3.56886e-09 -3.17928e-09
3.96408e+06 0.00155059 -0.0222706 1.5115e-16 -3.28675e-19 4249.09 -532456 3.25235e-09 -3.34453e-09
3.97194e+06 0.001579 -0.0225664 1.3076e-16 -3.05953e-19 4918.68 -533200 2.79033e-09 -3.11332e-09
3.97972e+06 0.00160775 -0.0228659 1.17059e-16 -3.35927e-19 5584.23 -533930 2.53203e-09 -3.41833e-09
3.98741e+06 0.00163679 -0.0231689 1.00329e-16 -3.28236e-19 6244.21 -534650 2.10275e-09 -3.34007e-09
3.99503e+06 0.00166608 -0.0234747 8.6374e-17 -3.37211e-19 6900 -535360 1.80444e-09 -3.43139e-09
4.00257e+06 0.00169557 -0.0237831 7.42153e-17 -3.43094e-19 7551.72 -536063 1.60435e-09 -3.49125e-09
4.01004e+06 0.00172524 -0.0240938 6.00575e-17 -3.47199e-19 8199.44 -536760 1.27329e-09 -3.53303e-09
4.0174e+06 0.00175515 -0.0244078 4.66962e-17 -3.61631e-19 8842.3 -537454 9.85892e-10 -3.67989e-09
4.02467e+06 0.00178528 -0.0247247 3.17419e-17 -3.60553e-19 9479.97 -538146 6.58474e-10 -3.66891e-09
4.03187e+06 0.00181555 -0.0250436 1.9725e-17 -3.88117e-19 10113.8 -538834 3.85626e-10 -3.9494e-09
4.039e+06 0.00184592 -0.0253642 6.41019e-18 -3.44581e-19 10744 -539518 1.16415e-10 -3.50639e-09
4.04605e+06 0.0018765 -0.0256867 -4.48925e-18 -3.62218e-19 11370.6 -540196 -1.16415e-10 -3.68586e-09
4.05305e+06 0.00190702 -0.0260103 -1.87231e-17 -3.06153e-19 11994 -540873 -4.1473e-10 -3.11536e-09
4.05999e+06 0.00193762 -0.0263353 -3.14888e-17 -3.33204e-19 12613.8 -541547 -6.51198e-10 -3.39061e-09
4.06686e+06 0.00196829 -0.0266619 -4.1599e-17 -3.33506e-19 13230 -542218 -8.80391e-10 -3.39369e-09
4.07366e+06 0.00199905 -0.0269899 -5.38935e-17 -3.46946e-19 13842.2 -542887 -1.1496e-09 -3.53046e-09
4.05061e+06 0.00208043 -0.0278783 3.30412e-16 1.84993e-19 12934.3 -544903 6.63931e-09 1.88245e-09
4.05796e+06 0.00211384 -0.0282369 3.93478e-16 -1.61044e-19 13637.2 -545605 7.8071e-09 -1.63876e-09
4.06478e+06 0.00214647 -0.0285881 4.29953e-16 -3.29306e-19 14299.5 -546289 8.49104e-09 -3.35095e-09
4.07121e+06 0.00217837 -0.0289321 4.53836e-16 -2.64102e-19 14909.9 -546955 8.97489e-09 -2.68745e-09
4.0775e+06 0.00221019 -0.029276 4.80831e-16 -2.62993e-19 15499 -547617 9.39326e-09 -2.67616e-09
4.08372e+06 0.00224207 -0.0296211 5.09554e-16 -2.74295e-19 16079.4 -548274 9.97534e-09 -2.79117e-09
4.08988e+06 0.00227406 -0.0299678 5.39616e-16 -2.99923e-19 16656.1 -548927 1.04956e-08 -3.05196e-09
4.09596e+06 0.00230618 -0.0303164 5.71931e-16 -2.5256e-19 17229 -549577 1.10558e-08 -2.57e-09
4.10198e+06 0.00233842 -0.0306666 6.04393e-16 -3.32087e-19 17798.1 -550220 1.16052e-08 -3.37925e-09
4.10792e+06 0.00237083 -0.031019 6.38672e-16 -2.95137e-19 18363.8 -550858 1.22127e-08 -3.00326e-09
4.11379e+06 0.00240343 -0.0313736 6.73437e-16 -3.11716e-19 18925.9 -551489 1.27802e-08 -3.17196e-09
4.11959e+06 0.00243626 -0.0317307 7.09271e-16 -2.73672e-19 19484.2 -552111 1.33223e-08 -2.78483e-09
4.12531e+06 0.00246936 -0.0320907 7.43378e-16 -2.34417e-19 20038.8 -552725 1.3868e-08 -2.38538e-09
4.13095e+06 0.0025028 -0.0324541 7.85852e-16 -2.47979e-19 20589.1 -553327 1.4501e-08 -2.52339e-09
4.13649e+06 0.00253663 -0.0328215 8.28166e-16 -2.43212e-19 21135.4 -553917 1.5134e-08 -2.47488e-09
4.07847e+06 0.0026934 -0.0345236 6.80665e-16 3.22685e-19 18942 -556692 1.06375e-08 3.28358e-09
4.08572e+06 0.00273666 -0.0349683 4.32536e-17 -6.60119e-20 19572.5 -557171 6.51198e-10 -6.71724e-10
4.09194e+06 0.00277987 -0.0354098 -8.11716e-16 7.98401e-20 20173.1 -557599 -1.22345e-08 8.12437e-10
4.09754e+06 0.00282309 -0.0358489 -9.23103e-16 -1.89933e-19 20748.2 -557977 -1.36133e-08 -1.93272e-09
4.10298e+06 0.0028671 -0.0362935 -1.05906e-15 -1.95507e-19 21311.2 -558313 -1.53086e-08 -1.98944e-09
4.10824e+06 0.00291162 -0.0367412 -1.20407e-15 -2.61606e-19 21880.9 -558606 -1.70003e-08 -2.66205e-09
4.11319e+06 0.00295683 -0.0371943 -1.4014e-15 -2.64538e-19 22433 -558863 -1.94814e-08 -2.69188e-09
4.11786e+06 0.00300271 -0.0376531 -1.53641e-15 -2.51583e-19 22963.7 -559088 -2.09075e-08 -2.56006e-09
4.12231e+06 0.0030487 -0.0381127 -1.64981e-15 -2.79594e-19 23467.8 -559282 -2.2028e-08 -2.84509e-09
4.06479e+06 0.00319791 -0.0425953 8.9587e-16 3.74624e-19 21756.5 -537443 1.0994e-08 3.8121e-09
4.07087e+06 0.00324428 -0.0431556 1.26348e-15 -4.94005e-20 22413.1 -537491 1.47447e-08 -5.0269e-10
4.07591e+06 0.00328806 -0.0436909 1.28514e-15 1.55271e-19 22943.3 -537514 1.47484e-08 1.58e-09
4.08034e+06 0.00333133 -0.0442193 1.35575e-15 7.79425e-20 23459.9 -537501 1.47957e-08 7.93128e-10
4.08464e+06 0.00337435 -0.0447471 1.40547e-15 8.3037e-20 23961.9 -537464 1.51376e-08 8.44968e-10
4.0888e+06 0.00341765 -0.0452767 1.55125e-15 -7.22186e-20 24450.8 -537398 1.49303e-08 -7.34882e-10
4.09287e+06 0.00346079 -0.0458048 1.61346e-15 -2.39246e-21 24913.4 -537314 1.53159e-08 -2.43452e-11
4.09684e+06 0.00350348 -0.0463311 1.679e-15 6.43006e-20 25365 -537218 1.5767e-08 6.5431e-10
4.10069e+06 0.00354546 -0.0468518 1.75109e-15 3.44665e-20 25814 -537112 1.62945e-08 3.50724e-10
4.10448e+06 0.0035871 -0.0473712 1.82683e-15 -2.47173e-20 26258.3 -536997 1.6822e-08 -2.51518e-10
4.10822e+06 0.00362851 -0.0478905 1.89868e-15 -4.78882e-21 26701.6 -536873 1.73095e-08 -4.87301e-11
4.1119e+06 0.00366967 -0.0484095 1.97433e-15 -2.15643e-20 27145.5 -536741 1.78334e-08 -2.19434e-10
4.11553e+06 0.00371062 -0.0489284 2.04732e-15 8.98761e-20 27587.7 -536602 1.83572e-08 9.14561e-10
4.11913e+06 0.00375144 -0.0494485 2.14103e-15 2.76203e-20 28027.8 -536457 1.87974e-08 2.81058e-10
4.12268e+06 0.00379209 -0.049969 2.22859e-15 -7.03943e-20 28465.6 -536306 1.93832e-08 -7.16318e-10
4.12619e+06 0.00383251 -0.050489 2.30585e-15 1.66125e-20 28901.4 -536151 1.99034e-08 1.69046e-10
4.12966e+06 0.00387278 -0.0510095 2.38142e-15 -8.24496e-21 29335.6 -535990 2.042e-08 -8.3899e-11
4.1331e+06 0.00391297 -0.0515311 2.47419e-15 9.41244e-20 29767.2 -535824 2.10348e-08 9.57791e-10
4.13651e+06 0.00395302 -0.0520532 2.54899e-15 1.52211e-19 30196.9 -535655 2.14932e-08 1.54887e-09
4.13989e+06 0.00399296 -0.052576 2.62895e-15 4.85278e-20 30624.5 -535481 2.20316e-08 4.93809e-10
4.06518e+06 0.00396394 -0.0572948 8.42094e-16 1.16309e-19 27485.2 -514901 -4.62023e-10 1.18354e-09
4.07216e+06 0.00399585 -0.0578215 -1.88659e-16 -2.2842e-19 28199 -515184 -4.95493e-09 -2.32435e-09
4.07751e+06 0.00403556 -0.0583705 -9.7541e-16 6.50936e-20 28835.4 -515158 -9.98989e-09 6.62379e-10
4.08198e+06 0.00407319 -0.0588936 -1.07855e-15 1.06932e-20 29326.8 -515135 -1.08084e-08 1.08812e-10
4.08622e+06 0.00411095 -0.0594153 -1.19307e-15 4.93003e-20 29802 -515098 -1.08266e-08 5.0167e-10
4.09036e+06 0.00414942 -0.0599389 -1.216e-15 8.02465e-21 30263.7 -515035 -1.0943e-08 8.16572e-11
4.09444e+06 0.00418777 -0.0604622 -1.1959e-15 1.78512e-20 30723.5 -514970 -1.07902e-08 1.81651e-10
4.09845e+06 0.00422583 -0.0609826 -1.15509e-15 3.54341e-20 31183.2 -514903 -1.04192e-08 3.60571e-10
4.10237e+06 0.00426353 -0.0614996 -1.10251e-15 6.14441e-20 31628.4 -514836 -9.96442e-09 6.25243e-10
4.10621e+06 0.00430075 -0.0620112 -1.04096e-15 1.03453e-19 32064.7 -514768 -9.47693e-09 1.05272e-09
4.10997e+06 0.00433754 -0.0625182 -9.69781e-16 1.05136e-19 32492.8 -514699 -8.87303e-09 1.06984e-09
4.11364e+06 0.00437404 -0.063022 -8.97548e-16 -5.0945e-20 32925 -514628 -8.3237e-09 -5.18406e-10
4.11725e+06 0.00441018 -0.0635222 -8.24164e-16 -4.92986e-20 33348.1 -514556 -7.7016e-09 -5.01653e-10
4.12083e+06 0.00444612 -0.0640208 -7.48774e-16 -5.10476e-20 33762 -514484 -7.11952e-09 -5.1945e-10
4.12437e+06 0.00448195 -0.0645189 -6.70143e-16 -2.4594e-20 34171.1 -514411 -6.50107e-09 -2.50263e-10
4.12786e+06 0.00451767 -0.0650168 -5.93633e-16 -2.5827e-20 34571.8 -514336 -5.91172e-09 -2.6281e-10
4.13132e+06 0.0045533 -0.0655146 -5.16918e-16 -6.58135e-20 34964.7 -514261 -5.27871e-09 -6.69705e-10
4.13472e+06 0.00458917 -0.0660134 -4.77027e-16 4.41165e-20 35353.8 -514181 -4.57294e-09 4.48921e-10
4.13806e+06 0.00462527 -0.0665133 -4.15403e-16 -3.87395e-20 35740.4 -514097 -4.11455e-09 -3.94205e-10
4.14132e+06 0.0046614 -0.0670148 -3.68898e-16 -3.43371e-20 36124 -514011 -3.76531e-09 -3.49407e-10
4.1445e+06 0.00469763 -0.0675187 -3.31553e-16 -1.86579e-20 36504 -513924 -3.44517e-09 -1.89859e-10
4.14758e+06 0.00473399 -0.0680254 -2.86615e-16 -1.07863e-20 36879.7 -513836 -3.14321e-09 -1.09759e-10
4.15059e+06 0.00477048 -0.0685351 -2.26392e-16 -3.53684e-20 37250.6 -513747 -2.70302e-09 -3.59902e-10
4.15351e+06 0.00480709 -0.0690476 -1.59803e-16 -4.16737e-20 37616.6 -513656 -2.21917e-09 -4.24063e-10
4.15638e+06 0.00484387 -0.0695624 -1.54128e-16 6.12414e-20 37978.1 -513564 -1.09139e-09 6.2318e-10
4.15918e+06 0.00488128 -0.0700796 -7.31555e-17 -1.42924e-21 38335.4 -513465 -5.78439e-10 -1.45437e-11
4.16193e+06 0.00491873 -0.0705985 -1.02413e-17 3.34478e-20 38688.7 -513366 -1.01863e-10 3.40358e-10
4.16463e+06 0.00495613 -0.0711176 6.55224e-17 1.02229e-19 39039.4 -513266 4.03816e-10 1.04026e-09
4.16727e+06 0.00499352 -0.0716376 1.45323e-16 1.83174e-20 39386.5 -513165 9.42237e-10 1.86394e-10
4.16986e+06 0.00503081 -0.0721569 2.20583e-16 2.24198e-20 39730.9 -513063 1.44428e-09 2.28139e-10
4.17239e+06 0.00506795 -0.0726752 2.96043e-16 6.74095e-20 40071.9 -512962 1.96087e-09 6.85946e-10
4.17487e+06 0.00510493 -0.0731921 3.75593e-16 4.31912e-20 40408.3 -512860 2.49565e-09 4.39505e-10
4.17728e+06 0.00514173 -0.0737074 4.51326e-16 3.79981e-20 40738.7 -512759 3.01225e-09 3.86661e-10
4.17963e+06 0.00517833 -0.0742208 5.25573e-16 1.3868e-20 41062 -512657 3.4488e-09 1.41118e-10
3.99002e+06 0.00515676 -0.0738147 -8.09285e-17 3.31426e-19 28663.4 -503496 -1.44792e-08 3.37252e-09
4.00028e+06 0.00516005 -0.0738905 -9.30908e-17 -3.46034e-19 29291.4 -505273 -1.48757e-08 -3.52118e-09
4.01049e+06 0.00516333 -0.0739662 4.11363e-16 -1.37319e-19 29914.4 -507047 4.00178e-11 -1.39733e-09
4.02049e+06 0.00516662 -0.0740423 5.63223e-16 -1.5019e-19 30521.8 -508833 4.62751e-09 -1.52831e-09
4.02918e+06 0.00517011 -0.0741249 5.12954e-16 -2.04443e-19 31056.3 -510771 3.08864e-09 -2.08037e-09
3.97879e+06 0.00515615 -0.0738843 9.35676e-16 3.01312e-19 21009.7 -505449 1.56106e-08 3.06609e-09
3.98753e+06 0.00515969 -0.0739668 8.90876e-16 6.91772e-20 21606.3 -507387 1.42936e-08 7.03933e-10
3.99547e+06 0.00516332 -0.0740531 8.49647e-16 -4.59066e-19 22150.2 -509414 1.2642e-08 -4.67137e-09
4.00315e+06 0.00516579 -0.074149 8.50398e-16 -5.17112e-19 22684.8 -511395 9.91349e-09 -5.26203e-09
4.00942e+06 0.00516267 -0.0743122 7.9605e-16 -2.95323e-19 23166 -513122 8.0363e-09 -3.00515e-09
4.0135e+06 0.0051766 -0.0746577 8.28867e-16 -2.26262e-19 23573.5 -513760 6.51926e-09 -2.30239e-09
4.01643e+06 0.00520706 -0.0751099 8.36428e-16 -3.88591e-19 23933.3 -513699 5.54428e-09 -3.95422e-09
4.01929e+06 0.00523854 -0.0755653 8.11929e-16 -3.87558e-19 24286.5 -513611 5.32236e-09 -3.94371e-09
4.02201e+06 0.00527057 -0.0760229 8.04523e-16 -4.25442e-19 24630.7 -513517 5.14046e-09 -4.32921e-09
4.02473e+06 0.00530286 -0.0764795 7.92943e-16 -3.55806e-19 24971.6 -513420 5.08226e-09 -3.62061e-09
4.02742e+06 0.00533505 -0.0769353 7.92973e-16 -4.59118e-19 25309.4 -513323 5.04224e-09 -4.6719e-09
4.03009e+06 0.00536716 -0.0773905 7.91723e-16 -3.9207e-19 25643.8 -513226 5.0386e-09 -3.98962e-09
4.03273e+06 0.00539918 -0.0778449 7.96032e-16 -4.39583e-19 25975.5 -513129 5.04224e-09 -4.47311e-09
4.03535e+06 0.00543105 -0.078298 8.0602e-16 -5.28133e-19 26306.9 -513032 5.10772e-09 -5.37418e-09
4.03793e+06 0.00546278 -0.0787496 8.15923e-16 -5.0162e-19 26630.9 -512935 5.14046e-09 -5.10438e-09
4.04048e+06 0.00549431 -0.0791989 8.18152e-16 -5.09774e-19 26952 -512839 5.16593e-09 -5.18736e-09
4.04299e+06 0.00552573 -0.0796473 8.29361e-16 -4.78327e-19 27269.2 -512744 5.1914e-09 -4.86736e-09
4.04546e+06 0.00555705 -0.0800947 8.44149e-16 -4.92239e-19 27582.7 -512648 5.27143e-09 -5.00893e-09
4.04787e+06 0.00558824 -0.0805412 8.57839e-16 -4.88896e-19 27889.3 -512553 5.34783e-09 -4.97491e-09
4.05022e+06 0.00561931 -0.0809865 8.7279e-16 -4.8173e-19 28190.8 -512459 5.42059e-09 -4.90198e-09
4.05247e+06 0.0056503 -0.0814311 8.9785e-16 -5.17625e-19 28487.4 -512365 5.54792e-09 -5.26725e-09
4.05465e+06 0.00568117 -0.0818747 9.13559e-16 -4.81782e-19 28779.4 -512271 5.63159e-09 -4.90251e-09
4.05674e+06 0.00571191 -0.0823171 9.39954e-16 -4.75972e-19 29061.4 -512178 5.7662e-09 -4.8434e-09
3.95866e+06 0.0056984 -0.0820742 8.70228e-16 4.42376e-19 19708.2 -506843 3.73984e-09 4.50153e-09
3.96793e+06 0.00570146 -0.0821474 3.20779e-16 -4.43579e-20 20270 -508536 -1.22709e-08 -4.51377e-10
3.97658e+06 0.00570463 -0.0822239 1.03043e-16 -2.29088e-19 20803 -510309 -1.85937e-08 -2.33116e-09
3.98317e+06 0.00570515 -0.0823377 -2.69077e-16 -2.37767e-19 21249.1 -512133 -1.49957e-08 -2.41946e-09
3.98638e+06 0.00572173 -0.0826943 -9.21989e-16 2.93546e-19 21578.3 -512616 -6.45741e-09 2.98707e-09
3.98864e+06 0.00575183 -0.0831389 -8.91903e-16 -6.11622e-20 21869.1 -512528 -6.04996e-09 -6.22375e-10
3.9907e+06 0.00578274 -0.0835873 -8.49887e-16 -1.52542e-19 22152.4 -512434 -5.15138e-09 -1.55223e-09
3.97427e+06 0.00552258 -0.0865229 1.25655e-16 7.51884e-19 22140.6 -495231 7.74162e-09 7.65102e-09
3.97752e+06 0.00552955 -0.0868594 2.80574e-16 2.67918e-19 22463.8 -495996 9.63337e-09 2.72628e-09
3.98027e+06 0.0055428 -0.0872349 6.25192e-16 1.3215e-19 22746.8 -496460 8.93488e-09 1.34473e-09
3.98267e+06 0.00556098 -0.0876358 7.41661e-16 2.19115e-19 23027.4 -496673 9.96079e-09 2.22968e-09
3.98494e+06 0.00557921 -0.0880379 8.48777e-16 3.13409e-19 23296.8 -496877 1.08048e-08 3.18918e-09
3.96308e+06 0.0056247 -0.0890748 9.60475e-16 1.14833e-18 23007.9 -497393 1.16306e-08 1.16852e-08
3.96684e+06 0.00564503 -0.0895249 8.3402e-16 5.75921e-19 23321.2 -497592 1.04774e-08 5.86045e-09
3.9692e+06 0.00566388 -0.089947 6.98668e-16 4.32925e-19 23576.5 -497776 9.30231e-09 4.40536e-09
3.97148e+06 0.00568262 -0.0903676 5.78968e-16 3.92886e-19 23810.8 -497954 8.12361e-09 3.99793e-09
3.97363e+06 0.00570138 -0.0907837 4.68855e-16 2.76017e-19 24045 -498117 7.11952e-09 2.8087e-09
3.97573e+06 0.00571999 -0.0911986 3.68785e-16 3.4294e-19 24273.6 -498277 6.24641e-09 3.48969e-09
3.97777e+06 0.0057385 -0.0916128 2.86191e-16 2.63181e-19 24499.7 -498432 5.46424e-09 2.67808e-09
3.97976e+06 0.00575731 -0.0920286 2.24314e-16 2.79785e-19 24723 -498578 4.63115e-09 2.84703e-09
3.98163e+06 0.00577747 -0.0924504 1.98309e-16 1.22786e-19 24940.4 -498699 3.47063e-09 1.24945e-09
3.98324e+06 0.005801 -0.0928868 1.74462e-16 6.53387e-20 25146.3 -498764 2.0882e-09 6.64873e-10
3.9847e+06 0.00582786 -0.0933348 1.34943e-16 7.94981e-20 25344.1 -498772 1.25146e-09 8.08956e-10
3.98607e+06 0.00585597 -0.0937872 7.7629e-17 -3.79075e-20 25536.4 -498759 8.40373e-10 -3.85739e-10
3.98738e+06 0.00588431 -0.0942408 1.09626e-17 2.55642e-20 25724.7 -498741 5.12955e-10 2.60136e-10
3.98865e+06 0.00591265 -0.0946947 -4.31212e-17 1.78661e-20 25910.3 -498722 2.47383e-10 1.81802e-10
3.98989e+06 0.00594093 -0.0951485 -9.72485e-17 -3.94177e-21 26094 -498702 -7.27596e-12 -4.01107e-11
3.96942e+06 0.00600109 -0.0961772 2.20003e-16 9.02845e-20 24995.8 -498735 1.26965e-09 9.18716e-10
3.97224e+06 0.00602919 -0.096605 1.40324e-16 -3.82523e-19 25342.2 -498690 9.24047e-10 -3.89248e-09
3.97445e+06 0.00605667 -0.097028 7.7589e-17 -3.27205e-19 25604.5 -498651 6.40284e-10 -3.32957e-09
3.97637e+06 0.00608538 -0.0974727 4.76202e-17 -2.54278e-19 25839.1 -498612 4.83851e-10 -2.58748e-09
3.97819e+06 0.00611364 -0.0979121 3.13757e-17 -4.58224e-19 26050.9 -498575 4.58385e-10 -4.66279e-09
3.97995e+06 0.0061418 -0.0983512 1.50015e-17 -3.97334e-19 26253.2 -498538 3.49246e-10 -4.04319e-09
3.98159e+06 0.00616999 -0.098792 1.81742e-17 -3.88822e-19 26449.5 -498502 3.56522e-10 -3.95657e-09
3.98289e+06 0.00619858 -0.0992404 3.8481e-17 -4.51537e-19 26632 -498466 4.58385e-10 -4.59475e-09
3.9841e+06 0.00622714 -0.0996895 4.47528e-17 -4.19144e-19 26809.9 -498430 4.91127e-10 -4.26512e-09
3.98526e+06 0.00625566 -0.100139 5.35197e-17 -4.9311e-19 26985.4 -498395 5.23869e-10 -5.01779e-09
3.9864e+06 0.00628413 -0.100588 5.96982e-17 -4.9045e-19 27159.2 -498359 5.56611e-10 -4.99072e-09
3.9875e+06 0.00631255 -0.101038 7.09221e-17 -5.73098e-19 27331 -498324 6.18456e-10 -5.83173e-09
3.98857e+06 0.0063409 -0.101487 7.64112e-17 -6.04349e-19 27499.3 -498289 6.2937e-10 -6.14974e-09
3.98962e+06 0.00636918 -0.101936 8.02715e-17 -6.14223e-19 27665.1 -498253 6.33008e-10 -6.25021e-09
3.99064e+06 0.00639739 -0.102385 8.7766e-17 -6.46082e-19 27829 -498218 6.87578e-10 -6.5744e-09
3.99163e+06 0.00642555 -0.102834 9.15445e-17 -6.48235e-19 27991 -498184 7.05768e-10 -6.5963e-09
3.9926e+06 0.00645365 -0.103283 9.72093e-17 -6.091e-19 28151.2 -498149 7.13044e-10 -6.19808e-09
3.99354e+06 0.00648168 -0.103732 1.0206e-16 -7.00668e-19 28309.5 -498114 7.23958e-10 -7.12986e-09
3.99444e+06 0.00650967 -0.104181 1.04336e-16 -6.951e-19 28465.8 -498079 7.60338e-10 -7.0732e-09
3.99532e+06 0.00653759 -0.10463 1.10501e-16 -7.56381e-19 28620.3 -498045 8.00355e-10 -7.69678e-09
3.99617e+06 0.00656546 -0.105079 1.08609e-16 -6.83045e-19 28772.7 -498010 7.67614e-10 -6.95053e-09
3.99698e+06 0.00659328 -0.105528 1.14124e-16 -7.19486e-19 28923.2 -497976 8.00355e-10 -7.32134e-09
3.99776e+06 0.00662102 -0.105976 1.18612e-16 -8.00361e-19 29070.7 -497942 8.03993e-10 -8.14431e-09
3.99849e+06 0.00664873 -0.106426 1.20175e-16 -6.73875e-19 29215.7 -497908 8.14907e-10 -6.85722e-09
3.99918e+06 0.00667638 -0.106875 1.31865e-16 -8.59772e-19 29358.7 -497874 8.73115e-10 -8.74886e-09
3.90184e+06 0.00666497 -0.106645 6.12148e-16 1.80822e-19 19966.4 -493154 1.33041e-08 1.84001e-09
3.91032e+06 0.0066674 -0.106722 2.95147e-16 -1.5547e-19 20457.5 -494800 5.09681e-09 -1.58203e-09
3.91863e+06 0.00666978 -0.106799 -2.51495e-17 -2.75652e-19 20938.1 -496468 -2.47383e-09 -2.80498e-09
3.92434e+06 0.0066644 -0.106963 -4.5961e-16 -3.68684e-20 21323.8 -497998 -6.57383e-09 -3.75165e-10
3.92719e+06 0.00667551 -0.107343 -1.14562e-15 -8.38838e-20 21629.6 -498296 -7.75617e-09 -8.53584e-10
3.9291e+06 0.00670144 -0.107779 -2.21792e-15 -1.6755e-19 21890.4 -498270 -8.50923e-09 -1.70496e-09
3.9308e+06 0.00672867 -0.108219 -2.53779e-15 -3.73054e-19 22143.6 -498229 -9.70249e-09 -3.79613e-09
3.93245e+06 0.00675585 -0.10866 -2.83749e-15 -3.68142e-19 22394 -498188 -1.08266e-08 -3.74614e-09
3.93403e+06 0.00678295 -0.1091 -3.11747e-15 -3.48116e-19 22638.2 -498147 -1.18962e-08 -3.54236e-09
3.9355e+06 0.00680992 -0.109539 -3.38052e-15 -3.03859e-19 22874.8 -498108 -1.28821e-08 -3.09201e-09
3.93691e+06 0.00683676 -0.109978 -3.61999e-15 -4.41843e-19 23104.4 -498068 -1.37552e-08 -4.49611e-09
3.93825e+06 0.00686346 -0.110415 -3.84791e-15 -4.54555e-19 23326.8 -498029 -1.45992e-08 -4.62546e-09
3.93949e+06 0.00689006 -0.110852 -4.06821e-15 -4.44138e-19 23541.1 -497991 -1.53341e-08 -4.51946e-09
3.94068e+06 0.00691655 -0.111288 -4.27657e-15 -4.28758e-19 23750.8 -497953 -1.61017e-08 -4.36295e-09
3.94179e+06 0.00694296 -0.111724 -4.4561e-15 -4.76597e-19 23954.5 -497916 -1.66838e-08 -4.84975e-09
3.94286e+06 0.00696925 -0.112159 -4.63821e-15 -3.89861e-19 24153 -497878 -1.72877e-08 -3.96715e-09
3.94387e+06 0.00699548 -0.112595 -4.81772e-15 -3.68248e-19 24346.4 -497842 -1.79134e-08 -3.74722e-09
3.94476e+06 0.00702181 -0.113033 -4.97443e-15 -2.88851e-19 24530.8 -497805 -1.84446e-08 -2.93929e-09
3.94536e+06 0.00704926 -0.113493 -5.30926e-15 -1.58467e-19 24694.9 -497768 -1.96342e-08 -1.61252e-09
3.94583e+06 0.00707703 -0.11396 -5.59267e-15 -1.53493e-19 24851.2 -497732 -2.05873e-08 -1.56191e-09
3.94626e+06 0.00710471 -0.114426 -5.83642e-15 -1.05994e-19 25005.2 -497696 -2.14022e-08 -1.07857e-09
3.94665e+06 0.00713229 -0.114892 -6.0268e-15 -9.4051e-20 25155.8 -497660 -2.20389e-08 -9.57044e-10
3.947e+06 0.00715975 -0.115357 -6.20139e-15 -4.22632e-20 25302.8 -497624 -2.25809e-08 -4.30062e-10
3.94733e+06 0.0071871 -0.115821 -6.36202e-15 -3.33152e-20 25447.1 -497588 -2.30757e-08 -3.39009e-10
3.92257e+06 0.00725286 -0.116995 -2.30868e-15 7.57624e-20 25007.9 -497543 -7.8835e-09 7.70943e-10
3.92753e+06 0.00727993 -0.117437 1.3265e-15 -1.65247e-18 25295.9 -497499 4.9331e-09 -1.68152e-08
3.92983e+06 0.00730492 -0.117851 1.73756e-15 -9.04427e-19 25493.7 -497463 6.34827e-09 -9.20326e-09
3.93122e+06 0.00733092 -0.118287 9.38019e-16 -7.98383e-19 25643.6 -497427 3.55794e-09 -8.12418e-09
3.93257e+06 0.00735665 -0.118721 1.1911e-16 -6.19669e-19 25787.3 -497392 6.73026e-10 -6.30563e-09
3.93388e+06 0.00738222 -0.119151 -3.29337e-16 -5.03444e-19 25935.7 -497358 -8.54925e-10 -5.12294e-09
3.93517e+06 0.00740763 -0.11958 -5.24712e-16 -3.25451e-19 26085.6 -497323 -1.50976e-09 -3.31172e-09
3.93645e+06 0.00743298 -0.120008 -7.44624e-16 -3.49272e-19 26235.5 -497288 -2.30648e-09 -3.55412e-09
3.93772e+06 0.00745826 -0.120435 -9.00512e-16 -3.54745e-19 26385.4 -497254 -2.83762e-09 -3.60982e-09
3.93899e+06 0.00748348 -0.120863 -1.01954e-15 -3.2761e-19 26534.7 -497220 -3.22325e-09 -3.33369e-09
3.94024e+06 0.00750864 -0.12129 -1.11378e-15 -3.16947e-19 26683.1 -497186 -3.5725e-09 -3.22519e-09
3.94145e+06 0.00753373 -0.121716 -1.18855e-15 -3.29561e-19 26831.3 -497152 -3.79077e-09 -3.35354e-09
3.94262e+06 0.00755873 -0.122141 -1.24991e-15 -2.50329e-19 26981.6 -497118 -3.97631e-09 -2.54729e-09
3.94376e+06 0.00758372 -0.122568 -1.26543e-15 -1.88064e-19 27130.4 -497084 -4.03088e-09 -1.9137e-09
3.94478e+06 0.00760888 -0.122998 -1.21746e-15 1.20506e-20 27274.6 -497050 -3.83807e-09 1.22624e-10
3.94567e+06 0.00763435 -0.123435 -1.16932e-15 1.92644e-19 27412 -497017 -3.63434e-09 1.9603e-09
3.94651e+06 0.00765989 -0.123874 -1.16123e-15 2.46466e-19 27546.4 -496983 -3.61979e-09 2.50798e-09
3.94731e+06 0.00768541 -0.124314 -1.16951e-15 2.6709e-19 27679.6 -496950 -3.64525e-09 2.71786e-09
3.9481e+06 0.00771088 -0.124753 -1.1779e-15 2.67486e-19 27811.2 -496917 -3.6307e-09 2.72189e-09
3.94889e+06 0.00773629 -0.125193 -1.1833e-15 2.30072e-19 27942 -496884 -3.62343e-09 2.34117e-09
3.94967e+06 0.00776165 -0.125632 -1.18563e-15 2.17437e-19 28072.3 -496851 -3.62706e-09 2.2126e-09
3.95044e+06 0.00778693 -0.126071 -1.19421e-15 3.09134e-19 28201.3 -496819 -3.66708e-09 3.14569e-09
3.95121e+06 0.00781218 -0.12651 -1.19284e-15 2.60166e-19 28329.3 -496786 -3.63798e-09 2.6474e-09
3.95198e+06 0.00783737 -0.126949 -1.19126e-15 2.55261e-19 28456.7 -496754 -3.62343e-09 2.59748e-09
3.95274e+06 0.0078625 -0.127387 -1.19496e-15 2.92051e-19 28583.6 -496722 -3.60524e-09 2.97185e-09
3.9535e+06 0.00788758 -0.127825 -1.18724e-15 1.72064e-19 28710.1 -496690 -3.57613e-09 1.75089e-09
3.95426e+06 0.00791259 -0.128263 -1.18802e-15 2.00667e-19 28835.9 -496659 -3.56522e-09 2.04194e-09
3.95502e+06 0.00793757 -0.128701 -1.18989e-15 2.59039e-19 28960.8 -496627 -3.55067e-09 2.63593e-09
3.95577e+06 0.00796249 -0.129139 -1.18494e-15 2.11956e-19 29085.4 -496596 -3.5252e-09 2.15682e-09
3.95652e+06 0.00798738 -0.129576 -1.18135e-15 2.22811e-19 29209.5 -496565 -3.52156e-09 2.26728e-09
3.95726e+06 0.00801223 -0.130014 -1.17775e-15 2.455e-19 29333 -496534 -3.47791e-09 2.49815e-09
3.958e+06 0.00803703 -0.130452 -1.17289e-15 2.34798e-19 29456.3 -496503 -3.48882e-09 2.38926e-09
3.95874e+06 0.00806179 -0.13089 -1.16379e-15 1.66507e-19 29579.2 -496472 -3.44517e-09 1.69435e-09
3.95948e+06 0.0080865 -0.131327 -1.15358e-15 1.65837e-19 29701.8 -496442 -3.36513e-09 1.68753e-09
3.96021e+06 0.00811117 -0.131764 -1.15078e-15 1.94818e-19 29824.1 -496412 -3.3433e-09 1.98243e-09
3.96095e+06 0.00813579 -0.132201 -1.14077e-15 1.59912e-19 29946 -496382 -3.32875e-09 1.62724e-09
3.96168e+06 0.00816037 -0.132638 -1.13037e-15 9.69282e-20 30067.6 -496352 -3.26327e-09 9.86322e-10
3.96241e+06 0.00818491 -0.133076 -1.12895e-15 2.11626e-19 30188.5 -496322 -3.21961e-09 2.15346e-09
3.96314e+06 0.00820941 -0.133513 -1.11539e-15 9.87873e-20 30309 -496292 -3.20506e-09 1.00524e-09
3.91018e+06 0.00831822 -0.136136 1.52762e-15 4.16968e-19 24949.6 -496444 5.23505e-09 4.24298e-09
3.91672e+06 0.00834734 -0.136625 1.34175e-15 -3.95093e-19 25510.4 -496390 4.38376e-09 -4.02038e-09
3.92276e+06 0.00837621 -0.137105 4.05977e-16 1.27342e-19 26029 -496338 1.5134e-09 1.29581e-09
3.92636e+06 0.00840637 -0.137623 -8.64239e-16 4.33777e-19 26429.1 -496291 -2.34286e-09 4.41403e-09
3.92825e+06 0.00843553 -0.138138 -1.63859e-15 4.93289e-19 26707.5 -496251 -4.66389e-09 5.01961e-09
3.92974e+06 0.0084637 -0.138641 -1.95257e-15 4.09941e-19 26932.1 -496214 -5.59521e-09 4.17147e-09
3.93083e+06 0.00849105 -0.139134 -2.22357e-15 5.69685e-19 27117 -496180 -6.3992e-09 5.797e-09
3.93177e+06 0.00851807 -0.139625 -2.456e-15 6.08491e-19 27273.8 -496149 -7.11589e-09 6.19188e-09
3.93264e+06 0.00854481 -0.140113 -2.66469e-15 6.39032e-19 27422.3 -496118 -7.71615e-09 6.50266e-09
3.93349e+06 0.00857154 -0.140601 -2.85845e-15 6.90319e-19 27568.5 -496087 -8.30187e-09 7.02455e-09
3.93431e+06 0.00859818 -0.141088 -3.02602e-15 7.19246e-19 27711.5 -496057 -8.75661e-09 7.3189e-09
3.93512e+06 0.00862483 -0.141577 -3.18456e-15 7.88289e-19 27851.5 -496027 -9.23683e-09 8.02147e-09
3.93592e+06 0.00865146 -0.142065 -3.33369e-15 7.94127e-19 27991.2 -495997 -9.6552e-09 8.08087e-09
3.93672e+06 0.00867806 -0.142554 -3.47299e-15 8.3657e-19 28130.5 -495968 -1.00299e-08 8.51277e-09
3.93751e+06 0.00870458 -0.143043 -3.60648e-15 8.29588e-19 28267.9 -495939 -1.04083e-08 8.44172e-09
3.93829e+06 0.00873101 -0.14353 -3.7262e-15 8.09369e-19 28401.4 -495911 -1.07466e-08 8.23597e-09
3.93907e+06 0.00875726 -0.144015 -3.85194e-15 1.02392e-18 28532.8 -495883 -1.10849e-08 1.04192e-08
3.93982e+06 0.00878335 -0.144498 -3.95405e-15 1.02533e-18 28660.8 -495856 -1.13687e-08 1.04336e-08
3.94058e+06 0.00880936 -0.14498 -4.04791e-15 9.84155e-19 28786.9 -495829 -1.16233e-08 1.00146e-08
3.94132e+06 0.00883527 -0.14546 -4.14631e-15 1.03485e-18 28913.8 -495803 -1.19253e-08 1.05304e-08
3.94207e+06 0.00886112 -0.14594 -4.23787e-15 1.04091e-18 29039.9 -495777 -1.21472e-08 1.0592e-08
3.94281e+06 0.00888692 -0.14642 -4.33058e-15 1.10223e-18 29165.4 -495751 -1.24019e-08 1.12161e-08
3.94355e+06 0.00891272 -0.1469 -4.40986e-15 1.01341e-18 29291.1 -495725 -1.26201e-08 1.03122e-08
3.94428e+06 0.00893856 -0.147381 -4.48794e-15 9.3269e-19 29415.7 -495700 -1.28348e-08 9.49087e-09
3.94501e+06 0.00896442 -0.147863 -4.56939e-15 1.02745e-18 29539.4 -495675 -1.30603e-08 1.04551e-08
3.94573e+06 0.00899027 -0.148346 -4.65673e-15 9.97909e-19 29662.9 -495650 -1.32932e-08 1.01545e-08
3.94646e+06 0.0090161 -0.148828 -4.72358e-15 9.61508e-19 29786.2 -495626 -1.34132e-08 9.78411e-09
3.94718e+06 0.00904192 -0.149311 -4.79979e-15 8.97401e-19 29909.4 -495602 -1.3617e-08 9.13177e-09
3.94791e+06 0.00906773 -0.149794 -4.87745e-15 9.30832e-19 30032.3 -495578 -1.38753e-08 9.47196e-09
3.94863e+06 0.00909352 -0.150277 -4.95881e-15 1.00495e-18 30155.1 -495555 -1.41081e-08 1.02262e-08
3.94935e+06 0.00911929 -0.15076 -5.03914e-15 9.52983e-19 30277.7 -495532 -1.42973e-08 9.69736e-09
3.95008e+06 0.00914503 -0.151243 -5.11704e-15 9.57388e-19 30400 -495509 -1.45119e-08 9.74219e-09
3.9508e+06 0.00917075 -0.151726 -5.1922e-15 1.08381e-18 30522.1 -495486 -1.46974e-08 1.10287e-08
3.95151e+06 0.00919645 -0.152209 -5.26487e-15 9.31374e-19 30642.8 -495464 -1.48793e-08 9.47748e-09
3.95221e+06 0.00922208 -0.152691 -5.35258e-15 1.1081e-18 30760.7 -495443 -1.50976e-08 1.12758e-08
3.95289e+06 0.0092476 -0.153172 -5.41418e-15 1.10162e-18 30874.3 -495422 -1.52868e-08 1.12098e-08
3.95356e+06 0.00927304 -0.153652 -5.47783e-15 1.08744e-18 30988.7 -495401 -1.54687e-08 1.10655e-08
3.95422e+06 0.00929851 -0.154133 -5.55177e-15 1.12389e-18 31102.7 -495381 -1.56469e-08 1.14365e-08
3.95489e+06 0.00932394 -0.154613 -5.62062e-15 1.10864e-18 31216.5 -495361 -1.58361e-08 1.12813e-08
3.95555e+06 0.00934934 -0.155093 -5.69546e-15 1.17188e-18 31329 -495341 -1.59926e-08 1.19249e-08
3.9562e+06 0.00937466 -0.155572 -5.76969e-15 1.13448e-18 31439.2 -495322 -1.62181e-08 1.15442e-08
3.95685e+06 0.00939991 -0.15605 -5.84544e-15 1.21474e-18 31548.4 -495303 -1.63818e-08 1.23609e-08
3.95748e+06 0.00942511 -0.156528 -5.91613e-15 1.16955e-18 31656.2 -495285 -1.66146e-08 1.19011e-08
3.95811e+06 0.00945025 -0.157004 -5.99006e-15 1.19709e-18 31762.8 -495267 -1.67674e-08 1.21814e-08
3.92645e+06 0.00944426 -0.156893 -3.57682e-15 2.97317e-18 25603.1 -493095 4.00541e-08 3.02544e-08
3.9307e+06 0.00944124 -0.157037 -2.4082e-15 2.56845e-18 26025.6 -495027 3.41242e-08 2.61361e-08
3.92147e+06 0.00944878 -0.157741 -1.69139e-15 1.36108e-18 26021.4 -495521 9.94623e-09 1.38501e-08
3.92324e+06 0.00946909 -0.158163 -1.7708e-15 4.90231e-19 26275.2 -495514 -4.04179e-09 4.98849e-09
3.89264e+06 0.00948278 -0.158452 2.0219e-16 -1.10761e-18 26177.1 -495512 1.41517e-09 -1.12708e-08
3.89726e+06 0.00950288 -0.158813 7.46357e-16 -1.39126e-18 26461.5 -495489 2.9795e-09 -1.41571e-08
3.89952e+06 0.00952531 -0.159232 1.39653e-15 -3.72836e-19 26668.9 -495469 4.89672e-09 -3.7939e-09
3.90119e+06 0.00954772 -0.159653 1.58923e-15 -5.70308e-19 26864.1 -495450 5.48243e-09 -5.80334e-09
3.90284e+06 0.00957 -0.160072 1.90606e-15 -3.48501e-19 27052 -495432 6.41376e-09 -3.54627e-09
3.9044e+06 0.00959227 -0.160492 2.11537e-15 -3.21745e-19 27235.6 -495414 7.06495e-09 -3.27401e-09
3.90595e+06 0.00961443 -0.16091 2.6796e-15 -4.65146e-19 27414.5 -495397 8.62929e-09 -4.73324e-09
3.88572e+06 0.00961126 -0.160809 2.60838e-15 -5.95879e-19 25609.4 -493359 7.07223e-09 -6.06355e-09
3.89115e+06 0.0096132 -0.160897 2.00227e-15 -1.38998e-18 25916.3 -495155 -3.71438e-09 -1.41441e-08
3.89268e+06 0.00962343 -0.161292 -3.12426e-16 2.54469e-19 26061.2 -495457 -9.45874e-11 2.58943e-09
3.89345e+06 0.00964683 -0.161746 -6.00977e-16 4.65169e-20 26171.3 -495443 -9.34961e-10 4.73346e-10
3.89422e+06 0.00967016 -0.162199 -8.82844e-16 -1.90377e-21 26279 -495429 -1.73532e-09 -1.93724e-11
3.89497e+06 0.00969344 -0.162651 -1.14658e-15 2.5688e-20 26384.8 -495416 -2.49929e-09 2.61396e-10
3.89571e+06 0.00971659 -0.163101 -1.38352e-15 7.12652e-20 26487.4 -495403 -3.16504e-09 7.2518e-10
3.89642e+06 0.00973997 -0.163551 -1.56829e-15 2.30802e-20 26588.2 -495391 -4.14002e-09 2.34859e-10
3.89704e+06 0.00976362 -0.164006 -1.77971e-15 9.79909e-20 26679.1 -495379 -4.74392e-09 9.97136e-10
3.89767e+06 0.00978729 -0.164461 -1.96844e-15 1.39555e-19 26767.8 -495367 -5.24233e-09 1.42009e-09
3.89827e+06 0.00981088 -0.164916 -2.11799e-15 1.16994e-19 26855.8 -495356 -5.65706e-09 1.19051e-09
3.89886e+06 0.00983444 -0.165369 -2.25722e-15 1.72986e-19 26942.4 -495346 -6.07179e-09 1.76027e-09
3.89944e+06 0.00985802 -0.165824 -2.38382e-15 1.27653e-19 27027.3 -495336 -6.41012e-09 1.29897e-09
3.9e+06 0.00988156 -0.166278 -2.49948e-15 1.45306e-19 27111.5 -495326 -6.74117e-09 1.4786e-09
3.87057e+06 0.00920089 -0.170665 -1.92501e-15 1.1977e-18 26476.8 -470483 6.13363e-09 1.21876e-08
3.87372e+06 0.00916056 -0.171081 -1.26652e-15 1.10183e-18 26841.2 -471347 1.36824e-08 1.1212e-08
3.87527e+06 0.00912533 -0.171446 -1.03186e-15 9.01378e-19 26969.9 -472053 1.42209e-08 9.17224e-09
3.8575e+06 0.00905588 -0.172819 -3.00286e-16 2.13375e-18 24746.7 -472099 1.47011e-08 2.17126e-08
3.86052e+06 0.00903486 -0.173323 -2.31557e-16 8.32467e-19 25107.9 -472119 1.51485e-08 8.47102e-09
3.86175e+06 0.00901361 -0.173817 -4.29915e-16 5.97888e-19 25298.7 -472126 1.37625e-08 6.08399e-09
3.86275e+06 0.00899263 -0.174302 -6.20124e-16 7.09355e-19 25455.8 -472125 1.24419e-08 7.21825e-09
3.86362e+06 0.00897158 -0.174785 -8.11885e-16 7.476e-19 25596.8 -472121 1.1114e-08 7.60743e-09
3.86445e+06 0.00895041 -0.175268 -9.45638e-16 6.52361e-19 25731 -472114 1.00954e-08 6.63829e-09
3.86525e+06 0.00892915 -0.175751 -1.07957e-15 7.14935e-19 25862.7 -472104 9.20045e-09 7.27504e-09
3.86604e+06 0.00890785 -0.176234 -1.19568e-15 6.2944e-19 25991.8 -472091 8.36008e-09 6.40505e-09
3.8668e+06 0.00888653 -0.176716 -1.30382e-15 6.04067e-19 26112.8 -472076 7.60338e-09 6.14686e-09
3.86754e+06 0.00886517 -0.177196 -1.40159e-15 5.67089e-19 26230.2 -472059 6.90125e-09 5.77058e-09
3.86882e+06 0.0088633 -0.177597 -1.19484e-15 3.55678e-19 26354.2 -472521 3.55794e-09 3.61931e-09
3.87017e+06 0.00886405 -0.177985 -1.26016e-15 2.13083e-19 26478 -473045 2.80488e-09 2.16829e-09
3.87147e+06 0.0088648 -0.178371 -1.32298e-15 2.00052e-19 26599.9 -473566 2.10275e-09 2.03569e-09
3.85315e+06 0.00886234 -0.178289 -1.42546e-15 1.14255e-18 24800.9 -471972 -3.45608e-10 1.16263e-08
3.85807e+06 0.0088624 -0.178416 -1.28809e-15 -2e-19 25072.3 -473629 2.58296e-09 -2.03516e-09
3.8597e+06 0.00886325 -0.178796 -1.19453e-15 -4.95832e-19 25230.5 -474140 3.51793e-09 -5.04549e-09
3.86108e+06 0.0088641 -0.179177 -1.12264e-15 -4.67216e-19 25377.7 -474650 4.32919e-09 -4.7543e-09
3.86249e+06 0.00886493 -0.179553 -1.04028e-15 -4.84266e-19 25518 -475155 5.16593e-09 -4.92779e-09
3.86382e+06 0.00886589 -0.179927 -9.29646e-16 -6.34619e-19 25654.5 -475650 6.02085e-09 -6.45776e-09
3.8648e+06 0.00887105 -0.180323 -5.49759e-16 -8.58032e-19 25768.1 -475980 4.97312e-09 -8.73116e-09
3.86551e+06 0.00888241 -0.180756 -3.96119e-16 -8.73714e-19 25864.8 -476077 5.4788e-09 -8.89073e-09
3.86615e+06 0.00889414 -0.181192 -2.86513e-16 -9.46799e-19 25951.9 -476160 6.29007e-09 -9.63444e-09
3.86673e+06 0.00890583 -0.181626 -1.79206e-16 -1.03107e-18 26032.6 -476244 7.10861e-09 -1.04919e-08
3.86729e+06 0.0089175 -0.182061 -8.41846e-17 -9.98434e-19 26108.6 -476329 7.84348e-09 -1.01599e-08
3.86783e+06 0.00892917 -0.182496 1.46659e-17 -1.13947e-18 26182.3 -476413 8.54925e-09 -1.1595e-08
3.86835e+06 0.00894083 -0.182931 1.07142e-16 -1.19833e-18 26254.9 -476498 9.26229e-09 -1.2194e-08
3.86886e+06 0.00895247 -0.183365 2.13456e-16 -1.21218e-18 26326.3 -476583 1.0059e-08 -1.23349e-08
3.86934e+06 0.00896409 -0.183798 2.98578e-16 -1.20265e-18 26396.4 -476669 1.07029e-08 -1.2238e-08
3.86981e+06 0.00897574 -0.184233 3.24007e-16 -9.72118e-19 26463.7 -476755 1.08921e-08 -9.89207e-09
3.87025e+06 0.00898767 -0.184674 3.9876e-16 -9.88901e-19 26528.8 -476838 1.13941e-08 -1.00629e-08
3.87068e+06 0.00899962 -0.185115 4.74329e-16 -1.1038e-18 26592 -476921 1.19289e-08 -1.12321e-08
3.8711e+06 0.00901157 -0.185557 5.43965e-16 -1.04549e-18 26654 -477004 1.24674e-08 -1.06387e-08
3.8715e+06 0.00902354 -0.185999 6.16255e-16 -1.10121e-18 26714.9 -477087 1.2933e-08 -1.12057e-08
3.87189e+06 0.00903564 -0.186441 6.83161e-16 -1.17792e-18 26774.1 -477166 1.3406e-08 -1.19863e-08
3.87226e+06 0.00904774 -0.186884 7.45082e-16 -1.21082e-18 26832.2 -477247 1.39044e-08 -1.2321e-08
3.87262e+06 0.00905984 -0.187328 8.07678e-16 -1.20871e-18 26889.3 -477327 1.43336e-08 -1.22996e-08
3.87297e+06 0.00907195 -0.187772 8.67131e-16 -1.17291e-18 26945.2 -477408 1.48138e-08 -1.19353e-08
3.8733e+06 0.00908405 -0.188216 9.28733e-16 -1.31126e-18 27000.2 -477489 1.52431e-08 -1.33431e-08
3.81619e+06 0.0091294 -0.190204 9.76132e-16 3.53652e-18 23315.2 -477962 1.55014e-08 3.59869e-08
3.82043e+06 0.00914251 -0.190655 -1.24414e-15 9.13932e-19 23760.2 -478035 -9.82254e-10 9.29999e-09
3.8235e+06 0.00915415 -0.191064 -1.6242e-15 7.88485e-19 24059.1 -478104 -3.82715e-09 8.02346e-09
3.82589e+06 0.00916505 -0.191449 -1.51469e-15 4.66327e-19 24309.6 -478171 -2.95768e-09 4.74525e-09
3.82776e+06 0.00917619 -0.191848 -1.17766e-15 -6.01391e-19 24503.5 -478242 -4.83851e-10 -6.11963e-09
3.82911e+06 0.00918783 -0.192274 -1.0163e-15 -9.37188e-19 24610.9 -478320 7.09406e-10 -9.53663e-09
3.83033e+06 0.00919944 -0.1927 -9.57362e-16 -9.64664e-19 24706.8 -478399 1.16052e-09 -9.81622e-09
3.83158e+06 0.00921097 -0.193124 -9.05731e-16 -9.80464e-19 24802.6 -478477 1.53523e-09 -9.977e-09
3.83282e+06 0.00922248 -0.193547 -8.61196e-16 -9.86682e-19 24897.4 -478556 1.90266e-09 -1.00403e-08
3.83406e+06 0.00923397 -0.19397 -8.24635e-16 -9.47192e-19 24991.8 -478635 2.15732e-09 -9.63844e-09
3.83528e+06 0.00924539 -0.194391 -7.85631e-16 -1.10089e-18 25084.3 -478713 2.46291e-09 -1.12024e-08
3.83647e+06 0.00925673 -0.19481 -7.59255e-16 -1.0098e-18 25170.5 -478792 2.62662e-09 -1.02755e-08
3.83764e+06 0.00926802 -0.195228 -7.40322e-16 -1.05571e-18 25253.3 -478870 2.80488e-09 -1.07427e-08
3.83875e+06 0.00927927 -0.195645 -7.52543e-16 -1.00266e-18 25332.8 -478949 2.68483e-09 -1.02028e-08
3.8397e+06 0.00929056 -0.196065 -8.06652e-16 -9.86798e-19 25406.6 -479028 2.28829e-09 -1.00415e-08
3.84038e+06 0.00930197 -0.19649 -8.29427e-16 -9.99679e-19 25474.5 -479109 2.14277e-09 -1.01725e-08
3.84098e+06 0.00931336 -0.196916 -8.17207e-16 -9.72397e-19 25540.3 -479190 2.25191e-09 -9.89492e-09
3.84153e+06 0.00932471 -0.197341 -8.00438e-16 -9.98745e-19 25602.2 -479271 2.39743e-09 -1.0163e-08
3.84207e+06 0.00933601 -0.197765 -7.89133e-16 -9.12358e-19 25661.3 -479352 2.45927e-09 -9.28397e-09
3.8426e+06 0.00934728 -0.198189 -7.7286e-16 -1.05539e-18 25720 -479433 2.59024e-09 -1.07395e-08
3.84312e+06 0.00935864 -0.198612 -7.55513e-16 -1.08639e-18 25777.8 -479512 2.62298e-09 -1.10549e-08
3.84364e+06 0.00936998 -0.199035 -7.4563e-16 -9.97455e-19 25835.3 -479590 2.70302e-09 -1.01499e-08
3.84416e+06 0.00938129 -0.199458 -7.3772e-16 -1.04031e-18 25892 -479669 2.80124e-09 -1.0586e-08
3.84467e+06 0.00939257 -0.199881 -7.2889e-16 -1.01318e-18 25948.1 -479748 2.84126e-09 -1.03099e-08
3.84516e+06 0.00940393 -0.200303 -7.21911e-16 -1.1003e-18 26003.3 -479824 2.90311e-09 -1.11964e-08
3.84566e+06 0.00941525 -0.200725 -7.13671e-16 -1.0995e-18 26057.9 -479901 2.96131e-09 -1.11882e-08
3.84615e+06 0.00942654 -0.201147 -7.10725e-16 -1.11766e-18 26112 -479978 2.9795e-09 -1.13731e-08
3.84664e+06 0.00943778 -0.201568 -7.05571e-16 -1.15623e-18 26165.4 -480055 3.00861e-09 -1.17656e-08
3.84712e+06 0.00944899 -0.201988 -6.98713e-16 -1.13533e-18 26218 -480132 3.08501e-09 -1.15528e-08
3.84758e+06 0.00946013 -0.202408 -6.93644e-16 -1.17452e-18 26267.8 -480208 3.13594e-09 -1.19516e-08
3.84804e+06 0.00947122 -0.202826 -6.9198e-16 -1.1842e-18 26315.2 -480285 3.12139e-09 -1.20502e-08
3.84848e+06 0.00948225 -0.203243 -6.84535e-16 -1.26461e-18 26360.9 -480361 3.17596e-09 -1.28684e-08
3.84891e+06 0.0094932 -0.203659 -6.8566e-16 -1.2114e-18 26404.1 -480437 3.17959e-09 -1.2327e-08
3.84931e+06 0.00950408 -0.204074 -6.80618e-16 -1.21769e-18 26444.5 -480513 3.23416e-09 -1.2391e-08
3.8497e+06 0.0095149 -0.204487 -6.78754e-16 -1.17723e-18 26483.5 -480589 3.28873e-09 -1.19793e-08
3.85007e+06 0.00952564 -0.204899 -6.70738e-16 -1.36075e-18 26521.4 -480664 3.35058e-09 -1.38467e-08
3.85043e+06 0.00953632 -0.205309 -6.73608e-16 -1.26336e-18 26558.4 -480739 3.29965e-09 -1.28557e-08
3.61967e+06 0.00951937 -0.205077 -1.28739e-15 -3.83652e-18 4006.26 -476542 -8.8512e-09 -3.90396e-08
3.62889e+06 0.00952004 -0.205175 -1.14599e-15 -4.51569e-18 4559.99 -478344 -5.85351e-09 -4.59507e-08
3.63768e+06 0.00951186 -0.205342 -4.21441e-16 -3.85633e-18 5103.48 -479641 7.05768e-09 -3.92413e-08
3.64566e+06 0.00950075 -0.205541 -1.18279e-16 -3.69914e-18 5621.69 -480826 1.06447e-08 -3.76417e-08
3.65211e+06 0.00949959 -0.205851 1.19037e-16 -3.65028e-18 6085.37 -481344 9.48057e-09 -3.71445e-08
3.65765e+06 0.0095097 -0.20623 1.74012e-16 -4.17231e-18 6512.93 -481414 9.46966e-09 -4.24566e-08
3.66303e+06 0.00952017 -0.206612 1.70695e-16 -4.20119e-18 6936.7 -481475 9.37507e-09 -4.27505e-08
3.65914e+06 0.00953597 -0.207225 2.31173e-16 -3.0627e-18 7147.1 -481580 9.74615e-09 -3.11655e-08
3.66466e+06 0.00954635 -0.207601 2.58463e-16 -3.99255e-18 7568.65 -481637 9.97898e-09 -4.06274e-08
3.67013e+06 0.00955668 -0.207976 2.57368e-16 -4.02237e-18 7987.64 -481694 9.92804e-09 -4.09309e-08
3.67552e+06 0.00956691 -0.208349 2.46666e-16 -4.0006e-18 8394.43 -481750 9.87711e-09 -4.07093e-08
3.68088e+06 0.0095771 -0.208722 2.43817e-16 -4.06073e-18 8799.24 -481807 9.8189e-09 -4.13211e-08
3.68612e+06 0.00958728 -0.209095 2.45942e-16 -3.98384e-18 9204.89 -481863 9.85165e-09 -4.05387e-08
3.69097e+06 0.00959767 -0.20948 3.18177e-16 -3.20412e-18 9595.67 -481922 1.02918e-08 -3.26044e-08
3.69452e+06 0.00960885 -0.209906 4.27991e-16 -4.5024e-19 9927.81 -481990 1.09758e-08 -4.58155e-09
3.69736e+06 0.00962039 -0.210352 4.71382e-16 -5.76823e-19 10228.2 -482061 1.12741e-08 -5.86963e-09
3.61172e+06 0.0096126 -0.210329 -2.0321e-17 -6.34208e-20 1682.06 -481387 4.24916e-09 -6.45358e-10
3.61902e+06 0.00960439 -0.210574 -8.68278e-16 -4.18332e-19 2166.25 -482284 7.13044e-10 -4.25686e-09
3.6244e+06 0.00961413 -0.210954 -1.15277e-15 -1.02586e-18 2581.6 -482348 9.31323e-10 -1.0439e-08
3.6296e+06 0.00962418 -0.211335 -1.21206e-15 -9.826e-19 2985.15 -482404 5.63887e-10 -9.99874e-09
3.63477e+06 0.0096341 -0.211714 -1.2655e-15 -1.02469e-18 3380.37 -482460 2.32831e-10 -1.04271e-08
3.63928e+06 0.00964434 -0.21211 -1.7383e-15 -1.00505e-18 3756.08 -482519 -2.68847e-09 -1.02271e-08
3.64214e+06 0.00965551 -0.212558 -1.78639e-15 -1.3088e-18 4058.86 -482589 -2.90311e-09 -1.3318e-08
3.64483e+06 0.00966654 -0.213004 -1.70376e-15 -1.26808e-18 4350.47 -482657 -2.35741e-09 -1.29037e-08
3.64779e+06 0.00967717 -0.213435 -1.73579e-15 -1.22573e-18 4648.72 -482723 -2.5284e-09 -1.24728e-08
3.65021e+06 0.00968715 -0.213844 -1.73852e-15 -1.0547e-18 4903.24 -482786 -2.47383e-09 -1.07325e-08
3.65241e+06 0.00969676 -0.214244 -1.74866e-15 -1.30028e-18 5129.25 -482848 -2.47383e-09 -1.32314e-08
3.65446e+06 0.00970622 -0.214641 -1.76424e-15 -1.25325e-18 5345.99 -482909 -2.54295e-09 -1.27528e-08
3.65648e+06 0.00971561 -0.215038 -1.78328e-15 -1.26703e-18 5560.56 -482969 -2.59024e-09 -1.28931e-08
3.65849e+06 0.00972493 -0.215434 -1.79699e-15 -1.32161e-18 5772.93 -483029 -2.64117e-09 -1.34485e-08
3.66048e+06 0.00973415 -0.21583 -1.81156e-15 -1.37231e-18 5980.87 -483089 -2.663e-09 -1.39643e-08
3.66241e+06 0.00974324 -0.216224 -1.82602e-15 -1.42597e-18 6179.47 -483148 -2.68119e-09 -1.45103e-08
3.66426e+06 0.00975219 -0.216616 -1.83877e-15 -1.37843e-18 6367.7 -483207 -2.72848e-09 -1.40267e-08
3.66599e+06 0.009761 -0.217006 -1.84575e-15 -1.43664e-18 6544.57 -483265 -2.68847e-09 -1.4619e-08
3.66763e+06 0.00976965 -0.217394 -1.85411e-15 -1.41463e-18 6709.68 -483323 -2.69938e-09 -1.4395e-08
3.66912e+06 0.00977813 -0.21778 -1.85743e-15 -1.36502e-18 6859.34 -483380 -2.66664e-09 -1.38902e-08
3.67045e+06 0.00978642 -0.218162 -1.85951e-15 -1.41447e-18 6990.29 -483437 -2.63753e-09 -1.43934e-08
3.67165e+06 0.00979455 -0.218542 -1.86434e-15 -1.33352e-18 7109.13 -483493 -2.60479e-09 -1.35696e-08
3.67278e+06 0.00980256 -0.21892 -1.86124e-15 -1.33673e-18 7220.16 -483548 -2.51748e-09 -1.36023e-08
3.67386e+06 0.00981047 -0.219298 -1.86076e-15 -1.39403e-18 7326.14 -483602 -2.45927e-09 -1.41853e-08
3.67492e+06 0.00981832 -0.219676 -1.8611e-15 -1.38093e-18 7429.32 -483656 -2.40107e-09 -1.4052e-08
3.67594e+06 0.00982611 -0.220053 -1.86172e-15 -1.44792e-18 7529.32 -483709 -2.36832e-09 -1.47338e-08
3.67694e+06 0.00983389 -0.22043 -1.86946e-15 -1.36595e-18 7626 -483761 -2.37196e-09 -1.38997e-08
3.67791e+06 0.00984172 -0.220806 -1.86838e-15 -1.39081e-18 7720.8 -483811 -2.35377e-09 -1.41526e-08
3.67887e+06 0.00984971 -0.221183 -1.86599e-15 -1.39265e-18 7814.15 -483859 -2.37924e-09 -1.41713e-08
3.6798e+06 0.00985802 -0.22156 -1.86483e-15 -1.40389e-18 7905.62 -483905 -2.49565e-09 -1.42857e-08
3.68071e+06 0.00986688 -0.221938 -1.86573e-15 -1.43102e-18 7994.88 -483947 -2.65936e-09 -1.45618e-08
3.68158e+06 0.00987659 -0.222316 -1.85505e-15 -1.58824e-18 8081.94 -483983 -2.88856e-09 -1.61616e-08
3.66608e+06 0.00987442 -0.222237 -1.76708e-15 4.00489e-19 6391.76 -482469 -6.2937e-10 4.0753e-09
3.67128e+06 0.00987311 -0.222356 -1.35575e-15 -4.73761e-19 6682.98 -484001 1.30603e-09 -4.8209e-09
3.67221e+06 0.00987966 -0.222734 -7.65394e-16 -9.30662e-20 6773.93 -484062 3.17596e-09 -9.47023e-10
3.67288e+06 0.00988865 -0.223118 -5.05145e-17 -4.14911e-19 6853.37 -484101 1.45519e-10 -4.22205e-09
3.67357e+06 0.00990321 -0.223505 1.79176e-16 -1.74428e-19 6930.63 -484112 6.00267e-10 -1.77495e-09
3.67417e+06 0.00991771 -0.223892 4.13031e-16 -2.48561e-21 6999.77 -484123 1.05865e-09 -2.5293e-11
3.67475e+06 0.00993217 -0.224279 6.54251e-16 7.67439e-20 7065.73 -484134 1.54978e-09 7.80931e-10
3.66672e+06 0.00995411 -0.224958 1.38753e-15 -7.05582e-19 6734.6 -484170 2.97223e-09 -7.17986e-09
3.6676e+06 0.00996849 -0.22534 1.46957e-15 -1.35613e-18 6827.76 -484180 3.11411e-09 -1.37998e-08
3.66838e+06 0.00998277 -0.225725 1.51598e-15 -1.30824e-18 6901.81 -484192 3.17232e-09 -1.33124e-08
3.66891e+06 0.00999715 -0.226115 1.53412e-15 -1.26314e-18 6969.85 -484203 3.17232e-09 -1.28535e-08
3.66942e+06 0.0100115 -0.226504 1.54776e-15 -1.28523e-18 7035.29 -484215 3.19051e-09 -1.30783e-08
3.66992e+06 0.0100257 -0.226892 1.56246e-15 -1.25906e-18 7097.66 -484227 3.18323e-09 -1.28119e-08
3.67039e+06 0.0100398 -0.227279 1.57543e-15 -1.286e-18 7159.43 -484239 3.17596e-09 -1.30861e-08
3.67087e+06 0.0100539 -0.227667 1.58977e-15 -1.31037e-18 7220.51 -484251 3.17959e-09 -1.3334e-08
3.67134e+06 0.010068 -0.228054 1.60377e-15 -1.24335e-18 7280.94 -484263 3.19051e-09 -1.26521e-08
3.67181e+06 0.010082 -0.228441 1.61598e-15 -1.22752e-18 7340.89 -484276 3.17959e-09 -1.2491e-08
3.66302e+06 0.00992384 -0.230199 1.70411e-15 -4.47931e-19 7249.67 -475312 5.02041e-09 -4.55806e-09
3.66399e+06 0.0099234 -0.230532 1.72663e-15 -1.20114e-18 7309.79 -475755 5.12955e-09 -1.22225e-08
3.66452e+06 0.00993017 -0.230898 1.73585e-15 -1.13129e-18 7366.8 -475936 4.70027e-09 -1.15118e-08
3.66516e+06 0.00993922 -0.231271 1.71526e-15 -1.17322e-18 7431.17 -476029 4.50746e-09 -1.19384e-08
3.66568e+06 0.00994843 -0.231646 1.69454e-15 -1.24645e-18 7491.83 -476119 4.3583e-09 -1.26836e-08
3.6662e+06 0.00995768 -0.232021 1.67126e-15 -1.16378e-18 7552.22 -476206 4.14002e-09 -1.18424e-08
3.6667e+06 0.00996687 -0.232397 1.6554e-15 -1.26815e-18 7612.38 -476293 4.02724e-09 -1.29045e-08
3.6672e+06 0.00997601 -0.232772 1.6354e-15 -1.20031e-18 7672.23 -476379 3.91083e-09 -1.22141e-08
3.66768e+06 0.00998507 -0.233146 1.61838e-15 -1.22265e-18 7733.96 -476465 3.71438e-09 -1.24414e-08
3.66815e+06 0.00999407 -0.233519 1.60625e-15 -1.21274e-18 7795.18 -476550 3.60887e-09 -1.23406e-08
3.6686e+06 0.0100031 -0.233891 1.5932e-15 -1.21765e-18 7854.03 -476633 3.49246e-09 -1.23906e-08
3.66901e+06 0.0100121 -0.234262 1.58207e-15 -1.18723e-18 7909.87 -476714 3.40879e-09 -1.2081e-08
3.66939e+06 0.010021 -0.23463 1.57568e-15 -1.23361e-18 7961.87 -476795 3.3433e-09 -1.2553e-08
3.66975e+06 0.0100299 -0.234999 1.56644e-15 -1.20384e-18 8012.07 -476875 3.22325e-09 -1.225e-08
3.67009e+06 0.0100387 -0.235368 1.56026e-15 -1.18182e-18 8061.65 -476954 3.15049e-09 -1.2026e-08
3.67043e+06 0.0100475 -0.235736 1.55728e-15 -1.24036e-18 8111.4 -477033 3.1032e-09 -1.26216e-08
3.67076e+06 0.0100564 -0.236105 1.55282e-15 -1.21165e-18 8160.08 -477111 3.04135e-09 -1.23295e-08
3.67108e+06 0.0100653 -0.236473 1.54379e-15 -1.17579e-18 8207.75 -477187 2.95768e-09 -1.19646e-08
3.67138e+06 0.0100748 -0.236843 1.53673e-15 -1.18614e-18 8254.65 -477259 2.9504e-09 -1.20699e-08
3.67165e+06 0.0100854 -0.237213 1.52357e-15 -1.18448e-18 8298.63 -477320 2.94676e-09 -1.2053e-08
3.6719e+06 0.0100978 -0.237586 1.5113e-15 -1.18176e-18 8341.1 -477365 2.91038e-09 -1.20253e-08
3.67214e+06 0.0101116 -0.23796 1.50416e-15 -1.24496e-18 8381.44 -477400 2.93585e-09 -1.26685e-08
3.67236e+06 0.0101259 -0.238333 1.49344e-15 -1.11925e-18 8418.69 -477429 2.88128e-09 -1.13893e-08
3.59178e+06 0.0101191 -0.238304 1.05971e-15 -1.03106e-18 379.488 -476748 -2.81216e-09 -1.04918e-08
3.59778e+06 0.0101105 -0.238529 4.34308e-16 -1.01991e-18 727.304 -477622 -5.86806e-09 -1.03784e-08
3.602e+06 0.0101185 -0.238886 3.04825e-17 -1.4844e-18 1017.94 -477712 -4.58022e-09 -1.5105e-08
3.60602e+06 0.0101281 -0.239243 -5.37313e-16 -1.04022e-18 1317.06 -477772 -1.43336e-09 -1.0585e-08
3.60993e+06 0.010143 -0.239603 -7.4854e-16 -9.8335e-19 1594.12 -477791 -1.20417e-09 -1.00064e-08
3.61261e+06 0.0101591 -0.24 -1.27052e-15 -4.99745e-19 1821.98 -477813 -2.11367e-09 -5.0853e-09
3.61408e+06 0.0101755 -0.240413 -1.70537e-15 -1.08353e-18 1993.35 -477840 -2.85218e-09 -1.10258e-08
3.61526e+06 0.0101912 -0.240809 -1.76124e-15 -1.18362e-18 2139.81 -477866 -2.9504e-09 -1.20443e-08
3.61643e+06 0.0102069 -0.241205 -1.81895e-15 -1.19968e-18 2284.81 -477892 -3.01588e-09 -1.22077e-08
3.6176e+06 0.0102225 -0.241601 -1.8753e-15 -1.13658e-18 2428.3 -477918 -3.09228e-09 -1.15656e-08
3.61874e+06 0.010238 -0.241995 -1.9188e-15 -1.09406e-18 2567.64 -477944 -3.14321e-09 -1.1133e-08
3.61984e+06 0.0102535 -0.242388 -1.95544e-15 -1.12845e-18 2702.13 -477970 -3.20506e-09 -1.14828e-08
3.62085e+06 0.0102688 -0.242778 -1.98735e-15 -1.08298e-18 2826.3 -477997 -3.21597e-09 -1.10202e-08
3.62176e+06 0.010284 -0.243167 -2.01672e-15 -1.09392e-18 2936.24 -478024 -3.26327e-09 -1.11315e-08
3.62256e+06 0.0102989 -0.243553 -2.03131e-15 -1.08022e-18 3033.91 -478052 -3.24872e-09 -1.09921e-08
3.62323e+06 0.0103137 -0.243935 -2.04201e-15 -1.01887e-18 3117.41 -478079 -3.24872e-09 -1.03678e-08
3.6238e+06 0.0103284 -0.244316 -2.05078e-15 -9.84372e-19 3190.49 -478107 -3.25599e-09 -1.00168e-08
3.62432e+06 0.010343 -0.244696 -2.05403e-15 -1.02826e-18 3258.19 -478136 -3.2378e-09 -1.04634e-08
3.6248e+06 0.0103575 -0.245075 -2.05911e-15 -1.02009e-18 3321.69 -478164 -3.21234e-09 -1.03802e-08
3.62523e+06 0.0103719 -0.245453 -2.06382e-15 -1.00964e-18 3381.14 -478192 -3.19778e-09 -1.02739e-08
3.62563e+06 0.0103863 -0.24583 -2.06673e-15 -9.72754e-19 3438.1 -478221 -3.17959e-09 -9.89855e-09
3.62602e+06 0.0104006 -0.246207 -2.07121e-15 -1.04035e-18 3493.48 -478250 -3.13958e-09 -1.05864e-08
3.62638e+06 0.010415 -0.246583 -2.07801e-15 -9.08015e-19 3546.71 -478278 -3.1614e-09 -9.23978e-09
3.62672e+06 0.0104292 -0.246959 -2.07336e-15 -9.77999e-19 3598.18 -478307 -3.12866e-09 -9.95192e-09
3.62705e+06 0.0104435 -0.247335 -2.07259e-15 -9.72723e-19 3647.89 -478336 -3.09956e-09 -9.89823e-09
3.62736e+06 0.0104577 -0.24771 -2.07653e-15 -9.16012e-19 3696 -478365 -3.07045e-09 -9.32116e-09
3.62765e+06 0.0104718 -0.248085 -2.07708e-15 -9.03514e-19 3742.44 -478394 -3.03407e-09 -9.19398e-09
3.62794e+06 0.010486 -0.24846 -2.07503e-15 -9.37637e-19 3787.45 -478423 -3.02316e-09 -9.54121e-09
3.62821e+06 0.0105001 -0.248834 -2.06834e-15 -9.56251e-19 3831.74 -478452 -3.00497e-09 -9.73062e-09
3.62847e+06 0.0105142 -0.249209 -2.07018e-15 -9.50546e-19 3875.31 -478482 -2.98678e-09 -9.67257e-09
3.62873e+06 0.0105283 -0.249583 -2.06805e-15 -9.47593e-19 3918.3 -478511 -2.93585e-09 -9.64252e-09
3.62899e+06 0.0105423 -0.249957 -2.06613e-15 -9.0588e-19 3960.59 -478541 -2.89947e-09 -9.21805e-09
3.62923e+06 0.0105563 -0.250331 -2.06782e-15 -9.1429e-19 4002.18 -478570 -2.91402e-09 -9.30363e-09
3.62947e+06 0.0105703 -0.250705 -2.06576e-15 -8.7461e-19 4042.94 -478599 -2.86309e-09 -8.89986e-09
3.6297e+06 0.0105843 -0.251079 -2.05865e-15 -8.56665e-19 4082.6 -478629 -2.86673e-09 -8.71725e-09
3.62992e+06 0.0105983 -0.251452 -2.0573e-15 -8.23346e-19 4121.12 -478659 -2.81943e-09 -8.3782e-09
3.63016e+06 0.0106122 -0.251826 -2.05305e-15 -8.49731e-19 4160.74 -478688 -2.80124e-09 -8.64669e-09
3.63038e+06 0.0106261 -0.252199 -2.05712e-15 -8.29513e-19 4199.64 -478718 -2.77578e-09 -8.44096e-09
3.6306e+06 0.01064 -0.252572 -2.04859e-15 -8.52104e-19 4237.12 -478748 -2.76486e-09 -8.67084e-09
3.63082e+06 0.0106538 -0.252944 -2.05569e-15 -8.19532e-19 4274.73 -478778 -2.72848e-09 -8.3394e-09
3.63104e+06 0.0106677 -0.253317 -2.05064e-15 -8.24688e-19 4311.82 -478807 -2.67755e-09 -8.39186e-09
3.63123e+06 0.0106815 -0.253689 -2.04781e-15 -7.93033e-19 4347 -478837 -2.65209e-09 -8.06974e-09
3.63142e+06 0.0106952 -0.254062 -2.05147e-15 -7.93739e-19 4380.6 -478867 -2.63026e-09 -8.07693e-09
3.63161e+06 0.010709 -0.254434 -2.05059e-15 -7.75799e-19 4414.17 -478898 -2.61934e-09 -7.89437e-09
3.63177e+06 0.0107227 -0.254805 -2.04538e-15 -8.48231e-19 4445.74 -478928 -2.59388e-09 -8.63143e-09
3.63192e+06 0.0107363 -0.255176 -2.04563e-15 -8.22739e-19 4475.06 -478958 -2.57205e-09 -8.37202e-09
3.63205e+06 0.0107499 -0.255547 -2.04729e-15 -7.50374e-19 4502.16 -478988 -2.55386e-09 -7.63565e-09
3.63218e+06 0.0107635 -0.255917 -2.04457e-15 -8.00449e-19 4528.78 -479019 -2.54295e-09 -8.14521e-09
3.63229e+06 0.0107771 -0.256287 -2.04661e-15 -7.40483e-19 4553 -479049 -2.48838e-09 -7.53501e-09
3.63237e+06 0.0107906 -0.256657 -2.039e-15 -8.17622e-19 4575.24 -479079 -2.46655e-09 -8.31996e-09
3.63244e+06 0.010804 -0.257026 -2.04905e-15 -7.19956e-19 4595.37 -479110 -2.44472e-09 -7.32613e-09
3.63251e+06 0.0108174 -0.257395 -2.03867e-15 -8.72708e-19 4615.15 -479141 -2.41562e-09 -8.8805e-09
3.63256e+06 0.0108308 -0.257763 -2.04121e-15 -8.28177e-19 4633.64 -479171 -2.42653e-09 -8.42736e-09
3.63261e+06 0.0108442 -0.258132 -2.04348e-15 -7.38565e-19 4650.82 -479202 -2.37924e-09 -7.51549e-09
3.63263e+06 0.0108575 -0.2585 -2.03876e-15 -7.61857e-19 4666.56 -479233 -2.33558e-09 -7.7525e-09
3.63266e+06 0.0108708 -0.258868 -2.03249e-15 -7.97341e-19 4681.63 -479264 -2.32831e-09 -8.11359e-09
3.63268e+06 0.0108841 -0.259236 -2.03484e-15 -7.65539e-19 4696.63 -479294 -2.2992e-09 -7.78997e-09
3.6327e+06 0.0108973 -0.259604 -2.02913e-15 -7.89301e-19 4710.7 -479325 -2.27737e-09 -8.03177e-09
3.6327e+06 0.0109105 -0.259971 -2.02833e-15 -7.87274e-19 4723.81 -479356 -2.26282e-09 -8.01114e-09
3.6327e+06 0.0109237 -0.260339 -2.02752e-15 -8.1172e-19 4736.56 -479387 -2.24099e-09 -8.2599e-09
3.63271e+06 0.0109369 -0.260706 -2.03013e-15 -7.23248e-19 4749.78 -479418 -2.22644e-09 -7.35963e-09
3.6327e+06 0.01095 -0.261074 -2.03081e-15 -7.47751e-19 4762.35 -479450 -2.17915e-09 -7.60897e-09
3.63269e+06 0.0109632 -0.261441 -2.02445e-15 -8.20515e-19 4774.17 -479481 -2.15368e-09 -8.3494e-09
3.63268e+06 0.0109763 -0.261808 -2.03098e-15 -7.27499e-19 4785.92 -479512 -2.15732e-09 -7.40289e-09
3.63268e+06 0.0109894 -0.262175 -2.03038e-15 -7.62122e-19 4798.08 -479543 -2.14641e-09 -7.7552e-09
3.63265e+06 0.0110024 -0.262541 -2.022e-15 -7.71031e-19 4810.47 -479574 -2.09911e-09 -7.84586e-09
3.63265e+06 0.0110155 -0.262909 -2.02026e-15 -7.74728e-19 4822.59 -479605 -2.09911e-09 -7.88348e-09
3.63264e+06 0.0110285 -0.263276 -2.01517e-15 -7.96703e-19 4835.52 -479637 -2.04091e-09 -8.10709e-09
3.63263e+06 0.0110415 -0.263643 -2.01165e-15 -7.65844e-19 4849.16 -479668 -2.01544e-09 -7.79308e-09
3.63262e+06 0.0110544 -0.264009 -2.01041e-15 -7.4624e-19 4862.2 -479699 -1.98634e-09 -7.59359e-09
3.6326e+06 0.0110674 -0.264376 -2.00673e-15 -7.52531e-19 4874.29 -479730 -1.96815e-09 -7.6576e-09
3.63259e+06 0.0110803 -0.264742 -2.00751e-15 -7.26251e-19 4887.04 -479761 -1.93904e-09 -7.39018e-09
3.63258e+06 0.0110932 -0.265108 -2.01097e-15 -7.41161e-19 4900.04 -479793 -1.92449e-09 -7.54191e-09
3.63257e+06 0.011106 -0.265473 -2.01082e-15 -7.55097e-19 4912.82 -479824 -1.92449e-09 -7.68372e-09
3.63254e+06 0.0111189 -0.265838 -2.01075e-15 -7.39377e-19 4924.9 -479855 -1.88811e-09 -7.52375e-09
3.63252e+06 0.0111316 -0.266203 -2.0121e-15 -7.51618e-19 4937.11 -479887 -1.88811e-09 -7.64831e-09
3.6325e+06 0.0111444 -0.266567 -2.00924e-15 -8.11315e-19 4948.94 -479918 -1.84082e-09 -8.25578e-09
3.63247e+06 0.0111571 -0.266931 -2.01207e-15 -7.5022e-19 4959.98 -479949 -1.8299e-09 -7.63409e-09
3.63243e+06 0.0111697 -0.267295 -2.01622e-15 -7.32659e-19 4970.35 -479980 -1.83354e-09 -7.45539e-09
3.63238e+06 0.0111824 -0.267657 -2.01454e-15 -7.53578e-19 4979.88 -480012 -1.7717e-09 -7.66826e-09
3.63233e+06 0.0111949 -0.268019 -2.01546e-15 -7.48057e-19 4988.88 -480043 -1.76078e-09 -7.61208e-09
3.63226e+06 0.0112074 -0.26838 -2.01909e-15 -7.20488e-19 4996.55 -480074 -1.76078e-09 -7.33154e-09
3.63219e+06 0.0112199 -0.268741 -2.02517e-15 -6.66118e-19 5002.94 -480105 -1.75351e-09 -6.77828e-09
3.6321e+06 0.0112323 -0.269101 -2.026e-15 -6.49888e-19 5008.64 -480137 -1.69894e-09 -6.61313e-09
3.63201e+06 0.0112446 -0.26946 -2.02206e-15 -7.02647e-19 5013.29 -480168 -1.69894e-09 -7.14999e-09
3.63191e+06 0.011257 -0.269819 -2.02275e-15 -7.22876e-19 5016.99 -480199 -1.68438e-09 -7.35584e-09
3.6318e+06 0.0112692 -0.270177 -2.02481e-15 -6.59665e-19 5019.89 -480231 -1.64437e-09 -6.71262e-09
3.63168e+06 0.0112815 -0.270535 -2.02052e-15 -7.592e-19 5021.82 -480262 -1.64073e-09 -7.72547e-09
3.63156e+06 0.0112936 -0.270892 -2.02461e-15 -7.72095e-19 5023.32 -480293 -1.62981e-09 -7.85668e-09
3.63144e+06 0.0113058 -0.27125 -2.03159e-15 -6.52794e-19 5024.78 -480324 -1.57161e-09 -6.6427e-09
3.63131e+06 0.0113179 -0.271607 -2.03354e-15 -6.7124e-19 5025.83 -480356 -1.57524e-09 -6.8304e-09
3.63119e+06 0.0113301 -0.271964 -2.02835e-15 -7.25812e-19 5026.51 -480387 -1.54978e-09 -7.38572e-09
3.63106e+06 0.0113421 -0.272321 -2.03276e-15 -7.16432e-19 5026.88 -480419 -1.50612e-09 -7.29027e-09
3.63092e+06 0.0113542 -0.272678 -2.03585e-15 -6.83893e-19 5026.99 -480450 -1.54978e-09 -6.95916e-09
3.63079e+06 0.0113662 -0.273035 -2.03594e-15 -7.42309e-19 5027.27 -480481 -1.49885e-09 -7.55358e-09
3.63066e+06 0.0113782 -0.273391 -2.03671e-15 -7.40981e-19 5027.33 -480513 -1.49521e-09 -7.54007e-09
3.63052e+06 0.0113901 -0.273748 -2.04179e-15 -7.01331e-19 5027.14 -480544 -1.46611e-09 -7.1366e-09
3.63038e+06 0.0114021 -0.274104 -2.04559e-15 -6.86089e-19 5026.71 -480576 -1.43336e-09 -6.9815e-09
3.63024e+06 0.011414 -0.274461 -2.04968e-15 -6.90894e-19 5026.04 -480607 -1.44428e-09 -7.0304e-09
3.6301e+06 0.0114259 -0.274817 -2.04785e-15 -7.16905e-19 5025.46 -480638 -1.41517e-09 -7.29508e-09
3.62996e+06 0.0114377 -0.275173 -2.05081e-15 -7.01026e-19 5024.86 -480670 -1.39335e-09 -7.1335e-09
3.62982e+06 0.0114495 -0.275529 -2.05356e-15 -6.874e-19 5024.04 -480701 -1.37516e-09 -6.99484e-09
3.62967e+06 0.0114613 -0.275885 -2.05493e-15 -6.99847e-19 5023.02 -480733 -1.33878e-09 -7.12151e-09
3.62953e+06 0.0114731 -0.276241 -2.05807e-15 -6.76421e-19 5021.84 -480764 -1.33878e-09 -6.88312e-09
3.62938e+06 0.0114848 -0.276597 -2.06154e-15 -6.59495e-19 5020.5 -480796 -1.32059e-09 -6.71089e-09
3.62924e+06 0.0114965 -0.276953 -2.06578e-15 -6.59602e-19 5019.42 -480827 -1.29876e-09 -6.71198e-09
3.62909e+06 0.0115084 -0.277309 -2.06696e-15 -6.89384e-19 5018.07 -480859 -1.28057e-09 -7.01503e-09
3.62894e+06 0.0115203 -0.277664 -2.06652e-15 -7.41581e-19 5016.69 -480890 -1.27693e-09 -7.54618e-09
3.5885e+06 0.0115625 -0.279141 8.07479e-16 -1.93946e-18 4152.08 -481047 8.69477e-10 -1.97356e-08
3.57337e+06 0.01156 -0.279096 9.3013e-16 -2.191e-18 938.465 -480225 3.45972e-09 -2.22952e-08
3.57767e+06 0.0115561 -0.279378 1.08e-15 -2.14007e-18 1325.47 -481126 1.84809e-09 -2.17769e-08
3.58046e+06 0.0115632 -0.279775 1.32337e-15 -2.52834e-18 1619.3 -481184 1.31331e-09 -2.57278e-08
3.58182e+06 0.0115756 -0.280125 1.6052e-15 -2.7345e-18 1781.93 -481210 1.27329e-09 -2.78257e-08
3.58303e+06 0.011588 -0.28047 1.71224e-15 -3.01216e-18 1926.07 -481235 1.31695e-09 -3.06511e-08
3.56557e+06 0.0115966 -0.280803 5.24951e-16 -1.4704e-18 1667.06 -481272 5.34783e-10 -1.49625e-08
3.56823e+06 0.0116082 -0.281135 -2.3699e-15 -8.24999e-19 1770.95 -481298 -1.35333e-09 -8.39502e-09
3.56954e+06 0.0116198 -0.28148 -2.42413e-15 -1.0206e-18 1831.49 -481326 -1.34969e-09 -1.03854e-08
3.57069e+06 0.0116313 -0.281823 -2.48529e-15 -9.8762e-19 1885.41 -481354 -1.38607e-09 -1.00498e-08
3.57181e+06 0.0116427 -0.282166 -2.54771e-15 -9.47501e-19 1937.31 -481382 -1.41154e-09 -9.64158e-09
3.57286e+06 0.011654 -0.282507 -2.60692e-15 -9.4215e-19 1984.2 -481410 -1.44428e-09 -9.58713e-09
3.57371e+06 0.0116651 -0.282845 -2.66436e-15 -9.5455e-19 2018.92 -481439 -1.40062e-09 -9.71331e-09
3.57441e+06 0.011676 -0.283181 -2.72357e-15 -8.49307e-19 2040.08 -481467 -1.46247e-09 -8.64238e-09
3.57504e+06 0.0116867 -0.283514 -2.77538e-15 -8.37765e-19 2059.18 -481496 -1.48793e-09 -8.52493e-09
3.57562e+06 0.0116975 -0.283847 -2.82733e-15 -8.17615e-19 2076.57 -481524 -1.46247e-09 -8.31988e-09
3.5762e+06 0.0117081 -0.284179 -2.87775e-15 -8.21087e-19 2093.39 -481552 -1.5134e-09 -8.35522e-09
3.57674e+06 0.0117187 -0.284512 -2.92765e-15 -8.23459e-19 2108.64 -481581 -1.49521e-09 -8.37936e-09
3.57726e+06 0.0117293 -0.284844 -2.97924e-15 -7.77466e-19 2122.5 -481609 -1.52431e-09 -7.91134e-09
3.52379e+06 0.01172 -0.284878 -1.364e-15 -4.89581e-19 -3281.14 -481327 1.76333e-08 -4.98188e-09
3.5289e+06 0.0117144 -0.285151 -3.79588e-16 -9.98822e-19 -2990.9 -481721 8.65475e-09 -1.01638e-08
3.53312e+06 0.0117195 -0.285487 -4.38626e-16 -1.57126e-18 -2724.13 -481768 8.37099e-09 -1.59888e-08
3.53658e+06 0.0117242 -0.285795 -4.07951e-16 -1.09615e-18 -2510.03 -481810 8.46921e-09 -1.11542e-08
3.53824e+06 0.0117294 -0.286137 4.23191e-16 -1.44224e-18 -2369.95 -481857 6.06451e-09 -1.46759e-08
3.53956e+06 0.0117403 -0.286493 1.25677e-15 -2.07335e-18 -2246.43 -481886 9.34961e-10 -2.1098e-08
3.54082e+06 0.0117519 -0.28685 1.43694e-15 -2.0042e-18 -2132.83 -481914 1.02955e-09 -2.03944e-08
3.54185e+06 0.0117637 -0.287217 1.57771e-15 -2.01923e-18 -2025.67 -481943 1.1205e-09 -2.05473e-08
3.5428e+06 0.0117757 -0.287583 1.68116e-15 -1.96929e-18 -1924.22 -481971 1.03682e-09 -2.00391e-08
3.5435e+06 0.0117873 -0.287946 1.77021e-15 -1.97772e-18 -1847.91 -482000 1.08048e-09 -2.01248e-08
3.52547e+06 0.0117848 -0.287849 1.79774e-15 -1.61539e-18 -3820.14 -480169 1.97542e-09 -1.64379e-08
3.53002e+06 0.0117859 -0.28793 1.645e-15 -1.88612e-18 -3617.64 -481704 -6.43922e-10 -1.91928e-08
3.5312e+06 0.0117842 -0.288239 1.20506e-15 -1.90003e-18 -3548.56 -482061 -1.17143e-09 -1.93343e-08
3.53188e+06 0.0117907 -0.288605 8.26357e-16 -1.90688e-18 -3485.03 -482105 5.05679e-10 -1.9404e-08
3.53249e+06 0.0118018 -0.288974 6.64302e-16 -1.92103e-18 -3427.52 -482136 4.43833e-10 -1.9548e-08
3.53304e+06 0.0118132 -0.289342 5.05526e-16 -1.91947e-18 -3365.68 -482165 4.03816e-10 -1.95322e-08
3.53363e+06 0.0118246 -0.289712 3.62206e-16 -1.90046e-18 -3304.41 -482195 3.34694e-10 -1.93386e-08
3.53405e+06 0.0118356 -0.290073 2.317e-16 -1.91859e-18 -3249.62 -482225 2.61934e-10 -1.95232e-08
3.5344e+06 0.0118464 -0.29043 1.08837e-16 -1.84432e-18 -3204.83 -482254 2.03727e-10 -1.87674e-08
3.53474e+06 0.0118571 -0.290786 -1.65699e-18 -1.83887e-18 -3161.05 -482283 1.56433e-10 -1.8712e-08
3.53506e+06 0.0118677 -0.291141 -1.06352e-16 -1.93956e-18 -3117.81 -482312 1.30967e-10 -1.97366e-08
3.53538e+06 0.0118783 -0.291496 -2.12649e-16 -1.7849e-18 -3076.08 -482342 8.73115e-11 -1.81628e-08
3.53568e+06 0.0118889 -0.291852 -3.1369e-16 -1.79492e-18 -3037.39 -482371 5.82077e-11 -1.82648e-08
3.53594e+06 0.0118993 -0.292207 -4.04458e-16 -1.79269e-18 -3003.25 -482400 2.91038e-11 -1.8242e-08
3.53618e+06 0.0119096 -0.292561 -4.96233e-16 -1.82615e-18 -2976.39 -482430 1.81899e-11 -1.85826e-08
3.53639e+06 0.0119198 -0.292915 -5.90381e-16 -1.77765e-18 -2952.33 -482459 -3.27418e-11 -1.8089e-08
3.53659e+06 0.0119299 -0.293268 -6.83435e-16 -1.73618e-18 -2929.77 -482489 -4.36557e-11 -1.7667e-08
3.53675e+06 0.0119399 -0.29362 -7.65068e-16 -1.72668e-18 -2911.3 -482519 -7.27596e-11 -1.75703e-08
3.53689e+06 0.0119498 -0.293971 -8.51692e-16 -1.74636e-18 -2895.01 -482548 -8.36735e-11 -1.77706e-08
3.53704e+06 0.0119597 -0.294323 -9.36122e-16 -1.74521e-18 -2878.18 -482578 -1.12777e-10 -1.77589e-08
3.53717e+06 0.0119695 -0.294674 -1.01812e-15 -1.7322e-18 -2862.09 -482607 -1.27329e-10 -1.76266e-08
3.53731e+06 0.0119792 -0.295025 -1.1025e-15 -1.67268e-18 -2846.31 -482637 -1.38243e-10 -1.70209e-08
3.53743e+06 0.0119889 -0.295376 -1.18067e-15 -1.68061e-18 -2831.24 -482666 -1.89175e-10 -1.71015e-08
3.53756e+06 0.0119985 -0.295727 -1.26129e-15 -1.66008e-18 -2817.12 -482696 -1.89175e-10 -1.68926e-08
3.53767e+06 0.0120081 -0.296077 -1.34402e-15 -1.60517e-18 -2804.29 -482725 -1.89175e-10 -1.63339e-08
3.53777e+06 0.0120176 -0.296427 -1.42176e-15 -1.62551e-18 -2793.37 -482755 -2.25555e-10 -1.65409e-08
3.53786e+06 0.012027 -0.296777 -1.50354e-15 -1.54467e-18 -2784.29 -482784 -2.14641e-10 -1.57182e-08
3.53793e+06 0.0120363 -0.297126 -1.5758e-15 -1.60068e-18 -2776.95 -482814 -2.14641e-10 -1.62882e-08
3.53799e+06 0.0120455 -0.297475 -1.6544e-15 -1.55103e-18 -2771.44 -482843 -2.21917e-10 -1.57829e-08
3.53804e+06 0.0120546 -0.297823 -1.72794e-15 -1.49806e-18 -2767.22 -482873 -2.40107e-10 -1.52439e-08
3.53809e+06 0.0120636 -0.298171 -1.80214e-15 -1.50814e-18 -2763.97 -482902 -2.65572e-10 -1.53465e-08
3.53812e+06 0.0120726 -0.298519 -1.87344e-15 -1.50636e-18 -2761.31 -482932 -2.61934e-10 -1.53285e-08
3.40477e+06 0.0120575 -0.29782 -8.44139e-16 6.915e-19 -12816.8 -469744 2.37196e-08 7.03657e-09
3.4091e+06 0.0120584 -0.297888 -1.13883e-15 -1.06397e-18 -12650.2 -471026 1.68257e-08 -1.08267e-08
3.41337e+06 0.0120594 -0.297955 -1.67824e-15 -1.15185e-18 -12487.9 -472303 4.36557e-09 -1.1721e-08
3.41683e+06 0.0120603 -0.298016 -1.96889e-15 -6.9365e-19 -12433.2 -473470 -2.47746e-09 -7.05844e-09
3.41939e+06 0.012061 -0.298075 -1.95871e-15 -1.05971e-18 -12428.8 -474598 -2.33194e-09 -1.07834e-08
3.42193e+06 0.0120618 -0.298134 -1.97014e-15 -1.09983e-18 -12425.7 -475723 -2.47019e-09 -1.11917e-08
3.42444e+06 0.0120626 -0.298193 -1.99629e-15 -1.13817e-18 -12423.6 -476845 -3.18323e-09 -1.15818e-08
3.42694e+06 0.0120634 -0.298251 -2.01314e-15 -1.24043e-18 -12422.4 -477965 -3.50337e-09 -1.26223e-08
3.42942e+06 0.0120641 -0.29831 -2.04112e-15 -1.22503e-18 -12421.9 -479082 -4.28918e-09 -1.24656e-08
3.43189e+06 0.0120648 -0.298369 -2.09191e-15 -1.26338e-18 -12421.9 -480193 -4.39468e-09 -1.28559e-08
3.43432e+06 0.0120645 -0.298433 -2.15332e-15 -1.35175e-18 -12422.1 -481272 -4.27826e-09 -1.37551e-08
3.43657e+06 0.0120595 -0.298531 -2.24772e-15 -1.25278e-18 -12402.7 -482126 -4.13638e-09 -1.27481e-08
3.43825e+06 0.0120479 -0.298693 -2.33016e-15 -1.12965e-18 -12435.7 -482638 -4.00905e-09 -1.14951e-08
3.43961e+06 0.0120395 -0.298893 -2.44414e-15 -1.10404e-18 -12450.4 -482952 -3.61979e-09 -1.12345e-08
3.44045e+06 0.0120365 -0.299135 -2.60869e-15 -1.04699e-18 -12471.5 -483073 -2.85218e-09 -1.06539e-08
3.44096e+06 0.012038 -0.299406 -2.73153e-15 -9.5237e-19 -12496.3 -483109 -3.08137e-09 -9.69112e-09
3.44047e+06 0.01204 -0.299721 -2.76639e-15 -9.3537e-19 -12540.7 -483144 -3.14321e-09 -9.51813e-09
3.43994e+06 0.012042 -0.300039 -2.79272e-15 -8.4418e-19 -12585.8 -483179 -3.21597e-09 -8.59021e-09
3.43946e+06 0.0120438 -0.300355 -2.81789e-15 -8.30658e-19 -12630.2 -483212 -3.20142e-09 -8.45261e-09
3.43897e+06 0.0120457 -0.300671 -2.85242e-15 -8.31769e-19 -12674.6 -483245 -3.3142e-09 -8.46391e-09
3.43848e+06 0.0120476 -0.300987 -2.88916e-15 -8.61943e-19 -12719.1 -483277 -3.40151e-09 -8.77096e-09
3.41186e+06 0.0120446 -0.300829 -2.17755e-15 -6.69747e-19 -14232.3 -480287 1.3184e-08 -6.81521e-09
3.41515e+06 0.0120454 -0.300891 -1.94144e-15 -7.86994e-19 -14202.7 -481459 1.87028e-08 -8.00829e-09
3.41734e+06 0.0120463 -0.300959 -1.70486e-15 1.63111e-19 -14188.8 -482761 2.27083e-08 1.65978e-09
3.4179e+06 0.0120421 -0.301187 1.03589e-15 -1.07446e-18 -14201.3 -483306 1.00372e-08 -1.09335e-08
3.41758e+06 0.0120439 -0.301513 1.26616e-15 -1.05135e-18 -14229.5 -483338 1.06811e-08 -1.06983e-08
3.41726e+06 0.0120456 -0.301839 1.45466e-15 -1.07515e-18 -14257.6 -483370 1.12486e-08 -1.09405e-08
3.41692e+06 0.0120473 -0.302164 1.62629e-15 -1.11433e-18 -14286.5 -483400 1.18562e-08 -1.13392e-08
3.41658e+06 0.0120488 -0.302489 1.77813e-15 -1.13674e-18 -14316 -483430 1.23146e-08 -1.15672e-08
3.41625e+06 0.0120503 -0.302814 1.91254e-15 -1.12732e-18 -14345.5 -483460 1.27293e-08 -1.14714e-08
3.41591e+06 0.0120517 -0.303139 2.03055e-15 -1.10735e-18 -14375.1 -483489 1.3104e-08 -1.12682e-08
3.41556e+06 0.0120531 -0.303464 2.13465e-15 -1.12528e-18 -14404.7 -483517 1.34751e-08 -1.14506e-08
3.41522e+06 0.0120543 -0.303789 2.22601e-15 -1.05513e-18 -14434.3 -483545 1.3697e-08 -1.07368e-08
3.41487e+06 0.0120555 -0.304114 2.31451e-15 -1.08807e-18 -14464 -483572 1.39917e-08 -1.1072e-08
3.41453e+06 0.0120566 -0.304439 2.38887e-15 -1.07198e-18 -14493.7 -483599 1.42172e-08 -1.09082e-08
3.41417e+06 0.0120576 -0.304764 2.45784e-15 -1.08779e-18 -14523.8 -483625 1.441e-08 -1.10691e-08
3.41381e+06 0.0120585 -0.305088 2.51744e-15 -1.03463e-18 -14554.7 -483650 1.45737e-08 -1.05282e-08
3.41342e+06 0.0120594 -0.305412 2.57255e-15 -1.00899e-18 -14587.6 -483674 1.47156e-08 -1.02673e-08
3.41301e+06 0.0120601 -0.305734 2.62398e-15 -1.06703e-18 -14623 -483698 1.48757e-08 -1.08579e-08
3.41259e+06 0.0120607 -0.306055 2.67042e-15 -1.06968e-18 -14660 -483722 1.50103e-08 -1.08848e-08
3.41216e+06 0.0120613 -0.306376 2.71225e-15 -1.07672e-18 -14697.8 -483744 1.5094e-08 -1.09565e-08
3.41173e+06 0.0120617 -0.306697 2.75122e-15 -1.00302e-18 -14735.8 -483766 1.52031e-08 -1.02065e-08
3.41129e+06 0.0120621 -0.307018 2.78705e-15 -1.05404e-18 -14773.7 -483787 1.53123e-08 -1.07257e-08
3.41085e+06 0.0120624 -0.307339 2.81946e-15 -1.01335e-18 -14811.7 -483808 1.53341e-08 -1.03116e-08
3.41041e+06 0.0120626 -0.30766 2.84766e-15 -9.80165e-19 -14849.6 -483828 1.54505e-08 -9.97396e-09
3.40997e+06 0.0120626 -0.307982 2.88251e-15 -1.02725e-18 -14887.4 -483847 1.55342e-08 -1.04531e-08
3.40953e+06 0.0120627 -0.308303 2.90923e-15 -1.04325e-18 -14925.4 -483866 1.5556e-08 -1.06159e-08
3.40909e+06 0.0120626 -0.308624 2.94101e-15 -1.06826e-18 -14963.2 -483884 1.56251e-08 -1.08704e-08
3.40864e+06 0.0120624 -0.308946 2.96314e-15 -1.03563e-18 -15001.1 -483901 1.56651e-08 -1.05383e-08
3.4082e+06 0.0120621 -0.309267 2.98667e-15 -9.36711e-19 -15039.1 -483918 1.57161e-08 -9.53178e-09
3.40775e+06 0.0120617 -0.309589 3.02052e-15 -1.0124e-18 -15077.1 -483934 1.57634e-08 -1.0302e-08
3.40729e+06 0.0120613 -0.30991 3.04908e-15 -9.14596e-19 -15115.2 -483949 1.58834e-08 -9.30675e-09
3.40684e+06 0.0120607 -0.310232 3.09108e-15 -9.49728e-19 -15153.6 -483964 1.59198e-08 -9.66424e-09
3.40638e+06 0.01206 -0.310554 3.13893e-15 -8.65902e-19 -15192.5 -483978 1.60871e-08 -8.81124e-09
3.40591e+06 0.0120593 -0.310876 3.2012e-15 -7.76113e-19 -15231.7 -483991 1.62217e-08 -7.89757e-09
3.40542e+06 0.0120584 -0.311199 3.28702e-15 -6.90818e-19 -15271.4 -484003 1.65019e-08 -7.02962e-09
3.40492e+06 0.0120574 -0.311522 3.39584e-15 -5.54406e-19 -15312.6 -484015 1.67893e-08 -5.64153e-09
3.40441e+06 0.0120563 -0.311846 3.51947e-15 -3.30859e-19 -15354.5 -484026 1.71458e-08 -3.36676e-09
3.40388e+06 0.0120551 -0.312171 3.63857e-15 -2.43049e-19 -15397.8 -484036 1.74659e-08 -2.47321e-09
3.40334e+06 0.0120538 -0.312497 3.72773e-15 -1.30389e-19 -15442 -484046 1.77388e-08 -1.32681e-09
3.40278e+06 0.0120523 -0.312823 3.79005e-15 -4.95875e-20 -15487 -484054 1.78661e-08 -5.04592e-10
3.40222e+06 0.0120508 -0.31315 3.84413e-15 -5.30379e-20 -15532.5 -484062 1.80553e-08 -5.39703e-10
3.38196e+06 0.0120492 -0.313131 3.08053e-15 -8.86274e-19 -17498.7 -483718 6.10817e-09 -9.01855e-09
3.38461e+06 0.0120392 -0.313316 2.01946e-15 2.37365e-19 -17412.8 -484057 1.21836e-08 2.41538e-09
3.384e+06 0.0114162 -0.316451 1.01526e-15 -3.50331e-18 97264.5 -448764 1.83718e-09 -3.56489e-08
3.3467e+06 0.0109522 -0.319614 1.53842e-15 2.51694e-18 -17964.6 -446448 7.49424e-09 2.56118e-08
3.34916e+06 0.0109202 -0.319942 3.7586e-16 -1.36139e-18 -17732.7 -447264 -5.08226e-09 -1.38533e-08
3.35112e+06 0.0108894 -0.320256 -2.35015e-16 -2.00875e-18 -17589.1 -448026 -1.17943e-08 -2.04406e-08
3.35124e+06 0.0108649 -0.320502 -5.6419e-16 -1.75159e-18 -17588.8 -448606 -1.53523e-08 -1.78239e-08
3.35139e+06 0.0108403 -0.320749 -6.47983e-16 -1.84309e-18 -17590 -449181 -1.64291e-08 -1.87549e-08
3.35151e+06 0.0108156 -0.320997 -7.18146e-16 -1.92444e-18 -17592.8 -449750 -1.69966e-08 -1.95827e-08
3.35163e+06 0.0107907 -0.321245 -7.74328e-16 -1.89862e-18 -17596.6 -450315 -1.74405e-08 -1.932e-08
3.35174e+06 0.0107657 -0.321494 -8.05843e-16 -1.94722e-18 -17601.2 -450874 -1.7968e-08 -1.98145e-08
3.35183e+06 0.0107405 -0.321744 -8.4032e-16 -1.90135e-18 -17606.5 -451429 -1.83536e-08 -1.93477e-08
3.35192e+06 0.0107153 -0.321994 -8.57351e-16 -1.97595e-18 -17612.1 -451979 -1.83463e-08 -2.01068e-08
3.352e+06 0.0106899 -0.322245 -8.64587e-16 -1.94036e-18 -17618.1 -452524 -1.83027e-08 -1.97447e-08
3.35207e+06 0.0106644 -0.322496 -8.84707e-16 -1.88437e-18 -17625.8 -453063 -1.85355e-08 -1.9175e-08
3.35208e+06 0.0106391 -0.322748 -9.34134e-16 -1.88674e-18 -17637.9 -453590 -1.82408e-08 -1.91991e-08
3.35203e+06 0.0106142 -0.323002 -1.07945e-15 -1.7553e-18 -17657.6 -454093 -1.7204e-08 -1.78616e-08
3.35189e+06 0.0105912 -0.323267 -1.44907e-15 -1.5397e-18 -17683.4 -454525 -1.41335e-08 -1.56676e-08
3.35156e+06 0.0105734 -0.32356 -1.76941e-15 -1.39773e-18 -17714.8 -454771 -1.14851e-08 -1.4223e-08
3.35118e+06 0.0105591 -0.32387 -1.80393e-15 -1.37556e-18 -17747.6 -454895 -1.10958e-08 -1.39974e-08
3.35075e+06 0.010545 -0.324184 -1.79765e-15 -1.31642e-18 -17781.4 -455004 -1.10122e-08 -1.33956e-08
3.35031e+06 0.010531 -0.324498 -1.78716e-15 -1.3155e-18 -17815.5 -455111 -1.09321e-08 -1.33863e-08
3.34987e+06 0.0105168 -0.324812 -1.77186e-15 -1.30139e-18 -17849.5 -455217 -1.07138e-08 -1.32426e-08
3.34943e+06 0.0105026 -0.325126 -1.74991e-15 -1.38925e-18 -17883.5 -455322 -1.06411e-08 -1.41367e-08
3.34898e+06 0.0104883 -0.32544 -1.72897e-15 -1.31414e-18 -17918.1 -455424 -1.04192e-08 -1.33724e-08
3.34853e+06 0.010474 -0.325755 -1.70584e-15 -1.27365e-18 -17952.8 -455526 -1.03355e-08 -1.29604e-08
3.34807e+06 0.0104597 -0.326069 -1.68556e-15 -1.28033e-18 -17988.9 -455626 -1.00481e-08 -1.30283e-08
3.34762e+06 0.0104452 -0.326384 -1.6578e-15 -1.27668e-18 -18024.5 -455726 -9.97534e-09 -1.29912e-08
3.34716e+06 0.0104307 -0.326699 -1.63747e-15 -1.30089e-18 -18060.2 -455824 -9.75706e-09 -1.32376e-08
3.34671e+06 0.0104162 -0.327015 -1.61443e-15 -1.29822e-18 -18095.9 -455922 -9.62973e-09 -1.32105e-08
3.34625e+06 0.0104016 -0.32733 -1.58299e-15 -1.30331e-18 -18131.6 -456018 -9.3678e-09 -1.32622e-08
3.34579e+06 0.010387 -0.327645 -1.56601e-15 -1.23548e-18 -18167.2 -456113 -9.29867e-09 -1.2572e-08
3.34533e+06 0.0103723 -0.327961 -1.53282e-15 -1.23409e-18 -18202.8 -456207 -9.00764e-09 -1.25578e-08
3.34487e+06 0.0103576 -0.328277 -1.51004e-15 -1.26382e-18 -18238.3 -456299 -8.91305e-09 -1.28604e-08
3.34441e+06 0.0103428 -0.328593 -1.47727e-15 -1.27303e-18 -18273.9 -456392 -8.65839e-09 -1.29541e-08
3.34395e+06 0.010328 -0.328909 -1.45824e-15 -1.24139e-18 -18309.4 -456483 -8.60018e-09 -1.26321e-08
3.34348e+06 0.0103131 -0.329225 -1.42849e-15 -1.25332e-18 -18344.9 -456573 -8.32006e-09 -1.27535e-08
3.34302e+06 0.0102982 -0.329541 -1.41413e-15 -1.16889e-18 -18380.5 -456663 -8.26185e-09 -1.18944e-08
3.34254e+06 0.0102832 -0.329857 -1.38738e-15 -1.20535e-18 -18416.2 -456752 -8.01447e-09 -1.22654e-08
3.34207e+06 0.0102682 -0.330173 -1.36593e-15 -1.24597e-18 -18452.2 -456840 -7.9599e-09 -1.26787e-08
3.34158e+06 0.0102533 -0.330488 -1.35935e-15 -1.22458e-18 -18488.6 -456927 -7.89441e-09 -1.24611e-08
3.34108e+06 0.0102383 -0.330803 -1.34863e-15 -1.25029e-18 -18525.4 -457013 -7.75253e-09 -1.27227e-08
3.34056e+06 0.0102233 -0.331117 -1.33823e-15 -1.29508e-18 -18562.8 -457099 -7.65431e-09 -1.31784e-08
3.34003e+06 0.0102083 -0.33143 -1.33512e-15 -1.2149e-18 -18600.5 -457183 -7.6252e-09 -1.23626e-08
3.3395e+06 0.0101933 -0.331744 -1.31716e-15 -1.22519e-18 -18638.5 -457266 -7.59246e-09 -1.24673e-08
3.33896e+06 0.0101782 -0.332057 -1.30716e-15 -1.1599e-18 -18676.4 -457349 -7.53062e-09 -1.18029e-08
3.33843e+06 0.0101631 -0.33237 -1.29392e-15 -1.30237e-18 -18714.4 -457432 -7.35236e-09 -1.32526e-08
3.33789e+06 0.010148 -0.332684 -1.27555e-15 -1.29039e-18 -18752.2 -457514 -7.24685e-09 -1.31308e-08
3.33735e+06 0.0101329 -0.332997 -1.26683e-15 -1.26832e-18 -18790.1 -457595 -7.22503e-09 -1.29062e-08
3.31744e+06 0.0101316 -0.332883 -7.00766e-16 -1.32448e-18 -19861.1 -455501 4.07817e-09 -1.34776e-08
3.32026e+06 0.0101319 -0.332951 -5.81594e-16 -8.55987e-19 -19831.2 -456748 6.65023e-09 -8.71035e-09
3.32127e+06 0.0101237 -0.333122 3.94877e-16 -8.15993e-19 -19836.4 -457587 3.75439e-09 -8.30338e-09
3.32089e+06 0.0101095 -0.333441 4.8118e-16 -7.61855e-19 -19863.4 -457686 4.35466e-09 -7.75249e-09
3.32053e+06 0.0100954 -0.333759 5.85339e-16 -7.34776e-19 -19889.7 -457784 4.98403e-09 -7.47693e-09
3.32012e+06 0.0100812 -0.334078 6.61513e-16 -7.1035e-19 -19916.8 -457882 5.54792e-09 -7.22838e-09
3.31974e+06 0.010067 -0.334397 7.22153e-16 -7.0566e-19 -19943.7 -457980 5.94446e-09 -7.18066e-09
3.31934e+06 0.0100528 -0.334715 7.88529e-16 -7.31151e-19 -19970.9 -458078 6.45014e-09 -7.44004e-09
