45582.6 0.000116993 0.000293883 0.00042
91164.9 0.000233986 0.000587767 0.00084
136747 0.000350981 0.000881652 0.00126
182327 0.000467977 0.00117554 0.00168
227907 0.000584974 0.00146942 0.0021
273486 0.000701973 0.00176331 0.00252
319063 0.000818973 0.0020572 0.00294
364639 0.000935975 0.00235109 0.00336
410212 0.00105298 0.00264498 0.00378
455784 0.00116999 0.00293887 0.0042
501353 0.001287 0.00323276 0.00462
546919 0.00140401 0.00352666 0.00504
592483 0.00152102 0.00382056 0.00546
637876 0.00163814 0.00411463 0.00588
682864 0.00175549 0.00440912 0.0063
727276 0.00187283 0.00470336 0.00672
770916 0.0019904 0.00499777 0.00714
814314 0.00210829 0.00529248 0.00756
857066 0.00222618 0.00558687 0.00798
898827 0.00234564 0.00588219 0.0084
939838 0.00246675 0.00617865 0.00882
980246 0.00258871 0.00647579 0.00924
1.01926e+06 0.00271164 0.00677361 0.00966
1.05715e+06 0.00283665 0.00707276 0.01008
1.09416e+06 0.00296216 0.00737188 0.0105
1.12962e+06 0.00308677 0.0076697 0.01092
1.16433e+06 0.00321241 0.00796797 0.01134
1.19843e+06 0.00333855 0.0082665 0.01176
1.23179e+06 0.003465 0.00856506 0.01218
1.26382e+06 0.00359421 0.00886504 0.0126
1.29502e+06 0.00372418 0.00916508 0.01302
1.32534e+06 0.00385503 0.00946542 0.01344
1.35485e+06 0.00398663 0.00976638 0.01386
1.38418e+06 0.00411884 0.0100677 0.01428
1.41337e+06 0.00425107 0.0103688 0.0147
1.44168e+06 0.00438537 0.010671 0.01512
1.46884e+06 0.00452088 0.0109736 0.01554
1.49563e+06 0.0046568 0.0112762 0.01596
1.52194e+06 0.00479269 0.0115783 0.01638
1.54784e+06 0.00492926 0.0118808 0.0168
1.57341e+06 0.00506675 0.0121841 0.01722
1.59876e+06 0.00520418 0.0124869 0.01764
1.62359e+06 0.00534139 0.0127888 0.01806
1.64786e+06 0.0054791 0.0130907 0.01848
1.67162e+06 0.0056175 0.0133929 0.0189
1.69486e+06 0.00575637 0.0136953 0.01932
1.71766e+06 0.00589579 0.0139978 0.01974
1.74021e+06 0.00603536 0.0143003 0.02016
1.76259e+06 0.00617474 0.0146024 0.02058
1.78484e+06 0.0063143 0.0149044 0.021
1.80684e+06 0.00645393 0.0152064 0.02142
1.82861e+06 0.00659364 0.0155085 0.02184
1.85017e+06 0.00673347 0.015811 0.02226
1.87111e+06 0.00687419 0.0161139 0.02268
1.89185e+06 0.00701494 0.0164167 0.0231
1.91241e+06 0.00715526 0.0167191 0.02352
1.93294e+06 0.00729547 0.0170213 0.02394
1.95319e+06 0.00743643 0.0173239 0.02436
1.97322e+06 0.00757801 0.0176267 0.02478
1.99306e+06 0.0077195 0.0179293 0.0252
2.01272e+06 0.00786086 0.0182316 0.02562
2.03216e+06 0.0080025 0.018534 0.02604
2.05145e+06 0.00814443 0.0188365 0.02646
2.0707e+06 0.00828642 0.0191392 0.02688
2.08983e+06 0.00842832 0.019442 0.0273
2.10879e+06 0.00857046 0.0197451 0.02772
2.12756e+06 0.00871311 0.0200488 0.02814
2.14624e+06 0.00885616 0.0203531 0.02856
2.16482e+06 0.00899903 0.0206571 0.02898
2.1831e+06 0.00914255 0.0209615 0.0294
2.20138e+06 0.00928606 0.0212659 0.02982
2.2196e+06 0.00942939 0.02157 0.03024
2.23769e+06 0.00957229 0.0218736 0.03066
2.25572e+06 0.009715 0.022177 0.03108
2.27365e+06 0.00985781 0.0224804 0.0315
2.29146e+06 0.0100007 0.0227839 0.03192
2.30918e+06 0.0101435 0.0230874 0.03234
2.32688e+06 0.0102863 0.023391 0.03276
2.34454e+06 0.0104291 0.0236946 0.03318
2.36216e+06 0.0105718 0.023998 0.0336
2.37973e+06 0.0107145 0.0243015 0.03402
2.39715e+06 0.0108577 0.0246055 0.03444
2.41447e+06 0.0110011 0.0249099 0.03486
2.43175e+06 0.0111444 0.0252142 0.03528
2.44898e+06 0.0112877 0.0255184 0.0357
2.46619e+06 0.0114309 0.0258227 0.03612
2.4832e+06 0.0115749 0.0261278 0.03654
2.50005e+06 0.0117193 0.0264332 0.03696
2.51674e+06 0.0118637 0.0267384 0.03738
2.53334e+06 0.0120083 0.0270441 0.0378
2.5499e+06 0.0121528 0.0273497 0.03822
2.56643e+06 0.0122973 0.0276554 0.03864
2.58291e+06 0.012442 0.0279613 0.03906
2.59934e+06 0.0125867 0.0282674 0.03948
2.61562e+06 0.0127317 0.0285737 0.0399
2.63174e+06 0.0128771 0.0288803 0.04032
2.64774e+06 0.0130228 0.0291871 0.04074
2.66368e+06 0.0131685 0.0294938 0.04116
2.67953e+06 0.0133141 0.0298004 0.04158
2.69532e+06 0.0134598 0.030107 0.042
2.71104e+06 0.0136058 0.030414 0.04242
2.72669e+06 0.0137521 0.0307212 0.04284
2.74227e+06 0.0138988 0.0310287 0.04326
2.75775e+06 0.0140458 0.0313365 0.04368
2.77304e+06 0.0141935 0.0316449 0.0441
2.7882e+06 0.0143418 0.0319538 0.04452
2.80322e+06 0.0144905 0.032263 0.04494
2.81809e+06 0.01464 0.0325725 0.04536
2.83279e+06 0.0147904 0.0328826 0.04578
2.8473e+06 0.0149419 0.0331936 0.0462
2.86164e+06 0.0150942 0.0335049 0.04662
2.87579e+06 0.0152476 0.0338172 0.04704
2.88978e+06 0.015402 0.0341301 0.04746
2.90359e+06 0.0155572 0.0344437 0.04788
2.91725e+06 0.0157133 0.0347577 0.0483
2.93075e+06 0.0158702 0.0350722 0.04872
2.94409e+06 0.016028 0.0353873 0.04914
2.95729e+06 0.0161868 0.0357031 0.04956
2.97036e+06 0.0163464 0.0360196 0.04998
2.98331e+06 0.0165068 0.0363366 0.0504
2.99613e+06 0.0166675 0.0366535 0.05082
3.00888e+06 0.0168286 0.0369707 0.05124
3.02152e+06 0.0169897 0.0372879 0.05166
3.03409e+06 0.0171511 0.0376052 0.05208
3.0466e+06 0.0173127 0.037923 0.0525
3.05901e+06 0.0174748 0.0382412 0.05292
3.07097e+06 0.0176395 0.0385607 0.05334
3.0826e+06 0.017806 0.0388811 0.05376
3.09398e+06 0.017974 0.0392024 0.05418
3.10533e+06 0.0181421 0.0395237 0.0546
3.11664e+06 0.0183104 0.0398452 0.05502
3.1279e+06 0.0184788 0.0401667 0.05544
3.1391e+06 0.0186476 0.0404889 0.05586
3.15027e+06 0.0188166 0.0408112 0.05628
3.1614e+06 0.0189857 0.0411335 0.0567
3.17248e+06 0.0191549 0.041456 0.05712
3.18352e+06 0.0193243 0.0417788 0.05754
3.19452e+06 0.0194938 0.0421017 0.05796
3.20547e+06 0.0196635 0.0424248 0.05838
3.21634e+06 0.0198337 0.0427482 0.0588
3.22704e+06 0.0200049 0.0430726 0.05922
3.23748e+06 0.020178 0.0433983 0.05964
3.24783e+06 0.0203517 0.0437247 0.06006
3.25805e+06 0.020526 0.0440513 0.06048
3.26811e+06 0.0207011 0.0443787 0.0609
3.278e+06 0.0208774 0.044707 0.06132
3.28769e+06 0.0210547 0.045036 0.06174
3.29718e+06 0.0212333 0.0453659 0.06216
3.30647e+06 0.0214129 0.0456964 0.06258
3.31554e+06 0.0215935 0.0460273 0.063
3.32443e+06 0.0217751 0.0463588 0.06342
3.33314e+06 0.0219576 0.0466907 0.06384
3.34166e+06 0.0221415 0.0470237 0.06426
3.35003e+06 0.0223263 0.0473573 0.06468
3.35825e+06 0.0225119 0.0476914 0.0651
3.36632e+06 0.0226983 0.0480259 0.06552
3.37425e+06 0.0228855 0.0483608 0.06594
3.38201e+06 0.0230737 0.0486963 0.06636
3.38966e+06 0.0232624 0.0490321 0.06678
3.3972e+06 0.0234517 0.0493682 0.0672
3.40459e+06 0.0236417 0.0497048 0.06762
3.41186e+06 0.0238321 0.050042 0.06804
3.41908e+06 0.0240224 0.0503791 0.06846
3.42623e+06 0.024213 0.0507164 0.06888
3.4333e+06 0.0244039 0.0510542 0.0693
3.4403e+06 0.0245953 0.0513925 0.06972
3.44722e+06 0.0247871 0.0517312 0.07014
3.45405e+06 0.0249792 0.0520701 0.07056
3.46085e+06 0.0251712 0.052409 0.07098
3.4676e+06 0.0253635 0.0527481 0.0714
3.47411e+06 0.0255568 0.053088 0.07182
3.48061e+06 0.0257502 0.0534281 0.07224
3.48701e+06 0.025944 0.0537685 0.07266
3.49336e+06 0.0261381 0.0541091 0.07308
3.49964e+06 0.0263324 0.0544497 0.0735
3.50588e+06 0.0265268 0.0547906 0.07392
3.5119e+06 0.0267224 0.0551324 0.07434
3.51752e+06 0.0269201 0.0554756 0.07476
3.52316e+06 0.0271177 0.0558187 0.07518
3.52869e+06 0.0273157 0.0561622 0.0756
3.53416e+06 0.0275139 0.0565063 0.07602
3.53958e+06 0.0277124 0.0568507 0.07644
3.54496e+06 0.0279109 0.0571952 0.07686
3.55027e+06 0.0281097 0.0575398 0.07728
3.55554e+06 0.0283092 0.0578847 0.0777
3.56074e+06 0.0285091 0.0582299 0.07812
3.56591e+06 0.028709 0.0585754 0.07854
3.57096e+06 0.0289097 0.0589214 0.07896
3.57581e+06 0.0291112 0.0592679 0.07938
3.58047e+06 0.0293137 0.0596151 0.0798
3.5851e+06 0.0295162 0.0599623 0.08022
3.5897e+06 0.0297187 0.0603096 0.08064
3.59428e+06 0.0299211 0.0606569 0.08106
3.59881e+06 0.0301234 0.061004 0.08148
3.6033e+06 0.0303259 0.0613513 0.0819
3.60776e+06 0.0305287 0.061699 0.08232
3.61219e+06 0.0307315 0.0620468 0.08274
3.61657e+06 0.0309347 0.0623952 0.08316
3.62089e+06 0.0311384 0.0627442 0.08358
3.62519e+06 0.0313422 0.0630932 0.084
3.62945e+06 0.0315462 0.0634424 0.08442
3.63369e+06 0.0317503 0.0637917 0.08484
3.63787e+06 0.031955 0.0641413 0.08526
3.64202e+06 0.0321597 0.064491 0.08568
3.64612e+06 0.0323648 0.0648413 0.0861
3.65018e+06 0.03257 0.0651918 0.08652
3.65419e+06 0.0327752 0.0655424 0.08694
3.65818e+06 0.0329805 0.0658929 0.08736
3.66213e+06 0.0331858 0.0662434 0.08778
3.66605e+06 0.0333913 0.0665941 0.0882
3.66993e+06 0.0335973 0.066945 0.08862
3.67378e+06 0.0338034 0.0672959 0.08904
3.67761e+06 0.0340094 0.0676469 0.08946
3.68141e+06 0.0342154 0.067998 0.08988
3.68517e+06 0.0344215 0.0683492 0.0903
3.68891e+06 0.0346277 0.0687006 0.09072
3.69261e+06 0.0348339 0.069052 0.09114
3.69624e+06 0.0350406 0.0694041 0.09156
3.69991e+06 0.0352469 0.069756 0.09198
3.70352e+06 0.0354533 0.0701079 0.0924
3.70711e+06 0.0356597 0.0704599 0.09282
3.71067e+06 0.0358661 0.0708119 0.09324
3.71421e+06 0.0360724 0.0711638 0.09366
3.71772e+06 0.0362786 0.0715157 0.09408
3.72121e+06 0.0364848 0.0718676 0.0945
3.68935e+06 0.0369028 0.0723308 0.09492
3.69388e+06 0.0371172 0.0726924 0.09534
3.6977e+06 0.0373245 0.0730461 0.09576
3.7014e+06 0.03753 0.0733975 0.09618
3.70504e+06 0.037736 0.073749 0.0966
3.70866e+06 0.0379421 0.0741006 0.09702
3.7122e+06 0.0381485 0.0744524 0.09744
3.71566e+06 0.0383551 0.0748043 0.09786
3.71906e+06 0.0385618 0.0751565 0.09828
3.72243e+06 0.0387687 0.0755091 0.0987
3.72574e+06 0.038976 0.0758625 0.09912
3.72901e+06 0.0391838 0.0762165 0.09954
3.73225e+06 0.0393914 0.0765705 0.09996
3.73547e+06 0.039599 0.0769245 0.10038
3.73866e+06 0.0398066 0.0772786 0.1008
3.74182e+06 0.0400142 0.0776327 0.10122
3.74495e+06 0.0402219 0.0779869 0.10164
3.74805e+06 0.0404295 0.0783411 0.10206
3.75112e+06 0.0406373 0.0786953 0.10248
3.75415e+06 0.0408452 0.0790497 0.1029
3.75715e+06 0.0410532 0.0794042 0.10332
3.7601e+06 0.0412616 0.0797588 0.10374
3.69749e+06 0.0418623 0.0803268 0.10416
3.70302e+06 0.0420754 0.0806898 0.10458
3.70789e+06 0.0422853 0.0810495 0.105
3.71238e+06 0.0424933 0.081408 0.10542
3.71658e+06 0.0426993 0.0817642 0.10584
3.72046e+06 0.042904 0.0821187 0.10626
3.72414e+06 0.0431085 0.0824725 0.10668
3.72798e+06 0.043311 0.0828248 0.1071
3.73182e+06 0.0435132 0.083177 0.10752
3.73568e+06 0.0437146 0.0835289 0.10794
3.73986e+06 0.0439135 0.0838792 0.10836
3.74378e+06 0.0441135 0.0842301 0.10878
3.74759e+06 0.0443137 0.0845813 0.1092
3.75109e+06 0.0445157 0.0849335 0.10962
3.7541e+06 0.0447206 0.0852874 0.11004
3.75687e+06 0.0449264 0.0856419 0.11046
3.75954e+06 0.0451324 0.0859965 0.11088
3.76207e+06 0.0453389 0.0863514 0.1113
3.76449e+06 0.0455458 0.0867066 0.11172
3.76683e+06 0.0457523 0.0870616 0.11214
3.7691e+06 0.0459587 0.0874168 0.11256
3.77131e+06 0.0461649 0.0877723 0.11298
3.77344e+06 0.0463713 0.0881286 0.1134
3.75416e+06 0.0467442 0.0885801 0.11382
3.75756e+06 0.0469485 0.0889411 0.11424
3.76054e+06 0.0471473 0.0892959 0.11466
3.76334e+06 0.0473475 0.089652 0.11508
3.76551e+06 0.0475522 0.0900107 0.1155
3.7675e+06 0.047758 0.0903702 0.11592
3.76937e+06 0.0479642 0.0907301 0.11634
3.77115e+06 0.0481711 0.0910905 0.11676
3.77284e+06 0.0483784 0.0914514 0.11718
3.77447e+06 0.048586 0.0918127 0.1176
3.77605e+06 0.0487935 0.092174 0.11802
3.77761e+06 0.0490009 0.0925354 0.11844
3.77914e+06 0.0492083 0.0928968 0.11886
3.78064e+06 0.0494156 0.0932582 0.11928
3.75017e+06 0.0496439 0.0937014 0.1197
3.75261e+06 0.0498512 0.0940659 0.12012
3.75457e+06 0.0500552 0.0944254 0.12054
3.72492e+06 0.0502834 0.0948712 0.12096
3.72796e+06 0.0504887 0.095234 0.12138
3.73046e+06 0.0506908 0.0955914 0.1218
3.71025e+06 0.0510435 0.0960251 0.12222
3.71365e+06 0.0512527 0.096391 0.12264
3.71658e+06 0.051456 0.0967502 0.12306
3.71943e+06 0.0516584 0.0971082 0.12348
3.72219e+06 0.0518608 0.0974662 0.1239
3.69789e+06 0.0520866 0.0978985 0.12432
3.70073e+06 0.0522913 0.0982601 0.12474
3.67661e+06 0.0525184 0.0986961 0.12516
3.67923e+06 0.0527235 0.0990584 0.12558
3.63571e+06 0.0529367 0.0995135 0.126
3.6391e+06 0.0531428 0.0998775 0.12642
3.64158e+06 0.0533457 0.100238 0.12684
3.64387e+06 0.0535479 0.100597 0.12726
3.62409e+06 0.0538863 0.101039 0.12768
3.60605e+06 0.0542188 0.10148 0.1281
3.61017e+06 0.0544224 0.101849 0.12852
3.61389e+06 0.0546209 0.102213 0.12894
3.61729e+06 0.0548167 0.102572 0.12936
3.6205e+06 0.0550125 0.10293 0.12978
3.62332e+06 0.0552118 0.10329 0.1302
3.62591e+06 0.0554129 0.103652 0.13062
3.62814e+06 0.0556165 0.104015 0.13104
3.63023e+06 0.0558218 0.104379 0.13146
3.63225e+06 0.0560281 0.104743 0.13188
3.63424e+06 0.0562343 0.105108 0.1323
3.63614e+06 0.0564406 0.105473 0.13272
3.63785e+06 0.056647 0.105838 0.13314
3.63945e+06 0.0568538 0.106204 0.13356
3.64093e+06 0.0570607 0.10657 0.13398
3.6422e+06 0.0572681 0.106937 0.1344
3.64337e+06 0.0574754 0.107304 0.13482
3.64449e+06 0.0576828 0.107672 0.13524
3.64559e+06 0.0578902 0.108039 0.13566
3.64668e+06 0.0580975 0.108407 0.13608
3.58563e+06 0.0583296 0.108908 0.1365
3.58799e+06 0.0585448 0.109287 0.13692
3.5666e+06 0.0587775 0.109726 0.13734
3.56911e+06 0.0589911 0.110102 0.13776
3.57131e+06 0.0591987 0.110472 0.13818
3.57334e+06 0.0594047 0.11084 0.1386
3.5753e+06 0.0596094 0.111206 0.13902
3.5772e+06 0.0598138 0.111571 0.13944
3.57906e+06 0.0600181 0.111937 0.13986
3.58083e+06 0.0602226 0.112303 0.14028
3.58251e+06 0.0604271 0.11267 0.1407
3.58407e+06 0.0606318 0.113038 0.14112
3.58552e+06 0.0608366 0.113407 0.14154
3.5869e+06 0.0610414 0.113777 0.14196
3.58817e+06 0.0612462 0.114146 0.14238
3.58937e+06 0.061451 0.114516 0.1428
3.59048e+06 0.0616559 0.114886 0.14322
3.59151e+06 0.0618608 0.115256 0.14364
3.59246e+06 0.0620657 0.115627 0.14406
3.59336e+06 0.0622707 0.115997 0.14448
3.59421e+06 0.0624759 0.116368 0.1449
3.53649e+06 0.0627087 0.116872 0.14532
3.53895e+06 0.0629237 0.117255 0.14574
3.54118e+06 0.0631364 0.117636 0.14616
3.54321e+06 0.0633438 0.118009 0.14658
3.54508e+06 0.0635491 0.118381 0.147
3.54685e+06 0.0637543 0.118755 0.14742
3.54857e+06 0.0639596 0.119129 0.14784
3.55024e+06 0.064165 0.119505 0.14826
3.55185e+06 0.0643708 0.119882 0.14868
3.50409e+06 0.0646098 0.120375 0.1491
3.50591e+06 0.0648253 0.120769 0.14952
3.50757e+06 0.0650391 0.121161 0.14994
3.5092e+06 0.0652511 0.121551 0.15036
3.51061e+06 0.065459 0.121937 0.15078
3.51203e+06 0.065667 0.122323 0.1512
3.51341e+06 0.0658742 0.122708 0.15162
3.51476e+06 0.0660814 0.123093 0.15204
3.51611e+06 0.0662885 0.123478 0.15246
3.51745e+06 0.0664955 0.123864 0.15288
3.51874e+06 0.0667027 0.124249 0.1533
3.51998e+06 0.0669099 0.124635 0.15372
3.52106e+06 0.0671175 0.125022 0.15414
3.52198e+06 0.0673254 0.125409 0.15456
3.49026e+06 0.0675486 0.125869 0.15498
3.49148e+06 0.067763 0.126266 0.1554
3.49244e+06 0.0679752 0.126661 0.15582
3.49316e+06 0.0681848 0.127053 0.15624
3.49377e+06 0.0683945 0.127444 0.15666
3.49426e+06 0.0686041 0.127835 0.15708
3.49464e+06 0.0688136 0.128226 0.1575
3.49496e+06 0.0690231 0.128618 0.15792
3.49526e+06 0.0692327 0.129009 0.15834
3.49548e+06 0.0694425 0.129402 0.15876
3.49563e+06 0.0696524 0.129794 0.15918
3.49574e+06 0.0698624 0.130187 0.1596
3.49582e+06 0.0700725 0.13058 0.16002
3.4959e+06 0.0702827 0.130974 0.16044
3.49596e+06 0.070493 0.131367 0.16086
3.496e+06 0.0707033 0.131761 0.16128
3.49603e+06 0.0709139 0.132156 0.1617
3.49604e+06 0.0711245 0.132551 0.16212
3.49601e+06 0.0713352 0.132946 0.16254
3.47515e+06 0.0715637 0.133399 0.16296
3.45537e+06 0.0717913 0.133847 0.16338
3.45663e+06 0.072006 0.134249 0.1638
3.45765e+06 0.0722193 0.134652 0.16422
3.45845e+06 0.0724324 0.135057 0.16464
3.45901e+06 0.0726453 0.135463 0.16506
3.45931e+06 0.0728581 0.13587 0.16548
3.45951e+06 0.0730705 0.136278 0.1659
3.45964e+06 0.0732827 0.136687 0.16632
3.4597e+06 0.0734949 0.137096 0.16674
3.45969e+06 0.0737073 0.137508 0.16716
3.45956e+06 0.0739201 0.13792 0.16758
3.4593e+06 0.0741331 0.138334 0.168
3.45897e+06 0.0743463 0.138748 0.16842
3.45859e+06 0.0745597 0.139162 0.16884
3.45791e+06 0.074774 0.139582 0.16926
3.45723e+06 0.0749879 0.140002 0.16968
3.45623e+06 0.0752026 0.140426 0.1701
3.45514e+06 0.0754173 0.140851 0.17052
3.45398e+06 0.075632 0.141277 0.17094
3.45274e+06 0.0758466 0.141704 0.17136
3.45143e+06 0.0760612 0.142132 0.17178
3.45003e+06 0.0762757 0.142562 0.1722
3.44848e+06 0.0764899 0.142994 0.17262
3.44687e+06 0.0767042 0.143426 0.17304
3.44515e+06 0.0769184 0.14386 0.17346
3.44321e+06 0.0771325 0.144297 0.17388
3.44121e+06 0.0773466 0.144735 0.1743
3.43917e+06 0.0775608 0.145173 0.17472
3.4371e+06 0.0777749 0.145611 0.17514
3.435e+06 0.077989 0.14605 0.17556
3.43289e+06 0.0782031 0.146488 0.17598
3.43046e+06 0.0784173 0.146932 0.1764
3.42795e+06 0.0786316 0.147376 0.17682
3.42541e+06 0.0788458 0.147821 0.17724
3.42287e+06 0.0790601 0.148266 0.17766
3.42031e+06 0.0792743 0.148711 0.17808
3.41774e+06 0.0794885 0.149156 0.1785
3.41509e+06 0.0797027 0.149602 0.17892
3.39069e+06 0.0799264 0.150098 0.17934
3.38892e+06 0.0801409 0.150542 0.17976
3.38689e+06 0.0803553 0.150986 0.18018
3.38464e+06 0.0805695 0.15143 0.1806
3.36102e+06 0.08079 0.151927 0.18102
3.35953e+06 0.0810042 0.15237 0.18144
3.35782e+06 0.0812183 0.152813 0.18186
3.3559e+06 0.0814324 0.153257 0.18228
3.35398e+06 0.0816464 0.153701 0.1827
3.35205e+06 0.0818605 0.154145 0.18312
3.3501e+06 0.0820746 0.154589 0.18354
3.34815e+06 0.0822886 0.155034 0.18396
3.34616e+06 0.0825026 0.155478 0.18438
3.34398e+06 0.0827167 0.155924 0.1848
3.34171e+06 0.082931 0.156372 0.18522
3.33956e+06 0.0831453 0.156819 0.18564
3.33734e+06 0.0833595 0.157265 0.18606
3.33504e+06 0.0835736 0.157712 0.18648
3.31368e+06 0.0837846 0.158204 0.1869
3.30336e+06 0.0839972 0.158669 0.18732
3.30179e+06 0.0842114 0.159114 0.18774
3.30008e+06 0.0844256 0.159559 0.18816
3.29833e+06 0.0846397 0.160004 0.18858
3.29649e+06 0.0848538 0.160449 0.189
3.29427e+06 0.0850683 0.160899 0.18942
3.29183e+06 0.0852829 0.16135 0.18984
3.28931e+06 0.0854973 0.161801 0.19026
3.2859e+06 0.0857117 0.162254 0.19068
3.27661e+06 0.085925 0.162721 0.1911
3.27446e+06 0.0861395 0.163171 0.19152
3.27223e+06 0.0863539 0.16362 0.19194
3.26994e+06 0.0865683 0.16407 0.19236
3.26755e+06 0.0867827 0.164519 0.19278
3.26508e+06 0.086997 0.164969 0.1932
3.26256e+06 0.0872112 0.165418 0.19362
3.26002e+06 0.0874255 0.165868 0.19404
3.25747e+06 0.0876397 0.166317 0.19446
3.2549e+06 0.0878539 0.166766 0.19488
3.20331e+06 0.0881344 0.167984 0.1953
3.20215e+06 0.0883466 0.16841 0.19572
3.20045e+06 0.0885595 0.168845 0.19614
3.19862e+06 0.0887725 0.169282 0.19656
3.19668e+06 0.0889856 0.16972 0.19698
3.1947e+06 0.0891988 0.170158 0.1974
3.1927e+06 0.089412 0.170597 0.19782
3.19069e+06 0.0896252 0.171036 0.19824
3.18867e+06 0.0898383 0.171474 0.19866
3.18665e+06 0.0900515 0.171913 0.19908
3.18456e+06 0.0902646 0.172352 0.1995
3.16242e+06 0.0904768 0.172839 0.19992
3.14103e+06 0.0906893 0.173327 0.20034
3.10843e+06 0.0909137 0.174239 0.20076
3.10789e+06 0.0911254 0.174663 0.20118
3.10725e+06 0.0913371 0.175087 0.2016
3.10633e+06 0.0915489 0.175515 0.20202
3.1052e+06 0.0917613 0.175947 0.20244
3.10402e+06 0.0919735 0.17638 0.20286
3.10275e+06 0.0921858 0.176813 0.20328
3.10146e+06 0.0923983 0.177248 0.2037
3.10015e+06 0.0926106 0.177683 0.20412
3.07803e+06 0.092851 0.178463 0.20454
3.07634e+06 0.0930641 0.178903 0.20496
3.07537e+06 0.0932761 0.17933 0.20538
3.07405e+06 0.0934885 0.179762 0.2058
3.0726e+06 0.093701 0.180195 0.20622
3.07099e+06 0.0939137 0.180631 0.20664
3.06916e+06 0.0941266 0.181069 0.20706
3.06716e+06 0.0943399 0.181511 0.20748
3.06489e+06 0.0945534 0.181956 0.2079
3.06246e+06 0.0947657 0.182399 0.20832
3.06168e+06 0.0949782 0.182824 0.20874
3.06016e+06 0.0951906 0.183257 0.20916
3.05847e+06 0.0954029 0.183691 0.20958
3.0568e+06 0.0956153 0.184126 0.21
3.0551e+06 0.0958277 0.18456 0.21042
3.0534e+06 0.0960401 0.184995 0.21084
3.05167e+06 0.0962524 0.18543 0.21126
3.01275e+06 0.0965144 0.186443 0.21168
3.01146e+06 0.0967262 0.186871 0.2121
3.01006e+06 0.0969381 0.1873 0.21252
3.00854e+06 0.0971501 0.187732 0.21294
3.00704e+06 0.0973621 0.188163 0.21336
3.00551e+06 0.0975742 0.188594 0.21378
3.00398e+06 0.0977862 0.189025 0.2142
3.00241e+06 0.0979981 0.189456 0.21462
3.00085e+06 0.0982102 0.189887 0.21504
2.99919e+06 0.0984222 0.19032 0.21546
2.99754e+06 0.0986344 0.190752 0.21588
2.97685e+06 0.0988543 0.191468 0.2163
2.97539e+06 0.0990662 0.191897 0.21672
2.97385e+06 0.0992781 0.192327 0.21714
2.9723e+06 0.0994901 0.192758 0.21756
2.97076e+06 0.099702 0.193188 0.21798
2.96921e+06 0.0999139 0.193619 0.2184
2.96767e+06 0.100126 0.194049 0.21882
2.9661e+06 0.100338 0.19448 0.21924
2.96453e+06 0.10055 0.194911 0.21966
2.96295e+06 0.100762 0.195342 0.22008
2.96138e+06 0.100973 0.195773 0.2205
2.95982e+06 0.101185 0.196204 0.22092
2.95825e+06 0.101397 0.196635 0.22134
2.9567e+06 0.101609 0.197065 0.22176
2.95514e+06 0.101821 0.197496 0.22218
2.9536e+06 0.102033 0.197927 0.2226
2.95205e+06 0.102245 0.198357 0.22302
2.95052e+06 0.102456 0.198788 0.22344
2.94898e+06 0.102668 0.199218 0.22386
2.94746e+06 0.10288 0.199649 0.22428
2.94593e+06 0.103092 0.200079 0.2247
2.94441e+06 0.103304 0.20051 0.22512
2.94289e+06 0.103515 0.20094 0.22554
2.94137e+06 0.103727 0.201371 0.22596
2.93985e+06 0.103939 0.201801 0.22638
2.93833e+06 0.104151 0.202232 0.2268
2.93681e+06 0.104362 0.202662 0.22722
2.93528e+06 0.104574 0.203093 0.22764
2.93376e+06 0.104786 0.203524 0.22806
2.93224e+06 0.104998 0.203955 0.22848
2.93072e+06 0.105209 0.204385 0.2289
2.92921e+06 0.105421 0.204816 0.22932
2.9277e+06 0.105633 0.205246 0.22974
2.9262e+06 0.105844 0.205677 0.23016
2.9247e+06 0.106056 0.206107 0.23058
2.92321e+06 0.106268 0.206538 0.231
2.92171e+06 0.10648 0.206968 0.23142
2.92021e+06 0.106691 0.207399 0.23184
2.91872e+06 0.106903 0.207829 0.23226
2.91723e+06 0.107115 0.20826 0.23268
2.91575e+06 0.107326 0.20869 0.2331
2.91427e+06 0.107538 0.20912 0.23352
2.9128e+06 0.107749 0.209551 0.23394
2.91133e+06 0.107961 0.209981 0.23436
2.90987e+06 0.108173 0.210411 0.23478
2.90841e+06 0.108384 0.210841 0.2352
2.90695e+06 0.108596 0.211271 0.23562
2.90551e+06 0.108807 0.211702 0.23604
2.90407e+06 0.109019 0.212132 0.23646
2.90263e+06 0.10923 0.212561 0.23688
2.90119e+06 0.109442 0.212991 0.2373
2.89977e+06 0.109653 0.213421 0.23772
2.89834e+06 0.109865 0.213851 0.23814
2.89693e+06 0.110077 0.214281 0.23856
2.89551e+06 0.110288 0.21471 0.23898
2.89411e+06 0.110499 0.21514 0.2394
2.8927e+06 0.110711 0.21557 0.23982
2.89131e+06 0.110922 0.215999 0.24024
2.88991e+06 0.111134 0.216429 0.24066
2.88853e+06 0.111345 0.216858 0.24108
2.88714e+06 0.111557 0.217288 0.2415
2.88577e+06 0.111768 0.217717 0.24192
2.88439e+06 0.111979 0.218146 0.24234
2.88303e+06 0.112191 0.218576 0.24276
2.88166e+06 0.112402 0.219005 0.24318
2.88031e+06 0.112614 0.219434 0.2436
2.87895e+06 0.112825 0.219863 0.24402
2.87761e+06 0.113036 0.220292 0.24444
2.87626e+06 0.113248 0.220721 0.24486
2.87492e+06 0.113459 0.22115 0.24528
2.87359e+06 0.11367 0.221579 0.2457
2.87226e+06 0.113882 0.222008 0.24612
2.87094e+06 0.114093 0.222437 0.24654
2.86962e+06 0.114304 0.222865 0.24696
2.86831e+06 0.114515 0.223294 0.24738
2.867e+06 0.114727 0.223723 0.2478
2.86569e+06 0.114938 0.224152 0.24822
2.86439e+06 0.115149 0.22458 0.24864
2.8631e+06 0.11536 0.225009 0.24906
2.8618e+06 0.115572 0.225437 0.24948
2.86052e+06 0.115783 0.225866 0.2499
