45582.6 -3462.97 -4134.24 -4134.25 -3462.75 -3462.97 -4134.24 -4134.25 -3462.75 -3462.97 -4134.24 -4134.25 -3462.75
91164.9 -6926.13 -8268.44 -8268.47 -6925.26 -6926.13 -8268.44 -8268.47 -6925.26 -6926.13 -8268.44 -8268.47 -6925.26
136747 -10389.5 -12402.6 -12402.6 -10387.5 -10389.5 -12402.6 -12402.6 -10387.5 -10389.5 -12402.6 -12402.6 -10387.5
182327 -13853 -16536.6 -16536.7 -13849.5 -13853 -16536.6 -16536.7 -13849.5 -13853 -16536.6 -16536.7 -13849.5
227907 -17316.6 -20670.6 -20670.8 -17311.1 -17316.6 -20670.6 -20670.8 -17311.1 -17316.6 -20670.6 -20670.8 -17311.1
273486 -20780.4 -24804.4 -24804.7 -20772.5 -20780.4 -24804.4 -24804.7 -20772.5 -20780.4 -24804.4 -24804.7 -20772.5
319063 -24244.3 -28938.1 -28938.4 -24233.5 -24244.3 -28938.1 -28938.4 -24233.5 -24244.3 -28938.1 -28938.4 -24233.5
364639 -27708.3 -33071.6 -33072.1 -27694.2 -27708.3 -33071.6 -33072.1 -27694.2 -27708.3 -33071.6 -33072.1 -27694.2
410212 -31172.5 -37204.9 -37205.5 -31154.5 -31172.5 -37204.9 -37205.5 -31154.5 -31172.5 -37204.9 -37205.5 -31154.5
455784 -34636.7 -41338 -41338.8 -34614.4 -34636.7 -41338 -41338.8 -34614.4 -34636.7 -41338 -41338.8 -34614.4
501353 -38101 -45470.9 -45471.8 -38073.9 -38101 -45470.9 -45471.8 -38073.9 -38101 -45470.9 -45471.8 -38073.9
546919 -41565.4 -49603.5 -49604.6 -41533 -41565.4 -49603.5 -49604.6 -41533 -41565.4 -49603.5 -49604.6 -41533
592483 -45029.8 -53735.8 -53737.1 -44991.6 -45029.8 -53735.8 -53737.1 -44991.6 -45029.8 -53735.8 -53737.1 -44991.6
637876 -48476.2 -57857.9 -57859.4 -48431.8 -48476.2 -57857.9 -57859.4 -48431.8 -48476.2 -57857.9 -57859.4 -48431.8
682864 -51908.7 -61926.6 -61928.4 -51857.5 -51908.7 -61926.6 -61928.4 -51857.5 -51908.7 -61926.6 -61928.4 -51857.5
727276 -55332 -65901.8 -65900.2 -55291.8 -55332 -65901.8 -65900.2 -55291.8 -55332 -65901.8 -65900.2 -55291.8
770916 -58634.7 -69831.1 -69830.3 -58675.9 -58634.7 -69831.1 -69830.3 -58675.9 -58634.7 -69831.1 -69830.3 -58675.9
814314 -61953.5 -73746.2 -73745.6 -61992.6 -61953.5 -73746.2 -73745.6 -61992.6 -61953.5 -73746.2 -73745.6 -61992.6
857066 -65251.5 -77558.3 -77553.2 -65326 -65251.5 -77558.3 -77553.2 -65326 -65251.5 -77558.3 -77553.2 -65326
898827 -68382 -81259.3 -81242.1 -68727.2 -68382 -81259.3 -81242.1 -68727.2 -68382 -81259.3 -81242.1 -68727.2
939838 -71450.7 -84896 -84879.2 -72053.5 -71450.7 -84896 -84879.2 -72053.5 -71450.7 -84896 -84879.2 -72053.5
980246 -74523.9 -88550.5 -88528.8 -75145.6 -74523.9 -88550.5 -88528.8 -75145.6 -74523.9 -88550.5 -88528.8 -75145.6
1.01926e+06 -77554.9 -91980.6 -91953.3 -78266.8 -77554.9 -91980.6 -91953.3 -78266.8 -77554.9 -91980.6 -91953.3 -78266.8
1.05715e+06 -80344.2 -95284.8 -95245.2 -81510.4 -80344.2 -95284.8 -95245.2 -81510.4 -80344.2 -95284.8 -95245.2 -81510.4
1.09416e+06 -83106.3 -98532.2 -98493.6 -84587.6 -83106.3 -98532.2 -98493.6 -84587.6 -83106.3 -98532.2 -98493.6 -84587.6
1.12962e+06 -85830.1 -101702 -101658 -87351 -85830.1 -101702 -101658 -87351 -85830.1 -101702 -101658 -87351
1.16433e+06 -88531.7 -104738 -104685 -90157.2 -88531.7 -104738 -104685 -90157.2 -88531.7 -104738 -104685 -90157.2
1.19843e+06 -91068 -107741 -107689 -92977.5 -91068 -107741 -107689 -92977.5 -91068 -107741 -107689 -92977.5
1.23179e+06 -93523.4 -110701 -110637 -95736.3 -93523.4 -110701 -110637 -95736.3 -93523.4 -110701 -110637 -95736.3
1.26382e+06 -95851.3 -113496 -113412 -98517.7 -95851.3 -113496 -113412 -98517.7 -95851.3 -113496 -113412 -98517.7
1.29502e+06 -98153.7 -116142 -116058 -101319 -98153.7 -116142 -116058 -101319 -98153.7 -116142 -116058 -101319
1.32534e+06 -100412 -118824 -118733 -103812 -100412 -118824 -118733 -103812 -100412 -118824 -118733 -103812
1.35485e+06 -102647 -121394 -121302 -106273 -102647 -121394 -121302 -106273 -102647 -121394 -121302 -106273
1.38418e+06 -104846 -123989 -123895 -108663 -104846 -123989 -123895 -108663 -104846 -123989 -123895 -108663
1.41337e+06 -106989 -126588 -126493 -111055 -106989 -126588 -126493 -111055 -106989 -126588 -126493 -111055
1.44168e+06 -108990 -129101 -128985 -113488 -108990 -129101 -128985 -113488 -108990 -129101 -128985 -113488
1.46884e+06 -110915 -131448 -131318 -115935 -110915 -131448 -131318 -115935 -110915 -131448 -131318 -115935
1.49563e+06 -112828 -133775 -133644 -118297 -112828 -133775 -133644 -118297 -112828 -133775 -133644 -118297
1.52194e+06 -114740 -136084 -135954 -120537 -114740 -136084 -135954 -120537 -114740 -136084 -135954 -120537
1.54784e+06 -116684 -138402 -138264 -122597 -116684 -138402 -138264 -122597 -116684 -138402 -138264 -122597
1.57341e+06 -118616 -140662 -140523 -124668 -118616 -140662 -140523 -124668 -118616 -140662 -140523 -124668
1.59876e+06 -120464 -142925 -142787 -126744 -120464 -142925 -142787 -126744 -120464 -142925 -142787 -126744
1.62359e+06 -122209 -145157 -145006 -128824 -122209 -145157 -145006 -128824 -122209 -145157 -145006 -128824
1.64786e+06 -123982 -147267 -147107 -130931 -123982 -147267 -147107 -130931 -123982 -147267 -147107 -130931
1.67162e+06 -125683 -149339 -149178 -133009 -125683 -149339 -149178 -133009 -125683 -149339 -149178 -133009
1.69486e+06 -127269 -151425 -151264 -134997 -127269 -151425 -151264 -134997 -127269 -151425 -151264 -134997
1.71766e+06 -128883 -153453 -153280 -136939 -128883 -153453 -153280 -136939 -128883 -153453 -153280 -136939
1.74021e+06 -130505 -155425 -155252 -138887 -130505 -155425 -155252 -138887 -130505 -155425 -155252 -138887
1.76259e+06 -132126 -157390 -157217 -140798 -132126 -157390 -157217 -140798 -132126 -157390 -157217 -140798
1.78484e+06 -133758 -159365 -159192 -142633 -133758 -159365 -159192 -142633 -133758 -159365 -159192 -142633
1.80684e+06 -135394 -161344 -161170 -144372 -135394 -161344 -161170 -144372 -135394 -161344 -161170 -144372
1.82861e+06 -136946 -163328 -163155 -146109 -136946 -163328 -163155 -146109 -136946 -163328 -163155 -146109
1.85017e+06 -138436 -165311 -165137 -147840 -138436 -165311 -165137 -147840 -138436 -165311 -165137 -147840
1.87111e+06 -139940 -167177 -166982 -149609 -139940 -167177 -166982 -149609 -139940 -167177 -166982 -149609
1.89185e+06 -141420 -169008 -168810 -151377 -141420 -169008 -168810 -151377 -141420 -169008 -168810 -151377
1.91241e+06 -142890 -170827 -170629 -153126 -142890 -170827 -170629 -153126 -142890 -170827 -170629 -153126
1.93294e+06 -144358 -172643 -172443 -154870 -144358 -172643 -172443 -154870 -144358 -172643 -172443 -154870
1.95319e+06 -145854 -174451 -174241 -156521 -145854 -174451 -174241 -156521 -145854 -174451 -174241 -156521
1.97322e+06 -147254 -176254 -176044 -158191 -147254 -176254 -176044 -158191 -147254 -176254 -176044 -158191
1.99306e+06 -148609 -178046 -177838 -159861 -148609 -178046 -177838 -159861 -148609 -178046 -177838 -159861
2.01272e+06 -149961 -179839 -179630 -161478 -149961 -179839 -179630 -161478 -149961 -179839 -179630 -161478
2.03216e+06 -151322 -181598 -181370 -163100 -151322 -181598 -181370 -163100 -151322 -181598 -181370 -163100
2.05145e+06 -152695 -183309 -183079 -164733 -152695 -183309 -183079 -164733 -152695 -183309 -183079 -164733
2.0707e+06 -154064 -185020 -184788 -166362 -154064 -185020 -184788 -166362 -154064 -185020 -184788 -166362
2.08983e+06 -155426 -186721 -186491 -167971 -155426 -186721 -186491 -167971 -155426 -186721 -186491 -167971
2.10879e+06 -156759 -188429 -188197 -169546 -156759 -188429 -188197 -169546 -156759 -188429 -188197 -169546
2.12756e+06 -158031 -190148 -189915 -171096 -158031 -190148 -189915 -171096 -158031 -190148 -189915 -171096
2.14624e+06 -159310 -191874 -191640 -172589 -159310 -191874 -191640 -172589 -159310 -191874 -191640 -172589
2.16482e+06 -160586 -193597 -193344 -174078 -160586 -193597 -193344 -174078 -160586 -193597 -193344 -174078
2.1831e+06 -161887 -195241 -194986 -175589 -161887 -195241 -194986 -175589 -161887 -195241 -194986 -175589
2.20138e+06 -163188 -196882 -196625 -177098 -163188 -196882 -196625 -177098 -163188 -196882 -196625 -177098
2.2196e+06 -164486 -198518 -198258 -178603 -164486 -198518 -198258 -178603 -164486 -198518 -198258 -178603
2.23769e+06 -165779 -200142 -199880 -180095 -165779 -200142 -199880 -180095 -165779 -200142 -199880 -180095
2.25572e+06 -167067 -201760 -201496 -181583 -167067 -201760 -201496 -181583 -167067 -201760 -201496 -181583
2.27365e+06 -168360 -203382 -203115 -183029 -168360 -203382 -203115 -183029 -168360 -203382 -203115 -183029
2.29146e+06 -169653 -205006 -204736 -184424 -169653 -205006 -204736 -184424 -169653 -205006 -204736 -184424
2.30918e+06 -170938 -206626 -206354 -185809 -170938 -206626 -206354 -185809 -170938 -206626 -206354 -185809
2.32688e+06 -172220 -208244 -207970 -187192 -172220 -208244 -207970 -187192 -172220 -208244 -207970 -187192
2.34454e+06 -173501 -209859 -209582 -188572 -173501 -209859 -209582 -188572 -173501 -209859 -209582 -188572
2.36216e+06 -174779 -211469 -211191 -189948 -174779 -211469 -211191 -189948 -174779 -211469 -211191 -189948
2.37973e+06 -176037 -213080 -212799 -191327 -176037 -213080 -212799 -191327 -176037 -213080 -212799 -191327
2.39715e+06 -177225 -214697 -214417 -192711 -177225 -214697 -214417 -192711 -177225 -214697 -214417 -192711
2.41447e+06 -178414 -216300 -216012 -194100 -178414 -216300 -216012 -194100 -178414 -216300 -216012 -194100
2.43175e+06 -179600 -217892 -217605 -195485 -179600 -217892 -217605 -195485 -179600 -217892 -217605 -195485
2.44898e+06 -180783 -219485 -219195 -196865 -180783 -219485 -219195 -196865 -180783 -219485 -219195 -196865
2.46619e+06 -181964 -221073 -220782 -198243 -181964 -221073 -220782 -198243 -181964 -221073 -220782 -198243
2.4832e+06 -183142 -222641 -222317 -199638 -183142 -222641 -222317 -199638 -183142 -222641 -222317 -199638
2.50005e+06 -184340 -224150 -223824 -201037 -184340 -224150 -223824 -201037 -184340 -224150 -223824 -201037
2.51674e+06 -185485 -225660 -225331 -202440 -185485 -225660 -225331 -202440 -185485 -225660 -225331 -202440
2.53334e+06 -186606 -227167 -226835 -203838 -186606 -227167 -226835 -203838 -186606 -227167 -226835 -203838
2.5499e+06 -187726 -228671 -228336 -205234 -187726 -228671 -228336 -205234 -187726 -228671 -228336 -205234
2.56643e+06 -188843 -230170 -229837 -206626 -188843 -230170 -229837 -206626 -188843 -230170 -229837 -206626
2.58291e+06 -189957 -231668 -231330 -208015 -189957 -231668 -231330 -208015 -189957 -231668 -231330 -208015
2.59934e+06 -191070 -233158 -232817 -209401 -191070 -233158 -232817 -209401 -191070 -233158 -232817 -209401
2.61562e+06 -192191 -234628 -234263 -210796 -192191 -234628 -234263 -210796 -192191 -234628 -234263 -210796
2.63174e+06 -193321 -236058 -235693 -212176 -193321 -236058 -235693 -212176 -193321 -236058 -235693 -212176
2.64774e+06 -194462 -237496 -237127 -213497 -194462 -237496 -237127 -213497 -194462 -237496 -237127 -213497
2.66368e+06 -195600 -238924 -238552 -214816 -195600 -238924 -238552 -214816 -195600 -238924 -238552 -214816
2.67953e+06 -196734 -240344 -239967 -216132 -196734 -240344 -239967 -216132 -196734 -240344 -239967 -216132
2.69532e+06 -197869 -241752 -241371 -217447 -197869 -241752 -241371 -217447 -197869 -241752 -241371 -217447
2.71104e+06 -199009 -243150 -242765 -218758 -199009 -243150 -242765 -218758 -199009 -243150 -242765 -218758
2.72669e+06 -200153 -244538 -244147 -220058 -200153 -244538 -244147 -220058 -200153 -244538 -244147 -220058
2.74227e+06 -201301 -245910 -245515 -221363 -201301 -245910 -245515 -221363 -201301 -245910 -245515 -221363
2.75775e+06 -202450 -247266 -246867 -222666 -202450 -247266 -246867 -222666 -202450 -247266 -246867 -222666
2.77304e+06 -203616 -248607 -248201 -223923 -203616 -248607 -248201 -223923 -203616 -248607 -248201 -223923
2.7882e+06 -204788 -249917 -249505 -225192 -204788 -249917 -249505 -225192 -204788 -249917 -249505 -225192
2.80322e+06 -205963 -251191 -250772 -226479 -205963 -251191 -250772 -226479 -205963 -251191 -250772 -226479
2.81809e+06 -207146 -252430 -252003 -227783 -207146 -252430 -252003 -227783 -207146 -252430 -252003 -227783
2.83279e+06 -208338 -253629 -253195 -229100 -208338 -253629 -253195 -229100 -208338 -253629 -253195 -229100
2.8473e+06 -209536 -254788 -254344 -230434 -209536 -254788 -254344 -230434 -209536 -254788 -254344 -230434
2.86164e+06 -210732 -255910 -255459 -231778 -210732 -255910 -255459 -231778 -210732 -255910 -255459 -231778
2.87579e+06 -211917 -257006 -256548 -233125 -211917 -257006 -256548 -233125 -211917 -257006 -256548 -233125
2.88978e+06 -213083 -258085 -257622 -234470 -213083 -258085 -257622 -234470 -213083 -258085 -257622 -234470
2.90359e+06 -214217 -259156 -258689 -235802 -214217 -259156 -258689 -235802 -214217 -259156 -258689 -235802
2.91725e+06 -215315 -260229 -259758 -237114 -215315 -260229 -259758 -237114 -215315 -260229 -259758 -237114
2.93075e+06 -216375 -261307 -260832 -238401 -216375 -261307 -260832 -238401 -216375 -261307 -260832 -238401
2.94409e+06 -217400 -262396 -261917 -239651 -217400 -262396 -261917 -239651 -217400 -262396 -261917 -239651
2.95729e+06 -218398 -263495 -263013 -240858 -218398 -263495 -263013 -240858 -218398 -263495 -263013 -240858
2.97036e+06 -219372 -264605 -264121 -242021 -219372 -264605 -264121 -242021 -219372 -264605 -264121 -242021
2.98331e+06 -220330 -265726 -265239 -243141 -220330 -265726 -265239 -243141 -220330 -265726 -265239 -243141
2.99613e+06 -221275 -266853 -266363 -244220 -221275 -266853 -266363 -244220 -221275 -266853 -266363 -244220
3.00888e+06 -222213 -267984 -267494 -245270 -222213 -267984 -267494 -245270 -222213 -267984 -267494 -245270
3.02152e+06 -223140 -269114 -268624 -246295 -223140 -269114 -268624 -246295 -223140 -269114 -268624 -246295
3.03409e+06 -224061 -270247 -269753 -247304 -224061 -270247 -269753 -247304 -224061 -270247 -269753 -247304
3.0466e+06 -224979 -271377 -270880 -248296 -224979 -271377 -270880 -248296 -224979 -271377 -270880 -248296
3.05901e+06 -225901 -272504 -271977 -249289 -225901 -272504 -271977 -249289 -225901 -272504 -271977 -249289
3.07097e+06 -226888 -273511 -272926 -250339 -226888 -273511 -272926 -250339 -226888 -273511 -272926 -250339
3.0826e+06 -227796 -274450 -273860 -251430 -227796 -274450 -273860 -251430 -227796 -274450 -273860 -251430
3.09398e+06 -228538 -275416 -274823 -252549 -228538 -275416 -274823 -252549 -228538 -275416 -274823 -252549
3.10533e+06 -229279 -276379 -275784 -253667 -229279 -276379 -275784 -253667 -229279 -276379 -275784 -253667
3.11664e+06 -230021 -277339 -276737 -254783 -230021 -277339 -276737 -254783 -230021 -277339 -276737 -254783
3.1279e+06 -230761 -278291 -277685 -255895 -230761 -278291 -277685 -255895 -230761 -278291 -277685 -255895
3.1391e+06 -231502 -279236 -278622 -257005 -231502 -279236 -278622 -257005 -231502 -279236 -278622 -257005
3.15027e+06 -232244 -280174 -279557 -258113 -232244 -280174 -279557 -258113 -232244 -280174 -279557 -258113
3.1614e+06 -232984 -281109 -280488 -259217 -232984 -281109 -280488 -259217 -232984 -281109 -280488 -259217
3.17248e+06 -233723 -282038 -281417 -260316 -233723 -282038 -281417 -260316 -233723 -282038 -281417 -260316
3.18352e+06 -234457 -282964 -282340 -261411 -234457 -282964 -282340 -261411 -234457 -282964 -282340 -261411
3.19452e+06 -235191 -283886 -283259 -262505 -235191 -283886 -283259 -262505 -235191 -283886 -283259 -262505
3.20547e+06 -235924 -284801 -284170 -263595 -235924 -284801 -284170 -263595 -235924 -284801 -284170 -263595
3.21634e+06 -236663 -285712 -285077 -264661 -236663 -285712 -285077 -264661 -236663 -285712 -285077 -264661
3.22704e+06 -237421 -286627 -285987 -265645 -237421 -286627 -285987 -265645 -237421 -286627 -285987 -265645
3.23748e+06 -238211 -287551 -286904 -266495 -238211 -287551 -286904 -266495 -238211 -287551 -286904 -266495
3.24783e+06 -238999 -288457 -287802 -267351 -238999 -288457 -287802 -267351 -238999 -288457 -287802 -267351
3.25805e+06 -239790 -289337 -288673 -268215 -239790 -289337 -288673 -268215 -239790 -289337 -288673 -268215
3.26811e+06 -240585 -290185 -289512 -269089 -240585 -290185 -289512 -269089 -240585 -290185 -289512 -269089
3.278e+06 -241383 -290997 -290311 -269976 -241383 -290997 -290311 -269976 -241383 -290997 -290311 -269976
3.28769e+06 -242179 -291767 -291073 -270879 -242179 -291767 -291073 -270879 -242179 -291767 -291073 -270879
3.29718e+06 -242967 -292501 -291795 -271799 -242967 -292501 -291795 -271799 -242967 -292501 -291795 -271799
3.30647e+06 -243741 -293200 -292482 -272736 -243741 -293200 -292482 -272736 -243741 -293200 -292482 -272736
3.31554e+06 -244488 -293870 -293140 -273683 -244488 -293870 -293140 -273683 -244488 -293870 -293140 -273683
3.32443e+06 -245200 -294521 -293785 -274638 -245200 -294521 -293785 -274638 -245200 -294521 -293785 -274638
3.33314e+06 -245871 -295166 -294415 -275595 -245871 -295166 -294415 -275595 -245871 -295166 -294415 -275595
3.34166e+06 -246501 -295796 -295041 -276549 -246501 -295796 -295041 -276549 -246501 -295796 -295041 -276549
3.35003e+06 -247095 -296426 -295668 -277488 -247095 -296426 -295668 -277488 -247095 -296426 -295668 -277488
3.35825e+06 -247663 -297058 -296299 -278397 -247663 -297058 -296299 -278397 -247663 -297058 -296299 -278397
3.36632e+06 -248215 -297695 -296933 -279265 -248215 -297695 -296933 -279265 -248215 -297695 -296933 -279265
3.37425e+06 -248760 -298335 -297571 -280084 -248760 -298335 -297571 -280084 -248760 -298335 -297571 -280084
3.38201e+06 -249284 -298984 -298218 -280852 -249284 -298984 -298218 -280852 -249284 -298984 -298218 -280852
3.38966e+06 -249824 -299634 -298866 -281564 -249824 -299634 -298866 -281564 -249824 -299634 -298866 -281564
3.3972e+06 -250364 -300285 -299516 -282235 -250364 -300285 -299516 -282235 -250364 -300285 -299516 -282235
3.40459e+06 -250905 -300939 -300144 -282877 -250905 -300939 -300144 -282877 -250905 -300939 -300144 -282877
3.41186e+06 -251442 -301564 -300791 -283492 -251442 -301564 -300791 -283492 -251442 -301564 -300791 -283492
3.41908e+06 -251971 -302206 -301431 -284086 -251971 -302206 -301431 -284086 -251971 -302206 -301431 -284086
3.42623e+06 -252498 -302844 -302067 -284668 -252498 -302844 -302067 -284668 -252498 -302844 -302067 -284668
3.4333e+06 -253020 -303476 -302697 -285240 -253020 -303476 -302697 -285240 -253020 -303476 -302697 -285240
3.4403e+06 -253542 -304104 -303313 -285806 -253542 -304104 -303313 -285806 -253542 -304104 -303313 -285806
3.44722e+06 -254064 -304715 -303923 -286370 -254064 -304715 -303923 -286370 -254064 -304715 -303923 -286370
3.45405e+06 -254565 -305324 -304530 -286932 -254565 -305324 -304530 -286932 -254565 -305324 -304530 -286932
3.46085e+06 -255079 -305925 -305130 -287484 -255079 -305925 -305130 -287484 -255079 -305925 -305130 -287484
3.4676e+06 -255590 -306521 -305724 -288031 -255590 -306521 -305724 -288031 -255590 -306521 -305724 -288031
3.47411e+06 -256014 -307123 -306326 -288586 -256014 -307123 -306326 -288586 -256014 -307123 -306326 -288586
3.48061e+06 -256432 -307717 -306918 -289134 -256432 -307717 -306918 -289134 -256432 -307717 -306918 -289134
3.48701e+06 -256854 -308306 -307494 -289683 -256854 -308306 -307494 -289683 -256854 -308306 -307494 -289683
3.49336e+06 -257276 -308879 -308067 -290229 -257276 -308879 -308067 -290229 -257276 -308879 -308067 -290229
3.49964e+06 -257692 -309448 -308636 -290771 -257692 -309448 -308636 -290771 -257692 -309448 -308636 -290771
3.50588e+06 -258104 -310012 -309200 -291309 -258104 -310012 -309200 -291309 -258104 -310012 -309200 -291309
3.5119e+06 -258524 -310582 -309681 -291852 -258524 -310582 -309681 -291852 -258524 -310582 -309681 -291852
3.51752e+06 -258836 -311073 -310208 -292422 -258836 -311073 -310208 -292422 -258836 -311073 -310208 -292422
3.52316e+06 -259080 -311595 -310731 -292981 -259080 -311595 -310731 -292981 -259080 -311595 -310731 -292981
3.52869e+06 -259325 -312115 -311252 -293538 -259325 -312115 -311252 -293538 -259325 -312115 -311252 -293538
3.53416e+06 -259568 -312631 -311768 -294087 -259568 -312631 -311768 -294087 -259568 -312631 -311768 -294087
3.53958e+06 -259810 -313141 -312278 -294631 -259810 -313141 -312278 -294631 -259810 -313141 -312278 -294631
3.54496e+06 -260053 -313647 -312785 -295168 -260053 -313647 -312785 -295168 -260053 -313647 -312785 -295168
3.55027e+06 -260298 -314153 -313284 -295691 -260298 -314153 -313284 -295691 -260298 -314153 -313284 -295691
3.55554e+06 -260556 -314648 -313753 -296214 -260556 -314648 -313753 -296214 -260556 -314648 -313753 -296214
3.56074e+06 -260820 -315119 -314225 -296749 -260820 -315119 -314225 -296749 -260820 -315119 -314225 -296749
3.56591e+06 -261081 -315586 -314692 -297277 -261081 -315586 -314692 -297277 -261081 -315586 -314692 -297277
3.57096e+06 -261349 -316056 -315114 -297808 -261349 -316056 -315114 -297808 -261349 -316056 -315114 -297808
3.57581e+06 -261630 -316503 -315457 -298347 -261630 -316503 -315457 -298347 -261630 -316503 -315457 -298347
3.58047e+06 -261924 -316855 -315811 -298897 -261924 -316855 -315811 -298897 -261924 -316855 -315811 -298897
3.5851e+06 -262217 -317211 -316163 -299442 -262217 -317211 -316163 -299442 -262217 -317211 -316163 -299442
3.5897e+06 -262509 -317563 -316513 -299982 -262509 -317563 -316513 -299982 -262509 -317563 -316513 -299982
3.59428e+06 -262800 -317914 -316862 -300515 -262800 -317914 -316862 -300515 -262800 -317914 -316862 -300515
3.59881e+06 -263087 -318264 -317210 -301042 -263087 -318264 -317210 -301042 -263087 -318264 -317210 -301042
3.6033e+06 -263359 -318615 -317559 -301567 -263359 -318615 -317559 -301567 -263359 -318615 -317559 -301567
3.60776e+06 -263628 -318965 -317907 -302086 -263628 -318965 -317907 -302086 -263628 -318965 -317907 -302086
3.61219e+06 -263896 -319314 -318254 -302599 -263896 -319314 -318254 -302599 -263896 -319314 -318254 -302599
3.61657e+06 -264167 -319663 -318584 -303109 -264167 -319663 -318584 -303109 -264167 -319663 -318584 -303109
3.62089e+06 -264439 -319996 -318914 -303615 -264439 -319996 -318914 -303615 -264439 -319996 -318914 -303615
3.62519e+06 -264713 -320329 -319246 -304109 -264713 -320329 -319246 -304109 -264713 -320329 -319246 -304109
3.62945e+06 -264988 -320663 -319577 -304590 -264988 -320663 -319577 -304590 -264988 -320663 -319577 -304590
3.63369e+06 -265264 -320998 -319900 -305067 -265264 -320998 -319900 -305067 -265264 -320998 -319900 -305067
3.63787e+06 -265538 -321324 -320216 -305545 -265538 -321324 -320216 -305545 -265538 -321324 -320216 -305545
3.64202e+06 -265814 -321642 -320534 -306017 -265814 -321642 -320534 -306017 -265814 -321642 -320534 -306017
3.64612e+06 -266087 -321960 -320850 -306478 -266087 -321960 -320850 -306478 -266087 -321960 -320850 -306478
3.65018e+06 -266361 -322278 -321166 -306924 -266361 -322278 -321166 -306924 -266361 -322278 -321166 -306924
3.65419e+06 -266635 -322597 -321482 -307350 -266635 -322597 -321482 -307350 -266635 -322597 -321482 -307350
3.65818e+06 -266910 -322914 -321798 -307769 -266910 -322914 -321798 -307769 -266910 -322914 -321798 -307769
3.66213e+06 -267187 -323233 -322106 -308184 -267187 -323233 -322106 -308184 -267187 -323233 -322106 -308184
3.66605e+06 -267467 -323546 -322407 -308597 -267467 -323546 -322407 -308597 -267467 -323546 -322407 -308597
3.66993e+06 -267741 -323853 -322713 -309002 -267741 -323853 -322713 -309002 -267741 -323853 -322713 -309002
3.67378e+06 -268015 -324161 -323018 -309399 -268015 -324161 -323018 -309399 -268015 -324161 -323018 -309399
3.67761e+06 -268289 -324468 -323323 -309789 -268289 -324468 -323323 -309789 -268289 -324468 -323323 -309789
3.68141e+06 -268562 -324773 -323629 -310172 -268562 -324773 -323629 -310172 -268562 -324773 -323629 -310172
3.68517e+06 -268830 -325078 -323933 -310550 -268830 -325078 -323933 -310550 -268830 -325078 -323933 -310550
3.68891e+06 -269088 -325384 -324238 -310925 -269088 -325384 -324238 -310925 -269088 -325384 -324238 -310925
3.69261e+06 -269345 -325689 -324542 -311294 -269345 -325689 -324542 -311294 -269345 -325689 -324542 -311294
3.69624e+06 -269606 -325996 -324847 -311623 -269606 -325996 -324847 -311623 -269606 -325996 -324847 -311623
3.69991e+06 -269860 -326296 -325146 -311998 -269860 -326296 -325146 -311998 -269860 -326296 -325146 -311998
3.70352e+06 -270117 -326599 -325447 -312342 -270117 -326599 -325447 -312342 -270117 -326599 -325447 -312342
3.70711e+06 -270374 -326900 -325747 -312681 -270374 -326900 -325747 -312681 -270374 -326900 -325747 -312681
3.71067e+06 -270629 -327200 -326046 -313014 -270629 -327200 -326046 -313014 -270629 -327200 -326046 -313014
3.71421e+06 -270884 -327498 -326344 -313343 -270884 -327498 -326344 -313343 -270884 -327498 -326344 -313343
3.71772e+06 -271138 -327795 -326640 -313667 -271138 -327795 -326640 -313667 -271138 -327795 -326640 -313667
3.72121e+06 -271392 -328091 -326935 -313984 -271392 -328091 -326935 -313984 -271392 -328091 -326935 -313984
3.68935e+06 -274623 -330806 -329616 -294740 -274623 -330806 -329616 -294740 -274623 -330806 -329616 -294740
3.69388e+06 -274852 -331080 -329884 -295476 -274852 -331080 -329884 -295476 -274852 -331080 -329884 -295476
3.6977e+06 -275069 -331329 -330128 -296045 -275069 -331329 -330128 -296045 -275069 -331329 -330128 -296045
3.7014e+06 -275278 -331575 -330372 -296574 -275278 -331575 -330372 -296574 -275278 -331575 -330372 -296574
3.70504e+06 -275490 -331825 -330622 -297077 -275490 -331825 -330622 -297077 -275490 -331825 -330622 -297077
3.70866e+06 -275703 -332076 -330862 -297579 -275703 -332076 -330862 -297579 -275703 -332076 -330862 -297579
3.7122e+06 -275921 -332322 -331104 -298056 -275921 -332322 -331104 -298056 -275921 -332322 -331104 -298056
3.71566e+06 -276141 -332565 -331346 -298503 -276141 -332565 -331346 -298503 -276141 -332565 -331346 -298503
3.71906e+06 -276358 -332804 -331586 -298940 -276358 -332804 -331586 -298940 -276358 -332804 -331586 -298940
3.72243e+06 -276570 -333043 -331824 -299374 -276570 -333043 -331824 -299374 -276570 -333043 -331824 -299374
3.72574e+06 -276770 -333279 -332061 -299803 -276770 -333279 -332061 -299803 -276770 -333279 -332061 -299803
3.72901e+06 -276961 -333514 -332297 -300231 -276961 -333514 -332297 -300231 -276961 -333514 -332297 -300231
3.73225e+06 -277151 -333748 -332531 -300655 -277151 -333748 -332531 -300655 -277151 -333748 -332531 -300655
3.73547e+06 -277339 -333979 -332763 -301075 -277339 -333979 -332763 -301075 -277339 -333979 -332763 -301075
3.73866e+06 -277524 -334209 -332995 -301492 -277524 -334209 -332995 -301492 -277524 -334209 -332995 -301492
3.74182e+06 -277698 -334439 -333226 -301908 -277698 -334439 -333226 -301908 -277698 -334439 -333226 -301908
3.74495e+06 -277871 -334668 -333456 -302322 -277871 -334668 -333456 -302322 -277871 -334668 -333456 -302322
3.74805e+06 -278044 -334895 -333679 -302733 -278044 -334895 -333679 -302733 -278044 -334895 -333679 -302733
3.75112e+06 -278219 -335121 -333895 -303140 -278219 -335121 -333895 -303140 -278219 -335121 -333895 -303140
3.75415e+06 -278396 -335337 -334112 -303539 -278396 -335337 -334112 -303539 -278396 -335337 -334112 -303539
3.75715e+06 -278573 -335552 -334328 -303930 -278573 -335552 -334328 -303930 -278573 -335552 -334328 -303930
3.7601e+06 -278754 -335769 -334544 -304300 -278754 -335769 -334544 -304300 -278754 -335769 -334544 -304300
3.69749e+06 -283693 -319558 -318911 -310327 -283693 -319558 -318911 -310327 -283693 -319558 -318911 -310327
3.70302e+06 -283809 -320283 -319642 -310600 -283809 -320283 -319642 -310600 -283809 -320283 -319642 -310600
3.70789e+06 -283916 -320907 -320290 -310853 -283916 -320907 -320290 -310853 -283916 -320907 -320290 -310853
3.71238e+06 -284015 -321459 -320883 -311099 -284015 -321459 -320883 -311099 -284015 -321459 -320883 -311099
3.71658e+06 -284115 -321968 -321433 -311339 -284115 -321968 -321433 -311339 -284115 -321968 -321433 -311339
3.72046e+06 -284223 -322433 -321921 -311574 -284223 -322433 -321921 -311574 -284223 -322433 -321921 -311574
3.72414e+06 -284337 -322845 -322381 -311812 -284337 -322845 -322381 -311812 -284337 -322845 -322381 -311812
3.72798e+06 -284430 -323421 -322787 -312024 -284430 -323421 -322787 -312024 -284430 -323421 -322787 -312024
3.73182e+06 -284512 -324042 -323155 -312229 -284512 -324042 -323155 -312229 -284512 -324042 -323155 -312229
3.73568e+06 -284584 -324648 -323643 -312418 -284584 -324648 -323643 -312418 -284584 -324648 -323643 -312418
3.73986e+06 -284631 -325207 -324209 -312575 -284631 -325207 -324209 -312575 -284631 -325207 -324209 -312575
3.74378e+06 -284689 -325746 -324752 -312740 -284689 -325746 -324752 -312740 -284689 -325746 -324752 -312740
3.74759e+06 -284747 -326265 -325282 -312905 -284747 -326265 -325282 -312905 -284747 -326265 -325282 -312905
3.75109e+06 -284811 -326719 -325754 -313089 -284811 -326719 -325754 -313089 -284811 -326719 -325754 -313089
3.7541e+06 -284902 -327064 -326109 -313306 -284902 -327064 -326109 -313306 -284902 -327064 -326109 -313306
3.75687e+06 -285003 -327356 -326402 -313532 -285003 -327356 -326402 -313532 -285003 -327356 -326402 -313532
3.75954e+06 -285106 -327636 -326682 -313757 -285106 -327636 -326682 -313757 -285106 -327636 -326682 -313757
3.76207e+06 -285203 -327895 -326946 -313986 -285203 -327895 -326946 -313986 -285203 -327895 -326946 -313986
3.76449e+06 -285297 -328133 -327183 -314217 -285297 -328133 -327183 -314217 -285297 -328133 -327183 -314217
3.76683e+06 -285389 -328367 -327417 -314436 -285389 -328367 -327417 -314436 -285389 -328367 -327417 -314436
3.7691e+06 -285476 -328598 -327648 -314644 -285476 -328598 -327648 -314644 -285476 -328598 -327648 -314644
3.77131e+06 -285556 -328825 -327876 -314846 -285556 -328825 -327876 -314846 -285556 -328825 -327876 -314846
3.77344e+06 -285625 -329048 -328103 -315038 -285625 -329048 -328103 -315038 -285625 -329048 -328103 -315038
3.75416e+06 -273459 -330809 -329829 -317289 -273459 -330809 -329829 -317289 -273459 -330809 -329829 -317289
3.75756e+06 -274255 -330938 -329970 -317357 -274255 -330938 -329970 -317357 -274255 -330938 -329970 -317357
3.76054e+06 -274957 -331058 -330097 -317402 -274957 -331058 -330097 -317402 -274957 -331058 -330097 -317402
3.76334e+06 -275573 -331187 -330232 -317457 -275573 -331187 -330232 -317457 -275573 -331187 -330232 -317457
3.76551e+06 -275866 -331353 -330404 -317566 -275866 -331353 -330404 -317566 -275866 -331353 -330404 -317566
3.7675e+06 -276056 -331518 -330579 -317686 -276056 -331518 -330579 -317686 -276056 -331518 -330579 -317686
3.76937e+06 -276239 -331672 -330741 -317805 -276239 -331672 -330741 -317805 -276239 -331672 -330741 -317805
3.77115e+06 -276426 -331818 -330895 -317913 -276426 -331818 -330895 -317913 -276426 -331818 -330895 -317913
3.77284e+06 -276587 -331964 -331048 -318017 -276587 -331964 -331048 -318017 -276587 -331964 -331048 -318017
3.77447e+06 -276725 -332109 -331201 -318120 -276725 -332109 -331201 -318120 -276725 -332109 -331201 -318120
3.77605e+06 -276863 -332251 -331350 -318220 -276863 -332251 -331350 -318220 -276863 -332251 -331350 -318220
3.77761e+06 -276999 -332391 -331495 -318318 -276999 -332391 -331495 -318318 -276999 -332391 -331495 -318318
3.77914e+06 -277135 -332527 -331638 -318412 -277135 -332527 -331638 -318412 -277135 -332527 -331638 -318412
3.78064e+06 -277268 -332661 -331778 -318504 -277268 -332661 -331778 -318504 -277268 -332661 -331778 -318504
3.75017e+06 -276753 -332373 -330097 -310875 -276753 -332373 -330097 -310875 -276753 -332373 -330097 -310875
3.75261e+06 -276888 -332521 -330445 -311017 -276888 -332521 -330445 -311017 -276888 -332521 -330445 -311017
3.75457e+06 -276990 -332624 -330780 -311131 -276990 -332624 -330780 -311131 -276990 -332624 -330780 -311131
3.72492e+06 -270789 -329797 -330600 -310452 -270789 -329797 -330600 -310452 -270789 -329797 -330600 -310452
3.72796e+06 -271046 -330145 -330916 -310550 -271046 -330145 -330916 -310550 -271046 -330145 -330916 -310550
3.73046e+06 -271120 -330482 -331227 -310654 -271120 -330482 -331227 -310654 -271120 -330482 -331227 -310654
3.71025e+06 -273432 -332214 -332827 -298277 -273432 -332214 -332827 -298277 -273432 -332214 -332827 -298277
3.71365e+06 -273512 -332401 -332972 -298998 -273512 -332401 -332972 -298998 -273512 -332401 -332972 -298998
3.71658e+06 -273591 -332564 -333098 -299609 -273591 -332564 -333098 -299609 -273591 -332564 -333098 -299609
3.71943e+06 -273671 -332724 -333221 -300193 -273671 -332724 -333221 -300193 -273671 -332724 -333221 -300193
3.72219e+06 -273751 -332879 -333343 -300759 -273751 -332879 -333343 -300759 -273751 -332879 -333343 -300759
3.69789e+06 -273281 -332775 -331818 -294758 -273281 -332775 -331818 -294758 -273281 -332775 -331818 -294758
3.70073e+06 -273360 -332922 -332110 -295185 -273360 -332922 -332110 -295185 -273360 -332922 -332110 -295185
3.67661e+06 -268252 -330506 -331991 -294790 -268252 -330506 -331991 -294790 -268252 -330506 -331991 -294790
3.67923e+06 -268308 -330820 -332281 -294999 -268308 -330820 -332281 -294999 -268308 -330820 -332281 -294999
3.63571e+06 -267265 -325488 -325202 -293948 -267265 -325488 -325202 -293948 -267265 -325488 -325202 -293948
3.6391e+06 -267350 -325918 -325634 -294130 -267350 -325918 -325634 -294130 -267350 -325918 -325634 -294130
3.64158e+06 -267420 -326214 -325920 -294284 -267420 -326214 -325920 -294284 -267420 -326214 -325920 -294284
3.64387e+06 -267492 -326502 -326188 -294440 -267492 -326502 -326188 -294440 -267492 -326502 -326188 -294440
3.62409e+06 -269344 -314063 -328161 -296462 -269344 -314063 -328161 -296462 -269344 -314063 -328161 -296462
3.60605e+06 -271039 -316988 -315694 -298295 -271039 -316988 -315694 -298295 -271039 -316988 -315694 -298295
3.61017e+06 -270959 -317668 -316491 -298272 -270959 -317668 -316491 -298272 -270959 -317668 -316491 -298272
3.61389e+06 -270860 -318334 -317206 -298232 -270860 -318334 -317206 -298232 -270860 -318334 -317206 -298232
3.61729e+06 -270760 -318960 -317855 -298191 -270760 -318960 -317855 -298191 -270760 -318960 -317855 -298191
3.6205e+06 -270676 -319497 -318504 -298163 -270676 -319497 -318504 -298163 -270676 -319497 -318504 -298163
3.62332e+06 -270629 -319887 -319091 -298181 -270629 -319887 -319091 -298181 -270629 -319887 -319091 -298181
3.62591e+06 -270604 -320250 -319572 -298221 -270604 -320250 -319572 -298221 -270604 -320250 -319572 -298221
3.62814e+06 -270605 -320614 -319876 -298290 -270605 -320614 -319876 -298290 -270605 -320614 -319876 -298290
3.63023e+06 -270629 -320927 -320146 -298382 -270629 -320927 -320146 -298382 -270629 -320927 -320146 -298382
3.63225e+06 -270666 -321200 -320397 -298488 -270666 -321200 -320397 -298488 -270666 -321200 -320397 -298488
3.63424e+06 -270700 -321472 -320646 -298594 -270700 -321472 -320646 -298594 -270700 -321472 -320646 -298594
3.63614e+06 -270731 -321738 -320879 -298698 -270731 -321738 -320879 -298698 -270731 -321738 -320879 -298698
3.63785e+06 -270762 -321992 -321069 -298797 -270762 -321992 -321069 -298797 -270762 -321992 -321069 -298797
3.63945e+06 -270795 -322221 -321239 -298896 -270795 -322221 -321239 -298896 -270795 -322221 -321239 -298896
3.64093e+06 -270827 -322435 -321392 -298990 -270827 -322435 -321392 -298990 -270827 -322435 -321392 -298990
3.6422e+06 -270864 -322594 -321527 -299084 -270864 -322594 -321527 -299084 -270864 -322594 -321527 -299084
3.64337e+06 -270896 -322728 -321657 -299174 -270896 -322728 -321657 -299174 -270896 -322728 -321657 -299174
3.64449e+06 -270929 -322855 -321784 -299263 -270929 -322855 -321784 -299263 -270929 -322855 -321784 -299263
3.64559e+06 -270961 -322982 -321910 -299344 -270961 -322982 -321910 -299344 -270961 -322982 -321910 -299344
3.64668e+06 -270993 -323107 -322035 -299424 -270993 -323107 -322035 -299424 -270993 -323107 -322035 -299424
3.58563e+06 -269737 -318034 -314486 -292957 -269737 -318034 -314486 -292957 -269737 -318034 -314486 -292957
3.58799e+06 -269773 -318293 -314820 -293068 -269773 -318293 -314820 -293068 -269773 -318293 -314820 -293068
3.5666e+06 -265193 -316094 -314911 -292667 -265193 -316094 -314911 -292667 -265193 -316094 -314911 -292667
3.56911e+06 -265180 -316476 -315281 -292769 -265180 -316476 -315281 -292769 -265180 -316476 -315281 -292769
3.57131e+06 -265175 -316821 -315605 -292835 -265175 -316821 -315605 -292835 -265175 -316821 -315605 -292835
3.57334e+06 -265170 -317159 -315906 -292880 -265170 -317159 -315906 -292880 -265170 -317159 -315906 -292880
3.5753e+06 -265162 -317488 -316195 -292918 -265162 -317488 -316195 -292918 -265162 -317488 -316195 -292918
3.5772e+06 -265154 -317811 -316480 -292954 -265154 -317811 -316480 -292954 -265154 -317811 -316480 -292954
3.57906e+06 -265145 -318127 -316762 -292986 -265145 -318127 -316762 -292986 -265145 -318127 -316762 -292986
3.58083e+06 -265137 -318422 -317039 -293010 -265137 -318422 -317039 -293010 -265137 -318422 -317039 -293010
3.58251e+06 -265138 -318706 -317304 -293022 -265138 -318706 -317304 -293022 -265138 -318706 -317304 -293022
3.58407e+06 -265162 -318971 -317544 -293012 -265162 -318971 -317544 -293012 -265162 -318971 -317544 -293012
3.58552e+06 -265184 -319233 -317763 -292994 -265184 -319233 -317763 -292994 -265184 -319233 -317763 -292994
3.5869e+06 -265204 -319491 -317965 -292973 -265204 -319491 -317965 -292973 -265204 -319491 -317965 -292973
3.58817e+06 -265221 -319740 -318149 -292948 -265221 -319740 -318149 -292948 -265221 -319740 -318149 -292948
3.58937e+06 -265237 -319975 -318326 -292920 -265237 -319975 -318326 -292920 -265237 -319975 -318326 -292920
3.59048e+06 -265253 -320189 -318498 -292888 -265253 -320189 -318498 -292888 -265253 -320189 -318498 -292888
3.59151e+06 -265268 -320385 -318665 -292853 -265268 -320385 -318665 -292853 -265268 -320385 -318665 -292853
3.59246e+06 -265280 -320561 -318829 -292815 -265280 -320561 -318829 -292815 -265280 -320561 -318829 -292815
3.59336e+06 -265290 -320731 -318990 -292775 -265290 -320731 -318990 -292775 -265290 -320731 -318990 -292775
3.59421e+06 -265299 -320894 -319144 -292734 -265299 -320894 -319144 -292734 -265299 -320894 -319144 -292734
3.53649e+06 -262973 -313812 -313043 -289007 -262973 -313812 -313043 -289007 -262973 -313812 -313043 -289007
3.53895e+06 -263171 -314062 -313236 -289182 -263171 -314062 -313236 -289182 -263171 -314062 -313236 -289182
3.54118e+06 -263359 -314271 -313420 -289343 -263359 -314271 -313420 -289343 -263359 -314271 -313420 -289343
3.54321e+06 -263535 -314464 -313574 -289496 -263535 -314464 -313574 -289496 -263535 -314464 -313574 -289496
3.54508e+06 -263692 -314638 -313738 -289626 -263692 -314638 -313738 -289626 -263692 -314638 -313738 -289626
3.54685e+06 -263829 -314800 -313921 -289734 -263829 -314800 -313921 -289734 -263829 -314800 -313921 -289734
3.54857e+06 -263959 -314963 -314097 -289837 -263959 -314963 -314097 -289837 -263959 -314963 -314097 -289837
3.55024e+06 -264081 -315126 -314266 -289940 -264081 -315126 -314266 -289940 -264081 -315126 -314266 -289940
3.55185e+06 -264192 -315287 -314426 -290045 -264192 -315287 -314426 -290045 -264192 -315287 -314426 -290045
3.50409e+06 -262203 -309412 -309316 -287098 -262203 -309412 -309316 -287098 -262203 -309412 -309316 -287098
3.50591e+06 -262284 -309602 -309499 -287236 -262284 -309602 -309499 -287236 -262284 -309602 -309499 -287236
3.50757e+06 -262369 -309779 -309672 -287371 -262369 -309779 -309672 -287371 -262369 -309779 -309672 -287371
3.5092e+06 -262450 -309950 -309831 -287500 -262450 -309950 -309831 -287500 -262450 -309950 -309831 -287500
3.51061e+06 -262554 -310093 -309956 -287601 -262554 -310093 -309956 -287601 -262554 -310093 -309956 -287601
3.51203e+06 -262663 -310235 -310079 -287699 -262663 -310235 -310079 -287699 -262663 -310235 -310079 -287699
3.51341e+06 -262770 -310372 -310199 -287792 -262770 -310372 -310199 -287792 -262770 -310372 -310199 -287792
3.51476e+06 -262876 -310509 -310317 -287886 -262876 -310509 -310317 -287886 -262876 -310509 -310317 -287886
3.51611e+06 -262982 -310644 -310435 -287977 -262982 -310644 -310435 -287977 -262982 -310644 -310435 -287977
3.51745e+06 -263086 -310779 -310552 -288065 -263086 -310779 -310552 -288065 -263086 -310779 -310552 -288065
3.51874e+06 -263187 -310912 -310669 -288148 -263187 -310912 -310669 -288148 -263187 -310912 -310669 -288148
3.51998e+06 -263279 -311045 -310785 -288218 -263279 -311045 -310785 -288218 -263279 -311045 -310785 -288218
3.52106e+06 -263349 -311177 -310903 -288257 -263349 -311177 -310903 -288257 -263349 -311177 -310903 -288257
3.52198e+06 -263392 -311307 -311022 -288273 -263392 -311307 -311022 -288273 -263392 -311307 -311022 -288273
3.49026e+06 -263008 -307010 -305670 -287733 -263008 -307010 -305670 -287733 -263008 -307010 -305670 -287733
3.49148e+06 -263052 -307165 -305860 -287748 -263052 -307165 -305860 -287748 -263052 -307165 -305860 -287748
3.49244e+06 -263075 -307322 -306015 -287736 -263075 -307322 -306015 -287736 -263075 -307322 -306015 -287736
3.49316e+06 -263072 -307466 -306149 -287698 -263072 -307466 -306149 -287698 -263072 -307466 -306149 -287698
3.49377e+06 -263060 -307606 -306286 -287639 -263060 -307606 -306286 -287639 -263060 -307606 -306286 -287639
3.49426e+06 -263032 -307741 -306421 -287559 -263032 -307741 -306421 -287559 -263032 -307741 -306421 -287559
3.49464e+06 -262991 -307872 -306554 -287463 -262991 -307872 -306554 -287463 -262991 -307872 -306554 -287463
3.49496e+06 -262942 -307999 -306683 -287363 -262942 -307999 -306683 -287363 -262942 -307999 -306683 -287363
3.49526e+06 -262891 -308124 -306810 -287260 -262891 -308124 -306810 -287260 -262891 -308124 -306810 -287260
3.49548e+06 -262833 -308246 -306932 -287148 -262833 -308246 -306932 -287148 -262833 -308246 -306932 -287148
3.49563e+06 -262767 -308363 -307052 -287026 -262767 -308363 -307052 -287026 -262767 -308363 -307052 -287026
3.49574e+06 -262698 -308480 -307170 -286899 -262698 -308480 -307170 -286899 -262698 -308480 -307170 -286899
3.49582e+06 -262626 -308594 -307286 -286768 -262626 -308594 -307286 -286768 -262626 -308594 -307286 -286768
3.4959e+06 -262554 -308708 -307402 -286636 -262554 -308708 -307402 -286636 -262554 -308708 -307402 -286636
3.49596e+06 -262479 -308821 -307517 -286502 -262479 -308821 -307517 -286502 -262479 -308821 -307517 -286502
3.496e+06 -262406 -308930 -307629 -286368 -262406 -308930 -307629 -286368 -262406 -308930 -307629 -286368
3.49603e+06 -262333 -309037 -307738 -286234 -262333 -309037 -307738 -286234 -262333 -309037 -307738 -286234
3.49604e+06 -262259 -309143 -307846 -286098 -262259 -309143 -307846 -286098 -262259 -309143 -307846 -286098
3.49601e+06 -262180 -309243 -307949 -285964 -262180 -309243 -307949 -285964 -262180 -309243 -307949 -285964
3.47515e+06 -261854 -309174 -303783 -283572 -261854 -309174 -303783 -283572 -261854 -309174 -303783 -283572
3.45537e+06 -260275 -304406 -303667 -283431 -260275 -304406 -303667 -283431 -260275 -304406 -303667 -283431
3.45663e+06 -260374 -304490 -303806 -283541 -260374 -304490 -303806 -283541 -260374 -304490 -303806 -283541
3.45765e+06 -260443 -304599 -303905 -283602 -260443 -304599 -303905 -283602 -260443 -304599 -303905 -283602
3.45845e+06 -260496 -304698 -304002 -283621 -260496 -304698 -304002 -283621 -260496 -304698 -304002 -283621
3.45901e+06 -260540 -304791 -304090 -283578 -260540 -304791 -304090 -283578 -260540 -304791 -304090 -283578
3.45931e+06 -260542 -304878 -304164 -283520 -260542 -304878 -304164 -283520 -260542 -304878 -304164 -283520
3.45951e+06 -260549 -304949 -304224 -283448 -260549 -304949 -304224 -283448 -260549 -304949 -304224 -283448
3.45964e+06 -260566 -305009 -304274 -283365 -260566 -305009 -304274 -283365 -260566 -305009 -304274 -283365
3.4597e+06 -260591 -305059 -304315 -283269 -260591 -305059 -304315 -283269 -260591 -305059 -304315 -283269
3.45969e+06 -260623 -305101 -304350 -283156 -260623 -305101 -304350 -283156 -260623 -305101 -304350 -283156
3.45956e+06 -260654 -305139 -304380 -283014 -260654 -305139 -304380 -283014 -260654 -305139 -304380 -283014
3.4593e+06 -260676 -305168 -304404 -282853 -260676 -305168 -304404 -282853 -260676 -305168 -304404 -282853
3.45897e+06 -260682 -305196 -304427 -282686 -260682 -305196 -304427 -282686 -260682 -305196 -304427 -282686
3.45859e+06 -260685 -305220 -304447 -282510 -260685 -305220 -304447 -282510 -260685 -305220 -304447 -282510
3.45791e+06 -260657 -305218 -304469 -282291 -260657 -305218 -304469 -282291 -260657 -305218 -304469 -282291
3.45723e+06 -260629 -305219 -304497 -282065 -260629 -305219 -304497 -282065 -260629 -305219 -304497 -282065
3.45623e+06 -260564 -305218 -304494 -281800 -260564 -305218 -304494 -281800 -260564 -305218 -304494 -281800
3.45514e+06 -260494 -305210 -304483 -281524 -260494 -305210 -304483 -281524 -260494 -305210 -304483 -281524
3.45398e+06 -260414 -305194 -304466 -281251 -260414 -305194 -304466 -281251 -260414 -305194 -304466 -281251
3.45274e+06 -260324 -305168 -304439 -280983 -260324 -305168 -304439 -280983 -260324 -305168 -304439 -280983
3.45143e+06 -260226 -305129 -304398 -280724 -260226 -305129 -304398 -280724 -260226 -305129 -304398 -280724
3.45003e+06 -260116 -305074 -304343 -280476 -260116 -305074 -304343 -280476 -260116 -305074 -304343 -280476
3.44848e+06 -259994 -304999 -304266 -280235 -259994 -304999 -304266 -280235 -259994 -304999 -304266 -280235
3.44687e+06 -259857 -304913 -304179 -280008 -259857 -304913 -304179 -280008 -259857 -304913 -304179 -280008
3.44515e+06 -259709 -304815 -304080 -279779 -259709 -304815 -304080 -279779 -259709 -304815 -304080 -279779
3.44321e+06 -259563 -304689 -303954 -279529 -259563 -304689 -303954 -279529 -259563 -304689 -303954 -279529
3.44121e+06 -259411 -304557 -303822 -279279 -259411 -304557 -303822 -279279 -259411 -304557 -303822 -279279
3.43917e+06 -259255 -304420 -303687 -279028 -259255 -304420 -303687 -279028 -259255 -304420 -303687 -279028
3.4371e+06 -259096 -304280 -303548 -278775 -259096 -304280 -303548 -278775 -259096 -304280 -303548 -278775
3.435e+06 -258935 -304137 -303406 -278522 -258935 -304137 -303406 -278522 -258935 -304137 -303406 -278522
3.43289e+06 -258773 -303992 -303262 -278269 -258773 -303992 -303262 -278269 -258773 -303992 -303262 -278269
3.43046e+06 -258626 -303809 -303081 -277973 -258626 -303809 -303081 -277973 -258626 -303809 -303081 -277973
3.42795e+06 -258483 -303614 -302888 -277666 -258483 -303614 -302888 -277666 -258483 -303614 -302888 -277666
3.42541e+06 -258338 -303416 -302692 -277358 -258338 -303416 -302692 -277358 -258338 -303416 -302692 -277358
3.42287e+06 -258192 -303217 -302495 -277052 -258192 -303217 -302495 -277052 -258192 -303217 -302495 -277052
3.42031e+06 -258045 -303016 -302296 -276746 -258045 -303016 -302296 -276746 -258045 -303016 -302296 -276746
3.41774e+06 -257897 -302813 -302096 -276440 -257897 -302813 -302096 -276440 -257897 -302813 -302096 -276440
3.41509e+06 -257741 -302601 -301886 -276135 -257741 -302601 -301886 -276135 -257741 -302601 -301886 -276135
3.39069e+06 -257332 -302118 -300267 -270472 -257332 -302118 -300267 -270472 -257332 -302118 -300267 -270472
3.38892e+06 -257205 -301935 -300198 -270280 -257205 -301935 -300198 -270280 -257205 -301935 -300198 -270280
3.38689e+06 -257071 -301743 -300091 -270058 -257071 -301743 -300091 -270058 -257071 -301743 -300091 -270058
3.38464e+06 -256927 -301540 -299951 -269795 -256927 -301540 -299951 -269795 -256927 -301540 -299951 -269795
3.36102e+06 -252477 -299246 -299479 -269127 -252477 -299246 -299479 -269127 -252477 -299246 -299479 -269127
3.35953e+06 -252413 -299195 -299356 -268886 -252413 -299195 -299356 -268886 -252413 -299195 -299356 -268886
3.35782e+06 -252314 -299098 -299224 -268637 -252314 -299098 -299224 -268637 -252314 -299098 -299224 -268637
3.3559e+06 -252190 -298970 -299089 -268384 -252190 -298970 -299089 -268384 -252190 -298970 -299089 -268384
3.35398e+06 -252065 -298841 -298952 -268132 -252065 -298841 -298952 -268132 -252065 -298841 -298952 -268132
3.35205e+06 -251939 -298711 -298816 -267881 -251939 -298711 -298816 -267881 -251939 -298711 -298816 -267881
3.3501e+06 -251812 -298581 -298678 -267630 -251812 -298581 -298678 -267630 -251812 -298581 -298678 -267630
3.34815e+06 -251684 -298450 -298536 -267379 -251684 -298450 -298536 -267379 -251684 -298450 -298536 -267379
3.34616e+06 -251555 -298318 -298387 -267128 -251555 -298318 -298387 -267128 -251555 -298318 -298387 -267128
3.34398e+06 -251410 -298169 -298208 -266873 -251410 -298169 -298208 -266873 -251410 -298169 -298208 -266873
3.34171e+06 -251254 -298009 -298015 -266625 -251254 -298009 -298015 -266625 -251254 -298009 -298015 -266625
3.33956e+06 -251112 -297859 -297836 -266379 -251112 -297859 -297836 -266379 -251112 -297859 -297836 -266379
3.33734e+06 -250965 -297700 -297652 -266129 -250965 -297700 -297652 -266129 -250965 -297700 -297652 -266129
3.33504e+06 -250818 -297526 -297460 -265877 -250818 -297526 -297460 -265877 -250818 -297526 -297460 -265877
3.31368e+06 -250227 -294918 -294307 -265109 -250227 -294918 -294307 -265109 -250227 -294918 -294307 -265109
3.30336e+06 -249890 -293220 -293373 -264638 -249890 -293220 -293373 -264638 -249890 -293220 -293373 -264638
3.30179e+06 -249759 -293099 -293335 -264403 -249759 -293099 -293335 -264403 -249759 -293099 -293335 -264403
3.30008e+06 -249626 -292970 -293268 -264164 -249626 -292970 -293268 -264164 -249626 -292970 -293268 -264164
3.29833e+06 -249491 -292834 -293195 -263923 -249491 -292834 -293195 -263923 -249491 -292834 -293195 -263923
3.29649e+06 -249353 -292684 -293113 -263681 -249353 -292684 -293113 -263681 -249353 -292684 -293113 -263681
3.29427e+06 -249182 -292479 -292986 -263443 -249182 -292479 -292986 -263443 -249182 -292479 -292986 -263443
3.29183e+06 -249001 -292259 -292817 -263201 -249001 -292259 -292817 -263201 -249001 -292259 -292817 -263201
3.28931e+06 -248818 -292037 -292623 -262958 -248818 -292037 -292623 -262958 -248818 -292037 -292623 -262958
3.2859e+06 -248613 -291810 -292183 -262693 -248613 -291810 -292183 -262693 -248613 -291810 -292183 -262693
3.27661e+06 -248267 -291167 -290497 -262269 -248267 -291167 -290497 -262269 -248267 -291167 -290497 -262269
3.27446e+06 -248095 -291039 -290314 -262039 -248095 -291039 -290314 -262039 -248095 -291039 -290314 -262039
3.27223e+06 -247922 -290887 -290126 -261807 -247922 -290887 -290126 -261807 -247922 -290887 -290126 -261807
3.26994e+06 -247748 -290726 -289931 -261574 -247748 -290726 -289931 -261574 -247748 -290726 -289931 -261574
3.26755e+06 -247573 -290556 -289714 -261340 -247573 -290556 -289714 -261340 -247573 -290556 -289714 -261340
3.26508e+06 -247396 -290368 -289492 -261104 -247396 -290368 -289492 -261104 -247396 -290368 -289492 -261104
3.26256e+06 -247219 -290167 -289267 -260867 -247219 -290167 -289267 -260867 -247219 -290167 -289267 -260867
3.26002e+06 -247043 -289959 -289042 -260631 -247043 -289959 -289042 -260631 -247043 -289959 -289042 -260631
3.25747e+06 -246866 -289746 -288817 -260394 -246866 -289746 -288817 -260394 -246866 -289746 -288817 -260394
3.2549e+06 -246690 -289529 -288592 -260157 -246690 -289529 -288592 -260157 -246690 -289529 -288592 -260157
3.20331e+06 -241146 -286941 -285888 -253797 -241146 -286941 -285888 -253797 -241146 -286941 -285888 -253797
3.20215e+06 -241128 -286771 -285750 -253737 -241128 -286771 -285750 -253737 -241128 -286771 -285750 -253737
3.20045e+06 -241048 -286588 -285571 -253611 -241048 -286588 -285571 -253611 -241048 -286588 -285571 -253611
3.19862e+06 -240955 -286398 -285383 -253470 -240955 -286398 -285383 -253470 -240955 -286398 -285383 -253470
3.19668e+06 -240851 -286200 -285191 -253317 -240851 -286200 -285191 -253317 -240851 -286200 -285191 -253317
3.1947e+06 -240743 -286003 -284995 -253159 -240743 -286003 -284995 -253159 -240743 -286003 -284995 -253159
3.1927e+06 -240634 -285803 -284797 -252999 -240634 -285803 -284797 -252999 -240634 -285803 -284797 -252999
3.19069e+06 -240523 -285601 -284599 -252838 -240523 -285601 -284599 -252838 -240523 -285601 -284599 -252838
3.18867e+06 -240413 -285399 -284401 -252677 -240413 -285399 -284401 -252677 -240413 -285399 -284401 -252677
3.18665e+06 -240301 -285197 -284202 -252515 -240301 -285197 -284202 -252515 -240301 -285197 -284202 -252515
3.18456e+06 -240183 -284987 -284002 -252346 -240183 -284987 -284002 -252346 -240183 -284987 -284002 -252346
3.16242e+06 -239634 -284329 -280088 -250052 -239634 -284329 -280088 -250052 -239634 -284329 -280088 -250052
3.14103e+06 -238073 -279873 -279481 -249566 -238073 -279873 -279481 -249566 -238073 -279873 -279481 -249566
3.10843e+06 -234286 -275654 -275263 -250941 -234286 -275654 -275263 -250941 -234286 -275654 -275263 -250941
3.10789e+06 -234352 -275589 -275186 -250839 -234352 -275589 -275186 -250839 -234352 -275589 -275186 -250839
3.10725e+06 -234407 -275519 -275106 -250718 -234407 -275519 -275106 -250718 -234407 -275519 -275106 -250718
3.10633e+06 -234431 -275416 -274993 -250602 -234431 -275416 -274993 -250602 -234431 -275416 -274993 -250602
3.1052e+06 -234427 -275283 -274849 -250505 -234427 -275283 -274849 -250505 -234427 -275283 -274849 -250505
3.10402e+06 -234418 -275145 -274702 -250405 -234418 -275145 -274702 -250405 -234418 -275145 -274702 -250405
3.10275e+06 -234401 -275000 -274545 -250305 -234401 -275000 -274545 -250305 -234401 -275000 -274545 -250305
3.10146e+06 -234380 -274851 -274383 -250207 -234380 -274851 -274383 -250207 -234380 -274851 -274383 -250207
3.10015e+06 -234354 -274701 -274219 -250104 -234354 -274701 -274219 -250104 -234354 -274701 -274219 -250104
3.07803e+06 -235463 -272028 -271439 -247080 -235463 -272028 -271439 -247080 -235463 -272028 -271439 -247080
3.07634e+06 -235343 -271927 -271250 -246927 -235343 -271927 -271250 -246927 -235343 -271927 -271250 -246927
3.07537e+06 -235307 -271796 -271155 -246865 -235307 -271796 -271155 -246865 -235307 -271796 -271155 -246865
3.07405e+06 -235226 -271666 -271028 -246763 -235226 -271666 -271028 -246763 -235226 -271666 -271028 -246763
3.0726e+06 -235134 -271522 -270895 -246649 -235134 -271522 -270895 -246649 -235134 -271522 -270895 -246649
3.07099e+06 -235033 -271362 -270755 -246512 -235033 -271362 -270755 -246512 -235033 -271362 -270755 -246512
3.06916e+06 -234905 -271185 -270615 -246350 -234905 -271185 -270615 -246350 -234905 -271185 -270615 -246350
3.06716e+06 -234755 -270989 -270479 -246164 -234755 -270989 -270479 -246164 -234755 -270989 -270479 -246164
3.06489e+06 -234575 -270763 -270347 -245945 -234575 -270763 -270347 -245945 -234575 -270763 -270347 -245945
3.06246e+06 -234386 -270531 -270187 -245715 -234386 -270531 -270187 -245715 -234386 -270531 -270187 -245715
3.06168e+06 -234373 -270471 -270040 -245676 -234373 -270471 -270040 -245676 -234373 -270471 -270040 -245676
3.06016e+06 -234287 -270335 -269880 -245550 -234287 -270335 -269880 -245550 -234287 -270335 -269880 -245550
3.05847e+06 -234188 -270181 -269717 -245404 -234188 -270181 -269717 -245404 -234188 -270181 -269717 -245404
3.0568e+06 -234089 -270027 -269555 -245261 -234089 -270027 -269555 -245261 -234089 -270027 -269555 -245261
3.0551e+06 -233990 -269871 -269391 -245116 -233990 -269871 -269391 -245116 -233990 -269871 -269391 -245116
3.0534e+06 -233890 -269714 -269227 -244971 -233890 -269714 -269227 -244971 -233890 -269714 -269227 -244971
3.05167e+06 -233787 -269552 -269063 -244822 -233787 -269552 -269063 -244822 -233787 -269552 -269063 -244822
3.01275e+06 -229426 -267734 -267256 -239834 -229426 -267734 -267256 -239834 -229426 -267734 -267256 -239834
3.01146e+06 -229371 -267596 -267110 -239742 -229371 -267596 -267110 -239742 -229371 -267596 -267110 -239742
3.01006e+06 -229303 -267450 -266964 -239636 -229303 -267450 -266964 -239636 -229303 -267450 -266964 -239636
3.00854e+06 -229222 -267298 -266812 -239515 -229222 -267298 -266812 -239515 -229222 -267298 -266812 -239515
3.00704e+06 -229140 -267147 -266662 -239393 -229140 -267147 -266662 -239393 -229140 -267147 -266662 -239393
3.00551e+06 -229058 -266997 -266512 -239269 -229058 -266997 -266512 -239269 -229058 -266997 -266512 -239269
3.00398e+06 -228974 -266846 -266362 -239144 -228974 -266846 -266362 -239144 -228974 -266846 -266362 -239144
3.00241e+06 -228888 -266693 -266210 -239014 -228888 -266693 -266210 -239014 -228888 -266693 -266210 -239014
3.00085e+06 -228802 -266539 -266058 -238883 -228802 -266539 -266058 -238883 -228802 -266539 -266058 -238883
2.99919e+06 -228706 -266382 -265901 -238741 -228706 -266382 -265901 -238741 -228706 -266382 -265901 -238741
2.99754e+06 -228608 -266226 -265746 -238599 -228608 -266226 -265746 -238599 -228608 -266226 -265746 -238599
2.97685e+06 -226104 -263610 -263166 -239405 -226104 -263610 -263166 -239405 -226104 -263610 -263166 -239405
2.97539e+06 -226033 -263479 -263036 -239249 -226033 -263479 -263036 -239249 -226033 -263479 -263036 -239249
2.97385e+06 -225952 -263338 -262897 -239093 -225952 -263338 -262897 -239093 -225952 -263338 -262897 -239093
2.9723e+06 -225872 -263198 -262758 -238940 -225872 -263198 -262758 -238940 -225872 -263198 -262758 -238940
2.97076e+06 -225791 -263057 -262618 -238786 -225791 -263057 -262618 -238786 -225791 -263057 -262618 -238786
2.96921e+06 -225710 -262916 -262479 -238632 -225710 -262916 -262479 -238632 -225710 -262916 -262479 -238632
2.96767e+06 -225629 -262776 -262340 -238479 -225629 -262776 -262340 -238479 -225629 -262776 -262340 -238479
2.9661e+06 -225545 -262631 -262197 -238327 -225545 -262631 -262197 -238327 -225545 -262631 -262197 -238327
2.96453e+06 -225460 -262485 -262053 -238178 -225460 -262485 -262053 -238178 -225460 -262485 -262053 -238178
2.96295e+06 -225374 -262339 -261909 -238029 -225374 -262339 -261909 -238029 -225374 -262339 -261909 -238029
2.96138e+06 -225289 -262194 -261765 -237880 -225289 -262194 -261765 -237880 -225289 -262194 -261765 -237880
2.95982e+06 -225204 -262048 -261621 -237732 -225204 -262048 -261621 -237732 -225204 -262048 -261621 -237732
2.95825e+06 -225119 -261903 -261478 -237584 -225119 -261903 -261478 -237584 -225119 -261903 -261478 -237584
2.9567e+06 -225035 -261759 -261336 -237436 -225035 -261759 -261336 -237436 -225035 -261759 -261336 -237436
2.95514e+06 -224950 -261615 -261194 -237289 -224950 -261615 -261194 -237289 -224950 -261615 -261194 -237289
2.9536e+06 -224867 -261471 -261052 -237143 -224867 -261471 -261052 -237143 -224867 -261471 -261052 -237143
2.95205e+06 -224783 -261328 -260910 -236997 -224783 -261328 -260910 -236997 -224783 -261328 -260910 -236997
2.95052e+06 -224700 -261185 -260769 -236851 -224700 -261185 -260769 -236851 -224700 -261185 -260769 -236851
2.94898e+06 -224617 -261043 -260629 -236706 -224617 -261043 -260629 -236706 -224617 -261043 -260629 -236706
2.94746e+06 -224534 -260901 -260489 -236562 -224534 -260901 -260489 -236562 -224534 -260901 -260489 -236562
2.94593e+06 -224452 -260760 -260349 -236418 -224452 -260760 -260349 -236418 -224452 -260760 -260349 -236418
2.94441e+06 -224369 -260618 -260209 -236274 -224369 -260618 -260209 -236274 -224369 -260618 -260209 -236274
2.94289e+06 -224286 -260476 -260069 -236132 -224286 -260476 -260069 -236132 -224286 -260476 -260069 -236132
2.94137e+06 -224204 -260334 -259929 -235989 -224204 -260334 -259929 -235989 -224204 -260334 -259929 -235989
2.93985e+06 -224121 -260193 -259789 -235848 -224121 -260193 -259789 -235848 -224121 -260193 -259789 -235848
2.93833e+06 -224037 -260052 -259648 -235705 -224037 -260052 -259648 -235705 -224037 -260052 -259648 -235705
2.93681e+06 -223954 -259911 -259509 -235563 -223954 -259911 -259509 -235563 -223954 -259911 -259509 -235563
2.93528e+06 -223869 -259770 -259369 -235420 -223869 -259770 -259369 -235420 -223869 -259770 -259369 -235420
2.93376e+06 -223784 -259628 -259229 -235279 -223784 -259628 -259229 -235279 -223784 -259628 -259229 -235279
2.93224e+06 -223700 -259487 -259089 -235137 -223700 -259487 -259089 -235137 -223700 -259487 -259089 -235137
2.93072e+06 -223615 -259346 -258950 -234996 -223615 -259346 -258950 -234996 -223615 -259346 -258950 -234996
2.92921e+06 -223531 -259205 -258811 -234856 -223531 -259205 -258811 -234856 -223531 -259205 -258811 -234856
2.9277e+06 -223447 -259065 -258672 -234716 -223447 -259065 -258672 -234716 -223447 -259065 -258672 -234716
2.9262e+06 -223364 -258925 -258534 -234577 -223364 -258925 -258534 -234577 -223364 -258925 -258534 -234577
2.9247e+06 -223280 -258786 -258396 -234438 -223280 -258786 -258396 -234438 -223280 -258786 -258396 -234438
2.92321e+06 -223197 -258647 -258259 -234299 -223197 -258647 -258259 -234299 -223197 -258647 -258259 -234299
2.92171e+06 -223114 -258509 -258121 -234160 -223114 -258509 -258121 -234160 -223114 -258509 -258121 -234160
2.92021e+06 -223030 -258371 -257984 -234020 -223030 -258371 -257984 -234020 -223030 -258371 -257984 -234020
2.91872e+06 -222946 -258233 -257848 -233881 -222946 -258233 -257848 -233881 -222946 -258233 -257848 -233881
2.91723e+06 -222863 -258096 -257712 -233741 -222863 -258096 -257712 -233741 -222863 -258096 -257712 -233741
2.91575e+06 -222779 -257958 -257576 -233603 -222779 -257958 -257576 -233603 -222779 -257958 -257576 -233603
2.91427e+06 -222697 -257822 -257441 -233465 -222697 -257822 -257441 -233465 -222697 -257822 -257441 -233465
2.9128e+06 -222614 -257685 -257306 -233327 -222614 -257685 -257306 -233327 -222614 -257685 -257306 -233327
2.91133e+06 -222532 -257550 -257172 -233190 -222532 -257550 -257172 -233190 -222532 -257550 -257172 -233190
2.90987e+06 -222450 -257414 -257038 -233053 -222450 -257414 -257038 -233053 -222450 -257414 -257038 -233053
2.90841e+06 -222368 -257279 -256905 -232917 -222368 -257279 -256905 -232917 -222368 -257279 -256905 -232917
2.90695e+06 -222287 -257145 -256772 -232781 -222287 -257145 -256772 -232781 -222287 -257145 -256772 -232781
2.90551e+06 -222206 -257011 -256640 -232645 -222206 -257011 -256640 -232645 -222206 -257011 -256640 -232645
2.90407e+06 -222126 -256878 -256508 -232510 -222126 -256878 -256508 -232510 -222126 -256878 -256508 -232510
2.90263e+06 -222046 -256745 -256376 -232376 -222046 -256745 -256376 -232376 -222046 -256745 -256376 -232376
2.90119e+06 -221966 -256612 -256245 -232242 -221966 -256612 -256245 -232242 -221966 -256612 -256245 -232242
2.89977e+06 -221886 -256480 -256115 -232108 -221886 -256480 -256115 -232108 -221886 -256480 -256115 -232108
2.89834e+06 -221807 -256348 -255985 -231975 -221807 -256348 -255985 -231975 -221807 -256348 -255985 -231975
2.89693e+06 -221728 -256217 -255855 -231842 -221728 -256217 -255855 -231842 -221728 -256217 -255855 -231842
2.89551e+06 -221649 -256086 -255726 -231709 -221649 -256086 -255726 -231709 -221649 -256086 -255726 -231709
2.89411e+06 -221571 -255956 -255597 -231577 -221571 -255956 -255597 -231577 -221571 -255956 -255597 -231577
2.8927e+06 -221493 -255827 -255469 -231446 -221493 -255827 -255469 -231446 -221493 -255827 -255469 -231446
2.89131e+06 -221416 -255697 -255341 -231315 -221416 -255697 -255341 -231315 -221416 -255697 -255341 -231315
2.88991e+06 -221338 -255569 -255214 -231184 -221338 -255569 -255214 -231184 -221338 -255569 -255214 -231184
2.88853e+06 -221262 -255440 -255087 -231054 -221262 -255440 -255087 -231054 -221262 -255440 -255087 -231054
2.88714e+06 -221185 -255312 -254960 -230924 -221185 -255312 -254960 -230924 -221185 -255312 -254960 -230924
2.88577e+06 -221108 -255185 -254835 -230794 -221108 -255185 -254835 -230794 -221108 -255185 -254835 -230794
2.88439e+06 -221032 -255058 -254709 -230665 -221032 -255058 -254709 -230665 -221032 -255058 -254709 -230665
2.88303e+06 -220956 -254932 -254585 -230536 -220956 -254932 -254585 -230536 -220956 -254932 -254585 -230536
2.88166e+06 -220881 -254806 -254460 -230408 -220881 -254806 -254460 -230408 -220881 -254806 -254460 -230408
2.88031e+06 -220805 -254681 -254336 -230280 -220805 -254681 -254336 -230280 -220805 -254681 -254336 -230280
2.87895e+06 -220731 -254555 -254212 -230153 -220731 -254555 -254212 -230153 -220731 -254555 -254212 -230153
2.87761e+06 -220656 -254431 -254089 -230026 -220656 -254431 -254089 -230026 -220656 -254431 -254089 -230026
2.87626e+06 -220582 -254306 -253966 -229899 -220582 -254306 -253966 -229899 -220582 -254306 -253966 -229899
2.87492e+06 -220509 -254182 -253843 -229773 -220509 -254182 -253843 -229773 -220509 -254182 -253843 -229773
2.87359e+06 -220435 -254059 -253721 -229648 -220435 -254059 -253721 -229648 -220435 -254059 -253721 -229648
2.87226e+06 -220362 -253936 -253600 -229523 -220362 -253936 -253600 -229523 -220362 -253936 -253600 -229523
2.87094e+06 -220290 -253813 -253479 -229398 -220290 -253813 -253479 -229398 -220290 -253813 -253479 -229398
2.86962e+06 -220217 -253691 -253358 -229273 -220217 -253691 -253358 -229273 -220217 -253691 -253358 -229273
2.86831e+06 -220145 -253569 -253238 -229150 -220145 -253569 -253238 -229150 -220145 -253569 -253238 -229150
2.867e+06 -220073 -253448 -253118 -229026 -220073 -253448 -253118 -229026 -220073 -253448 -253118 -229026
2.86569e+06 -220002 -253327 -252998 -228903 -220002 -253327 -252998 -228903 -220002 -253327 -252998 -228903
2.86439e+06 -219931 -253207 -252879 -228780 -219931 -253207 -252879 -228780 -219931 -253207 -252879 -228780
2.8631e+06 -219860 -253087 -252761 -228658 -219860 -253087 -252761 -228658 -219860 -253087 -252761 -228658
2.8618e+06 -219789 -252967 -252642 -228536 -219789 -252967 -252642 -228536 -219789 -252967 -252642 -228536
2.86052e+06 -219719 -252848 -252524 -228414 -219719 -252848 -252524 -228414 -219719 -252848 -252524 -228414
