45582.6 -1.87876e-05 -2.9878e-05 -5.93813e-18 4.9999e-20 -266895 -11229.6 -2.23324e-09 4.79682e-10
91164.9 -1.85694e-05 -5.97565e-05 -3.5303e-17 5.3479e-20 -263791 -22459.1 -1.32764e-08 5.13068e-10
136747 -1.83512e-05 -8.96361e-05 -5.41758e-17 1.32285e-19 -260686 -33688.5 -2.04058e-08 1.26912e-09
182327 -1.81333e-05 -0.000119516 -6.95278e-17 1.39595e-19 -257581 -44917.6 -2.61931e-08 1.33925e-09
227907 -1.79155e-05 -0.000149398 -7.68468e-17 1.39625e-19 -254477 -56146.4 -2.89388e-08 1.33954e-09
273486 -1.76981e-05 -0.00017928 -7.99369e-17 1.35949e-19 -251373 -67375 -3.01091e-08 1.30427e-09
319063 -1.74809e-05 -0.000209164 -8.2785e-17 1.35774e-19 -248268 -78603.3 -3.11836e-08 1.30259e-09
364639 -1.7264e-05 -0.00023905 -8.4438e-17 1.34552e-19 -245164 -89831.1 -3.18002e-08 1.29087e-09
410212 -1.70476e-05 -0.000268937 -8.24126e-17 1.36705e-19 -242060 -101059 -3.10304e-08 1.31152e-09
455784 -1.68315e-05 -0.000298827 -8.41543e-17 1.37735e-19 -238956 -112286 -3.16867e-08 1.32141e-09
501353 -1.6616e-05 -0.000328719 -8.64435e-17 1.3572e-19 -235852 -123512 -3.25477e-08 1.30208e-09
546919 -1.64009e-05 -0.000358614 -8.67441e-17 1.37493e-19 -232748 -134738 -3.26626e-08 1.31908e-09
592483 -1.61863e-05 -0.000388511 -8.65754e-17 1.38333e-19 -229644 -145963 -3.25883e-08 1.32715e-09
637876 -1.59743e-05 -0.000418372 -8.2445e-17 1.32731e-19 -226569 -157173 -3.10258e-08 1.2734e-09
682864 -1.57657e-05 -0.000448231 -8.42238e-17 1.31271e-19 -223532 -168380 -3.1699e-08 1.25939e-09
727276 -1.54871e-05 -0.000478753 -8.99682e-17 1.35044e-19 -220539 -179546 -3.2006e-08 1.29559e-09
770916 -1.47977e-05 -0.000512845 -9.54728e-17 -9.41642e-21 -217617 -190421 -3.39514e-08 -9.03396e-11
814314 -1.41083e-05 -0.000547059 -1.00343e-16 -2.66732e-20 -214706 -201333 -3.56856e-08 -2.55898e-10
857066 -1.32396e-05 -0.000582667 -1.07592e-16 -1.81881e-20 -211842 -212158 -3.60285e-08 -1.74494e-10
898827 -1.20267e-05 -0.000619879 -1.24913e-16 1.74393e-20 -209036 -222440 -4.18304e-08 1.6731e-10
939838 -1.08441e-05 -0.000656083 -1.33763e-16 -2.77397e-20 -206259 -232438 -4.47753e-08 -2.6613e-10
980246 -9.66239e-06 -0.000692477 -1.35878e-16 -2.6638e-20 -203542 -242487 -4.54957e-08 -2.5556e-10
1.01926e+06 -8.04754e-06 -0.000731963 -1.55482e-16 -1.61018e-19 -200944 -252427 -4.72314e-08 -1.54478e-09
1.05715e+06 -5.64141e-06 -0.000775724 -1.5951e-16 -1.03489e-19 -198391 -261561 -4.84465e-08 -9.92854e-10
1.09416e+06 -3.27358e-06 -0.000818892 -1.61696e-16 -1.96872e-19 -195919 -270571 -4.91009e-08 -1.88876e-09
1.12962e+06 -9.36778e-07 -0.000861658 -1.63746e-16 -1.97475e-19 -193553 -279496 -4.97016e-08 -1.89454e-09
1.16433e+06 1.87757e-06 -0.000907737 -1.79917e-16 -1.62043e-19 -191229 -288338 -4.90299e-08 -1.55462e-09
1.19843e+06 6.02088e-06 -0.00096159 -1.81547e-16 -1.60145e-19 -188958 -296735 -4.94583e-08 -1.53641e-09
1.23179e+06 1.00326e-05 -0.00101374 -1.77735e-16 -1.07433e-19 -186736 -304859 -4.84029e-08 -1.03069e-09
1.26382e+06 1.37556e-05 -0.00106202 -1.7773e-16 -9.58403e-20 -184563 -312369 -4.83847e-08 -9.19476e-10
1.29502e+06 1.76619e-05 -0.00111113 -1.85949e-16 -1.32328e-19 -182437 -319750 -4.86925e-08 -1.26954e-09
1.32534e+06 2.23573e-05 -0.00116499 -1.86694e-16 -1.76613e-19 -180368 -326983 -4.88712e-08 -1.69439e-09
1.35485e+06 2.76313e-05 -0.00122195 -1.99358e-16 -1.4991e-19 -178341 -334135 -4.80504e-08 -1.43821e-09
1.38418e+06 3.3645e-05 -0.00128277 -2.00471e-16 -1.54676e-19 -176319 -341160 -4.8301e-08 -1.48393e-09
1.41337e+06 3.95081e-05 -0.00134206 -1.93512e-16 -1.20196e-19 -174309 -348000 -4.65889e-08 -1.15314e-09
1.44168e+06 4.4875e-05 -0.00139621 -1.85272e-16 -9.10167e-20 -172333 -354230 -4.45893e-08 -8.73199e-10
1.46884e+06 5.09057e-05 -0.00145314 -1.96998e-16 -7.48893e-20 -170420 -360169 -4.53574e-08 -7.18476e-10
1.49563e+06 5.73974e-05 -0.00151255 -1.98764e-16 -9.06209e-20 -168515 -366050 -4.57539e-08 -8.69402e-10
1.52194e+06 6.38793e-05 -0.00157195 -1.98785e-16 -1.89886e-19 -166652 -371930 -4.57221e-08 -1.82174e-09
1.54784e+06 7.03832e-05 -0.00163162 -1.98996e-16 -2.1004e-19 -164812 -377835 -4.57439e-08 -2.01509e-09
1.57341e+06 7.76867e-05 -0.00169476 -2.14714e-16 -1.64159e-19 -162981 -383604 -4.49045e-08 -1.57491e-09
1.59876e+06 8.54102e-05 -0.00175891 -2.12928e-16 -1.20868e-19 -161173 -389118 -4.45252e-08 -1.15958e-09
1.62359e+06 9.2682e-05 -0.00181925 -2.13731e-16 -1.21164e-19 -159391 -394292 -4.46516e-08 -1.16243e-09
1.64786e+06 9.99966e-05 -0.00188002 -2.17262e-16 -1.18648e-19 -157628 -399502 -4.53801e-08 -1.13829e-09
1.67162e+06 0.000107949 -0.00194296 -2.17569e-16 -3.72465e-20 -155900 -404472 -4.31583e-08 -3.57337e-10
1.69486e+06 0.000116063 -0.00200505 -2.34067e-16 9.61728e-20 -154202 -409073 -4.64315e-08 9.22666e-10
1.71766e+06 0.000124231 -0.00206762 -2.44972e-16 1.34966e-19 -152517 -413708 -4.85661e-08 1.29484e-09
1.74021e+06 0.000132412 -0.00213033 -2.5198e-16 1.36502e-19 -150842 -418352 -4.99185e-08 1.30957e-09
1.76259e+06 0.00014058 -0.00219299 -2.49916e-16 1.08363e-19 -149184 -422991 -4.94883e-08 1.03962e-09
1.78484e+06 0.000148767 -0.00225585 -2.41883e-16 -1.38158e-21 -147535 -427641 -4.78421e-08 -1.32547e-11
1.80684e+06 0.00015696 -0.0023188 -2.30415e-16 -4.21093e-21 -145897 -432296 -4.55384e-08 -4.0399e-11
1.82861e+06 0.000164729 -0.00237846 -2.203e-16 4.47476e-20 -144273 -436694 -4.34957e-08 4.29301e-10
1.85017e+06 0.000172197 -0.00243579 -2.191e-16 3.45169e-20 -142668 -440911 -4.32601e-08 3.31149e-10
1.87111e+06 0.000180334 -0.00249598 -2.44734e-16 8.32574e-20 -141079 -445116 -4.32437e-08 7.98758e-10
1.89185e+06 0.000189171 -0.00255869 -2.42943e-16 9.42159e-20 -139498 -449233 -4.29009e-08 9.03892e-10
1.91241e+06 0.000197925 -0.00262088 -2.41194e-16 9.29379e-20 -137938 -453312 -4.25607e-08 8.9163e-10
1.93294e+06 0.000206668 -0.00268303 -2.39983e-16 9.44869e-20 -136383 -457387 -4.2297e-08 9.06492e-10
1.95319e+06 0.00021554 -0.00274598 -2.54435e-16 5.73338e-20 -134834 -461495 -4.21933e-08 5.50051e-10
1.97322e+06 0.000225414 -0.00281149 -2.42343e-16 1.66842e-19 -133296 -465295 -4.01687e-08 1.60066e-09
1.99306e+06 0.000234929 -0.00287461 -2.4118e-16 1.8074e-19 -131777 -468948 -3.99559e-08 1.73399e-09
2.01272e+06 0.000244431 -0.00293767 -2.42399e-16 1.21366e-19 -130267 -472595 -4.01342e-08 1.16436e-09
2.03216e+06 0.00025396 -0.00300096 -2.47573e-16 1.30248e-19 -128763 -476255 -4.09673e-08 1.24957e-09
2.05145e+06 0.000263521 -0.00306451 -2.45794e-16 1.30214e-19 -127262 -479927 -4.06162e-08 1.24925e-09
2.0707e+06 0.000273076 -0.00312805 -2.4373e-16 1.34203e-19 -125762 -483596 -4.02451e-08 1.28752e-09
2.08983e+06 0.000282613 -0.00319151 -2.43105e-16 9.18847e-20 -124275 -487258 -4.01105e-08 8.81526e-10
2.10879e+06 0.000291907 -0.00325336 -2.3583e-16 1.57223e-19 -122797 -490820 -3.88918e-08 1.50837e-09
2.12756e+06 0.000300691 -0.00331177 -2.37035e-16 5.34207e-20 -121330 -494171 -3.90537e-08 5.1251e-10
2.14624e+06 0.000309504 -0.00337041 -2.36579e-16 5.23446e-20 -119868 -497534 -3.89355e-08 5.02186e-10
2.16482e+06 0.000318301 -0.00342897 -2.37988e-16 2.9502e-20 -118413 -500890 -3.9141e-08 2.83038e-10
2.1831e+06 0.000327167 -0.00348806 -2.39321e-16 3.56644e-20 -116963 -504275 -3.93356e-08 3.42158e-10
2.20138e+06 0.000336032 -0.00354716 -2.41662e-16 5.01304e-20 -115515 -507659 -3.96903e-08 4.80943e-10
2.2196e+06 0.000344882 -0.00360621 -2.42157e-16 3.02594e-20 -114071 -511036 -3.97358e-08 2.90304e-10
2.23769e+06 0.000353701 -0.00366507 -2.42912e-16 2.32251e-20 -112639 -514402 -3.98031e-08 2.22818e-10
2.25572e+06 0.000362502 -0.00372386 -2.43304e-16 2.43178e-20 -111213 -517760 -3.98286e-08 2.33301e-10
2.27365e+06 0.000371313 -0.00378276 -2.43984e-16 -2.97542e-20 -109790 -521122 -3.99486e-08 -2.85457e-10
2.29146e+06 0.000380129 -0.00384173 -2.43954e-16 -1.68278e-20 -108372 -524486 -3.99232e-08 -1.61443e-10
2.30918e+06 0.000388921 -0.00390058 -2.44671e-16 -2.08067e-20 -106963 -527841 -3.99777e-08 -1.99616e-10
2.32688e+06 0.000397708 -0.00395944 -2.4416e-16 -2.92773e-20 -105558 -531193 -3.98395e-08 -2.80881e-10
2.34454e+06 0.00040649 -0.0040183 -2.4512e-16 -1.81192e-20 -104156 -534542 -3.99559e-08 -1.73832e-10
2.36216e+06 0.00041526 -0.00407711 -2.44666e-16 -1.77073e-20 -102758 -537886 -3.98413e-08 -1.69881e-10
2.37973e+06 0.000423874 -0.00413489 -2.28319e-16 8.41109e-20 -101365 -541164 -3.71401e-08 8.06946e-10
2.39715e+06 0.000432813 -0.00419189 -2.5278e-16 1.4136e-19 -99980.2 -544211 -3.59214e-08 1.35618e-09
2.41447e+06 0.000441976 -0.00424959 -2.56913e-16 1.48362e-19 -98602.5 -547246 -3.64635e-08 1.42336e-09
2.43175e+06 0.000451125 -0.00430725 -2.58338e-16 1.47604e-19 -97226.7 -550276 -3.66363e-08 1.41609e-09
2.44898e+06 0.000460264 -0.00436485 -2.58234e-16 1.2758e-19 -95851.7 -553300 -3.6558e-08 1.22398e-09
2.46619e+06 0.000469547 -0.00442295 -2.76144e-16 1.83235e-19 -94479.7 -556318 -3.62052e-08 1.75792e-09
2.4832e+06 0.000479912 -0.0044846 -2.86942e-16 1.6065e-19 -93114.4 -559304 -3.76476e-08 1.54125e-09
2.50005e+06 0.000490265 -0.0045462 -2.8675e-16 1.65881e-19 -91752.6 -562285 -3.75621e-08 1.59143e-09
2.51674e+06 0.000500082 -0.00460456 -2.76615e-16 2.37523e-19 -90400.3 -565095 -3.61761e-08 2.27875e-09
2.53334e+06 0.000509701 -0.00466173 -2.78668e-16 2.43675e-19 -89056.4 -567840 -3.64562e-08 2.33778e-09
2.5499e+06 0.000519323 -0.00471895 -2.79809e-16 2.49077e-19 -87716.2 -570583 -3.65762e-08 2.3896e-09
2.56643e+06 0.000528944 -0.00477617 -2.80827e-16 2.57516e-19 -86378.3 -573321 -3.66454e-08 2.47057e-09
2.58291e+06 0.000538577 -0.00483349 -2.80789e-16 2.53606e-19 -85044.3 -576059 -3.6569e-08 2.43305e-09
2.59934e+06 0.000548224 -0.00489092 -2.8143e-16 2.66895e-19 -83714 -578795 -3.66017e-08 2.56055e-09
2.61562e+06 0.000557924 -0.00494867 -2.85237e-16 2.49799e-19 -82387.6 -581539 -3.70528e-08 2.39653e-09
2.63174e+06 0.00056769 -0.00500684 -2.89329e-16 1.24477e-19 -81066 -584294 -3.75403e-08 1.19421e-09
2.64774e+06 0.000577527 -0.00506545 -2.91588e-16 4.98711e-20 -79750.4 -587058 -3.78168e-08 4.78455e-10
2.66368e+06 0.000587399 -0.00512426 -2.92142e-16 6.4755e-20 -78439.4 -589817 -3.7795e-08 6.21249e-10
2.67953e+06 0.000597313 -0.0051833 -2.91502e-16 4.19923e-20 -77135.2 -592569 -3.7664e-08 4.02867e-10
2.69532e+06 0.000607302 -0.00524277 -2.92683e-16 4.31736e-20 -75835.4 -595319 -3.77404e-08 4.142e-10
2.71104e+06 0.000617398 -0.00530285 -2.94404e-16 1.92974e-21 -74539.1 -598070 -3.79114e-08 1.85137e-11
2.72669e+06 0.000627633 -0.0053637 -2.95803e-16 -4.01029e-21 -73247.5 -600823 -3.79914e-08 -3.84741e-11
2.74227e+06 0.000638025 -0.00542541 -2.96608e-16 1.04838e-21 -71959.2 -603574 -3.79951e-08 1.0058e-11
2.75775e+06 0.000648611 -0.00548817 -2.98678e-16 -5.78389e-20 -70675.5 -606322 -3.81406e-08 -5.54897e-10
2.77304e+06 0.000659485 -0.00555252 -2.97893e-16 -4.44633e-20 -69399.1 -609079 -3.78823e-08 -4.26574e-10
2.7882e+06 0.000670675 -0.00561858 -2.97279e-16 -3.89641e-20 -68131.7 -611833 -3.7664e-08 -3.73816e-10
2.80322e+06 0.000682238 -0.00568662 -2.96991e-16 -4.59102e-20 -66869.7 -614577 -3.74166e-08 -4.40455e-10
2.81809e+06 0.000694341 -0.0057574 -2.95727e-16 -4.77478e-20 -65612.6 -617312 -3.71074e-08 -4.58084e-10
2.83279e+06 0.000707012 -0.00583133 -2.95406e-16 -4.02363e-20 -64363.2 -620034 -3.68636e-08 -3.8602e-10
2.8473e+06 0.000720455 -0.00590934 -2.93577e-16 -3.68941e-20 -63123 -622740 -3.63616e-08 -3.53956e-10
2.86164e+06 0.000734809 -0.00599213 -2.94235e-16 -2.27066e-20 -61888.7 -625407 -3.62234e-08 -2.17844e-10
2.87579e+06 0.000750265 -0.00608065 -2.94934e-16 -4.38792e-20 -60662.2 -628021 -3.59905e-08 -4.2097e-10
2.88978e+06 0.000767022 -0.00617594 -2.96851e-16 -2.04305e-20 -59442.9 -630562 -3.59287e-08 -1.96007e-10
2.90359e+06 0.00078532 -0.00627905 -2.97252e-16 -4.8555e-20 -58231 -633008 -3.57395e-08 -4.65829e-10
2.91725e+06 0.000805206 -0.00639051 -2.98752e-16 -2.00125e-20 -57025.4 -635347 -3.56085e-08 -1.91997e-10
2.93075e+06 0.000826821 -0.00651093 -2.96798e-16 -3.32805e-20 -55827.4 -637573 -3.50992e-08 -3.19288e-10
2.94409e+06 0.000850136 -0.00664018 -2.94726e-16 -2.25503e-20 -54635.9 -639690 -3.46336e-08 -2.16344e-10
2.95729e+06 0.000875011 -0.00677759 -2.92227e-16 -4.00116e-20 -53451.3 -641712 -3.4197e-08 -3.83865e-10
2.97036e+06 0.000901183 -0.00692183 -2.89136e-16 -1.10736e-20 -52272.4 -643657 -3.36622e-08 -1.06238e-10
2.98331e+06 0.000928363 -0.00707144 -2.86267e-16 -2.63618e-20 -51097.9 -645543 -3.31456e-08 -2.52911e-10
2.99613e+06 0.000956235 -0.00722479 -2.83712e-16 -3.58616e-20 -49928.9 -647383 -3.27273e-08 -3.4405e-10
3.00888e+06 0.000984625 -0.00738101 -2.80276e-16 -4.91485e-20 -48763.3 -649192 -3.2247e-08 -4.71523e-10
3.02152e+06 0.00101331 -0.00753891 -2.77409e-16 -4.70785e-20 -47602.5 -650975 -3.18141e-08 -4.51664e-10
3.03409e+06 0.00104224 -0.00769829 -2.75145e-16 -4.88751e-20 -46445.9 -652742 -3.14467e-08 -4.689e-10
3.0466e+06 0.00107137 -0.00785895 -2.72492e-16 -3.64669e-20 -45296.5 -654499 -3.10538e-08 -3.49857e-10
3.05901e+06 0.00110072 -0.00802099 -2.72537e-16 -4.49264e-20 -44152.2 -656251 -3.09483e-08 -4.31016e-10
3.07097e+06 0.00113098 -0.00818831 -2.76613e-16 -5.80976e-20 -43017 -658050 -3.12903e-08 -5.57379e-10
3.0826e+06 0.00116655 -0.00837473 -3.50361e-16 1.01829e-19 -41892.7 -659609 -2.8791e-08 9.76934e-10
3.09398e+06 0.00121048 -0.00858985 -3.43374e-16 1.15511e-19 -40782.3 -660743 -2.80852e-08 1.10819e-09
3.10533e+06 0.0012545 -0.00880562 -3.34854e-16 1.17992e-19 -39674 -661871 -2.72776e-08 1.132e-09
3.11664e+06 0.00129847 -0.00902132 -3.01167e-16 1.72294e-19 -38568.1 -662989 -2.44399e-08 1.65296e-09
3.1279e+06 0.001342 -0.00923513 -2.93335e-16 1.71645e-19 -37465.3 -664087 -2.37196e-08 1.64673e-09
3.1391e+06 0.00138569 -0.00944996 -2.87158e-16 1.58526e-19 -36367.6 -665184 -2.30975e-08 1.52087e-09
3.15027e+06 0.00142948 -0.00966546 -2.83094e-16 1.91322e-19 -35273.2 -666277 -2.27083e-08 1.83551e-09
3.1614e+06 0.00147331 -0.00988147 -2.77013e-16 1.44873e-19 -34181.5 -667366 -2.20971e-08 1.38989e-09
3.17248e+06 0.0015172 -0.010098 -2.73902e-16 1.46951e-19 -33092.6 -668449 -2.17879e-08 1.40982e-09
3.18352e+06 0.00156115 -0.010315 -2.69923e-16 1.64589e-19 -32007.6 -669526 -2.13477e-08 1.57904e-09
3.19452e+06 0.00160518 -0.0105327 -2.67862e-16 1.74502e-19 -30925.4 -670599 -2.11148e-08 1.67414e-09
3.20547e+06 0.00164932 -0.0107512 -2.63521e-16 1.38802e-19 -29846 -671666 -2.06492e-08 1.33165e-09
3.21634e+06 0.0016937 -0.0109711 -2.61796e-16 1.28079e-19 -28770.5 -672730 -2.04491e-08 1.22877e-09
3.22704e+06 0.00173863 -0.011194 -2.58839e-16 -4.1614e-21 -27701.4 -673800 -2.01944e-08 -3.99238e-11
3.23748e+06 0.00178438 -0.0114212 -2.52956e-16 1.93067e-20 -26641.2 -674879 -1.95614e-08 1.85225e-10
3.24783e+06 0.00183048 -0.0116504 -2.46392e-16 9.9237e-21 -25586.3 -675949 -1.89866e-08 9.52064e-11
3.25805e+06 0.00187703 -0.0118819 -2.3811e-16 -1.61228e-20 -24536.3 -677006 -1.82226e-08 -1.54679e-10
3.26811e+06 0.00192423 -0.0121168 -2.33279e-16 1.57663e-20 -23492.7 -678047 -1.76842e-08 1.51259e-10
3.278e+06 0.00197232 -0.012356 -2.28327e-16 1.74589e-20 -22457 -679063 -1.72076e-08 1.67497e-10
3.28769e+06 0.00202148 -0.0126006 -2.22403e-16 -8.99009e-21 -21428.1 -680041 -1.65455e-08 -8.62494e-11
3.29718e+06 0.00207204 -0.0128517 -2.15535e-16 5.0728e-21 -20406.6 -680964 -1.5847e-08 4.86676e-11
3.30647e+06 0.00212423 -0.0131103 -1.99553e-16 6.30281e-20 -19391.7 -681808 -1.44501e-08 6.04681e-10
3.31554e+06 0.00217792 -0.0133757 -1.9002e-16 3.45478e-20 -18385.7 -682545 -1.35769e-08 3.31446e-10
3.32443e+06 0.0022339 -0.0136515 -1.80335e-16 4.71526e-20 -17387.5 -683167 -1.26638e-08 4.52375e-10
3.33314e+06 0.00229231 -0.0139383 -1.67903e-16 2.07958e-20 -16395.8 -683662 -1.15688e-08 1.99512e-10
3.34166e+06 0.00235317 -0.0142364 -1.55509e-16 4.09023e-20 -15414.5 -684035 -1.05465e-08 3.9241e-10
3.35003e+06 0.00241611 -0.014544 -1.43211e-16 2.34044e-20 -14439.9 -684299 -9.58244e-09 2.24538e-10
3.35825e+06 0.00248073 -0.0148596 -1.32604e-16 4.72176e-20 -13471.2 -684475 -8.7748e-09 4.52998e-10
3.36632e+06 0.00254651 -0.0151807 -1.21616e-16 3.22884e-20 -12508.4 -684582 -7.92716e-09 3.0977e-10
3.37425e+06 0.00261299 -0.0155053 -1.11518e-16 2.39946e-20 -11551.2 -684640 -7.21047e-09 2.302e-10
3.38201e+06 0.00268091 -0.0158346 -9.8664e-17 3.00823e-20 -10601.4 -684616 -6.41376e-09 2.88605e-10
3.38966e+06 0.0027484 -0.0161647 -8.37867e-17 7.46593e-21 -9656.31 -684610 -5.36966e-09 7.16269e-11
3.3972e+06 0.00281623 -0.0164968 -6.89951e-17 3.37562e-21 -8716.16 -684582 -4.35102e-09 3.23851e-11
3.40459e+06 0.0028844 -0.0168311 -5.46276e-17 1.40611e-20 -7781.95 -684537 -3.3433e-09 1.349e-10
3.41186e+06 0.00295271 -0.0171665 -4.05604e-17 -1.36756e-20 -6854.88 -684476 -2.42653e-09 -1.31201e-10
3.41908e+06 0.003021 -0.0175023 -2.90883e-17 -9.16083e-21 -5933.56 -684400 -1.68802e-09 -8.78875e-11
3.42623e+06 0.00308937 -0.017839 -1.83619e-17 -1.37526e-20 -5016.6 -684311 -9.60426e-10 -1.3194e-10
3.4333e+06 0.00315785 -0.0181767 -9.5662e-18 -5.79121e-21 -4105.64 -684209 -4.11092e-10 -5.55599e-11
3.4403e+06 0.00322652 -0.0185158 -2.19561e-18 2.6338e-20 -3201.3 -684096 1.45519e-11 2.52682e-10
3.44722e+06 0.00329532 -0.0188561 6.51147e-18 -2.16635e-21 -2302.9 -683971 5.85715e-10 -2.07836e-11
3.45405e+06 0.00336547 -0.0191992 1.56002e-17 -2.53166e-20 -1413.71 -683781 9.8953e-10 -2.42883e-10
3.46085e+06 0.00343434 -0.0195408 2.19969e-17 -1.91728e-20 -521.297 -683632 1.38971e-09 -1.83941e-10
3.4676e+06 0.00350326 -0.0198831 2.69693e-17 -2.19033e-21 363.369 -683472 1.69166e-09 -2.10137e-11
3.47411e+06 0.00357756 -0.0202356 3.88056e-17 -2.65497e-20 1235.5 -683056 1.98997e-09 -2.54714e-10
3.48061e+06 0.00365187 -0.0205885 4.27683e-17 -1.16998e-20 2101.51 -682633 2.23008e-09 -1.12246e-10
3.48701e+06 0.00372632 -0.0209425 4.94714e-17 -6.35495e-21 2961.85 -682203 2.53203e-09 -6.09683e-11
3.49336e+06 0.00380084 -0.0212973 5.535e-17 -3.40304e-20 3816.8 -681766 2.79761e-09 -3.26482e-10
3.49964e+06 0.00387533 -0.0216523 6.18844e-17 -5.07161e-20 4666.68 -681325 3.11411e-09 -4.86562e-10
3.50588e+06 0.0039498 -0.0220078 6.97871e-17 -2.58974e-20 5511.56 -680877 3.54703e-09 -2.48456e-10
3.5119e+06 0.00402471 -0.0223657 7.20914e-17 -7.51358e-21 6347.85 -680423 3.60887e-09 -7.2084e-11
3.51752e+06 0.0041084 -0.022739 1.1341e-16 -1.30116e-19 7171.48 -679626 3.47427e-09 -1.24831e-09
3.52316e+06 0.00419498 -0.0231163 1.13623e-16 -1.00923e-19 7985.69 -678676 3.40879e-09 -9.68236e-10
3.52869e+06 0.00428165 -0.0234943 1.22666e-16 -1.10624e-19 8794.22 -677727 3.75803e-09 -1.06131e-09
3.53416e+06 0.00436835 -0.0238726 1.29338e-16 -1.22772e-19 9596.66 -676779 4.04543e-09 -1.17785e-09
3.53958e+06 0.00445506 -0.0242512 1.38131e-16 -1.65415e-19 10393.9 -675832 4.36921e-09 -1.58697e-09
3.54496e+06 0.0045417 -0.0246297 1.42715e-16 -1.25535e-19 11187.2 -674886 4.4929e-09 -1.20436e-09
3.55027e+06 0.00462844 -0.0250089 1.48006e-16 -8.0291e-20 11976.1 -673941 4.71118e-09 -7.70299e-10
3.55554e+06 0.00471555 -0.02539 1.51932e-16 -1.21189e-19 12759.4 -672993 4.87125e-09 -1.16267e-09
3.56074e+06 0.00480285 -0.0257721 1.5855e-16 -1.31507e-19 13537.4 -672045 5.05315e-09 -1.26166e-09
3.56591e+06 0.00489008 -0.0261541 1.64101e-16 -1.44802e-19 14311.1 -671098 5.25324e-09 -1.3892e-09
3.57096e+06 0.00497758 -0.0265376 1.80557e-16 -1.38003e-19 15078 -670151 5.92991e-09 -1.32398e-09
3.57581e+06 0.00506556 -0.0269233 1.99165e-16 -1.53043e-19 15840.1 -669201 6.65023e-09 -1.46827e-09
3.58047e+06 0.00515399 -0.0273113 2.07341e-16 -1.51857e-19 16601.2 -668247 6.92307e-09 -1.45689e-09
3.5851e+06 0.00524239 -0.0276994 2.15782e-16 -1.54722e-19 17358.9 -667295 7.14135e-09 -1.48438e-09
3.5897e+06 0.0053307 -0.0280872 2.21896e-16 -1.11321e-19 18113.6 -666344 7.46513e-09 -1.068e-09
3.59428e+06 0.00541892 -0.0284748 2.30709e-16 -1.60807e-19 18864.6 -665396 7.76345e-09 -1.54276e-09
3.59881e+06 0.00550695 -0.0288619 2.37371e-16 -1.64715e-19 19611.9 -664450 7.97081e-09 -1.58025e-09
3.6033e+06 0.00559486 -0.0292485 2.42561e-16 -1.35406e-19 20354.4 -663507 8.22547e-09 -1.29906e-09
3.60776e+06 0.00568275 -0.0296353 2.47836e-16 -1.28031e-19 21092.7 -662566 8.3819e-09 -1.22831e-09
3.61219e+06 0.00577058 -0.030022 2.54893e-16 -1.78366e-19 21828 -661627 8.6111e-09 -1.71121e-09
3.61657e+06 0.00585857 -0.0304096 2.5851e-16 -1.56696e-19 22557.8 -660688 8.70205e-09 -1.50331e-09
3.62089e+06 0.00594671 -0.030798 2.63327e-16 -1.59623e-19 23282.4 -659750 8.93124e-09 -1.5314e-09
3.62519e+06 0.00603485 -0.0311866 2.68586e-16 -1.64034e-19 24004 -658813 9.08767e-09 -1.57372e-09
3.62945e+06 0.006123 -0.0315754 2.72185e-16 -1.5159e-19 24722.1 -657878 9.16407e-09 -1.45433e-09
3.63369e+06 0.00621117 -0.0319644 2.77182e-16 -1.60866e-19 25436.9 -656944 9.36416e-09 -1.54333e-09
3.63787e+06 0.00629948 -0.0323543 2.78132e-16 -1.11529e-19 26147.1 -656011 9.35324e-09 -1.06999e-09
3.64202e+06 0.00638779 -0.0327442 2.82572e-16 -1.06812e-19 26853.9 -655080 9.50968e-09 -1.02474e-09
3.64612e+06 0.0064761 -0.0331344 2.88182e-16 -1.1924e-19 27554.2 -654152 9.76797e-09 -1.14396e-09
3.65018e+06 0.00656445 -0.0335249 2.95214e-16 -2.3978e-21 28250.7 -653225 9.99717e-09 -2.30041e-11
3.65419e+06 0.00665277 -0.0339154 2.99046e-16 3.38453e-20 28943.6 -652300 1.01209e-08 3.24706e-10
3.65818e+06 0.00674102 -0.0343057 3.06558e-16 -8.38521e-21 29633.4 -651378 1.03573e-08 -8.04463e-11
3.66213e+06 0.00682927 -0.0346962 3.10879e-16 1.10381e-20 30319.6 -650458 1.05574e-08 1.05897e-10
3.66605e+06 0.0069176 -0.0350871 3.16294e-16 1.80871e-21 31002.3 -649540 1.0743e-08 1.73525e-11
3.66993e+06 0.00700598 -0.0354784 3.20297e-16 3.64071e-20 31680.2 -648624 1.08812e-08 3.49284e-10
3.67378e+06 0.00709434 -0.0358697 3.25797e-16 3.93214e-20 32354.8 -647710 1.10776e-08 3.77243e-10
3.67761e+06 0.00718262 -0.0362608 3.30054e-16 1.23623e-20 33026.4 -646799 1.11831e-08 1.18602e-10
3.68141e+06 0.00727083 -0.0366517 3.359e-16 9.97446e-21 33694.7 -645891 1.1416e-08 9.56933e-11
3.68517e+06 0.00735895 -0.0370423 3.39764e-16 3.54495e-20 34359.2 -644986 1.15033e-08 3.40096e-10
3.68891e+06 0.00744696 -0.0374325 3.4336e-16 4.83041e-20 35019.6 -644085 1.16561e-08 4.63421e-10
3.69261e+06 0.00753489 -0.0378225 3.46483e-16 5.82604e-20 35676.8 -643187 1.17252e-08 5.58941e-10
3.69624e+06 0.00762303 -0.0382135 3.74738e-16 6.50095e-19 36328 -642290 1.27548e-08 6.2369e-09
3.69991e+06 0.00771084 -0.0386032 3.61585e-16 7.92854e-20 36978 -641398 1.22564e-08 7.60651e-10
3.70352e+06 0.00779873 -0.0389933 3.63069e-16 1.14044e-19 37623.8 -640508 1.23473e-08 1.09412e-09
3.70711e+06 0.00788652 -0.0393831 3.66422e-16 9.87803e-20 38266.5 -639622 1.24346e-08 9.47681e-10
3.71067e+06 0.00797424 -0.0397726 3.70157e-16 9.73066e-20 38905.7 -638739 1.26201e-08 9.33544e-10
3.71421e+06 0.00806186 -0.0401617 3.72628e-16 1.40999e-19 39540.9 -637859 1.26929e-08 1.35272e-09
3.71772e+06 0.00814939 -0.0405506 3.77021e-16 1.27978e-19 40172.1 -636983 1.2853e-08 1.2278e-09
3.72121e+06 0.00823687 -0.0409393 3.81731e-16 8.87337e-20 40799.7 -636111 1.29949e-08 8.51297e-10
3.68935e+06 0.00844378 -0.0418644 4.10033e-16 -3.82877e-20 40716.7 -634396 1.40462e-08 -3.67326e-10
3.69388e+06 0.00853446 -0.0422673 4.06652e-16 -1.3421e-19 41419.1 -633488 1.38825e-08 -1.28759e-09
3.6977e+06 0.00862185 -0.042656 3.10148e-16 -1.61598e-19 42030.2 -632630 1.03719e-08 -1.55034e-09
3.7014e+06 0.00870847 -0.0430412 2.00694e-16 -1.88375e-19 42647.1 -631778 6.32645e-09 -1.80724e-09
3.70504e+06 0.00879521 -0.043427 8.82973e-17 -1.7397e-19 43259.9 -630929 2.16824e-09 -1.66904e-09
3.70866e+06 0.00888195 -0.0438129 -1.64597e-17 -2.39357e-19 43868.9 -630083 -1.62254e-09 -2.29635e-09
3.7122e+06 0.00896885 -0.0441995 -1.14746e-16 -3.01021e-19 44472.9 -629239 -5.23505e-09 -2.88795e-09
3.71566e+06 0.00905579 -0.0445865 -2.07613e-16 -3.13396e-19 45071.7 -628398 -8.65475e-09 -3.00667e-09
3.71906e+06 0.0091427 -0.0449733 -2.88253e-16 -3.76561e-19 45665.3 -627561 -1.15651e-08 -3.61267e-09
3.72243e+06 0.00922955 -0.0453599 -3.67205e-16 -3.41379e-19 46254 -626728 -1.45374e-08 -3.27513e-09
3.72574e+06 0.0093164 -0.0457466 -4.33148e-16 -3.79228e-19 46835.1 -625899 -1.68984e-08 -3.63825e-09
3.72901e+06 0.00940323 -0.0461332 -4.93406e-16 -4.18376e-19 47409.4 -625074 -1.91576e-08 -4.01383e-09
3.73225e+06 0.00948995 -0.0465195 -5.47216e-16 -4.6397e-19 47980 -624253 -2.10784e-08 -4.45125e-09
3.73547e+06 0.0095766 -0.0469054 -5.97371e-16 -4.65111e-19 48546.8 -623436 -2.29011e-08 -4.46219e-09
3.73866e+06 0.00966318 -0.0472911 -6.41124e-16 -5.32924e-19 49109.4 -622623 -2.44872e-08 -5.11278e-09
3.74182e+06 0.00974973 -0.0476766 -6.82692e-16 -5.40962e-19 49667 -621814 -2.5997e-08 -5.1899e-09
3.74495e+06 0.00983621 -0.048062 -7.21241e-16 -5.36361e-19 50220.6 -621008 -2.74194e-08 -5.14576e-09
3.74805e+06 0.00992264 -0.0484471 -7.52746e-16 -5.70202e-19 50770 -620207 -2.85654e-08 -5.47042e-09
3.75112e+06 0.0100091 -0.0488324 -7.83618e-16 -6.33497e-19 51315.1 -619409 -2.96423e-08 -6.07767e-09
3.75415e+06 0.0100956 -0.0492179 -8.1017e-16 -7.20961e-19 51855.5 -618613 -3.06572e-08 -6.91678e-09
3.75715e+06 0.0101821 -0.0496034 -8.37122e-16 -7.02627e-19 52391.7 -617822 -3.16213e-08 -6.74088e-09
3.7601e+06 0.0102687 -0.0499895 -8.61948e-16 -7.80791e-19 52922.6 -617033 -3.24908e-08 -7.49078e-09
3.69749e+06 0.0105645 -0.0513214 1.86116e-16 -1.57748e-20 50967.5 -615178 5.7662e-09 -1.51341e-10
3.70302e+06 0.0106524 -0.0517129 9.81907e-16 3.59524e-19 51662.8 -614355 3.47718e-08 3.44921e-09
3.70789e+06 0.0107388 -0.0520979 1.35462e-15 5.64791e-19 52317.7 -613555 4.83196e-08 5.41851e-09
3.71238e+06 0.0108244 -0.0524788 1.40559e-15 4.9143e-19 52975.7 -612764 5.01968e-08 4.7147e-09
3.71658e+06 0.0109089 -0.0528557 1.47002e-15 4.83752e-19 53578.7 -611995 5.25069e-08 4.64104e-09
3.72046e+06 0.0109929 -0.05323 1.53857e-15 5.11282e-19 54112.1 -611248 5.50244e-08 4.90515e-09
3.72414e+06 0.0110768 -0.0536041 1.6023e-15 6.0825e-19 54612.5 -610511 5.73054e-08 5.83545e-09
3.72798e+06 0.0111595 -0.0539732 1.52109e-15 1.03039e-18 55114.8 -609785 5.42823e-08 9.88539e-09
3.73182e+06 0.0112421 -0.0543414 1.56654e-15 1.21127e-18 55614.6 -609063 5.59849e-08 1.16207e-08
3.73568e+06 0.0113241 -0.0547075 1.4897e-15 6.6953e-19 56109.8 -608348 5.31509e-08 6.42336e-09
3.73986e+06 0.0114049 -0.0550677 1.51111e-15 6.47275e-19 56605.3 -607645 5.38894e-08 6.20985e-09
3.74378e+06 0.0114861 -0.0554301 1.52961e-15 6.44131e-19 57092 -606942 5.45551e-08 6.17968e-09
3.74759e+06 0.0115674 -0.0557929 1.56099e-15 6.40174e-19 57572.5 -606243 5.56684e-08 6.14172e-09
3.75109e+06 0.0116495 -0.0561589 1.64066e-15 6.53435e-19 58041 -605544 5.85169e-08 6.26895e-09
3.7541e+06 0.0117329 -0.0565312 1.7202e-15 7.48633e-19 58494 -604840 6.1289e-08 7.18226e-09
3.75687e+06 0.0118168 -0.0569058 1.75584e-15 8.17733e-19 58937.4 -604138 6.25951e-08 7.84519e-09
3.75954e+06 0.0119007 -0.0572803 1.78511e-15 7.71451e-19 59374.4 -603439 6.3621e-08 7.40118e-09
3.76207e+06 0.0119848 -0.0576559 1.82151e-15 7.85861e-19 59804.5 -602743 6.4927e-08 7.53942e-09
3.76449e+06 0.012069 -0.0580319 1.83964e-15 9.19992e-19 60228.4 -602050 6.54873e-08 8.82625e-09
3.76683e+06 0.0121529 -0.058407 1.8675e-15 7.92332e-19 60645.2 -601362 6.64113e-08 7.6015e-09
3.7691e+06 0.0122368 -0.0587813 1.88674e-15 8.50478e-19 61054 -600680 6.70479e-08 8.15935e-09
3.77131e+06 0.0123204 -0.0591548 1.90639e-15 9.3878e-19 61454.1 -600004 6.76773e-08 9.0065e-09
3.77344e+06 0.0124038 -0.0595277 1.92635e-15 9.43898e-19 61843.7 -599334 6.83503e-08 9.05561e-09
3.75416e+06 0.0122427 -0.0614912 2.10474e-15 -8.69508e-19 61992.3 -559977 2.62626e-08 -8.34191e-09
3.75756e+06 0.0122955 -0.0617955 7.45064e-17 -5.64572e-19 62359.2 -561348 -1.71713e-08 -5.41642e-09
3.76054e+06 0.0123469 -0.0620911 -7.73628e-16 -3.85822e-19 62742 -562618 -3.40406e-08 -3.70151e-09
3.76334e+06 0.0124009 -0.0623936 -1.38328e-15 -2.62422e-19 63110.1 -563705 -3.66199e-08 -2.51763e-09
3.76551e+06 0.0124707 -0.0627355 -1.79478e-15 3.87021e-19 63456 -563829 -2.99733e-08 3.71302e-09
3.7675e+06 0.0125456 -0.0630893 -1.95533e-15 5.22416e-19 63788.5 -563643 -3.065e-08 5.01197e-09
3.76937e+06 0.0126212 -0.0634452 -2.08379e-15 5.76401e-19 64114 -563427 -3.21925e-08 5.5299e-09
3.77115e+06 0.012697 -0.0638021 -2.20447e-15 6.99118e-19 64433 -563214 -3.36295e-08 6.70723e-09
3.77284e+06 0.0127745 -0.0641624 -2.36873e-15 8.78265e-19 64744.7 -562924 -3.35749e-08 8.42593e-09
3.77447e+06 0.0128531 -0.0645249 -2.4686e-15 8.94817e-19 65050.8 -562575 -3.51029e-08 8.58473e-09
3.77605e+06 0.0129317 -0.0648871 -2.56075e-15 9.46328e-19 65353.1 -562229 -3.64962e-08 9.07891e-09
3.77761e+06 0.0130102 -0.0652491 -2.63944e-15 8.96124e-19 65652.3 -561885 -3.76967e-08 8.59727e-09
3.77914e+06 0.0130887 -0.0656107 -2.71852e-15 9.88729e-19 65948 -561545 -3.88718e-08 9.4857e-09
3.78064e+06 0.013167 -0.065972 -2.78686e-15 9.91298e-19 66240.5 -561206 -3.98759e-08 9.51035e-09
3.75017e+06 0.0132453 -0.0663337 -1.31116e-15 -4.73897e-19 66139.9 -560924 -1.93904e-08 -4.54649e-09
3.75261e+06 0.0133257 -0.0666984 4.36379e-16 -3.9692e-19 66459.7 -560491 8.26913e-09 -3.80799e-09
3.75457e+06 0.0134049 -0.0670569 8.08789e-16 -6.25547e-20 66755.6 -560058 1.37952e-08 -6.00139e-10
3.72492e+06 0.0133958 -0.0670875 1.56547e-15 -8.95968e-20 55990.4 -561848 2.89656e-08 -8.59577e-10
3.72796e+06 0.0134674 -0.0674283 2.50879e-15 -9.68964e-19 56525.7 -561934 2.45709e-08 -9.29608e-09
3.73046e+06 0.0135459 -0.0677825 2.63899e-15 -1.05528e-18 57012.9 -561467 2.63935e-08 -1.01242e-08
3.71025e+06 0.0137054 -0.0685082 2.40959e-15 -4.18936e-19 57080.9 -560719 2.28101e-08 -4.0192e-09
3.71365e+06 0.0137866 -0.0688748 2.04881e-15 -2.13182e-19 57579.3 -560242 1.74587e-08 -2.04524e-09
3.71658e+06 0.0138654 -0.0692309 1.7766e-15 -2.46584e-20 58047.9 -559784 1.34351e-08 -2.36569e-10
3.71943e+06 0.0139439 -0.0695853 1.50472e-15 1.39242e-19 58516.7 -559329 9.426e-09 1.33587e-09
3.72219e+06 0.0140224 -0.0699397 1.26109e-15 2.59816e-19 58975.6 -558879 5.78439e-09 2.49263e-09
3.69789e+06 0.0141024 -0.0703036 2.52033e-16 9.68577e-19 59120.6 -558489 -8.9567e-09 9.29236e-09
3.70073e+06 0.0141816 -0.0706615 -1.61587e-17 3.17108e-19 59579.2 -558039 -1.28821e-08 3.04228e-09
3.67661e+06 0.0141843 -0.0707319 4.1913e-16 -1.60275e-19 50691.6 -559896 -6.0827e-09 -1.53766e-09
3.67923e+06 0.0142629 -0.0710884 8.6203e-16 -3.08834e-19 51181.6 -559465 -2.65572e-10 -2.96291e-09
3.63571e+06 0.014332 -0.0714019 1.03705e-15 -3.20075e-19 51462.7 -559100 2.15005e-09 -3.07075e-09
3.6391e+06 0.014412 -0.0717628 3.31277e-16 5.79115e-20 51998.5 -558635 -7.98536e-09 5.55593e-10
3.64158e+06 0.0144903 -0.072117 -3.62831e-17 2.69764e-19 52470.9 -558192 -1.3275e-08 2.58807e-09
3.64387e+06 0.0145683 -0.0724699 -2.90777e-16 2.90322e-19 52909.1 -557759 -1.69639e-08 2.7853e-09
3.62409e+06 0.0147157 -0.0731425 -6.86872e-16 3.70828e-19 52376.5 -557213 -2.09693e-08 3.55766e-09
3.60605e+06 0.0148621 -0.0738021 -5.44863e-16 3.62384e-19 52402.7 -556529 -1.90339e-08 3.47665e-09
3.61017e+06 0.0149405 -0.0741516 -4.394e-16 3.42888e-19 52968.2 -556046 -1.76005e-08 3.28961e-09
3.61389e+06 0.0150165 -0.0744909 -4.0436e-16 3.13858e-19 53479.4 -555588 -1.72004e-08 3.0111e-09
3.61729e+06 0.0150922 -0.0748265 -4.45387e-16 4.71157e-19 53982.3 -555115 -1.5516e-08 4.5202e-09
3.6205e+06 0.0151681 -0.0751625 -4.36539e-16 4.61997e-19 54353.9 -554662 -1.53414e-08 4.43232e-09
3.62332e+06 0.0152459 -0.0755067 -4.39643e-16 4.98951e-19 54764.9 -554192 -1.53959e-08 4.78685e-09
3.62591e+06 0.0153246 -0.075855 -4.40263e-16 4.72463e-19 55169.1 -553721 -1.53814e-08 4.53274e-09
3.62814e+06 0.0154045 -0.0762088 -4.42541e-16 4.7737e-19 55564.3 -553248 -1.55196e-08 4.57981e-09
3.63023e+06 0.0154853 -0.0765666 -4.52722e-16 7.17937e-19 55952.3 -552774 -1.58507e-08 6.88777e-09
3.63225e+06 0.0155665 -0.0769265 -4.54883e-16 7.15031e-19 56335.1 -552300 -1.58907e-08 6.85989e-09
3.63424e+06 0.0156478 -0.0772863 -4.52503e-16 6.92177e-19 56714.8 -551829 -1.57961e-08 6.64063e-09
3.63614e+06 0.0157289 -0.0776456 -4.5009e-16 6.73689e-19 57089.4 -551361 -1.57052e-08 6.46326e-09
3.63785e+06 0.0158101 -0.0780053 -4.46355e-16 6.64817e-19 57451.4 -550898 -1.56033e-08 6.37814e-09
3.63945e+06 0.0158913 -0.0783653 -4.48136e-16 6.87219e-19 57804.4 -550438 -1.57124e-08 6.59306e-09
3.64093e+06 0.0159726 -0.0787254 -4.44863e-16 7.1512e-19 58140.8 -549983 -1.5556e-08 6.86074e-09
3.6422e+06 0.0160538 -0.079086 -4.40931e-16 6.90627e-19 58417.9 -549543 -1.55196e-08 6.62576e-09
3.64337e+06 0.0161349 -0.0794459 -4.36029e-16 6.56009e-19 58659.6 -549114 -1.53923e-08 6.29364e-09
3.64449e+06 0.0162161 -0.0798059 -4.374e-16 6.3309e-19 58892 -548688 -1.54287e-08 6.07376e-09
3.64559e+06 0.0162971 -0.0801658 -4.30716e-16 6.05024e-19 59121.6 -548264 -1.5254e-08 5.8045e-09
3.64668e+06 0.0163782 -0.0805255 -4.25953e-16 5.879e-19 59349.1 -547843 -1.51449e-08 5.64022e-09
3.58563e+06 0.0164518 -0.0808554 8.18374e-16 -1.94433e-19 58748.6 -547640 1.96414e-08 -1.86536e-09
3.58799e+06 0.0165359 -0.0812288 1.15211e-15 6.24186e-20 59020.3 -547199 2.89656e-08 5.98834e-10
3.5666e+06 0.0165515 -0.0813413 2.11502e-15 -1.37393e-18 51212.9 -548825 1.79425e-08 -1.31812e-08
3.56911e+06 0.0166346 -0.0817102 2.17565e-15 -1.38205e-18 51705.6 -548353 1.80262e-08 -1.32592e-08
3.57131e+06 0.0167156 -0.0820691 2.20274e-15 -1.19209e-18 52097.9 -547903 1.89029e-08 -1.14367e-08
3.57334e+06 0.0167959 -0.0824252 2.19144e-15 -1.22619e-18 52505.5 -547454 1.85646e-08 -1.17638e-08
3.5753e+06 0.0168757 -0.0827789 2.24377e-15 -1.01022e-19 52898.6 -547012 2.0038e-08 -9.69192e-10
3.5772e+06 0.0169553 -0.0831317 2.23763e-15 -9.16686e-20 53279.7 -546575 1.9787e-08 -8.79453e-10
3.57906e+06 0.0170349 -0.0834843 2.22481e-15 -1.32791e-19 53652.4 -546143 1.95396e-08 -1.27397e-09
3.58083e+06 0.0171144 -0.0838369 2.20609e-15 -5.85862e-20 54001.1 -545717 1.89029e-08 -5.62067e-10
3.58251e+06 0.0171939 -0.0841899 2.19317e-15 -1.41124e-19 54335.9 -545295 1.85173e-08 -1.35392e-09
3.58407e+06 0.0172738 -0.0845443 2.17565e-15 -9.66651e-20 54655.3 -544877 1.8128e-08 -9.27389e-10
3.58552e+06 0.0173536 -0.0848985 2.16431e-15 -1.40167e-19 54968 -544463 1.77752e-08 -1.34474e-09
3.5869e+06 0.0174334 -0.0852525 2.15076e-15 -1.12295e-19 55275.2 -544051 1.74223e-08 -1.07734e-09
3.58817e+06 0.0175131 -0.0856063 2.14093e-15 -1.24224e-19 55570.3 -543644 1.71131e-08 -1.19178e-09
3.58937e+06 0.0175927 -0.0859599 2.13054e-15 -9.72834e-20 55848.2 -543243 1.68038e-08 -9.33321e-10
3.59048e+06 0.0176723 -0.0863132 2.12667e-15 -1.50332e-19 56100.5 -542849 1.66765e-08 -1.44226e-09
3.59151e+06 0.0177518 -0.0866663 2.11908e-15 -1.20529e-19 56330.7 -542462 1.64509e-08 -1.15634e-09
3.59246e+06 0.0178312 -0.0870191 2.11443e-15 -1.09066e-19 56534.3 -542082 1.63163e-08 -1.04636e-09
3.59336e+06 0.0179105 -0.0873717 2.11615e-15 -1.29013e-19 56728.2 -541707 1.63891e-08 -1.23773e-09
3.59421e+06 0.0179899 -0.0877245 2.11301e-15 -1.88664e-19 56914.2 -541335 1.62618e-08 -1.81002e-09
3.53649e+06 0.0180221 -0.0879363 1.03402e-15 2.31994e-19 46493 -543460 1.41154e-09 2.22571e-09
3.53895e+06 0.0181077 -0.0883167 -1.18212e-16 1.0739e-18 46948.9 -543016 -1.11759e-08 1.03028e-08
3.54118e+06 0.0181924 -0.0886928 -3.78156e-16 1.05633e-18 47351.7 -542578 -1.84446e-08 1.01342e-08
3.54321e+06 0.018275 -0.089059 -6.7399e-16 9.67762e-19 47749.1 -542151 -2.66373e-08 9.28455e-09
3.54508e+06 0.0183565 -0.0894205 -7.61322e-16 9.75935e-19 48124.9 -541736 -2.90966e-08 9.36296e-09
3.54685e+06 0.0184376 -0.0897806 -8.40681e-16 1.00735e-18 48482.8 -541327 -3.13412e-08 9.66434e-09
3.54857e+06 0.0185186 -0.0901402 -9.94927e-16 1.25247e-18 48836.1 -540921 -3.57068e-08 1.2016e-08
3.55024e+06 0.0185996 -0.0904997 -1.14693e-15 -3.51837e-19 49183.3 -540518 -3.98795e-08 -3.37546e-09
3.55185e+06 0.0186805 -0.090859 -1.23273e-15 -4.07176e-19 49523 -540119 -4.23279e-08 -3.90638e-09
3.50409e+06 0.018723 -0.0911101 -5.02882e-16 1.70153e-19 40937.8 -541814 -1.51667e-08 1.63242e-09
3.50591e+06 0.0188073 -0.0914847 3.97744e-16 -6.35544e-19 41348.8 -541389 9.02583e-09 -6.0973e-09
3.50757e+06 0.018891 -0.0918561 7.30582e-16 -5.35756e-20 41676.4 -540986 1.82226e-08 -5.13996e-10
3.5092e+06 0.0189739 -0.0922243 7.8495e-16 -2.78897e-20 42014.9 -540585 1.98161e-08 -2.67569e-10
3.51061e+06 0.0190554 -0.0925865 8.45911e-16 1.03021e-21 42346.5 -540192 2.14895e-08 9.88366e-12
3.51203e+06 0.019137 -0.092949 9.04157e-16 3.88922e-20 42668.5 -539803 2.31194e-08 3.73125e-10
3.51341e+06 0.0192182 -0.09331 1.11712e-15 1.29317e-18 42985.1 -539418 2.89983e-08 1.24065e-08
3.51476e+06 0.0192994 -0.0936706 1.21069e-15 1.3191e-18 43297.8 -539035 3.15995e-08 1.26552e-08
3.51611e+06 0.0193805 -0.094031 1.28459e-15 1.40089e-18 43608.9 -538655 3.36768e-08 1.34399e-08
3.51745e+06 0.0194616 -0.0943913 1.3476e-15 1.5054e-18 43917.6 -538276 3.53612e-08 1.44425e-08
3.51874e+06 0.0195426 -0.0947513 1.40682e-15 1.56801e-18 44221.4 -537901 3.69691e-08 1.50433e-08
3.51998e+06 0.0196236 -0.0951111 1.46163e-15 1.6004e-18 44515.7 -537529 3.85771e-08 1.5354e-08
3.52106e+06 0.0197043 -0.0954699 1.50997e-15 1.63873e-18 44785 -537166 3.98613e-08 1.57217e-08
3.52198e+06 0.0197847 -0.0958276 1.55418e-15 1.64451e-18 45025.2 -536811 4.11019e-08 1.57771e-08
3.49026e+06 0.0198649 -0.0961867 1.93429e-15 2.68761e-19 44824.3 -536555 1.33987e-08 2.57845e-09
3.49148e+06 0.0199477 -0.0965555 1.26106e-15 3.27531e-19 45077.7 -536191 5.25688e-09 3.14228e-09
3.49244e+06 0.0200294 -0.0969192 1.05226e-15 4.0626e-19 45305.5 -535838 2.77942e-09 3.89759e-09
3.49316e+06 0.0201097 -0.097277 9.05824e-16 4.44988e-19 45502.8 -535499 9.7134e-10 4.26915e-09
3.49377e+06 0.0201898 -0.0976342 8.05287e-16 4.24391e-19 45673.6 -535167 -2.47383e-10 4.07154e-09
3.49426e+06 0.0202696 -0.0979901 7.26731e-16 3.9279e-19 45818 -534844 -1.17143e-09 3.76836e-09
3.49464e+06 0.0203491 -0.098345 6.58996e-16 4.26073e-19 45945.6 -534527 -2.04818e-09 4.08767e-09
3.49496e+06 0.0204285 -0.0986995 5.99389e-16 4.87021e-19 46062.5 -534214 -2.78305e-09 4.6724e-09
3.49526e+06 0.0205078 -0.0990538 5.56332e-16 4.04578e-19 46176.7 -533903 -3.27418e-09 3.88146e-09
3.49548e+06 0.0205871 -0.099408 5.15275e-16 4.2209e-19 46283.9 -533595 -3.76167e-09 4.04947e-09
3.49563e+06 0.0206663 -0.0997619 4.30168e-16 2.66135e-19 46378.5 -533292 -4.83124e-09 2.55326e-09
3.49574e+06 0.0207454 -0.100116 3.86414e-16 2.6764e-19 46467.9 -532991 -5.35147e-09 2.5677e-09
3.49582e+06 0.0208245 -0.100469 3.52819e-16 2.52452e-19 46552.8 -532693 -5.79166e-09 2.42198e-09
3.4959e+06 0.0209037 -0.100823 3.24824e-16 2.06775e-19 46635.6 -532396 -6.07542e-09 1.98376e-09
3.49596e+06 0.0209827 -0.101177 2.95207e-16 2.31124e-19 46716.4 -532102 -6.47196e-09 2.21736e-09
3.496e+06 0.0210619 -0.101531 2.67879e-16 2.60626e-19 46795.2 -531809 -6.8394e-09 2.50041e-09
3.49603e+06 0.021141 -0.101885 2.42617e-16 2.78532e-19 46872 -531517 -7.11225e-09 2.67219e-09
3.49604e+06 0.0212202 -0.102239 2.20233e-16 2.95803e-19 46947 -531228 -7.35963e-09 2.83788e-09
3.49601e+06 0.0212992 -0.102592 2.04486e-16 2.54081e-19 47017.4 -530941 -7.61429e-09 2.43761e-09
3.47515e+06 0.0213813 -0.102962 6.80204e-16 2.22742e-20 46780 -530712 -1.90994e-09 2.13695e-10
3.45537e+06 0.0214276 -0.103224 1.26655e-15 -3.22214e-19 39746.9 -532082 4.88944e-09 -3.09127e-09
3.45663e+06 0.0215109 -0.103595 1.9642e-15 -6.17763e-19 40049.2 -531734 1.32059e-08 -5.92672e-09
3.45765e+06 0.0215932 -0.103961 2.18842e-15 -6.69044e-19 40309 -531400 1.58507e-08 -6.4187e-09
3.45845e+06 0.0216751 -0.104327 2.36743e-15 -7.29507e-19 40547.2 -531073 1.79571e-08 -6.99877e-09
3.45901e+06 0.0217567 -0.104691 2.5974e-15 2.85276e-19 40760.8 -530754 2.06637e-08 2.7369e-09
3.45931e+06 0.0218376 -0.105053 2.83977e-15 1.98086e-19 40911.7 -530452 2.35232e-08 1.90041e-09
3.45951e+06 0.0219183 -0.105413 3.00325e-15 1.32317e-19 41048.7 -530156 2.54549e-08 1.26943e-09
3.45964e+06 0.021999 -0.105774 3.1374e-15 2.34205e-19 41175.4 -529863 2.70047e-08 2.24693e-09
3.4597e+06 0.0220798 -0.106136 3.26554e-15 2.02794e-19 41291.9 -529573 2.84526e-08 1.94558e-09
3.45969e+06 0.0221607 -0.106498 3.38214e-15 1.56331e-19 41399.3 -529286 2.98642e-08 1.49981e-09
3.45956e+06 0.0222416 -0.10686 3.48701e-15 1.64817e-19 41494.5 -529003 3.10101e-08 1.58123e-09
3.4593e+06 0.0223224 -0.107222 3.58288e-15 2.02437e-19 41566.3 -528727 3.21525e-08 1.94215e-09
3.45897e+06 0.0224031 -0.107583 3.67578e-15 1.48342e-19 41621.7 -528456 3.3222e-08 1.42317e-09
3.45859e+06 0.0224837 -0.107945 3.7612e-15 1.49747e-19 41669.7 -528188 3.42297e-08 1.43665e-09
3.45791e+06 0.0225642 -0.108306 3.82954e-15 1.79618e-19 41682.4 -527930 3.49937e-08 1.72322e-09
3.45723e+06 0.0226445 -0.108666 3.87958e-15 1.56675e-19 41687.8 -527675 3.55394e-08 1.50311e-09
3.45623e+06 0.0227245 -0.109026 3.94324e-15 1.70772e-19 41653.3 -527431 3.62706e-08 1.63836e-09
3.45514e+06 0.0228044 -0.109385 4.00498e-15 2.37089e-19 41609.9 -527191 3.69109e-08 2.2746e-09
3.45398e+06 0.0228842 -0.109743 4.07042e-15 2.34292e-19 41551.6 -526955 3.76567e-08 2.24776e-09
3.45274e+06 0.0229637 -0.110101 4.13603e-15 1.56794e-19 41479.3 -526725 3.83916e-08 1.50425e-09
3.45143e+06 0.0230431 -0.110458 4.19386e-15 1.75586e-19 41396.7 -526498 3.90282e-08 1.68454e-09
3.45003e+06 0.0231222 -0.110814 4.24441e-15 2.4195e-19 41301.7 -526276 3.95885e-08 2.32123e-09
3.44848e+06 0.0232011 -0.111169 4.29687e-15 2.48605e-19 41190.8 -526060 4.01342e-08 2.38508e-09
3.44687e+06 0.0232797 -0.111523 4.35017e-15 1.8501e-19 41072.4 -525847 4.0709e-08 1.77495e-09
3.44515e+06 0.0233582 -0.111876 4.38909e-15 2.40691e-19 40940.9 -525639 4.11565e-08 2.30915e-09
3.44321e+06 0.0234365 -0.112229 4.42833e-15 2.73276e-19 40772.5 -525441 4.15239e-08 2.62177e-09
3.44121e+06 0.0235147 -0.112582 4.47505e-15 2.2908e-19 40596.6 -525245 4.20041e-08 2.19776e-09
3.43917e+06 0.0235927 -0.112934 4.51555e-15 2.47651e-19 40414.5 -525053 4.2437e-08 2.37592e-09
3.4371e+06 0.0236708 -0.113286 4.55324e-15 2.81905e-19 40227.8 -524863 4.28408e-08 2.70455e-09
3.435e+06 0.0237488 -0.113638 4.59205e-15 2.65208e-19 40037.4 -524675 4.32265e-08 2.54436e-09
3.43289e+06 0.0238267 -0.11399 4.62749e-15 2.16323e-19 39843.8 -524489 4.35175e-08 2.07537e-09
3.43046e+06 0.0239047 -0.114342 4.65892e-15 1.54055e-19 39602.4 -524314 4.38667e-08 1.47798e-09
3.42795e+06 0.0239826 -0.114694 4.67308e-15 1.85441e-19 39345.8 -524144 4.39868e-08 1.77909e-09
3.42541e+06 0.0240605 -0.115046 4.69523e-15 2.00535e-19 39087.2 -523976 4.41578e-08 1.9239e-09
3.42287e+06 0.0241384 -0.115399 4.72516e-15 1.68075e-19 38827.2 -523809 4.44379e-08 1.61248e-09
3.42031e+06 0.0242162 -0.11575 4.75248e-15 1.70329e-19 38565.7 -523644 4.4678e-08 1.63411e-09
3.41774e+06 0.024294 -0.116102 4.78245e-15 1.36247e-19 38302.7 -523480 4.49545e-08 1.30713e-09
3.41509e+06 0.0243717 -0.116453 4.8024e-15 1.55478e-19 38031.6 -523320 4.51255e-08 1.49163e-09
3.39069e+06 0.0244489 -0.116806 3.56843e-15 9.2944e-19 37379.4 -523245 3.08064e-08 8.9169e-09
3.38892e+06 0.024527 -0.117159 1.35314e-15 2.02471e-18 37127.9 -523081 5.20231e-09 1.94247e-08
3.38689e+06 0.0246049 -0.117512 -1.074e-15 3.37972e-18 36870.7 -522920 -2.27519e-08 3.24244e-08
3.38464e+06 0.0246826 -0.117863 -2.01639e-15 3.75543e-18 36608.2 -522763 -3.35749e-08 3.6029e-08
3.36102e+06 0.0246924 -0.117965 -1.64912e-16 3.0236e-18 29050.2 -524363 -9.92441e-09 2.9008e-08
3.35953e+06 0.0247711 -0.118321 1.16665e-15 2.4497e-18 29049.8 -524163 2.82671e-09 2.3502e-08
3.35782e+06 0.0248498 -0.118676 1.77094e-15 2.06452e-18 28972.6 -523965 9.70977e-09 1.98067e-08
3.3559e+06 0.024928 -0.119029 1.80747e-15 2.00264e-18 28828.5 -523783 1.01027e-08 1.9213e-08
3.35398e+06 0.0250062 -0.119382 1.75739e-15 5.17088e-19 28684.1 -523603 9.49512e-09 4.96086e-09
3.35205e+06 0.0250844 -0.119735 1.96472e-15 1.60661e-19 28538.6 -523424 1.18307e-08 1.54135e-09
3.3501e+06 0.0251625 -0.120087 2.0301e-15 1.31405e-19 28391.4 -523247 1.24819e-08 1.26067e-09
3.34815e+06 0.0252406 -0.12044 2.09158e-15 9.10684e-20 28244.6 -523071 1.31622e-08 8.73695e-10
3.34616e+06 0.0253186 -0.120792 2.14858e-15 4.37032e-20 28097.4 -522897 1.37879e-08 4.19282e-10
3.34398e+06 0.0253964 -0.121144 2.19937e-15 -7.14569e-22 27935.5 -522727 1.43373e-08 -6.85545e-12
3.34171e+06 0.0254741 -0.121495 2.23979e-15 1.33055e-20 27759.2 -522562 1.47884e-08 1.27651e-10
3.33956e+06 0.025552 -0.121847 2.28615e-15 -5.63109e-20 27590.1 -522395 1.52468e-08 -5.40237e-10
3.33734e+06 0.0256297 -0.122198 2.32859e-15 -7.34509e-20 27412.4 -522233 1.56542e-08 -7.04676e-10
3.33504e+06 0.0257073 -0.122549 2.36647e-15 -7.48585e-20 27218.4 -522075 1.60544e-08 -7.1818e-10
3.31368e+06 0.0257776 -0.12287 2.3102e-15 -7.74571e-20 26650.8 -522018 1.53959e-08 -7.43111e-10
3.30336e+06 0.025852 -0.123208 1.81465e-15 5.59969e-20 26288.9 -521906 9.77525e-09 5.37225e-10
3.30179e+06 0.0259297 -0.12356 1.35616e-15 1.88274e-19 26089.1 -521752 4.66389e-09 1.80627e-09
3.30008e+06 0.0260074 -0.123912 7.47773e-16 3.47652e-19 25883.2 -521601 -2.14277e-09 3.33532e-09
3.29833e+06 0.0260851 -0.124263 -2.41067e-16 5.84747e-19 25676.1 -521451 -1.32168e-08 5.60996e-09
3.29649e+06 0.0261626 -0.124614 -9.22335e-16 6.83368e-19 25464.7 -521303 -2.08056e-08 6.55612e-09
3.29427e+06 0.0262398 -0.124964 -1.51895e-15 5.13214e-19 25209.2 -521167 -2.74558e-08 4.92369e-09
3.29183e+06 0.0263168 -0.125314 -1.67451e-15 5.24543e-19 24938.9 -521035 -2.91402e-08 5.03238e-09
3.28931e+06 0.0263938 -0.125662 -1.79378e-15 5.41643e-19 24665.1 -520906 -3.04572e-08 5.19643e-09
3.2859e+06 0.0264703 -0.12601 -1.87321e-15 5.60833e-19 24374 -520782 -3.13375e-08 5.38054e-09
3.27661e+06 0.0265446 -0.126348 -2.03092e-15 6.22508e-19 23963.9 -520691 -3.3051e-08 5.97224e-09
3.27446e+06 0.0266216 -0.126697 -2.06017e-15 6.38816e-19 23693.3 -520563 -3.33712e-08 6.12869e-09
3.27223e+06 0.0266985 -0.127046 -2.10287e-15 6.85808e-19 23417.4 -520438 -3.37895e-08 6.57953e-09
3.26994e+06 0.0267755 -0.127395 -2.14472e-15 6.50135e-19 23141.3 -520314 -3.42807e-08 6.23729e-09
3.26755e+06 0.0268523 -0.127744 -2.18851e-15 6.58948e-19 22864.3 -520192 -3.47354e-08 6.32184e-09
3.26508e+06 0.0269291 -0.128093 -2.2363e-15 7.30041e-19 22586.6 -520070 -3.52156e-08 7.0039e-09
3.26256e+06 0.0270059 -0.128441 -2.27836e-15 7.80762e-19 22308.7 -519950 -3.56704e-08 7.4905e-09
3.26002e+06 0.0270827 -0.12879 -2.302e-15 7.89085e-19 22031.7 -519831 -3.58959e-08 7.57036e-09
3.25747e+06 0.0271594 -0.129138 -2.32976e-15 7.86995e-19 21755.5 -519712 -3.61797e-08 7.5503e-09
3.2549e+06 0.0272361 -0.129486 -2.36077e-15 8.43508e-19 21480.1 -519595 -3.65035e-08 8.09247e-09
3.20331e+06 0.0272569 -0.129636 -5.78673e-16 2.47165e-21 14457.2 -521067 -1.5476e-08 2.37126e-11
3.20215e+06 0.0273346 -0.129989 9.21977e-16 -1.19013e-18 14328.3 -520923 -6.94854e-10 -1.14179e-08
3.20045e+06 0.0274122 -0.130341 9.76428e-16 -1.18444e-18 14144.2 -520786 -1.12777e-10 -1.13633e-08
3.19862e+06 0.0274896 -0.130692 1.03258e-15 -1.27048e-18 13946.9 -520653 4.83851e-10 -1.21888e-08
3.19668e+06 0.0275668 -0.131042 1.09251e-15 -1.31534e-18 13737 -520525 1.07684e-09 -1.26191e-08
3.1947e+06 0.027644 -0.131392 1.29963e-15 3.74185e-19 13521.5 -520398 3.30692e-09 3.58987e-09
3.1927e+06 0.0277211 -0.131742 1.41558e-15 3.71322e-19 13303.2 -520273 4.51837e-09 3.5624e-09
3.19069e+06 0.0277982 -0.132092 1.51972e-15 2.8485e-19 13082.9 -520150 5.64251e-09 2.7328e-09
3.18867e+06 0.0278753 -0.132442 1.60712e-15 2.70159e-19 12860.5 -520028 6.51926e-09 2.59186e-09
3.18665e+06 0.0279523 -0.132791 1.68416e-15 3.0691e-19 12636.1 -519908 7.28323e-09 2.94444e-09
3.18456e+06 0.0280293 -0.13314 1.75288e-15 3.19727e-19 12404.9 -519790 8.03266e-09 3.06741e-09
3.16242e+06 0.0280999 -0.133464 1.61225e-15 4.63975e-19 11808.6 -519767 6.43922e-09 4.4513e-09
3.14103e+06 0.0281392 -0.133701 1.45433e-15 5.30188e-19 4767.53 -521211 4.54384e-09 5.08654e-09
3.10843e+06 0.0281692 -0.133865 -4.32095e-17 1.17892e-18 1306.89 -521900 -1.20017e-08 1.13103e-08
3.10789e+06 0.0282483 -0.134223 -4.67618e-16 1.46659e-18 1303.89 -521731 -1.56651e-08 1.40702e-08
3.10725e+06 0.0283272 -0.134579 -7.77164e-16 1.6192e-18 1286.16 -521567 -1.88775e-08 1.55344e-08
3.10633e+06 0.0284057 -0.134934 -9.32042e-16 1.62413e-18 1236.31 -521411 -2.05291e-08 1.55816e-08
3.1052e+06 0.0284839 -0.135288 -1.05083e-15 1.72411e-18 1149.48 -521265 -2.17624e-08 1.65409e-08
3.10402e+06 0.028562 -0.135642 -1.2798e-15 2.13831e-18 1057.62 -521121 -2.41125e-08 2.05146e-08
3.10275e+06 0.02864 -0.135995 -1.36103e-15 2.196e-18 955.512 -520981 -2.49638e-08 2.10681e-08
3.10146e+06 0.0287179 -0.136348 -1.42688e-15 2.22735e-18 843.451 -520844 -2.56514e-08 2.13689e-08
3.10015e+06 0.0287958 -0.136701 -1.61528e-15 7.23316e-19 722.476 -520710 -2.75795e-08 6.93938e-09
3.07803e+06 0.0288874 -0.137141 -1.342e-15 8.56257e-19 -2306.31 -521181 -2.46509e-08 8.21479e-09
3.07634e+06 0.0289641 -0.137489 -6.59995e-16 6.6799e-19 -2516.15 -521070 -1.7666e-08 6.40858e-09
3.07537e+06 0.0290418 -0.137841 -1.52051e-16 1.19183e-18 -2569.66 -520925 -1.24201e-08 1.14342e-08
3.07405e+06 0.029119 -0.138191 9.54176e-18 1.20268e-18 -2668.8 -520791 -1.07539e-08 1.15383e-08
3.0726e+06 0.0291961 -0.138541 1.43496e-16 1.23019e-18 -2788.05 -520664 -9.37143e-09 1.18022e-08
3.07099e+06 0.029273 -0.13889 2.72961e-16 1.1852e-18 -2930.33 -520542 -8.02902e-09 1.13706e-08
3.06916e+06 0.0293497 -0.139238 3.85744e-16 1.22136e-18 -3097.45 -520427 -6.90125e-09 1.17175e-08
3.06716e+06 0.0294261 -0.139585 4.91262e-16 1.23922e-18 -3289.42 -520319 -5.77711e-09 1.18888e-08
3.06489e+06 0.0295021 -0.139931 5.94949e-16 1.25102e-18 -3510.06 -520219 -4.76211e-09 1.20021e-08
3.06246e+06 0.0295777 -0.140274 7.59527e-16 1.25875e-18 -3720.62 -520118 -3.1323e-09 1.20762e-08
3.06168e+06 0.0296556 -0.140628 8.93528e-16 1.27329e-18 -3795.42 -519984 -1.73532e-09 1.22157e-08
3.06016e+06 0.0297325 -0.140977 1.09385e-15 1.21605e-18 -3937.43 -519868 2.65572e-10 1.16666e-08
3.05847e+06 0.0298091 -0.141325 1.15928e-15 1.18122e-18 -4099.01 -519757 9.20409e-10 1.13325e-08
3.0568e+06 0.0298858 -0.141673 1.2163e-15 1.18718e-18 -4262.97 -519648 1.45883e-09 1.13896e-08
3.0551e+06 0.0299624 -0.142021 1.27415e-15 1.16319e-18 -4429.15 -519540 2.03727e-09 1.11594e-08
3.0534e+06 0.030039 -0.142369 1.32752e-15 1.14769e-18 -4596.72 -519434 2.56841e-09 1.10108e-08
3.05167e+06 0.0301155 -0.142717 1.37976e-15 1.12457e-18 -4768.34 -519329 3.06318e-09 1.07889e-08
3.01275e+06 0.0301473 -0.142906 1.51698e-15 9.81778e-19 -9963.43 -520399 4.44197e-09 9.41901e-09
3.01146e+06 0.0302242 -0.143255 1.47239e-15 9.99622e-19 -10082.9 -520284 3.83079e-09 9.59021e-09
3.01006e+06 0.030301 -0.143604 1.01008e-15 1.3468e-18 -10216.4 -520172 -8.33097e-10 1.2921e-08
3.00854e+06 0.0303777 -0.143952 2.32718e-16 2.38989e-18 -10364.3 -520065 -8.60018e-09 2.29282e-08
3.00704e+06 0.0304543 -0.1443 -7.23087e-16 7.09905e-19 -10512 -519959 -1.81935e-08 6.81071e-09
3.00551e+06 0.0305309 -0.144649 -1.49727e-15 8.25601e-19 -10661.4 -519854 -2.60188e-08 7.92068e-09
3.00398e+06 0.0306074 -0.144997 -1.84929e-15 8.84382e-19 -10812.5 -519751 -2.94312e-08 8.48462e-09
3.00241e+06 0.0306839 -0.145344 -2.11069e-15 9.52264e-19 -10968.4 -519649 -3.20615e-08 9.13587e-09
3.00085e+06 0.0307604 -0.145692 -2.30638e-15 9.55789e-19 -11127.2 -519549 -3.39751e-08 9.16969e-09
2.99919e+06 0.0308367 -0.146039 -2.46688e-15 9.90782e-19 -11295.6 -519452 -3.55321e-08 9.5054e-09
2.99754e+06 0.030913 -0.146387 -2.6056e-15 9.93041e-19 -11467 -519357 -3.68855e-08 9.52707e-09
2.97685e+06 0.0309587 -0.146614 -2.90955e-15 1.17666e-18 -13802 -519785 -3.98286e-08 1.12887e-08
2.97539e+06 0.0310353 -0.146962 -2.91417e-15 1.23808e-18 -13954.4 -519687 -3.98468e-08 1.1878e-08
2.97385e+06 0.0311117 -0.14731 -2.94527e-15 1.07351e-18 -14113.5 -519591 -4.01014e-08 1.02991e-08
2.9723e+06 0.0311881 -0.147658 -2.98384e-15 1.09341e-18 -14274.6 -519496 -4.04325e-08 1.049e-08
2.97076e+06 0.0312645 -0.148005 -3.02111e-15 1.09799e-18 -14435.8 -519402 -4.08145e-08 1.0534e-08
2.96921e+06 0.0313409 -0.148353 -3.05625e-15 1.06655e-18 -14596.9 -519309 -4.10073e-08 1.02323e-08
2.96767e+06 0.0314172 -0.1487 -3.09021e-15 1.01809e-18 -14757.8 -519217 -4.14002e-08 9.76734e-09
2.9661e+06 0.0314935 -0.149048 -3.12461e-15 1.03272e-18 -14922 -519126 -4.17058e-08 9.90772e-09
2.96453e+06 0.0315698 -0.149395 -3.16057e-15 1.04545e-18 -15087.8 -519037 -4.20077e-08 1.00299e-08
2.96295e+06 0.031646 -0.149742 -3.1912e-15 1.05991e-18 -15253.4 -518949 -4.22697e-08 1.01686e-08
2.96138e+06 0.0317222 -0.150089 -3.21605e-15 1.02213e-18 -15418.7 -518861 -4.24225e-08 9.80614e-09
2.95982e+06 0.0317984 -0.150436 -3.24507e-15 1.04846e-18 -15583.8 -518774 -4.26626e-08 1.00587e-08
2.95825e+06 0.0318746 -0.150783 -3.26479e-15 9.69785e-19 -15748.5 -518688 -4.28699e-08 9.30396e-09
2.9567e+06 0.0319508 -0.15113 -3.2928e-15 9.94885e-19 -15912.9 -518602 -4.31282e-08 9.54477e-09
2.95514e+06 0.0320269 -0.151477 -3.31509e-15 1.01111e-18 -16076.5 -518518 -4.33538e-08 9.70043e-09
2.9536e+06 0.032103 -0.151824 -3.33453e-15 9.97914e-19 -16239.6 -518434 -4.34557e-08 9.57382e-09
2.95205e+06 0.0321792 -0.15217 -3.35625e-15 1.01034e-18 -16402.2 -518350 -4.35866e-08 9.69308e-09
2.95052e+06 0.0322553 -0.152517 -3.37103e-15 9.62691e-19 -16564.4 -518268 -4.37904e-08 9.2359e-09
2.94898e+06 0.0323314 -0.152864 -3.39236e-15 1.00878e-18 -16726 -518186 -4.39177e-08 9.67803e-09
2.94746e+06 0.0324075 -0.153211 -3.40676e-15 9.71575e-19 -16887.1 -518105 -4.40232e-08 9.32113e-09
2.94593e+06 0.0324835 -0.153557 -3.42399e-15 9.83845e-19 -17047.8 -518025 -4.41287e-08 9.43885e-09
2.94441e+06 0.0325596 -0.153904 -3.44182e-15 1.02816e-18 -17208.8 -517945 -4.42487e-08 9.86399e-09
2.94289e+06 0.0326356 -0.15425 -3.45629e-15 1.02301e-18 -17370.1 -517866 -4.43797e-08 9.81457e-09
2.94137e+06 0.0327116 -0.154597 -3.46923e-15 1.00587e-18 -17530.9 -517788 -4.45107e-08 9.65015e-09
2.93985e+06 0.0327876 -0.154943 -3.48333e-15 1.02958e-18 -17691.3 -517711 -4.4598e-08 9.87764e-09
2.93833e+06 0.0328635 -0.155289 -3.49345e-15 9.8976e-19 -17852.2 -517635 -4.46016e-08 9.4956e-09
2.93681e+06 0.0329395 -0.155636 -3.50564e-15 9.99063e-19 -18013.2 -517560 -4.46853e-08 9.58484e-09
2.93528e+06 0.0330154 -0.155982 -3.51575e-15 9.88391e-19 -18174.9 -517485 -4.47253e-08 9.48246e-09
2.93376e+06 0.0330913 -0.156328 -3.52712e-15 1.00921e-18 -18337.1 -517411 -4.48199e-08 9.68215e-09
2.93224e+06 0.0331672 -0.156674 -3.53935e-15 1.04905e-18 -18498.8 -517339 -4.48854e-08 1.00644e-08
2.93072e+06 0.0332431 -0.15702 -3.54891e-15 1.02746e-18 -18660 -517266 -4.4929e-08 9.85726e-09
2.92921e+06 0.0333189 -0.157366 -3.56273e-15 1.08251e-18 -18820.6 -517195 -4.49545e-08 1.03854e-08
2.9277e+06 0.0333948 -0.157712 -3.57197e-15 1.09321e-18 -18980.8 -517124 -4.50855e-08 1.04881e-08
2.9262e+06 0.0334706 -0.158058 -3.5831e-15 1.11098e-18 -19140.4 -517054 -4.51219e-08 1.06586e-08
2.9247e+06 0.0335464 -0.158404 -3.58857e-15 1.07738e-18 -19299.6 -516984 -4.5151e-08 1.03362e-08
2.92321e+06 0.0336222 -0.15875 -3.59755e-15 1.07881e-18 -19458.5 -516915 -4.51655e-08 1.03499e-08
2.92171e+06 0.033698 -0.159096 -3.60719e-15 1.06977e-18 -19617.6 -516847 -4.52492e-08 1.02632e-08
2.92021e+06 0.0337738 -0.159442 -3.61526e-15 1.08395e-18 -19776.8 -516780 -4.52674e-08 1.03992e-08
2.91872e+06 0.0338495 -0.159787 -3.62165e-15 1.05134e-18 -19935.8 -516714 -4.53147e-08 1.00864e-08
2.91723e+06 0.0339252 -0.160133 -3.62955e-15 1.06113e-18 -20094.2 -516648 -4.53074e-08 1.01803e-08
2.91575e+06 0.034001 -0.160478 -3.6397e-15 1.09742e-18 -20252.1 -516582 -4.53547e-08 1.05285e-08
2.91427e+06 0.0340767 -0.160824 -3.64653e-15 1.06879e-18 -20409.6 -516518 -4.53911e-08 1.02538e-08
2.9128e+06 0.0341523 -0.16117 -3.65586e-15 1.09042e-18 -20566.6 -516454 -4.54165e-08 1.04613e-08
2.91133e+06 0.034228 -0.161515 -3.66583e-15 1.1308e-18 -20723 -516391 -4.55111e-08 1.08488e-08
2.90987e+06 0.0343037 -0.161861 -3.67305e-15 1.12444e-18 -20879 -516328 -4.5522e-08 1.07877e-08
2.90841e+06 0.0343793 -0.162206 -3.67913e-15 1.11328e-18 -21034.6 -516266 -4.5482e-08 1.06806e-08
2.90695e+06 0.034455 -0.162551 -3.69107e-15 1.17594e-18 -21189.6 -516205 -4.56057e-08 1.12817e-08
2.90551e+06 0.0345306 -0.162897 -3.69761e-15 1.1767e-18 -21343.9 -516144 -4.56166e-08 1.1289e-08
2.90407e+06 0.0346062 -0.163242 -3.7103e-15 1.25446e-18 -21497.7 -516084 -4.57148e-08 1.20351e-08
2.90263e+06 0.0346818 -0.163587 -3.7199e-15 1.28676e-18 -21651 -516025 -4.57367e-08 1.23449e-08
2.90119e+06 0.0347574 -0.163933 -3.72547e-15 1.26991e-18 -21803.9 -515966 -4.5733e-08 1.21833e-08
2.89977e+06 0.034833 -0.164278 -3.73473e-15 1.2913e-18 -21956.3 -515908 -4.58058e-08 1.23886e-08
2.89834e+06 0.0349085 -0.164623 -3.74635e-15 1.35783e-18 -22108.2 -515850 -4.58494e-08 1.30268e-08
2.89693e+06 0.0349841 -0.164968 -3.74843e-15 1.29255e-18 -22259.6 -515793 -4.58458e-08 1.24005e-08
2.89551e+06 0.0350596 -0.165313 -3.75333e-15 1.26478e-18 -22410.6 -515737 -4.58458e-08 1.21341e-08
2.89411e+06 0.0351351 -0.165659 -3.76405e-15 1.33957e-18 -22560.9 -515681 -4.58858e-08 1.28516e-08
2.8927e+06 0.0352106 -0.166004 -3.77432e-15 1.36967e-18 -22710.7 -515626 -4.59186e-08 1.31404e-08
2.89131e+06 0.0352861 -0.166349 -3.78201e-15 1.38541e-18 -22860.1 -515571 -4.59841e-08 1.32914e-08
2.88991e+06 0.0353616 -0.166694 -3.78823e-15 1.39271e-18 -23009 -515517 -4.59913e-08 1.33615e-08
2.88853e+06 0.0354371 -0.167039 -3.79597e-15 1.39671e-18 -23157.4 -515464 -4.60277e-08 1.33998e-08
2.88714e+06 0.0355125 -0.167383 -3.80489e-15 1.45826e-18 -23305.3 -515411 -4.60641e-08 1.39903e-08
2.88577e+06 0.0355879 -0.167728 -3.81115e-15 1.45075e-18 -23452.7 -515359 -4.60714e-08 1.39182e-08
2.88439e+06 0.0356634 -0.168073 -3.81978e-15 1.48735e-18 -23599.7 -515307 -4.61441e-08 1.42694e-08
2.88303e+06 0.0357388 -0.168418 -3.82381e-15 1.46665e-18 -23746.1 -515257 -4.60968e-08 1.40708e-08
2.88166e+06 0.0358142 -0.168763 -3.83331e-15 1.49691e-18 -23892 -515206 -4.61769e-08 1.43611e-08
2.88031e+06 0.0358896 -0.169107 -3.84439e-15 1.54285e-18 -24037.4 -515156 -4.62242e-08 1.48018e-08
2.87895e+06 0.0359649 -0.169452 -3.84902e-15 1.49842e-18 -24182.3 -515107 -4.62314e-08 1.43756e-08
2.87761e+06 0.0360403 -0.169797 -3.85839e-15 1.54283e-18 -24326.7 -515059 -4.62278e-08 1.48017e-08
2.87626e+06 0.0361157 -0.170142 -3.86635e-15 1.54829e-18 -24470.7 -515011 -4.62605e-08 1.4854e-08
2.87492e+06 0.036191 -0.170486 -3.86988e-15 1.5192e-18 -24614.1 -514963 -4.62387e-08 1.4575e-08
2.87359e+06 0.0362663 -0.170831 -3.87585e-15 1.50966e-18 -24757.1 -514916 -4.62896e-08 1.44835e-08
2.87226e+06 0.0363417 -0.171175 -3.87979e-15 1.4687e-18 -24899.7 -514870 -4.62387e-08 1.40905e-08
2.87094e+06 0.036417 -0.17152 -3.88976e-15 1.50218e-18 -25041.6 -514824 -4.63115e-08 1.44116e-08
2.86962e+06 0.0364923 -0.171864 -3.89009e-15 1.43152e-18 -25183.1 -514779 -4.62423e-08 1.37338e-08
2.86831e+06 0.0365675 -0.172209 -3.90262e-15 1.5061e-18 -25324.1 -514735 -4.64061e-08 1.44493e-08
2.867e+06 0.0366428 -0.172553 -3.90895e-15 1.51013e-18 -25464.6 -514691 -4.63369e-08 1.4488e-08
2.86569e+06 0.0367181 -0.172898 -3.91158e-15 1.4519e-18 -25604.7 -514647 -4.63733e-08 1.39293e-08
2.86439e+06 0.0367933 -0.173242 -3.91781e-15 1.43203e-18 -25744.3 -514605 -4.63333e-08 1.37387e-08
2.8631e+06 0.0368686 -0.173587 -3.92446e-15 1.45442e-18 -25883.4 -514562 -4.63624e-08 1.39535e-08
2.8618e+06 0.0369438 -0.173931 -3.93626e-15 1.50015e-18 -26022.1 -514521 -4.64352e-08 1.43922e-08
2.86052e+06 0.037019 -0.174275 -3.93851e-15 1.45986e-18 -26160.3 -514479 -4.63988e-08 1.40057e-08
