-995804 -0.00116566 -0.00293194 -0.00467934 -0.00612704 -0.007
-1.85909e+06 -0.00232575 -0.00591119 -0.00946234 -0.0123273 -0.014
-2.50243e+06 -0.00354651 -0.0089917 -0.0143598 -0.0186035 -0.021
-3.04315e+06 -0.00484467 -0.0121501 -0.0192897 -0.0248926 -0.028
-3.5272e+06 -0.00618316 -0.0153618 -0.0242501 -0.0311941 -0.035
-3.97225e+06 -0.00753832 -0.0186031 -0.0292283 -0.0375024 -0.042
-4.38726e+06 -0.00889813 -0.0218593 -0.0342198 -0.0438123 -0.049
-4.77734e+06 -0.0102516 -0.0251209 -0.0392236 -0.0501217 -0.056
-5.14387e+06 -0.0115995 -0.0283853 -0.0442342 -0.056436 -0.063
-5.48982e+06 -0.012946 -0.0316592 -0.0492627 -0.0627569 -0.07
-5.81648e+06 -0.0142881 -0.0349322 -0.0543016 -0.0690857 -0.077
-6.12494e+06 -0.0156226 -0.0382061 -0.0593583 -0.0754231 -0.084
-6.41579e+06 -0.0169473 -0.0414787 -0.0644277 -0.0817723 -0.091
-6.64718e+06 -0.0183145 -0.0449316 -0.0697024 -0.0882077 -0.098
-6.6403e+06 -0.0190943 -0.0483942 -0.0757938 -0.0950353 -0.105
-6.6611e+06 -0.0206785 -0.0525756 -0.0819777 -0.101854 -0.112
-6.65339e+06 -0.0222252 -0.0568172 -0.0882893 -0.108733 -0.119
-6.5479e+06 -0.0241421 -0.0613965 -0.0946367 -0.115706 -0.126
-6.56118e+06 -0.0255324 -0.0650857 -0.100289 -0.122451 -0.133
-6.48213e+06 -0.0261416 -0.0671775 -0.104771 -0.129082 -0.14
-6.43995e+06 -0.0283008 -0.070983 -0.110236 -0.135851 -0.147
-6.4976e+06 -0.0296047 -0.0742782 -0.115474 -0.142488 -0.154
-6.52276e+06 -0.0310018 -0.0777866 -0.120889 -0.149189 -0.161
-6.59918e+06 -0.0321131 -0.0808216 -0.125971 -0.155777 -0.168
-6.65239e+06 -0.0331372 -0.0837425 -0.131012 -0.162381 -0.175
-6.74318e+06 -0.0343187 -0.0870116 -0.136377 -0.168998 -0.182
-6.82566e+06 -0.0355928 -0.0903399 -0.141675 -0.175608 -0.189
-6.8757e+06 -0.0365804 -0.0933473 -0.146872 -0.182241 -0.196
-6.97878e+06 -0.0377329 -0.0964728 -0.152017 -0.188794 -0.203
-7.05577e+06 -0.039211 -0.10011 -0.157556 -0.195445 -0.21
-7.11498e+06 -0.0402993 -0.10339 -0.163032 -0.202105 -0.217
-7.13961e+06 -0.0415689 -0.106977 -0.168748 -0.208852 -0.224
-7.23219e+06 -0.0426615 -0.110002 -0.173826 -0.215397 -0.231
-7.32057e+06 -0.0438885 -0.113207 -0.178996 -0.221961 -0.238
-7.39834e+06 -0.0453177 -0.116763 -0.184424 -0.228582 -0.245
-7.46719e+06 -0.0465887 -0.120138 -0.189747 -0.235185 -0.252
-7.54948e+06 -0.0476883 -0.123282 -0.194912 -0.241744 -0.259
-7.56738e+06 -0.048651 -0.126004 -0.199776 -0.24834 -0.266
-7.56946e+06 -0.0497459 -0.129508 -0.206473 -0.255274 -0.273
-7.32251e+06 -0.0490284 -0.128979 -0.208838 -0.26191 -0.28
-5.32976e+06 -0.0747967 -0.15629 -0.22733 -0.27224 -0.287
-4.97524e+06 -0.0746572 -0.158937 -0.233519 -0.279806 -0.294
-5.07754e+06 -0.0764778 -0.163007 -0.239342 -0.286515 -0.301
-5.20579e+06 -0.0781204 -0.166962 -0.245094 -0.293211 -0.308
-5.37331e+06 -0.0794907 -0.170521 -0.250616 -0.299837 -0.315
-5.54608e+06 -0.0809037 -0.174109 -0.256134 -0.30646 -0.322
-5.71695e+06 -0.0822802 -0.177667 -0.261657 -0.313087 -0.329
-5.88353e+06 -0.0836788 -0.181242 -0.267191 -0.319725 -0.336
-6.03235e+06 -0.0849487 -0.184598 -0.272596 -0.326372 -0.343
-6.17059e+06 -0.0862342 -0.187959 -0.27803 -0.333041 -0.35
-6.30863e+06 -0.0874908 -0.191284 -0.283436 -0.339707 -0.357
-6.43598e+06 -0.0888141 -0.194676 -0.288879 -0.346389 -0.364
-6.50984e+06 -0.0905634 -0.19854 -0.294621 -0.353153 -0.371
-6.6144e+06 -0.0920441 -0.202148 -0.300197 -0.359844 -0.378
-6.72189e+06 -0.0933844 -0.205577 -0.305582 -0.366466 -0.385
-6.67241e+06 -0.0938968 -0.206379 -0.307212 -0.37061 -0.392
-6.28927e+06 -0.0929557 -0.204295 -0.306808 -0.380532 -0.399
-5.48163e+06 -0.101037 -0.215458 -0.31771 -0.388923 -0.406
-5.39418e+06 -0.100899 -0.215956 -0.320966 -0.395496 -0.413
-5.4098e+06 -0.104483 -0.221309 -0.327338 -0.402392 -0.42
-5.55971e+06 -0.105838 -0.224665 -0.332615 -0.408975 -0.427
-5.70407e+06 -0.10702 -0.227769 -0.33772 -0.415532 -0.434
-5.84609e+06 -0.108207 -0.230889 -0.342842 -0.422095 -0.441
-5.99441e+06 -0.109428 -0.234058 -0.347993 -0.428658 -0.448
-6.14818e+06 -0.110689 -0.237309 -0.353206 -0.435225 -0.455
-6.29974e+06 -0.111943 -0.240544 -0.358408 -0.441792 -0.462
-6.44616e+06 -0.113182 -0.243761 -0.363602 -0.448361 -0.469
-6.58583e+06 -0.114415 -0.246949 -0.368754 -0.454915 -0.476
-6.71229e+06 -0.11561 -0.250007 -0.373721 -0.461355 -0.483
-6.83626e+06 -0.11673 -0.252955 -0.37852 -0.467627 -0.49
-6.91152e+06 -0.117541 -0.255205 -0.382496 -0.473668 -0.497
-6.94106e+06 -0.118092 -0.257028 -0.386541 -0.479646 -0.504
-7.00769e+06 -0.118825 -0.259116 -0.390417 -0.485844 -0.511
-7.07729e+06 -0.119614 -0.261286 -0.394125 -0.491531 -0.518
-7.16977e+06 -0.120538 -0.263866 -0.398843 -0.49807 -0.525
-7.23811e+06 -0.121222 -0.26576 -0.4023 -0.503492 -0.532
-7.25298e+06 -0.121595 -0.267019 -0.405237 -0.509579 -0.539
-7.35695e+06 -0.122602 -0.269713 -0.409743 -0.515848 -0.546
-7.4492e+06 -0.12352 -0.272102 -0.413736 -0.521583 -0.553
-7.4968e+06 -0.124421 -0.274533 -0.418085 -0.528562 -0.56
-7.55898e+06 -0.125627 -0.277494 -0.422694 -0.534486 -0.567
-7.55506e+06 -0.126335 -0.279767 -0.426894 -0.542079 -0.574
-7.61574e+06 -0.127842 -0.282943 -0.431522 -0.548113 -0.581
-7.67999e+06 -0.129305 -0.286183 -0.43635 -0.554349 -0.588
-7.72793e+06 -0.130208 -0.289167 -0.441398 -0.56073 -0.595
-7.76907e+06 -0.131196 -0.292147 -0.446405 -0.567075 -0.602
-7.8493e+06 -0.132502 -0.295324 -0.451302 -0.573312 -0.609
-7.90868e+06 -0.134211 -0.29878 -0.456196 -0.579466 -0.616
-7.93517e+06 -0.135651 -0.302735 -0.461717 -0.58613 -0.623
-7.85563e+06 -0.139123 -0.308854 -0.468488 -0.593027 -0.63
-7.58282e+06 -0.137814 -0.307657 -0.470021 -0.601576 -0.637
