-995804 34294.9 37795.9 37907.3 34568.6 35600.9 81647.5 81952.9 35984.9 36002 81780.2 82108.6 36407.1 35600.9 81647.5 81952.9 35984.9 34294.9 37795.9 37907.3 34568.6
-1.85909e+06 65209.7 71944.2 72027.2 65045.7 67602.5 151138 151196 66417.7 68326.4 151260 151293 67054.2 67602.5 151138 151196 66417.7 65209.7 71944.2 72027.2 65045.7
-2.50243e+06 91653.2 99344.9 99369.2 87162.3 95726 200285 199888 86067.9 96687.5 200324 199825 86599.7 95726 200285 199888 86067.9 91653.2 99344.9 99369.2 87162.3
-3.04315e+06 114659 122448 122374 104976 121232 241661 240800 100609 122421 241601 240559 101050 121232 241661 240800 100609 114659 122448 122374 104976
-3.5272e+06 134145 142669 142463 120566 143387 279918 278602 113591 144825 279685 278117 113887 143387 279918 278602 113591 134145 142669 142463 120566
-3.97225e+06 151364 161393 161035 135287 162918 315543 313811 125631 164615 315128 313077 125768 162918 315543 313811 125631 151364 161393 161035 135287
-4.38726e+06 167046 178809 178264 149512 180873 349064 346798 136781 182806 348353 345717 136403 180873 349064 346798 136781 167046 178809 178264 149512
-4.77734e+06 181473 195005 194245 163342 197289 381011 378239 146902 199409 379995 376803 146257 197289 381011 378239 146902 181473 195005 194245 163342
-5.14387e+06 194890 210210 209268 176156 212462 411301 407863 156740 214792 409930 406011 155704 212462 411301 407863 156740 194890 210210 209268 176156
-5.48982e+06 207764 224857 223644 188475 226473 439912 435807 165833 228970 437966 433319 164360 226473 439912 435807 165833 207764 224857 223644 188475
-5.81648e+06 219552 238650 237240 200339 239692 466899 462205 174407 242319 464537 459294 172572 239692 466899 462205 174407 219552 238650 237240 200339
-6.12494e+06 230540 251441 249801 211441 252164 492571 487482 182619 254933 489786 484056 180341 252164 492571 487482 182619 230540 251441 249801 211441
-6.41579e+06 240866 263441 261647 221653 263531 516946 511459 190512 266493 513837 507666 187829 263531 516946 511459 190512 240866 263441 261647 221653
-6.64718e+06 243528 273560 273131 231333 264554 539727 534757 198198 267259 536449 530622 195301 264554 539727 534757 198198 243528 273560 273131 231333
-6.6403e+06 233121 274885 276962 232317 251488 541255 542825 202463 253858 537670 538549 199800 251488 541255 542825 202463 233121 274885 276962 232317
-6.6611e+06 233706 279134 275847 234379 249210 548362 538143 206129 251161 544108 532219 203794 249210 548362 538143 206129 233706 279134 275847 234379
-6.65339e+06 231453 282732 275929 230591 248044 551455 535613 205527 250330 546824 530762 202788 248044 551455 535613 205527 231453 282732 275929 230591
-6.5479e+06 230815 273782 269969 230131 245855 536476 526086 206981 247851 532739 523339 203803 245855 536476 526086 206981 230815 273782 269969 230131
-6.56118e+06 224081 271533 275173 233224 240328 531296 536793 212079 242664 527672 532436 209439 240328 531296 536793 212079 224081 271533 275173 233224
-6.48213e+06 223476 271813 265599 230302 239424 531750 521279 209880 241795 528104 518132 207052 239424 531750 521279 209880 223476 271813 265599 230302
-6.43995e+06 245495 293077 234432 250120 261613 573411 403497 229334 264082 569590 397055 227266 261613 573411 403497 229334 245495 293077 234432 250120
-6.4976e+06 249313 294770 239146 251376 264487 579377 404851 231351 266861 576139 395415 229846 264487 579377 404851 231351 249313 294770 239146 251376
-6.52276e+06 252749 292658 244789 249206 267167 574423 414108 229948 269688 570722 403740 228536 267167 574423 414108 229948 252749 292658 244789 249206
-6.59918e+06 253098 295664 250204 250167 267476 580369 425620 231094 269821 576960 415273 229741 267476 580369 425620 231094 253098 295664 250204 250167
-6.65239e+06 255236 295780 253836 251432 269275 581067 433888 232977 271578 578149 423842 231836 269275 581067 433888 232977 255236 295780 253836 251432
-6.74318e+06 257259 297941 260200 254238 270469 585222 446750 236130 272981 582000 436816 234964 270469 585222 446750 236130 257259 297941 260200 254238
-6.82566e+06 256601 302262 262946 258522 268235 593984 455710 240741 270881 590508 446948 239325 268235 593984 455710 240741 256601 302262 262946 258522
-6.8757e+06 257392 303497 264859 260325 268445 596962 463180 242848 271016 593742 454506 241443 268445 596962 463180 242848 257392 303497 264859 260325
-6.97878e+06 260460 307603 269077 264487 271246 605173 471917 247104 273785 601939 463266 245661 271246 605173 471917 247104 260460 307603 269077 264487
-7.05577e+06 265908 313595 272889 267929 276392 616467 457993 250898 278929 613156 470228 249302 276392 616467 457993 250898 265908 313595 272889 267929
-7.11498e+06 266493 316728 277445 270899 276915 623383 466435 253558 279362 620195 459827 251929 276915 623383 466435 253558 266493 316728 277445 270899
-7.13961e+06 268086 314715 280033 274512 278196 618688 470880 257044 280632 615640 463919 255146 278196 618688 470880 257044 268086 314715 280033 274512
-7.23219e+06 270691 318508 283964 278372 280393 626094 478489 261055 282824 623189 471906 259144 280393 626094 478489 261055 270691 318508 283964 278372
-7.32057e+06 274149 322875 287347 280021 283511 634617 485568 263181 285932 631881 478497 261724 283511 634617 485568 263181 274149 322875 287347 280021
-7.39834e+06 277523 327825 292642 274393 286547 644601 496784 259125 289027 642382 490092 257960 286547 644601 496784 259125 277523 327825 292642 274393
-7.46719e+06 280114 332043 289178 283308 288359 652452 493088 267571 290838 650256 487387 266486 288359 652452 493088 267571 280114 332043 289178 283308
-7.54948e+06 282155 334655 294783 285776 289839 657908 502354 270327 292319 655856 496596 269117 289839 657908 502354 270327 282155 334655 294783 285776
-7.56738e+06 284727 336945 289838 289411 291939 663122 495228 273251 294420 661279 490891 271874 291939 663122 495228 273251 284727 336945 289838 289411
-7.56946e+06 286465 329310 293806 292544 293087 650775 502697 276583 295369 650029 498314 275210 293087 650775 502697 276583 286465 329310 293806 292544
-7.32251e+06 278994 318955 283384 282992 285154 630482 481946 268342 287363 629532 477650 267469 285154 630482 481946 268342 278994 318955 283384 282992
-5.32976e+06 224945 224896 248585 191157 228528 396010 393200 167056 229568 393433 394665 163352 228528 396010 393200 167056 224945 224896 248585 191157
-4.97524e+06 211068 215418 233140 177010 214612 366798 365796 156846 215647 363982 360566 153666 214612 366798 365796 156846 211068 215418 233140 177010
-5.07754e+06 215261 219190 237206 178727 216958 380173 366524 162393 217963 377215 370369 159282 216958 380173 366524 162393 215261 219190 237206 178727
-5.20579e+06 222307 221885 246468 184749 222022 379299 381074 169111 222994 375087 387912 165961 222022 379299 381074 169111 222307 221885 246468 184749
-5.37331e+06 227394 229240 253702 191185 226294 392900 394668 175816 227268 388909 402079 172651 226294 392900 394668 175816 227394 229240 253702 191185
-5.54608e+06 233092 237375 261481 198347 231180 403660 409678 183272 232122 400049 417653 180085 231180 403660 409678 183272 233092 237375 261481 198347
-5.71695e+06 238567 244306 268790 205006 235756 417109 423561 190263 236609 413612 432445 187084 235756 417109 423561 190263 238567 244306 268790 205006
-5.88353e+06 244640 251649 276339 212082 240943 426286 438382 197676 241734 423689 447458 194536 240943 426286 438382 197676 244640 251649 276339 212082
-6.03235e+06 249547 257577 282746 217956 245095 437280 451216 203931 245847 434857 460156 200799 245095 437280 451216 203931 249547 257577 282746 217956
-6.17059e+06 254389 264897 289607 223716 249421 441889 465185 210201 250126 440702 473955 207085 249421 441889 465185 210201 254389 264897 289607 223716
-6.30863e+06 259078 270680 294813 229433 253628 452238 476062 216381 254279 451414 484815 213295 253628 452238 476062 216381 259078 270680 294813 229433
-6.43598e+06 263609 278658 300871 235895 257925 453623 488869 223308 258594 453761 497544 220376 257925 453623 488869 223308 263609 278658 300871 235895
-6.50984e+06 270426 299643 310999 248542 263720 406839 508456 236486 264154 405225 516835 233624 263720 406839 508456 236486 270426 299643 310999 248542
-6.6144e+06 276754 310069 319863 255844 269619 388034 526143 244735 269958 386068 534298 241991 269619 388034 526143 244735 276754 310069 319863 255844
-6.72189e+06 281593 314043 324336 257317 274173 398758 534107 247342 274448 397129 542357 244634 274173 398758 534107 247342 281593 314043 324336 257317
-6.67241e+06 288269 284084 330235 262866 280872 362735 546110 253367 281123 369291 554184 250742 280872 362735 546110 253367 288269 284084 330235 262866
-6.28927e+06 284284 176166 323176 256877 277439 340844 532977 247684 277686 346351 541243 245088 277439 340844 532977 247684 284284 176166 323176 256877
-5.48163e+06 200626 254960 213387 177853 262788 483331 345941 166152 263536 487941 356506 163573 262788 483331 345941 166152 200626 254960 213387 177853
-5.39418e+06 193373 250712 210319 173655 268464 475074 331962 163347 269130 479705 350450 160978 268464 475074 331962 163347 193373 250712 210319 173655
-5.4098e+06 205506 204547 221427 185585 254615 467082 358515 172050 258367 469514 373795 169467 254615 467082 358515 172050 205506 204547 221427 185585
-5.55971e+06 213937 212263 229249 193691 245064 481525 374032 180159 248683 484040 389585 177564 245064 481525 374032 180159 213937 212263 229249 193691
-5.70407e+06 218592 218062 235308 199813 249295 492267 386009 186356 253032 494861 400925 183842 249295 492267 386009 186356 218592 218062 235308 199813
-5.84609e+06 223076 223786 241391 205940 253226 502930 397959 192647 257000 505657 411410 190070 253226 502930 397959 192647 223076 223786 241391 205940
-5.99441e+06 228163 230021 248040 212495 257552 513250 409764 199280 261467 516130 422973 196706 257552 513250 409764 199280 228163 230021 248040 212495
-6.14818e+06 233731 235947 254957 219378 260109 524309 422054 206271 266138 527240 436759 203689 260109 524309 422054 206271 233731 235947 254957 219378
-6.29974e+06 239015 241761 261879 226154 264555 535395 434367 213139 270334 538364 448689 210549 264555 535395 434367 213139 239015 241761 261879 226154
-6.44616e+06 244005 247394 268560 232587 268565 546186 446207 219668 273898 549197 459612 217108 268565 546186 446207 219668 244005 247394 268560 232587
-6.58583e+06 249427 252914 274100 239034 272235 556762 455806 226230 278045 559830 471048 223688 272235 556762 455806 226230 249427 252914 274100 239034
-6.71229e+06 254773 258957 280396 244938 275992 564847 462226 232290 282343 567477 483880 229742 275992 564847 462226 232290 254773 258957 280396 244938
-6.83626e+06 257676 263874 286008 250628 278128 574321 472305 238289 284845 577009 496160 235786 278128 574321 472305 238289 257676 263874 286008 250628
-6.91152e+06 260185 266554 288481 254586 280218 579154 478492 242460 286993 581821 502559 239887 280218 579154 478492 242460 260185 266554 288481 254586
-6.94106e+06 261943 268897 289585 256293 281451 579801 479901 244337 288154 582530 504187 241774 281451 579801 479901 244337 261943 268897 289585 256293
-7.00769e+06 264049 271274 292725 259606 282680 583459 486324 247870 289197 586313 510783 245422 282680 583459 486324 247870 264049 271274 292725 259606
-7.07729e+06 265936 273501 296492 261902 283743 587122 495186 250538 290247 590176 519880 248137 283743 587122 495186 250538 265936 273501 296492 261902
-7.16977e+06 269309 278033 300487 264624 285606 594273 503855 253848 292098 597353 528762 251484 285606 594273 503855 253848 269309 278033 300487 264624
-7.23811e+06 271595 281497 302673 267597 286744 599670 509441 257196 293218 602596 534644 254833 286744 599670 509441 257196 271595 281497 302673 267597
-7.25298e+06 271421 283124 302816 268019 286038 602198 510285 258051 292514 605022 535830 255713 286038 602198 510285 258051 271421 283124 302816 268019
-7.35695e+06 275207 286648 307129 272822 288518 608120 519864 263700 294989 611341 545243 261362 288518 608120 519864 263700 275207 286648 307129 272822
-7.4492e+06 278750 290460 310068 277158 291021 613959 527571 268946 297273 617229 552221 266616 291021 613959 527571 268946 278750 290460 310068 277158
-7.4968e+06 281760 293465 308782 281982 293411 618524 525651 274466 299418 621544 547509 272245 293411 618524 525651 274466 281760 293465 308782 281982
-7.55898e+06 285997 295426 308220 289637 297381 619850 524830 282954 302965 620307 546321 280796 297381 619850 524830 282954 285997 295426 308220 289637
-7.55506e+06 284855 286619 315728 291039 295837 599280 543421 285144 301490 602245 566496 283087 295837 599280 543421 285144 284855 286619 315728 291039
-7.61574e+06 290300 317302 325253 301445 300777 489039 563647 296839 306333 658167 587242 294791 300777 489039 563647 296839 290300 317302 325253 301445
-7.67999e+06 297007 330453 333589 308212 307567 426888 580925 304871 312746 680179 605164 302876 307567 426888 580925 304871 297007 330453 333589 308212
-7.72793e+06 298237 334122 334231 323310 308786 406704 580284 318676 313576 684840 604896 315926 308786 406704 580284 318676 298237 334122 334231 323310
-7.76907e+06 298975 337048 335925 324770 310025 411115 582660 320915 314383 685679 608456 318218 310025 411115 582660 320915 298975 337048 335925 324770
-7.8493e+06 303010 345509 339995 292934 314146 425170 589944 332689 319036 697211 616876 329384 314146 425170 589944 332689 303010 345509 339995 292934
-7.90868e+06 313551 363976 352032 126135 324178 463666 613924 364056 329031 735508 641369 359783 324178 463666 613924 364056 313551 363976 352032 126135
-7.93517e+06 313257 368163 370120 96356 323915 471840 651230 332738 328607 742223 678157 330945 323915 471840 651230 332738 313257 368163 370120 96356
-7.85563e+06 339028 394801 378502 164387 348782 523715 663789 132724 353220 787724 691876 131256 348782 523715 663789 132724 339028 394801 378502 164387
-7.58282e+06 319636 400880 361479 145928 330153 539303 627640 115770 334671 795508 656151 114912 330153 539303 627640 115770 319636 400880 361479 145928
