11312.1 -2.24063e-05 -1.5772e-05 -1.85795e-17 -2.9445e-20 -318075 -6139.59 -7.4445e-09 -2.64246e-10
22624.1 -2.22711e-05 -3.15443e-05 -1.202e-17 -2.82363e-20 -316151 -12279.1 -4.81154e-09 -2.53399e-10
33936 -2.21359e-05 -4.73169e-05 -3.3962e-18 -2.63714e-20 -314226 -18418.5 -1.34864e-09 -2.36663e-10
45247.6 -2.20008e-05 -6.30898e-05 3.93544e-18 -2.43407e-20 -312301 -24557.8 1.5729e-09 -2.18439e-10
56559 -2.18659e-05 -7.88632e-05 9.74178e-18 -2.14419e-20 -310376 -30696.9 3.89987e-09 -1.92424e-10
67870.1 -2.17309e-05 -9.46372e-05 1.431e-17 -1.97137e-20 -308452 -36835.8 5.73469e-09 -1.76915e-10
79180.7 -2.1596e-05 -0.000110412 1.77974e-17 -1.8119e-20 -306527 -42974.4 7.13247e-09 -1.62604e-10
90491 -2.14612e-05 -0.000126188 2.05149e-17 -1.47674e-20 -304603 -49113 8.20236e-09 -1.32526e-10
101801 -2.13266e-05 -0.000141962 2.26087e-17 -1.37066e-20 -302678 -55251.3 9.05041e-09 -1.23006e-10
113110 -2.11923e-05 -0.000157737 2.42532e-17 -1.08778e-20 -300754 -61389.3 9.7088e-09 -9.76196e-11
124419 -2.10579e-05 -0.000173514 2.54644e-17 -9.08271e-21 -298830 -67527.3 1.01954e-08 -8.15102e-11
135727 -2.09238e-05 -0.00018929 2.64734e-17 -4.9516e-21 -296906 -73664.7 1.05948e-08 -4.44367e-11
147035 -2.07899e-05 -0.000205067 2.71873e-17 -3.31426e-21 -294982 -79802.1 1.08746e-08 -2.97429e-11
158341 -2.06562e-05 -0.000220845 2.77716e-17 -1.33434e-21 -293058 -85939.2 1.11133e-08 -1.19746e-11
169647 -2.05226e-05 -0.000236624 2.81957e-17 2.8568e-21 -291134 -92076 1.12934e-08 2.56375e-11
180953 -2.03893e-05 -0.000252402 2.85637e-17 1.47087e-21 -289210 -98212.3 1.14267e-08 1.31999e-11
192182 -2.02574e-05 -0.000268131 2.92887e-17 1.62935e-20 -287305 -104328 1.17205e-08 1.46221e-10
203258 -2.0128e-05 -0.000283723 2.9978e-17 2.17114e-20 -285433 -110391 1.19954e-08 1.94842e-10
214326 -1.9999e-05 -0.000299307 2.94904e-17 1.11441e-20 -283562 -116449 1.18143e-08 1.0001e-10
225329 -1.98713e-05 -0.000314849 2.9765e-17 1.76966e-20 -281708 -122491 1.19094e-08 1.58813e-10
236146 -1.97466e-05 -0.000330215 3.04135e-17 3.1459e-20 -279892 -128464 1.21748e-08 2.8232e-10
246893 -1.96232e-05 -0.000345523 2.97494e-17 1.80701e-20 -278093 -134412 1.18937e-08 1.62165e-10
257589 -1.95013e-05 -0.000360875 2.93598e-17 1.8507e-20 -276311 -140378 1.17338e-08 1.66086e-10
268228 -1.93807e-05 -0.000376187 2.93839e-17 2.73414e-20 -274543 -146328 1.17516e-08 2.45368e-10
278710 -1.92626e-05 -0.000391351 2.95424e-17 3.59753e-20 -272809 -152218 1.18207e-08 3.2285e-10
289115 -1.91459e-05 -0.000406447 2.89399e-17 2.85946e-20 -271091 -158082 1.1566e-08 2.56614e-10
299330 -1.90331e-05 -0.000421484 2.93273e-17 3.28601e-20 -269424 -163922 1.17225e-08 2.94893e-10
309313 -1.8924e-05 -0.000436318 2.95469e-17 3.77181e-20 -267809 -169682 1.18127e-08 3.3849e-10
319202 -1.88167e-05 -0.000451067 2.8839e-17 3.875e-20 -266213 -175408 1.15176e-08 3.47751e-10
328963 -1.85967e-05 -0.000466779 2.99743e-17 3.42069e-20 -264642 -181060 1.1398e-08 3.0698e-10
338644 -1.82694e-05 -0.000483409 2.81682e-17 3.29791e-20 -263087 -186643 1.07084e-08 2.95962e-10
348216 -1.79447e-05 -0.000500004 2.67537e-17 4.28661e-20 -261555 -192213 1.01693e-08 3.84689e-10
357595 -1.76248e-05 -0.00051652 2.43443e-17 4.98114e-20 -260069 -197756 9.24774e-09 4.47018e-10
366735 -1.73184e-05 -0.000532269 2.15611e-17 3.79238e-20 -258630 -203041 8.195e-09 3.40337e-10
375643 -1.70215e-05 -0.000547496 1.99675e-17 3.60435e-20 -257225 -208149 7.58655e-09 3.23462e-10
384463 -1.65609e-05 -0.000564065 1.92184e-17 4.81836e-20 -255843 -213231 6.94286e-09 4.3241e-10
393169 -1.60263e-05 -0.000581493 1.74237e-17 4.61796e-20 -254479 -218393 6.27733e-09 4.14425e-10
401831 -1.54928e-05 -0.000598932 1.61745e-17 4.87207e-20 -253127 -223557 5.84032e-09 4.3723e-10
410467 -1.49579e-05 -0.00061645 1.51017e-17 4.82399e-20 -251779 -228743 5.43787e-09 4.32915e-10
419004 -1.44283e-05 -0.000633845 1.44721e-17 5.47194e-20 -250453 -233893 5.22095e-09 4.91063e-10
427364 -1.39229e-05 -0.000650385 1.40649e-17 6.43471e-20 -249163 -238787 5.07316e-09 5.77464e-10
435562 -1.34264e-05 -0.000666654 1.36899e-17 5.19052e-20 -247897 -243601 4.93901e-09 4.65808e-10
443721 -1.27309e-05 -0.000684553 1.31518e-17 4.67615e-20 -246635 -248380 4.5934e-09 4.19648e-10
451798 -1.16573e-05 -0.000705126 1.34697e-17 6.37092e-20 -245383 -253090 4.44606e-09 5.7174e-10
459742 -1.0562e-05 -0.000726006 1.2891e-17 6.47273e-20 -244162 -257844 4.25325e-09 5.80877e-10
467600 -9.47242e-06 -0.000746811 1.20815e-17 5.65339e-20 -242960 -262579 3.98904e-09 5.07347e-10
475421 -8.40374e-06 -0.00076719 1.12432e-17 6.44836e-20 -241758 -267216 3.69118e-09 5.7869e-10
483197 -7.33839e-06 -0.000787524 1.07669e-17 6.97664e-20 -240563 -271841 3.53884e-09 6.26098e-10
490923 -6.30114e-06 -0.00080729 8.55916e-18 7.17488e-20 -239376 -276335 2.81534e-09 6.43889e-10
498517 -5.19955e-06 -0.000826658 7.12394e-18 9.19646e-20 -238195 -280515 2.26373e-09 8.25309e-10
505988 -3.90355e-06 -0.000847013 5.45555e-18 6.51875e-20 -237018 -284534 1.73122e-09 5.85006e-10
513381 -2.59685e-06 -0.000867576 4.0107e-18 6.78281e-20 -235851 -288594 1.27193e-09 6.08704e-10
520684 -1.00621e-06 -0.000890026 3.59309e-18 1.08148e-19 -234692 -292676 1.06957e-09 9.70544e-10
527911 7.4341e-07 -0.000913531 4.0386e-20 1.15118e-19 -233542 -296768 1.27329e-11 1.0331e-09
535051 2.51236e-06 -0.000937347 -2.74381e-18 1.1827e-19 -232408 -300915 -8.24457e-10 1.06138e-09
542139 4.27437e-06 -0.000961094 -5.64555e-18 1.12602e-19 -231288 -305049 -1.68166e-09 1.01051e-09
549158 5.99577e-06 -0.000984281 -1.04214e-17 1.14899e-19 -230177 -309082 -3.11547e-09 1.03113e-09
556156 7.70414e-06 -0.00100729 -1.47902e-17 1.16555e-19 -229067 -313084 -4.39468e-09 1.04599e-09
563095 9.30972e-06 -0.00102883 -1.85345e-17 1.19457e-19 -227963 -316820 -5.30326e-09 1.07203e-09
569931 1.14082e-05 -0.00105351 -2.05305e-17 1.28247e-19 -226868 -320549 -5.8626e-09 1.15092e-09
576724 1.35045e-05 -0.00107819 -2.26257e-17 1.29245e-19 -225784 -324277 -6.47105e-09 1.15987e-09
583441 1.54666e-05 -0.00110121 -2.31597e-17 1.62637e-19 -224705 -327749 -6.60748e-09 1.45953e-09
590069 1.74523e-05 -0.00112454 -2.46425e-17 1.42536e-19 -223629 -331267 -7.04858e-09 1.27914e-09
596602 1.94678e-05 -0.00114827 -3.0106e-17 1.44142e-19 -222561 -334846 -8.60382e-09 1.29356e-09
603092 2.17448e-05 -0.00117323 -3.71869e-17 1.49842e-19 -221499 -338365 -9.90167e-09 1.34472e-09
609538 2.42377e-05 -0.0011993 -4.0827e-17 1.47041e-19 -220445 -341855 -1.08512e-08 1.31957e-09
615941 2.67374e-05 -0.00122546 -4.36387e-17 1.39635e-19 -219397 -345357 -1.16079e-08 1.25311e-09
622314 2.9259e-05 -0.00125187 -4.59818e-17 1.44368e-19 -218350 -348893 -1.22336e-08 1.29559e-09
628681 3.17799e-05 -0.00127828 -4.74923e-17 1.406e-19 -217304 -352429 -1.2632e-08 1.26178e-09
634993 3.41764e-05 -0.00130335 -4.73009e-17 1.69963e-19 -216264 -355777 -1.25801e-08 1.52529e-09
641249 3.64647e-05 -0.00132724 -4.76682e-17 1.4703e-19 -215228 -358964 -1.26483e-08 1.31948e-09
647413 3.89741e-05 -0.00135215 -5.06396e-17 1.69804e-19 -214198 -362088 -1.28566e-08 1.52386e-09
653529 4.17925e-05 -0.0013787 -5.17322e-17 1.64564e-19 -213174 -365192 -1.31431e-08 1.47683e-09
659587 4.46005e-05 -0.00140518 -5.23871e-17 1.69394e-19 -212163 -368287 -1.3295e-08 1.52018e-09
665601 4.74072e-05 -0.00143166 -5.30067e-17 1.7231e-19 -211160 -371383 -1.34505e-08 1.54635e-09
671570 5.02456e-05 -0.00145848 -5.36023e-17 1.74788e-19 -210161 -374517 -1.36033e-08 1.56858e-09
677478 5.29744e-05 -0.00148422 -5.21883e-17 1.99289e-19 -209167 -377522 -1.32277e-08 1.78846e-09
683322 5.56445e-05 -0.0015094 -5.27637e-17 1.8845e-19 -208176 -380458 -1.33859e-08 1.69119e-09
689155 5.83186e-05 -0.00153464 -5.41066e-17 1.68967e-19 -207186 -383399 -1.37143e-08 1.51634e-09
694937 6.10251e-05 -0.0015602 -5.45545e-17 1.6235e-19 -206198 -386379 -1.38125e-08 1.45696e-09
700681 6.37283e-05 -0.00158574 -5.50205e-17 1.54877e-19 -205213 -389355 -1.39353e-08 1.3899e-09
706418 6.64218e-05 -0.0016112 -5.56638e-17 1.44118e-19 -204228 -392320 -1.40899e-08 1.29334e-09
712131 6.95355e-05 -0.00163842 -6.02036e-17 1.53904e-19 -203246 -395230 -1.40653e-08 1.38117e-09
717822 7.27407e-05 -0.00166606 -6.05051e-17 1.41973e-19 -202267 -398137 -1.41335e-08 1.2741e-09
723479 7.59733e-05 -0.00169396 -6.1203e-17 1.27852e-19 -201292 -401072 -1.43073e-08 1.14737e-09
729096 7.90959e-05 -0.00172089 -5.94451e-17 1.29639e-19 -200319 -403899 -1.38716e-08 1.16341e-09
734649 8.20263e-05 -0.00174611 -5.97967e-17 1.39626e-19 -199353 -406540 -1.39644e-08 1.25303e-09
740189 8.49401e-05 -0.0017712 -6.03203e-17 1.36771e-19 -198388 -409165 -1.40972e-08 1.22741e-09
745692 8.78857e-05 -0.00179658 -6.08912e-17 1.39938e-19 -197425 -411822 -1.42263e-08 1.25583e-09
751177 9.08342e-05 -0.00182199 -6.13706e-17 1.42109e-19 -196463 -414481 -1.43191e-08 1.27531e-09
756648 9.39649e-05 -0.00184824 -6.47528e-17 1.43955e-19 -195503 -417132 -1.43446e-08 1.29189e-09
762083 9.74533e-05 -0.00187591 -6.42473e-17 1.5497e-19 -194544 -419718 -1.42354e-08 1.39073e-09
767508 0.000100926 -0.00190345 -6.46388e-17 1.46711e-19 -193586 -422292 -1.43154e-08 1.31661e-09
772920 0.000104402 -0.00193105 -6.53159e-17 1.40268e-19 -192631 -424868 -1.44501e-08 1.2588e-09
778289 0.000107923 -0.00195902 -6.56563e-17 1.40798e-19 -191678 -427482 -1.45337e-08 1.26355e-09
783647 0.000111441 -0.00198698 -6.60843e-17 1.50725e-19 -190727 -430093 -1.46156e-08 1.35264e-09
788972 0.000114962 -0.00201497 -6.62917e-17 1.1596e-19 -189780 -432707 -1.46756e-08 1.04065e-09
794275 0.000118478 -0.00204294 -6.67176e-17 1.1238e-19 -188834 -435318 -1.47629e-08 1.00853e-09
799573 0.000121994 -0.00207092 -6.69233e-17 1.10231e-19 -187889 -437928 -1.48011e-08 9.89238e-10
804831 0.000125345 -0.00209754 -6.44026e-17 1.52521e-19 -186947 -440406 -1.4219e-08 1.36875e-09
810083 0.000128678 -0.00212403 -6.48532e-17 1.41951e-19 -186006 -442869 -1.433e-08 1.2739e-09
815323 0.000132009 -0.00215052 -6.50359e-17 1.37903e-19 -185068 -445332 -1.43773e-08 1.23757e-09
820556 0.000135331 -0.00217694 -6.47295e-17 1.22452e-19 -184130 -447788 -1.42809e-08 1.09891e-09
825756 0.000138677 -0.00220357 -6.60506e-17 1.44942e-19 -183195 -450263 -1.45774e-08 1.30074e-09
830934 0.000142026 -0.00223023 -6.61514e-17 1.07377e-19 -182262 -452740 -1.45974e-08 9.63623e-10
836077 0.000145364 -0.00225682 -6.68445e-17 1.20469e-19 -181331 -455210 -1.47356e-08 1.08111e-09
841208 0.000148683 -0.00228326 -6.73435e-17 1.05613e-19 -180401 -457663 -1.48339e-08 9.47793e-10
846310 0.000151924 -0.00230907 -6.66977e-17 9.75916e-20 -179474 -460055 -1.46829e-08 8.75808e-10
851406 0.000155158 -0.00233483 -6.704e-17 8.00551e-20 -178548 -462442 -1.4752e-08 7.18431e-10
856486 0.00015836 -0.00236034 -6.56454e-17 1.11762e-19 -177624 -464803 -1.44555e-08 1.00298e-09
861521 0.000161364 -0.00238423 -6.58057e-17 1.24197e-19 -176706 -467006 -1.44901e-08 1.11457e-09
866541 0.000164365 -0.00240809 -6.65633e-17 6.97167e-20 -175789 -469207 -1.4621e-08 6.25652e-10
871533 0.000167392 -0.00243218 -6.66793e-17 4.39832e-20 -174875 -471428 -1.46629e-08 3.94715e-10
876516 0.00017073 -0.00245736 -7.23411e-17 5.2794e-20 -173962 -473629 -1.45064e-08 4.73784e-10
881466 0.000174227 -0.00248329 -7.35728e-17 5.70524e-20 -173050 -475851 -1.4752e-08 5.12e-10
886404 0.000177737 -0.00250932 -7.40667e-17 4.6114e-20 -172139 -478081 -1.48502e-08 4.13837e-10
891327 0.000181232 -0.00253525 -7.44021e-17 6.8867e-20 -171230 -480302 -1.49194e-08 6.18027e-10
896247 0.000184725 -0.00256117 -7.49149e-17 7.049e-20 -170323 -482521 -1.50103e-08 6.32592e-10
901163 0.000188216 -0.00258709 -7.51398e-17 7.69053e-20 -169416 -484739 -1.50612e-08 6.90165e-10
906059 0.000191646 -0.00261254 -7.35703e-17 7.33213e-20 -168510 -486915 -1.47302e-08 6.58001e-10
910948 0.000195059 -0.00263787 -7.41726e-17 7.73376e-20 -167605 -489078 -1.48721e-08 6.94044e-10
915832 0.000198472 -0.00266322 -7.46554e-17 9.21518e-20 -166701 -491243 -1.4923e-08 8.2699e-10
920695 0.000201884 -0.00268854 -7.48259e-17 1.06623e-19 -165799 -493402 -1.49485e-08 9.56859e-10
925524 0.000205303 -0.00271395 -7.57029e-17 9.26629e-20 -164900 -495572 -1.51449e-08 8.31577e-10
930326 0.00020874 -0.00273946 -7.98537e-17 6.03925e-20 -164001 -497746 -1.50467e-08 5.41975e-10
935119 0.000212654 -0.00276665 -8.00831e-17 4.1992e-20 -163104 -499888 -1.50721e-08 3.76845e-10
939899 0.000216579 -0.00279392 -8.07384e-17 6.59871e-20 -162208 -502037 -1.51831e-08 5.92182e-10
944676 0.000220502 -0.0028212 -8.0755e-17 3.56927e-20 -161314 -504184 -1.51795e-08 3.20314e-10
949440 0.00022443 -0.00284852 -8.12371e-17 3.7773e-20 -160422 -506336 -1.52668e-08 3.38983e-10
954195 0.000228375 -0.00287597 -8.17386e-17 4.18918e-20 -159531 -508497 -1.53668e-08 3.75946e-10
958939 0.000232326 -0.00290349 -8.19671e-17 4.75625e-20 -158643 -510663 -1.5385e-08 4.26836e-10
963677 0.000236275 -0.00293099 -8.17933e-17 2.61595e-20 -157756 -512827 -1.53432e-08 2.34761e-10
968408 0.000240225 -0.00295851 -8.18193e-17 1.35861e-20 -156871 -514992 -1.53486e-08 1.21924e-10
973130 0.000244175 -0.00298605 -8.17017e-17 2.15111e-21 -155987 -517158 -1.53159e-08 1.93045e-11
977845 0.000248123 -0.00301358 -8.20041e-17 1.26865e-20 -155105 -519322 -1.53868e-08 1.13851e-10
982550 0.000252064 -0.00304107 -8.23892e-17 4.50777e-21 -154225 -521483 -1.54196e-08 4.04537e-11
987232 0.000255921 -0.00306796 -8.15541e-17 -1.2946e-21 -153345 -523593 -1.52613e-08 -1.1618e-11
991906 0.000259747 -0.00309464 -8.18406e-17 -1.14857e-20 -152467 -525685 -1.53123e-08 -1.03075e-10
996561 0.00026347 -0.00312058 -7.79499e-17 3.38116e-20 -151591 -527715 -1.45774e-08 3.03432e-10
1.00121e+06 0.00026714 -0.00314615 -7.85037e-17 3.42412e-20 -150716 -529714 -1.46902e-08 3.07288e-10
1.00584e+06 0.00027081 -0.00317173 -7.86479e-17 2.56846e-20 -149844 -531713 -1.47193e-08 2.30499e-10
1.01045e+06 0.000274464 -0.0031972 -7.9323e-17 9.96327e-21 -148972 -533703 -1.4832e-08 8.94125e-11
1.01505e+06 0.000278125 -0.00322273 -7.97654e-17 -4.29143e-21 -148101 -535696 -1.4923e-08 -3.85122e-11
1.01964e+06 0.000281789 -0.00324829 -7.98821e-17 -2.53052e-20 -147232 -537692 -1.4923e-08 -2.27095e-10
1.02423e+06 0.000285452 -0.00327386 -7.99656e-17 -3.52666e-20 -146363 -539688 -1.49339e-08 -3.1649e-10
1.02881e+06 0.000289114 -0.00329943 -8.02734e-17 -3.54116e-20 -145496 -541682 -1.49921e-08 -3.17792e-10
1.03337e+06 0.000292778 -0.00332502 -8.1673e-17 -4.88696e-20 -144630 -543678 -1.52286e-08 -4.38566e-10
1.03793e+06 0.000296439 -0.0033506 -8.22094e-17 -4.52663e-20 -143765 -545673 -1.53304e-08 -4.06229e-10
1.04247e+06 0.000300097 -0.00337618 -8.26512e-17 -2.03707e-20 -142901 -547666 -1.53814e-08 -1.82811e-10
1.04701e+06 0.000303755 -0.00340175 -8.29323e-17 -2.43321e-20 -142038 -549659 -1.54687e-08 -2.18361e-10
1.05154e+06 0.00030741 -0.00342731 -8.31158e-17 -3.18042e-20 -141176 -551650 -1.54905e-08 -2.85417e-10
1.05607e+06 0.000311064 -0.00345289 -8.28412e-17 -5.51414e-20 -140316 -553641 -1.54214e-08 -4.94851e-10
1.0606e+06 0.00031471 -0.00347841 -8.07504e-17 -4.4973e-21 -139457 -555628 -1.50212e-08 -4.03597e-11
1.06509e+06 0.00031819 -0.00350273 -8.05211e-17 1.90411e-20 -138600 -557515 -1.49521e-08 1.70879e-10
1.06959e+06 0.000321658 -0.00352698 -8.08009e-17 1.57873e-20 -137744 -559395 -1.50358e-08 1.41678e-10
1.07407e+06 0.000325126 -0.00355123 -8.1029e-17 2.00386e-20 -136889 -561275 -1.50831e-08 1.79831e-10
1.07856e+06 0.000328591 -0.00357547 -8.08083e-17 3.71685e-21 -136035 -563153 -1.50249e-08 3.33558e-11
1.08304e+06 0.000332055 -0.00359971 -8.09744e-17 -8.5371e-21 -135182 -565031 -1.50321e-08 -7.66137e-11
1.08751e+06 0.000335519 -0.00362397 -8.11812e-17 -9.86204e-21 -134331 -566910 -1.50758e-08 -8.8504e-11
1.09198e+06 0.000338985 -0.00364824 -8.0931e-17 -2.307e-20 -133481 -568789 -1.50067e-08 -2.07035e-10
1.09642e+06 0.000342383 -0.00367203 -7.94562e-17 -3.51972e-20 -132632 -570628 -1.47193e-08 -3.15867e-10
1.10083e+06 0.000345767 -0.00369573 -8.09631e-17 9.89679e-22 -131784 -572459 -1.49957e-08 8.88159e-12
1.10522e+06 0.000349157 -0.00371948 -8.16257e-17 -2.44245e-20 -130936 -574293 -1.51449e-08 -2.19191e-10
1.1096e+06 0.000352552 -0.00374326 -8.28551e-17 -6.90971e-20 -130090 -576130 -1.53195e-08 -6.20092e-10
1.11397e+06 0.000355963 -0.00376719 -8.34513e-17 -8.50445e-20 -129246 -577978 -1.54832e-08 -7.63207e-10
1.11832e+06 0.000359382 -0.00379117 -8.42205e-17 -6.39151e-20 -128403 -579830 -1.55887e-08 -5.73587e-10
1.12267e+06 0.0003628 -0.00381517 -8.454e-17 -5.80244e-20 -127562 -581682 -1.5636e-08 -5.20723e-10
1.12702e+06 0.000366211 -0.00383912 -8.46241e-17 -7.42011e-20 -126723 -583530 -1.56724e-08 -6.65896e-10
1.13136e+06 0.00036962 -0.00386307 -8.46501e-17 -7.46628e-20 -125885 -585377 -1.57015e-08 -6.7004e-10
1.13568e+06 0.000373027 -0.003887 -8.50296e-17 -6.96378e-20 -125048 -587224 -1.56942e-08 -6.24944e-10
1.14001e+06 0.00037643 -0.00391093 -8.48093e-17 -8.46801e-20 -124213 -589068 -1.56761e-08 -7.59937e-10
1.14433e+06 0.000379828 -0.00393482 -8.50435e-17 -8.843e-20 -123380 -590909 -1.57343e-08 -7.93589e-10
1.14864e+06 0.000383222 -0.0039587 -8.52475e-17 -6.9746e-20 -122548 -592748 -1.57561e-08 -6.25915e-10
1.15294e+06 0.000386614 -0.00398257 -8.54928e-17 -4.71166e-20 -121717 -594587 -1.57379e-08 -4.22834e-10
1.15724e+06 0.000389994 -0.00400637 -8.53992e-17 -4.62314e-20 -120887 -596417 -1.57561e-08 -4.1489e-10
1.16153e+06 0.000393363 -0.00403009 -8.5328e-17 -6.24921e-20 -120060 -598242 -1.57197e-08 -5.60818e-10
1.1658e+06 0.000396734 -0.00405383 -8.55331e-17 -7.68911e-20 -119233 -600068 -1.5767e-08 -6.90037e-10
1.17007e+06 0.000400103 -0.00407758 -8.60328e-17 -5.36968e-20 -118407 -601894 -1.58761e-08 -4.81887e-10
1.17434e+06 0.000403469 -0.00410131 -8.57823e-17 -5.91772e-20 -117584 -603718 -1.57816e-08 -5.31068e-10
1.17859e+06 0.000406828 -0.004125 -8.47123e-17 -8.04646e-20 -116762 -605537 -1.55997e-08 -7.22106e-10
1.18283e+06 0.000410123 -0.00414823 -8.55303e-17 -1.24884e-19 -115942 -607319 -1.57524e-08 -1.12074e-09
1.18705e+06 0.00041344 -0.00417163 -8.57283e-17 -1.39332e-19 -115122 -609113 -1.57524e-08 -1.2504e-09
1.19126e+06 0.000416757 -0.00419504 -8.57841e-17 -1.49144e-19 -114305 -610909 -1.57597e-08 -1.33845e-09
1.19547e+06 0.000420075 -0.00421847 -8.5981e-17 -1.67833e-19 -113489 -612705 -1.57925e-08 -1.50617e-09
1.19967e+06 0.000423391 -0.0042419 -8.65294e-17 -1.27828e-19 -112674 -614500 -1.58907e-08 -1.14715e-09
1.20386e+06 0.000426706 -0.00426532 -8.64461e-17 -1.42086e-19 -111861 -616294 -1.58907e-08 -1.27511e-09
1.20805e+06 0.00043022 -0.0042892 -9.53134e-17 -1.20921e-19 -111049 -618075 -1.56506e-08 -1.08517e-09
1.21223e+06 0.000433816 -0.00431328 -9.5494e-17 -1.05029e-19 -110239 -619851 -1.5636e-08 -9.42555e-10
1.2164e+06 0.000437411 -0.00433736 -9.56721e-17 -1.15546e-19 -109430 -621627 -1.57306e-08 -1.03694e-09
1.22057e+06 0.000441004 -0.00436144 -9.58509e-17 -1.4241e-19 -108622 -623402 -1.57524e-08 -1.27802e-09
1.22473e+06 0.000444598 -0.00438552 -9.96967e-17 -1.36255e-19 -107815 -625178 -1.63345e-08 -1.22278e-09
1.22889e+06 0.000448189 -0.00440961 -1.02736e-16 -1.21647e-19 -107010 -626952 -1.68548e-08 -1.09169e-09
1.23304e+06 0.000451778 -0.00443369 -1.04985e-16 -1.13353e-19 -106205 -628726 -1.72076e-08 -1.01726e-09
1.23719e+06 0.000455365 -0.00445776 -1.06189e-16 -1.21179e-19 -105402 -630499 -1.74041e-08 -1.08748e-09
1.24133e+06 0.000458948 -0.00448182 -1.07779e-16 -1.05588e-19 -104600 -632270 -1.7666e-08 -9.47568e-10
1.24546e+06 0.000462528 -0.00450587 -1.09175e-16 -1.12334e-19 -103799 -634039 -1.78661e-08 -1.00811e-09
1.24958e+06 0.000466104 -0.00452989 -1.07081e-16 -1.0132e-19 -102999 -635806 -1.75605e-08 -9.09263e-10
1.25369e+06 0.000469666 -0.00455383 -9.57461e-17 -1.44906e-19 -102201 -637566 -1.56397e-08 -1.30041e-09
1.25778e+06 0.000473214 -0.00457767 -8.92243e-17 -1.95473e-19 -101404 -639318 -1.45665e-08 -1.75421e-09
1.26187e+06 0.000476752 -0.00460147 -8.42433e-17 -1.92384e-19 -100609 -641066 -1.37661e-08 -1.72649e-09
1.26595e+06 0.00048028 -0.0046252 -8.11559e-17 -2.09822e-19 -99814.7 -642808 -1.32823e-08 -1.88299e-09
1.27002e+06 0.000483806 -0.00464892 -7.90643e-17 -2.1395e-19 -99022.4 -644549 -1.29039e-08 -1.92003e-09
1.27409e+06 0.000487328 -0.00467263 -7.76839e-17 -1.95187e-19 -98231.3 -646289 -1.26856e-08 -1.75165e-09
1.27815e+06 0.000490849 -0.00469634 -7.6457e-17 -2.01738e-19 -97441.5 -648028 -1.24564e-08 -1.81044e-09
1.28221e+06 0.000494369 -0.00472006 -7.63565e-17 -2.08015e-19 -96652.9 -649767 -1.24783e-08 -1.86677e-09
1.28626e+06 0.000497885 -0.00474375 -7.48325e-17 -1.91214e-19 -95865.5 -651503 -1.21836e-08 -1.716e-09
1.2903e+06 0.000501423 -0.00476751 -7.90177e-17 -1.73234e-19 -95079.5 -653239 -1.19435e-08 -1.55464e-09
1.29434e+06 0.000505255 -0.00479198 -7.82125e-17 -1.83394e-19 -94294.9 -654963 -1.18234e-08 -1.64581e-09
1.29838e+06 0.000509084 -0.00481645 -7.76265e-17 -1.77993e-19 -93511.5 -656686 -1.1747e-08 -1.59734e-09
1.3024e+06 0.000512911 -0.0048409 -7.72683e-17 -1.77802e-19 -92729.5 -658408 -1.16415e-08 -1.59564e-09
1.30643e+06 0.000516737 -0.00486537 -7.61888e-17 -2.00738e-19 -91949.2 -660131 -1.14887e-08 -1.80147e-09
1.31044e+06 0.000520563 -0.00488984 -7.61996e-17 -2.03625e-19 -91170.2 -661853 -1.14997e-08 -1.82738e-09
1.31445e+06 0.000524399 -0.00491439 -7.60223e-17 -2.04572e-19 -90393 -663581 -1.1456e-08 -1.83587e-09
1.31845e+06 0.000528238 -0.00493897 -7.57761e-17 -1.85548e-19 -89617.2 -665310 -1.14305e-08 -1.66515e-09
1.32244e+06 0.000532073 -0.00496353 -7.59222e-17 -1.61888e-19 -88843.3 -667038 -1.14123e-08 -1.45282e-09
1.32643e+06 0.000535907 -0.0049881 -7.59295e-17 -1.63585e-19 -88070.9 -668766 -1.14269e-08 -1.46804e-09
1.33041e+06 0.00053974 -0.00501267 -7.64046e-17 -1.45259e-19 -87299.6 -670494 -1.14669e-08 -1.30359e-09
1.33438e+06 0.000543574 -0.00503726 -7.65414e-17 -1.29997e-19 -86529.8 -672222 -1.15251e-08 -1.16662e-09
1.33835e+06 0.000547403 -0.00506182 -7.65645e-17 -9.93127e-20 -85761.2 -673948 -1.14778e-08 -8.91253e-10
1.34231e+06 0.00055121 -0.00508625 -7.63169e-17 -1.08779e-19 -84993.4 -675663 -1.14705e-08 -9.76205e-10
1.34625e+06 0.000555 -0.00511057 -7.6112e-17 -1.44097e-19 -84226.6 -677370 -1.14487e-08 -1.29316e-09
1.35018e+06 0.000558786 -0.00513488 -7.62272e-17 -1.26941e-19 -83461.5 -679075 -1.14378e-08 -1.1392e-09
1.3541e+06 0.000562567 -0.00515915 -8.04448e-17 -1.31508e-19 -82697.7 -680778 -1.20599e-08 -1.18018e-09
1.35801e+06 0.000566346 -0.00518343 -8.40819e-17 -1.08869e-19 -81935.3 -682480 -1.26129e-08 -9.77016e-10
1.36192e+06 0.000570122 -0.0052077 -8.57179e-17 -1.37377e-19 -81174.9 -684181 -1.2853e-08 -1.23285e-09
1.36582e+06 0.000573896 -0.00523196 -8.71816e-17 -1.56288e-19 -80415.9 -685880 -1.30676e-08 -1.40256e-09
1.36971e+06 0.000577655 -0.00525613 -8.83651e-17 -1.53239e-19 -79658.4 -687573 -1.32059e-08 -1.3752e-09
1.37358e+06 0.000581316 -0.00527966 -8.22656e-17 -1.38348e-19 -78902.7 -689217 -1.22964e-08 -1.24156e-09
1.37745e+06 0.000584928 -0.00530287 -8.37115e-17 -1.31613e-19 -78148.6 -690836 -1.25438e-08 -1.18112e-09
1.38131e+06 0.000588541 -0.00532608 -8.43171e-17 -1.49346e-19 -77395.8 -692455 -1.26092e-08 -1.34026e-09
1.38516e+06 0.000592151 -0.0053493 -8.47884e-17 -1.92436e-19 -76644.3 -694074 -1.26747e-08 -1.72696e-09
1.38901e+06 0.00059576 -0.00537251 -8.60252e-17 -1.4914e-19 -75894 -695692 -1.28275e-08 -1.33841e-09
1.39285e+06 0.000599367 -0.00539571 -8.57919e-17 -2.20401e-19 -75145.1 -697309 -1.27948e-08 -1.97792e-09
1.39668e+06 0.000602975 -0.00541894 -8.7089e-17 -1.85296e-19 -74397.1 -698926 -1.29876e-08 -1.66289e-09
1.40051e+06 0.000606591 -0.00544222 -8.71965e-17 -1.88525e-19 -73650.8 -700548 -1.30458e-08 -1.69186e-09
1.40433e+06 0.000610208 -0.00546552 -8.78253e-17 -1.60051e-19 -72906 -702170 -1.30967e-08 -1.43633e-09
1.40814e+06 0.00061382 -0.00548879 -8.79341e-17 -1.71704e-19 -72162.4 -703789 -1.30967e-08 -1.54091e-09
1.41195e+06 0.000617428 -0.00551205 -8.81546e-17 -1.5362e-19 -71420.2 -705406 -1.31149e-08 -1.37862e-09
1.41575e+06 0.000621031 -0.00553528 -8.84392e-17 -1.73215e-19 -70679.4 -707021 -1.31549e-08 -1.55447e-09
1.41955e+06 0.000624634 -0.00555852 -8.8727e-17 -1.83096e-19 -69939.9 -708635 -1.31949e-08 -1.64314e-09
1.42334e+06 0.000628241 -0.0055818 -8.96244e-17 -1.40299e-19 -69201.9 -710251 -1.33332e-08 -1.25907e-09
1.42712e+06 0.000631849 -0.00560509 -8.90629e-17 -1.82263e-19 -68465.3 -711868 -1.32386e-08 -1.63567e-09
1.4309e+06 0.000635456 -0.00562838 -8.98261e-17 -1.74164e-19 -67730.1 -713484 -1.33005e-08 -1.56299e-09
1.43467e+06 0.000639063 -0.00565168 -9.05118e-17 -1.21111e-19 -66996.1 -715098 -1.34387e-08 -1.08688e-09
1.43844e+06 0.000642668 -0.00567497 -9.05459e-17 -1.35484e-19 -66263.5 -716712 -1.3446e-08 -1.21587e-09
1.4422e+06 0.000646272 -0.00569827 -9.00627e-17 -1.6757e-19 -65532.3 -718326 -1.33514e-08 -1.50381e-09
1.44595e+06 0.000649876 -0.00572157 -9.01269e-17 -1.57291e-19 -64802.4 -719938 -1.33732e-08 -1.41157e-09
1.4497e+06 0.000653478 -0.00574487 -9.07578e-17 -1.40651e-19 -64073.8 -721548 -1.34605e-08 -1.26223e-09
1.45344e+06 0.000657076 -0.00576814 -9.06535e-17 -1.06386e-19 -63346.6 -723156 -1.34096e-08 -9.54734e-10
1.45718e+06 0.000660664 -0.00579136 -9.02431e-17 -9.67613e-20 -62620.6 -724758 -1.33368e-08 -8.68357e-10
1.46091e+06 0.00066425 -0.00581457 -9.09493e-17 -8.02993e-20 -61896 -726358 -1.34532e-08 -7.20623e-10
1.46463e+06 0.000667836 -0.00583778 -9.08271e-17 -1.05243e-19 -61172.9 -727958 -1.34096e-08 -9.44469e-10
1.46834e+06 0.000671389 -0.00586078 -8.56629e-17 -9.88936e-20 -60451.2 -729539 -1.27038e-08 -8.87492e-10
1.47204e+06 0.000674843 -0.00588311 -8.75854e-17 -9.8904e-20 -59731.5 -731071 -1.2893e-08 -8.87585e-10
1.47572e+06 0.00067831 -0.00590554 -8.86651e-17 -7.76763e-20 -59013 -732608 -1.30531e-08 -6.97084e-10
1.4794e+06 0.000681778 -0.00592798 -8.95349e-17 -8.28303e-20 -58295.8 -734144 -1.32277e-08 -7.43336e-10
1.48308e+06 0.000685247 -0.00595043 -8.94113e-17 -9.58035e-20 -57580 -735679 -1.31622e-08 -8.59761e-10
1.48674e+06 0.000688718 -0.00597289 -8.96182e-17 -8.56026e-20 -56865.5 -737214 -1.31404e-08 -7.68216e-10
1.4904e+06 0.000692175 -0.00599527 -8.99622e-17 -9.36842e-20 -56152.6 -738740 -1.32568e-08 -8.40742e-10
1.49405e+06 0.000695632 -0.00601766 -9.00626e-17 -9.54291e-20 -55441.6 -740265 -1.32568e-08 -8.56401e-10
1.49769e+06 0.000699093 -0.00604006 -9.02219e-17 -1.34328e-19 -54732 -741789 -1.32568e-08 -1.20549e-09
1.50133e+06 0.000702557 -0.0060625 -9.07678e-17 -1.37034e-19 -54023.5 -743313 -1.33223e-08 -1.22977e-09
1.50495e+06 0.000706024 -0.00608496 -9.11784e-17 -1.04711e-19 -53316.4 -744836 -1.33587e-08 -9.39696e-10
1.50858e+06 0.000709489 -0.0061074 -9.12278e-17 -1.3836e-19 -52610.9 -746356 -1.33368e-08 -1.24167e-09
1.51219e+06 0.000712956 -0.00612986 -9.17151e-17 -1.12861e-19 -51906.7 -747874 -1.34387e-08 -1.01284e-09
1.5158e+06 0.000716424 -0.00615232 -9.15733e-17 -1.37026e-19 -51204 -749389 -1.34096e-08 -1.2297e-09
1.5194e+06 0.000719896 -0.00617482 -9.16345e-17 -1.39162e-19 -50502.7 -750904 -1.33659e-08 -1.24886e-09
1.523e+06 0.000723374 -0.00619736 -9.16632e-17 -1.23187e-19 -49802.9 -752419 -1.33878e-08 -1.10551e-09
1.52659e+06 0.000726853 -0.00621989 -9.18555e-17 -1.15937e-19 -49104.5 -753930 -1.34532e-08 -1.04044e-09
1.53017e+06 0.000730325 -0.00624238 -9.2013e-17 -1.47239e-19 -48407.7 -755434 -1.34023e-08 -1.32136e-09
1.53374e+06 0.000733807 -0.00626495 -9.22382e-17 -1.5632e-19 -47712.2 -756940 -1.34314e-08 -1.40285e-09
1.5373e+06 0.000737302 -0.00628758 -9.2603e-17 -1.18769e-19 -47018.3 -758447 -1.35042e-08 -1.06586e-09
1.54086e+06 0.000740813 -0.00631033 -9.30779e-17 -1.12267e-19 -46326.2 -759957 -1.35697e-08 -1.00751e-09
1.54441e+06 0.000744333 -0.00633313 -9.26037e-17 -1.25788e-19 -45635.5 -761467 -1.3446e-08 -1.12885e-09
1.54795e+06 0.000747863 -0.00635599 -9.33544e-17 -9.98583e-20 -44946.3 -762976 -1.35697e-08 -8.9615e-10
1.55149e+06 0.000751402 -0.00637891 -9.2743e-17 -1.08171e-19 -44258.8 -764484 -1.34314e-08 -9.70753e-10
1.55502e+06 0.000754954 -0.0064019 -9.34888e-17 -9.46485e-20 -43572.7 -765992 -1.35478e-08 -8.49396e-10
1.55854e+06 0.000758517 -0.00642496 -9.35601e-17 -9.88241e-20 -42888 -767499 -1.35333e-08 -8.86869e-10
1.56206e+06 0.000762094 -0.0064481 -9.3802e-17 -9.01849e-20 -42204.8 -769005 -1.35478e-08 -8.09338e-10
1.56557e+06 0.000765685 -0.00647133 -9.42003e-17 -5.89258e-20 -41523 -770511 -1.35915e-08 -5.28812e-10
1.56907e+06 0.000769291 -0.00649464 -9.43148e-17 -7.31316e-20 -40842.7 -772016 -1.35988e-08 -6.56299e-10
1.57256e+06 0.000772913 -0.00651805 -9.46235e-17 -8.28722e-20 -40164.7 -773519 -1.36788e-08 -7.43713e-10
1.57605e+06 0.000776553 -0.00654156 -9.43118e-17 -6.78902e-20 -39488.2 -775023 -1.35478e-08 -6.09261e-10
1.57952e+06 0.000780221 -0.00656524 -9.52407e-17 -1.12137e-19 -38813 -776529 -1.37006e-08 -1.00634e-09
1.58299e+06 0.000783916 -0.00658907 -9.62728e-17 -1.14154e-19 -38139.1 -778037 -1.38461e-08 -1.02444e-09
1.58645e+06 0.000787634 -0.00661305 -9.63462e-17 -9.9054e-20 -37466.8 -779545 -1.37879e-08 -8.88931e-10
1.5899e+06 0.000791377 -0.00663716 -9.70188e-17 -7.25958e-20 -36795.8 -781053 -1.39407e-08 -6.5149e-10
1.59335e+06 0.000795146 -0.00666143 -9.72054e-17 -7.75318e-20 -36126.4 -782560 -1.39044e-08 -6.95787e-10
1.59678e+06 0.000798945 -0.00668586 -9.67135e-17 -1.21003e-19 -35458.5 -784066 -1.38098e-08 -1.08591e-09
1.60021e+06 0.000802774 -0.00671047 -9.66044e-17 -1.05784e-19 -34791.9 -785572 -1.37879e-08 -9.49325e-10
1.60363e+06 0.000806633 -0.00673524 -9.75258e-17 -9.7489e-20 -34126.7 -787076 -1.38607e-08 -8.74887e-10
1.60703e+06 0.000810529 -0.00676022 -9.85442e-17 -7.57945e-20 -33463.2 -788580 -1.39698e-08 -6.80195e-10
1.61043e+06 0.000814463 -0.00678541 -9.88988e-17 -7.6499e-20 -32801.2 -790083 -1.40353e-08 -6.86519e-10
1.61382e+06 0.000818437 -0.00681083 -9.87898e-17 -8.38583e-20 -32141 -791585 -1.39553e-08 -7.52562e-10
1.6172e+06 0.000822447 -0.00683643 -9.90061e-17 -6.38511e-20 -31482.6 -793083 -1.39917e-08 -5.73013e-10
1.62058e+06 0.00082649 -0.00686222 -9.91851e-17 -7.79226e-20 -30825.8 -794576 -1.39553e-08 -6.99294e-10
1.62394e+06 0.000830584 -0.00688828 -9.91102e-17 -1.06397e-19 -30170.6 -796067 -1.39189e-08 -9.54825e-10
1.62729e+06 0.000834721 -0.00691457 -9.93926e-17 -9.7033e-20 -29516.9 -797553 -1.3948e-08 -8.70794e-10
1.63063e+06 0.000838912 -0.00694116 -9.95571e-17 -1.13828e-19 -28864.8 -799037 -1.39553e-08 -1.02151e-09
1.63396e+06 0.000843165 -0.00696808 -1.00238e-16 -1.0434e-19 -28214.3 -800520 -1.39771e-08 -9.36372e-10
1.63728e+06 0.000847459 -0.00699522 -1.00237e-16 -9.76267e-20 -27565.8 -801993 -1.39407e-08 -8.76123e-10
1.64059e+06 0.000851824 -0.00702273 -1.00386e-16 -1.11085e-19 -26918.9 -803464 -1.39626e-08 -9.96902e-10
1.64388e+06 0.000856266 -0.00705068 -1.00451e-16 -1.06502e-19 -26273.8 -804935 -1.39044e-08 -9.55769e-10
1.64717e+06 0.000860788 -0.00707907 -1.01792e-16 -9.09169e-20 -25630.5 -806404 -1.40135e-08 -8.15907e-10
1.65044e+06 0.000865396 -0.00710793 -1.02216e-16 -7.9524e-20 -24988.7 -807872 -1.40935e-08 -7.13665e-10
1.6537e+06 0.000870097 -0.0071373 -1.02244e-16 -1.08338e-19 -24348.7 -809337 -1.40499e-08 -9.7225e-10
1.65696e+06 0.000874897 -0.00716721 -1.02651e-16 -1.41522e-19 -23710.3 -810800 -1.40644e-08 -1.27005e-09
1.6602e+06 0.000879803 -0.00719769 -1.02399e-16 -1.41687e-19 -23073.4 -812260 -1.39989e-08 -1.27153e-09
1.66343e+06 0.00088482 -0.00722878 -1.03027e-16 -1.48629e-19 -22438.1 -813717 -1.39844e-08 -1.33383e-09
1.66665e+06 0.000889956 -0.00726052 -1.03657e-16 -1.45559e-19 -21804.6 -815169 -1.40572e-08 -1.30628e-09
1.66986e+06 0.000895215 -0.00729292 -1.041e-16 -1.2945e-19 -21173.1 -816617 -1.40644e-08 -1.16171e-09
1.67306e+06 0.000900609 -0.00732605 -1.04505e-16 -1.35743e-19 -20543.6 -818059 -1.40863e-08 -1.21819e-09
1.67624e+06 0.000906152 -0.00735999 -1.06409e-16 -1.82865e-19 -19915.8 -819497 -1.42827e-08 -1.64107e-09
1.67941e+06 0.000911853 -0.00739479 -1.07507e-16 -1.92661e-19 -19290 -820931 -1.44282e-08 -1.72898e-09
1.68258e+06 0.000917715 -0.00743045 -1.08043e-16 -1.93346e-19 -18665.9 -822359 -1.44137e-08 -1.73513e-09
1.68573e+06 0.000923745 -0.00746703 -1.08659e-16 -1.95743e-19 -18043.5 -823778 -1.43846e-08 -1.75664e-09
1.68887e+06 0.000929955 -0.00750456 -1.09868e-16 -1.38595e-19 -17423.1 -825190 -1.45301e-08 -1.24378e-09
1.69199e+06 0.000936355 -0.00754313 -1.09959e-16 -1.68939e-19 -16805.3 -826594 -1.45374e-08 -1.5161e-09
1.6951e+06 0.000942956 -0.00758278 -1.1014e-16 -1.91813e-19 -16189.5 -827990 -1.44792e-08 -1.72137e-09
1.69821e+06 0.000949755 -0.00762349 -1.11004e-16 -1.796e-19 -15575.4 -829375 -1.45374e-08 -1.61177e-09
1.7013e+06 0.000956763 -0.00766532 -1.05749e-16 -8.41546e-20 -14963.1 -830749 -1.37734e-08 -7.55221e-10
1.70437e+06 0.000964077 -0.00770852 -1.02057e-16 -8.63669e-20 -14352.8 -832109 -1.33005e-08 -7.75075e-10
1.70744e+06 0.000971524 -0.00775271 -1.00423e-16 -7.63764e-20 -13744.4 -833461 -1.30531e-08 -6.85418e-10
1.7105e+06 0.000979196 -0.00779812 -9.92095e-17 -8.44736e-20 -13137.9 -834801 -1.2813e-08 -7.58084e-10
1.71354e+06 0.000987095 -0.00784474 -9.93672e-17 -6.61369e-20 -12533.2 -836129 -1.2813e-08 -5.93527e-10
1.71657e+06 0.000995222 -0.0078926 -9.85198e-17 -7.40907e-20 -11930.5 -837445 -1.26602e-08 -6.64906e-10
1.71959e+06 0.00100357 -0.00794167 -9.83682e-17 -7.19416e-20 -11329.7 -838750 -1.25874e-08 -6.45619e-10
1.72259e+06 0.00101226 -0.0079922 -9.76634e-17 -8.19763e-20 -10730.7 -840038 -1.24855e-08 -7.35673e-10
1.72558e+06 0.00102105 -0.00804363 -8.81112e-17 -1.51111e-20 -10133.6 -841319 -1.11831e-08 -1.3561e-10
1.72855e+06 0.00103006 -0.00809628 -8.30354e-17 -2.45008e-20 -9538.44 -842591 -1.05792e-08 -2.19876e-10
1.73152e+06 0.00103927 -0.00814999 -8.18371e-17 1.1154e-20 -8945.41 -843852 -1.03901e-08 1.00099e-10
1.73447e+06 0.00104867 -0.00820478 -8.02916e-17 -4.00954e-20 -8354.42 -845104 -1.01572e-08 -3.59824e-10
1.73741e+06 0.00105826 -0.0082606 -7.92493e-17 -3.1825e-20 -7765.77 -846348 -9.91713e-09 -2.85605e-10
1.74034e+06 0.00106802 -0.00831735 -7.82668e-17 -1.86964e-20 -7179.13 -847583 -9.85165e-09 -1.67785e-10
1.74325e+06 0.00107794 -0.008375 -7.81493e-17 -1.28578e-20 -6594.43 -848811 -9.77889e-09 -1.15388e-10
1.74615e+06 0.00108801 -0.00843344 -7.74498e-17 -1.9755e-20 -6011.75 -850032 -9.6843e-09 -1.77286e-10
1.74904e+06 0.00109821 -0.00849266 -7.73223e-17 1.65075e-20 -5431.17 -851247 -9.64064e-09 1.48141e-10
1.75192e+06 0.00110853 -0.00855254 -7.68867e-17 2.80829e-20 -4852.74 -852456 -9.58971e-09 2.52022e-10
1.75478e+06 0.00111895 -0.008613 -7.60687e-17 -1.91111e-20 -4276.34 -853658 -9.49512e-09 -1.71507e-10
1.75763e+06 0.00112947 -0.00867404 -7.63875e-17 -2.30848e-21 -3702.02 -854857 -9.5315e-09 -2.07168e-11
1.76047e+06 0.00114008 -0.0087356 -7.56827e-17 -5.4988e-20 -3129.82 -856051 -9.38599e-09 -4.93474e-10
1.7633e+06 0.00115078 -0.00879766 -7.59539e-17 -2.59043e-20 -2559.79 -857242 -9.40781e-09 -2.32471e-10
1.76611e+06 0.00116154 -0.00886013 -7.61423e-17 -3.48138e-20 -1991.84 -858430 -9.45874e-09 -3.12426e-10
1.76892e+06 0.00117237 -0.00892296 -7.59199e-17 -3.61536e-20 -1426.06 -859614 -9.40054e-09 -3.2445e-10
1.77171e+06 0.00118325 -0.00898612 -7.59706e-17 -4.59612e-20 -862.421 -860795 -9.37143e-09 -4.12465e-10
1.77449e+06 0.00119413 -0.00904932 -7.52994e-17 -5.34558e-20 -300.878 -861969 -9.2914e-09 -4.79723e-10
1.77726e+06 0.00120505 -0.00911279 -7.52872e-17 -6.87199e-20 258.495 -863140 -9.26229e-09 -6.16706e-10
1.78002e+06 0.00121601 -0.00917647 -7.50214e-17 -1.15723e-19 815.66 -864307 -9.20409e-09 -1.03852e-09
1.78277e+06 0.00122699 -0.00924034 -7.51884e-17 -9.08424e-20 1370.64 -865473 -9.23319e-09 -8.15239e-10
1.78551e+06 0.001238 -0.00930439 -7.50514e-17 -1.26127e-19 1923.33 -866635 -9.16771e-09 -1.13189e-09
1.78824e+06 0.00124903 -0.00936859 -7.5195e-17 -8.44195e-20 2473.76 -867795 -9.17498e-09 -7.57598e-10
1.79096e+06 0.00126008 -0.00943293 -7.47009e-17 -1.46825e-19 3021.91 -868952 -9.15315e-09 -1.31764e-09
1.79366e+06 0.00127114 -0.0094974 -7.49548e-17 -1.3906e-19 3567.74 -870107 -9.11677e-09 -1.24796e-09
1.79636e+06 0.00128222 -0.00956198 -7.53231e-17 -1.30037e-19 4111.25 -871260 -9.19681e-09 -1.16698e-09
1.79904e+06 0.00129331 -0.00962666 -7.49641e-17 -1.3318e-19 4652.39 -872410 -9.07312e-09 -1.19519e-09
1.80171e+06 0.00130442 -0.00969148 -7.61788e-17 -1.4728e-19 5191.12 -873558 -9.26229e-09 -1.32172e-09
1.80437e+06 0.00131554 -0.00975646 -7.63298e-17 -1.43563e-19 5727.42 -874705 -9.2914e-09 -1.28837e-09
1.80702e+06 0.00132668 -0.00982155 -7.72374e-17 -1.10424e-19 6261.32 -875850 -9.35688e-09 -9.90971e-10
1.80966e+06 0.00133783 -0.00988673 -7.66212e-17 -1.57401e-19 6792.79 -876992 -9.25502e-09 -1.41255e-09
1.81228e+06 0.00134899 -0.00995202 -7.67486e-17 -1.3821e-19 7321.8 -878132 -9.24774e-09 -1.24033e-09
1.81489e+06 0.00136047 -0.0100183 -8.91052e-17 -1.29299e-19 7848.18 -879260 -9.02946e-09 -1.16036e-09
1.81748e+06 0.00137289 -0.0100874 -8.92518e-17 -1.36317e-19 8371.55 -880355 -9.02219e-09 -1.22334e-09
1.82006e+06 0.00138532 -0.0101566 -9.00686e-17 -1.27399e-19 8892.4 -881448 -9.05129e-09 -1.1433e-09
1.82263e+06 0.00139778 -0.0102259 -9.05684e-17 -1.01477e-19 9410.52 -882538 -9.1095e-09 -9.10675e-10
1.82518e+06 0.00141027 -0.0102955 -8.99127e-17 -1.27122e-19 9925.64 -883626 -9.00036e-09 -1.14082e-09
1.82772e+06 0.0014228 -0.0103653 -9.11272e-17 -9.99272e-20 10438.1 -884714 -9.15315e-09 -8.96768e-10
1.83023e+06 0.00143547 -0.0104359 -9.25445e-17 -8.25581e-20 10947.7 -885809 -9.27685e-09 -7.40894e-10
1.83273e+06 0.00144818 -0.0105068 -9.23578e-17 -9.22031e-20 11454.6 -886901 -9.24774e-09 -8.2745e-10
1.83522e+06 0.00146094 -0.0105779 -9.35436e-17 -5.60223e-20 11959.1 -887991 -9.31323e-09 -5.02756e-10
1.83769e+06 0.00147377 -0.0106495 -9.37873e-17 -6.35645e-20 12460.9 -889079 -9.34961e-09 -5.70441e-10
1.84015e+06 0.00148667 -0.0107214 -9.41537e-17 -1.21237e-19 12960.2 -890165 -9.39326e-09 -1.08801e-09
1.84259e+06 0.00149965 -0.0107938 -9.45457e-17 -8.64932e-20 13456.8 -891248 -9.37871e-09 -7.76208e-10
1.84501e+06 0.00151272 -0.0108667 -9.5499e-17 -9.0838e-20 13950.5 -892329 -9.44419e-09 -8.15199e-10
1.84741e+06 0.00152707 -0.0109437 -1.05578e-16 -8.42815e-20 14440.9 -893370 -9.21136e-09 -7.56359e-10
1.84979e+06 0.00154218 -0.0110231 -1.06441e-16 -4.33585e-20 14928.4 -894385 -9.27685e-09 -3.89108e-10
1.85215e+06 0.00155748 -0.0111035 -1.06984e-16 -6.46371e-20 15413.2 -895394 -9.26957e-09 -5.80067e-10
1.85449e+06 0.00157313 -0.0111857 -1.09802e-16 2.09156e-20 15895 -896406 -9.42964e-09 1.87701e-10
1.85679e+06 0.00158925 -0.0112702 -1.1076e-16 3.52059e-20 16373.5 -897425 -9.53878e-09 3.15945e-10
1.85907e+06 0.00160568 -0.0113563 -1.11389e-16 3.59682e-20 16849.2 -898437 -9.49512e-09 3.22786e-10
1.86133e+06 0.00162246 -0.011444 -1.12143e-16 3.04105e-20 17322.2 -899438 -9.56061e-09 2.7291e-10
1.86357e+06 0.00163961 -0.0115335 -1.13252e-16 5.18674e-20 17792.5 -900426 -9.51695e-09 4.65469e-10
1.86579e+06 0.00165719 -0.011625 -1.13873e-16 9.34314e-20 18260 -901398 -9.58244e-09 8.38473e-10
1.868e+06 0.00167524 -0.0117188 -1.14917e-16 7.6784e-20 18724.8 -902353 -9.55333e-09 6.89076e-10
1.87018e+06 0.0016938 -0.011815 -1.1558e-16 8.74794e-20 19186.9 -903285 -9.56061e-09 7.85059e-10
1.87234e+06 0.00171293 -0.0119138 -1.16829e-16 1.47579e-19 19646.2 -904193 -9.64064e-09 1.32441e-09
1.87449e+06 0.00173268 -0.0120155 -1.15389e-16 8.163e-20 20102.8 -905074 -9.45147e-09 7.32565e-10
1.87661e+06 0.00175304 -0.0121201 -1.1608e-16 1.25568e-19 20556.7 -905921 -9.35688e-09 1.12687e-09
1.87871e+06 0.00177419 -0.0122283 -1.17563e-16 1.14764e-19 21008 -906737 -9.44419e-09 1.02992e-09
1.88079e+06 0.00179608 -0.01234 -1.18887e-16 1.39092e-19 21456.7 -907518 -9.49512e-09 1.24824e-09
1.88285e+06 0.0018188 -0.0124555 -1.18961e-16 1.26399e-19 21902.8 -908262 -9.45874e-09 1.13433e-09
1.88489e+06 0.00184236 -0.012575 -1.19879e-16 9.56881e-20 22346.4 -908970 -9.5024e-09 8.58725e-10
1.88691e+06 0.00186677 -0.0126985 -1.20875e-16 9.25209e-20 22787.4 -909640 -9.45147e-09 8.30302e-10
1.88891e+06 0.00189203 -0.0128259 -1.23057e-16 1.06353e-19 23225.7 -910274 -9.58244e-09 9.54434e-10
1.89089e+06 0.00191805 -0.0129569 -1.22919e-16 9.18276e-20 23661.7 -910873 -9.45147e-09 8.2408e-10
1.89284e+06 0.00194488 -0.0130918 -1.23222e-16 1.20116e-19 24095.1 -911441 -9.43692e-09 1.07795e-09
1.89478e+06 0.00197241 -0.01323 -1.22915e-16 8.77116e-20 24526.2 -911981 -9.40054e-09 7.87142e-10
1.8967e+06 0.00200061 -0.0133714 -1.24745e-16 1.32552e-19 24954.9 -912496 -9.4733e-09 1.18955e-09
1.8986e+06 0.00202941 -0.0135156 -1.25043e-16 1.26868e-19 25381.2 -912990 -9.46602e-09 1.13854e-09
1.90048e+06 0.00205875 -0.0136626 -1.25182e-16 9.86621e-20 25805.2 -913466 -9.48057e-09 8.85415e-10
1.90235e+06 0.00208857 -0.0138119 -1.25722e-16 1.17824e-19 26226.8 -913926 -9.4733e-09 1.05738e-09
1.90419e+06 0.00211883 -0.0139633 -1.25018e-16 6.02375e-20 26646.2 -914375 -9.36416e-09 5.40584e-10
1.90602e+06 0.00214945 -0.0141167 -1.26117e-16 1.06545e-19 27063.3 -914814 -9.40054e-09 9.5616e-10
1.90784e+06 0.00218041 -0.0142717 -1.26513e-16 8.22788e-20 27478.4 -915245 -9.44419e-09 7.38388e-10
1.90963e+06 0.00221167 -0.0144283 -1.27169e-16 1.06558e-19 27891.3 -915669 -9.45874e-09 9.56276e-10
1.91141e+06 0.00224318 -0.0145863 -1.27957e-16 1.1961e-19 28302.1 -916088 -9.5024e-09 1.0734e-09
1.91318e+06 0.00227493 -0.0147455 -1.28784e-16 1.41756e-19 28710.9 -916503 -9.55333e-09 1.27215e-09
1.91493e+06 0.00230688 -0.0149058 -1.28295e-16 1.05757e-19 29117.6 -916914 -9.53878e-09 9.49088e-10
1.91667e+06 0.00233902 -0.0150671 -1.29254e-16 1.07511e-19 29522.3 -917322 -9.48057e-09 9.6483e-10
1.91839e+06 0.00237129 -0.0152293 -1.29653e-16 1.40092e-19 29924.7 -917728 -9.5315e-09 1.25722e-09
1.9201e+06 0.00240372 -0.0153923 -1.28757e-16 6.79074e-20 30324.8 -918131 -9.42964e-09 6.09416e-10
1.92179e+06 0.00243626 -0.015556 -1.30072e-16 1.16541e-19 30723 -918532 -9.4733e-09 1.04586e-09
1.92348e+06 0.00246892 -0.0157204 -1.28893e-16 5.27418e-20 31119 -918931 -9.32778e-09 4.73316e-10
1.92512e+06 0.0025023 -0.0158886 -1.31276e-16 8.14994e-20 31512.4 -919338 -9.48057e-09 7.31393e-10
1.92675e+06 0.00253587 -0.0160579 -1.31396e-16 1.1271e-21 31903.8 -919744 -9.50968e-09 1.01149e-11
1.92837e+06 0.00256958 -0.0162279 -1.32243e-16 1.07397e-20 32293.1 -920149 -9.56061e-09 9.63805e-11
1.92998e+06 0.00260336 -0.0163985 -1.33362e-16 5.59263e-20 32680.3 -920552 -9.62609e-09 5.01894e-10
1.93157e+06 0.0026372 -0.0165696 -1.33964e-16 3.81729e-20 33065.6 -920954 -9.6552e-09 3.42572e-10
1.93316e+06 0.00267109 -0.0167409 -1.33866e-16 2.97145e-20 33448.8 -921353 -9.61154e-09 2.66664e-10
1.93473e+06 0.00270502 -0.0169127 -1.34363e-16 8.91217e-21 33830.2 -921750 -9.64792e-09 7.99797e-11
1.93625e+06 0.00274026 -0.0170912 -1.35467e-16 4.0825e-20 34205.3 -922164 -9.6843e-09 3.66372e-10
1.93775e+06 0.00277555 -0.0172702 -1.35896e-16 -1.98261e-20 34584.4 -922575 -9.64792e-09 -1.77923e-10
1.93924e+06 0.00281099 -0.01745 -1.36452e-16 -2.08682e-20 34958.5 -922986 -9.70613e-09 -1.87276e-10
1.94072e+06 0.00284645 -0.0176301 -1.35491e-16 -7.07681e-20 35330.5 -923395 -9.61882e-09 -6.35088e-10
1.94219e+06 0.00288194 -0.0178105 -1.37582e-16 2.57917e-21 35700.6 -923801 -9.7134e-09 2.3146e-11
1.94365e+06 0.00291744 -0.017991 -1.37e-16 -7.81121e-20 36068.6 -924205 -9.67702e-09 -7.00994e-10
1.9451e+06 0.00295295 -0.0181718 -1.37772e-16 -3.86033e-20 36434.7 -924607 -9.6843e-09 -3.46434e-10
1.94654e+06 0.00298847 -0.0183528 -1.37971e-16 -7.67776e-20 36798.7 -925006 -9.73523e-09 -6.89018e-10
1.94798e+06 0.003024 -0.018534 -1.37837e-16 -7.7411e-20 37160.7 -925404 -9.6552e-09 -6.94703e-10
1.9494e+06 0.00305954 -0.0187153 -1.39482e-16 -3.78828e-20 37520.7 -925799 -9.74251e-09 -3.39968e-10
1.95082e+06 0.00309508 -0.0188968 -1.40246e-16 -4.30941e-20 37878.7 -926191 -9.77889e-09 -3.86736e-10
1.95223e+06 0.00313062 -0.0190784 -1.40158e-16 -5.673e-20 38234.6 -926582 -9.7134e-09 -5.09107e-10
1.95363e+06 0.00316617 -0.0192603 -1.41983e-16 -6.68736e-21 38588.4 -926970 -9.84437e-09 -6.00138e-11
1.95502e+06 0.00320172 -0.0194422 -1.39992e-16 -7.42414e-20 38940.3 -927356 -9.66247e-09 -6.66258e-10
1.9564e+06 0.00323727 -0.0196243 -1.41855e-16 -5.17708e-20 39290.1 -927740 -9.80071e-09 -4.64602e-10
1.95777e+06 0.00327281 -0.0198065 -1.41282e-16 -7.31863e-20 39637.8 -928122 -9.74978e-09 -6.56789e-10
1.95913e+06 0.00330835 -0.0199889 -1.42171e-16 -8.44089e-20 39983.5 -928502 -9.80071e-09 -7.57503e-10
1.96049e+06 0.00334389 -0.0201714 -1.42721e-16 -4.4366e-20 40327.2 -928879 -9.78616e-09 -3.9815e-10
1.96184e+06 0.00337943 -0.020354 -1.42433e-16 -6.60779e-20 40668.8 -929255 -9.74251e-09 -5.92997e-10
1.96317e+06 0.00341494 -0.0205366 -1.32619e-16 -1.21394e-20 41008.3 -929628 -9.01491e-09 -1.08941e-10
1.9645e+06 0.00345036 -0.0207189 -1.44801e-16 -6.77476e-20 41345.6 -929998 -9.81527e-09 -6.07981e-10
1.96582e+06 0.00348589 -0.0209019 -1.43644e-16 -7.43992e-20 41681.2 -930367 -9.73523e-09 -6.67674e-10
1.96713e+06 0.0035214 -0.0210849 -1.44329e-16 -7.76092e-20 42014.5 -930734 -9.74978e-09 -6.96481e-10
1.96843e+06 0.0035569 -0.021268 -1.44024e-16 -7.88212e-20 42345.8 -931099 -9.72068e-09 -7.07358e-10
1.96973e+06 0.0035924 -0.0214512 -1.45113e-16 -2.97802e-20 42674.9 -931462 -9.77161e-09 -2.67254e-10
1.97101e+06 0.00362789 -0.0216346 -1.44955e-16 -7.90567e-20 43002 -931823 -9.74978e-09 -7.09472e-10
1.97229e+06 0.00366337 -0.021818 -1.4471e-16 -1.15771e-19 43327 -932182 -9.74251e-09 -1.03895e-09
1.97355e+06 0.00369884 -0.0220015 -1.46102e-16 -8.74296e-20 43649.9 -932539 -9.77161e-09 -7.84612e-10
1.97481e+06 0.00373431 -0.0221851 -1.45815e-16 -1.14745e-19 43970.7 -932895 -9.69885e-09 -1.02974e-09
1.97606e+06 0.00376976 -0.0223688 -1.46677e-16 -1.06408e-19 44289.3 -933248 -9.77161e-09 -9.54932e-10
1.9773e+06 0.00380521 -0.0225526 -1.45665e-16 -1.30757e-19 44605.8 -933599 -9.64792e-09 -1.17344e-09
1.97853e+06 0.00384065 -0.0227364 -1.45766e-16 -9.92719e-20 44920.2 -933949 -9.66975e-09 -8.90887e-10
1.97975e+06 0.00387609 -0.0229204 -1.46971e-16 -8.70452e-20 45232.5 -934297 -9.6552e-09 -7.81162e-10
1.98096e+06 0.00391152 -0.0231045 -1.48052e-16 -1.20837e-19 45542.6 -934643 -9.76434e-09 -1.08442e-09
1.98217e+06 0.00394694 -0.0232887 -1.48606e-16 -9.95533e-20 45850.5 -934987 -9.75706e-09 -8.93413e-10
1.98336e+06 0.00398237 -0.023473 -1.48004e-16 -1.06594e-19 46156.3 -935329 -9.73523e-09 -9.56595e-10
1.98454e+06 0.00401779 -0.0236574 -1.49601e-16 -6.06036e-20 46459.8 -935670 -9.77889e-09 -5.43869e-10
1.98572e+06 0.00405321 -0.023842 -1.49206e-16 -9.12211e-20 46761.2 -936009 -9.73523e-09 -8.18637e-10
1.98688e+06 0.00408864 -0.0240267 -1.48917e-16 -1.40359e-19 47060.3 -936346 -9.6843e-09 -1.25962e-09
1.98803e+06 0.00412408 -0.0242116 -1.50471e-16 -9.15388e-20 47357.2 -936681 -9.74978e-09 -8.21488e-10
1.98917e+06 0.00415953 -0.0243967 -1.50036e-16 -1.30802e-19 47651.8 -937014 -9.70613e-09 -1.17385e-09
1.99031e+06 0.004195 -0.024582 -1.48999e-16 -1.3078e-19 47944.2 -937346 -9.63337e-09 -1.17364e-09
1.99143e+06 0.00423049 -0.0247675 -1.5042e-16 -1.49371e-19 48234.2 -937676 -9.6552e-09 -1.34049e-09
1.99254e+06 0.00426601 -0.0249533 -1.51338e-16 -1.06519e-19 48522 -938004 -9.72068e-09 -9.55928e-10
1.99364e+06 0.00430156 -0.0251394 -1.52254e-16 -1.33677e-19 48807.4 -938331 -9.77161e-09 -1.19965e-09
1.99472e+06 0.00433716 -0.0253258 -1.52613e-16 -9.81815e-20 49090.4 -938655 -9.77161e-09 -8.81102e-10
1.9958e+06 0.00437281 -0.0255126 -1.52925e-16 -1.3159e-19 49371.1 -938978 -9.74978e-09 -1.18092e-09
1.99686e+06 0.00440853 -0.0256999 -1.52577e-16 -1.8102e-19 49649.3 -939299 -9.72796e-09 -1.62451e-09
1.99791e+06 0.00444433 -0.0258877 -1.53752e-16 -1.50653e-19 49925.2 -939618 -9.73523e-09 -1.35199e-09
1.99895e+06 0.00448021 -0.026076 -1.54303e-16 -2.06508e-19 50198.6 -939934 -9.76434e-09 -1.85325e-09
1.979e+06 0.00447301 -0.0260361 -1.40409e-16 -3.58131e-19 44995.3 -937365 -7.91624e-09 -3.21394e-09
1.98135e+06 0.00447575 -0.0260541 -2.24834e-16 1.33493e-19 45365 -938813 -1.9063e-08 1.19799e-09
1.98355e+06 0.00447824 -0.0260727 -2.58945e-16 5.92767e-19 45707.9 -940185 -2.00234e-08 5.31962e-09
1.98513e+06 0.00450003 -0.0261917 -2.56305e-16 -1.27333e-19 46024.7 -940959 -1.63927e-08 -1.14271e-09
1.9863e+06 0.00453814 -0.0263922 -2.66409e-16 2.42457e-19 46322.8 -941306 -1.69312e-08 2.17586e-09
1.98747e+06 0.00457619 -0.0265925 -2.62309e-16 2.27601e-19 46618.7 -941651 -1.66547e-08 2.04254e-09
1.98862e+06 0.00461421 -0.0267928 -2.58061e-16 2.9814e-19 46912.6 -941994 -1.63345e-08 2.67557e-09
1.98977e+06 0.0046522 -0.026993 -2.5288e-16 2.78769e-19 47204.4 -942336 -1.60071e-08 2.50173e-09
1.99091e+06 0.00469016 -0.0271933 -2.49109e-16 3.20822e-19 47494.1 -942676 -1.56651e-08 2.87912e-09
1.99204e+06 0.00472808 -0.0273935 -2.44589e-16 3.18676e-19 47781.7 -943014 -1.54323e-08 2.85987e-09
1.99316e+06 0.00476597 -0.0275936 -2.41533e-16 3.38995e-19 48067.2 -943351 -1.5134e-08 3.04222e-09
1.99427e+06 0.00480382 -0.0277937 -2.38612e-16 3.37765e-19 48350.6 -943687 -1.49084e-08 3.03117e-09
1.99536e+06 0.0048415 -0.027993 -2.36909e-16 3.77441e-19 48626.6 -944021 -1.47847e-08 3.38724e-09
1.97735e+06 0.0048349 -0.0279563 -1.27286e-16 -5.92371e-19 43929.5 -941689 -5.96629e-10 -5.31606e-09
1.9795e+06 0.00483762 -0.0279743 -2.32431e-16 1.93134e-19 44242.7 -943125 -1.42609e-08 1.73322e-09
1.98152e+06 0.00484004 -0.0279934 -2.70405e-16 1.6091e-19 44545 -944455 -1.78916e-08 1.44404e-09
1.98281e+06 0.00486865 -0.0281478 -3.04892e-16 -2.34592e-19 44827.1 -945034 -1.90339e-08 -2.10527e-09
1.9839e+06 0.00490629 -0.0283471 -3.35772e-16 8.83053e-20 45101.5 -945365 -2.09693e-08 7.92471e-10
1.98497e+06 0.00494388 -0.0285464 -3.50818e-16 1.18574e-19 45374 -945694 -2.19006e-08 1.06411e-09
1.98603e+06 0.0049815 -0.0287459 -3.62069e-16 8.58373e-20 45644.2 -946022 -2.25336e-08 7.70322e-10
1.98702e+06 0.00502072 -0.0289541 -3.84224e-16 7.44811e-20 45910 -946367 -2.39597e-08 6.68409e-10
1.98789e+06 0.00506183 -0.0291725 -3.83788e-16 1.69825e-19 46173.4 -946729 -2.38215e-08 1.52404e-09
1.98875e+06 0.0051031 -0.0293919 -3.92639e-16 9.42826e-20 46433.8 -947092 -2.43599e-08 8.46112e-10
1.98959e+06 0.00514437 -0.0296115 -4.00163e-16 1.24138e-19 46692.4 -947453 -2.46946e-08 1.11404e-09
1.99043e+06 0.00518569 -0.0298315 -4.07661e-16 1.80029e-19 46949.3 -947814 -2.51821e-08 1.61562e-09
1.99122e+06 0.00522731 -0.0300533 -4.32702e-16 3.6398e-20 47198.4 -948176 -2.65936e-08 3.26643e-10
1.96934e+06 0.00521559 -0.0299824 -3.88661e-16 1.48555e-19 41966.4 -943191 -2.11512e-08 1.33316e-09
1.97196e+06 0.00521855 -0.030002 -3.91982e-16 3.11359e-19 42383.6 -944716 -2.15805e-08 2.7942e-09
1.97445e+06 0.00522141 -0.0300209 -3.73984e-16 3.92476e-19 42778.8 -946191 -1.92522e-08 3.52216e-09
1.97659e+06 0.00522405 -0.0300384 -3.2982e-16 3.03319e-19 43083.3 -947566 -1.35697e-08 2.72205e-09
1.97837e+06 0.00523058 -0.0300816 3.87007e-17 -2.55579e-19 43370.8 -948941 3.93629e-09 -2.29362e-09
1.97918e+06 0.00527364 -0.0303113 1.99253e-16 1.65675e-19 43645.5 -949316 1.26529e-08 1.4868e-09
1.97992e+06 0.00531791 -0.0305475 2.30326e-16 3.29349e-19 43909.3 -949698 1.44137e-08 2.95564e-09
1.98058e+06 0.00536649 -0.0308009 3.05944e-16 3.31267e-19 44170.1 -949893 1.61017e-08 2.97286e-09
1.98117e+06 0.0054195 -0.0310711 3.52447e-16 2.40135e-19 44427.3 -949865 1.83863e-08 2.15502e-09
1.98176e+06 0.00547262 -0.0313419 3.87928e-16 2.38296e-19 44682.8 -949835 2.02199e-08 2.13852e-09
1.9823e+06 0.00552899 -0.0316184 5.66921e-16 -1.02185e-20 44936.1 -949729 1.83791e-08 -9.17032e-11
1.98286e+06 0.00558409 -0.0318913 4.46431e-16 2.94523e-19 45199.9 -949641 2.29702e-08 2.64311e-09
1.98339e+06 0.00563709 -0.0321619 4.73876e-16 2.85801e-19 45432.2 -949614 2.43308e-08 2.56483e-09
1.96381e+06 0.00562677 -0.0320998 1.70374e-16 7.4975e-19 40699.1 -945322 -1.36934e-08 6.72841e-09
1.96635e+06 0.00562977 -0.0321197 1.11874e-16 1.20318e-18 41083.8 -946861 -2.10421e-08 1.07976e-08
1.96875e+06 0.00563281 -0.0321399 7.53743e-17 1.2878e-18 41411.8 -948437 -2.55095e-08 1.1557e-08
1.97079e+06 0.0056357 -0.0321621 -1.40396e-16 7.2019e-19 41696.7 -949951 -2.92857e-08 6.46313e-09
1.97146e+06 0.00568099 -0.0323974 -5.81299e-16 -3.4859e-19 41935.4 -950313 -2.9584e-08 -3.12832e-09
1.97202e+06 0.00573378 -0.0326672 -6.51842e-16 -1.55267e-19 42188.2 -950281 -3.32002e-08 -1.3934e-09
1.93334e+06 0.00638303 -0.0359925 -6.18979e-16 -4.25448e-19 40475.1 -950669 -2.94822e-08 -3.81806e-09
1.93502e+06 0.00644402 -0.0363095 -5.89488e-16 -1.41864e-19 41047.9 -950497 -2.55532e-08 -1.27312e-09
1.93664e+06 0.00650569 -0.0366374 -5.28588e-16 3.56199e-20 41616.1 -950192 -1.97906e-08 3.19661e-10
1.93795e+06 0.00656579 -0.036965 -3.06999e-16 6.98484e-19 42139.5 -949761 -1.04264e-08 6.26834e-09
1.93904e+06 0.0066247 -0.0372901 1.45763e-16 2.57608e-19 42567.4 -949287 4.83124e-09 2.31183e-09
1.94004e+06 0.0066827 -0.0376118 4.34975e-16 4.30471e-19 42974.1 -948802 1.41954e-08 3.86313e-09
1.94076e+06 0.00673733 -0.0379156 7.09669e-16 1.5571e-19 43302.4 -948347 2.29775e-08 1.39738e-09
1.9413e+06 0.00678928 -0.0382053 7.99951e-16 3.72081e-19 43555.7 -947921 2.57132e-08 3.33914e-09
1.9418e+06 0.00684077 -0.0384927 8.86322e-16 4.07831e-19 43796 -947497 2.83762e-08 3.65996e-09
1.94229e+06 0.00689206 -0.0387794 9.64003e-16 3.50058e-19 44030.3 -947074 3.08137e-08 3.14149e-09
1.94276e+06 0.00694333 -0.0390663 1.02816e-15 4.39261e-19 44263.6 -946648 3.26472e-08 3.94202e-09
1.92924e+06 0.00693976 -0.0390489 1.00055e-15 5.22424e-20 40484.6 -945838 2.92057e-08 4.68834e-10
1.9311e+06 0.0069549 -0.0391471 6.04285e-16 3.79091e-19 40758.5 -947162 1.90703e-08 3.40205e-09
1.93164e+06 0.0070061 -0.0394341 4.83954e-16 3.3398e-19 41006.5 -946730 1.51995e-08 2.9972e-09
1.93214e+06 0.00705768 -0.0397235 4.27003e-16 2.69315e-19 41250.6 -946294 1.33077e-08 2.41689e-09
1.93264e+06 0.00710905 -0.0400122 3.8108e-16 2.70751e-19 41494.1 -945856 1.17507e-08 2.42978e-09
1.93314e+06 0.00716095 -0.0403012 5.42477e-16 -2.04961e-19 41736.3 -945415 6.33008e-09 -1.83936e-09
1.93363e+06 0.00721317 -0.0405905 5.20319e-16 -1.64252e-19 41977.6 -944972 6.00267e-09 -1.47403e-09
1.91634e+06 0.00747335 -0.0444179 8.21275e-16 -7.22486e-19 41604.5 -889780 2.78087e-08 -6.48374e-09
1.91777e+06 0.00752215 -0.0447171 3.45343e-16 6.61047e-19 42060.5 -889912 7.85076e-09 5.93238e-09
1.9188e+06 0.00756932 -0.0450033 3.42471e-17 -4.35797e-19 42407.2 -889978 -4.63479e-09 -3.91093e-09
1.9194e+06 0.00761401 -0.0452702 -2.70216e-16 -4.67647e-19 42647.1 -889962 -1.03755e-08 -4.19676e-09
1.91989e+06 0.00766289 -0.0455505 -4.03207e-16 -4.15622e-19 42885.2 -889731 -1.34751e-08 -3.72988e-09
1.92036e+06 0.00771197 -0.0458317 -4.92577e-16 -6.09721e-19 43121.3 -889492 -1.62327e-08 -5.47177e-09
1.92082e+06 0.00776108 -0.0461133 -5.68218e-16 -7.50297e-19 43351.9 -889251 -1.85537e-08 -6.73333e-09
1.92126e+06 0.00781019 -0.0463952 -6.35224e-16 -8.73703e-19 43580.7 -889010 -2.06055e-08 -7.84079e-09
1.92169e+06 0.00785931 -0.0466772 -6.91504e-16 -9.86859e-19 43806.8 -888768 -2.2279e-08 -8.85628e-09
1.92209e+06 0.00790838 -0.0469592 -7.41203e-16 -1.03481e-18 44029.4 -888526 -2.37924e-08 -9.28665e-09
1.9225e+06 0.00795753 -0.0472418 -7.84612e-16 -1.16567e-18 44249.4 -888283 -2.51748e-08 -1.0461e-08
1.92289e+06 0.00800661 -0.0475242 -8.21054e-16 -1.20672e-18 44465 -888040 -2.61789e-08 -1.08293e-08
1.92326e+06 0.00805563 -0.0478065 -8.54301e-16 -1.25072e-18 44676.3 -887797 -2.71393e-08 -1.12242e-08
1.92362e+06 0.00810463 -0.0480888 -8.83853e-16 -1.2916e-18 44883.9 -887553 -2.80779e-08 -1.15911e-08
1.92396e+06 0.00815363 -0.0483714 -9.0937e-16 -1.36612e-18 45088 -887309 -2.88128e-08 -1.22598e-08
1.92429e+06 0.00820263 -0.0486541 -9.49245e-16 -1.36795e-18 45288.2 -887065 -2.9213e-08 -1.22763e-08
1.91514e+06 0.00830446 -0.0492426 -3.17532e-16 -3.40037e-18 45402.6 -886590 -9.8662e-09 -3.05156e-08
1.90603e+06 0.00836145 -0.0495977 -1.26047e-16 -4.15369e-19 39973.9 -887223 -3.93629e-09 -3.72761e-09
1.90654e+06 0.00841289 -0.04989 6.52482e-17 -2.51822e-19 40235.9 -886910 1.25874e-09 -2.2599e-09
1.90692e+06 0.00846257 -0.0501726 1.86444e-16 1.13002e-19 40455 -886612 4.57658e-09 1.01411e-09
1.90729e+06 0.00851219 -0.0504551 3.27459e-16 2.73652e-19 40668.4 -886316 8.3528e-09 2.45581e-09
1.90764e+06 0.00856177 -0.0507376 4.43887e-16 3.70529e-19 40877.9 -886019 1.15324e-08 3.3252e-09
1.88364e+06 0.00895628 -0.053003 5.45077e-16 2.59369e-19 40162.8 -884045 1.39771e-08 2.32763e-09
1.8855e+06 0.00900911 -0.0533035 3.48203e-16 7.11272e-19 40715.9 -883669 8.7166e-09 6.3831e-09
1.88707e+06 0.0090604 -0.053596 2.88712e-16 1.06759e-18 41140.5 -883322 7.0213e-09 9.58076e-09
1.87963e+06 0.00910663 -0.0538887 5.7322e-16 -1.55839e-19 36307.8 -883889 1.46247e-08 -1.39853e-09
1.87164e+06 0.00920273 -0.0544408 2.93834e-16 1.94371e-19 36483.5 -883342 7.07223e-09 1.74433e-09
1.87244e+06 0.00925754 -0.0547548 7.78134e-17 2.36511e-19 36779.2 -882997 1.27329e-09 2.1225e-09
1.87303e+06 0.00930941 -0.0550525 2.41753e-17 2.46048e-19 36980.2 -882683 -1.23691e-10 2.20809e-09
1.87345e+06 0.00935895 -0.0553369 -7.04971e-18 5.3888e-19 37175.9 -882383 -1.01136e-09 4.83602e-09
1.8738e+06 0.00940746 -0.0556155 -1.76591e-17 3.53765e-19 37372.8 -882087 -1.26602e-09 3.17476e-09
1.87415e+06 0.00945591 -0.0558938 -2.94028e-17 4.08536e-19 37567.5 -881792 -1.61526e-09 3.66629e-09
1.87449e+06 0.00950428 -0.0561718 -3.90054e-17 3.95897e-19 37758.6 -881498 -1.91358e-09 3.55287e-09
1.87481e+06 0.00955259 -0.0564496 -4.7807e-17 4.39574e-19 37948.8 -881205 -2.12458e-09 3.94483e-09
1.84946e+06 0.00953976 -0.0563713 -1.15326e-16 4.2202e-19 29036.1 -876965 -9.17498e-09 3.7873e-09
1.842e+06 0.00953881 -0.0563628 6.81224e-17 -1.73789e-18 29353.3 -876347 9.73523e-09 -1.55962e-08
1.82037e+06 0.00952641 -0.0562775 -2.18001e-16 5.64257e-19 24178.5 -871172 -1.97979e-08 5.06376e-09
1.82311e+06 0.00952983 -0.0563039 -1.967e-16 1.22327e-18 24572.7 -872924 -1.76078e-08 1.09779e-08
1.82577e+06 0.0095332 -0.05633 -9.71928e-17 7.18199e-19 24947.8 -874660 -7.29051e-09 6.44527e-09
1.8282e+06 0.00953661 -0.0563566 -2.93999e-17 9.23976e-19 25243.6 -876437 -4.1473e-10 8.29195e-09
1.83052e+06 0.00954003 -0.0563834 1.26474e-17 6.40048e-19 25505.7 -878234 3.95812e-09 5.74392e-09
1.83283e+06 0.00954335 -0.056411 5.48371e-17 6.4783e-19 25764.6 -880023 5.50062e-09 5.81377e-09
1.83487e+06 0.00954622 -0.056453 1.87323e-16 3.05642e-20 26011.2 -881987 1.26893e-08 2.74289e-10
1.81517e+06 0.00953509 -0.0563765 2.84439e-16 -2.70714e-18 21335.4 -877350 2.26937e-08 -2.42945e-08
1.81778e+06 0.00953843 -0.0564024 -4.75537e-17 1.05268e-18 21700.2 -879071 -1.14233e-08 9.44701e-09
1.82024e+06 0.00954178 -0.0564284 -9.26331e-17 6.77457e-19 22018.5 -880806 -1.58616e-08 6.07965e-09
1.8224e+06 0.00954464 -0.0564618 -3.18115e-16 7.22225e-19 22260 -882615 -2.03072e-08 6.4814e-09
1.82354e+06 0.00956702 -0.0566182 -6.22582e-16 4.97527e-19 22481.6 -883701 -1.9354e-08 4.46491e-09
1.81637e+06 0.00956494 -0.0566258 -5.60128e-16 5.29593e-19 18011.3 -884317 -1.52504e-08 4.75268e-09
1.80932e+06 0.00956448 -0.0566214 -5.62947e-16 6.11868e-19 18244.9 -883987 -1.54614e-08 5.49103e-09
1.80999e+06 0.0096038 -0.0568562 -5.73634e-16 4.78339e-20 18460.9 -884196 -1.53523e-08 4.29272e-10
1.81035e+06 0.00965286 -0.0571386 -5.95287e-16 6.24549e-19 18671.3 -883893 -1.55487e-08 5.60484e-09
1.81069e+06 0.00970175 -0.0574201 -5.76352e-16 6.0494e-19 18875.6 -883593 -1.49885e-08 5.42886e-09
1.81103e+06 0.00975063 -0.0577017 -5.58095e-16 6.0971e-19 19075.6 -883293 -1.44573e-08 5.47166e-09
1.81136e+06 0.00979946 -0.0579831 -5.40601e-16 6.61869e-19 19273.5 -882993 -1.39335e-08 5.93975e-09
1.81168e+06 0.00984821 -0.058264 -5.22959e-16 6.36349e-19 19470.6 -882694 -1.34241e-08 5.71073e-09
1.81199e+06 0.00989683 -0.0585444 -5.1049e-16 6.66896e-19 19664.4 -882397 -1.30094e-08 5.98487e-09
1.8123e+06 0.00994538 -0.0588244 -4.97978e-16 6.5039e-19 19853.9 -882100 -1.26965e-08 5.83674e-09
1.7991e+06 0.0101961 -0.0602803 -4.49148e-16 -2.43531e-19 19358.7 -880817 -1.11249e-08 -2.1855e-09
1.80042e+06 0.0102446 -0.0605594 -6.80912e-16 1.00955e-18 19832.2 -880474 -1.71349e-08 9.05995e-09
1.80111e+06 0.0102938 -0.0608423 -7.72318e-16 8.9793e-19 20183.8 -880148 -1.94559e-08 8.05821e-09
1.80154e+06 0.0103399 -0.0611089 -8.38621e-16 1.04141e-18 20372.5 -879866 -2.11367e-08 9.34583e-09
1.80194e+06 0.0103862 -0.0613769 -8.9463e-16 1.21867e-18 20560.3 -879582 -2.25264e-08 1.09366e-08
1.80234e+06 0.0104326 -0.0616448 -9.39198e-16 1.39871e-18 20746.1 -879300 -2.36396e-08 1.25523e-08
1.78251e+06 0.0104224 -0.0615765 -6.87448e-16 -2.62867e-18 15872 -875295 1.73895e-09 -2.35902e-08
1.78507e+06 0.0104258 -0.0616027 -9.17543e-16 6.59788e-19 16226.4 -877012 -2.15587e-08 5.92108e-09
1.78736e+06 0.0104291 -0.0616296 -9.40728e-16 8.35425e-19 16492.9 -878788 -2.39161e-08 7.49728e-09
1.78897e+06 0.0104446 -0.0617384 -8.32216e-16 4.82672e-19 16708.9 -879908 -2.15587e-08 4.3316e-09
1.78939e+06 0.010492 -0.0620125 -8.18065e-16 7.2758e-19 16914 -879616 -2.1173e-08 6.52945e-09
1.78981e+06 0.0105393 -0.0622862 -7.93881e-16 7.70766e-19 17113.7 -879326 -2.05255e-08 6.91702e-09
1.79022e+06 0.0105866 -0.06256 -7.69149e-16 7.47267e-19 17312.5 -879037 -1.98561e-08 6.70613e-09
1.79062e+06 0.0106339 -0.0628339 -7.44198e-16 6.97984e-19 17509.6 -878748 -1.92376e-08 6.26385e-09
1.79101e+06 0.0106813 -0.0631078 -7.28598e-16 7.21668e-19 17704.7 -878459 -1.88084e-08 6.4764e-09
1.7914e+06 0.0107286 -0.0633818 -7.1404e-16 7.78866e-19 17896.6 -878172 -1.83863e-08 6.9897e-09
1.77803e+06 0.0108157 -0.0639121 -4.36512e-16 2.73019e-19 13915.1 -878365 -1.12195e-08 2.45013e-09
1.77876e+06 0.0108666 -0.0642063 -5.9495e-16 3.6915e-19 14224.2 -878039 -1.5345e-08 3.31283e-09
1.77917e+06 0.0109135 -0.0644783 -6.13286e-16 6.07861e-19 14426.7 -877753 -1.58107e-08 5.45507e-09
1.77956e+06 0.0109603 -0.0647497 -6.09605e-16 6.01551e-19 14622.9 -877469 -1.57015e-08 5.39845e-09
1.75202e+06 0.0109445 -0.0646449 -4.10137e-16 -2.33411e-18 6034.94 -871498 4.1764e-09 -2.09468e-08
1.75451e+06 0.0109478 -0.0646712 -7.42322e-16 1.52386e-18 6380.81 -873215 -2.9162e-08 1.36755e-08
1.7481e+06 0.0109459 -0.0646545 -5.3132e-16 -1.32183e-18 6750.39 -872056 -8.08359e-09 -1.18624e-08
1.75061e+06 0.0109492 -0.0646809 -6.25957e-16 1.01225e-18 7090.5 -873784 -1.75205e-08 9.08417e-09
1.75291e+06 0.0109526 -0.0647079 -6.24709e-16 1.16017e-18 7357.66 -875555 -1.73604e-08 1.04116e-08
1.75511e+06 0.0109556 -0.0647376 -6.21267e-16 9.78924e-19 7590.6 -877293 -1.64e-08 8.78507e-09
1.75668e+06 0.0109695 -0.0648422 -5.34507e-16 1.45744e-19 7805.44 -878548 -1.35988e-08 1.30794e-09
1.75713e+06 0.011016 -0.0651126 -5.35288e-16 4.51269e-19 8006.8 -878270 -1.37807e-08 4.04978e-09
1.75748e+06 0.0110636 -0.0653887 -5.32256e-16 3.67442e-19 8201.4 -877983 -1.36788e-08 3.2975e-09
1.75785e+06 0.0111106 -0.0656617 -5.28964e-16 2.93352e-19 8389.34 -877700 -1.35842e-08 2.6326e-09
1.75821e+06 0.0111576 -0.0659342 -5.2667e-16 2.90234e-19 8573.46 -877418 -1.34896e-08 2.60462e-09
1.75854e+06 0.0112046 -0.0662073 -5.25726e-16 3.36775e-19 8750.51 -877138 -1.3446e-08 3.02229e-09
1.75885e+06 0.0112516 -0.0664799 -5.21628e-16 2.60428e-19 8920.43 -876859 -1.33732e-08 2.33714e-09
1.75914e+06 0.0112985 -0.0667521 -5.18396e-16 2.22779e-19 9085.68 -876582 -1.3235e-08 1.99926e-09
1.7594e+06 0.0113453 -0.0670241 -5.14498e-16 1.85266e-19 9242.79 -876308 -1.31768e-08 1.66262e-09
1.75965e+06 0.0113921 -0.0672962 -5.12422e-16 1.97639e-19 9397.76 -876034 -1.3104e-08 1.77365e-09
1.75988e+06 0.011439 -0.0675684 -5.1484e-16 2.05961e-19 9550.07 -875760 -1.31768e-08 1.84834e-09
1.7601e+06 0.0114858 -0.0678405 -5.15102e-16 2.33328e-19 9697.85 -875489 -1.31913e-08 2.09394e-09
1.76031e+06 0.0115326 -0.0681124 -5.14166e-16 1.8084e-19 9843.74 -875218 -1.3104e-08 1.62289e-09
1.74774e+06 0.0115287 -0.0680912 -5.71431e-16 6.06783e-20 6304.12 -874237 -1.89248e-08 5.4454e-10
1.74927e+06 0.0115425 -0.0681905 -9.14019e-16 6.32265e-19 6513.79 -875718 -2.33558e-08 5.67408e-09
1.74961e+06 0.0115902 -0.0684676 -9.61726e-16 9.75128e-19 6707.22 -875435 -2.45564e-08 8.751e-09
1.74993e+06 0.0116378 -0.0687439 -9.74509e-16 1.15686e-18 6893.7 -875155 -2.49274e-08 1.03819e-08
1.75024e+06 0.0116852 -0.0690194 -1.00597e-15 1.27997e-18 7075.21 -874876 -2.42726e-08 1.14867e-08
1.75054e+06 0.0117325 -0.0692947 -1.00749e-15 1.34e-18 7253.5 -874598 -2.42944e-08 1.20255e-08
1.75082e+06 0.0117798 -0.0695701 -1.00667e-15 1.31725e-18 7429.84 -874322 -2.42871e-08 1.18213e-08
1.7511e+06 0.0118272 -0.0698457 -1.01042e-15 1.37453e-18 7605.14 -874046 -2.43672e-08 1.23353e-08
1.75138e+06 0.0118746 -0.0701215 -1.01296e-15 1.46189e-18 7779.18 -873770 -2.44036e-08 1.31193e-08
1.75164e+06 0.011922 -0.0703974 -1.01286e-15 1.43773e-18 7950.93 -873496 -2.4309e-08 1.29025e-08
1.75189e+06 0.0119694 -0.0706733 -1.01631e-15 1.49567e-18 8120.43 -873222 -2.44545e-08 1.34225e-08
1.75211e+06 0.0120167 -0.0709492 -1.01535e-15 1.46579e-18 8286.23 -872949 -2.43672e-08 1.31543e-08
1.72995e+06 0.0120492 -0.0743578 -9.47529e-16 5.3757e-19 7694.58 -839365 -1.5134e-08 4.82426e-09
1.73119e+06 0.0120951 -0.0746568 -1.35081e-15 2.32861e-18 8127.53 -839539 -2.65354e-08 2.08975e-08
1.7321e+06 0.0121405 -0.0749512 -1.3997e-15 1.03121e-18 8460.13 -839684 -2.76195e-08 9.25427e-09
1.73271e+06 0.012184 -0.0752326 -1.43392e-15 8.59859e-19 8680.92 -839811 -2.84272e-08 7.71655e-09
1.73292e+06 0.0122238 -0.0754907 -1.46103e-15 1.01068e-18 8824.61 -839937 -2.9002e-08 9.07009e-09
1.73308e+06 0.0122634 -0.0757476 -1.47994e-15 1.09899e-18 8962.1 -840063 -2.94167e-08 9.86258e-09
1.73318e+06 0.012303 -0.076005 -1.49273e-15 1.1438e-18 9086.85 -840192 -2.95258e-08 1.02647e-08
1.73325e+06 0.0123429 -0.0762644 -1.50323e-15 1.09073e-18 9210.15 -840321 -2.96204e-08 9.7884e-09
1.73329e+06 0.0123831 -0.0765261 -1.51356e-15 1.11751e-18 9332.45 -840452 -2.97441e-08 1.00288e-08
1.73326e+06 0.0124236 -0.0767904 -1.5228e-15 1.1013e-18 9446.94 -840585 -2.97805e-08 9.88333e-09
1.73317e+06 0.0124646 -0.0770576 -1.53143e-15 1.10594e-18 9553.79 -840720 -2.98824e-08 9.92489e-09
1.733e+06 0.0125063 -0.0773285 -1.54866e-15 1.07057e-18 9649.49 -840844 -2.97223e-08 9.6075e-09
1.73277e+06 0.0125494 -0.0776052 -1.56795e-15 1.11706e-18 9742.7 -840938 -2.95331e-08 1.00247e-08
1.73246e+06 0.0125944 -0.0778889 -1.6046e-15 1.07662e-18 9831.09 -840996 -2.87328e-08 9.66182e-09
1.73206e+06 0.0126425 -0.0781825 -1.66652e-15 1.25165e-18 9914.51 -840965 -2.75977e-08 1.12326e-08
1.73157e+06 0.0126938 -0.0784854 -1.70304e-15 1.21798e-18 9988.07 -840844 -2.69356e-08 1.09304e-08
1.73103e+06 0.0127467 -0.0787939 -1.7192e-15 1.20691e-18 10058.7 -840688 -2.68774e-08 1.08311e-08
1.71647e+06 0.0127399 -0.078745 -1.4586e-15 1.15596e-18 6422.14 -838024 -3.12866e-09 1.03738e-08
1.71858e+06 0.0127429 -0.0787723 -1.4585e-15 2.28985e-18 6659.8 -839703 -3.01952e-09 2.05496e-08
1.72009e+06 0.0127496 -0.0788402 -7.82832e-16 1.02365e-18 6792.62 -841211 -2.12458e-09 9.18642e-09
1.71961e+06 0.0128045 -0.0791609 -2.86549e-16 7.83989e-19 6893.74 -841052 -3.54339e-09 7.03568e-09
1.71909e+06 0.0128602 -0.0794849 -1.89562e-16 5.3096e-19 6993.09 -840876 -1.94996e-09 4.76494e-09
1.70467e+06 0.0131202 -0.0810068 -4.41427e-16 5.349e-19 6395.8 -840242 -5.95901e-09 4.8003e-09
1.67024e+06 0.013299 -0.082153 3.78351e-16 -5.72754e-18 -4153.13 -841507 7.18865e-09 -5.14001e-08
1.67177e+06 0.0133469 -0.0824278 -1.03437e-15 1.38719e-18 -3665.32 -841295 -1.50394e-08 1.24489e-08
1.67307e+06 0.0133931 -0.0826941 -1.06861e-15 1.31461e-18 -3304.73 -841110 -1.54832e-08 1.17976e-08
1.67427e+06 0.0134385 -0.0829559 -1.05544e-15 1.27727e-18 -2951.76 -840928 -1.52868e-08 1.14625e-08
1.67525e+06 0.0134837 -0.0832163 -9.87038e-16 1.22316e-18 -2596.96 -840747 -1.42463e-08 1.09769e-08
1.67581e+06 0.0135298 -0.0834831 -9.09136e-16 1.10842e-18 -2314.4 -840576 -1.29658e-08 9.94716e-09
1.67619e+06 0.013575 -0.0837452 -8.40374e-16 6.67451e-19 -2117.52 -840423 -1.18525e-08 5.98984e-09
1.6765e+06 0.0136194 -0.0840029 -8.36415e-16 8.13097e-19 -1963.82 -840279 -1.18234e-08 7.2969e-09
1.67679e+06 0.0136636 -0.0842598 -8.24906e-16 8.32863e-19 -1813.06 -840137 -1.1576e-08 7.47429e-09
1.67706e+06 0.0137075 -0.0845147 -8.12321e-16 8.87987e-19 -1668.71 -839998 -1.13505e-08 7.96899e-09
1.67729e+06 0.0137513 -0.084768 -7.94985e-16 8.3496e-19 -1532.57 -839854 -1.11395e-08 7.49311e-09
1.6775e+06 0.0137952 -0.0850204 -7.84999e-16 7.88347e-19 -1403.18 -839706 -1.10304e-08 7.07479e-09
1.67769e+06 0.0138395 -0.0852729 -7.74193e-16 7.91447e-19 -1265.99 -839546 -1.08266e-08 7.10262e-09
1.67787e+06 0.0138836 -0.0855246 -7.70351e-16 7.57626e-19 -1166.39 -839390 -1.07975e-08 6.7991e-09
1.67805e+06 0.0139278 -0.0857762 -7.66286e-16 8.08872e-19 -1051.08 -839233 -1.07029e-08 7.25899e-09
1.67822e+06 0.0139719 -0.0860276 -7.59464e-16 7.09945e-19 -938.084 -839077 -1.04483e-08 6.3712e-09
1.67839e+06 0.014016 -0.0862786 -7.58084e-16 7.80344e-19 -828.046 -838922 -1.04264e-08 7.00297e-09
1.67854e+06 0.0140601 -0.0865298 -7.51493e-16 7.48796e-19 -720.271 -838767 -1.03173e-08 6.71985e-09
1.67867e+06 0.0141042 -0.086781 -7.47606e-16 6.84966e-19 -614.278 -838614 -1.01572e-08 6.14703e-09
1.67879e+06 0.0141481 -0.0870314 -7.46114e-16 7.2864e-19 -510.756 -838462 -1.00699e-08 6.53897e-09
1.67889e+06 0.0141919 -0.087281 -7.43648e-16 7.15246e-19 -413.037 -838312 -1.00845e-08 6.41877e-09
1.67898e+06 0.0142355 -0.0875296 -7.4297e-16 7.22696e-19 -321.706 -838164 -1.00263e-08 6.48563e-09
1.67906e+06 0.014279 -0.0877777 -7.42706e-16 7.38298e-19 -232.229 -838017 -1.00554e-08 6.62564e-09
1.67914e+06 0.0143224 -0.088025 -7.44874e-16 7.82413e-19 -146.87 -837872 -1.00772e-08 7.02153e-09
1.6792e+06 0.0143657 -0.0882719 -7.44801e-16 7.9736e-19 -64.3716 -837728 -1.00845e-08 7.15568e-09
1.67926e+06 0.0144088 -0.0885182 -7.43131e-16 7.85163e-19 14.8313 -837586 -9.96806e-09 7.04622e-09
1.67932e+06 0.014452 -0.0887643 -7.40907e-16 7.4484e-19 93.5272 -837444 -1.00044e-08 6.68435e-09
1.67937e+06 0.0144951 -0.0890101 -7.42305e-16 7.61641e-19 169.367 -837304 -9.95351e-09 6.83513e-09
1.67942e+06 0.0145381 -0.0892555 -7.39638e-16 6.94966e-19 243.631 -837164 -9.96806e-09 6.23678e-09
1.67946e+06 0.0145811 -0.0895007 -7.39835e-16 6.86653e-19 316.52 -837025 -9.93168e-09 6.16217e-09
1.6795e+06 0.014624 -0.0897454 -7.41695e-16 6.9921e-19 387.538 -836888 -9.93168e-09 6.27486e-09
1.67953e+06 0.0146668 -0.0899897 -7.3938e-16 6.85796e-19 456.314 -836751 -9.8662e-09 6.15448e-09
1.67956e+06 0.0147095 -0.0902336 -7.3863e-16 6.30364e-19 522.922 -836616 -9.88075e-09 5.65702e-09
1.67958e+06 0.0147522 -0.0904771 -7.38588e-16 6.20762e-19 587.681 -836481 -9.84437e-09 5.57085e-09
1.6357e+06 0.0147253 -0.0902673 -8.72881e-16 2.5701e-18 -9587.59 -824602 -2.20534e-08 2.30646e-08
1.63839e+06 0.0147286 -0.0902963 -7.57024e-16 1.43246e-18 -9194.82 -826353 -1.13941e-08 1.28552e-08
1.64044e+06 0.0147316 -0.0903232 -5.40249e-16 1.7247e-18 -8966.86 -827993 7.98173e-09 1.54778e-08
1.6424e+06 0.0147346 -0.0903498 -4.02262e-16 1.2228e-18 -8759.34 -829619 2.02344e-08 1.09736e-08
1.64436e+06 0.0147375 -0.0903765 -3.56809e-16 1.24921e-18 -8552.55 -831244 2.43963e-08 1.12107e-08
1.64627e+06 0.0147405 -0.0904033 -3.24096e-16 1.54664e-18 -8361.72 -832886 2.71903e-08 1.38799e-08
1.64796e+06 0.0147435 -0.0904316 -2.64647e-16 1.78263e-18 -8241.85 -834601 2.90238e-08 1.59977e-08
1.6496e+06 0.0147456 -0.0904651 -2.25847e-17 1.4261e-18 -8129.57 -836234 2.68265e-08 1.27981e-08
1.65083e+06 0.0147514 -0.0905407 6.49598e-16 2.17575e-19 -8029.16 -837799 2.78305e-08 1.95257e-09
1.65103e+06 0.0147902 -0.0907783 1.34421e-15 -5.28078e-19 -7930.61 -837819 2.00016e-08 -4.73909e-09
1.65111e+06 0.0148344 -0.09103 1.40779e-15 -4.62751e-19 -7831.27 -837675 2.06128e-08 -4.15283e-09
1.65119e+06 0.0148784 -0.0912811 1.54319e-15 6.33503e-19 -7766.59 -837539 2.37851e-08 5.68519e-09
1.65123e+06 0.0149226 -0.0915336 1.59482e-15 6.42666e-19 -7690.09 -837400 2.50875e-08 5.76742e-09
1.65129e+06 0.0149668 -0.0917856 1.6335e-15 6.91973e-19 -7614.22 -837262 2.60188e-08 6.20991e-09
1.65134e+06 0.0150109 -0.0920374 1.66473e-15 7.42635e-19 -7538.87 -837124 2.67537e-08 6.66457e-09
1.65139e+06 0.015055 -0.0922891 1.69495e-15 6.88105e-19 -7464 -836988 2.7394e-08 6.1752e-09
1.65144e+06 0.0150991 -0.0925407 1.71815e-15 7.22772e-19 -7389.67 -836852 2.80415e-08 6.48631e-09
1.65149e+06 0.0151432 -0.0927923 1.74109e-15 8.06781e-19 -7316.11 -836717 2.85363e-08 7.24023e-09
1.65153e+06 0.0151872 -0.0930439 1.76082e-15 7.61823e-19 -7243.99 -836582 2.90602e-08 6.83676e-09
1.65156e+06 0.0152314 -0.0932956 1.7834e-15 7.64705e-19 -7174.82 -836448 2.96059e-08 6.86262e-09
1.65157e+06 0.0152756 -0.0935482 1.79806e-15 8.00967e-19 -7109.6 -836316 2.99551e-08 7.18805e-09
1.65156e+06 0.0153198 -0.0938009 1.8114e-15 7.78484e-19 -7051.32 -836185 3.02753e-08 6.98628e-09
1.64537e+06 0.0154044 -0.0942844 2.00936e-15 -1.47893e-18 -7011.72 -835948 3.50847e-08 -1.32723e-08
1.63937e+06 0.0154695 -0.0946944 1.50545e-15 -1.58705e-18 -10667.9 -836393 2.1093e-08 -1.42425e-08
1.63948e+06 0.0155136 -0.0949455 1.01709e-15 -1.21607e-19 -10570.6 -836259 9.3205e-09 -1.09133e-09
1.63959e+06 0.0155575 -0.0951959 7.7398e-16 -1.45924e-19 -10474.5 -836125 3.36149e-09 -1.30955e-09
1.6397e+06 0.0156013 -0.0954459 4.75119e-16 -2.35255e-19 -10379.1 -835992 -3.7835e-09 -2.11122e-09
1.63981e+06 0.0156451 -0.0956957 1.62321e-16 -2.71482e-19 -10284.6 -835860 -1.13505e-08 -2.43634e-09
1.63992e+06 0.0156888 -0.0959453 -8.43082e-17 -3.61651e-19 -10191.2 -835729 -1.73677e-08 -3.24553e-09
1.64002e+06 0.0157325 -0.0961946 -2.64895e-16 -3.6692e-19 -10099.3 -835598 -2.16751e-08 -3.29282e-09
1.64012e+06 0.0157761 -0.0964437 -4.08205e-16 -4.2417e-19 -10009 -835469 -2.51675e-08 -3.80659e-09
1.6402e+06 0.0158197 -0.0966923 -5.28208e-16 -4.27006e-19 -9921.02 -835340 -2.80124e-08 -3.83204e-09
1.64028e+06 0.0158632 -0.0969406 -6.29856e-16 -4.30893e-19 -9836.46 -835213 -3.05008e-08 -3.86692e-09
1.64032e+06 0.0159066 -0.0971885 -7.11424e-16 -5.31446e-19 -9755.78 -835087 -3.24799e-08 -4.76931e-09
1.64034e+06 0.0159499 -0.0974358 -7.85368e-16 -5.31966e-19 -9683.17 -834963 -3.42407e-08 -4.77398e-09
1.63493e+06 0.0159563 -0.0974721 -5.05012e-16 -2.56349e-18 -9640.39 -834940 -2.75104e-08 -2.30053e-08
1.635e+06 0.0160002 -0.0977228 -6.31e-16 -5.67868e-19 -9587.62 -834819 -3.05154e-08 -5.09616e-09
1.63508e+06 0.0160437 -0.0979715 -6.19577e-16 -6.25578e-19 -9537.31 -834699 -3.02462e-08 -5.61407e-09
1.63515e+06 0.0160875 -0.0982213 -6.05728e-16 -6.00318e-19 -9488.2 -834580 -2.98751e-08 -5.38738e-09
1.62992e+06 0.0160921 -0.0982802 -8.31596e-16 -1.32908e-18 -12821.8 -835127 -1.39044e-08 -1.19274e-08
1.63005e+06 0.0161367 -0.0985358 -1.35085e-15 1.03067e-18 -12688.8 -835001 -1.86847e-08 9.24946e-09
1.63024e+06 0.0161806 -0.098786 -1.47488e-15 8.37458e-19 -12579.1 -834872 -2.17042e-08 7.51553e-09
1.6153e+06 0.0161725 -0.0987244 -1.28764e-15 -1.96917e-18 -16195.4 -831472 -4.98403e-09 -1.76717e-08
1.6174e+06 0.0161755 -0.0987517 -1.47833e-15 1.13655e-18 -15948.7 -833125 -2.22135e-08 1.01996e-08
1.61923e+06 0.016178 -0.0987832 -1.46206e-15 2.70996e-19 -15783.7 -834807 -1.95723e-08 2.43197e-09
1.6198e+06 0.0162077 -0.098975 -1.32335e-15 -1.82003e-19 -15650.9 -835326 -1.81753e-08 -1.63333e-09
1.61996e+06 0.0162523 -0.099229 -1.31994e-15 2.61276e-19 -15535.1 -835196 -1.81171e-08 2.34475e-09
1.62008e+06 0.0162972 -0.0994855 -1.29758e-15 2.33101e-19 -15422.3 -835065 -1.76879e-08 2.0919e-09
1.62019e+06 0.016342 -0.099741 -1.27468e-15 1.48351e-19 -15316.9 -834937 -1.7033e-08 1.33134e-09
1.62028e+06 0.0163866 -0.0999955 -1.25674e-15 1.27444e-19 -15225.2 -834812 -1.66838e-08 1.14371e-09
1.62034e+06 0.0164309 -0.100249 -1.24024e-15 7.58387e-20 -15145.9 -834690 -1.62545e-08 6.80592e-10
1.62036e+06 0.0164749 -0.1005 -1.22699e-15 5.55299e-20 -15078.3 -834571 -1.59489e-08 4.98337e-10
1.62036e+06 0.0165187 -0.10075 -1.21248e-15 -7.43959e-20 -15021.2 -834456 -1.55487e-08 -6.67645e-10
1.62036e+06 0.0165624 -0.101 -1.20425e-15 -7.48561e-20 -14964.9 -834341 -1.54469e-08 -6.71774e-10
1.62035e+06 0.0166061 -0.101249 -1.19813e-15 -6.96117e-20 -14908.8 -834227 -1.51995e-08 -6.24711e-10
1.62034e+06 0.0166497 -0.101499 -1.19481e-15 -2.04499e-20 -14853.1 -834113 -1.50976e-08 -1.83521e-10
1.62032e+06 0.0166934 -0.101748 -1.18843e-15 -7.38515e-20 -14798.4 -834001 -1.49957e-08 -6.62759e-10
1.62028e+06 0.0167369 -0.101997 -1.18359e-15 -4.08773e-20 -14748.5 -833889 -1.48721e-08 -3.66842e-10
1.62023e+06 0.0167805 -0.102246 -1.17809e-15 -9.12124e-20 -14702.1 -833779 -1.48575e-08 -8.18559e-10
1.62017e+06 0.016824 -0.102495 -1.17501e-15 -1.12396e-19 -14657.3 -833670 -1.46974e-08 -1.00866e-09
1.6201e+06 0.0168674 -0.102743 -1.1705e-15 -1.6617e-19 -14615.3 -833561 -1.46465e-08 -1.49125e-09
1.6143e+06 0.0168665 -0.102734 -1.02167e-15 -1.0731e-18 -14560 -833018 -1.20781e-09 -9.63022e-09
1.61483e+06 0.0168966 -0.102909 -7.48064e-16 -1.38089e-18 -14533.7 -833480 -4.36557e-09 -1.23924e-08
1.61481e+06 0.0169403 -0.103159 -7.30578e-16 -6.78296e-19 -14513.3 -833375 -3.89264e-09 -6.08717e-09
1.60919e+06 0.0169375 -0.103151 -6.56107e-16 -9.73851e-19 -17801 -833136 -5.96629e-09 -8.73954e-09
1.60978e+06 0.0169626 -0.103322 -6.13945e-16 -1.27922e-18 -17716.7 -833869 -8.38918e-09 -1.148e-08
1.60984e+06 0.0170071 -0.103576 -6.44367e-16 -9.3984e-19 -17641.5 -833755 -9.13133e-09 -8.43432e-09
1.60987e+06 0.0170517 -0.103831 -6.51755e-16 -8.41113e-19 -17569.9 -833641 -9.29867e-09 -7.54833e-09
1.60989e+06 0.0170962 -0.104085 -6.52654e-16 -8.57803e-19 -17501.2 -833528 -9.30595e-09 -7.6981e-09
1.60988e+06 0.0171404 -0.104338 -6.52442e-16 -8.3083e-19 -17434.7 -833417 -9.34233e-09 -7.45605e-09
1.60983e+06 0.0171843 -0.104588 -6.50496e-16 -8.53248e-19 -17376.9 -833309 -9.28412e-09 -7.65722e-09
1.60977e+06 0.0172281 -0.104838 -6.51186e-16 -8.71425e-19 -17322.4 -833201 -9.24774e-09 -7.82035e-09
1.60971e+06 0.0172717 -0.105088 -6.5232e-16 -8.69675e-19 -17273.2 -833096 -9.3205e-09 -7.80464e-09
1.60963e+06 0.0173152 -0.105337 -6.59846e-16 -8.56356e-19 -17232.8 -832993 -9.48785e-09 -7.68512e-09
1.60953e+06 0.0173584 -0.105584 -6.62511e-16 -8.53708e-19 -17205 -832893 -9.02219e-09 -7.66135e-09
1.60941e+06 0.0174013 -0.10583 -6.63715e-16 -8.46541e-19 -17183.1 -832795 -9.02219e-09 -7.59704e-09
1.60928e+06 0.0174441 -0.106075 -6.59989e-16 -9.2063e-19 -17166.3 -832699 -9.02219e-09 -8.26193e-09
1.60914e+06 0.0174868 -0.106319 -6.63678e-16 -9.05867e-19 -17152.7 -832604 -9.02946e-09 -8.12944e-09
1.609e+06 0.0175295 -0.106564 -6.63751e-16 -9.07701e-19 -17140 -832510 -9.02219e-09 -8.1459e-09
1.60886e+06 0.0175722 -0.106808 -6.6389e-16 -9.49915e-19 -17127.6 -832416 -8.99308e-09 -8.52473e-09
1.6087e+06 0.0176148 -0.107052 -6.63207e-16 -1.00367e-18 -17119.1 -832324 -9.02219e-09 -9.0071e-09
1.60855e+06 0.0176573 -0.107296 -6.6454e-16 -9.8736e-19 -17110.9 -832232 -9.00764e-09 -8.86078e-09
1.60838e+06 0.0176997 -0.107538 -6.66371e-16 -9.88607e-19 -17103 -832141 -9.06584e-09 -8.87197e-09
1.60821e+06 0.017742 -0.107781 -6.70282e-16 -9.4949e-19 -17095.8 -832050 -9.15315e-09 -8.52092e-09
1.60803e+06 0.0177843 -0.108023 -6.70437e-16 -9.45321e-19 -17089.9 -831961 -9.05857e-09 -8.48351e-09
1.60785e+06 0.0178265 -0.108265 -6.70143e-16 -9.47464e-19 -17086.6 -831872 -9.08767e-09 -8.50274e-09
1.60766e+06 0.0178685 -0.108506 -6.73392e-16 -9.51247e-19 -17088.3 -831786 -9.14588e-09 -8.5367e-09
1.60745e+06 0.0179103 -0.108746 -6.76025e-16 -9.32591e-19 -17097.4 -831701 -9.18226e-09 -8.36927e-09
1.60723e+06 0.017952 -0.108985 -6.8049e-16 -9.38902e-19 -17108.7 -831617 -9.21864e-09 -8.42591e-09
1.607e+06 0.0179937 -0.109224 -6.88162e-16 -9.41769e-19 -17120.4 -831534 -9.24774e-09 -8.45163e-09
1.60677e+06 0.0180353 -0.109463 -6.98807e-16 -9.70276e-19 -17135.8 -831452 -9.41509e-09 -8.70746e-09
1.60654e+06 0.0180769 -0.109701 -7.14005e-16 -1.05935e-18 -17151.6 -831371 -9.6552e-09 -9.50687e-09
1.6063e+06 0.0181184 -0.10994 -7.34878e-16 -1.19924e-18 -17169.8 -831290 -9.94623e-09 -1.07622e-08
1.60604e+06 0.0181599 -0.110177 -7.61954e-16 -1.33008e-18 -17190.6 -831211 -1.02737e-08 -1.19364e-08
1.60578e+06 0.0182013 -0.110415 -7.86641e-16 -1.43808e-18 -17212.8 -831132 -1.06302e-08 -1.29057e-08
1.60552e+06 0.0182427 -0.110653 -8.07261e-16 -1.52241e-18 -17237.9 -831054 -1.09067e-08 -1.36625e-08
1.59999e+06 0.018247 -0.110678 -5.05321e-16 -3.37357e-18 -17271 -831051 -6.78847e-09 -3.02751e-08
1.59976e+06 0.0182899 -0.110924 -9.05523e-16 -1.31736e-18 -17302.1 -830972 -1.226e-08 -1.18223e-08
1.59434e+06 0.0182912 -0.110964 -6.67916e-16 -3.62709e-18 -20641.8 -831504 -6.2937e-09 -3.25503e-08
1.59424e+06 0.0183328 -0.111208 -8.22694e-16 -1.41277e-18 -20609.8 -831452 -1.10376e-08 -1.26785e-08
1.59419e+06 0.018375 -0.111449 -8.4387e-16 -1.52605e-18 -20580.7 -831365 -1.12705e-08 -1.36951e-08
1.5941e+06 0.0184176 -0.111693 -8.45719e-16 -1.51259e-18 -20551.8 -831278 -1.12923e-08 -1.35743e-08
1.58067e+06 0.0184105 -0.11164 -7.16692e-16 -3.73288e-18 -23830.1 -828377 1.16415e-10 -3.34997e-08
1.58273e+06 0.0184135 -0.111667 -9.65643e-16 8.55914e-19 -23597 -830021 -2.18788e-08 7.68116e-09
1.58429e+06 0.0184159 -0.111708 -1.14759e-15 3.26055e-19 -23517.3 -831683 -2.15805e-08 2.92608e-09
1.58435e+06 0.0184579 -0.111957 -1.41182e-15 -1.42236e-19 -23426.6 -831691 -1.8772e-08 -1.27646e-09
1.57877e+06 0.0185353 -0.112401 -8.93105e-16 -2.24543e-18 -23391.2 -831536 -1.1838e-08 -2.0151e-08
1.57343e+06 0.0185786 -0.112687 -7.17834e-16 -2.2358e-18 -26692.3 -832017 -9.45147e-09 -2.00645e-08
1.57364e+06 0.0186215 -0.112932 -1.11131e-15 1.35063e-19 -26570 -831916 -1.87647e-08 1.21208e-09
1.57378e+06 0.0186636 -0.113172 -1.20396e-15 1.08218e-19 -26473.1 -831820 -2.10493e-08 9.71172e-10
1.57389e+06 0.0187053 -0.11341 -1.25142e-15 -1.53201e-20 -26388.6 -831728 -2.20825e-08 -1.37485e-10
1.57399e+06 0.018747 -0.113649 -1.27547e-15 -2.842e-20 -26305 -831636 -2.27083e-08 -2.55047e-10
1.57409e+06 0.0187887 -0.113887 -1.32818e-15 -3.93564e-19 -26221.9 -831545 -2.39088e-08 -3.53193e-09
1.57418e+06 0.0188305 -0.114126 -1.3485e-15 -4.23514e-19 -26140.7 -831455 -2.44327e-08 -3.80071e-09
1.57425e+06 0.0188724 -0.114365 -1.3655e-15 -3.97131e-19 -26060.7 -831365 -2.48765e-08 -3.56394e-09
1.57429e+06 0.0189143 -0.114605 -1.37587e-15 -4.3954e-19 -25984.6 -831275 -2.51021e-08 -3.94453e-09
1.57432e+06 0.0189564 -0.114845 -1.38629e-15 -4.85819e-19 -25918 -831188 -2.53713e-08 -4.35984e-09
1.56135e+06 0.0189503 -0.114801 -1.17302e-15 -3.59431e-18 -29194.1 -828888 -6.57747e-09 -3.22561e-08
1.5633e+06 0.0189533 -0.11483 -1.41566e-15 -7.84997e-19 -28995.2 -830568 -2.00453e-08 -7.04473e-09
1.56445e+06 0.0189669 -0.114939 -1.47938e-15 -1.45862e-18 -28878.2 -831673 -1.94268e-08 -1.309e-08
1.56458e+06 0.0190107 -0.115189 -1.49452e-15 -1.31497e-18 -28778.4 -831579 -1.94923e-08 -1.18008e-08
1.56471e+06 0.0190542 -0.115438 -1.49023e-15 -1.47408e-18 -28688.2 -831486 -1.93468e-08 -1.32287e-08
1.56481e+06 0.0190977 -0.115686 -1.48306e-15 -1.61651e-18 -28601.8 -831395 -1.92085e-08 -1.45069e-08
1.56492e+06 0.0191411 -0.115934 -1.48226e-15 -1.73223e-18 -28516.9 -831304 -1.92231e-08 -1.55454e-08
1.56498e+06 0.0191842 -0.116181 -1.47651e-15 -1.7863e-18 -28443 -831216 -1.90339e-08 -1.60306e-08
1.56501e+06 0.0192268 -0.116425 -1.46945e-15 -1.9359e-18 -28382.4 -831131 -1.88593e-08 -1.73732e-08
1.565e+06 0.019269 -0.116666 -1.45913e-15 -1.99479e-18 -28331.7 -831050 -1.90048e-08 -1.79017e-08
1.56498e+06 0.0193111 -0.116907 -1.4556e-15 -2.01691e-18 -28285.3 -830969 -1.88957e-08 -1.81002e-08
1.56494e+06 0.0193533 -0.117148 -1.45286e-15 -2.05964e-18 -28240.4 -830890 -1.89029e-08 -1.84837e-08
1.56489e+06 0.0193954 -0.117389 -1.45395e-15 -2.09548e-18 -28199.2 -830811 -1.88884e-08 -1.88052e-08
1.56482e+06 0.0194375 -0.117631 -1.45369e-15 -2.09112e-18 -28165.8 -830734 -1.88957e-08 -1.87662e-08
1.56474e+06 0.0194796 -0.117871 -1.45432e-15 -2.05641e-18 -28139.5 -830659 -1.8852e-08 -1.84546e-08
1.56465e+06 0.0195216 -0.118112 -1.45641e-15 -2.03627e-18 -28114 -830584 -1.88666e-08 -1.8274e-08
1.56457e+06 0.0195637 -0.118353 -1.45505e-15 -2.09373e-18 -28089.4 -830510 -1.89029e-08 -1.87896e-08
1.56447e+06 0.0196058 -0.118595 -1.45407e-15 -2.14189e-18 -28067.9 -830437 -1.8852e-08 -1.92218e-08
1.56436e+06 0.0196478 -0.118836 -1.45716e-15 -2.12206e-18 -28047.1 -830365 -1.8932e-08 -1.90438e-08
1.56425e+06 0.0196898 -0.119076 -1.45731e-15 -2.13966e-18 -28030.7 -830293 -1.89175e-08 -1.92017e-08
1.56412e+06 0.0197317 -0.119317 -1.45911e-15 -2.11566e-18 -28018.2 -830223 -1.88084e-08 -1.89864e-08
1.56397e+06 0.0197735 -0.119556 -1.45938e-15 -2.13691e-18 -28012.6 -830155 -1.88229e-08 -1.91771e-08
1.5638e+06 0.0198151 -0.119795 -1.461e-15 -2.13107e-18 -28012.1 -830088 -1.8932e-08 -1.91247e-08
1.56362e+06 0.0198567 -0.120034 -1.46695e-15 -2.07501e-18 -28015.6 -830023 -1.89539e-08 -1.86216e-08
1.56343e+06 0.0198982 -0.120272 -1.46627e-15 -2.1233e-18 -28022.9 -829958 -1.89029e-08 -1.90549e-08
1.56323e+06 0.0199396 -0.120509 -1.46758e-15 -2.14362e-18 -28034 -829895 -1.89757e-08 -1.92373e-08
1.56303e+06 0.0199809 -0.120746 -1.47035e-15 -2.14364e-18 -28047.4 -829833 -1.89975e-08 -1.92375e-08
1.56282e+06 0.0200221 -0.120983 -1.47352e-15 -2.13619e-18 -28062.4 -829771 -1.90048e-08 -1.91706e-08
1.56261e+06 0.0200633 -0.12122 -1.47353e-15 -2.15024e-18 -28078.5 -829711 -1.89975e-08 -1.92967e-08
1.56239e+06 0.0201045 -0.121456 -1.47588e-15 -2.10638e-18 -28096.4 -829650 -1.90194e-08 -1.89031e-08
1.56216e+06 0.0201455 -0.121692 -1.48035e-15 -2.11766e-18 -28117.3 -829591 -1.90848e-08 -1.90044e-08
1.56191e+06 0.0201864 -0.121927 -1.4839e-15 -2.12085e-18 -28142.8 -829534 -1.91067e-08 -1.90329e-08
1.56166e+06 0.0202273 -0.122162 -1.48717e-15 -2.10652e-18 -28171.5 -829477 -1.91139e-08 -1.89044e-08
1.56141e+06 0.0202681 -0.122396 -1.48889e-15 -2.14989e-18 -28201.3 -829421 -1.91212e-08 -1.92936e-08
1.56115e+06 0.0203089 -0.122631 -1.49185e-15 -2.16404e-18 -28232.3 -829366 -1.91358e-08 -1.94205e-08
1.56089e+06 0.0203497 -0.122865 -1.49413e-15 -2.20855e-18 -28263.5 -829311 -1.91721e-08 -1.982e-08
1.56063e+06 0.0203905 -0.1231 -1.49446e-15 -2.23889e-18 -28294.9 -829256 -1.91794e-08 -2.00923e-08
1.56037e+06 0.0204312 -0.123334 -1.50159e-15 -2.21388e-18 -28326.9 -829202 -1.92013e-08 -1.98678e-08
1.5601e+06 0.0204719 -0.123568 -1.49993e-15 -2.25037e-18 -28362.5 -829149 -1.92085e-08 -2.01953e-08
1.55983e+06 0.0205126 -0.123801 -1.50274e-15 -2.26058e-18 -28398.9 -829097 -1.92376e-08 -2.02869e-08
1.55955e+06 0.0205532 -0.124035 -1.51005e-15 -2.2413e-18 -28435.4 -829045 -1.93031e-08 -2.01139e-08
1.55928e+06 0.0205938 -0.124269 -1.50861e-15 -2.29202e-18 -28472 -828993 -1.93031e-08 -2.05691e-08
1.55901e+06 0.0206345 -0.124502 -1.51135e-15 -2.29707e-18 -28508.6 -828942 -1.93249e-08 -2.06144e-08
1.55873e+06 0.020675 -0.124736 -1.51293e-15 -2.30649e-18 -28545.7 -828891 -1.93031e-08 -2.06989e-08
1.55845e+06 0.0207156 -0.124969 -1.51422e-15 -2.34747e-18 -28584.3 -828841 -1.92958e-08 -2.10667e-08
1.55818e+06 0.0207561 -0.125202 -1.51823e-15 -2.35236e-18 -28623 -828792 -1.93322e-08 -2.11106e-08
1.5579e+06 0.0207966 -0.125435 -1.52296e-15 -2.31161e-18 -28661.8 -828743 -1.94268e-08 -2.07449e-08
1.55762e+06 0.0208371 -0.125667 -1.52467e-15 -2.32152e-18 -28700.7 -828694 -1.94414e-08 -2.08338e-08
1.55734e+06 0.0208776 -0.1259 -1.52501e-15 -2.33682e-18 -28739.7 -828646 -1.94123e-08 -2.09711e-08
1.55706e+06 0.0209181 -0.126133 -1.52722e-15 -2.36274e-18 -28778.7 -828598 -1.94486e-08 -2.12037e-08
1.55679e+06 0.0209585 -0.126366 -1.52988e-15 -2.36949e-18 -28817.8 -828550 -1.94486e-08 -2.12643e-08
1.55651e+06 0.020999 -0.126598 -1.53577e-15 -2.351e-18 -28857 -828503 -1.94559e-08 -2.10984e-08
1.55623e+06 0.0210394 -0.126831 -1.54029e-15 -2.32687e-18 -28896.3 -828456 -1.95214e-08 -2.08818e-08
1.55595e+06 0.0210799 -0.127064 -1.54102e-15 -2.3664e-18 -28935.7 -828410 -1.95141e-08 -2.12365e-08
1.55567e+06 0.0211203 -0.127296 -1.54571e-15 -2.32233e-18 -28975.1 -828364 -1.95723e-08 -2.08411e-08
1.5554e+06 0.0211607 -0.127529 -1.54989e-15 -2.31468e-18 -29014.6 -828318 -1.96815e-08 -2.07724e-08
1.55512e+06 0.0212011 -0.127761 -1.55087e-15 -2.30985e-18 -29054.1 -828273 -1.96524e-08 -2.07291e-08
1.55484e+06 0.0212415 -0.127993 -1.55393e-15 -2.3108e-18 -29093.8 -828228 -1.97178e-08 -2.07376e-08
1.55456e+06 0.0212819 -0.128226 -1.55684e-15 -2.33267e-18 -29133.5 -828183 -1.96378e-08 -2.09339e-08
1.55429e+06 0.0213223 -0.128458 -1.55857e-15 -2.37669e-18 -29173.2 -828139 -1.96742e-08 -2.13289e-08
1.55401e+06 0.0213626 -0.12869 -1.5615e-15 -2.35839e-18 -29213.1 -828095 -1.97251e-08 -2.11647e-08
1.55373e+06 0.021403 -0.128922 -1.5646e-15 -2.35438e-18 -29253 -828052 -1.97033e-08 -2.11287e-08
1.55346e+06 0.0214433 -0.129154 -1.57121e-15 -2.33148e-18 -29292.9 -828009 -1.97979e-08 -2.09232e-08
1.55318e+06 0.0214837 -0.129386 -1.57266e-15 -2.35334e-18 -29333 -827966 -1.97833e-08 -2.11194e-08
1.5529e+06 0.021524 -0.129618 -1.57644e-15 -2.34139e-18 -29373.1 -827924 -1.98779e-08 -2.10121e-08
1.55263e+06 0.0215643 -0.12985 -1.58132e-15 -2.3038e-18 -29413.2 -827882 -1.98634e-08 -2.06747e-08
1.55235e+06 0.0216046 -0.130082 -1.58365e-15 -2.28664e-18 -29453.5 -827841 -1.98997e-08 -2.05208e-08
1.55207e+06 0.0216449 -0.130314 -1.58189e-15 -2.36829e-18 -29493.8 -827800 -1.98415e-08 -2.12535e-08
1.54651e+06 0.0217212 -0.130752 -9.68448e-16 -5.43707e-18 -29527.4 -827715 -1.20053e-08 -4.87934e-08
1.54625e+06 0.021762 -0.130987 -1.1414e-15 -3.40449e-18 -29567.8 -827675 -1.42172e-08 -3.05526e-08
1.54608e+06 0.0218016 -0.131215 -1.14002e-15 -3.46516e-18 -29608.5 -827636 -1.41954e-08 -3.10971e-08
1.54067e+06 0.0218605 -0.131593 -7.43605e-16 -5.95854e-18 -32919.2 -828137 -8.98581e-09 -5.34732e-08
1.5406e+06 0.0219001 -0.13182 -1.09015e-15 -2.72024e-18 -32897.3 -828088 -1.3395e-08 -2.4412e-08
1.54052e+06 0.0219398 -0.132048 -1.1797e-15 -2.71975e-18 -32875.4 -828040 -1.44719e-08 -2.44076e-08
1.52714e+06 0.0219327 -0.131994 -1.08693e-15 -2.38393e-18 -36150.3 -825090 -6.59929e-09 -2.13939e-08
1.52891e+06 0.0219356 -0.13202 -1.30865e-15 1.06164e-18 -35992.4 -826693 -2.60115e-08 9.52735e-09
1.53042e+06 0.0219374 -0.132056 -1.4438e-15 3.25226e-19 -35910.2 -828306 -2.62371e-08 2.91864e-09
1.5306e+06 0.0219733 -0.132276 -1.70343e-15 -1.53486e-19 -35832.9 -828510 -2.12531e-08 -1.37742e-09
1.53065e+06 0.022015 -0.132515 -1.76664e-15 4.37671e-19 -35765 -828452 -2.20898e-08 3.92775e-09
1.53068e+06 0.0220569 -0.132755 -1.78584e-15 4.44578e-19 -35698.2 -828395 -2.23154e-08 3.98974e-09
1.53069e+06 0.0220985 -0.132993 -1.81725e-15 3.8716e-19 -35638.7 -828339 -2.27301e-08 3.47445e-09
1.53067e+06 0.0221398 -0.133229 -1.83349e-15 3.99142e-19 -35589.5 -828286 -2.28683e-08 3.58199e-09
1.53062e+06 0.022181 -0.133466 -1.89884e-15 7.10651e-20 -35554.4 -828235 -2.37487e-08 6.37753e-10
1.53055e+06 0.0222223 -0.133703 -1.92289e-15 8.83417e-20 -35530 -828187 -2.40252e-08 7.92797e-10
1.53049e+06 0.0222636 -0.133939 -1.94089e-15 1.05724e-20 -35507.1 -828139 -2.42508e-08 9.48793e-11
1.53042e+06 0.0223049 -0.134176 -1.95827e-15 6.52672e-21 -35484.2 -828092 -2.44545e-08 5.85721e-11
1.53035e+06 0.0223461 -0.134413 -1.97649e-15 3.48105e-20 -35461.5 -828045 -2.46728e-08 3.12397e-10
1.53028e+06 0.0223874 -0.134649 -1.99186e-15 2.24451e-20 -35438.9 -827999 -2.48619e-08 2.01427e-10
1.53021e+06 0.0224286 -0.134886 -2.00504e-15 1.23148e-20 -35416.6 -827953 -2.50875e-08 1.10516e-10
1.53014e+06 0.0224698 -0.135122 -2.01661e-15 6.54276e-20 -35394.9 -827907 -2.52694e-08 5.87162e-10
1.53006e+06 0.022511 -0.135359 -2.02513e-15 1.97549e-20 -35373.7 -827862 -2.5284e-08 1.77285e-10
1.52997e+06 0.0225522 -0.135595 -2.03614e-15 3.42322e-20 -35354 -827818 -2.54659e-08 3.07207e-10
1.52987e+06 0.0225933 -0.135831 -2.04541e-15 6.47917e-20 -35337.3 -827774 -2.55459e-08 5.81454e-10
1.52974e+06 0.0226342 -0.136066 -2.05179e-15 2.43929e-20 -35326.1 -827732 -2.56405e-08 2.18907e-10
1.5296e+06 0.022675 -0.1363 -2.06195e-15 9.5166e-20 -35322.4 -827692 -2.57787e-08 8.5404e-10
1.52944e+06 0.0227157 -0.136533 -2.06906e-15 9.36705e-20 -35324.2 -827653 -2.58515e-08 8.40619e-10
1.52927e+06 0.0227563 -0.136767 -2.07473e-15 1.04832e-19 -35330.7 -827615 -2.59679e-08 9.40784e-10
1.5291e+06 0.0227968 -0.137 -2.07812e-15 1.43907e-20 -35340.8 -827578 -2.5997e-08 1.29145e-10
1.52892e+06 0.0228373 -0.137232 -2.0823e-15 -6.81573e-21 -35353.4 -827543 -2.60261e-08 -6.11658e-11
1.52873e+06 0.0228778 -0.137465 -2.08778e-15 -1.1769e-21 -35367.7 -827507 -2.60552e-08 -1.05617e-11
1.52854e+06 0.0229183 -0.137698 -2.09208e-15 -3.69794e-20 -35382.2 -827472 -2.61789e-08 -3.31861e-10
1.52835e+06 0.0229588 -0.13793 -2.09488e-15 -3.06184e-20 -35397.2 -827438 -2.61498e-08 -2.74776e-10
1.52815e+06 0.0229992 -0.138163 -2.09797e-15 -1.01714e-19 -35413.9 -827404 -2.61498e-08 -9.12804e-10
1.52794e+06 0.0230395 -0.138394 -2.09843e-15 -1.99645e-19 -35434.2 -827372 -2.62371e-08 -1.79165e-09
1.52772e+06 0.0230797 -0.138626 -2.10219e-15 -1.91761e-19 -35457.9 -827340 -2.62153e-08 -1.7209e-09
1.5275e+06 0.0231199 -0.138857 -2.1029e-15 -3.65823e-19 -35483.9 -827309 -2.62735e-08 -3.28298e-09
1.52728e+06 0.0231601 -0.139088 -2.10647e-15 -3.76326e-19 -35510.7 -827278 -2.63026e-08 -3.37723e-09
1.52705e+06 0.0232003 -0.139319 -2.11318e-15 -3.36676e-19 -35537.8 -827248 -2.63826e-08 -3.0214e-09
1.52683e+06 0.0232405 -0.139551 -2.11895e-15 -3.37396e-19 -35565 -827218 -2.65209e-08 -3.02787e-09
1.5266e+06 0.0232807 -0.139782 -2.12532e-15 -3.73753e-19 -35592.3 -827189 -2.65427e-08 -3.35413e-09
1.52637e+06 0.0233208 -0.140013 -2.13501e-15 -3.11959e-19 -35620.8 -827160 -2.66591e-08 -2.79959e-09
1.52613e+06 0.0233609 -0.140243 -2.14287e-15 -3.58237e-19 -35651.3 -827132 -2.66664e-08 -3.2149e-09
1.52589e+06 0.0234009 -0.140474 -2.15342e-15 -3.81153e-19 -35684.4 -827105 -2.69138e-08 -3.42055e-09
1.52564e+06 0.023441 -0.140704 -2.16859e-15 -4.27045e-19 -35718 -827078 -2.70447e-08 -3.83239e-09
1.5254e+06 0.0234811 -0.140935 -2.18948e-15 -4.32193e-19 -35751.8 -827051 -2.73285e-08 -3.87859e-09
1.52515e+06 0.0235211 -0.141166 -2.21187e-15 -5.29348e-19 -35785.5 -827025 -2.75541e-08 -4.75048e-09
1.52489e+06 0.0235612 -0.141396 -2.23972e-15 -5.93682e-19 -35820.7 -826999 -2.79178e-08 -5.32783e-09
1.52464e+06 0.0236012 -0.141626 -2.27453e-15 -6.23542e-19 -35856.7 -826974 -2.83253e-08 -5.59579e-09
1.52438e+06 0.0236413 -0.141857 -2.30451e-15 -6.41235e-19 -35894.4 -826949 -2.874e-08 -5.75457e-09
1.52412e+06 0.0236813 -0.142088 -2.33589e-15 -6.67969e-19 -35932.1 -826925 -2.90529e-08 -5.9945e-09
1.52385e+06 0.0237214 -0.142318 -2.36144e-15 -6.68346e-19 -35969.9 -826901 -2.94531e-08 -5.99788e-09
1.52359e+06 0.0237614 -0.142549 -2.38103e-15 -7.2484e-19 -36007.6 -826877 -2.96641e-08 -6.50487e-09
1.52333e+06 0.0238015 -0.142779 -2.40482e-15 -7.11247e-19 -36045.4 -826854 -2.98824e-08 -6.38288e-09
1.52307e+06 0.0238416 -0.14301 -2.4151e-15 -8.17083e-19 -36083.2 -826831 -3.00788e-08 -7.33267e-09
1.52281e+06 0.0238816 -0.143241 -2.42992e-15 -7.54026e-19 -36121.1 -826808 -3.01807e-08 -6.76678e-09
1.52254e+06 0.0239217 -0.143471 -2.4435e-15 -7.73679e-19 -36158.9 -826786 -3.0399e-08 -6.94316e-09
1.52228e+06 0.0239617 -0.143702 -2.45226e-15 -8.43854e-19 -36196.8 -826763 -3.04062e-08 -7.57292e-09
1.52202e+06 0.0240018 -0.143932 -2.46565e-15 -8.1405e-19 -36234.6 -826742 -3.05445e-08 -7.30545e-09
1.52176e+06 0.0240418 -0.144163 -2.47739e-15 -7.84672e-19 -36272.5 -826720 -3.07191e-08 -7.04182e-09
1.5215e+06 0.0240818 -0.144393 -2.48237e-15 -8.72981e-19 -36310.4 -826699 -3.07773e-08 -7.83432e-09
1.52124e+06 0.0241219 -0.144624 -2.49312e-15 -8.43008e-19 -36348.3 -826678 -3.09083e-08 -7.56533e-09
1.52098e+06 0.0241619 -0.144854 -2.49899e-15 -8.68382e-19 -36386.3 -826658 -3.09956e-08 -7.79304e-09
1.52071e+06 0.0242019 -0.145085 -2.50671e-15 -8.87308e-19 -36424.3 -826638 -3.10611e-08 -7.96289e-09
1.52045e+06 0.0242419 -0.145315 -2.51172e-15 -9.89676e-19 -36462.3 -826618 -3.1112e-08 -8.88156e-09
1.52019e+06 0.0242819 -0.145545 -2.51727e-15 -9.94381e-19 -36500.3 -826598 -3.11557e-08 -8.92379e-09
1.51993e+06 0.0243218 -0.145775 -2.52441e-15 -1.01183e-18 -36538.3 -826579 -3.1243e-08 -9.0804e-09
1.51967e+06 0.0243618 -0.146006 -2.53198e-15 -1.00355e-18 -36576.3 -826560 -3.1323e-08 -9.00602e-09
1.51941e+06 0.0244018 -0.146236 -2.53783e-15 -1.05893e-18 -36614.3 -826542 -3.14321e-08 -9.50309e-09
1.51916e+06 0.0244418 -0.146466 -2.54445e-15 -1.0877e-18 -36652.3 -826523 -3.14976e-08 -9.76121e-09
1.5189e+06 0.0244817 -0.146696 -2.54772e-15 -1.10332e-18 -36690.4 -826505 -3.15049e-08 -9.90139e-09
1.51864e+06 0.0245217 -0.146926 -2.55728e-15 -1.10797e-18 -36728.4 -826488 -3.15413e-08 -9.94314e-09
1.51838e+06 0.0245616 -0.147156 -2.56104e-15 -1.19332e-18 -36766.5 -826470 -3.16359e-08 -1.07091e-08
1.51812e+06 0.0246015 -0.147386 -2.56399e-15 -1.22793e-18 -36804.5 -826453 -3.17013e-08 -1.10197e-08
1.51786e+06 0.0246414 -0.147616 -2.57195e-15 -1.22955e-18 -36842.6 -826436 -3.17305e-08 -1.10342e-08
1.5176e+06 0.0246814 -0.147846 -2.57751e-15 -1.24658e-18 -36880.7 -826420 -3.18832e-08 -1.1187e-08
1.51735e+06 0.0247213 -0.148075 -2.58318e-15 -1.2517e-18 -36918.7 -826404 -3.18687e-08 -1.1233e-08
1.51709e+06 0.0247612 -0.148305 -2.5904e-15 -1.26184e-18 -36956.8 -826388 -3.19487e-08 -1.1324e-08
1.51683e+06 0.0248011 -0.148535 -2.59559e-15 -1.32148e-18 -36994.9 -826373 -3.19706e-08 -1.18592e-08
1.51657e+06 0.024841 -0.148765 -2.60758e-15 -1.16767e-18 -37033 -826357 -3.21306e-08 -1.04789e-08
1.51632e+06 0.0248809 -0.148994 -2.6121e-15 -1.25482e-18 -37071.1 -826342 -3.21743e-08 -1.1261e-08
1.51606e+06 0.0249207 -0.149224 -2.61679e-15 -1.30399e-18 -37109.2 -826328 -3.22834e-08 -1.17023e-08
1.5158e+06 0.0249606 -0.149454 -2.62235e-15 -1.34052e-18 -37147.3 -826314 -3.23635e-08 -1.20301e-08
1.51555e+06 0.0250005 -0.149683 -2.62768e-15 -1.3206e-18 -37185.4 -826300 -3.2378e-08 -1.18513e-08
1.51529e+06 0.0250403 -0.149913 -2.63121e-15 -1.349e-18 -37223.5 -826286 -3.23926e-08 -1.21062e-08
1.51504e+06 0.0250802 -0.150142 -2.6385e-15 -1.41595e-18 -37261.6 -826272 -3.24944e-08 -1.2707e-08
1.51478e+06 0.02512 -0.150372 -2.64547e-15 -1.4187e-18 -37299.7 -826259 -3.24799e-08 -1.27317e-08
1.51453e+06 0.0251599 -0.150601 -2.64676e-15 -1.51572e-18 -37337.8 -826247 -3.25454e-08 -1.36024e-08
1.51427e+06 0.0251997 -0.150831 -2.65483e-15 -1.45962e-18 -37375.9 -826234 -3.2669e-08 -1.3099e-08
1.51402e+06 0.0252395 -0.15106 -2.6595e-15 -1.53505e-18 -37414 -826222 -3.27491e-08 -1.37759e-08
1.51376e+06 0.0252793 -0.15129 -2.66946e-15 -1.44446e-18 -37452.1 -826210 -3.28218e-08 -1.29629e-08
1.51351e+06 0.0253191 -0.151519 -2.67347e-15 -1.52709e-18 -37490.2 -826198 -3.28291e-08 -1.37045e-08
1.51325e+06 0.0253589 -0.151748 -2.68076e-15 -1.54605e-18 -37528.3 -826187 -3.2931e-08 -1.38745e-08
1.513e+06 0.0253987 -0.151977 -2.68699e-15 -1.58366e-18 -37566.4 -826176 -3.30256e-08 -1.42121e-08
1.51275e+06 0.0254385 -0.152207 -2.68665e-15 -1.68806e-18 -37604.5 -826165 -3.29892e-08 -1.5149e-08
1.51249e+06 0.0254783 -0.152436 -2.69772e-15 -1.67428e-18 -37642.8 -826155 -3.30401e-08 -1.50253e-08
1.51224e+06 0.0255181 -0.152665 -2.70341e-15 -1.77768e-18 -37681 -826145 -3.3142e-08 -1.59532e-08
1.51198e+06 0.0255579 -0.152894 -2.71095e-15 -1.77164e-18 -37719.4 -826135 -3.32147e-08 -1.58991e-08
1.51173e+06 0.0255976 -0.153123 -2.72027e-15 -1.75082e-18 -37757.7 -826125 -3.3353e-08 -1.57122e-08
1.51148e+06 0.0256374 -0.153352 -2.72543e-15 -1.8028e-18 -37796.1 -826116 -3.33821e-08 -1.61787e-08
1.51122e+06 0.0256771 -0.153581 -2.73495e-15 -1.82841e-18 -37834.4 -826107 -3.35422e-08 -1.64085e-08
1.51097e+06 0.0257169 -0.15381 -2.74315e-15 -1.77899e-18 -37872.8 -826098 -3.3564e-08 -1.5965e-08
1.51072e+06 0.0257566 -0.154039 -2.75169e-15 -1.8518e-18 -37911.1 -826090 -3.36586e-08 -1.66184e-08
1.51046e+06 0.0257964 -0.154268 -2.75965e-15 -1.87293e-18 -37949.4 -826082 -3.37823e-08 -1.68081e-08
1.51021e+06 0.0258361 -0.154497 -2.76834e-15 -1.84242e-18 -37987.8 -826074 -3.38332e-08 -1.65343e-08
1.50996e+06 0.0258758 -0.154726 -2.77782e-15 -1.83229e-18 -38026.2 -826067 -3.38914e-08 -1.64434e-08
1.50971e+06 0.0259156 -0.154955 -2.78518e-15 -1.88878e-18 -38064.6 -826059 -3.40369e-08 -1.69503e-08
1.50945e+06 0.0259553 -0.155184 -2.79139e-15 -1.96659e-18 -38103 -826053 -3.4117e-08 -1.76486e-08
1.5092e+06 0.025995 -0.155413 -2.80184e-15 -2.0319e-18 -38141.4 -826046 -3.42552e-08 -1.82347e-08
1.50895e+06 0.0260347 -0.155641 -2.81197e-15 -1.98996e-18 -38179.7 -826040 -3.42989e-08 -1.78583e-08
1.5087e+06 0.0260744 -0.15587 -2.8249e-15 -1.99556e-18 -38218.1 -826033 -3.45171e-08 -1.79086e-08
1.50844e+06 0.0261142 -0.156099 -2.83793e-15 -1.94319e-18 -38256.6 -826028 -3.45608e-08 -1.74386e-08
1.50819e+06 0.0261539 -0.156328 -2.84534e-15 -2.0005e-18 -38295 -826022 -3.47136e-08 -1.79529e-08
1.50794e+06 0.0261936 -0.156557 -2.85444e-15 -2.00107e-18 -38333.5 -826017 -3.47791e-08 -1.7958e-08
1.50769e+06 0.0262333 -0.156786 -2.86047e-15 -2.04438e-18 -38371.9 -826012 -3.48446e-08 -1.83467e-08
1.50743e+06 0.026273 -0.157014 -2.87033e-15 -2.051e-18 -38410.3 -826007 -3.49828e-08 -1.84061e-08
