11312.1 -1191.92 -1386.96 -1191.83 -1191.92 -1386.96 -1191.83 -1191.92 -1386.96 -1191.83
22624.1 -2383.92 -2773.9 -2383.56 -2383.92 -2773.9 -2383.56 -2383.92 -2773.9 -2383.56
33936 -3575.98 -4160.83 -3575.19 -3575.98 -4160.83 -3575.19 -3575.98 -4160.83 -3575.19
45247.6 -4768.11 -5547.73 -4766.71 -4768.11 -5547.73 -4766.71 -4768.11 -5547.73 -4766.71
56559 -5960.3 -6934.6 -5958.11 -5960.3 -6934.6 -5958.11 -5960.3 -6934.6 -5958.11
67870.1 -7152.52 -8321.42 -7149.42 -7152.52 -8321.42 -7149.42 -7152.52 -8321.42 -7149.42
79180.7 -8344.77 -9708.21 -8340.6 -8344.77 -9708.21 -8340.6 -8344.77 -9708.21 -8340.6
90491 -9537.14 -11095 -9531.55 -9537.14 -11095 -9531.55 -9537.14 -11095 -9531.55
101801 -10729.5 -12481.6 -10722.4 -10729.5 -12481.6 -10722.4 -10729.5 -12481.6 -10722.4
113110 -11921.9 -13868.3 -11913.1 -11921.9 -13868.3 -11913.1 -11921.9 -13868.3 -11913.1
124419 -13114.4 -15254.8 -13103.7 -13114.4 -15254.8 -13103.7 -13114.4 -15254.8 -13103.7
135727 -14306.9 -16641.3 -14294.1 -14306.9 -16641.3 -14294.1 -14306.9 -16641.3 -14294.1
147035 -15499.4 -18027.7 -15484.4 -15499.4 -18027.7 -15484.4 -15499.4 -18027.7 -15484.4
158341 -16692 -19414 -16674.4 -16692 -19414 -16674.4 -16692 -19414 -16674.4
169647 -17884.6 -20800.3 -17864.3 -17884.6 -20800.3 -17864.3 -17884.6 -20800.3 -17864.3
180953 -19077.1 -22186.4 -19054.1 -19077.1 -22186.4 -19054.1 -19077.1 -22186.4 -19054.1
192182 -20260.5 -23565.6 -20234.4 -20260.5 -23565.6 -20234.4 -20260.5 -23565.6 -20234.4
203258 -21427.3 -24927.4 -21398.1 -21427.3 -24927.4 -21398.1 -21427.3 -24927.4 -21398.1
214326 -22593.3 -26288.1 -22560.6 -22593.3 -26288.1 -22560.6 -22593.3 -26288.1 -22560.6
225329 -23751.6 -27642.8 -23715.4 -23751.6 -27642.8 -23715.4 -23751.6 -27642.8 -23715.4
236146 -24889.4 -28976.5 -24849.5 -24889.4 -28976.5 -24849.5 -24889.4 -28976.5 -24849.5
246893 -26019.7 -30301.8 -25976 -26019.7 -30301.8 -25976 -26019.7 -30301.8 -25976
257589 -27148.7 -31613.3 -27100.9 -27148.7 -31613.3 -27100.9 -27148.7 -31613.3 -27100.9
268228 -28271 -32919.2 -28219.1 -28271 -32919.2 -28219.1 -28271 -32919.2 -28219.1
278710 -29375.9 -34207.9 -29319.6 -29375.9 -34207.9 -29319.6 -29375.9 -34207.9 -29319.6
289115 -30472.7 -35486.9 -30412 -30472.7 -35486.9 -30412 -30472.7 -35486.9 -30412
299330 -31550.1 -36742 -31484.7 -31550.1 -36742 -31484.7 -31550.1 -36742 -31484.7
309313 -32602.4 -37969.7 -32532.3 -32602.4 -37969.7 -32532.3 -32602.4 -37969.7 -32532.3
319202 -33644.4 -39186.7 -33569.5 -33644.4 -39186.7 -33569.5 -33644.4 -39186.7 -33569.5
328963 -34666.8 -40372.3 -34615.3 -34666.8 -40372.3 -34615.3 -34666.8 -40372.3 -34615.3
338644 -35667.3 -41548.2 -35666 -35667.3 -41548.2 -35666 -35667.3 -41548.2 -35666
348216 -36666.5 -42720 -36685.7 -36666.5 -42720 -36685.7 -36666.5 -42720 -36685.7
357595 -37654.7 -43872.3 -37671.4 -37654.7 -43872.3 -37671.4 -37654.7 -43872.3 -37671.4
366735 -38563.6 -45027.1 -38654.5 -38563.6 -45027.1 -38654.5 -38563.6 -45027.1 -38654.5
375643 -39438.3 -46078.6 -39697.8 -39438.3 -46078.6 -39697.8 -39438.3 -46078.6 -39697.8
384463 -40297.5 -47100.2 -40756.9 -40297.5 -47100.2 -40756.9 -40297.5 -47100.2 -40756.9
393169 -41197.2 -48151.6 -41707.5 -41197.2 -48151.6 -41707.5 -41197.2 -48151.6 -41707.5
401831 -42095 -49197.4 -42651.2 -42095 -49197.4 -42651.2 -42095 -49197.4 -42651.2
410467 -43003.7 -50251.1 -43567.5 -43003.7 -50251.1 -43567.5 -43003.7 -50251.1 -43567.5
419004 -43901.9 -51292.9 -44473 -43901.9 -51292.9 -44473 -43901.9 -51292.9 -44473
427364 -44719.2 -52346.6 -45389.3 -44719.2 -52346.6 -45389.3 -44719.2 -52346.6 -45389.3
435562 -45524.8 -53318.8 -46344 -45524.8 -53318.8 -46344 -45524.8 -53318.8 -46344
443721 -46325.9 -54251 -47330.5 -46325.9 -54251 -47330.5 -46325.9 -54251 -47330.5
451798 -47111.6 -55181.4 -48306.9 -47111.6 -55181.4 -48306.9 -47111.6 -55181.4 -48306.9
459742 -47909 -56123.7 -49214.8 -47909 -56123.7 -49214.8 -47909 -56123.7 -49214.8
467600 -48714.3 -57061.8 -50090.7 -48714.3 -57061.8 -50090.7 -48714.3 -57061.8 -50090.7
475421 -49513.6 -58010.9 -50949.2 -49513.6 -58010.9 -50949.2 -49513.6 -58010.9 -50949.2
483197 -50309.8 -58972 -51783.7 -50309.8 -58972 -51783.7 -50309.8 -58972 -51783.7
490923 -51067.3 -59944.5 -52629.4 -51067.3 -59944.5 -52629.4 -51067.3 -59944.5 -52629.4
498517 -51742.2 -60880.8 -53550.5 -51742.2 -60880.8 -53550.5 -51742.2 -60880.8 -53550.5
505988 -52378.4 -61762.8 -54521.6 -52378.4 -61762.8 -54521.6 -52378.4 -61762.8 -54521.6
513381 -53037.5 -62571.9 -55517.5 -53037.5 -62571.9 -55517.5 -53037.5 -62571.9 -55517.5
520684 -53719.3 -63410.7 -56432.2 -53719.3 -63410.7 -56432.2 -53719.3 -63410.7 -56432.2
527911 -54415.2 -64257.2 -57298.1 -54415.2 -64257.2 -57298.1 -54415.2 -64257.2 -57298.1
535051 -55134 -65122.6 -58093.6 -55134 -65122.6 -58093.6 -55134 -65122.6 -58093.6
542139 -55848.3 -65980.1 -58884.6 -55848.3 -65980.1 -58884.6 -55848.3 -65980.1 -58884.6
549158 -56559.7 -66836.9 -59656 -56559.7 -66836.9 -59656 -56559.7 -66836.9 -59656
556156 -57268.9 -67704.4 -60412.1 -57268.9 -67704.4 -60412.1 -57268.9 -67704.4 -60412.1
563095 -57895.8 -68608.5 -61193.9 -57895.8 -68608.5 -61193.9 -57895.8 -68608.5 -61193.9
569931 -58534.9 -69405.7 -62037.2 -58534.9 -69405.7 -62037.2 -58534.9 -69405.7 -62037.2
576724 -59174.1 -70187.1 -62880.2 -59174.1 -70187.1 -62880.2 -59174.1 -70187.1 -62880.2
583441 -59737.5 -70993.7 -63750.4 -59737.5 -70993.7 -63750.4 -59737.5 -70993.7 -63750.4
590069 -60327.8 -71818.2 -64544.4 -60327.8 -71818.2 -64544.4 -60327.8 -71818.2 -64544.4
596602 -60952.2 -72597.1 -65318.4 -60952.2 -72597.1 -65318.4 -60952.2 -72597.1 -65318.4
603092 -61551.7 -73390.8 -66088.3 -61551.7 -73390.8 -66088.3 -61551.7 -73390.8 -66088.3
609538 -62144.7 -74166.1 -66868.5 -62144.7 -74166.1 -66868.5 -62144.7 -74166.1 -66868.5
615941 -62746.4 -74949.6 -67617.9 -62746.4 -74949.6 -67617.9 -62746.4 -74949.6 -67617.9
622314 -63366.8 -75751.3 -68320 -63366.8 -75751.3 -68320 -63366.8 -75751.3 -68320
628681 -63986.8 -76552.6 -69021.1 -63986.8 -76552.6 -69021.1 -63986.8 -76552.6 -69021.1
634993 -64561.8 -77367.1 -69736.3 -64561.8 -77367.1 -69736.3 -64561.8 -77367.1 -69736.3
641249 -65112.8 -78200.5 -70436.2 -65112.8 -78200.5 -70436.2 -65112.8 -78200.5 -70436.2
647413 -65678.8 -78963.5 -71163.1 -65678.8 -78963.5 -71163.1 -65678.8 -78963.5 -71163.1
653529 -66241.3 -79694 -71907.8 -66241.3 -79694 -71907.8 -66241.3 -79694 -71907.8
659587 -66812.6 -80416.5 -72633.4 -66812.6 -80416.5 -72633.4 -66812.6 -80416.5 -72633.4
665601 -67399 -81126.8 -73341.3 -67399 -81126.8 -73341.3 -67399 -81126.8 -73341.3
671570 -68006.6 -81859 -73991.9 -68006.6 -81859 -73991.9 -68006.6 -81859 -73991.9
677478 -68578.4 -82612.4 -74636.2 -68578.4 -82612.4 -74636.2 -68578.4 -82612.4 -74636.2
683322 -69131 -83380.6 -75263 -69131 -83380.6 -75263 -69131 -83380.6 -75263
689155 -69686.3 -84146.1 -75885.9 -69686.3 -84146.1 -75885.9 -69686.3 -84146.1 -75885.9
694937 -70262.4 -84852.2 -76531.2 -70262.4 -84852.2 -76531.2 -70262.4 -84852.2 -76531.2
700681 -70833.2 -85553.2 -77174.8 -70833.2 -85553.2 -77174.8 -70833.2 -85553.2 -77174.8
706418 -71396.8 -86264.5 -77811.5 -71396.8 -86264.5 -77811.5 -71396.8 -86264.5 -77811.5
712131 -71939.3 -86980.6 -78457.4 -71939.3 -86980.6 -78457.4 -71939.3 -86980.6 -78457.4
717822 -72482.6 -87682.8 -79108.5 -72482.6 -87682.8 -79108.5 -72482.6 -87682.8 -79108.5
723479 -73040.4 -88401.6 -79718.5 -73040.4 -88401.6 -79718.5 -73040.4 -88401.6 -79718.5
729096 -73577.1 -89135.8 -80319.8 -73577.1 -89135.8 -80319.8 -73577.1 -89135.8 -80319.8
734649 -74070.6 -89868.6 -80943.8 -74070.6 -89868.6 -80943.8 -74070.6 -89868.6 -80943.8
740189 -74553.8 -90590.8 -81585.1 -74553.8 -90590.8 -81585.1 -74553.8 -90590.8 -81585.1
745692 -75055.8 -91263.6 -82245.6 -75055.8 -91263.6 -82245.6 -75055.8 -91263.6 -82245.6
751177 -75559.3 -91925.8 -82907.4 -75559.3 -91925.8 -82907.4 -75559.3 -91925.8 -82907.4
756648 -76063.2 -92592.9 -83560.3 -76063.2 -92592.9 -83560.3 -76063.2 -92592.9 -83560.3
762083 -76569.7 -93246 -84212.5 -76569.7 -93246 -84212.5 -76569.7 -93246 -84212.5
767508 -77081.3 -93894.7 -84859.9 -77081.3 -93894.7 -84859.9 -77081.3 -93894.7 -84859.9
772920 -77594.2 -94546.2 -85499.6 -77594.2 -94546.2 -85499.6 -77594.2 -94546.2 -85499.6
778289 -78127.9 -95220 -86081.7 -78127.9 -95220 -86081.7 -78127.9 -95220 -86081.7
783647 -78662.9 -95896.4 -86656.6 -78662.9 -95896.4 -86656.6 -78662.9 -95896.4 -86656.6
788972 -79205.1 -96559.3 -87226.5 -79205.1 -96559.3 -87226.5 -79205.1 -96559.3 -87226.5
794275 -79751.1 -97219.4 -87787.9 -79751.1 -97219.4 -87787.9 -79751.1 -97219.4 -87787.9
799573 -80297 -97878.3 -88348.9 -80297 -97878.3 -88348.9 -80297 -97878.3 -88348.9
804831 -80806.6 -98558.8 -88913.1 -80806.6 -98558.8 -88913.1 -80806.6 -98558.8 -88913.1
810083 -81312.7 -99241.9 -89473 -81312.7 -99241.9 -89473 -81312.7 -99241.9 -89473
815323 -81818.6 -99923.8 -90031.9 -81818.6 -99923.8 -90031.9 -81818.6 -99923.8 -90031.9
820556 -82319.7 -100614 -90585.7 -82319.7 -100614 -90585.7 -82319.7 -100614 -90585.7
825756 -82832.5 -101269 -91151.6 -82832.5 -101269 -91151.6 -82832.5 -101269 -91151.6
830934 -83347.1 -101912 -91719 -83347.1 -101912 -91719 -83347.1 -101912 -91719
836077 -83855.2 -102552 -92285.8 -83855.2 -102552 -92285.8 -83855.2 -102552 -92285.8
841208 -84352.9 -103202 -92848 -84352.9 -103202 -92848 -84352.9 -103202 -92848
846310 -84850.8 -103850 -93403.4 -84850.8 -103850 -93403.4 -84850.8 -103850 -93403.4
851406 -85348.1 -104496 -93957.4 -85348.1 -104496 -93957.4 -85348.1 -104496 -93957.4
856486 -85833.5 -105158 -94504 -85833.5 -105158 -94504 -85833.5 -105158 -94504
861521 -86268.8 -105835 -95069.9 -86268.8 -105835 -95069.9 -86268.8 -105835 -95069.9
866541 -86702.2 -106521 -95624.3 -86702.2 -106521 -95624.3 -86702.2 -106521 -95624.3
871533 -87148.7 -107219 -96143.4 -87148.7 -107219 -96143.4 -87148.7 -107219 -96143.4
876516 -87589.1 -107919 -96664.5 -87589.1 -107919 -96664.5 -87589.1 -107919 -96664.5
881466 -88046.4 -108575 -97201.7 -88046.4 -108575 -97201.7 -88046.4 -108575 -97201.7
886404 -88509.4 -109214 -97744.8 -88509.4 -109214 -97744.8 -88509.4 -109214 -97744.8
891327 -88966.5 -109846 -98296.9 -88966.5 -109846 -98296.9 -88966.5 -109846 -98296.9
896247 -89423 -110477 -98849.3 -89423 -110477 -98849.3 -89423 -110477 -98849.3
901163 -89879.1 -111107 -99401.1 -89879.1 -111107 -99401.1 -89879.1 -111107 -99401.1
906059 -90337.7 -111733 -99950.3 -90337.7 -111733 -99950.3 -90337.7 -111733 -99950.3
910948 -90796.2 -112351 -100502 -90796.2 -112351 -100502 -90796.2 -112351 -100502
915832 -91256.3 -112968 -101052 -91256.3 -112968 -101052 -91256.3 -112968 -101052
920695 -91713.1 -113583 -101603 -91713.1 -113583 -101603 -91713.1 -113583 -101603
925524 -92175.5 -114204 -102130 -92175.5 -114204 -102130 -92175.5 -114204 -102130
930326 -92640.2 -114840 -102628 -92640.2 -114840 -102628 -92640.2 -114840 -102628
935119 -93092.9 -115482 -103132 -93092.9 -115482 -103132 -93092.9 -115482 -103132
939899 -93549.9 -116111 -103639 -93549.9 -116111 -103639 -93549.9 -116111 -103639
944676 -94006.8 -116739 -104146 -94006.8 -116739 -104146 -94006.8 -116739 -104146
949440 -94468 -117366 -104646 -94468 -117366 -104646 -94468 -117366 -104646
954195 -94940.7 -117990 -105134 -94940.7 -117990 -105134 -94940.7 -117990 -105134
958939 -95422.7 -118609 -105615 -95422.7 -118609 -105615 -95422.7 -118609 -105615
963677 -95904.2 -119226 -106095 -95904.2 -119226 -106095 -95904.2 -119226 -106095
968408 -96387.5 -119841 -106574 -96387.5 -119841 -106574 -96387.5 -119841 -106574
973130 -96878 -120449 -107049 -96878 -120449 -107049 -96878 -120449 -107049
977845 -97367.2 -121057 -107525 -97367.2 -121057 -107525 -97367.2 -121057 -107525
982550 -97859.3 -121660 -107998 -97859.3 -121660 -107998 -97859.3 -121660 -107998
987232 -98346 -122275 -108458 -98346 -122275 -108458 -98346 -122275 -108458
991906 -98832.1 -122887 -108916 -98832.1 -122887 -108916 -98832.1 -122887 -108916
996561 -99299.4 -123507 -109381 -99299.4 -123507 -109381 -99299.4 -123507 -109381
1.00121e+06 -99756.8 -124129 -109850 -99756.8 -124129 -109850 -99756.8 -124129 -109850
1.00584e+06 -100214 -124748 -110318 -100214 -124748 -110318 -100214 -124748 -110318
1.01045e+06 -100665 -125373 -110781 -100665 -125373 -110781 -100665 -125373 -110781
1.01505e+06 -101117 -125999 -111234 -101117 -125999 -111234 -101117 -125999 -111234
1.01964e+06 -101573 -126623 -111684 -101573 -126623 -111684 -101573 -126623 -111684
1.02423e+06 -102030 -127246 -112134 -102030 -127246 -112134 -102030 -127246 -112134
1.02881e+06 -102486 -127868 -112582 -102486 -127868 -112582 -102486 -127868 -112582
1.03337e+06 -102943 -128480 -113036 -102943 -128480 -113036 -102943 -128480 -113036
1.03793e+06 -103399 -129085 -113491 -103399 -129085 -113491 -103399 -129085 -113491
1.04247e+06 -103854 -129691 -113945 -103854 -129691 -113945 -103854 -129691 -113945
1.04701e+06 -104310 -130295 -114398 -104310 -130295 -114398 -104310 -130295 -114398
1.05154e+06 -104764 -130899 -114851 -104764 -130899 -114851 -104764 -130899 -114851
1.05607e+06 -105218 -131503 -115303 -105218 -131503 -115303 -105218 -131503 -115303
1.0606e+06 -105671 -132106 -115755 -105671 -132106 -115755 -105671 -132106 -115755
1.06509e+06 -106092 -132716 -116223 -106092 -132716 -116223 -106092 -132716 -116223
1.06959e+06 -106508 -133327 -116694 -106508 -133327 -116694 -106508 -133327 -116694
1.07407e+06 -106924 -133936 -117164 -106924 -133936 -117164 -106924 -133936 -117164
1.07856e+06 -107340 -134546 -117634 -107340 -134546 -117634 -107340 -134546 -117634
1.08304e+06 -107756 -135154 -118102 -107756 -135154 -118102 -107756 -135154 -118102
1.08751e+06 -108173 -135761 -118569 -108173 -135761 -118569 -108173 -135761 -118569
1.09198e+06 -108592 -136366 -119034 -108592 -136366 -119034 -108592 -136366 -119034
1.09642e+06 -109011 -136966 -119498 -109011 -136966 -119498 -109011 -136966 -119498
1.10083e+06 -109423 -137539 -119982 -109423 -137539 -119982 -109423 -137539 -119982
1.10522e+06 -109837 -138101 -120469 -109837 -138101 -120469 -109837 -138101 -120469
1.1096e+06 -110253 -138663 -120951 -110253 -138663 -120951 -110253 -138663 -120951
1.11397e+06 -110675 -139232 -121415 -110675 -139232 -121415 -110675 -139232 -121415
1.11832e+06 -111105 -139796 -121874 -111105 -139796 -121874 -111105 -139796 -121874
1.12267e+06 -111537 -140359 -122329 -111537 -140359 -122329 -111537 -140359 -122329
1.12702e+06 -111966 -140925 -122782 -111966 -140925 -122782 -111966 -140925 -122782
1.13136e+06 -112395 -141490 -123233 -112395 -141490 -123233 -112395 -141490 -123233
1.13568e+06 -112823 -142054 -123684 -112823 -142054 -123684 -112823 -142054 -123684
1.14001e+06 -113251 -142618 -124134 -113251 -142618 -124134 -113251 -142618 -124134
1.14433e+06 -113676 -143179 -124587 -113676 -143179 -124587 -113676 -143179 -124587
1.14864e+06 -114101 -143739 -125039 -114101 -143739 -125039 -114101 -143739 -125039
1.15294e+06 -114525 -144298 -125492 -114525 -144298 -125492 -114525 -144298 -125492
1.15724e+06 -114944 -144854 -125949 -114944 -144854 -125949 -114944 -144854 -125949
1.16153e+06 -115364 -145418 -126393 -115364 -145418 -126393 -115364 -145418 -126393
1.1658e+06 -115790 -145978 -126833 -115790 -145978 -126833 -115790 -145978 -126833
1.17007e+06 -116219 -146536 -127270 -116219 -146536 -127270 -116219 -146536 -127270
1.17434e+06 -116648 -147091 -127706 -116648 -147091 -127706 -116648 -147091 -127706
1.17859e+06 -117077 -147647 -128140 -117077 -147647 -128140 -117077 -147647 -128140
1.18283e+06 -117506 -148200 -128570 -117506 -148200 -128570 -117506 -148200 -128570
1.18705e+06 -117943 -148762 -128978 -117943 -148762 -128978 -117943 -148762 -128978
1.19126e+06 -118382 -149321 -129384 -118382 -149321 -129384 -118382 -149321 -129384
1.19547e+06 -118822 -149879 -129788 -118822 -149879 -129788 -118822 -149879 -129788
1.19967e+06 -119262 -150435 -130192 -119262 -150435 -130192 -119262 -150435 -130192
1.20386e+06 -119702 -150992 -130595 -119702 -150992 -130595 -119702 -150992 -130595
1.20805e+06 -120135 -151553 -130995 -120135 -151553 -130995 -120135 -151553 -130995
1.21223e+06 -120567 -152115 -131395 -120567 -152115 -131395 -120567 -152115 -131395
1.2164e+06 -120998 -152675 -131794 -120998 -152675 -131794 -120998 -152675 -131794
1.22057e+06 -121431 -153235 -132192 -121431 -153235 -132192 -121431 -153235 -132192
1.22473e+06 -121868 -153791 -132586 -121868 -153791 -132586 -121868 -153791 -132586
1.22889e+06 -122305 -154346 -132980 -122305 -154346 -132980 -122305 -154346 -132980
1.23304e+06 -122742 -154900 -133373 -122742 -154900 -133373 -122742 -154900 -133373
1.23719e+06 -123178 -155454 -133765 -123178 -155454 -133765 -123178 -155454 -133765
1.24133e+06 -123613 -156007 -134158 -123613 -156007 -134158 -123613 -156007 -134158
1.24546e+06 -124047 -156554 -134553 -124047 -156554 -134553 -124047 -156554 -134553
1.24958e+06 -124479 -157100 -134947 -124479 -157100 -134947 -124479 -157100 -134947
1.25369e+06 -124907 -157654 -135336 -124907 -157654 -135336 -124907 -157654 -135336
1.25778e+06 -125330 -158210 -135722 -125330 -158210 -135722 -125330 -158210 -135722
1.26187e+06 -125750 -158762 -136111 -125750 -158762 -136111 -125750 -158762 -136111
1.26595e+06 -126166 -159311 -136506 -126166 -159311 -136506 -126166 -159311 -136506
1.27002e+06 -126583 -159859 -136898 -126583 -159859 -136898 -126583 -159859 -136898
1.27409e+06 -126998 -160406 -137291 -126998 -160406 -137291 -126998 -160406 -137291
1.27815e+06 -127413 -160953 -137684 -127413 -160953 -137684 -127413 -160953 -137684
1.28221e+06 -127829 -161499 -138074 -127829 -161499 -138074 -127829 -161499 -138074
1.28626e+06 -128243 -162043 -138465 -128243 -162043 -138465 -128243 -162043 -138465
1.2903e+06 -128657 -162588 -138856 -128657 -162588 -138856 -128657 -162588 -138856
1.29434e+06 -129067 -163133 -139248 -129067 -163133 -139248 -129067 -163133 -139248
1.29838e+06 -129476 -163677 -139639 -129476 -163677 -139639 -129476 -163677 -139639
1.3024e+06 -129885 -164221 -140029 -129885 -164221 -140029 -129885 -164221 -140029
1.30643e+06 -130293 -164762 -140420 -130293 -164762 -140420 -130293 -164762 -140420
1.31044e+06 -130703 -165301 -140809 -130703 -165301 -140809 -130703 -165301 -140809
1.31445e+06 -131122 -165835 -141193 -131122 -165835 -141193 -131122 -165835 -141193
1.31845e+06 -131543 -166366 -141574 -131543 -166366 -141574 -131543 -166366 -141574
1.32244e+06 -131964 -166896 -141953 -131964 -166896 -141953 -131964 -166896 -141953
1.32643e+06 -132385 -167426 -142332 -132385 -167426 -142332 -132385 -167426 -142332
1.33041e+06 -132807 -167953 -142710 -132807 -167953 -142710 -132807 -167953 -142710
1.33438e+06 -133229 -168476 -143089 -133229 -168476 -143089 -133229 -168476 -143089
1.33835e+06 -133650 -168997 -143471 -133650 -168997 -143471 -133650 -168997 -143471
1.34231e+06 -134064 -169511 -143860 -134064 -169511 -143860 -134064 -169511 -143860
1.34625e+06 -134473 -170021 -144256 -134473 -170021 -144256 -134473 -170021 -144256
1.35018e+06 -134881 -170529 -144650 -134881 -170529 -144650 -134881 -170529 -144650
1.3541e+06 -135286 -171035 -145044 -135286 -171035 -145044 -135286 -171035 -145044
1.35801e+06 -135692 -171541 -145437 -135692 -171541 -145437 -135692 -171541 -145437
1.36192e+06 -136097 -172046 -145829 -136097 -172046 -145829 -136097 -172046 -145829
1.36582e+06 -136502 -172551 -146221 -136502 -172551 -146221 -136502 -172551 -146221
1.36971e+06 -136902 -173061 -146607 -136902 -173061 -146607 -136902 -173061 -146607
1.37358e+06 -137291 -173580 -146992 -137291 -173580 -146992 -137291 -173580 -146992
1.37745e+06 -137674 -174098 -147377 -137674 -174098 -147377 -137674 -174098 -147377
1.38131e+06 -138058 -174617 -147761 -138058 -174617 -147761 -138058 -174617 -147761
1.38516e+06 -138441 -175134 -148145 -138441 -175134 -148145 -138441 -175134 -148145
1.38901e+06 -138823 -175650 -148528 -138823 -175650 -148528 -138823 -175650 -148528
1.39285e+06 -139206 -176166 -148911 -139206 -176166 -148911 -139206 -176166 -148911
1.39668e+06 -139595 -176677 -149289 -139595 -176677 -149289 -139595 -176677 -149289
1.40051e+06 -139990 -177184 -149662 -139990 -177184 -149662 -139990 -177184 -149662
1.40433e+06 -140387 -177689 -150033 -140387 -177689 -150033 -140387 -177689 -150033
1.40814e+06 -140783 -178195 -150403 -140783 -178195 -150403 -140783 -178195 -150403
1.41195e+06 -141178 -178701 -150771 -141178 -178701 -150771 -141178 -178701 -150771
1.41575e+06 -141570 -179209 -151137 -141570 -179209 -151137 -141570 -179209 -151137
1.41955e+06 -141963 -179717 -151503 -141963 -179717 -151503 -141963 -179717 -151503
1.42334e+06 -142359 -180222 -151864 -142359 -180222 -151864 -142359 -180222 -151864
1.42712e+06 -142756 -180727 -152224 -142756 -180727 -152224 -142756 -180727 -152224
1.4309e+06 -143151 -181231 -152583 -143151 -181231 -152583 -143151 -181231 -152583
1.43467e+06 -143547 -181735 -152942 -143547 -181735 -152942 -143547 -181735 -152942
1.43844e+06 -143942 -182237 -153300 -143942 -182237 -153300 -143942 -182237 -153300
1.4422e+06 -144336 -182739 -153657 -144336 -182739 -153657 -144336 -182739 -153657
1.44595e+06 -144730 -183240 -154013 -144730 -183240 -154013 -144730 -183240 -154013
1.4497e+06 -145123 -183740 -154370 -145123 -183740 -154370 -145123 -183740 -154370
1.45344e+06 -145515 -184238 -154729 -145515 -184238 -154729 -145515 -184238 -154729
1.45718e+06 -145903 -184734 -155090 -145903 -184734 -155090 -145903 -184734 -155090
1.46091e+06 -146290 -185231 -155449 -146290 -185231 -155449 -146290 -185231 -155449
1.46463e+06 -146677 -185726 -155808 -146677 -185726 -155808 -146677 -185726 -155808
1.46834e+06 -147063 -186221 -156166 -147063 -186221 -156166 -147063 -186221 -156166
1.47204e+06 -147436 -186716 -156527 -147436 -186716 -156527 -147436 -186716 -156527
1.47572e+06 -147813 -187203 -156892 -147813 -187203 -156892 -147813 -187203 -156892
1.4794e+06 -148189 -187688 -157256 -148189 -187688 -157256 -148189 -187688 -157256
1.48308e+06 -148566 -188173 -157620 -148566 -188173 -157620 -148566 -188173 -157620
1.48674e+06 -148941 -188656 -157983 -148941 -188656 -157983 -148941 -188656 -157983
1.4904e+06 -149312 -189134 -158353 -149312 -189134 -158353 -149312 -189134 -158353
1.49405e+06 -149683 -189609 -158724 -149683 -189609 -158724 -149683 -189609 -158724
1.49769e+06 -150054 -190082 -159094 -150054 -190082 -159094 -150054 -190082 -159094
1.50133e+06 -150429 -190552 -159460 -150429 -190552 -159460 -150429 -190552 -159460
1.50495e+06 -150804 -191021 -159826 -150804 -191021 -159826 -150804 -191021 -159826
1.50858e+06 -151177 -191492 -160189 -151177 -191492 -160189 -151177 -191492 -160189
1.51219e+06 -151549 -191961 -160553 -151549 -191961 -160553 -151549 -191961 -160553
1.5158e+06 -151920 -192428 -160918 -151920 -192428 -160918 -151920 -192428 -160918
1.5194e+06 -152290 -192894 -161283 -152290 -192894 -161283 -152290 -192894 -161283
1.523e+06 -152660 -193358 -161647 -152660 -193358 -161647 -152660 -193358 -161647
1.52659e+06 -153028 -193824 -162009 -153028 -193824 -162009 -153028 -193824 -162009
1.53017e+06 -153393 -194295 -162367 -153393 -194295 -162367 -153393 -194295 -162367
1.53374e+06 -153758 -194766 -162722 -153758 -194766 -162722 -153758 -194766 -162722
1.5373e+06 -154126 -195234 -163074 -154126 -195234 -163074 -154126 -195234 -163074
1.54086e+06 -154500 -195697 -163423 -154500 -195697 -163423 -154500 -195697 -163423
1.54441e+06 -154873 -196158 -163772 -154873 -196158 -163772 -154873 -196158 -163772
1.54795e+06 -155246 -196618 -164121 -155246 -196618 -164121 -155246 -196618 -164121
1.55149e+06 -155619 -197075 -164469 -155619 -197075 -164469 -155619 -197075 -164469
1.55502e+06 -155992 -197531 -164817 -155992 -197531 -164817 -155992 -197531 -164817
1.55854e+06 -156364 -197985 -165165 -156364 -197985 -165165 -156364 -197985 -165165
1.56206e+06 -156737 -198436 -165513 -156737 -198436 -165513 -156737 -198436 -165513
1.56557e+06 -157109 -198886 -165861 -157109 -198886 -165861 -157109 -198886 -165861
1.56907e+06 -157482 -199333 -166208 -157482 -199333 -166208 -157482 -199333 -166208
1.57256e+06 -157854 -199778 -166556 -157854 -199778 -166556 -157854 -199778 -166556
1.57605e+06 -158226 -200220 -166904 -158226 -200220 -166904 -158226 -200220 -166904
1.57952e+06 -158600 -200655 -167253 -158600 -200655 -167253 -158600 -200655 -167253
1.58299e+06 -158976 -201083 -167604 -158976 -201083 -167604 -158976 -201083 -167604
1.58645e+06 -159353 -201509 -167955 -159353 -201509 -167955 -159353 -201509 -167955
1.5899e+06 -159729 -201932 -168307 -159729 -201932 -168307 -159729 -201932 -168307
1.59335e+06 -160105 -202351 -168658 -160105 -202351 -168658 -160105 -202351 -168658
1.59678e+06 -160482 -202768 -169011 -160482 -202768 -169011 -160482 -202768 -169011
1.60021e+06 -160859 -203182 -169363 -160859 -203182 -169363 -160859 -203182 -169363
1.60363e+06 -161234 -203592 -169715 -161234 -203592 -169715 -161234 -203592 -169715
1.60703e+06 -161611 -204000 -170068 -161611 -204000 -170068 -161611 -204000 -170068
1.61043e+06 -161987 -204403 -170421 -161987 -204403 -170421 -161987 -204403 -170421
1.61382e+06 -162364 -204802 -170776 -162364 -204802 -170776 -162364 -204802 -170776
1.6172e+06 -162738 -205196 -171134 -162738 -205196 -171134 -162738 -205196 -171134
1.62058e+06 -163110 -205582 -171500 -163110 -205582 -171500 -163110 -205582 -171500
1.62394e+06 -163482 -205964 -171867 -163482 -205964 -171867 -163482 -205964 -171867
1.62729e+06 -163851 -206339 -172239 -163851 -206339 -172239 -163851 -206339 -172239
1.63063e+06 -164220 -206708 -172614 -164220 -206708 -172614 -164220 -206708 -172614
1.63396e+06 -164590 -207073 -172991 -164590 -207073 -172991 -164590 -207073 -172991
1.63728e+06 -164954 -207443 -173362 -164954 -207443 -173362 -164954 -207443 -173362
1.64059e+06 -165318 -207809 -173735 -165318 -207809 -173735 -165318 -207809 -173735
1.64388e+06 -165685 -208169 -174108 -165685 -208169 -174108 -165685 -208169 -174108
1.64717e+06 -166051 -208524 -174481 -166051 -208524 -174481 -166051 -208524 -174481
1.65044e+06 -166417 -208874 -174855 -166417 -208874 -174855 -166417 -208874 -174855
1.6537e+06 -166784 -209220 -175231 -166784 -209220 -175231 -166784 -209220 -175231
1.65696e+06 -167151 -209561 -175607 -167151 -209561 -175607 -167151 -209561 -175607
1.6602e+06 -167523 -209895 -175982 -167523 -209895 -175982 -167523 -209895 -175982
1.66343e+06 -167895 -210225 -176357 -167895 -210225 -176357 -167895 -210225 -176357
1.66665e+06 -168266 -210551 -176733 -168266 -210551 -176733 -168266 -210551 -176733
1.66986e+06 -168637 -210874 -177109 -168637 -210874 -177109 -168637 -210874 -177109
1.67306e+06 -169006 -211193 -177486 -169006 -211193 -177486 -169006 -211193 -177486
1.67624e+06 -169376 -211511 -177861 -169376 -211511 -177861 -169376 -211511 -177861
1.67941e+06 -169745 -211828 -178232 -169745 -211828 -178232 -169745 -211828 -178232
1.68258e+06 -170112 -212143 -178603 -170112 -212143 -178603 -170112 -212143 -178603
1.68573e+06 -170478 -212457 -178975 -170478 -212457 -178975 -170478 -212457 -178975
1.68887e+06 -170842 -212768 -179345 -170842 -212768 -179345 -170842 -212768 -179345
1.69199e+06 -171208 -213076 -179712 -171208 -213076 -179712 -171208 -213076 -179712
1.6951e+06 -171572 -213384 -180079 -171572 -213384 -180079 -171572 -213384 -180079
1.69821e+06 -171933 -213692 -180444 -171933 -213692 -180444 -171933 -213692 -180444
1.7013e+06 -172290 -214000 -180809 -172290 -214000 -180809 -172290 -214000 -180809
1.70437e+06 -172644 -214309 -181172 -172644 -214309 -181172 -172644 -214309 -181172
1.70744e+06 -172995 -214619 -181533 -172995 -214619 -181533 -172995 -214619 -181533
1.7105e+06 -173343 -214930 -181893 -173343 -214930 -181893 -173343 -214930 -181893
1.71354e+06 -173687 -215243 -182250 -173687 -215243 -182250 -173687 -215243 -182250
1.71657e+06 -174028 -215557 -182605 -174028 -215557 -182605 -174028 -215557 -182605
1.71959e+06 -174366 -215874 -182956 -174366 -215874 -182956 -174366 -215874 -182956
1.72259e+06 -174698 -216194 -183304 -174698 -216194 -183304 -174698 -216194 -183304
1.72558e+06 -175028 -216516 -183648 -175028 -216516 -183648 -175028 -216516 -183648
1.72855e+06 -175357 -216838 -183990 -175357 -216838 -183990 -175357 -216838 -183990
1.73152e+06 -175682 -217164 -184327 -175682 -217164 -184327 -175682 -217164 -184327
1.73447e+06 -176005 -217493 -184659 -176005 -217493 -184659 -176005 -217493 -184659
1.73741e+06 -176325 -217824 -184988 -176325 -217824 -184988 -176325 -217824 -184988
1.74034e+06 -176644 -218157 -185312 -176644 -218157 -185312 -176644 -218157 -185312
1.74325e+06 -176961 -218492 -185631 -176961 -218492 -185631 -176961 -218492 -185631
1.74615e+06 -177275 -218830 -185945 -177275 -218830 -185945 -177275 -218830 -185945
1.74904e+06 -177589 -219170 -186254 -177589 -219170 -186254 -177589 -219170 -186254
1.75192e+06 -177901 -219512 -186560 -177901 -219512 -186560 -177901 -219512 -186560
1.75478e+06 -178211 -219853 -186862 -178211 -219853 -186862 -178211 -219853 -186862
1.75763e+06 -178521 -220196 -187160 -178521 -220196 -187160 -178521 -220196 -187160
1.76047e+06 -178830 -220540 -187453 -178830 -220540 -187453 -178830 -220540 -187453
1.7633e+06 -179139 -220883 -187743 -179139 -220883 -187743 -179139 -220883 -187743
1.76611e+06 -179448 -221227 -188029 -179448 -221227 -188029 -179448 -221227 -188029
1.76892e+06 -179756 -221571 -188312 -179756 -221571 -188312 -179756 -221571 -188312
1.77171e+06 -180063 -221915 -188592 -180063 -221915 -188592 -180063 -221915 -188592
1.77449e+06 -180367 -222255 -188875 -180367 -222255 -188875 -180367 -222255 -188875
1.77726e+06 -180670 -222594 -189157 -180670 -222594 -189157 -180670 -222594 -189157
1.78002e+06 -180972 -222933 -189435 -180972 -222933 -189435 -180972 -222933 -189435
1.78277e+06 -181274 -223272 -189712 -181274 -223272 -189712 -181274 -223272 -189712
1.78551e+06 -181575 -223609 -189986 -181575 -223609 -189986 -181575 -223609 -189986
1.78824e+06 -181876 -223944 -190259 -181876 -223944 -190259 -181876 -223944 -190259
1.79096e+06 -182175 -224279 -190531 -182175 -224279 -190531 -182175 -224279 -190531
1.79366e+06 -182474 -224612 -190801 -182474 -224612 -190801 -182474 -224612 -190801
1.79636e+06 -182773 -224943 -191070 -182773 -224943 -191070 -182773 -224943 -191070
1.79904e+06 -183071 -225272 -191337 -183071 -225272 -191337 -183071 -225272 -191337
1.80171e+06 -183368 -225600 -191603 -183368 -225600 -191603 -183368 -225600 -191603
1.80437e+06 -183666 -225926 -191866 -183666 -225926 -191866 -183666 -225926 -191866
1.80702e+06 -183963 -226249 -192128 -183963 -226249 -192128 -183963 -226249 -192128
1.80966e+06 -184259 -226570 -192389 -184259 -226570 -192389 -184259 -226570 -192389
1.81228e+06 -184556 -226888 -192650 -184556 -226888 -192650 -184556 -226888 -192650
1.81489e+06 -184848 -227205 -192912 -184848 -227205 -192912 -184848 -227205 -192912
1.81748e+06 -185129 -227521 -193178 -185129 -227521 -193178 -185129 -227521 -193178
1.82006e+06 -185410 -227834 -193444 -185410 -227834 -193444 -185410 -227834 -193444
1.82263e+06 -185690 -228143 -193710 -185690 -228143 -193710 -185690 -228143 -193710
1.82518e+06 -185972 -228447 -193975 -185972 -228447 -193975 -185972 -228447 -193975
1.82772e+06 -186257 -228744 -194239 -186257 -228744 -194239 -186257 -228744 -194239
1.83023e+06 -186548 -229022 -194510 -186548 -229022 -194510 -186548 -229022 -194510
1.83273e+06 -186838 -229289 -194784 -186838 -229289 -194784 -186838 -229289 -194784
1.83522e+06 -187129 -229549 -195062 -187129 -229549 -195062 -187129 -229549 -195062
1.83769e+06 -187420 -229803 -195341 -187420 -229803 -195341 -187420 -229803 -195341
1.84015e+06 -187714 -230048 -195620 -187714 -230048 -195620 -187714 -230048 -195620
1.84259e+06 -188008 -230285 -195901 -188008 -230285 -195901 -188008 -230285 -195901
1.84501e+06 -188304 -230515 -196185 -188304 -230515 -196185 -188304 -230515 -196185
1.84741e+06 -188587 -230741 -196476 -188587 -230741 -196476 -188587 -230741 -196476
1.84979e+06 -188862 -230961 -196773 -188862 -230961 -196773 -188862 -230961 -196773
1.85215e+06 -189137 -231174 -197073 -189137 -231174 -197073 -189137 -231174 -197073
1.85449e+06 -189418 -231362 -197383 -189418 -231362 -197383 -189418 -231362 -197383
1.85679e+06 -189708 -231512 -197710 -189708 -231512 -197710 -189708 -231512 -197710
1.85907e+06 -189998 -231650 -198041 -189998 -231650 -198041 -189998 -231650 -198041
1.86133e+06 -190286 -231779 -198378 -190286 -231779 -198378 -190286 -231779 -198378
1.86357e+06 -190572 -231899 -198719 -190572 -231899 -198719 -190572 -231899 -198719
1.86579e+06 -190855 -232012 -199065 -190855 -232012 -199065 -190855 -232012 -199065
1.868e+06 -191133 -232118 -199415 -191133 -232118 -199415 -191133 -232118 -199415
1.87018e+06 -191405 -232219 -199769 -191405 -232219 -199769 -191405 -232219 -199769
1.87234e+06 -191671 -232316 -200127 -191671 -232316 -200127 -191671 -232316 -200127
1.87449e+06 -191929 -232411 -200489 -191929 -232411 -200489 -191929 -232411 -200489
1.87661e+06 -192179 -232504 -200854 -192179 -232504 -200854 -192179 -232504 -200854
1.87871e+06 -192420 -232598 -201220 -192420 -232598 -201220 -192420 -232598 -201220
1.88079e+06 -192649 -232691 -201591 -192649 -232691 -201591 -192649 -232691 -201591
1.88285e+06 -192867 -232786 -201965 -192867 -232786 -201965 -192867 -232786 -201965
1.88489e+06 -193074 -232882 -202342 -193074 -232882 -202342 -193074 -232882 -202342
1.88691e+06 -193269 -232983 -202719 -193269 -232983 -202719 -193269 -232983 -202719
1.88891e+06 -193453 -233090 -203094 -193453 -233090 -203094 -193453 -233090 -203094
1.89089e+06 -193626 -233198 -203470 -193626 -233198 -203470 -193626 -233198 -203470
1.89284e+06 -193790 -233311 -203848 -193790 -233311 -203848 -193790 -233311 -203848
1.89478e+06 -193946 -233426 -204223 -193946 -233426 -204223 -193946 -233426 -204223
1.8967e+06 -194095 -233544 -204595 -194095 -233544 -204595 -194095 -233544 -204595
1.8986e+06 -194238 -233666 -204963 -194238 -233666 -204963 -194238 -233666 -204963
1.90048e+06 -194377 -233790 -205327 -194377 -233790 -205327 -194377 -233790 -205327
1.90235e+06 -194513 -233918 -205685 -194513 -233918 -205685 -194513 -233918 -205685
1.90419e+06 -194647 -234048 -206036 -194647 -234048 -206036 -194647 -234048 -206036
1.90602e+06 -194779 -234181 -206381 -194779 -234181 -206381 -194779 -234181 -206381
1.90784e+06 -194910 -234317 -206718 -194910 -234317 -206718 -194910 -234317 -206718
1.90963e+06 -195042 -234455 -207047 -195042 -234455 -207047 -195042 -234455 -207047
1.91141e+06 -195173 -234596 -207369 -195173 -234596 -207369 -195173 -234596 -207369
1.91318e+06 -195304 -234739 -207683 -195304 -234739 -207683 -195304 -234739 -207683
1.91493e+06 -195437 -234884 -207990 -195437 -234884 -207990 -195437 -234884 -207990
1.91667e+06 -195569 -235030 -208289 -195569 -235030 -208289 -195569 -235030 -208289
1.91839e+06 -195702 -235178 -208582 -195702 -235178 -208582 -195702 -235178 -208582
1.9201e+06 -195836 -235327 -208870 -195836 -235327 -208870 -195836 -235327 -208870
1.92179e+06 -195970 -235476 -209151 -195970 -235476 -209151 -195970 -235476 -209151
1.92348e+06 -196105 -235627 -209428 -196105 -235627 -209428 -196105 -235627 -209428
1.92512e+06 -196251 -235791 -209671 -196251 -235791 -209671 -196251 -235791 -209671
1.92675e+06 -196399 -235957 -209895 -196399 -235957 -209895 -196399 -235957 -209895
1.92837e+06 -196549 -236125 -210117 -196549 -236125 -210117 -196549 -236125 -210117
1.92998e+06 -196698 -236293 -210335 -196698 -236293 -210335 -196698 -236293 -210335
1.93157e+06 -196848 -236460 -210550 -196848 -236460 -210550 -196848 -236460 -210550
1.93316e+06 -196997 -236628 -210761 -196997 -236628 -210761 -196997 -236628 -210761
1.93473e+06 -197146 -236795 -210970 -197146 -236795 -210970 -197146 -236795 -210970
1.93625e+06 -197319 -236987 -211121 -197319 -236987 -211121 -197319 -236987 -211121
1.93775e+06 -197490 -237179 -211247 -197490 -237179 -211247 -197490 -237179 -211247
1.93924e+06 -197664 -237373 -211376 -197664 -237373 -211376 -197664 -237373 -211376
1.94072e+06 -197837 -237566 -211503 -197837 -237566 -211503 -197837 -237566 -211503
1.94219e+06 -198010 -237758 -211628 -198010 -237758 -211628 -198010 -237758 -211628
1.94365e+06 -198182 -237950 -211751 -198182 -237950 -211751 -198182 -237950 -211751
1.9451e+06 -198354 -238140 -211873 -198354 -238140 -211873 -198354 -238140 -211873
1.94654e+06 -198525 -238330 -211994 -198525 -238330 -211994 -198525 -238330 -211994
1.94798e+06 -198695 -238518 -212113 -198695 -238518 -212113 -198695 -238518 -212113
1.9494e+06 -198864 -238706 -212232 -198864 -238706 -212232 -198864 -238706 -212232
1.95082e+06 -199033 -238892 -212349 -199033 -238892 -212349 -199033 -238892 -212349
1.95223e+06 -199201 -239077 -212465 -199201 -239077 -212465 -199201 -239077 -212465
1.95363e+06 -199368 -239261 -212580 -199368 -239261 -212580 -199368 -239261 -212580
1.95502e+06 -199534 -239444 -212694 -199534 -239444 -212694 -199534 -239444 -212694
1.9564e+06 -199699 -239626 -212807 -199699 -239626 -212807 -199699 -239626 -212807
1.95777e+06 -199864 -239807 -212919 -199864 -239807 -212919 -199864 -239807 -212919
1.95913e+06 -200028 -239987 -213030 -200028 -239987 -213030 -200028 -239987 -213030
1.96049e+06 -200191 -240165 -213140 -200191 -240165 -213140 -200191 -240165 -213140
1.96184e+06 -200353 -240342 -213249 -200353 -240342 -213249 -200353 -240342 -213249
1.96317e+06 -200515 -240518 -213358 -200515 -240518 -213358 -200515 -240518 -213358
1.9645e+06 -200675 -240693 -213465 -200675 -240693 -213465 -200675 -240693 -213465
1.96582e+06 -200836 -240867 -213571 -200836 -240867 -213571 -200836 -240867 -213571
1.96713e+06 -200995 -241039 -213676 -200995 -241039 -213676 -200995 -241039 -213676
1.96843e+06 -201153 -241210 -213781 -201153 -241210 -213781 -201153 -241210 -213781
1.96973e+06 -201311 -241380 -213884 -201311 -241380 -213884 -201311 -241380 -213884
1.97101e+06 -201468 -241549 -213987 -201468 -241549 -213987 -201468 -241549 -213987
1.97229e+06 -201625 -241716 -214088 -201625 -241716 -214088 -201625 -241716 -214088
1.97355e+06 -201781 -241882 -214189 -201781 -241882 -214189 -201781 -241882 -214189
1.97481e+06 -201936 -242046 -214289 -201936 -242046 -214289 -201936 -242046 -214289
1.97606e+06 -202090 -242209 -214387 -202090 -242209 -214387 -202090 -242209 -214387
1.9773e+06 -202244 -242371 -214485 -202244 -242371 -214485 -202244 -242371 -214485
1.97853e+06 -202397 -242531 -214582 -202397 -242531 -214582 -202397 -242531 -214582
1.97975e+06 -202549 -242689 -214678 -202549 -242689 -214678 -202549 -242689 -214678
1.98096e+06 -202701 -242846 -214773 -202701 -242846 -214773 -202701 -242846 -214773
1.98217e+06 -202853 -243002 -214868 -202853 -243002 -214868 -202853 -243002 -214868
1.98336e+06 -203003 -243155 -214961 -203003 -243155 -214961 -203003 -243155 -214961
1.98454e+06 -203154 -243307 -215053 -203154 -243307 -215053 -203154 -243307 -215053
1.98572e+06 -203303 -243457 -215145 -203303 -243457 -215145 -203303 -243457 -215145
1.98688e+06 -203453 -243604 -215236 -203453 -243604 -215236 -203453 -243604 -215236
1.98803e+06 -203602 -243750 -215325 -203602 -243750 -215325 -203602 -243750 -215325
1.98917e+06 -203750 -243893 -215414 -203750 -243893 -215414 -203750 -243893 -215414
1.99031e+06 -203899 -244035 -215502 -203899 -244035 -215502 -203899 -244035 -215502
1.99143e+06 -204047 -244173 -215589 -204047 -244173 -215589 -204047 -244173 -215589
1.99254e+06 -204194 -244309 -215676 -204194 -244309 -215676 -204194 -244309 -215676
1.99364e+06 -204342 -244443 -215761 -204342 -244443 -215761 -204342 -244443 -215761
1.99472e+06 -204489 -244573 -215846 -204489 -244573 -215846 -204489 -244573 -215846
1.9958e+06 -204637 -244700 -215929 -204637 -244700 -215929 -204637 -244700 -215929
1.99686e+06 -204784 -244823 -216013 -204784 -244823 -216013 -204784 -244823 -216013
1.99791e+06 -204932 -244943 -216095 -204932 -244943 -216095 -204932 -244943 -216095
1.99895e+06 -205080 -245060 -216177 -205080 -245060 -216177 -205080 -245060 -216177
1.979e+06 -203020 -242795 -213853 -203020 -242795 -213853 -203020 -242795 -213853
1.98135e+06 -203299 -243094 -214059 -203299 -243094 -214059 -203299 -243094 -214059
1.98355e+06 -203567 -243363 -214256 -203567 -243363 -214256 -203567 -243363 -214256
1.98513e+06 -203771 -243507 -214431 -203771 -243507 -214431 -203771 -243507 -214431
1.9863e+06 -203922 -243653 -214526 -203922 -243653 -214526 -203922 -243653 -214526
1.98747e+06 -204070 -243798 -214620 -204070 -243798 -214620 -204070 -243798 -214620
1.98862e+06 -204218 -243942 -214713 -204218 -243942 -214713 -204218 -243942 -214713
1.98977e+06 -204365 -244085 -214806 -204365 -244085 -214806 -204365 -244085 -214806
1.99091e+06 -204510 -244228 -214897 -204510 -244228 -214897 -204510 -244228 -214897
1.99204e+06 -204655 -244369 -214988 -204655 -244369 -214988 -204655 -244369 -214988
1.99316e+06 -204799 -244509 -215077 -204799 -244509 -215077 -204799 -244509 -215077
1.99427e+06 -204942 -244649 -215166 -204942 -244649 -215166 -204942 -244649 -215166
1.99536e+06 -205082 -244787 -215252 -205082 -244787 -215252 -205082 -244787 -215252
1.97735e+06 -203215 -242771 -213141 -203215 -242771 -213141 -203215 -242771 -213141
1.9795e+06 -203480 -243021 -213337 -203480 -243021 -213337 -203480 -243021 -213337
1.98152e+06 -203737 -243235 -213537 -203737 -243235 -213537 -203737 -243235 -213537
1.98281e+06 -203912 -243350 -213677 -203912 -243350 -213677 -203912 -243350 -213677
1.9839e+06 -204051 -243485 -213763 -204051 -243485 -213763 -204051 -243485 -213763
1.98497e+06 -204188 -243620 -213848 -204188 -243620 -213848 -204188 -243620 -213848
1.98603e+06 -204326 -243750 -213934 -204326 -243750 -213934 -204326 -243750 -213934
1.98702e+06 -204492 -243813 -214047 -204492 -243813 -214047 -204492 -243813 -214047
1.98789e+06 -204693 -243742 -214196 -204693 -243742 -214196 -204693 -243742 -214196
1.98875e+06 -204897 -243669 -214349 -204897 -243669 -214349 -204897 -243669 -214349
1.98959e+06 -205102 -243596 -214501 -205102 -243596 -214501 -205102 -243596 -214501
1.99043e+06 -205307 -243522 -214648 -205307 -243522 -214648 -205307 -243522 -214648
1.99122e+06 -205516 -243452 -214771 -205516 -243452 -214771 -205516 -243452 -214771
1.96934e+06 -203144 -240944 -212359 -203144 -240944 -212359 -203144 -240944 -212359
1.97196e+06 -203426 -241304 -212596 -203426 -241304 -212596 -203426 -241304 -212596
1.97445e+06 -203705 -241658 -212797 -203705 -241658 -212797 -203705 -241658 -212797
1.97659e+06 -203951 -241940 -212992 -203951 -241940 -212992 -203951 -241940 -212992
1.97837e+06 -204286 -241924 -213238 -204286 -241924 -213238 -204286 -241924 -213238
1.97918e+06 -204524 -241869 -213336 -204524 -241869 -213336 -204524 -241869 -213336
1.97992e+06 -204786 -241827 -213360 -204786 -241827 -213360 -204786 -241827 -213360
1.98058e+06 -204994 -241798 -213406 -204994 -241798 -213406 -204994 -241798 -213406
1.98117e+06 -205132 -241787 -213472 -205132 -241787 -213472 -205132 -241787 -213472
1.98176e+06 -205272 -241776 -213537 -205272 -241776 -213537 -205272 -241776 -213537
1.9823e+06 -205392 -241772 -213611 -205392 -241772 -213611 -205392 -241772 -213611
1.98286e+06 -205510 -241759 -213674 -205510 -241759 -213674 -205510 -241759 -213674
1.98339e+06 -205651 -241746 -213734 -205651 -241746 -213734 -205651 -241746 -213734
1.96381e+06 -203484 -239583 -211535 -203484 -239583 -211535 -203484 -239583 -211535
1.96635e+06 -203730 -239975 -211744 -203730 -239975 -211744 -203730 -239975 -211744
1.96875e+06 -203973 -240313 -211969 -203973 -240313 -211969 -203973 -240313 -211969
1.97079e+06 -204274 -240461 -212194 -204274 -240461 -212194 -204274 -240461 -212194
1.97146e+06 -204514 -240408 -212245 -204514 -240408 -212245 -204514 -240408 -212245
1.97202e+06 -204651 -240391 -212299 -204651 -240391 -212299 -204651 -240391 -212299
1.93334e+06 -215770 -229692 -198984 -215770 -229692 -198984 -215770 -229692 -198984
1.93502e+06 -215953 -229834 -199218 -215953 -229834 -199218 -215953 -229834 -199218
1.93664e+06 -216104 -229996 -199446 -216104 -229996 -199446 -216104 -229996 -199446
1.93795e+06 -216184 -230147 -199649 -216184 -230147 -199649 -216184 -230147 -199649
1.93904e+06 -216231 -230283 -199831 -216231 -230283 -199831 -216231 -230283 -199831
1.94004e+06 -216264 -230412 -200001 -216264 -230412 -200001 -216264 -230412 -200001
1.94076e+06 -216273 -230512 -200136 -216273 -230512 -200136 -216273 -230512 -200136
1.9413e+06 -216266 -230590 -200245 -216266 -230590 -200245 -216266 -230590 -200245
1.9418e+06 -216255 -230665 -200347 -216255 -230665 -200347 -216255 -230665 -200347
1.94229e+06 -216243 -230739 -200447 -216243 -230739 -200447 -216243 -230739 -200447
1.94276e+06 -216230 -230812 -200546 -216230 -230812 -200546 -216230 -230812 -200546
1.92924e+06 -214786 -229387 -198908 -214786 -229387 -198908 -214786 -229387 -198908
1.9311e+06 -215039 -229542 -199118 -215039 -229542 -199118 -215039 -229542 -199118
1.93164e+06 -215027 -229613 -199228 -215027 -229613 -199228 -215027 -229613 -199228
1.93214e+06 -215020 -229690 -199334 -215020 -229690 -199334 -215020 -229690 -199334
1.93264e+06 -215011 -229765 -199437 -215011 -229765 -199437 -215011 -229765 -199437
1.93314e+06 -215001 -229841 -199538 -215001 -229841 -199538 -215001 -229841 -199538
1.93363e+06 -214991 -229913 -199638 -214991 -229913 -199638 -214991 -229913 -199638
1.91634e+06 -198692 -234922 -205166 -198692 -234922 -205166 -198692 -234922 -205166
1.91777e+06 -198966 -235007 -205284 -198966 -235007 -205284 -198966 -235007 -205284
1.9188e+06 -199173 -235063 -205365 -199173 -235063 -205365 -199173 -235063 -205365
1.9194e+06 -199305 -235091 -205403 -199305 -235091 -205403 -199305 -235091 -205403
1.91989e+06 -199374 -235141 -205450 -199374 -235141 -205450 -199374 -235141 -205450
1.92036e+06 -199441 -235194 -205488 -199441 -235194 -205488 -199441 -235194 -205488
1.92082e+06 -199508 -235248 -205517 -199508 -235248 -205517 -199508 -235248 -205517
1.92126e+06 -199575 -235304 -205540 -199575 -235304 -205540 -199575 -235304 -205540
1.92169e+06 -199643 -235359 -205560 -199643 -235359 -205560 -199643 -235359 -205560
1.92209e+06 -199708 -235414 -205576 -199708 -235414 -205576 -199708 -235414 -205576
1.9225e+06 -199774 -235469 -205591 -199774 -235469 -205591 -199774 -235469 -205591
1.92289e+06 -199838 -235523 -205603 -199838 -235523 -205603 -199838 -235523 -205603
1.92326e+06 -199900 -235575 -205612 -199900 -235575 -205612 -199900 -235575 -205612
1.92362e+06 -199960 -235627 -205619 -199960 -235627 -205619 -199960 -235627 -205619
1.92396e+06 -200019 -235678 -205623 -200019 -235678 -205623 -200019 -235678 -205623
1.92429e+06 -200076 -235728 -205626 -200076 -235728 -205626 -200076 -235728 -205626
1.91514e+06 -200506 -234868 -202993 -200506 -234868 -202993 -200506 -234868 -202993
1.90603e+06 -198204 -233744 -203396 -198204 -233744 -203396 -198204 -233744 -203396
1.90654e+06 -198245 -233864 -203405 -198245 -233864 -203405 -198245 -233864 -203405
1.90692e+06 -198273 -233969 -203399 -198273 -233969 -203399 -198273 -233969 -203399
1.90729e+06 -198298 -234072 -203391 -198298 -234072 -203391 -198298 -234072 -203391
1.90764e+06 -198322 -234175 -203381 -198322 -234175 -203381 -198322 -234175 -203381
1.88364e+06 -204442 -240752 -182688 -204442 -240752 -182688 -204442 -240752 -182688
1.8855e+06 -204425 -240826 -183248 -204425 -240826 -183248 -204425 -240826 -183248
1.88707e+06 -204390 -240874 -183759 -204390 -240874 -183759 -204390 -240874 -183759
1.87963e+06 -202132 -239619 -184791 -202132 -239619 -184791 -202132 -239619 -184791
1.87164e+06 -202423 -238838 -182619 -202423 -238838 -182619 -202423 -238838 -182619
1.87244e+06 -202472 -238979 -182696 -202472 -238979 -182696 -202472 -238979 -182696
1.87303e+06 -202502 -239094 -182748 -202502 -239094 -182748 -202502 -239094 -182748
1.87345e+06 -202514 -239191 -182779 -202514 -239191 -182779 -202514 -239191 -182779
1.8738e+06 -202520 -239280 -182802 -202520 -239280 -182802 -202520 -239280 -182802
1.87415e+06 -202524 -239369 -182823 -202524 -239369 -182823 -202524 -239369 -182823
1.87449e+06 -202528 -239457 -182843 -202528 -239457 -182843 -202528 -239457 -182843
1.87481e+06 -202531 -239545 -182862 -202531 -239545 -182862 -202531 -239545 -182862
1.84946e+06 -199718 -237144 -179624 -199718 -237144 -179624 -199718 -237144 -179624
1.842e+06 -198499 -236894 -178608 -198499 -236894 -178608 -198499 -236894 -178608
1.82037e+06 -196181 -234342 -176266 -196181 -234342 -176266 -196181 -234342 -176266
1.82311e+06 -196461 -234762 -176481 -196461 -234762 -176481 -196461 -234762 -176481
1.82577e+06 -196730 -235177 -176685 -196730 -235177 -176685 -196730 -235177 -176685
1.8282e+06 -196972 -235568 -176859 -196972 -235568 -176859 -196972 -235568 -176859
1.83052e+06 -197207 -235940 -177028 -197207 -235940 -177028 -197207 -235940 -177028
1.83283e+06 -197441 -236301 -177201 -197441 -236301 -177201 -197441 -236301 -177201
1.83487e+06 -197815 -236227 -177582 -197815 -236227 -177582 -197815 -236227 -177582
1.81517e+06 -195702 -233910 -175445 -195702 -233910 -175445 -195702 -233910 -175445
1.81778e+06 -195966 -234316 -175644 -195966 -234316 -175644 -195966 -234316 -175644
1.82024e+06 -196215 -234706 -175826 -196215 -234706 -175826 -196215 -234706 -175826
1.8224e+06 -196481 -234911 -176063 -196481 -234911 -176063 -196481 -234911 -176063
1.82354e+06 -196790 -234782 -176269 -196790 -234782 -176269 -196790 -234782 -176269
1.81637e+06 -196042 -234263 -175151 -196042 -234263 -175151 -196042 -234263 -175151
1.80932e+06 -194954 -233899 -174255 -194954 -233899 -174255 -194954 -233899 -174255
1.80999e+06 -195074 -233920 -174335 -195074 -233920 -174335 -195074 -233920 -174335
1.81035e+06 -195091 -234022 -174337 -195091 -234022 -174337 -195091 -234022 -174337
1.81069e+06 -195106 -234121 -174337 -195106 -234121 -174337 -195106 -234121 -174337
1.81103e+06 -195121 -234218 -174337 -195121 -234218 -174337 -195121 -234218 -174337
1.81136e+06 -195136 -234314 -174336 -195136 -234314 -174336 -195136 -234314 -174336
1.81168e+06 -195151 -234410 -174333 -195151 -234410 -174333 -195151 -234410 -174333
1.81199e+06 -195164 -234504 -174329 -195164 -234504 -174329 -195164 -234504 -174329
1.8123e+06 -195177 -234597 -174325 -195177 -234597 -174325 -195177 -234597 -174325
1.7991e+06 -198696 -222955 -178048 -198696 -222955 -178048 -198696 -222955 -178048
1.80042e+06 -198645 -223528 -177978 -198645 -223528 -177978 -198645 -223528 -177978
1.80111e+06 -198637 -223785 -177951 -198637 -223785 -177951 -198637 -223785 -177951
1.80154e+06 -198612 -223997 -177903 -198612 -223997 -177903 -198612 -223997 -177903
1.80194e+06 -198591 -224212 -177846 -198591 -224212 -177846 -198591 -224212 -177846
1.80234e+06 -198570 -224425 -177785 -198570 -224425 -177785 -198570 -224425 -177785
1.78251e+06 -196536 -221922 -175711 -196536 -221922 -175711 -196536 -221922 -175711
1.78507e+06 -196803 -222307 -175912 -196803 -222307 -175912 -196803 -222307 -175912
1.78736e+06 -197050 -222647 -176091 -197050 -222647 -176091 -197050 -222647 -176091
1.78897e+06 -197213 -222897 -176211 -197213 -222897 -176211 -197213 -222897 -176211
1.78939e+06 -197206 -223095 -176163 -197206 -223095 -176163 -197206 -223095 -176163
1.78981e+06 -197197 -223290 -176115 -197197 -223290 -176115 -197197 -223290 -176115
1.79022e+06 -197190 -223483 -176067 -197190 -223483 -176067 -197190 -223483 -176067
1.79062e+06 -197183 -223672 -176019 -197183 -223672 -176019 -197183 -223672 -176019
1.79101e+06 -197176 -223858 -175971 -197176 -223858 -175971 -197176 -223858 -175971
1.7914e+06 -197169 -224040 -175923 -197169 -224040 -175923 -197169 -224040 -175923
1.77803e+06 -195749 -222564 -174363 -195749 -222564 -174363 -195749 -222564 -174363
1.77876e+06 -195773 -222799 -174348 -195773 -222799 -174348 -195773 -222799 -174348
1.77917e+06 -195768 -222984 -174303 -195768 -222984 -174303 -195768 -222984 -174303
1.77956e+06 -195763 -223165 -174257 -195763 -223165 -174257 -195763 -223165 -174257
1.75202e+06 -192924 -219762 -171319 -192924 -219762 -171319 -192924 -219762 -171319
1.75451e+06 -193186 -220135 -171515 -193186 -220135 -171515 -193186 -220135 -171515
1.7481e+06 -192450 -219426 -170824 -192450 -219426 -170824 -192450 -219426 -170824
1.75061e+06 -192714 -219802 -171021 -192714 -219802 -171021 -192714 -219802 -171021
1.75291e+06 -192958 -220151 -171196 -192958 -220151 -171196 -192958 -220151 -171196
1.75511e+06 -193174 -220490 -171367 -193174 -220490 -171367 -193174 -220490 -171367
1.75668e+06 -193394 -220633 -171532 -193394 -220633 -171532 -193394 -220633 -171532
1.75713e+06 -193384 -220803 -171486 -193384 -220803 -171486 -193384 -220803 -171486
1.75748e+06 -193387 -220989 -171449 -193387 -220989 -171449 -193387 -220989 -171449
1.75785e+06 -193382 -221162 -171405 -193382 -221162 -171405 -193382 -221162 -171405
1.75821e+06 -193377 -221332 -171359 -193377 -221332 -171359 -193377 -221332 -171359
1.75854e+06 -193373 -221492 -171314 -193373 -221492 -171314 -193373 -221492 -171314
1.75885e+06 -193368 -221646 -171269 -193368 -221646 -171269 -193368 -221646 -171269
1.75914e+06 -193363 -221792 -171223 -193363 -221792 -171223 -193363 -221792 -171223
1.7594e+06 -193357 -221931 -171177 -193357 -221931 -171177 -193357 -221931 -171177
1.75965e+06 -193352 -222065 -171132 -193352 -222065 -171132 -193352 -222065 -171132
1.75988e+06 -193348 -222192 -171087 -193348 -222192 -171087 -193348 -222192 -171087
1.7601e+06 -193344 -222314 -171043 -193344 -222314 -171043 -193344 -222314 -171043
1.76031e+06 -193340 -222431 -170998 -193340 -222431 -170998 -193340 -222431 -170998
1.74774e+06 -191633 -221782 -169164 -191633 -221782 -169164 -191633 -221782 -169164
1.74927e+06 -191955 -221693 -169435 -191955 -221693 -169435 -191955 -221693 -169435
1.74961e+06 -191965 -221827 -169408 -191965 -221827 -169408 -191965 -221827 -169408
1.74993e+06 -191975 -221956 -169378 -191975 -221956 -169378 -191975 -221956 -169378
1.75024e+06 -191983 -222080 -169348 -191983 -222080 -169348 -191983 -222080 -169348
1.75054e+06 -191992 -222200 -169318 -191992 -222200 -169318 -191992 -222200 -169318
1.75082e+06 -192002 -222315 -169289 -192002 -222315 -169289 -192002 -222315 -169289
1.7511e+06 -192013 -222426 -169262 -192013 -222426 -169262 -192013 -222426 -169262
1.75138e+06 -192025 -222532 -169235 -192025 -222532 -169235 -192025 -222532 -169235
1.75164e+06 -192037 -222633 -169209 -192037 -222633 -169209 -192037 -222633 -169209
1.75189e+06 -192050 -222728 -169184 -192050 -222728 -169184 -192050 -222728 -169184
1.75211e+06 -192064 -222813 -169159 -192064 -222813 -169159 -192064 -222813 -169159
1.72995e+06 -185552 -228962 -162132 -185552 -228962 -162132 -185552 -228962 -162132
1.73119e+06 -185828 -228986 -162248 -185828 -228986 -162248 -185828 -228986 -162248
1.7321e+06 -186066 -228979 -162322 -186066 -228979 -162322 -186066 -228979 -162322
1.73271e+06 -186263 -228932 -162374 -186263 -228932 -162374 -186263 -228932 -162374
1.73292e+06 -186418 -228832 -162392 -186418 -228832 -162392 -186418 -228832 -162392
1.73308e+06 -186572 -228708 -162411 -186572 -228708 -162411 -186572 -228708 -162411
1.73318e+06 -186730 -228559 -162435 -186730 -228559 -162435 -186730 -228559 -162435
1.73325e+06 -186896 -228386 -162465 -186896 -228386 -162465 -186896 -228386 -162465
1.73329e+06 -187070 -228182 -162505 -187070 -228182 -162505 -187070 -228182 -162505
1.73326e+06 -187255 -227949 -162548 -187255 -227949 -162548 -187255 -227949 -162548
1.73317e+06 -187450 -227678 -162592 -187450 -227678 -162592 -187450 -227678 -162592
1.733e+06 -187652 -227366 -162648 -187652 -227366 -162648 -187652 -227366 -162648
1.73277e+06 -187858 -227010 -162719 -187858 -227010 -162719 -187858 -227010 -162719
1.73246e+06 -188068 -226610 -162810 -188068 -226610 -162810 -188068 -226610 -162810
1.73206e+06 -188264 -226169 -162921 -188264 -226169 -162921 -188264 -226169 -162921
1.73157e+06 -188444 -225694 -163053 -188444 -225694 -163053 -188444 -225694 -163053
1.73103e+06 -188624 -225187 -163198 -188624 -225187 -163198 -188624 -225187 -163198
1.71647e+06 -187108 -223380 -161668 -187108 -223380 -161668 -187108 -223380 -161668
1.71858e+06 -187339 -223690 -161831 -187339 -223690 -161831 -187339 -223690 -161831
1.72009e+06 -187564 -223806 -161990 -187564 -223806 -161990 -187564 -223806 -161990
1.71961e+06 -187770 -223266 -162166 -187770 -223266 -162166 -187770 -223266 -162166
1.71909e+06 -187978 -222707 -162345 -187978 -222707 -162345 -187978 -222707 -162345
1.70467e+06 -192027 -209673 -166524 -192027 -209673 -166524 -192027 -209673 -166524
1.67024e+06 -191872 -198708 -166153 -191872 -198708 -166153 -191872 -198708 -166153
1.67177e+06 -191900 -199201 -166155 -191900 -199201 -166155 -191900 -199201 -166155
1.67307e+06 -191907 -199659 -166123 -191907 -199659 -166123 -191907 -199659 -166123
1.67427e+06 -191907 -200098 -166083 -191907 -200098 -166083 -191907 -200098 -166083
1.67525e+06 -191917 -200447 -166056 -191917 -200447 -166056 -191917 -200447 -166056
1.67581e+06 -191971 -200563 -166076 -191971 -200563 -166076 -191971 -200563 -166076
1.67619e+06 -192027 -200608 -166097 -192027 -200608 -166097 -192027 -200608 -166097
1.6765e+06 -192078 -200643 -166112 -192078 -200643 -166112 -192078 -200643 -166112
1.67679e+06 -192128 -200677 -166127 -192128 -200677 -166127 -192128 -200677 -166127
1.67706e+06 -192175 -200707 -166138 -192175 -200707 -166138 -192175 -200707 -166138
1.67729e+06 -192216 -200735 -166146 -192216 -200735 -166146 -192216 -200735 -166146
1.6775e+06 -192254 -200761 -166153 -192254 -200761 -166153 -192254 -200761 -166153
1.67769e+06 -192286 -200787 -166159 -192286 -200787 -166159 -192286 -200787 -166159
1.67787e+06 -192316 -200810 -166164 -192316 -200810 -166164 -192316 -200810 -166164
1.67805e+06 -192346 -200834 -166170 -192346 -200834 -166170 -192346 -200834 -166170
1.67822e+06 -192375 -200857 -166175 -192375 -200857 -166175 -192375 -200857 -166175
1.67839e+06 -192404 -200879 -166179 -192404 -200879 -166179 -192404 -200879 -166179
1.67854e+06 -192435 -200895 -166184 -192435 -200895 -166184 -192435 -200895 -166184
1.67867e+06 -192466 -200900 -166190 -192466 -200900 -166190 -192466 -200900 -166190
1.67879e+06 -192497 -200903 -166195 -192497 -200903 -166195 -192497 -200903 -166195
1.67889e+06 -192526 -200906 -166199 -192526 -200906 -166199 -192526 -200906 -166199
1.67898e+06 -192554 -200906 -166201 -192554 -200906 -166201 -192554 -200906 -166201
1.67906e+06 -192580 -200906 -166202 -192580 -200906 -166202 -192580 -200906 -166202
1.67914e+06 -192606 -200904 -166202 -192606 -200904 -166202 -192606 -200904 -166202
1.6792e+06 -192631 -200902 -166201 -192631 -200902 -166201 -192631 -200902 -166201
1.67926e+06 -192656 -200899 -166200 -192656 -200899 -166200 -192656 -200899 -166200
1.67932e+06 -192680 -200896 -166198 -192680 -200896 -166198 -192680 -200896 -166198
1.67937e+06 -192703 -200892 -166195 -192703 -200892 -166195 -192703 -200892 -166195
1.67942e+06 -192726 -200887 -166193 -192726 -200887 -166193 -192726 -200887 -166193
1.67946e+06 -192749 -200883 -166189 -192749 -200883 -166189 -192749 -200883 -166189
1.6795e+06 -192771 -200877 -166185 -192771 -200877 -166185 -192771 -200877 -166185
1.67953e+06 -192793 -200871 -166181 -192793 -200871 -166181 -192793 -200871 -166181
1.67956e+06 -192813 -200865 -166175 -192813 -200865 -166175 -192813 -200865 -166175
1.67958e+06 -192833 -200858 -166168 -192833 -200858 -166168 -192833 -200858 -166168
1.6357e+06 -187803 -196107 -161324 -187803 -196107 -161324 -187803 -196107 -161324
1.63839e+06 -188105 -196466 -161557 -188105 -196466 -161557 -188105 -196466 -161557
1.64044e+06 -188331 -196770 -161711 -188331 -196770 -161711 -188331 -196770 -161711
1.6424e+06 -188548 -197062 -161857 -188548 -197062 -161857 -188548 -197062 -161857
1.64436e+06 -188764 -197353 -162003 -188764 -197353 -162003 -188764 -197353 -162003
1.64627e+06 -188983 -197621 -162151 -188983 -197621 -162151 -188983 -197621 -162151
1.64796e+06 -189218 -197786 -162315 -189218 -197786 -162315 -189218 -197786 -162315
1.6496e+06 -189426 -197940 -162493 -189426 -197940 -162493 -189426 -197940 -162493
1.65083e+06 -189742 -197836 -162700 -189742 -197836 -162700 -189742 -197836 -162700
1.65103e+06 -189804 -197815 -162723 -189804 -197815 -162723 -189804 -197815 -162723
1.65111e+06 -189824 -197822 -162728 -189824 -197822 -162728 -189824 -197822 -162728
1.65119e+06 -189838 -197828 -162723 -189838 -197828 -162723 -189838 -197828 -162723
1.65123e+06 -189857 -197838 -162716 -189857 -197838 -162716 -189857 -197838 -162716
1.65129e+06 -189874 -197847 -162708 -189874 -197847 -162708 -189874 -197847 -162708
1.65134e+06 -189891 -197856 -162699 -189891 -197856 -162699 -189891 -197856 -162699
1.65139e+06 -189908 -197865 -162691 -189908 -197865 -162691 -189908 -197865 -162691
1.65144e+06 -189925 -197873 -162682 -189925 -197873 -162682 -189925 -197873 -162682
1.65149e+06 -189942 -197882 -162673 -189942 -197882 -162673 -189942 -197882 -162673
1.65153e+06 -189958 -197891 -162661 -189958 -197891 -162661 -189958 -197891 -162661
1.65156e+06 -189974 -197898 -162649 -189974 -197898 -162649 -189974 -197898 -162649
1.65157e+06 -189990 -197898 -162637 -189990 -197898 -162637 -189990 -197898 -162637
1.65156e+06 -190002 -197899 -162621 -190002 -197899 -162621 -190002 -197899 -162621
1.64537e+06 -190380 -195869 -162209 -190380 -195869 -162209 -190380 -195869 -162209
1.63937e+06 -190030 -193812 -162602 -190030 -193812 -162602 -190030 -193812 -162602
1.63948e+06 -190065 -193817 -162608 -190065 -193817 -162608 -190065 -193817 -162608
1.63959e+06 -190098 -193820 -162612 -190098 -193820 -162612 -190098 -193820 -162612
1.6397e+06 -190131 -193822 -162615 -190131 -193822 -162615 -190131 -193822 -162615
1.63981e+06 -190163 -193823 -162618 -190163 -193823 -162618 -190163 -193823 -162618
1.63992e+06 -190195 -193824 -162621 -190195 -193824 -162621 -190195 -193824 -162621
1.64002e+06 -190227 -193824 -162623 -190227 -193824 -162623 -190227 -193824 -162623
1.64012e+06 -190258 -193824 -162623 -190258 -193824 -162623 -190258 -193824 -162623
1.6402e+06 -190288 -193823 -162623 -190288 -193823 -162623 -190288 -193823 -162623
1.64028e+06 -190317 -193822 -162619 -190317 -193822 -162619 -190317 -193822 -162619
1.64032e+06 -190345 -193821 -162609 -190345 -193821 -162609 -190345 -193821 -162609
1.64034e+06 -190368 -193819 -162593 -190368 -193819 -162593 -190368 -193819 -162593
1.63493e+06 -189640 -193154 -162160 -189640 -193154 -162160 -189640 -193154 -162160
1.635e+06 -189670 -193160 -162168 -189670 -193160 -162168 -189670 -193160 -162168
1.63508e+06 -189695 -193162 -162162 -189695 -193162 -162162 -189695 -193162 -162162
1.63515e+06 -189724 -193167 -162159 -189724 -193167 -162159 -189724 -193167 -162159
1.62992e+06 -189359 -192580 -161353 -189359 -192580 -161353 -189359 -192580 -161353
1.63005e+06 -189409 -192599 -161371 -189409 -192599 -161371 -189409 -192599 -161371
1.63024e+06 -189440 -192601 -161370 -189440 -192601 -161370 -189440 -192601 -161370
1.6153e+06 -187718 -191026 -159688 -187718 -191026 -159688 -187718 -191026 -159688
1.6174e+06 -187960 -191313 -159859 -187960 -191313 -159859 -187960 -191313 -159859
1.61923e+06 -188191 -191515 -160037 -188191 -191515 -160037 -188191 -191515 -160037
1.6198e+06 -188350 -191480 -160118 -188350 -191480 -160118 -188350 -191480 -160118
1.61996e+06 -188374 -191486 -160119 -188374 -191486 -160119 -188374 -191486 -160119
1.62008e+06 -188404 -191500 -160123 -188404 -191500 -160123 -188404 -191500 -160123
1.62019e+06 -188431 -191512 -160121 -188431 -191512 -160121 -188431 -191512 -160121
1.62028e+06 -188454 -191521 -160116 -188454 -191521 -160116 -188454 -191521 -160116
1.62034e+06 -188475 -191529 -160109 -188475 -191529 -160109 -188475 -191529 -160109
1.62036e+06 -188492 -191533 -160095 -188492 -191533 -160095 -188492 -191533 -160095
1.62036e+06 -188505 -191536 -160079 -188505 -191536 -160079 -188505 -191536 -160079
1.62036e+06 -188518 -191538 -160063 -188518 -191538 -160063 -188518 -191538 -160063
1.62035e+06 -188531 -191540 -160046 -188531 -191540 -160046 -188531 -191540 -160046
1.62034e+06 -188543 -191542 -160029 -188543 -191542 -160029 -188543 -191542 -160029
1.62032e+06 -188554 -191543 -160010 -188554 -191543 -160010 -188554 -191543 -160010
1.62028e+06 -188562 -191544 -159988 -188562 -191544 -159988 -188562 -191544 -159988
1.62023e+06 -188568 -191544 -159964 -188568 -191544 -159964 -188568 -191544 -159964
1.62017e+06 -188573 -191544 -159939 -188573 -191544 -159939 -188573 -191544 -159939
1.6201e+06 -188577 -191543 -159914 -188577 -191543 -159914 -188577 -191543 -159914
1.6143e+06 -188024 -190886 -159188 -188024 -190886 -159188 -188024 -190886 -159188
1.61483e+06 -188070 -190933 -159272 -188070 -190933 -159272 -188070 -190933 -159272
1.61481e+06 -188075 -190937 -159254 -188075 -190937 -159254 -188075 -190937 -159254
1.60919e+06 -187344 -190397 -158652 -187344 -190397 -158652 -187344 -190397 -158652
1.60978e+06 -187511 -190428 -158667 -187511 -190428 -158667 -187511 -190428 -158667
1.60984e+06 -187521 -190441 -158649 -187521 -190441 -158649 -187521 -190441 -158649
1.60987e+06 -187534 -190457 -158632 -187534 -190457 -158632 -187534 -190457 -158632
1.60989e+06 -187545 -190471 -158614 -187545 -190471 -158614 -187545 -190471 -158614
1.60988e+06 -187553 -190482 -158591 -187553 -190482 -158591 -187553 -190482 -158591
1.60983e+06 -187556 -190489 -158565 -187556 -190489 -158565 -187556 -190489 -158565
1.60977e+06 -187559 -190495 -158537 -187559 -190495 -158537 -187559 -190495 -158537
1.60971e+06 -187560 -190501 -158509 -187560 -190501 -158509 -187560 -190501 -158509
1.60963e+06 -187560 -190506 -158479 -187560 -190506 -158479 -187560 -190506 -158479
1.60953e+06 -187557 -190508 -158446 -187557 -190508 -158446 -187557 -190508 -158446
1.60941e+06 -187552 -190507 -158411 -187552 -190507 -158411 -187552 -190507 -158411
1.60928e+06 -187546 -190506 -158374 -187546 -190506 -158374 -187546 -190506 -158374
1.60914e+06 -187539 -190504 -158337 -187539 -190504 -158337 -187539 -190504 -158337
1.609e+06 -187532 -190502 -158299 -187532 -190502 -158299 -187532 -190502 -158299
1.60886e+06 -187524 -190500 -158261 -187524 -190500 -158261 -187524 -190500 -158261
1.6087e+06 -187515 -190497 -158222 -187515 -190497 -158222 -187515 -190497 -158222
1.60855e+06 -187506 -190493 -158182 -187506 -190493 -158182 -187506 -190493 -158182
1.60838e+06 -187496 -190489 -158142 -187496 -190489 -158142 -187496 -190489 -158142
1.60821e+06 -187485 -190483 -158101 -187485 -190483 -158101 -187485 -190483 -158101
1.60803e+06 -187474 -190478 -158059 -187474 -190478 -158059 -187474 -190478 -158059
1.60785e+06 -187463 -190471 -158017 -187463 -190471 -158017 -187463 -190471 -158017
1.60766e+06 -187450 -190462 -157973 -187450 -190462 -157973 -187450 -190462 -157973
1.60745e+06 -187435 -190452 -157928 -187435 -190452 -157928 -187435 -190452 -157928
1.60723e+06 -187420 -190440 -157882 -187420 -190440 -157882 -187420 -190440 -157882
1.607e+06 -187405 -190428 -157835 -187405 -190428 -157835 -187405 -190428 -157835
1.60677e+06 -187390 -190414 -157788 -187390 -190414 -157788 -187390 -190414 -157788
1.60654e+06 -187374 -190400 -157740 -187374 -190400 -157740 -187374 -190400 -157740
1.6063e+06 -187359 -190385 -157690 -187359 -190385 -157690 -187359 -190385 -157690
1.60604e+06 -187343 -190368 -157638 -187343 -190368 -157638 -187343 -190368 -157638
1.60578e+06 -187327 -190350 -157585 -187327 -190350 -157585 -187327 -190350 -157585
1.60552e+06 -187311 -190331 -157531 -187311 -190331 -157531 -187311 -190331 -157531
1.59999e+06 -186546 -189850 -156845 -186546 -189850 -156845 -186546 -189850 -156845
1.59976e+06 -186558 -189858 -156821 -186558 -189858 -156821 -186558 -189858 -156821
1.59434e+06 -185957 -189498 -155991 -185957 -189498 -155991 -185957 -189498 -155991
1.59424e+06 -185978 -189506 -155960 -185978 -189506 -155960 -185978 -189506 -155960
1.59419e+06 -185974 -189501 -155920 -185974 -189501 -155920 -185974 -189501 -155920
1.5941e+06 -185977 -189502 -155886 -185977 -189502 -155886 -185977 -189502 -155886
1.58067e+06 -184471 -187990 -154430 -184471 -187990 -154430 -184471 -187990 -154430
1.58273e+06 -184701 -188287 -154587 -184701 -188287 -154587 -184701 -188287 -154587
1.58429e+06 -184913 -188419 -154720 -184913 -188419 -154720 -184913 -188419 -154720
1.58435e+06 -184968 -188427 -154724 -184968 -188427 -154724 -184968 -188427 -154724
1.57877e+06 -185243 -187828 -153185 -185243 -187828 -153185 -185243 -187828 -153185
1.57343e+06 -183756 -187299 -153422 -183756 -187299 -153422 -183756 -187299 -153422
1.57364e+06 -183762 -187391 -153393 -183762 -187391 -153393 -183762 -187391 -153393
1.57378e+06 -183761 -187474 -153357 -183761 -187474 -153357 -183761 -187474 -153357
1.57389e+06 -183757 -187553 -153316 -183757 -187553 -153316 -183757 -187553 -153316
1.57399e+06 -183754 -187632 -153276 -183754 -187632 -153276 -183754 -187632 -153276
1.57409e+06 -183751 -187709 -153236 -183751 -187709 -153236 -183751 -187709 -153236
1.57418e+06 -183748 -187784 -153193 -183748 -187784 -153193 -183748 -187784 -153193
1.57425e+06 -183746 -187855 -153148 -183746 -187855 -153148 -183746 -187855 -153148
1.57429e+06 -183743 -187919 -153103 -183743 -187919 -153103 -183743 -187919 -153103
1.57432e+06 -183738 -187976 -153058 -183738 -187976 -153058 -183738 -187976 -153058
1.56135e+06 -182349 -186392 -151704 -182349 -186392 -151704 -182349 -186392 -151704
1.5633e+06 -182571 -186675 -151854 -182571 -186675 -151854 -182571 -186675 -151854
1.56445e+06 -182727 -186828 -151927 -182727 -186828 -151927 -182727 -186828 -151927
1.56458e+06 -182738 -186891 -151902 -182738 -186891 -151902 -182738 -186891 -151902
1.56471e+06 -182745 -186950 -151874 -182745 -186950 -151874 -182745 -186950 -151874
1.56481e+06 -182751 -187007 -151845 -182751 -187007 -151845 -182751 -187007 -151845
1.56492e+06 -182757 -187064 -151814 -182757 -187064 -151814 -182757 -187064 -151814
1.56498e+06 -182762 -187119 -151781 -182762 -187119 -151781 -182762 -187119 -151781
1.56501e+06 -182761 -187167 -151742 -182761 -187167 -151742 -182761 -187167 -151742
1.565e+06 -182757 -187211 -151700 -182757 -187211 -151700 -182757 -187211 -151700
1.56498e+06 -182752 -187251 -151657 -182752 -187251 -151657 -182752 -187251 -151657
1.56494e+06 -182747 -187284 -151614 -182747 -187284 -151614 -182747 -187284 -151614
1.56489e+06 -182743 -187314 -151572 -182743 -187314 -151572 -182743 -187314 -151572
1.56482e+06 -182738 -187339 -151530 -182738 -187339 -151530 -182738 -187339 -151530
1.56474e+06 -182734 -187358 -151487 -182734 -187358 -151487 -182734 -187358 -151487
1.56465e+06 -182730 -187376 -151445 -182730 -187376 -151445 -182730 -187376 -151445
1.56457e+06 -182725 -187394 -151403 -182725 -187394 -151403 -182725 -187394 -151403
1.56447e+06 -182722 -187406 -151361 -182722 -187406 -151361 -182722 -187406 -151361
1.56436e+06 -182718 -187417 -151319 -182718 -187417 -151319 -182718 -187417 -151319
1.56425e+06 -182714 -187425 -151277 -182714 -187425 -151277 -182714 -187425 -151277
1.56412e+06 -182709 -187430 -151234 -182709 -187430 -151234 -182709 -187430 -151234
1.56397e+06 -182702 -187430 -151189 -182702 -187430 -151189 -182702 -187430 -151189
1.5638e+06 -182695 -187427 -151144 -182695 -187427 -151144 -182695 -187427 -151144
1.56362e+06 -182688 -187422 -151098 -182688 -187422 -151098 -182688 -187422 -151098
1.56343e+06 -182680 -187413 -151052 -182680 -187413 -151052 -182680 -187413 -151052
1.56323e+06 -182670 -187403 -151005 -182670 -187403 -151005 -182670 -187403 -151005
1.56303e+06 -182661 -187393 -150957 -182661 -187393 -150957 -182661 -187393 -150957
1.56282e+06 -182651 -187381 -150909 -182651 -187381 -150909 -182651 -187381 -150909
1.56261e+06 -182641 -187370 -150860 -182641 -187370 -150860 -182641 -187370 -150860
1.56239e+06 -182630 -187356 -150811 -182630 -187356 -150811 -182630 -187356 -150811
1.56216e+06 -182619 -187339 -150762 -182619 -187339 -150762 -182619 -187339 -150762
1.56191e+06 -182607 -187320 -150712 -182607 -187320 -150712 -182607 -187320 -150712
1.56166e+06 -182595 -187298 -150661 -182595 -187298 -150661 -182595 -187298 -150661
1.56141e+06 -182582 -187277 -150611 -182582 -187277 -150611 -182582 -187277 -150611
1.56115e+06 -182569 -187255 -150560 -182569 -187255 -150560 -182569 -187255 -150560
1.56089e+06 -182557 -187232 -150509 -182557 -187232 -150509 -182557 -187232 -150509
1.56063e+06 -182544 -187209 -150459 -182544 -187209 -150459 -182544 -187209 -150459
1.56037e+06 -182532 -187183 -150408 -182532 -187183 -150408 -182532 -187183 -150408
1.5601e+06 -182519 -187157 -150357 -182519 -187157 -150357 -182519 -187157 -150357
1.55983e+06 -182506 -187130 -150306 -182506 -187130 -150306 -182506 -187130 -150306
1.55955e+06 -182493 -187103 -150255 -182493 -187103 -150255 -182493 -187103 -150255
1.55928e+06 -182480 -187076 -150204 -182480 -187076 -150204 -182480 -187076 -150204
1.55901e+06 -182467 -187049 -150153 -182467 -187049 -150153 -182467 -187049 -150153
1.55873e+06 -182454 -187022 -150102 -182454 -187022 -150102 -182454 -187022 -150102
1.55845e+06 -182440 -186994 -150050 -182440 -186994 -150050 -182440 -186994 -150050
1.55818e+06 -182427 -186967 -149999 -182427 -186967 -149999 -182427 -186967 -149999
1.5579e+06 -182413 -186939 -149947 -182413 -186939 -149947 -182413 -186939 -149947
1.55762e+06 -182399 -186912 -149896 -182399 -186912 -149896 -182399 -186912 -149896
1.55734e+06 -182386 -186884 -149844 -182386 -186884 -149844 -182386 -186884 -149844
1.55706e+06 -182372 -186856 -149793 -182372 -186856 -149793 -182372 -186856 -149793
1.55679e+06 -182359 -186829 -149741 -182359 -186829 -149741 -182359 -186829 -149741
1.55651e+06 -182345 -186801 -149690 -182345 -186801 -149690 -182345 -186801 -149690
1.55623e+06 -182332 -186773 -149639 -182332 -186773 -149639 -182332 -186773 -149639
1.55595e+06 -182318 -186745 -149587 -182318 -186745 -149587 -182318 -186745 -149587
1.55567e+06 -182305 -186718 -149536 -182305 -186718 -149536 -182305 -186718 -149536
1.5554e+06 -182291 -186690 -149485 -182291 -186690 -149485 -182291 -186690 -149485
1.55512e+06 -182278 -186662 -149433 -182278 -186662 -149433 -182278 -186662 -149433
1.55484e+06 -182264 -186634 -149382 -182264 -186634 -149382 -182264 -186634 -149382
1.55456e+06 -182251 -186606 -149331 -182251 -186606 -149331 -182251 -186606 -149331
1.55429e+06 -182238 -186578 -149280 -182238 -186578 -149280 -182238 -186578 -149280
1.55401e+06 -182224 -186550 -149229 -182224 -186550 -149229 -182224 -186550 -149229
1.55373e+06 -182211 -186522 -149178 -182211 -186522 -149178 -182211 -186522 -149178
1.55346e+06 -182198 -186495 -149127 -182198 -186495 -149127 -182198 -186495 -149127
1.55318e+06 -182184 -186467 -149076 -182184 -186467 -149076 -182184 -186467 -149076
1.5529e+06 -182171 -186439 -149025 -182171 -186439 -149025 -182171 -186439 -149025
1.55263e+06 -182158 -186411 -148974 -182158 -186411 -148974 -182158 -186411 -148974
1.55235e+06 -182144 -186383 -148923 -182144 -186383 -148923 -182144 -186383 -148923
1.55207e+06 -182131 -186355 -148872 -182131 -186355 -148872 -182131 -186355 -148872
1.54651e+06 -182450 -184472 -148491 -182450 -184472 -148491 -182450 -184472 -148491
1.54625e+06 -182451 -184470 -148497 -182451 -184470 -148497 -182451 -184470 -148497
1.54608e+06 -182432 -184447 -148482 -182432 -184447 -148482 -182432 -184447 -148482
1.54067e+06 -182108 -182611 -148835 -182108 -182611 -148835 -182108 -182611 -148835
1.5406e+06 -182122 -182595 -148811 -182122 -182595 -148811 -182122 -182595 -148811
1.54052e+06 -182138 -182580 -148789 -182138 -182580 -148789 -182138 -182580 -148789
1.52714e+06 -180567 -181185 -147295 -180567 -181185 -147295 -180567 -181185 -147295
1.52891e+06 -180770 -181444 -147422 -180770 -181444 -147422 -180770 -181444 -147422
1.53042e+06 -180979 -181552 -147578 -180979 -181552 -147578 -180979 -181552 -147578
1.5306e+06 -181084 -181520 -147596 -181084 -181520 -147596 -181084 -181520 -147596
1.53065e+06 -181116 -181513 -147589 -181116 -181513 -147589 -181116 -181513 -147589
1.53068e+06 -181148 -181507 -147574 -181148 -181507 -147574 -181148 -181507 -147574
1.53069e+06 -181177 -181498 -147554 -181177 -181498 -147554 -181177 -181498 -147554
1.53067e+06 -181204 -181486 -147532 -181204 -181486 -147532 -181204 -181486 -147532
1.53062e+06 -181225 -181468 -147510 -181225 -181468 -147510 -181225 -181468 -147510
1.53055e+06 -181243 -181452 -147490 -181243 -181452 -147490 -181243 -181452 -147490
1.53049e+06 -181259 -181434 -147469 -181259 -181434 -147469 -181259 -181434 -147469
1.53042e+06 -181275 -181417 -147448 -181275 -181417 -147448 -181275 -181417 -147448
1.53035e+06 -181291 -181400 -147426 -181291 -181400 -147426 -181291 -181400 -147426
1.53028e+06 -181307 -181382 -147405 -181307 -181382 -147405 -181307 -181382 -147405
1.53021e+06 -181323 -181365 -147383 -181323 -181365 -147383 -181323 -181365 -147383
1.53014e+06 -181339 -181347 -147361 -181339 -181347 -147361 -181339 -181347 -147361
1.53006e+06 -181355 -181329 -147337 -181355 -181329 -147337 -181355 -181329 -147337
1.52997e+06 -181370 -181312 -147310 -181370 -181312 -147310 -181370 -181312 -147310
1.52987e+06 -181385 -181294 -147278 -181385 -181294 -147278 -181385 -181294 -147278
1.52974e+06 -181397 -181274 -147244 -181397 -181274 -147244 -181397 -181274 -147244
1.5296e+06 -181406 -181253 -147208 -181406 -181253 -147208 -181406 -181253 -147208
1.52944e+06 -181412 -181232 -147170 -181412 -181232 -147170 -181412 -181232 -147170
1.52927e+06 -181414 -181211 -147132 -181414 -181211 -147132 -181414 -181211 -147132
1.5291e+06 -181416 -181190 -147094 -181416 -181190 -147094 -181416 -181190 -147094
1.52892e+06 -181415 -181168 -147055 -181415 -181168 -147055 -181415 -181168 -147055
1.52873e+06 -181414 -181147 -147016 -181414 -181147 -147016 -181414 -181147 -147016
1.52854e+06 -181413 -181125 -146976 -181413 -181125 -146976 -181413 -181125 -146976
1.52835e+06 -181412 -181104 -146934 -181412 -181104 -146934 -181412 -181104 -146934
1.52815e+06 -181410 -181082 -146891 -181410 -181082 -146891 -181410 -181082 -146891
1.52794e+06 -181406 -181059 -146846 -181406 -181059 -146846 -181406 -181059 -146846
1.52772e+06 -181401 -181037 -146802 -181401 -181037 -146802 -181401 -181037 -146802
1.5275e+06 -181395 -181014 -146758 -181395 -181014 -146758 -181395 -181014 -146758
1.52728e+06 -181388 -180991 -146714 -181388 -180991 -146714 -181388 -180991 -146714
1.52705e+06 -181380 -180968 -146670 -181380 -180968 -146670 -181380 -180968 -146670
1.52683e+06 -181373 -180945 -146624 -181373 -180945 -146624 -181373 -180945 -146624
1.5266e+06 -181367 -180923 -146578 -181367 -180923 -146578 -181367 -180923 -146578
1.52637e+06 -181359 -180899 -146531 -181359 -180899 -146531 -181359 -180899 -146531
1.52613e+06 -181351 -180875 -146484 -181351 -180875 -146484 -181351 -180875 -146484
1.52589e+06 -181342 -180850 -146437 -181342 -180850 -146437 -181342 -180850 -146437
1.52564e+06 -181332 -180826 -146391 -181332 -180826 -146391 -181332 -180826 -146391
1.5254e+06 -181323 -180800 -146343 -181323 -180800 -146343 -181323 -180800 -146343
1.52515e+06 -181314 -180773 -146296 -181314 -180773 -146296 -181314 -180773 -146296
1.52489e+06 -181305 -180745 -146249 -181305 -180745 -146249 -181305 -180745 -146249
1.52464e+06 -181296 -180715 -146202 -181296 -180715 -146202 -181296 -180715 -146202
1.52438e+06 -181287 -180683 -146156 -181287 -180683 -146156 -181287 -180683 -146156
1.52412e+06 -181278 -180651 -146110 -181278 -180651 -146110 -181278 -180651 -146110
1.52385e+06 -181269 -180618 -146065 -181269 -180618 -146065 -181269 -180618 -146065
1.52359e+06 -181261 -180584 -146020 -181261 -180584 -146020 -181261 -180584 -146020
1.52333e+06 -181253 -180550 -145975 -181253 -180550 -145975 -181253 -180550 -145975
1.52307e+06 -181244 -180515 -145930 -181244 -180515 -145930 -181244 -180515 -145930
1.52281e+06 -181236 -180481 -145885 -181236 -180481 -145885 -181236 -180481 -145885
1.52254e+06 -181228 -180446 -145840 -181228 -180446 -145840 -181228 -180446 -145840
1.52228e+06 -181220 -180411 -145796 -181220 -180411 -145796 -181220 -180411 -145796
1.52202e+06 -181213 -180376 -145751 -181213 -180376 -145751 -181213 -180376 -145751
1.52176e+06 -181205 -180342 -145707 -181205 -180342 -145707 -181205 -180342 -145707
1.5215e+06 -181197 -180307 -145662 -181197 -180307 -145662 -181197 -180307 -145662
1.52124e+06 -181189 -180272 -145618 -181189 -180272 -145618 -181189 -180272 -145618
1.52098e+06 -181181 -180237 -145573 -181181 -180237 -145573 -181181 -180237 -145573
1.52071e+06 -181174 -180203 -145529 -181174 -180203 -145529 -181174 -180203 -145529
1.52045e+06 -181166 -180168 -145484 -181166 -180168 -145484 -181166 -180168 -145484
1.52019e+06 -181158 -180133 -145440 -181158 -180133 -145440 -181158 -180133 -145440
1.51993e+06 -181151 -180099 -145395 -181151 -180099 -145395 -181151 -180099 -145395
1.51967e+06 -181143 -180064 -145351 -181143 -180064 -145351 -181143 -180064 -145351
1.51941e+06 -181135 -180029 -145307 -181135 -180029 -145307 -181135 -180029 -145307
1.51916e+06 -181128 -179995 -145262 -181128 -179995 -145262 -181128 -179995 -145262
1.5189e+06 -181120 -179960 -145218 -181120 -179960 -145218 -181120 -179960 -145218
1.51864e+06 -181113 -179926 -145174 -181113 -179926 -145174 -181113 -179926 -145174
1.51838e+06 -181105 -179891 -145130 -181105 -179891 -145130 -181105 -179891 -145130
1.51812e+06 -181098 -179857 -145085 -181098 -179857 -145085 -181098 -179857 -145085
1.51786e+06 -181091 -179822 -145041 -181091 -179822 -145041 -181091 -179822 -145041
1.5176e+06 -181083 -179788 -144997 -181083 -179788 -144997 -181083 -179788 -144997
1.51735e+06 -181076 -179753 -144953 -181076 -179753 -144953 -181076 -179753 -144953
1.51709e+06 -181069 -179719 -144908 -181069 -179719 -144908 -181069 -179719 -144908
1.51683e+06 -181061 -179685 -144864 -181061 -179685 -144864 -181061 -179685 -144864
1.51657e+06 -181054 -179651 -144820 -181054 -179651 -144820 -181054 -179651 -144820
1.51632e+06 -181047 -179616 -144776 -181047 -179616 -144776 -181047 -179616 -144776
1.51606e+06 -181040 -179582 -144732 -181040 -179582 -144732 -181040 -179582 -144732
1.5158e+06 -181033 -179548 -144688 -181033 -179548 -144688 -181033 -179548 -144688
1.51555e+06 -181025 -179514 -144644 -181025 -179514 -144644 -181025 -179514 -144644
1.51529e+06 -181018 -179480 -144599 -181018 -179480 -144599 -181018 -179480 -144599
1.51504e+06 -181011 -179445 -144555 -181011 -179445 -144555 -181011 -179445 -144555
1.51478e+06 -181004 -179411 -144511 -181004 -179411 -144511 -181004 -179411 -144511
1.51453e+06 -180997 -179377 -144467 -180997 -179377 -144467 -180997 -179377 -144467
1.51427e+06 -180991 -179343 -144423 -180991 -179343 -144423 -180991 -179343 -144423
1.51402e+06 -180984 -179309 -144379 -180984 -179309 -144379 -180984 -179309 -144379
1.51376e+06 -180977 -179276 -144335 -180977 -179276 -144335 -180977 -179276 -144335
1.51351e+06 -180970 -179242 -144291 -180970 -179242 -144291 -180970 -179242 -144291
1.51325e+06 -180963 -179208 -144247 -180963 -179208 -144247 -180963 -179208 -144247
1.513e+06 -180957 -179174 -144202 -180957 -179174 -144202 -180957 -179174 -144202
1.51275e+06 -180950 -179140 -144158 -180950 -179140 -144158 -180950 -179140 -144158
1.51249e+06 -180943 -179107 -144114 -180943 -179107 -144114 -180943 -179107 -144114
1.51224e+06 -180937 -179073 -144069 -180937 -179073 -144069 -180937 -179073 -144069
1.51198e+06 -180930 -179039 -144025 -180930 -179039 -144025 -180930 -179039 -144025
1.51173e+06 -180924 -179006 -143981 -180924 -179006 -143981 -180924 -179006 -143981
1.51148e+06 -180917 -178972 -143936 -180917 -178972 -143936 -180917 -178972 -143936
1.51122e+06 -180911 -178939 -143892 -180911 -178939 -143892 -180911 -178939 -143892
1.51097e+06 -180904 -178905 -143847 -180904 -178905 -143847 -180904 -178905 -143847
1.51072e+06 -180898 -178872 -143803 -180898 -178872 -143803 -180898 -178872 -143803
1.51046e+06 -180891 -178838 -143758 -180891 -178838 -143758 -180891 -178838 -143758
1.51021e+06 -180885 -178805 -143713 -180885 -178805 -143713 -180885 -178805 -143713
1.50996e+06 -180879 -178772 -143669 -180879 -178772 -143669 -180879 -178772 -143669
1.50971e+06 -180873 -178739 -143624 -180873 -178739 -143624 -180873 -178739 -143624
1.50945e+06 -180867 -178706 -143579 -180867 -178706 -143579 -180867 -178706 -143579
1.5092e+06 -180861 -178673 -143533 -180861 -178673 -143533 -180861 -178673 -143533
1.50895e+06 -180855 -178640 -143488 -180855 -178640 -143488 -180855 -178640 -143488
1.5087e+06 -180850 -178607 -143442 -180850 -178607 -143442 -180850 -178607 -143442
1.50844e+06 -180844 -178574 -143395 -180844 -178574 -143395 -180844 -178574 -143395
1.50819e+06 -180839 -178542 -143350 -180839 -178542 -143350 -180839 -178542 -143350
1.50794e+06 -180833 -178510 -143303 -180833 -178510 -143303 -180833 -178510 -143303
1.50769e+06 -180828 -178477 -143256 -180828 -178477 -143256 -180828 -178477 -143256
1.50743e+06 -180824 -178445 -143208 -180824 -178445 -143208 -180824 -178445 -143208
