11312.1 7.45987e-05 0.000232734 0.000406254 0.00056
22624.1 0.000149198 0.000465469 0.000812508 0.00112
33936 0.000223798 0.000698205 0.00121876 0.00168
45247.6 0.000298399 0.000930941 0.00162502 0.00224
56559 0.000373 0.00116368 0.00203127 0.0028
67870.1 0.000447603 0.00139642 0.00243753 0.00336
79180.7 0.000522208 0.00162916 0.00284379 0.00392
90491 0.000596813 0.0018619 0.00325004 0.00448
101801 0.000671419 0.00209464 0.0036563 0.00504
113110 0.000746025 0.00232738 0.00406256 0.0056
124419 0.000820632 0.00256012 0.00446882 0.00616
135727 0.000895239 0.00279287 0.00487507 0.00672
147035 0.000969848 0.00302561 0.00528133 0.00728
158341 0.00104446 0.00325835 0.00568759 0.00784
169647 0.00111907 0.0034911 0.00609384 0.0084
180953 0.00119368 0.00372384 0.0065001 0.00896
192182 0.00126814 0.00395658 0.00690653 0.00952
203258 0.00134207 0.00418824 0.00731228 0.01008
214326 0.00141597 0.00441983 0.00771797 0.01064
225329 0.00148975 0.00465141 0.00812381 0.0112
236146 0.00156282 0.00488146 0.00852836 0.01176
246893 0.00163567 0.00511092 0.00893232 0.01232
257589 0.00170881 0.00534095 0.00933662 0.01288
268228 0.00178182 0.00557089 0.00974094 0.01344
278710 0.00185425 0.00579953 0.0101441 0.014
289115 0.0019264 0.0060276 0.0105468 0.01456
299330 0.00199854 0.00625614 0.0109502 0.01512
309313 0.0020699 0.00648312 0.0113525 0.01568
319202 0.00214092 0.00670938 0.0117543 0.01624
328963 0.00221183 0.00693503 0.0121554 0.0168
338644 0.00228274 0.00716053 0.0125565 0.01736
348216 0.00235349 0.00738536 0.0129568 0.01792
357595 0.00242401 0.00760979 0.0133566 0.01848
366735 0.00249413 0.00783306 0.0137554 0.01904
375643 0.00256489 0.00805616 0.0141536 0.0196
384463 0.00263637 0.00828025 0.0145524 0.02016
393169 0.00270881 0.00850528 0.0149515 0.02072
401831 0.00278135 0.00873041 0.0153506 0.02128
410467 0.00285408 0.00895568 0.0157497 0.02184
419004 0.00292638 0.00917999 0.0161478 0.0224
427364 0.00299885 0.00940428 0.0165456 0.02296
435562 0.00307182 0.00962858 0.0169432 0.02352
443721 0.00314533 0.00985342 0.0173411 0.02408
451798 0.00321964 0.0100791 0.0177395 0.02464
459742 0.00329464 0.0103058 0.0181385 0.0252
467600 0.00336996 0.0105328 0.0185377 0.02576
475421 0.00344557 0.0107602 0.0189371 0.02632
483197 0.00352102 0.0109872 0.0193361 0.02688
490923 0.00359661 0.0112142 0.0197348 0.02744
498517 0.00367378 0.0114429 0.0201344 0.028
505988 0.00375243 0.0116734 0.020535 0.02856
513381 0.0038315 0.0119043 0.0209357 0.02912
520684 0.00391165 0.0121362 0.021337 0.02968
527911 0.00399234 0.0123684 0.0217382 0.03024
535051 0.00407378 0.0126016 0.02214 0.0308
542139 0.0041552 0.0128348 0.0225419 0.03136
549158 0.00423661 0.013068 0.0229438 0.03192
556156 0.00431826 0.0133014 0.0233458 0.03248
563095 0.00440065 0.0135358 0.0237483 0.03304
569931 0.00448453 0.0137718 0.0241518 0.0336
576724 0.00456838 0.0140077 0.0245551 0.03416
583441 0.00465292 0.0142444 0.0249588 0.03472
590069 0.00473844 0.0144823 0.0253632 0.03528
596602 0.00482476 0.014721 0.025768 0.03584
603092 0.00491106 0.0149597 0.0261728 0.0364
609538 0.00499753 0.0151985 0.0265775 0.03696
615941 0.00508411 0.0154372 0.0269821 0.03752
622314 0.00517119 0.0156764 0.027387 0.03808
628681 0.00525828 0.0159156 0.0277918 0.03864
634993 0.00534585 0.0161554 0.028197 0.0392
641249 0.0054341 0.0163961 0.0286026 0.03976
647413 0.00552315 0.0166378 0.0290088 0.04032
653529 0.00561277 0.0168801 0.0294154 0.04088
659587 0.005702 0.017122 0.0298217 0.04144
665601 0.00579091 0.0173637 0.0302279 0.042
671570 0.00588045 0.0176061 0.0306345 0.04256
677478 0.00597063 0.0178492 0.0310414 0.04312
683322 0.00606125 0.0180928 0.0314486 0.04368
689155 0.00615198 0.0183366 0.0318559 0.04424
694937 0.00624345 0.0185813 0.0322637 0.0448
700681 0.00633498 0.0188263 0.0326717 0.04536
706418 0.00642637 0.0190713 0.0330797 0.04592
712131 0.00651783 0.0193162 0.0334876 0.04648
717822 0.00660946 0.0195613 0.0338956 0.04704
723479 0.00670163 0.0198071 0.0343039 0.0476
729096 0.00679437 0.0200534 0.0347126 0.04816
734649 0.00688737 0.0203002 0.0351214 0.04872
740189 0.00698012 0.0205468 0.0355302 0.04928
745692 0.00707347 0.020794 0.0359393 0.04984
751177 0.00716691 0.0210413 0.0363484 0.0504
756648 0.00726057 0.0212889 0.0367576 0.05096
762083 0.00735466 0.021537 0.0371672 0.05152
767508 0.00744867 0.0217851 0.0375768 0.05208
772920 0.00754281 0.0220334 0.0379864 0.05264
778289 0.00763771 0.0222825 0.0383966 0.0532
783647 0.00773247 0.0225315 0.0388067 0.05376
788972 0.00782714 0.0227808 0.039217 0.05432
794275 0.00792173 0.0230302 0.0396274 0.05488
799573 0.00801633 0.0232796 0.0400377 0.05544
804831 0.00811167 0.0235297 0.0404485 0.056
810083 0.00820709 0.0237799 0.0408593 0.05656
815323 0.0083025 0.0240301 0.0412702 0.05712
820556 0.0083978 0.0242802 0.041681 0.05768
825756 0.00849351 0.0245308 0.042092 0.05824
830934 0.00858929 0.0247815 0.0425031 0.0588
836077 0.00868499 0.0250322 0.0429143 0.05936
841208 0.00878044 0.0252828 0.0433254 0.05992
846310 0.00887583 0.0255336 0.0437366 0.06048
851406 0.00897119 0.0257843 0.0441479 0.06104
856486 0.00906639 0.026035 0.0445592 0.0616
861521 0.00916201 0.0262861 0.0449706 0.06216
866541 0.0092576 0.0265371 0.0453821 0.06272
871533 0.00935364 0.0267886 0.0457938 0.06328
876516 0.00944975 0.0270402 0.0462056 0.06384
881466 0.00954644 0.0272924 0.0466176 0.0644
886404 0.00964334 0.0275447 0.0470298 0.06496
891327 0.00974003 0.0277969 0.0474418 0.06552
896247 0.00983669 0.028049 0.0478538 0.06608
901163 0.00993335 0.0283011 0.0482658 0.06664
906059 0.0100299 0.0285533 0.0486778 0.0672
910948 0.0101264 0.0288054 0.0490898 0.06776
915832 0.0102227 0.0290575 0.0495018 0.06832
920695 0.0103191 0.0293095 0.0499138 0.06888
925524 0.0104156 0.0295619 0.0503258 0.06944
930326 0.0105124 0.0298146 0.0507381 0.07
935119 0.0106093 0.0300674 0.0511504 0.07056
939899 0.0107064 0.0303203 0.0515627 0.07112
944676 0.0108035 0.0305732 0.0519751 0.07168
949440 0.0109005 0.0308261 0.0523874 0.07224
954195 0.0109975 0.031079 0.0527998 0.0728
958939 0.0110943 0.0313317 0.053212 0.07336
963677 0.0111911 0.0315844 0.0536242 0.07392
968408 0.0112879 0.0318371 0.0540364 0.07448
973130 0.0113846 0.0320897 0.0544486 0.07504
977845 0.0114812 0.0323424 0.0548608 0.0756
982550 0.0115778 0.032595 0.055273 0.07616
987232 0.0116741 0.0328476 0.0556852 0.07672
991906 0.0117703 0.0331002 0.0560974 0.07728
996561 0.0118668 0.033353 0.0565098 0.07784
1.00121e+06 0.0119634 0.0336059 0.0569222 0.0784
1.00584e+06 0.0120601 0.0338589 0.0573346 0.07896
1.01045e+06 0.0121566 0.034112 0.0577472 0.07952
1.01505e+06 0.0122532 0.0343652 0.0581598 0.08008
1.01964e+06 0.0123498 0.0346185 0.0585724 0.08064
1.02423e+06 0.0124464 0.0348717 0.058985 0.0812
1.02881e+06 0.0125429 0.0351249 0.0593976 0.08176
1.03337e+06 0.0126395 0.0353781 0.0598103 0.08232
1.03793e+06 0.0127362 0.0356315 0.060223 0.08288
1.04247e+06 0.0128328 0.0358849 0.0606357 0.08344
1.04701e+06 0.0129294 0.0361382 0.0610484 0.084
1.05154e+06 0.013026 0.0363915 0.0614611 0.08456
1.05607e+06 0.0131226 0.0366448 0.0618738 0.08512
1.0606e+06 0.0132191 0.0368981 0.0622864 0.08568
1.06509e+06 0.013316 0.0371516 0.0626992 0.08624
1.06959e+06 0.0134128 0.0374051 0.063112 0.0868
1.07407e+06 0.0135095 0.0376586 0.0635248 0.08736
1.07856e+06 0.0136062 0.037912 0.0639375 0.08792
1.08304e+06 0.0137029 0.0381654 0.0643502 0.08848
1.08751e+06 0.0137996 0.0384188 0.0647629 0.08904
1.09198e+06 0.0138962 0.0386721 0.0651756 0.0896
1.09642e+06 0.0139928 0.0389256 0.0655883 0.09016
1.10083e+06 0.0140893 0.0391793 0.0660012 0.09072
1.10522e+06 0.0141859 0.0394331 0.0664142 0.09128
1.1096e+06 0.0142825 0.039687 0.0668273 0.09184
1.11397e+06 0.0143795 0.0399412 0.0672405 0.0924
1.11832e+06 0.0144763 0.0401952 0.0676536 0.09296
1.12267e+06 0.014573 0.0404491 0.0680667 0.09352
1.12702e+06 0.0146696 0.040703 0.0684797 0.09408
1.13136e+06 0.0147662 0.0409569 0.0688927 0.09464
1.13568e+06 0.0148628 0.0412107 0.0693057 0.0952
1.14001e+06 0.0149593 0.0414645 0.0697187 0.09576
1.14433e+06 0.0150558 0.0417182 0.0701317 0.09632
1.14864e+06 0.0151522 0.0419719 0.0705446 0.09688
1.15294e+06 0.0152486 0.0422256 0.0709576 0.09744
1.15724e+06 0.0153449 0.0424792 0.0713706 0.098
1.16153e+06 0.0154407 0.0427325 0.0717834 0.09856
1.1658e+06 0.0155364 0.0429857 0.0721962 0.09912
1.17007e+06 0.015632 0.0432388 0.0726089 0.09968
1.17434e+06 0.0157275 0.0434918 0.0730216 0.10024
1.17859e+06 0.0158231 0.0437449 0.0734343 0.1008
1.18283e+06 0.0159187 0.0439982 0.0738472 0.10136
1.18705e+06 0.0160146 0.0442518 0.0742603 0.10192
1.19126e+06 0.0161105 0.0445053 0.0746734 0.10248
1.19547e+06 0.0162064 0.0447587 0.0750864 0.10304
1.19967e+06 0.0163022 0.0450122 0.0754994 0.1036
1.20386e+06 0.016398 0.0452656 0.0759124 0.10416
1.20805e+06 0.0164937 0.0455189 0.0763253 0.10472
1.21223e+06 0.0165894 0.0457722 0.0767382 0.10528
1.2164e+06 0.0166851 0.0460255 0.0771511 0.10584
1.22057e+06 0.0167808 0.0462788 0.0775639 0.1064
1.22473e+06 0.0168764 0.046532 0.0779767 0.10696
1.22889e+06 0.0169719 0.0467851 0.0783895 0.10752
1.23304e+06 0.0170674 0.0470383 0.0788023 0.10808
1.23719e+06 0.017163 0.0472914 0.079215 0.10864
1.24133e+06 0.0172584 0.0475445 0.0796277 0.1092
1.24546e+06 0.0173539 0.0477976 0.0800405 0.10976
1.24958e+06 0.0174494 0.0480507 0.0804532 0.11032
1.25369e+06 0.0175446 0.0483038 0.0808659 0.11088
1.25778e+06 0.0176398 0.0485568 0.0812786 0.11144
1.26187e+06 0.0177349 0.0488097 0.0816913 0.112
1.26595e+06 0.0178298 0.0490626 0.0821039 0.11256
1.27002e+06 0.0179247 0.0493153 0.0825165 0.11312
1.27409e+06 0.0180196 0.0495681 0.082929 0.11368
1.27815e+06 0.0181144 0.0498208 0.0833415 0.11424
1.28221e+06 0.0182093 0.0500735 0.083754 0.1148
1.28626e+06 0.0183041 0.0503261 0.0841664 0.11536
1.2903e+06 0.0183989 0.0505788 0.0845789 0.11592
1.29434e+06 0.0184938 0.0508315 0.0849914 0.11648
1.29838e+06 0.0185887 0.0510842 0.0854039 0.11704
1.3024e+06 0.0186835 0.0513368 0.0858163 0.1176
1.30643e+06 0.0187784 0.0515894 0.0862288 0.11816
1.31044e+06 0.0188732 0.051842 0.0866412 0.11872
1.31445e+06 0.0189678 0.0520944 0.0870536 0.11928
1.31845e+06 0.0190623 0.0523468 0.0874659 0.11984
1.32244e+06 0.0191568 0.0525991 0.0878782 0.1204
1.32643e+06 0.0192513 0.0528514 0.0882904 0.12096
1.33041e+06 0.0193457 0.0531036 0.0887027 0.12152
1.33438e+06 0.0194402 0.0533558 0.0891149 0.12208
1.33835e+06 0.0195346 0.053608 0.0895272 0.12264
1.34231e+06 0.0196287 0.0538601 0.0899394 0.1232
1.34625e+06 0.0197227 0.0541122 0.0903518 0.12376
1.35018e+06 0.0198167 0.0543643 0.0907642 0.12432
1.3541e+06 0.0199107 0.0546165 0.0911765 0.12488
1.35801e+06 0.0200046 0.0548685 0.0915888 0.12544
1.36192e+06 0.0200985 0.0551206 0.0920012 0.126
1.36582e+06 0.0201924 0.0553727 0.0924135 0.12656
1.36971e+06 0.0202861 0.0556246 0.092826 0.12712
1.37358e+06 0.0203799 0.0558767 0.0932384 0.12768
1.37745e+06 0.0204736 0.0561288 0.0936509 0.12824
1.38131e+06 0.0205674 0.0563808 0.0940633 0.1288
1.38516e+06 0.0206611 0.0566329 0.0944758 0.12936
1.38901e+06 0.0207548 0.0568849 0.0948882 0.12992
1.39285e+06 0.0208485 0.0571369 0.0953006 0.13048
1.39668e+06 0.0209421 0.0573888 0.0957129 0.13104
1.40051e+06 0.0210354 0.0576405 0.0961252 0.1316
1.40433e+06 0.0211287 0.0578922 0.0965374 0.13216
1.40814e+06 0.021222 0.0581438 0.0969496 0.13272
1.41195e+06 0.0213152 0.0583954 0.0973618 0.13328
1.41575e+06 0.0214084 0.058647 0.0977739 0.13384
1.41955e+06 0.0215015 0.0588985 0.098186 0.1344
1.42334e+06 0.0215946 0.05915 0.0985981 0.13496
1.42712e+06 0.0216876 0.0594015 0.0990102 0.13552
1.4309e+06 0.0217807 0.0596529 0.0994222 0.13608
1.43467e+06 0.0218738 0.0599043 0.0998343 0.13664
1.43844e+06 0.0219668 0.0601557 0.100246 0.1372
1.4422e+06 0.0220598 0.0604071 0.100658 0.13776
1.44595e+06 0.0221529 0.0606585 0.10107 0.13832
1.4497e+06 0.0222459 0.0609098 0.101482 0.13888
1.45344e+06 0.0223388 0.0611611 0.101894 0.13944
1.45718e+06 0.0224316 0.0614123 0.102306 0.14
1.46091e+06 0.0225243 0.0616635 0.102718 0.14056
1.46463e+06 0.0226171 0.0619146 0.10313 0.14112
1.46834e+06 0.0227098 0.0621658 0.103541 0.14168
1.47204e+06 0.0228028 0.0624171 0.103953 0.14224
1.47572e+06 0.0228959 0.0626686 0.104365 0.1428
1.4794e+06 0.022989 0.0629201 0.104777 0.14336
1.48308e+06 0.0230821 0.0631715 0.105189 0.14392
1.48674e+06 0.0231752 0.0634229 0.105601 0.14448
1.4904e+06 0.023268 0.0636741 0.106013 0.14504
1.49405e+06 0.0233608 0.0639253 0.106425 0.1456
1.49769e+06 0.0234536 0.0641764 0.106837 0.14616
1.50133e+06 0.0235463 0.0644275 0.107249 0.14672
1.50495e+06 0.023639 0.0646787 0.107661 0.14728
1.50858e+06 0.0237315 0.0649297 0.108073 0.14784
1.51219e+06 0.0238241 0.0651808 0.108485 0.1484
1.5158e+06 0.0239167 0.0654318 0.108896 0.14896
1.5194e+06 0.0240092 0.0656828 0.109308 0.14952
1.523e+06 0.0241018 0.0659339 0.10972 0.15008
1.52659e+06 0.0241942 0.0661849 0.110132 0.15064
1.53017e+06 0.0242866 0.0664358 0.110544 0.1512
1.53374e+06 0.0243789 0.0666867 0.110956 0.15176
1.5373e+06 0.0244713 0.0669375 0.111368 0.15232
1.54086e+06 0.0245634 0.0671882 0.11178 0.15288
1.54441e+06 0.0246556 0.067439 0.112192 0.15344
1.54795e+06 0.0247478 0.0676897 0.112604 0.154
1.55149e+06 0.0248399 0.0679404 0.113015 0.15456
1.55502e+06 0.0249321 0.0681911 0.113427 0.15512
1.55854e+06 0.0250244 0.0684418 0.113839 0.15568
1.56206e+06 0.0251166 0.0686924 0.114251 0.15624
1.56557e+06 0.0252089 0.0689431 0.114663 0.1568
1.56907e+06 0.0253012 0.0691938 0.115075 0.15736
1.57256e+06 0.0253935 0.0694445 0.115486 0.15792
1.57605e+06 0.0254858 0.0696951 0.115898 0.15848
1.57952e+06 0.0255783 0.0699459 0.11631 0.15904
1.58299e+06 0.0256708 0.0701968 0.116722 0.1596
1.58645e+06 0.0257634 0.0704476 0.117134 0.16016
1.5899e+06 0.0258561 0.0706985 0.117545 0.16072
1.59335e+06 0.0259488 0.0709495 0.117957 0.16128
1.59678e+06 0.0260416 0.0712004 0.118369 0.16184
1.60021e+06 0.0261345 0.0714516 0.118781 0.1624
1.60363e+06 0.0262274 0.0717027 0.119193 0.16296
1.60703e+06 0.0263204 0.0719539 0.119605 0.16352
1.61043e+06 0.0264135 0.0722052 0.120017 0.16408
1.61382e+06 0.0265067 0.0724566 0.12043 0.16464
1.6172e+06 0.0265999 0.072708 0.120842 0.1652
1.62058e+06 0.026693 0.0729594 0.121254 0.16576
1.62394e+06 0.0267863 0.0732109 0.121666 0.16632
1.62729e+06 0.0268795 0.0734623 0.122078 0.16688
1.63063e+06 0.0269728 0.0737138 0.122491 0.16744
1.63396e+06 0.0270663 0.0739654 0.122903 0.168
1.63728e+06 0.0271596 0.0742169 0.123315 0.16856
1.64059e+06 0.027253 0.0744685 0.123728 0.16912
1.64388e+06 0.0273466 0.0747201 0.12414 0.16968
1.64717e+06 0.0274403 0.074972 0.124552 0.17024
1.65044e+06 0.0275342 0.075224 0.124965 0.1708
1.6537e+06 0.0276282 0.0754761 0.125377 0.17136
1.65696e+06 0.0277224 0.0757283 0.12579 0.17192
1.6602e+06 0.0278167 0.0759806 0.126202 0.17248
1.66343e+06 0.0279112 0.076233 0.126615 0.17304
1.66665e+06 0.0280058 0.0764855 0.127028 0.1736
1.66986e+06 0.0281005 0.076738 0.127441 0.17416
1.67306e+06 0.0281955 0.0769908 0.127854 0.17472
1.67624e+06 0.0282907 0.0772438 0.128267 0.17528
1.67941e+06 0.0283862 0.0774969 0.12868 0.17584
1.68258e+06 0.0284819 0.0777503 0.129093 0.1764
1.68573e+06 0.0285778 0.0780038 0.129506 0.17696
1.68887e+06 0.0286739 0.0782574 0.12992 0.17752
1.69199e+06 0.02877 0.0785109 0.130333 0.17808
1.6951e+06 0.0288664 0.0787648 0.130746 0.17864
1.69821e+06 0.028963 0.0790187 0.13116 0.1792
1.7013e+06 0.0290598 0.0792728 0.131573 0.17976
1.70437e+06 0.0291568 0.0795271 0.131987 0.18032
1.70744e+06 0.0292541 0.0797816 0.132401 0.18088
1.7105e+06 0.0293517 0.0800363 0.132815 0.18144
1.71354e+06 0.0294495 0.0802912 0.133229 0.182
1.71657e+06 0.0295475 0.0805463 0.133643 0.18256
1.71959e+06 0.0296458 0.0808016 0.134057 0.18312
1.72259e+06 0.0297444 0.0810571 0.134472 0.18368
1.72558e+06 0.0298431 0.0813128 0.134886 0.18424
1.72855e+06 0.0299422 0.0815687 0.135301 0.1848
1.73152e+06 0.0300415 0.0818248 0.135715 0.18536
1.73447e+06 0.0301411 0.0820811 0.13613 0.18592
1.73741e+06 0.0302409 0.0823378 0.136545 0.18648
1.74034e+06 0.030341 0.0825946 0.13696 0.18704
1.74325e+06 0.0304413 0.0828515 0.137376 0.1876
1.74615e+06 0.0305418 0.0831087 0.137791 0.18816
1.74904e+06 0.0306425 0.0833659 0.138206 0.18872
1.75192e+06 0.0307433 0.0836233 0.138622 0.18928
1.75478e+06 0.0308443 0.0838808 0.139038 0.18984
1.75763e+06 0.0309455 0.0841384 0.139453 0.1904
1.76047e+06 0.0310468 0.0843961 0.139869 0.19096
1.7633e+06 0.0311482 0.0846539 0.140284 0.19152
1.76611e+06 0.0312497 0.0849118 0.1407 0.19208
1.76892e+06 0.0313513 0.0851697 0.141116 0.19264
1.77171e+06 0.031453 0.0854276 0.141532 0.1932
1.77449e+06 0.0315546 0.0856855 0.141947 0.19376
1.77726e+06 0.0316563 0.0859433 0.142363 0.19432
1.78002e+06 0.031758 0.0862012 0.142779 0.19488
1.78277e+06 0.0318598 0.0864592 0.143194 0.19544
1.78551e+06 0.0319616 0.0867171 0.14361 0.196
1.78824e+06 0.0320635 0.0869751 0.144026 0.19656
1.79096e+06 0.0321655 0.087233 0.144441 0.19712
1.79366e+06 0.0322675 0.087491 0.144857 0.19768
1.79636e+06 0.0323695 0.087749 0.145273 0.19824
1.79904e+06 0.0324716 0.088007 0.145688 0.1988
1.80171e+06 0.0325737 0.088265 0.146104 0.19936
1.80437e+06 0.032676 0.0885231 0.14652 0.19992
1.80702e+06 0.0327783 0.0887813 0.146935 0.20048
1.80966e+06 0.0328807 0.0890394 0.147351 0.20104
1.81228e+06 0.0329831 0.0892976 0.147766 0.2016
1.81489e+06 0.0330857 0.0895558 0.148182 0.20216
1.81748e+06 0.0331887 0.0898145 0.148598 0.20272
1.82006e+06 0.0332918 0.0900731 0.149014 0.20328
1.82263e+06 0.033395 0.0903318 0.14943 0.20384
1.82518e+06 0.0334981 0.0905905 0.149846 0.2044
1.82772e+06 0.0336013 0.0908492 0.150262 0.20496
1.83023e+06 0.0337051 0.0911083 0.150678 0.20552
1.83273e+06 0.033809 0.0913676 0.151094 0.20608
1.83522e+06 0.0339132 0.0916269 0.151511 0.20664
1.83769e+06 0.0340175 0.0918864 0.151927 0.2072
1.84015e+06 0.034122 0.0921461 0.152343 0.20776
1.84259e+06 0.0342267 0.0924059 0.15276 0.20832
1.84501e+06 0.0343317 0.0926659 0.153176 0.20888
1.84741e+06 0.0344375 0.0929264 0.153593 0.20944
1.84979e+06 0.0345437 0.0931873 0.15401 0.21
1.85215e+06 0.0346503 0.0934485 0.154427 0.21056
1.85449e+06 0.0347578 0.0937104 0.154845 0.21112
1.85679e+06 0.0348668 0.0939734 0.155263 0.21168
1.85907e+06 0.0349763 0.0942369 0.155681 0.21224
1.86133e+06 0.0350863 0.0945008 0.1561 0.2128
1.86357e+06 0.0351969 0.0947651 0.156519 0.21336
1.86579e+06 0.0353081 0.0950298 0.156937 0.21392
1.868e+06 0.0354198 0.0952949 0.157357 0.21448
1.87018e+06 0.0355321 0.0955604 0.157776 0.21504
1.87234e+06 0.035645 0.0958264 0.158195 0.2156
1.87449e+06 0.0357584 0.0960929 0.158615 0.21616
1.87661e+06 0.0358725 0.0963598 0.159035 0.21672
1.87871e+06 0.0359873 0.0966273 0.159455 0.21728
1.88079e+06 0.0361026 0.0968953 0.159876 0.21784
1.88285e+06 0.0362186 0.0971637 0.160297 0.2184
1.88489e+06 0.0363353 0.0974327 0.160718 0.21896
1.88691e+06 0.0364527 0.0977021 0.161139 0.21952
1.88891e+06 0.0365707 0.0979722 0.16156 0.22008
1.89089e+06 0.0366893 0.0982426 0.161982 0.22064
1.89284e+06 0.0368087 0.0985136 0.162404 0.2212
1.89478e+06 0.0369287 0.0987851 0.162826 0.22176
1.8967e+06 0.0370493 0.0990571 0.163249 0.22232
1.8986e+06 0.0371706 0.0993296 0.163671 0.22288
1.90048e+06 0.0372925 0.0996026 0.164094 0.22344
1.90235e+06 0.037415 0.0998762 0.164518 0.224
1.90419e+06 0.0375382 0.10015 0.164941 0.22456
1.90602e+06 0.0376619 0.100425 0.165365 0.22512
1.90784e+06 0.0377861 0.1007 0.165789 0.22568
1.90963e+06 0.0379108 0.100975 0.166213 0.22624
1.91141e+06 0.038036 0.10125 0.166638 0.2268
1.91318e+06 0.0381617 0.101526 0.167062 0.22736
1.91493e+06 0.0382878 0.101803 0.167487 0.22792
1.91667e+06 0.0384142 0.102079 0.167911 0.22848
1.91839e+06 0.038541 0.102356 0.168336 0.22904
1.9201e+06 0.0386681 0.102633 0.168761 0.2296
1.92179e+06 0.0387956 0.10291 0.169186 0.23016
1.92348e+06 0.0389233 0.103188 0.169611 0.23072
1.92512e+06 0.0390529 0.103467 0.170037 0.23128
1.92675e+06 0.0391831 0.103746 0.170464 0.23184
1.92837e+06 0.0393136 0.104026 0.17089 0.2324
1.92998e+06 0.0394444 0.104306 0.171317 0.23296
1.93157e+06 0.0395753 0.104586 0.171743 0.23352
1.93316e+06 0.0397064 0.104866 0.17217 0.23408
1.93473e+06 0.0398376 0.105147 0.172597 0.23464
1.93625e+06 0.0399723 0.10543 0.173025 0.2352
1.93775e+06 0.0401072 0.105713 0.173453 0.23576
1.93924e+06 0.0402425 0.105997 0.173881 0.23632
1.94072e+06 0.0403779 0.106281 0.17431 0.23688
1.94219e+06 0.0405135 0.106564 0.174738 0.23744
1.94365e+06 0.0406491 0.106848 0.175166 0.238
1.9451e+06 0.0407847 0.107132 0.175595 0.23856
1.94654e+06 0.0409205 0.107416 0.176023 0.23912
1.94798e+06 0.0410564 0.1077 0.176452 0.23968
1.9494e+06 0.0411923 0.107984 0.17688 0.24024
1.95082e+06 0.0413283 0.108268 0.177309 0.2408
1.95223e+06 0.0414643 0.108552 0.177737 0.24136
1.95363e+06 0.0416004 0.108836 0.178166 0.24192
1.95502e+06 0.0417366 0.10912 0.178594 0.24248
1.9564e+06 0.0418729 0.109405 0.179022 0.24304
1.95777e+06 0.0420092 0.109689 0.179451 0.2436
1.95913e+06 0.0421455 0.109973 0.179879 0.24416
1.96049e+06 0.0422819 0.110257 0.180308 0.24472
1.96184e+06 0.0424184 0.110542 0.180736 0.24528
1.96317e+06 0.0425549 0.110826 0.181164 0.24584
1.9645e+06 0.0426914 0.11111 0.181593 0.2464
1.96582e+06 0.042828 0.111395 0.182021 0.24696
1.96713e+06 0.0429647 0.111679 0.18245 0.24752
1.96843e+06 0.0431014 0.111963 0.182878 0.24808
1.96973e+06 0.0432381 0.112248 0.183306 0.24864
1.97101e+06 0.0433749 0.112532 0.183734 0.2492
1.97229e+06 0.0435117 0.112816 0.184163 0.24976
1.97355e+06 0.0436485 0.113101 0.184591 0.25032
1.97481e+06 0.0437854 0.113385 0.185019 0.25088
1.97606e+06 0.0439224 0.11367 0.185447 0.25144
1.9773e+06 0.0440594 0.113954 0.185876 0.252
1.97853e+06 0.0441964 0.114239 0.186304 0.25256
1.97975e+06 0.0443335 0.114523 0.186732 0.25312
1.98096e+06 0.0444706 0.114808 0.18716 0.25368
1.98217e+06 0.0446077 0.115092 0.187589 0.25424
1.98336e+06 0.0447449 0.115377 0.188017 0.2548
1.98454e+06 0.0448822 0.115661 0.188445 0.25536
1.98572e+06 0.0450195 0.115946 0.188873 0.25592
1.98688e+06 0.0451569 0.116231 0.189301 0.25648
1.98803e+06 0.0452944 0.116515 0.18973 0.25704
1.98917e+06 0.0454319 0.1168 0.190158 0.2576
1.99031e+06 0.0455695 0.117085 0.190586 0.25816
1.99143e+06 0.0457072 0.11737 0.191014 0.25872
1.99254e+06 0.0458451 0.117655 0.191442 0.25928
1.99364e+06 0.045983 0.11794 0.191871 0.25984
1.99472e+06 0.0461211 0.118225 0.192299 0.2604
1.9958e+06 0.0462593 0.11851 0.192727 0.26096
1.99686e+06 0.0463976 0.118795 0.193156 0.26152
1.99791e+06 0.0465362 0.119081 0.193584 0.26208
1.99895e+06 0.046675 0.119366 0.194013 0.26264
1.979e+06 0.0466183 0.119547 0.194475 0.2632
1.98135e+06 0.046691 0.119775 0.194872 0.26376
1.98355e+06 0.0467682 0.120007 0.195271 0.26432
1.98513e+06 0.0468814 0.120271 0.195687 0.26488
1.9863e+06 0.0470194 0.120555 0.196114 0.26544
1.98747e+06 0.0471573 0.120839 0.196541 0.266
1.98862e+06 0.0472951 0.121123 0.196968 0.26656
1.98977e+06 0.0474328 0.121407 0.197395 0.26712
1.99091e+06 0.0475705 0.12169 0.197822 0.26768
1.99204e+06 0.047708 0.121974 0.198249 0.26824
1.99316e+06 0.0478455 0.122258 0.198676 0.2688
1.99427e+06 0.0479829 0.122541 0.199102 0.26936
1.99536e+06 0.04812 0.122824 0.199529 0.26992
1.97735e+06 0.0480709 0.123008 0.199988 0.27048
1.9795e+06 0.0481441 0.123237 0.200385 0.27104
1.98152e+06 0.0482215 0.123469 0.200784 0.2716
1.98281e+06 0.0483451 0.123741 0.201204 0.27216
1.9839e+06 0.048482 0.124024 0.201631 0.27272
1.98497e+06 0.0486187 0.124306 0.202057 0.27328
1.98603e+06 0.0487556 0.124589 0.202483 0.27384
1.98702e+06 0.0488966 0.124875 0.202911 0.2744
1.98789e+06 0.0490423 0.125166 0.203341 0.27496
1.98875e+06 0.0491884 0.125456 0.203772 0.27552
1.98959e+06 0.0493346 0.125747 0.204203 0.27608
1.99043e+06 0.0494808 0.126038 0.204633 0.27664
1.99122e+06 0.0496278 0.126329 0.205064 0.2772
1.96934e+06 0.049462 0.126119 0.205136 0.27776
1.97196e+06 0.0495281 0.126337 0.205526 0.27832
1.97445e+06 0.0495954 0.126557 0.205918 0.27888
1.97659e+06 0.0496684 0.126785 0.206315 0.27944
1.97837e+06 0.0497602 0.12703 0.20672 0.28
1.97918e+06 0.0499109 0.127325 0.207152 0.28056
1.97992e+06 0.0500644 0.127623 0.207586 0.28112
1.98058e+06 0.0502209 0.127923 0.20802 0.28168
1.98117e+06 0.0503801 0.128225 0.208457 0.28224
1.98176e+06 0.0505395 0.128528 0.208893 0.2828
1.9823e+06 0.0507002 0.128832 0.20933 0.28336
1.98286e+06 0.0508595 0.129134 0.209766 0.28392
1.98339e+06 0.0510187 0.129436 0.210202 0.28448
1.96381e+06 0.0508797 0.129265 0.210302 0.28504
1.96635e+06 0.0509464 0.129482 0.210691 0.2856
1.96875e+06 0.051015 0.129701 0.211081 0.28616
1.97079e+06 0.0510908 0.129931 0.211478 0.28672
1.97146e+06 0.0512429 0.130227 0.211911 0.28728
1.97202e+06 0.0514017 0.130528 0.212346 0.28784
1.93334e+06 0.0529081 0.132022 0.213418 0.2884
1.93502e+06 0.0530896 0.132353 0.213874 0.28896
1.93664e+06 0.0532737 0.132686 0.214332 0.28952
1.93795e+06 0.0534555 0.133018 0.214789 0.29008
1.93904e+06 0.0536352 0.133349 0.215247 0.29064
1.94004e+06 0.0538127 0.133676 0.215703 0.2912
1.94076e+06 0.0539813 0.133992 0.21615 0.29176
1.9413e+06 0.0541428 0.134297 0.216588 0.29232
1.9418e+06 0.0543032 0.1346 0.217024 0.29288
1.94229e+06 0.0544631 0.134903 0.217461 0.29344
1.94276e+06 0.0546231 0.135206 0.217897 0.294
1.92924e+06 0.0546271 0.135405 0.21833 0.29456
1.9311e+06 0.0547319 0.135657 0.218737 0.29512
1.93164e+06 0.0548918 0.13596 0.219173 0.29568
1.93214e+06 0.0550526 0.136263 0.219609 0.29624
1.93264e+06 0.0552131 0.136566 0.220045 0.2968
1.93314e+06 0.0553736 0.136868 0.220481 0.29736
1.93363e+06 0.0555343 0.137171 0.220917 0.29792
1.91634e+06 0.0563618 0.138071 0.221676 0.29848
1.91777e+06 0.05654 0.1384 0.222132 0.29904
1.9188e+06 0.0567101 0.138719 0.222582 0.2996
1.9194e+06 0.056868 0.139019 0.223017 0.30016
1.91989e+06 0.0570282 0.139322 0.223453 0.30072
1.92036e+06 0.0571886 0.139625 0.223888 0.30128
1.92082e+06 0.0573492 0.139928 0.224324 0.30184
1.92126e+06 0.0575099 0.140231 0.22476 0.3024
1.92169e+06 0.0576707 0.140534 0.225197 0.30296
1.92209e+06 0.0578315 0.140838 0.225633 0.30352
1.9225e+06 0.0579926 0.141142 0.22607 0.30408
1.92289e+06 0.0581537 0.141446 0.226507 0.30464
1.92326e+06 0.0583147 0.14175 0.226944 0.3052
1.92362e+06 0.0584759 0.142054 0.227382 0.30576
1.92396e+06 0.0586372 0.142358 0.227819 0.30632
1.92429e+06 0.0587986 0.142663 0.228256 0.30688
1.91514e+06 0.0591193 0.143185 0.228829 0.30744
1.90603e+06 0.0594437 0.143711 0.229403 0.308
1.90654e+06 0.0596093 0.144021 0.229846 0.30856
1.90692e+06 0.05977 0.144325 0.230283 0.30912
1.90729e+06 0.0599307 0.144628 0.23072 0.30968
1.90764e+06 0.0600915 0.144932 0.231157 0.31024
1.88364e+06 0.0610972 0.145982 0.231995 0.3108
1.8855e+06 0.0612696 0.146307 0.232451 0.31136
1.88707e+06 0.0614385 0.14663 0.232907 0.31192
1.87963e+06 0.0617231 0.147118 0.233464 0.31248
1.87164e+06 0.0620255 0.147621 0.23403 0.31304
1.87244e+06 0.0622028 0.14795 0.234489 0.3136
1.87303e+06 0.0623719 0.148267 0.234938 0.31416
1.87345e+06 0.0625341 0.148574 0.23538 0.31472
1.8738e+06 0.0626934 0.148877 0.235818 0.31528
1.87415e+06 0.0628525 0.14918 0.236255 0.31584
1.87449e+06 0.0630116 0.149482 0.236693 0.3164
1.87481e+06 0.0631705 0.149785 0.23713 0.31696
1.84946e+06 0.0630302 0.149673 0.237308 0.31752
1.842e+06 0.06306 0.149879 0.237724 0.31808
1.82037e+06 0.062874 0.149559 0.237567 0.31864
1.82311e+06 0.062952 0.149784 0.237958 0.3192
1.82577e+06 0.0630296 0.150008 0.238349 0.31976
1.8282e+06 0.0631101 0.150236 0.238743 0.32032
1.83052e+06 0.0631917 0.150466 0.239138 0.32088
1.83283e+06 0.0632734 0.150696 0.239532 0.32144
1.83487e+06 0.0633645 0.150935 0.239932 0.322
1.81517e+06 0.0631993 0.150658 0.239818 0.32256
1.81778e+06 0.0632764 0.150881 0.240208 0.32312
1.82024e+06 0.0633545 0.151106 0.240599 0.32368
1.8224e+06 0.063439 0.151338 0.240995 0.32424
1.82354e+06 0.0635665 0.15161 0.241413 0.3248
1.81637e+06 0.0636072 0.151825 0.241831 0.32536
1.80932e+06 0.0636448 0.152037 0.242247 0.32592
1.80999e+06 0.0637928 0.152328 0.242676 0.32648
1.81035e+06 0.0639536 0.152631 0.243111 0.32704
1.81069e+06 0.0641139 0.152933 0.243546 0.3276
1.81103e+06 0.0642743 0.153235 0.24398 0.32816
1.81136e+06 0.0644346 0.153537 0.244415 0.32872
1.81168e+06 0.0645948 0.153839 0.244849 0.32928
1.81199e+06 0.0647546 0.154141 0.245284 0.32984
1.8123e+06 0.0649142 0.154442 0.245717 0.3304
1.7991e+06 0.0655795 0.155203 0.246404 0.33096
1.80042e+06 0.0657414 0.155515 0.246849 0.33152
1.80111e+06 0.0659036 0.155822 0.247289 0.33208
1.80154e+06 0.0660574 0.156118 0.24772 0.33264
1.80194e+06 0.0662119 0.156414 0.248151 0.3332
1.80234e+06 0.0663663 0.156711 0.248582 0.33376
1.78251e+06 0.0662274 0.156526 0.24866 0.33432
1.78507e+06 0.0663042 0.156748 0.249049 0.33488
1.78736e+06 0.0663844 0.156976 0.249442 0.33544
1.78897e+06 0.0664912 0.157229 0.249848 0.336
1.78939e+06 0.0666485 0.157528 0.250281 0.33656
1.78981e+06 0.0668056 0.157827 0.250714 0.33712
1.79022e+06 0.0669628 0.158127 0.251147 0.33768
1.79062e+06 0.0671201 0.158426 0.251581 0.33824
1.79101e+06 0.0672774 0.158726 0.252014 0.3388
1.7914e+06 0.0674346 0.159025 0.252447 0.33936
1.77803e+06 0.067813 0.159627 0.253064 0.33992
1.77876e+06 0.0679803 0.15994 0.253509 0.34048
1.77917e+06 0.0681364 0.160238 0.253941 0.34104
1.77956e+06 0.0682922 0.160536 0.254373 0.3416
1.75202e+06 0.068066 0.160171 0.254264 0.34216
1.75451e+06 0.0681431 0.160394 0.254654 0.34272
1.7481e+06 0.0681223 0.160415 0.25484 0.34328
1.75061e+06 0.0681998 0.160639 0.255231 0.34384
1.75291e+06 0.06828 0.160867 0.255625 0.3444
1.75511e+06 0.0683617 0.161097 0.25602 0.34496
1.75668e+06 0.0684687 0.161351 0.256429 0.34552
1.75713e+06 0.0686244 0.16165 0.256862 0.34608
1.75748e+06 0.0687826 0.16195 0.257296 0.34664
1.75785e+06 0.0689393 0.16225 0.25773 0.3472
1.75821e+06 0.0690958 0.162549 0.258164 0.34776
1.75854e+06 0.0692526 0.162849 0.258598 0.34832
1.75885e+06 0.0694092 0.163148 0.259032 0.34888
1.75914e+06 0.0695656 0.163447 0.259465 0.34944
1.7594e+06 0.069722 0.163746 0.259899 0.35
1.75965e+06 0.0698784 0.164046 0.260332 0.35056
1.75988e+06 0.0700348 0.164345 0.260766 0.35112
1.7601e+06 0.0701912 0.164644 0.2612 0.35168
1.76031e+06 0.0703475 0.164943 0.261633 0.35224
1.74774e+06 0.0703553 0.165142 0.26206 0.3528
1.74927e+06 0.0704637 0.165396 0.262467 0.35336
1.74961e+06 0.0706223 0.165696 0.2629 0.35392
1.74993e+06 0.0707804 0.165996 0.263333 0.35448
1.75024e+06 0.0709382 0.166295 0.263766 0.35504
1.75054e+06 0.0710959 0.166594 0.264198 0.3556
1.75082e+06 0.0712536 0.166893 0.264631 0.35616
1.7511e+06 0.0714114 0.167192 0.265063 0.35672
1.75138e+06 0.0715693 0.167491 0.265495 0.35728
1.75164e+06 0.0717272 0.167791 0.265928 0.35784
1.75189e+06 0.0718852 0.16809 0.26636 0.3584
1.75211e+06 0.0720431 0.168389 0.266793 0.35896
1.72995e+06 0.0730409 0.169442 0.267636 0.35952
1.73119e+06 0.0732205 0.169771 0.26809 0.36008
1.7321e+06 0.0733973 0.170098 0.268544 0.36064
1.73271e+06 0.0735668 0.170415 0.268992 0.3612
1.73292e+06 0.0737235 0.170714 0.269425 0.36176
1.73308e+06 0.0738795 0.171011 0.269856 0.36232
1.73318e+06 0.0740356 0.171309 0.270288 0.36288
1.73325e+06 0.0741926 0.171607 0.27072 0.36344
1.73329e+06 0.0743507 0.171906 0.271152 0.364
1.73326e+06 0.0745099 0.172206 0.271585 0.36456
1.73317e+06 0.0746704 0.172507 0.272018 0.36512
1.733e+06 0.0748323 0.172809 0.272452 0.36568
1.73277e+06 0.0749963 0.173114 0.272887 0.36624
1.73246e+06 0.075163 0.17342 0.273324 0.3668
1.73206e+06 0.0753325 0.17373 0.273762 0.36736
1.73157e+06 0.0755048 0.174042 0.274202 0.36792
1.73103e+06 0.075679 0.174356 0.274643 0.36848
1.71647e+06 0.0755895 0.174267 0.274794 0.36904
1.71858e+06 0.0756665 0.17449 0.275183 0.3696
1.72009e+06 0.075761 0.174731 0.275583 0.37016
1.71961e+06 0.0759414 0.175053 0.276029 0.37072
1.71909e+06 0.0761231 0.175376 0.276476 0.37128
1.70467e+06 0.0768295 0.176177 0.277185 0.37184
1.67024e+06 0.077529 0.1772 0.278054 0.3724
1.67177e+06 0.0776899 0.177511 0.278499 0.37296
1.67307e+06 0.0778471 0.17782 0.278945 0.37352
1.67427e+06 0.078002 0.178126 0.279388 0.37408
1.67525e+06 0.0781555 0.178429 0.279828 0.37464
1.67581e+06 0.0783109 0.178729 0.280264 0.3752
1.67619e+06 0.0784635 0.179025 0.280696 0.37576
1.6765e+06 0.0786138 0.179317 0.281125 0.37632
1.67679e+06 0.0787637 0.179609 0.281554 0.37688
1.67706e+06 0.0789126 0.179899 0.281981 0.37744
1.67729e+06 0.0790606 0.180188 0.282408 0.378
1.6775e+06 0.079208 0.180476 0.282833 0.37856
1.67769e+06 0.0793552 0.180764 0.283259 0.37912
1.67787e+06 0.079502 0.181051 0.283684 0.37968
1.67805e+06 0.0796488 0.181339 0.28411 0.38024
1.67822e+06 0.0797955 0.181626 0.284535 0.3808
1.67839e+06 0.079942 0.181913 0.28496 0.38136
1.67854e+06 0.0800886 0.1822 0.285385 0.38192
1.67867e+06 0.0802352 0.182487 0.28581 0.38248
1.67879e+06 0.0803813 0.182774 0.286235 0.38304
1.67889e+06 0.0805271 0.18306 0.28666 0.3836
1.67898e+06 0.0806724 0.183345 0.287084 0.38416
1.67906e+06 0.0808175 0.18363 0.287507 0.38472
1.67914e+06 0.0809622 0.183914 0.287931 0.38528
1.6792e+06 0.0811067 0.184199 0.288354 0.38584
1.67926e+06 0.0812509 0.184483 0.288777 0.3864
1.67932e+06 0.0813951 0.184766 0.2892 0.38696
1.67937e+06 0.081539 0.18505 0.289623 0.38752
1.67942e+06 0.0816829 0.185333 0.290045 0.38808
1.67946e+06 0.0818266 0.185617 0.290468 0.38864
1.6795e+06 0.0819701 0.1859 0.29089 0.3892
1.67953e+06 0.0821134 0.186182 0.291312 0.38976
1.67956e+06 0.0822565 0.186465 0.291734 0.39032
1.67958e+06 0.0823995 0.186747 0.292155 0.39088
1.6357e+06 0.0819572 0.185913 0.291487 0.39144
1.63839e+06 0.0820357 0.186134 0.291874 0.392
1.64044e+06 0.0821111 0.186354 0.292262 0.39256
1.6424e+06 0.0821861 0.186574 0.29265 0.39312
1.64436e+06 0.082261 0.186793 0.293038 0.39368
1.64627e+06 0.0823365 0.187014 0.293427 0.39424
1.64796e+06 0.0824147 0.187238 0.293818 0.3948
1.6496e+06 0.082494 0.187464 0.29421 0.39536
1.65083e+06 0.082591 0.187706 0.294612 0.39592
1.65103e+06 0.0827349 0.187992 0.295037 0.39648
1.65111e+06 0.0828827 0.188282 0.295466 0.39704
1.65119e+06 0.0830305 0.188571 0.295894 0.3976
1.65123e+06 0.0831789 0.188862 0.296322 0.39816
1.65129e+06 0.0833271 0.189152 0.29675 0.39872
1.65134e+06 0.0834752 0.189442 0.297178 0.39928
1.65139e+06 0.0836233 0.189732 0.297607 0.39984
1.65144e+06 0.0837713 0.190022 0.298035 0.4004
1.65149e+06 0.0839194 0.190312 0.298463 0.40096
1.65153e+06 0.0840675 0.190602 0.298891 0.40152
1.65156e+06 0.0842158 0.190892 0.299319 0.40208
1.65157e+06 0.0843645 0.191183 0.299748 0.40264
1.65156e+06 0.0845136 0.191474 0.300177 0.4032
1.64537e+06 0.0847818 0.191922 0.300703 0.40376
1.63937e+06 0.0850462 0.192366 0.301226 0.40432
1.63948e+06 0.0851933 0.192655 0.301653 0.40488
1.63959e+06 0.08534 0.192943 0.30208 0.40544
1.6397e+06 0.0854866 0.19323 0.302507 0.406
1.63981e+06 0.0856331 0.193518 0.302933 0.40656
1.63992e+06 0.0857795 0.193806 0.30336 0.40712
1.64002e+06 0.0859257 0.194093 0.303786 0.40768
1.64012e+06 0.0860719 0.19438 0.304212 0.40824
1.6402e+06 0.0862179 0.194667 0.304639 0.4088
1.64028e+06 0.0863637 0.194954 0.305065 0.40936
1.64032e+06 0.0865095 0.195241 0.30549 0.40992
1.64034e+06 0.0866551 0.195527 0.305916 0.41048
1.63493e+06 0.0867118 0.195747 0.306326 0.41104
1.635e+06 0.0868591 0.196035 0.306752 0.4116
1.63508e+06 0.0870055 0.196322 0.307177 0.41216
1.63515e+06 0.0871525 0.196609 0.307602 0.41272
1.62992e+06 0.0872087 0.196827 0.308011 0.41328
1.63005e+06 0.0873583 0.197117 0.308436 0.41384
1.63024e+06 0.0875053 0.197403 0.308861 0.4144
1.6153e+06 0.0873869 0.197227 0.308851 0.41496
1.6174e+06 0.0874624 0.197446 0.309238 0.41552
1.61923e+06 0.0875417 0.19767 0.309628 0.41608
1.6198e+06 0.087674 0.197945 0.310047 0.41664
1.61996e+06 0.0878237 0.198236 0.310475 0.4172
1.62008e+06 0.0879745 0.198528 0.310904 0.41776
1.62019e+06 0.0881249 0.19882 0.311332 0.41832
1.62028e+06 0.088275 0.199111 0.31176 0.41888
1.62034e+06 0.0884245 0.199402 0.312188 0.41944
1.62036e+06 0.0885731 0.199692 0.312615 0.42
1.62036e+06 0.0887211 0.19998 0.313041 0.42056
1.62036e+06 0.0888689 0.200269 0.313467 0.42112
1.62035e+06 0.0890167 0.200557 0.313893 0.42168
1.62034e+06 0.0891645 0.200846 0.314319 0.42224
1.62032e+06 0.0893122 0.201134 0.314745 0.4228
1.62028e+06 0.08946 0.201423 0.315172 0.42336
1.62023e+06 0.0896079 0.201712 0.315598 0.42392
1.62017e+06 0.0897556 0.202001 0.316024 0.42448
1.6201e+06 0.0899031 0.202289 0.31645 0.42504
1.6143e+06 0.0899021 0.202366 0.316728 0.4256
1.61483e+06 0.0900266 0.202633 0.317143 0.42616
1.61481e+06 0.0901752 0.202923 0.31757 0.42672
1.60919e+06 0.0901755 0.203003 0.317849 0.42728
1.60978e+06 0.0903029 0.203274 0.318266 0.42784
1.60984e+06 0.0904538 0.203567 0.318695 0.4284
1.60987e+06 0.0906049 0.203861 0.319125 0.42896
1.60989e+06 0.0907556 0.204154 0.319554 0.42952
1.60988e+06 0.0909057 0.204447 0.319982 0.43008
1.60983e+06 0.091055 0.204738 0.32041 0.43064
1.60977e+06 0.0912039 0.205028 0.320837 0.4312
1.60971e+06 0.0913526 0.205319 0.321264 0.43176
1.60963e+06 0.0915008 0.205609 0.321691 0.43232
1.60953e+06 0.0916483 0.205897 0.322117 0.43288
1.60941e+06 0.091795 0.206185 0.322542 0.43344
1.60928e+06 0.0919415 0.206473 0.322967 0.434
1.60914e+06 0.0920878 0.20676 0.323392 0.43456
1.609e+06 0.0922341 0.207047 0.323816 0.43512
1.60886e+06 0.0923802 0.207334 0.324241 0.43568
1.6087e+06 0.0925262 0.207621 0.324665 0.43624
1.60855e+06 0.092672 0.207908 0.32509 0.4368
1.60838e+06 0.0928174 0.208194 0.325514 0.43736
1.60821e+06 0.0929627 0.20848 0.325938 0.43792
1.60803e+06 0.0931079 0.208766 0.326362 0.43848
1.60785e+06 0.0932529 0.209052 0.326785 0.43904
1.60766e+06 0.0933973 0.209336 0.327208 0.4396
1.60745e+06 0.0935412 0.209621 0.327631 0.44016
1.60723e+06 0.0936848 0.209904 0.328053 0.44072
1.607e+06 0.0938284 0.210188 0.328475 0.44128
1.60677e+06 0.0939718 0.210471 0.328897 0.44184
1.60654e+06 0.0941152 0.210755 0.329319 0.4424
1.6063e+06 0.0942584 0.211038 0.329741 0.44296
1.60604e+06 0.0944014 0.211321 0.330163 0.44352
1.60578e+06 0.0945443 0.211603 0.330584 0.44408
1.60552e+06 0.0946871 0.211886 0.331005 0.44464
1.59999e+06 0.0947392 0.2121 0.33141 0.4452
1.59976e+06 0.0948858 0.212386 0.331832 0.44576
1.59434e+06 0.094941 0.212602 0.332238 0.44632
1.59424e+06 0.0950872 0.212887 0.332659 0.44688
1.59419e+06 0.0952318 0.21317 0.33308 0.44744
1.5941e+06 0.0953774 0.213454 0.333501 0.448
1.58067e+06 0.0952763 0.213314 0.33353 0.44856
1.58273e+06 0.0953519 0.213533 0.333916 0.44912
1.58429e+06 0.0954365 0.213763 0.334309 0.44968
1.58435e+06 0.0955872 0.214055 0.334738 0.45024
1.57877e+06 0.0958394 0.214487 0.335253 0.4508
1.57343e+06 0.0960863 0.214912 0.335764 0.45136
1.57364e+06 0.0962322 0.215198 0.336189 0.45192
1.57378e+06 0.096376 0.215481 0.336612 0.45248
1.57389e+06 0.0965187 0.215763 0.337033 0.45304
1.57399e+06 0.0966616 0.216045 0.337455 0.4536
1.57409e+06 0.0968043 0.216327 0.337876 0.45416
1.57418e+06 0.0969473 0.21661 0.338298 0.45472
1.57425e+06 0.0970906 0.216892 0.33872 0.45528
1.57429e+06 0.0972344 0.217176 0.339142 0.45584
1.57432e+06 0.0973785 0.21746 0.339565 0.4564
1.56135e+06 0.0973027 0.217396 0.339735 0.45696
1.5633e+06 0.0973805 0.217619 0.340124 0.45752
1.56445e+06 0.0974867 0.217871 0.340529 0.45808
1.56458e+06 0.0976362 0.218162 0.340956 0.45864
1.56471e+06 0.0977848 0.218452 0.341383 0.4592
1.56481e+06 0.0979333 0.218742 0.34181 0.45976
1.56492e+06 0.0980816 0.219032 0.342237 0.46032
1.56498e+06 0.0982291 0.219321 0.342663 0.46088
1.56501e+06 0.0983751 0.219608 0.343087 0.46144
1.565e+06 0.0985201 0.219894 0.343511 0.462
1.56498e+06 0.0986648 0.220179 0.343934 0.46256
1.56494e+06 0.0988096 0.220464 0.344358 0.46312
1.56489e+06 0.0989545 0.220749 0.344781 0.46368
1.56482e+06 0.0990994 0.221035 0.345205 0.46424
1.56474e+06 0.0992442 0.22132 0.345628 0.4648
1.56465e+06 0.099389 0.221605 0.346052 0.46536
1.56457e+06 0.0995338 0.221891 0.346475 0.46592
1.56447e+06 0.0996788 0.222176 0.346899 0.46648
1.56436e+06 0.0998236 0.222462 0.347322 0.46704
1.56425e+06 0.0999683 0.222747 0.347745 0.4676
1.56412e+06 0.100113 0.223032 0.348169 0.46816
1.56397e+06 0.100257 0.223317 0.348592 0.46872
1.5638e+06 0.100401 0.223601 0.349014 0.46928
1.56362e+06 0.100544 0.223885 0.349437 0.46984
1.56343e+06 0.100688 0.224169 0.349859 0.4704
1.56323e+06 0.100831 0.224452 0.350281 0.47096
1.56303e+06 0.100974 0.224735 0.350703 0.47152
1.56282e+06 0.101117 0.225018 0.351124 0.47208
1.56261e+06 0.10126 0.2253 0.351546 0.47264
1.56239e+06 0.101402 0.225583 0.351967 0.4732
1.56216e+06 0.101544 0.225865 0.352388 0.47376
1.56191e+06 0.101686 0.226146 0.352809 0.47432
1.56166e+06 0.101828 0.226428 0.353229 0.47488
1.56141e+06 0.10197 0.226709 0.35365 0.47544
1.56115e+06 0.102111 0.22699 0.35407 0.476
1.56089e+06 0.102253 0.227272 0.35449 0.47656
1.56063e+06 0.102395 0.227553 0.354911 0.47712
1.56037e+06 0.102536 0.227834 0.355331 0.47768
1.5601e+06 0.102678 0.228115 0.355751 0.47824
1.55983e+06 0.102819 0.228395 0.356171 0.4788
1.55955e+06 0.10296 0.228676 0.356591 0.47936
1.55928e+06 0.103102 0.228957 0.357011 0.47992
1.55901e+06 0.103243 0.229238 0.357431 0.48048
1.55873e+06 0.103384 0.229518 0.357851 0.48104
1.55845e+06 0.103525 0.229798 0.358271 0.4816
1.55818e+06 0.103666 0.230079 0.35869 0.48216
1.5579e+06 0.103807 0.230359 0.35911 0.48272
1.55762e+06 0.103948 0.230639 0.35953 0.48328
1.55734e+06 0.104089 0.23092 0.35995 0.48384
1.55706e+06 0.10423 0.2312 0.360369 0.4844
1.55679e+06 0.104371 0.23148 0.360789 0.48496
1.55651e+06 0.104512 0.231761 0.361209 0.48552
1.55623e+06 0.104653 0.232041 0.361628 0.48608
1.55595e+06 0.104793 0.232321 0.362048 0.48664
1.55567e+06 0.104934 0.232601 0.362467 0.4872
1.5554e+06 0.105075 0.232881 0.362887 0.48776
1.55512e+06 0.105216 0.233161 0.363307 0.48832
1.55484e+06 0.105357 0.233442 0.363726 0.48888
1.55456e+06 0.105497 0.233722 0.364146 0.48944
1.55429e+06 0.105638 0.234002 0.364565 0.49
1.55401e+06 0.105779 0.234282 0.364985 0.49056
1.55373e+06 0.10592 0.234562 0.365405 0.49112
1.55346e+06 0.10606 0.234842 0.365824 0.49168
1.55318e+06 0.106201 0.235122 0.366244 0.49224
1.5529e+06 0.106342 0.235402 0.366663 0.4928
1.55263e+06 0.106482 0.235682 0.367083 0.49336
1.55235e+06 0.106623 0.235962 0.367502 0.49392
1.55207e+06 0.106763 0.236242 0.367922 0.49448
1.54651e+06 0.107013 0.236667 0.368433 0.49504
1.54625e+06 0.107154 0.236948 0.368852 0.4956
1.54608e+06 0.107293 0.237225 0.36927 0.49616
1.54067e+06 0.10754 0.237647 0.369779 0.49672
1.5406e+06 0.107676 0.237921 0.370195 0.49728
1.54052e+06 0.107813 0.238196 0.370611 0.49784
1.52714e+06 0.107712 0.238055 0.370639 0.4984
1.52891e+06 0.107786 0.238274 0.371026 0.49896
1.53042e+06 0.107866 0.238498 0.371416 0.49952
1.5306e+06 0.108005 0.238778 0.371838 0.50008
1.53065e+06 0.108147 0.239062 0.372261 0.50064
1.53068e+06 0.108291 0.239346 0.372685 0.5012
1.53069e+06 0.108433 0.239628 0.373108 0.50176
1.53067e+06 0.108574 0.23991 0.373529 0.50232
1.53062e+06 0.108716 0.240192 0.373951 0.50288
1.53055e+06 0.108859 0.240475 0.374374 0.50344
1.53049e+06 0.109001 0.240757 0.374796 0.504
1.53042e+06 0.109143 0.24104 0.375219 0.50456
1.53035e+06 0.109286 0.241322 0.375641 0.50512
1.53028e+06 0.109428 0.241605 0.376063 0.50568
1.53021e+06 0.10957 0.241887 0.376485 0.50624
1.53014e+06 0.109712 0.24217 0.376908 0.5068
1.53006e+06 0.109854 0.242452 0.37733 0.50736
1.52997e+06 0.109997 0.242735 0.377752 0.50792
1.52987e+06 0.110139 0.243017 0.378174 0.50848
1.52974e+06 0.11028 0.243299 0.378595 0.50904
1.5296e+06 0.110421 0.24358 0.379016 0.5096
1.52944e+06 0.110563 0.243861 0.379437 0.51016
1.52927e+06 0.110704 0.244142 0.379858 0.51072
1.5291e+06 0.110845 0.244422 0.380278 0.51128
1.52892e+06 0.110985 0.244703 0.380699 0.51184
1.52873e+06 0.111126 0.244984 0.381119 0.5124
1.52854e+06 0.111267 0.245265 0.38154 0.51296
1.52835e+06 0.111408 0.245545 0.38196 0.51352
1.52815e+06 0.111549 0.245826 0.38238 0.51408
1.52794e+06 0.11169 0.246106 0.3828 0.51464
1.52772e+06 0.11183 0.246386 0.38322 0.5152
1.5275e+06 0.111971 0.246666 0.38364 0.51576
1.52728e+06 0.112111 0.246946 0.38406 0.51632
1.52705e+06 0.112251 0.247226 0.38448 0.51688
1.52683e+06 0.112392 0.247506 0.384899 0.51744
1.5266e+06 0.112532 0.247786 0.385319 0.518
1.52637e+06 0.112673 0.248066 0.385739 0.51856
1.52613e+06 0.112813 0.248345 0.386158 0.51912
1.52589e+06 0.112953 0.248625 0.386578 0.51968
1.52564e+06 0.113093 0.248905 0.386997 0.52024
1.5254e+06 0.113234 0.249185 0.387417 0.5208
1.52515e+06 0.113374 0.249464 0.387836 0.52136
1.52489e+06 0.113514 0.249744 0.388256 0.52192
1.52464e+06 0.113654 0.250024 0.388675 0.52248
1.52438e+06 0.113795 0.250303 0.389095 0.52304
1.52412e+06 0.113935 0.250583 0.389514 0.5236
1.52385e+06 0.114075 0.250863 0.389934 0.52416
1.52359e+06 0.114216 0.251143 0.390353 0.52472
1.52333e+06 0.114356 0.251422 0.390772 0.52528
1.52307e+06 0.114497 0.251702 0.391192 0.52584
1.52281e+06 0.114637 0.251982 0.391611 0.5264
1.52254e+06 0.114777 0.252262 0.392031 0.52696
1.52228e+06 0.114918 0.252542 0.39245 0.52752
1.52202e+06 0.115058 0.252821 0.39287 0.52808
1.52176e+06 0.115198 0.253101 0.393289 0.52864
1.5215e+06 0.115339 0.253381 0.393709 0.5292
1.52124e+06 0.115479 0.253661 0.394128 0.52976
1.52098e+06 0.115619 0.25394 0.394548 0.53032
1.52071e+06 0.11576 0.25422 0.394967 0.53088
1.52045e+06 0.1159 0.2545 0.395386 0.53144
1.52019e+06 0.11604 0.254779 0.395806 0.532
1.51993e+06 0.11618 0.255059 0.396225 0.53256
1.51967e+06 0.116321 0.255339 0.396644 0.53312
1.51941e+06 0.116461 0.255618 0.397064 0.53368
1.51916e+06 0.116601 0.255898 0.397483 0.53424
1.5189e+06 0.116741 0.256178 0.397903 0.5348
1.51864e+06 0.116882 0.256457 0.398322 0.53536
1.51838e+06 0.117022 0.256737 0.398741 0.53592
1.51812e+06 0.117162 0.257016 0.399161 0.53648
1.51786e+06 0.117302 0.257296 0.39958 0.53704
1.5176e+06 0.117442 0.257576 0.399999 0.5376
1.51735e+06 0.117582 0.257855 0.400419 0.53816
1.51709e+06 0.117723 0.258135 0.400838 0.53872
1.51683e+06 0.117863 0.258414 0.401257 0.53928
1.51657e+06 0.118003 0.258694 0.401677 0.53984
1.51632e+06 0.118143 0.258973 0.402096 0.5404
1.51606e+06 0.118283 0.259253 0.402515 0.54096
1.5158e+06 0.118423 0.259532 0.402934 0.54152
1.51555e+06 0.118563 0.259812 0.403354 0.54208
1.51529e+06 0.118703 0.260091 0.403773 0.54264
1.51504e+06 0.118843 0.260371 0.404192 0.5432
1.51478e+06 0.118983 0.26065 0.404612 0.54376
1.51453e+06 0.119123 0.260929 0.405031 0.54432
1.51427e+06 0.119263 0.261209 0.40545 0.54488
1.51402e+06 0.119403 0.261488 0.405869 0.54544
1.51376e+06 0.119543 0.261768 0.406289 0.546
1.51351e+06 0.119683 0.262047 0.406708 0.54656
1.51325e+06 0.119823 0.262327 0.407127 0.54712
1.513e+06 0.119963 0.262606 0.407546 0.54768
1.51275e+06 0.120103 0.262885 0.407965 0.54824
1.51249e+06 0.120243 0.263165 0.408385 0.5488
1.51224e+06 0.120383 0.263444 0.408804 0.54936
1.51198e+06 0.120523 0.263723 0.409223 0.54992
1.51173e+06 0.120663 0.264003 0.409642 0.55048
1.51148e+06 0.120803 0.264282 0.410061 0.55104
1.51122e+06 0.120943 0.264561 0.410481 0.5516
1.51097e+06 0.121082 0.264841 0.4109 0.55216
1.51072e+06 0.121222 0.26512 0.411319 0.55272
1.51046e+06 0.121362 0.265399 0.411738 0.55328
1.51021e+06 0.121502 0.265678 0.412157 0.55384
1.50996e+06 0.121642 0.265958 0.412576 0.5544
1.50971e+06 0.121782 0.266237 0.412996 0.55496
1.50945e+06 0.121922 0.266516 0.413415 0.55552
1.5092e+06 0.122061 0.266796 0.413834 0.55608
1.50895e+06 0.122201 0.267075 0.414253 0.55664
1.5087e+06 0.122341 0.267354 0.414672 0.5572
1.50844e+06 0.122481 0.267633 0.415091 0.55776
1.50819e+06 0.122621 0.267913 0.41551 0.55832
1.50794e+06 0.122761 0.268192 0.41593 0.55888
1.50769e+06 0.122901 0.268471 0.416349 0.55944
1.50743e+06 0.123041 0.268751 0.416768 0.56
