-43662.7 -0.000132445 -0.000345311 -0.000520696 -0.000633147 -0.0007
-87322.7 -0.000264896 -0.00069063 -0.0010414 -0.0012663 -0.0014
-130978 -0.000397354 -0.00103596 -0.00156211 -0.00189945 -0.0021
-174628 -0.000529821 -0.0013813 -0.00208284 -0.00253261 -0.0028
-218271 -0.000662298 -0.00172666 -0.00260358 -0.00316578 -0.0035
-261906 -0.000794783 -0.00207204 -0.00312434 -0.00379896 -0.0042
-305450 -0.000927206 -0.00241755 -0.00364538 -0.00443226 -0.0049
-348136 -0.00105993 -0.00276545 -0.00416924 -0.00506678 -0.0056
-390425 -0.00119317 -0.00311488 -0.00469446 -0.00570187 -0.0063
-432649 -0.00132628 -0.00346402 -0.00521956 -0.006337 -0.007
-473830 -0.00145864 -0.00381397 -0.005747 -0.00697348 -0.0077
-513395 -0.00159207 -0.00416827 -0.00627918 -0.00761217 -0.0084
-551379 -0.00172574 -0.00452595 -0.00681599 -0.00825303 -0.0091
-587749 -0.00186122 -0.00488931 -0.00735815 -0.00889618 -0.0098
-623414 -0.00199673 -0.00525334 -0.00790174 -0.0095402 -0.0105
-657821 -0.00213349 -0.0056196 -0.00844781 -0.0101857 -0.0112
-691759 -0.00227098 -0.00598574 -0.00899374 -0.0108315 -0.0119
-724855 -0.00240804 -0.00635094 -0.00953997 -0.0114779 -0.0126
-756746 -0.00254489 -0.00671589 -0.0100869 -0.0121255 -0.0133
-787864 -0.00268191 -0.00708109 -0.0106345 -0.0127738 -0.014
-818374 -0.00282079 -0.00744776 -0.0111831 -0.0134227 -0.0147
-848323 -0.00295931 -0.0078124 -0.0117306 -0.0140718 -0.0154
-877601 -0.00309796 -0.00817663 -0.0122788 -0.0147216 -0.0161
-906298 -0.00323855 -0.00854319 -0.012829 -0.0153722 -0.0168
-934645 -0.00338064 -0.00891113 -0.0133799 -0.0160232 -0.0175
-962499 -0.00352312 -0.00927785 -0.0139297 -0.0166742 -0.0182
-989887 -0.00366619 -0.00964425 -0.0144794 -0.0173253 -0.0189
-1.01676e+06 -0.00381025 -0.0100113 -0.0150296 -0.0179768 -0.0196
-1.04308e+06 -0.00395679 -0.0103806 -0.0155813 -0.0186288 -0.0203
-1.069e+06 -0.00410429 -0.0107504 -0.0161335 -0.0192809 -0.021
-1.09445e+06 -0.0042528 -0.0111208 -0.0166859 -0.019933 -0.0217
-1.11947e+06 -0.00440188 -0.0114912 -0.017238 -0.020585 -0.0224
-1.14414e+06 -0.00455073 -0.0118606 -0.0177888 -0.0212368 -0.0231
-1.16851e+06 -0.00469958 -0.0122296 -0.0183392 -0.0218884 -0.0238
-1.1924e+06 -0.00484999 -0.0125997 -0.0188908 -0.0225405 -0.0245
-1.2158e+06 -0.0050024 -0.012972 -0.0194439 -0.0231932 -0.0252
-1.23896e+06 -0.00515544 -0.0133448 -0.0199972 -0.0238459 -0.0259
-1.26186e+06 -0.00530899 -0.0137178 -0.0205499 -0.0244981 -0.0266
-1.28459e+06 -0.00546226 -0.0140904 -0.0211021 -0.02515 -0.0273
-1.30705e+06 -0.00561557 -0.014463 -0.0216539 -0.0258018 -0.028
-1.32926e+06 -0.00576878 -0.0148356 -0.0222057 -0.0264536 -0.0287
-1.35132e+06 -0.00592164 -0.015208 -0.0227575 -0.0271055 -0.0294
-1.3731e+06 -0.00607502 -0.015581 -0.0233103 -0.0277576 -0.0301
-1.39441e+06 -0.00623036 -0.0159561 -0.0238654 -0.0284105 -0.0308
-1.41547e+06 -0.00638622 -0.0163321 -0.0244216 -0.029064 -0.0315
-1.4363e+06 -0.00654299 -0.0167087 -0.0249776 -0.0297173 -0.0322
-1.45699e+06 -0.0066999 -0.0170853 -0.0255332 -0.0303706 -0.0329
-1.47754e+06 -0.00685676 -0.0174618 -0.0260889 -0.0310238 -0.0336
-1.49795e+06 -0.00701354 -0.0178383 -0.0266444 -0.0316769 -0.0343
-1.51826e+06 -0.00717015 -0.0182148 -0.0271997 -0.0323299 -0.035
-1.53846e+06 -0.00732644 -0.0185907 -0.0277545 -0.0329828 -0.0357
-1.55851e+06 -0.00748206 -0.0189661 -0.0283093 -0.0336356 -0.0364
-1.57842e+06 -0.00763738 -0.0193413 -0.0288644 -0.0342887 -0.0371
-1.59812e+06 -0.00779298 -0.0197167 -0.0294199 -0.0349419 -0.0378
-1.61761e+06 -0.00794902 -0.0200925 -0.0299762 -0.0355956 -0.0385
-1.63697e+06 -0.00810461 -0.020468 -0.0305326 -0.0362492 -0.0392
-1.65622e+06 -0.00826019 -0.0208436 -0.0310891 -0.0369029 -0.0399
-1.6753e+06 -0.0084165 -0.0212199 -0.0316462 -0.0375568 -0.0406
-1.69423e+06 -0.00857353 -0.0215971 -0.0322037 -0.0382107 -0.0413
-1.713e+06 -0.00873083 -0.0219745 -0.0327611 -0.0388646 -0.042
-1.73163e+06 -0.00888794 -0.0223521 -0.0333184 -0.0395183 -0.0427
-1.75017e+06 -0.00904492 -0.0227296 -0.0338758 -0.0401719 -0.0434
-1.76862e+06 -0.009202 -0.0231074 -0.0344334 -0.0408256 -0.0441
-1.78699e+06 -0.00935896 -0.023485 -0.0349908 -0.0414793 -0.0448
-1.80526e+06 -0.00951553 -0.0238624 -0.0355484 -0.042133 -0.0455
-1.82341e+06 -0.0096715 -0.0242395 -0.0361058 -0.0427867 -0.0462
-1.84143e+06 -0.00982707 -0.0246166 -0.0366633 -0.0434406 -0.0469
-1.85932e+06 -0.00998205 -0.0249934 -0.0372211 -0.0440949 -0.0476
-1.87708e+06 -0.0101368 -0.0253701 -0.0377793 -0.0447495 -0.0483
-1.89471e+06 -0.0102911 -0.0257466 -0.0383377 -0.0454043 -0.049
-1.91218e+06 -0.010446 -0.0261236 -0.0388966 -0.0460594 -0.0497
-1.92952e+06 -0.0106013 -0.0265013 -0.039456 -0.0467147 -0.0504
-1.94675e+06 -0.0107564 -0.0268794 -0.0400157 -0.0473699 -0.0511
-1.96386e+06 -0.0109113 -0.0272576 -0.0405752 -0.0480251 -0.0518
-1.98088e+06 -0.011066 -0.0276357 -0.041135 -0.0486802 -0.0525
-1.99777e+06 -0.0112211 -0.0280149 -0.0416953 -0.0493355 -0.0532
-2.01458e+06 -0.0113763 -0.0283944 -0.042256 -0.049991 -0.0539
-2.03127e+06 -0.0115316 -0.0287744 -0.042817 -0.0506466 -0.0546
-2.04788e+06 -0.0116868 -0.0291546 -0.0433781 -0.0513022 -0.0553
-2.0644e+06 -0.0118418 -0.0295349 -0.0439393 -0.0519579 -0.056
-2.08084e+06 -0.0119966 -0.0299152 -0.0445005 -0.0526135 -0.0567
-2.09719e+06 -0.0121513 -0.0302955 -0.0450618 -0.0532692 -0.0574
-2.11345e+06 -0.0123058 -0.0306759 -0.0456233 -0.053925 -0.0581
-2.12961e+06 -0.01246 -0.0310564 -0.0461853 -0.0545809 -0.0588
-2.14567e+06 -0.0126139 -0.0314366 -0.0467474 -0.0552369 -0.0595
-2.16163e+06 -0.0127671 -0.0318166 -0.0473095 -0.055893 -0.0602
-2.17749e+06 -0.0129202 -0.0321967 -0.0478716 -0.0565492 -0.0609
-2.19322e+06 -0.0130733 -0.0325771 -0.0484339 -0.0572056 -0.0616
-2.20886e+06 -0.0132262 -0.0329576 -0.0489962 -0.057862 -0.0623
-2.22441e+06 -0.0133793 -0.0333382 -0.0495586 -0.0585186 -0.063
-2.23989e+06 -0.0135324 -0.0337189 -0.050121 -0.0591752 -0.0637
-2.25529e+06 -0.0136855 -0.0340999 -0.0506835 -0.0598319 -0.0644
-2.27058e+06 -0.0138385 -0.0344811 -0.0512463 -0.0604885 -0.0651
-2.28579e+06 -0.0139913 -0.0348622 -0.0518093 -0.0611452 -0.0658
-2.30091e+06 -0.0141441 -0.0352435 -0.0523725 -0.061802 -0.0665
-2.31594e+06 -0.0142966 -0.035625 -0.0529362 -0.062459 -0.0672
-2.33089e+06 -0.0144493 -0.0360067 -0.0535 -0.063116 -0.0679
-2.34575e+06 -0.0146019 -0.0363888 -0.054064 -0.0637731 -0.0686
-2.36054e+06 -0.0147546 -0.0367711 -0.0546281 -0.0644301 -0.0693
-2.37526e+06 -0.0149072 -0.0371535 -0.0551923 -0.0650872 -0.07
-2.3899e+06 -0.0150601 -0.0375362 -0.0557569 -0.0657444 -0.0707
-2.40447e+06 -0.0152128 -0.0379188 -0.0563214 -0.0664015 -0.0714
-2.41895e+06 -0.0153653 -0.0383014 -0.0568862 -0.0670587 -0.0721
-2.43333e+06 -0.0155178 -0.0386845 -0.0574513 -0.067716 -0.0728
-2.44763e+06 -0.0156704 -0.0390678 -0.0580166 -0.0683734 -0.0735
-2.46184e+06 -0.015823 -0.0394511 -0.0585819 -0.0690309 -0.0742
-2.47598e+06 -0.0159757 -0.0398343 -0.0591473 -0.0696883 -0.0749
-2.49005e+06 -0.0161282 -0.0402174 -0.0597125 -0.0703456 -0.0756
-2.50404e+06 -0.0162807 -0.0406005 -0.0602779 -0.071003 -0.0763
-2.51796e+06 -0.0164332 -0.0409839 -0.0608434 -0.0716604 -0.077
-2.53179e+06 -0.0165857 -0.0413674 -0.0614091 -0.072318 -0.0777
-2.54555e+06 -0.016738 -0.0417508 -0.0619749 -0.0729756 -0.0784
-2.55923e+06 -0.0168903 -0.0421342 -0.0625408 -0.0736332 -0.0791
-2.57284e+06 -0.0170422 -0.0425177 -0.0631069 -0.074291 -0.0798
-2.58637e+06 -0.0171941 -0.0429013 -0.0636731 -0.0749489 -0.0805
-2.59984e+06 -0.0173459 -0.043285 -0.0642394 -0.075607 -0.0812
-2.61324e+06 -0.0174976 -0.0436685 -0.0648057 -0.076265 -0.0819
-2.62657e+06 -0.0176494 -0.0440521 -0.065372 -0.0769233 -0.0826
-2.63984e+06 -0.0178011 -0.0444356 -0.0659383 -0.0775815 -0.0833
-2.65304e+06 -0.0179528 -0.0448193 -0.0665047 -0.0782398 -0.084
-2.66617e+06 -0.0181045 -0.045203 -0.0670713 -0.0788982 -0.0847
-2.67922e+06 -0.0182563 -0.045587 -0.0676382 -0.0795567 -0.0854
-2.6922e+06 -0.0184082 -0.0459714 -0.0682051 -0.0802151 -0.0861
-2.70509e+06 -0.01856 -0.0463557 -0.068772 -0.0808735 -0.0868
-2.71791e+06 -0.0187116 -0.0467401 -0.069339 -0.0815319 -0.0875
-2.73066e+06 -0.0188633 -0.0471248 -0.0699061 -0.0821904 -0.0882
-2.74335e+06 -0.0190148 -0.0475097 -0.0704734 -0.0828489 -0.0889
-2.73932e+06 -0.0190833 -0.0478714 -0.0711253 -0.0835454 -0.0896
-2.68664e+06 -0.0189505 -0.0481695 -0.0719824 -0.0843293 -0.0903
-2.47725e+06 -0.0200632 -0.0499884 -0.0736949 -0.0854206 -0.091
-2.4618e+06 -0.020124 -0.0503502 -0.0743833 -0.086137 -0.0917
-2.47612e+06 -0.0203008 -0.0507598 -0.0749725 -0.0868032 -0.0924
-2.49202e+06 -0.0204629 -0.0511611 -0.0755626 -0.0874676 -0.0931
-2.50173e+06 -0.0206655 -0.0516252 -0.0761878 -0.0881446 -0.0938
-2.50313e+06 -0.0209213 -0.0521708 -0.0768573 -0.0888369 -0.0945
-2.51801e+06 -0.0210874 -0.0525769 -0.0774509 -0.0895029 -0.0952
-2.53338e+06 -0.0212474 -0.0529726 -0.0780387 -0.0901675 -0.0959
-2.54823e+06 -0.0214061 -0.0533648 -0.0786235 -0.0908322 -0.0966
-2.56285e+06 -0.0215652 -0.0537576 -0.0792085 -0.0914972 -0.0973
-2.57726e+06 -0.0217234 -0.0541483 -0.0797915 -0.0921633 -0.098
-2.59131e+06 -0.0218805 -0.0545375 -0.0803731 -0.092831 -0.0987
-2.60514e+06 -0.0220391 -0.0549281 -0.0809554 -0.093499 -0.0994
-2.61874e+06 -0.0221979 -0.055319 -0.0815374 -0.0941676 -0.1001
-2.6172e+06 -0.0224673 -0.0558853 -0.08222 -0.0948666 -0.1008
-2.62358e+06 -0.0227092 -0.0563691 -0.0828508 -0.0955497 -0.1015
-2.62214e+06 -0.0229788 -0.0569344 -0.083533 -0.0962486 -0.1022
-2.62811e+06 -0.0232826 -0.0574422 -0.0841696 -0.0969328 -0.1029
-2.6417e+06 -0.0234358 -0.0578231 -0.0847437 -0.0975981 -0.1036
-2.65508e+06 -0.0235892 -0.0582041 -0.0853171 -0.0982628 -0.1043
-2.66817e+06 -0.0237435 -0.0585861 -0.0858896 -0.0989264 -0.105
-2.68107e+06 -0.023897 -0.058966 -0.0864585 -0.0995874 -0.1057
-2.69386e+06 -0.0240504 -0.0593464 -0.0870268 -0.100248 -0.1064
-2.70646e+06 -0.0242046 -0.0597286 -0.0875955 -0.100908 -0.1071
-2.71893e+06 -0.0243593 -0.0601117 -0.0881642 -0.101567 -0.1078
-2.73123e+06 -0.0245141 -0.0604963 -0.0887336 -0.102227 -0.1085
-2.74338e+06 -0.024669 -0.0608828 -0.0893035 -0.102887 -0.1092
-2.75537e+06 -0.0248256 -0.0612716 -0.0898745 -0.103547 -0.1099
-2.7672e+06 -0.0249828 -0.0616615 -0.0904463 -0.104208 -0.1106
-2.77895e+06 -0.0251394 -0.0620515 -0.0910183 -0.104868 -0.1113
-2.79063e+06 -0.0252961 -0.0624416 -0.0915905 -0.105529 -0.112
-2.80225e+06 -0.0254527 -0.0628318 -0.0921627 -0.106189 -0.1127
-2.81382e+06 -0.0256093 -0.0632221 -0.0927351 -0.10685 -0.1134
-2.82532e+06 -0.0257659 -0.0636125 -0.0933076 -0.10751 -0.1141
-2.83674e+06 -0.0259221 -0.064003 -0.0938802 -0.108171 -0.1148
-2.84811e+06 -0.0260781 -0.0643934 -0.094453 -0.108832 -0.1155
-2.85935e+06 -0.0262335 -0.0647837 -0.0950262 -0.109493 -0.1162
-2.87048e+06 -0.0263886 -0.0651745 -0.0956 -0.110155 -0.1169
-2.88147e+06 -0.0265438 -0.0655662 -0.0961747 -0.110816 -0.1176
-2.89236e+06 -0.0266968 -0.0659557 -0.0967492 -0.111478 -0.1183
-2.90318e+06 -0.0268505 -0.0663464 -0.097324 -0.11214 -0.119
-2.91395e+06 -0.0270045 -0.0667375 -0.097899 -0.112802 -0.1197
-2.92478e+06 -0.0271586 -0.0671284 -0.0984733 -0.113464 -0.1204
-2.93558e+06 -0.027312 -0.0675188 -0.0990473 -0.114126 -0.1211
-2.94625e+06 -0.0274654 -0.0679099 -0.0996219 -0.114788 -0.1218
-2.9569e+06 -0.027618 -0.0683001 -0.100196 -0.11545 -0.1225
-2.96747e+06 -0.0277705 -0.0686903 -0.100771 -0.116112 -0.1232
-2.97796e+06 -0.0279229 -0.0690807 -0.101345 -0.116774 -0.1239
-2.98839e+06 -0.0280751 -0.0694711 -0.10192 -0.117437 -0.1246
-2.99874e+06 -0.0282275 -0.0698619 -0.102496 -0.118099 -0.1253
-3.00903e+06 -0.0283796 -0.0702528 -0.103071 -0.118762 -0.126
-3.01924e+06 -0.0285318 -0.0706439 -0.103647 -0.119425 -0.1267
-3.02939e+06 -0.0286837 -0.0710352 -0.104223 -0.120087 -0.1274
-3.03948e+06 -0.0288355 -0.0714265 -0.104799 -0.12075 -0.1281
-3.04951e+06 -0.0289872 -0.0718178 -0.105375 -0.121413 -0.1288
-3.05949e+06 -0.0291389 -0.0722091 -0.105952 -0.122076 -0.1295
-3.06942e+06 -0.0292905 -0.0726004 -0.106528 -0.122739 -0.1302
-3.0793e+06 -0.0294421 -0.0729918 -0.107105 -0.123402 -0.1309
-3.08912e+06 -0.0295937 -0.0733832 -0.107682 -0.124065 -0.1316
-3.09889e+06 -0.0297453 -0.073775 -0.108259 -0.124729 -0.1323
-3.1086e+06 -0.0298969 -0.074167 -0.108836 -0.125392 -0.133
-3.11825e+06 -0.0300485 -0.0745591 -0.109413 -0.126055 -0.1337
-3.12785e+06 -0.0302 -0.0749512 -0.109991 -0.126719 -0.1344
-3.1374e+06 -0.0303514 -0.0753435 -0.110569 -0.127382 -0.1351
-3.14691e+06 -0.0305029 -0.0757359 -0.111147 -0.128045 -0.1358
-3.15636e+06 -0.0306545 -0.0761283 -0.111725 -0.128709 -0.1365
-3.16576e+06 -0.030806 -0.0765208 -0.112303 -0.129373 -0.1372
-3.17512e+06 -0.0309575 -0.0769134 -0.112881 -0.130036 -0.1379
-3.18442e+06 -0.0311091 -0.0773061 -0.113459 -0.1307 -0.1386
-3.19367e+06 -0.0312606 -0.0776988 -0.114038 -0.131364 -0.1393
-3.20287e+06 -0.0314122 -0.0780916 -0.114616 -0.132028 -0.14
-3.21203e+06 -0.0315637 -0.0784844 -0.115195 -0.132692 -0.1407
-3.22115e+06 -0.0317153 -0.0788772 -0.115774 -0.133356 -0.1414
-3.23021e+06 -0.031867 -0.0792703 -0.116353 -0.13402 -0.1421
-3.23922e+06 -0.0320187 -0.0796635 -0.116932 -0.134684 -0.1428
-3.24818e+06 -0.0321706 -0.080057 -0.117511 -0.135348 -0.1435
-3.25709e+06 -0.0323224 -0.0804505 -0.11809 -0.136013 -0.1442
-3.26596e+06 -0.0324743 -0.0808441 -0.11867 -0.136677 -0.1449
-3.27478e+06 -0.0326262 -0.0812378 -0.119249 -0.137342 -0.1456
-3.28355e+06 -0.0327781 -0.0816316 -0.119829 -0.138006 -0.1463
-3.29229e+06 -0.03293 -0.0820256 -0.120409 -0.138671 -0.147
-3.30097e+06 -0.033082 -0.0824198 -0.120989 -0.139335 -0.1477
-3.30962e+06 -0.0332341 -0.0828141 -0.121569 -0.14 -0.1484
-3.31822e+06 -0.0333862 -0.0832084 -0.122149 -0.140665 -0.1491
-3.32678e+06 -0.0335382 -0.0836029 -0.122729 -0.14133 -0.1498
-3.33529e+06 -0.0336904 -0.0839974 -0.12331 -0.141995 -0.1505
-3.34377e+06 -0.0338423 -0.0843919 -0.12389 -0.14266 -0.1512
-3.32823e+06 -0.0337586 -0.0842891 -0.124094 -0.14331 -0.1519
-2.78314e+06 -0.0421902 -0.092114 -0.128346 -0.145182 -0.1526
-2.6659e+06 -0.0417142 -0.0920043 -0.129165 -0.14605 -0.1533
-2.67501e+06 -0.0418242 -0.0922892 -0.129668 -0.146709 -0.154
-2.686e+06 -0.0419466 -0.0926321 -0.130312 -0.147386 -0.1547
-2.70157e+06 -0.0421075 -0.0930301 -0.13089 -0.148048 -0.1554
-2.71636e+06 -0.042273 -0.0934363 -0.131472 -0.148711 -0.1561
-2.7309e+06 -0.0424384 -0.0938426 -0.132056 -0.149375 -0.1568
-2.74505e+06 -0.0426074 -0.0942532 -0.132642 -0.15004 -0.1575
-2.75898e+06 -0.042778 -0.0946662 -0.13323 -0.150705 -0.1582
-2.77288e+06 -0.0429485 -0.0950792 -0.133817 -0.15137 -0.1589
-2.78645e+06 -0.0431211 -0.0954956 -0.134407 -0.152036 -0.1596
-2.7997e+06 -0.0432936 -0.0959129 -0.134998 -0.152702 -0.1603
-2.81255e+06 -0.0434707 -0.0963352 -0.135594 -0.153371 -0.161
-2.8254e+06 -0.0436424 -0.0967523 -0.136186 -0.154038 -0.1617
-2.83826e+06 -0.043813 -0.0971678 -0.136777 -0.154705 -0.1624
-2.85103e+06 -0.0439833 -0.0975832 -0.137369 -0.155373 -0.1631
-2.86377e+06 -0.0441535 -0.0979984 -0.13796 -0.15604 -0.1638
-2.87644e+06 -0.0443233 -0.0984131 -0.138552 -0.156707 -0.1645
-2.88906e+06 -0.0444929 -0.0988275 -0.139143 -0.157375 -0.1652
-2.90149e+06 -0.0446672 -0.0992457 -0.139738 -0.158043 -0.1659
-2.91379e+06 -0.0448392 -0.0996619 -0.140331 -0.158711 -0.1666
-2.92622e+06 -0.0450077 -0.100075 -0.140923 -0.159379 -0.1673
-2.93852e+06 -0.0451756 -0.100487 -0.141516 -0.160047 -0.168
-2.95071e+06 -0.045343 -0.100899 -0.142108 -0.160715 -0.1687
-2.96211e+06 -0.0455065 -0.101308 -0.142704 -0.161385 -0.1694
-2.95503e+06 -0.0458115 -0.101947 -0.143429 -0.162098 -0.1701
-2.9499e+06 -0.0461294 -0.102432 -0.144035 -0.162796 -0.1708
-2.92458e+06 -0.0461449 -0.102657 -0.145065 -0.163574 -0.1715
-2.82607e+06 -0.048077 -0.104528 -0.146337 -0.164455 -0.1722
-2.77147e+06 -0.0481979 -0.105102 -0.147264 -0.165259 -0.1729
-2.76588e+06 -0.0484815 -0.105641 -0.147911 -0.165957 -0.1736
-2.77163e+06 -0.0487132 -0.106149 -0.148557 -0.166644 -0.1743
-2.78498e+06 -0.0488836 -0.106561 -0.149148 -0.16731 -0.175
-2.79851e+06 -0.0490487 -0.106969 -0.149738 -0.167976 -0.1757
-2.81183e+06 -0.0492143 -0.107378 -0.15033 -0.168643 -0.1764
-2.82403e+06 -0.0493761 -0.107788 -0.150927 -0.169312 -0.1771
-2.83573e+06 -0.0495363 -0.108197 -0.151526 -0.169982 -0.1778
-2.84723e+06 -0.0496965 -0.108607 -0.152127 -0.170652 -0.1785
-2.85862e+06 -0.0498562 -0.109017 -0.152726 -0.171322 -0.1792
-2.8699e+06 -0.0500155 -0.109425 -0.153326 -0.171992 -0.1799
-2.88109e+06 -0.0501747 -0.109834 -0.153924 -0.172663 -0.1806
-2.89202e+06 -0.0503338 -0.110242 -0.154523 -0.173333 -0.1813
-2.9028e+06 -0.0504918 -0.110648 -0.15512 -0.174004 -0.182
-2.91286e+06 -0.050642 -0.111037 -0.155704 -0.174674 -0.1827
-2.91656e+06 -0.0507743 -0.111384 -0.156253 -0.17534 -0.1834
-2.91729e+06 -0.0507992 -0.111537 -0.156746 -0.176023 -0.1841
-2.91809e+06 -0.0511045 -0.112033 -0.15738 -0.176708 -0.1848
-2.92843e+06 -0.051258 -0.112426 -0.157966 -0.17738 -0.1855
-2.91344e+06 -0.0515026 -0.113025 -0.15872 -0.178106 -0.1862
-2.85302e+06 -0.0522242 -0.114056 -0.159681 -0.178923 -0.1869
-2.79732e+06 -0.052203 -0.114377 -0.160612 -0.179729 -0.1876
-2.72899e+06 -0.0538617 -0.116012 -0.1618 -0.180596 -0.1883
-2.73757e+06 -0.0539989 -0.116386 -0.16242 -0.18127 -0.189
-2.75034e+06 -0.0541601 -0.116794 -0.163013 -0.181938 -0.1897
-2.76304e+06 -0.0543223 -0.117202 -0.163607 -0.182606 -0.1904
-2.77537e+06 -0.0544844 -0.117611 -0.164205 -0.183275 -0.1911
-2.76872e+06 -0.054559 -0.117991 -0.164896 -0.183984 -0.1918
-2.77617e+06 -0.0548141 -0.118471 -0.165538 -0.184669 -0.1925
-2.78814e+06 -0.0549736 -0.118875 -0.166131 -0.185338 -0.1932
-2.79974e+06 -0.0551333 -0.119278 -0.166725 -0.186007 -0.1939
-2.81116e+06 -0.0552917 -0.11968 -0.167316 -0.186677 -0.1946
-2.8219e+06 -0.0554428 -0.120065 -0.167895 -0.187348 -0.1953
-2.8285e+06 -0.0555521 -0.120359 -0.168406 -0.188017 -0.196
-2.83828e+06 -0.0556966 -0.120732 -0.168991 -0.188691 -0.1967
-2.84212e+06 -0.0557786 -0.120969 -0.169459 -0.189361 -0.1974
-2.84798e+06 -0.0559034 -0.121324 -0.17013 -0.19005 -0.1981
-2.84942e+06 -0.0559629 -0.121516 -0.170563 -0.19072 -0.1988
-2.85724e+06 -0.0560995 -0.121888 -0.171195 -0.191399 -0.1995
-2.86083e+06 -0.0561979 -0.122185 -0.171797 -0.192085 -0.2002
-2.86659e+06 -0.056312 -0.122485 -0.172312 -0.192757 -0.2009
-2.8714e+06 -0.0564534 -0.122835 -0.172901 -0.193436 -0.2016
-2.87862e+06 -0.0566343 -0.123233 -0.173487 -0.19411 -0.2023
-2.88797e+06 -0.0567746 -0.123598 -0.174053 -0.194782 -0.203
-2.8468e+06 -0.0566768 -0.12387 -0.174865 -0.195553 -0.2037
-2.72488e+06 -0.0589233 -0.126063 -0.176356 -0.196506 -0.2044
-2.70699e+06 -0.0590392 -0.126459 -0.177092 -0.197233 -0.2051
-2.71811e+06 -0.0592165 -0.126881 -0.177693 -0.197904 -0.2058
-2.73129e+06 -0.0593753 -0.127283 -0.178282 -0.198571 -0.2065
-2.74379e+06 -0.0595415 -0.127695 -0.178875 -0.199239 -0.2072
-2.75567e+06 -0.0597087 -0.12811 -0.179472 -0.199908 -0.2079
-2.76769e+06 -0.0598736 -0.128522 -0.180069 -0.200578 -0.2086
-2.7793e+06 -0.0600376 -0.128932 -0.180666 -0.201248 -0.2093
-2.79055e+06 -0.0601964 -0.129334 -0.181259 -0.201918 -0.21
-2.80141e+06 -0.0603525 -0.129731 -0.18185 -0.202589 -0.2107
-2.81207e+06 -0.0605069 -0.130125 -0.182438 -0.203261 -0.2114
-2.82256e+06 -0.0606602 -0.130517 -0.183026 -0.203934 -0.2121
-2.83286e+06 -0.0608122 -0.130906 -0.183612 -0.204607 -0.2128
-2.84308e+06 -0.0609636 -0.131295 -0.184198 -0.205279 -0.2135
-2.85322e+06 -0.0611146 -0.131683 -0.184782 -0.205951 -0.2142
-2.86323e+06 -0.0612661 -0.132071 -0.185367 -0.206623 -0.2149
-2.87308e+06 -0.0614178 -0.13246 -0.185952 -0.207295 -0.2156
-2.88284e+06 -0.0615701 -0.132849 -0.186537 -0.207966 -0.2163
-2.89243e+06 -0.0617227 -0.133238 -0.187121 -0.208638 -0.217
-2.902e+06 -0.0618736 -0.133625 -0.187705 -0.209309 -0.2177
-2.91107e+06 -0.0620178 -0.133999 -0.188277 -0.209979 -0.2184
-2.91626e+06 -0.0621209 -0.134285 -0.188779 -0.210646 -0.2191
-2.89998e+06 -0.0620947 -0.134452 -0.189775 -0.211411 -0.2198
-2.82744e+06 -0.0634964 -0.13586 -0.190806 -0.212232 -0.2205
-2.78313e+06 -0.0634595 -0.136143 -0.191838 -0.213033 -0.2212
-2.74948e+06 -0.064543 -0.137273 -0.19277 -0.213815 -0.2219
-2.76104e+06 -0.0646972 -0.137658 -0.193342 -0.214482 -0.2226
-2.77317e+06 -0.064861 -0.138066 -0.193934 -0.215151 -0.2233
-2.78501e+06 -0.0650237 -0.138472 -0.194528 -0.21582 -0.224
-2.7963e+06 -0.0651857 -0.13888 -0.19513 -0.216491 -0.2247
-2.80765e+06 -0.065347 -0.139287 -0.195726 -0.217162 -0.2254
-2.81898e+06 -0.0655064 -0.139691 -0.196321 -0.217832 -0.2261
-2.82985e+06 -0.0656632 -0.140089 -0.19691 -0.218502 -0.2268
-2.84e+06 -0.0658185 -0.14049 -0.197513 -0.219175 -0.2275
-2.85037e+06 -0.0659726 -0.140883 -0.1981 -0.219845 -0.2282
-2.86092e+06 -0.0661293 -0.141283 -0.198692 -0.220516 -0.2289
-2.87126e+06 -0.0662839 -0.141678 -0.199282 -0.221187 -0.2296
-2.88122e+06 -0.0664354 -0.142067 -0.199868 -0.221857 -0.2303
-2.89105e+06 -0.0665856 -0.142452 -0.200448 -0.222527 -0.231
-2.89579e+06 -0.0666837 -0.142725 -0.200941 -0.223194 -0.2317
-2.8906e+06 -0.0667339 -0.142984 -0.201757 -0.223911 -0.2324
-2.86502e+06 -0.0674642 -0.143774 -0.202484 -0.22463 -0.2331
-2.81305e+06 -0.0674651 -0.144083 -0.203705 -0.225476 -0.2338
-2.79421e+06 -0.0680984 -0.144925 -0.204509 -0.226216 -0.2345
-2.80131e+06 -0.0682239 -0.145281 -0.20515 -0.226897 -0.2352
-2.81288e+06 -0.0683831 -0.145684 -0.205744 -0.227567 -0.2359
-2.82453e+06 -0.068543 -0.146088 -0.206338 -0.228236 -0.2366
-2.83603e+06 -0.0687022 -0.146492 -0.206932 -0.228906 -0.2373
-2.84734e+06 -0.0688602 -0.146894 -0.207529 -0.229576 -0.238
-2.85849e+06 -0.069018 -0.147295 -0.208123 -0.230246 -0.2387
-2.86944e+06 -0.0691763 -0.147697 -0.208719 -0.230917 -0.2394
-2.88006e+06 -0.0693327 -0.148095 -0.209312 -0.231588 -0.2401
-2.89059e+06 -0.069488 -0.148488 -0.209896 -0.232258 -0.2408
-2.90054e+06 -0.0696387 -0.148874 -0.21048 -0.232928 -0.2415
-2.91025e+06 -0.069787 -0.149254 -0.211057 -0.233597 -0.2422
-2.92001e+06 -0.0699356 -0.149635 -0.211633 -0.234266 -0.2429
-2.92959e+06 -0.0700832 -0.150015 -0.212208 -0.234935 -0.2436
-2.93417e+06 -0.0701785 -0.150281 -0.212694 -0.2356 -0.2443
-2.92999e+06 -0.0702411 -0.150563 -0.213532 -0.23633 -0.245
-2.91663e+06 -0.0707892 -0.151234 -0.21422 -0.237039 -0.2457
-2.89308e+06 -0.0709814 -0.151775 -0.215027 -0.237783 -0.2464
-2.87321e+06 -0.0713805 -0.152397 -0.215741 -0.238511 -0.2471
-2.8542e+06 -0.0713358 -0.152528 -0.216771 -0.239271 -0.2478
-2.77802e+06 -0.0732743 -0.154344 -0.218023 -0.240147 -0.2485
-2.77726e+06 -0.0733679 -0.154699 -0.218725 -0.240852 -0.2492
-2.78999e+06 -0.0735369 -0.15511 -0.219315 -0.241519 -0.2499
-2.80193e+06 -0.0736941 -0.155509 -0.219905 -0.242188 -0.2506
-2.81367e+06 -0.0738558 -0.155914 -0.220498 -0.242857 -0.2513
-2.82529e+06 -0.0740177 -0.15632 -0.221091 -0.243526 -0.252
-2.83674e+06 -0.0741787 -0.156725 -0.221686 -0.244196 -0.2527
-2.848e+06 -0.0743387 -0.15713 -0.22228 -0.244866 -0.2534
-2.85921e+06 -0.0744988 -0.157535 -0.222875 -0.245536 -0.2541
-2.87031e+06 -0.0746586 -0.15794 -0.223472 -0.246207 -0.2548
-2.8812e+06 -0.0748174 -0.158344 -0.224068 -0.246877 -0.2555
-2.89209e+06 -0.0749763 -0.158748 -0.224662 -0.247547 -0.2562
-2.90266e+06 -0.0751326 -0.159146 -0.225251 -0.248217 -0.2569
-2.91296e+06 -0.075286 -0.159539 -0.225835 -0.248886 -0.2576
-2.92291e+06 -0.0754361 -0.159924 -0.226415 -0.249555 -0.2583
-2.93251e+06 -0.0755841 -0.160306 -0.226992 -0.250224 -0.259
-2.94203e+06 -0.0757318 -0.160686 -0.227565 -0.250891 -0.2597
-2.95157e+06 -0.07588 -0.161068 -0.228138 -0.251559 -0.2604
-2.96102e+06 -0.0760278 -0.161448 -0.22871 -0.252226 -0.2611
-2.97041e+06 -0.0761754 -0.161829 -0.229283 -0.252893 -0.2618
-2.97968e+06 -0.0763222 -0.162207 -0.229855 -0.25356 -0.2625
-2.98903e+06 -0.0764693 -0.162586 -0.230425 -0.254226 -0.2632
-2.99833e+06 -0.0766161 -0.162964 -0.230994 -0.254892 -0.2639
-3.00762e+06 -0.0767628 -0.163341 -0.231563 -0.255558 -0.2646
-3.0169e+06 -0.0769094 -0.163719 -0.232132 -0.256223 -0.2653
-3.02615e+06 -0.0770559 -0.164096 -0.2327 -0.256889 -0.266
-3.03531e+06 -0.0772063 -0.164477 -0.233271 -0.257555 -0.2667
-3.04415e+06 -0.0773583 -0.16486 -0.233844 -0.258221 -0.2674
-3.05321e+06 -0.0775023 -0.165234 -0.234413 -0.258886 -0.2681
-3.06231e+06 -0.0776481 -0.16561 -0.234982 -0.259551 -0.2688
-3.07136e+06 -0.0777935 -0.165986 -0.235551 -0.260216 -0.2695
-3.08036e+06 -0.0779388 -0.166361 -0.23612 -0.26088 -0.2702
-3.08933e+06 -0.0780839 -0.166737 -0.236689 -0.261545 -0.2709
-3.09826e+06 -0.0782289 -0.167112 -0.237259 -0.26221 -0.2716
-3.10716e+06 -0.0783737 -0.167487 -0.23783 -0.262875 -0.2723
-3.1159e+06 -0.0785179 -0.167862 -0.238403 -0.26354 -0.273
-3.12458e+06 -0.0786623 -0.168237 -0.238976 -0.264205 -0.2737
-3.13343e+06 -0.0788078 -0.168613 -0.239546 -0.26487 -0.2744
-3.14225e+06 -0.0789531 -0.168988 -0.240115 -0.265535 -0.2751
-3.15104e+06 -0.0790984 -0.169364 -0.240685 -0.266199 -0.2758
-3.1598e+06 -0.0792438 -0.16974 -0.241254 -0.266864 -0.2765
-3.16852e+06 -0.0793896 -0.170116 -0.241824 -0.267528 -0.2772
-3.17721e+06 -0.0795354 -0.170492 -0.242395 -0.268193 -0.2779
-3.18561e+06 -0.0796798 -0.170867 -0.242972 -0.268859 -0.2786
-3.19285e+06 -0.0798171 -0.171236 -0.243576 -0.269531 -0.2793
-3.20052e+06 -0.0799682 -0.171646 -0.244182 -0.270201 -0.28
-3.20241e+06 -0.0800769 -0.171968 -0.244823 -0.270886 -0.2807
-3.18806e+06 -0.0802137 -0.172133 -0.245237 -0.271562 -0.2814
-3.13706e+06 -0.0802973 -0.172514 -0.246254 -0.272401 -0.2821
-3.06864e+06 -0.0816775 -0.173824 -0.24724 -0.2732 -0.2828
-2.93414e+06 -0.0810852 -0.173499 -0.249415 -0.274272 -0.2835
-2.78059e+06 -0.0842215 -0.176526 -0.251305 -0.27536 -0.2842
-2.7859e+06 -0.0843272 -0.17684 -0.252004 -0.276059 -0.2849
-2.8002e+06 -0.0844755 -0.177232 -0.252588 -0.276726 -0.2856
-2.81346e+06 -0.0846349 -0.177629 -0.253169 -0.277391 -0.2863
-2.82629e+06 -0.0847959 -0.178028 -0.253753 -0.278057 -0.287
-2.8386e+06 -0.0849547 -0.178426 -0.25434 -0.278724 -0.2877
-2.85055e+06 -0.085113 -0.178825 -0.254928 -0.279392 -0.2884
-2.8624e+06 -0.0852717 -0.179225 -0.255517 -0.28006 -0.2891
-2.87413e+06 -0.0854306 -0.179625 -0.256107 -0.280729 -0.2898
-2.88573e+06 -0.0855898 -0.180026 -0.256697 -0.281397 -0.2905
-2.89714e+06 -0.0857483 -0.180426 -0.257289 -0.282066 -0.2912
-2.90843e+06 -0.0859062 -0.180826 -0.257882 -0.282735 -0.2919
-2.91976e+06 -0.0860645 -0.181227 -0.258474 -0.283405 -0.2926
-2.93116e+06 -0.0862233 -0.181628 -0.259065 -0.284074 -0.2933
-2.94255e+06 -0.086382 -0.182029 -0.259657 -0.284743 -0.294
-2.95394e+06 -0.0865408 -0.18243 -0.260248 -0.285412 -0.2947
-2.96529e+06 -0.0866994 -0.182832 -0.26084 -0.286081 -0.2954
-2.97664e+06 -0.0868581 -0.183233 -0.261432 -0.28675 -0.2961
-2.98793e+06 -0.0870168 -0.183634 -0.262024 -0.28742 -0.2968
-2.99916e+06 -0.0871758 -0.184036 -0.262617 -0.288089 -0.2975
-3.01029e+06 -0.0873348 -0.184439 -0.26321 -0.288759 -0.2982
-3.0213e+06 -0.0874942 -0.184842 -0.263806 -0.28943 -0.2989
-3.03205e+06 -0.0876525 -0.185244 -0.264401 -0.2901 -0.2996
-3.04296e+06 -0.0878121 -0.185648 -0.264996 -0.29077 -0.3003
-3.0538e+06 -0.0879714 -0.186052 -0.26559 -0.29144 -0.301
-3.06461e+06 -0.0881305 -0.186455 -0.266185 -0.292111 -0.3017
-3.0752e+06 -0.0882912 -0.186861 -0.266782 -0.292781 -0.3024
-3.08589e+06 -0.0884512 -0.187266 -0.267379 -0.293452 -0.3031
-3.09641e+06 -0.0886088 -0.187667 -0.267974 -0.294123 -0.3038
-3.10673e+06 -0.0887689 -0.188071 -0.268567 -0.294793 -0.3045
-3.1166e+06 -0.0889304 -0.188477 -0.269161 -0.295464 -0.3052
-3.12669e+06 -0.0890879 -0.188876 -0.269749 -0.296134 -0.3059
-3.13661e+06 -0.0892434 -0.18927 -0.270334 -0.296804 -0.3066
-3.14623e+06 -0.0893976 -0.189662 -0.270916 -0.297473 -0.3073
-3.15557e+06 -0.0895517 -0.190052 -0.271496 -0.298142 -0.308
-3.16493e+06 -0.0897041 -0.19044 -0.272076 -0.298811 -0.3087
-3.1742e+06 -0.0898494 -0.190815 -0.272647 -0.299477 -0.3094
-3.18353e+06 -0.0899947 -0.191189 -0.273214 -0.300143 -0.3101
-3.19277e+06 -0.0901392 -0.191562 -0.273781 -0.300808 -0.3108
-3.20104e+06 -0.0902779 -0.191928 -0.274358 -0.301474 -0.3115
-3.20895e+06 -0.0904144 -0.192292 -0.274951 -0.302141 -0.3122
-3.21603e+06 -0.0905373 -0.192622 -0.275489 -0.302804 -0.3129
-3.22087e+06 -0.090639 -0.192929 -0.276065 -0.30347 -0.3136
-3.2302e+06 -0.0907748 -0.193292 -0.276619 -0.304134 -0.3143
-3.23929e+06 -0.0909164 -0.193659 -0.277178 -0.304795 -0.315
-3.24817e+06 -0.0910576 -0.194024 -0.277737 -0.305457 -0.3157
-3.257e+06 -0.0911986 -0.194389 -0.278296 -0.306119 -0.3164
-3.26578e+06 -0.0913396 -0.194754 -0.278854 -0.306781 -0.3171
-3.27451e+06 -0.0914812 -0.195119 -0.279414 -0.307443 -0.3178
-3.28318e+06 -0.0916233 -0.195485 -0.279973 -0.308105 -0.3185
-3.29172e+06 -0.0917662 -0.195851 -0.280533 -0.308768 -0.3192
-3.30029e+06 -0.0919096 -0.196219 -0.281094 -0.30943 -0.3199
-3.30884e+06 -0.0920541 -0.196588 -0.281657 -0.310093 -0.3206
-3.31689e+06 -0.092196 -0.196955 -0.282226 -0.310758 -0.3213
-3.32419e+06 -0.0923345 -0.197323 -0.282808 -0.311426 -0.322
-3.33122e+06 -0.0924772 -0.197706 -0.283401 -0.312094 -0.3227
-3.33447e+06 -0.0925931 -0.198053 -0.284071 -0.312777 -0.3234
-3.33795e+06 -0.0926815 -0.198303 -0.284497 -0.313432 -0.3241
-3.30657e+06 -0.0925855 -0.198439 -0.28582 -0.314262 -0.3248
-2.98459e+06 -0.0982655 -0.203692 -0.289059 -0.315722 -0.3255
-2.86353e+06 -0.0979964 -0.203871 -0.290818 -0.316738 -0.3262
-2.83571e+06 -0.0989644 -0.204898 -0.29169 -0.317502 -0.3269
-2.82986e+06 -0.0990087 -0.205156 -0.292565 -0.318234 -0.3276
-2.83271e+06 -0.0994208 -0.205754 -0.293229 -0.318923 -0.3283
-2.84282e+06 -0.0995712 -0.206141 -0.293847 -0.319598 -0.329
-2.85536e+06 -0.099732 -0.20654 -0.29443 -0.320264 -0.3297
-2.86765e+06 -0.0998919 -0.206939 -0.295015 -0.320931 -0.3304
-2.87998e+06 -0.100052 -0.207338 -0.2956 -0.321598 -0.3311
-2.89212e+06 -0.100212 -0.207737 -0.296186 -0.322264 -0.3318
-2.90409e+06 -0.100373 -0.208136 -0.296772 -0.322932 -0.3325
-2.91599e+06 -0.100533 -0.208536 -0.297359 -0.323599 -0.3332
-2.92781e+06 -0.100694 -0.208936 -0.297946 -0.324266 -0.3339
-2.93946e+06 -0.100854 -0.209337 -0.298537 -0.324935 -0.3346
-2.95092e+06 -0.101013 -0.209737 -0.299125 -0.325603 -0.3353
-2.96246e+06 -0.101174 -0.210138 -0.299714 -0.326271 -0.336
-2.97388e+06 -0.101334 -0.210539 -0.300304 -0.326939 -0.3367
-2.98528e+06 -0.101494 -0.210942 -0.300893 -0.327608 -0.3374
-2.99667e+06 -0.101655 -0.211344 -0.301483 -0.328276 -0.3381
-3.00793e+06 -0.101814 -0.211746 -0.302073 -0.328945 -0.3388
-3.01913e+06 -0.101974 -0.212148 -0.302664 -0.329613 -0.3395
-3.03027e+06 -0.102134 -0.212551 -0.303255 -0.330282 -0.3402
-3.04138e+06 -0.102295 -0.212954 -0.303846 -0.330951 -0.3409
-3.05248e+06 -0.102455 -0.213356 -0.304437 -0.33162 -0.3416
-3.06355e+06 -0.102615 -0.213759 -0.305029 -0.332289 -0.3423
-3.07457e+06 -0.102775 -0.214163 -0.30562 -0.332959 -0.343
-3.08556e+06 -0.102935 -0.214566 -0.306212 -0.333628 -0.3437
-3.0965e+06 -0.103094 -0.214969 -0.306805 -0.334297 -0.3444
-3.10744e+06 -0.103254 -0.215372 -0.307397 -0.334967 -0.3451
-3.11834e+06 -0.103413 -0.215775 -0.30799 -0.335636 -0.3458
-3.12479e+06 -0.103608 -0.216238 -0.308617 -0.336317 -0.3465
-3.1318e+06 -0.103798 -0.216693 -0.309239 -0.336997 -0.3472
-3.14102e+06 -0.103969 -0.217117 -0.309844 -0.33767 -0.3479
-3.1483e+06 -0.104158 -0.217581 -0.310479 -0.338357 -0.3486
-3.15474e+06 -0.10435 -0.218041 -0.311104 -0.339037 -0.3493
-3.16342e+06 -0.104526 -0.218471 -0.311713 -0.339712 -0.35
-3.17421e+06 -0.104683 -0.218873 -0.312306 -0.340381 -0.3507
-3.18066e+06 -0.104877 -0.219336 -0.312933 -0.341062 -0.3514
-3.17797e+06 -0.105152 -0.21993 -0.31363 -0.341765 -0.3521
-3.15857e+06 -0.105702 -0.220763 -0.314422 -0.342489 -0.3528
-3.06741e+06 -0.105405 -0.220746 -0.315894 -0.34342 -0.3535
-2.88973e+06 -0.109082 -0.224159 -0.317957 -0.344554 -0.3542
-2.83423e+06 -0.108791 -0.223953 -0.319651 -0.345458 -0.3549
-2.83422e+06 -0.109191 -0.224555 -0.320332 -0.346154 -0.3556
-2.84585e+06 -0.109342 -0.224942 -0.32092 -0.346822 -0.3563
-2.85832e+06 -0.109504 -0.225344 -0.321504 -0.347488 -0.357
-2.86666e+06 -0.109699 -0.225801 -0.322125 -0.348167 -0.3577
-2.87844e+06 -0.10986 -0.226203 -0.322714 -0.348835 -0.3584
-2.88607e+06 -0.110051 -0.226654 -0.323331 -0.349513 -0.3591
-2.89707e+06 -0.110213 -0.227059 -0.323924 -0.350182 -0.3598
-2.90852e+06 -0.110372 -0.227458 -0.324513 -0.350851 -0.3605
-2.91992e+06 -0.11053 -0.227858 -0.325103 -0.351519 -0.3612
-2.93125e+06 -0.110689 -0.228258 -0.325693 -0.352188 -0.3619
-2.94252e+06 -0.110848 -0.228659 -0.326283 -0.352857 -0.3626
-2.95375e+06 -0.111007 -0.22906 -0.326874 -0.353526 -0.3633
-2.96493e+06 -0.111166 -0.22946 -0.327465 -0.354195 -0.364
-2.97608e+06 -0.111325 -0.229861 -0.328056 -0.354864 -0.3647
-2.98715e+06 -0.111483 -0.230262 -0.328647 -0.355533 -0.3654
-2.99818e+06 -0.111641 -0.230662 -0.329239 -0.356203 -0.3661
-3.00917e+06 -0.111799 -0.231062 -0.32983 -0.356872 -0.3668
-3.02015e+06 -0.111957 -0.231463 -0.330422 -0.357541 -0.3675
-3.03111e+06 -0.112115 -0.231863 -0.331014 -0.358211 -0.3682
-3.04206e+06 -0.112273 -0.232263 -0.331606 -0.35888 -0.3689
-3.05298e+06 -0.112431 -0.232664 -0.332198 -0.35955 -0.3696
-3.0639e+06 -0.112589 -0.233065 -0.33279 -0.360219 -0.3703
-3.0748e+06 -0.112747 -0.233466 -0.333383 -0.360889 -0.371
-3.08567e+06 -0.112905 -0.233867 -0.333975 -0.361559 -0.3717
-3.09651e+06 -0.113064 -0.234269 -0.334567 -0.362228 -0.3724
-3.10735e+06 -0.113222 -0.234671 -0.33516 -0.362897 -0.3731
-3.11818e+06 -0.113381 -0.235073 -0.335752 -0.363567 -0.3738
-3.12898e+06 -0.113539 -0.235475 -0.336344 -0.364236 -0.3745
-3.13462e+06 -0.113681 -0.235877 -0.336965 -0.364918 -0.3752
-3.13641e+06 -0.113781 -0.236252 -0.337599 -0.365606 -0.3759
-3.13262e+06 -0.113866 -0.236623 -0.338264 -0.366308 -0.3766
-3.11807e+06 -0.113862 -0.236878 -0.339065 -0.36703 -0.3773
-3.04818e+06 -0.115246 -0.238272 -0.340186 -0.36786 -0.378
-2.90521e+06 -0.11449 -0.237617 -0.342984 -0.369061 -0.3787
-2.80923e+06 -0.116525 -0.239771 -0.344453 -0.370017 -0.3794
-2.8102e+06 -0.116611 -0.24008 -0.345176 -0.370714 -0.3801
-2.82296e+06 -0.116771 -0.24048 -0.345769 -0.371383 -0.3808
-2.83441e+06 -0.116925 -0.240872 -0.346354 -0.372051 -0.3815
-2.84638e+06 -0.117085 -0.241272 -0.346938 -0.372718 -0.3822
-2.85839e+06 -0.117245 -0.241674 -0.347527 -0.373385 -0.3829
-2.86992e+06 -0.117403 -0.242072 -0.348116 -0.374053 -0.3836
-2.88135e+06 -0.117561 -0.242472 -0.348705 -0.374721 -0.3843
-2.89272e+06 -0.11772 -0.242871 -0.349295 -0.37539 -0.385
-2.89944e+06 -0.117858 -0.243264 -0.349909 -0.37607 -0.3857
-2.90657e+06 -0.117982 -0.243649 -0.350529 -0.376755 -0.3864
-2.91535e+06 -0.118128 -0.244043 -0.351131 -0.377429 -0.3871
-2.92507e+06 -0.118279 -0.24444 -0.351728 -0.3781 -0.3878
-2.93641e+06 -0.118438 -0.24484 -0.352318 -0.378769 -0.3885
-2.94766e+06 -0.118597 -0.245241 -0.352908 -0.379438 -0.3892
-2.95886e+06 -0.118757 -0.245643 -0.353499 -0.380107 -0.3899
-2.97002e+06 -0.118916 -0.246044 -0.35409 -0.380776 -0.3906
-2.98115e+06 -0.119076 -0.246446 -0.354681 -0.381445 -0.3913
-2.99223e+06 -0.119235 -0.246848 -0.355273 -0.382114 -0.392
-3.00329e+06 -0.119395 -0.24725 -0.355864 -0.382783 -0.3927
-3.01431e+06 -0.119554 -0.247652 -0.356456 -0.383452 -0.3934
-3.02531e+06 -0.119714 -0.248054 -0.357048 -0.384122 -0.3941
-3.03628e+06 -0.119874 -0.248457 -0.35764 -0.384791 -0.3948
-3.04724e+06 -0.120034 -0.248859 -0.358232 -0.38546 -0.3955
-3.05819e+06 -0.120194 -0.249262 -0.358825 -0.38613 -0.3962
-3.06913e+06 -0.120354 -0.249665 -0.359417 -0.386799 -0.3969
-3.08001e+06 -0.120514 -0.250068 -0.360009 -0.387468 -0.3976
-3.09093e+06 -0.120674 -0.250471 -0.360601 -0.388137 -0.3983
-3.10171e+06 -0.120835 -0.250875 -0.361194 -0.388806 -0.399
-3.11232e+06 -0.120997 -0.251281 -0.361787 -0.389476 -0.3997
-3.12298e+06 -0.121159 -0.251686 -0.362381 -0.390145 -0.4004
-3.13358e+06 -0.121321 -0.252092 -0.362974 -0.390814 -0.4011
-3.14389e+06 -0.121485 -0.252501 -0.363569 -0.391484 -0.4018
-3.15474e+06 -0.121644 -0.252902 -0.364159 -0.392152 -0.4025
-3.16541e+06 -0.121805 -0.253305 -0.364751 -0.39282 -0.4032
-3.17608e+06 -0.121965 -0.253708 -0.365341 -0.393487 -0.4039
-3.18685e+06 -0.122124 -0.254109 -0.365931 -0.394155 -0.4046
-3.19757e+06 -0.122283 -0.254509 -0.366521 -0.394822 -0.4053
-3.20826e+06 -0.122442 -0.254909 -0.36711 -0.395489 -0.406
-3.21888e+06 -0.1226 -0.255307 -0.367698 -0.396156 -0.4067
-3.22947e+06 -0.122757 -0.255704 -0.368285 -0.396823 -0.4074
-3.23994e+06 -0.122914 -0.2561 -0.368871 -0.397489 -0.4081
-3.25026e+06 -0.123069 -0.256492 -0.369454 -0.398155 -0.4088
-3.26049e+06 -0.123223 -0.256883 -0.370035 -0.398821 -0.4095
-3.27064e+06 -0.123376 -0.257271 -0.370615 -0.399486 -0.4102
-3.28065e+06 -0.123528 -0.257657 -0.371192 -0.40015 -0.4109
-3.29055e+06 -0.123678 -0.258041 -0.371768 -0.400814 -0.4116
-3.30036e+06 -0.123828 -0.258423 -0.372344 -0.401478 -0.4123
-3.31008e+06 -0.123977 -0.258804 -0.372918 -0.402142 -0.413
-3.31964e+06 -0.124124 -0.259181 -0.37349 -0.402806 -0.4137
-3.32905e+06 -0.12427 -0.259556 -0.374059 -0.40347 -0.4144
-3.33838e+06 -0.124414 -0.259929 -0.374627 -0.404134 -0.4151
-3.34765e+06 -0.124558 -0.2603 -0.375194 -0.404799 -0.4158
-3.35664e+06 -0.1247 -0.260669 -0.375761 -0.405464 -0.4165
-3.36521e+06 -0.12484 -0.261035 -0.376327 -0.40613 -0.4172
-3.37398e+06 -0.12498 -0.261401 -0.376892 -0.406795 -0.4179
-3.38275e+06 -0.125121 -0.261767 -0.377456 -0.40746 -0.4186
-3.39165e+06 -0.125262 -0.262132 -0.378017 -0.408124 -0.4193
-3.40044e+06 -0.125403 -0.262496 -0.378577 -0.408789 -0.42
-3.40886e+06 -0.125543 -0.262858 -0.379137 -0.409453 -0.4207
-3.41702e+06 -0.125681 -0.26322 -0.3797 -0.410119 -0.4214
-3.42556e+06 -0.125821 -0.263584 -0.38026 -0.410783 -0.4221
-3.43392e+06 -0.125961 -0.263945 -0.380819 -0.411447 -0.4228
-3.44243e+06 -0.126101 -0.264307 -0.381376 -0.41211 -0.4235
-3.45074e+06 -0.126241 -0.264668 -0.381934 -0.412773 -0.4242
-3.45902e+06 -0.126381 -0.26503 -0.382491 -0.413435 -0.4249
-3.46742e+06 -0.126522 -0.265392 -0.383048 -0.414097 -0.4256
-3.47576e+06 -0.126664 -0.265755 -0.383605 -0.414759 -0.4263
-3.48405e+06 -0.126806 -0.266118 -0.384162 -0.415421 -0.427
-3.49231e+06 -0.126948 -0.266481 -0.384719 -0.416083 -0.4277
-3.50055e+06 -0.12709 -0.266845 -0.385275 -0.416745 -0.4284
-3.50877e+06 -0.127233 -0.267208 -0.385832 -0.417407 -0.4291
-3.51696e+06 -0.127375 -0.267572 -0.386389 -0.418068 -0.4298
-3.52514e+06 -0.127518 -0.267935 -0.386945 -0.41873 -0.4305
-3.53328e+06 -0.12766 -0.2683 -0.387502 -0.419391 -0.4312
-3.5414e+06 -0.127803 -0.268663 -0.388058 -0.420053 -0.4319
-3.5495e+06 -0.127945 -0.269027 -0.388614 -0.420714 -0.4326
-3.55758e+06 -0.128088 -0.269391 -0.38917 -0.421376 -0.4333
-3.56564e+06 -0.12823 -0.269755 -0.389726 -0.422037 -0.434
-3.57367e+06 -0.128372 -0.270119 -0.390281 -0.422699 -0.4347
-3.58169e+06 -0.128515 -0.270482 -0.390837 -0.42336 -0.4354
-3.58967e+06 -0.128657 -0.270846 -0.391392 -0.424021 -0.4361
-3.59764e+06 -0.1288 -0.27121 -0.391948 -0.424682 -0.4368
-3.6056e+06 -0.128942 -0.271573 -0.392503 -0.425344 -0.4375
-3.61353e+06 -0.129084 -0.271937 -0.393058 -0.426005 -0.4382
-3.62145e+06 -0.129226 -0.2723 -0.393613 -0.426666 -0.4389
-3.62936e+06 -0.129368 -0.272664 -0.394168 -0.427327 -0.4396
-3.63726e+06 -0.12951 -0.273027 -0.394723 -0.427988 -0.4403
-3.64514e+06 -0.129651 -0.27339 -0.395278 -0.428649 -0.441
-3.653e+06 -0.129793 -0.273753 -0.395833 -0.42931 -0.4417
-3.66085e+06 -0.129934 -0.274116 -0.396388 -0.429971 -0.4424
-3.66868e+06 -0.130076 -0.274479 -0.396942 -0.430632 -0.4431
-3.67649e+06 -0.130217 -0.274842 -0.397497 -0.431293 -0.4438
-3.68428e+06 -0.130358 -0.275205 -0.398051 -0.431954 -0.4445
-3.69206e+06 -0.130499 -0.275567 -0.398606 -0.432615 -0.4452
-3.6998e+06 -0.130641 -0.27593 -0.39916 -0.433276 -0.4459
-3.70752e+06 -0.130782 -0.276293 -0.399715 -0.433937 -0.4466
-3.7152e+06 -0.130924 -0.276656 -0.40027 -0.434598 -0.4473
-3.72284e+06 -0.131065 -0.277019 -0.400825 -0.435259 -0.448
-3.73045e+06 -0.131207 -0.277383 -0.40138 -0.43592 -0.4487
-3.73804e+06 -0.131349 -0.277746 -0.401935 -0.436581 -0.4494
-3.7456e+06 -0.13149 -0.278109 -0.402489 -0.437242 -0.4501
-3.75314e+06 -0.131632 -0.278472 -0.403044 -0.437903 -0.4508
-3.76065e+06 -0.131773 -0.278835 -0.403599 -0.438564 -0.4515
-3.76815e+06 -0.131914 -0.279198 -0.404154 -0.439225 -0.4522
-3.77562e+06 -0.132056 -0.279561 -0.404709 -0.439886 -0.4529
-3.78307e+06 -0.132197 -0.279924 -0.405263 -0.440548 -0.4536
-3.79049e+06 -0.132338 -0.280287 -0.405818 -0.441209 -0.4543
-3.79788e+06 -0.132479 -0.28065 -0.406373 -0.44187 -0.455
-3.80524e+06 -0.132621 -0.281013 -0.406928 -0.442531 -0.4557
-3.81257e+06 -0.132762 -0.281376 -0.407483 -0.443192 -0.4564
-3.81989e+06 -0.132903 -0.281739 -0.408038 -0.443853 -0.4571
-3.82717e+06 -0.133045 -0.282103 -0.408592 -0.444514 -0.4578
-3.83442e+06 -0.133186 -0.282466 -0.409147 -0.445175 -0.4585
-3.84144e+06 -0.133334 -0.282835 -0.409705 -0.445837 -0.4592
-3.84761e+06 -0.133498 -0.283225 -0.410274 -0.446502 -0.4599
-3.84651e+06 -0.133863 -0.283795 -0.410937 -0.44719 -0.4606
-3.78738e+06 -0.13444 -0.284512 -0.411747 -0.44802 -0.4613
-3.637e+06 -0.134682 -0.28531 -0.413556 -0.449043 -0.462
-3.5027e+06 -0.135218 -0.285438 -0.413773 -0.450044 -0.4627
-3.26617e+06 -0.134222 -0.284748 -0.417703 -0.451576 -0.4634
-2.98193e+06 -0.140111 -0.290028 -0.420569 -0.452911 -0.4641
-2.97344e+06 -0.140076 -0.290183 -0.421458 -0.453617 -0.4648
-2.98313e+06 -0.140273 -0.290617 -0.422038 -0.45428 -0.4655
-2.99389e+06 -0.140418 -0.290994 -0.422625 -0.454948 -0.4662
-3.00456e+06 -0.140578 -0.29139 -0.423218 -0.455618 -0.4669
-3.01745e+06 -0.140743 -0.291795 -0.423795 -0.456282 -0.4676
-3.02929e+06 -0.140902 -0.292191 -0.424379 -0.456948 -0.4683
-3.04104e+06 -0.141061 -0.292587 -0.424961 -0.457614 -0.469
-3.05268e+06 -0.14122 -0.292981 -0.425543 -0.45828 -0.4697
-3.06427e+06 -0.141378 -0.293376 -0.426125 -0.458946 -0.4704
-3.07579e+06 -0.141537 -0.293771 -0.426708 -0.459612 -0.4711
-3.08721e+06 -0.141695 -0.294166 -0.427291 -0.460279 -0.4718
-3.09589e+06 -0.141876 -0.294598 -0.427895 -0.460952 -0.4725
-3.10406e+06 -0.142047 -0.295013 -0.428495 -0.461625 -0.4732
-3.11397e+06 -0.142244 -0.295503 -0.429149 -0.462326 -0.4739
-3.12181e+06 -0.142427 -0.295939 -0.429762 -0.463002 -0.4746
-3.13037e+06 -0.142596 -0.296356 -0.430393 -0.463683 -0.4753
-3.13879e+06 -0.142778 -0.296789 -0.431003 -0.464359 -0.476
-3.14427e+06 -0.142972 -0.297246 -0.431657 -0.465048 -0.4767
-3.14437e+06 -0.143227 -0.297795 -0.432329 -0.465744 -0.4774
-3.14962e+06 -0.143437 -0.298272 -0.43296 -0.466426 -0.4781
-3.15806e+06 -0.143617 -0.298704 -0.433565 -0.4671 -0.4788
-3.16653e+06 -0.143798 -0.299137 -0.434171 -0.467774 -0.4795
-3.1774e+06 -0.143959 -0.299537 -0.434758 -0.468442 -0.4802
-3.18848e+06 -0.144117 -0.299933 -0.435343 -0.469109 -0.4809
-3.19953e+06 -0.144275 -0.300329 -0.435928 -0.469776 -0.4816
-3.21056e+06 -0.144434 -0.300725 -0.436514 -0.470444 -0.4823
-3.22156e+06 -0.144592 -0.301122 -0.437099 -0.471111 -0.483
-3.23254e+06 -0.14475 -0.301518 -0.437685 -0.471779 -0.4837
-3.24348e+06 -0.144909 -0.301915 -0.438271 -0.472447 -0.4844
-3.2544e+06 -0.145067 -0.302312 -0.438857 -0.473114 -0.4851
-3.26532e+06 -0.145225 -0.302708 -0.439443 -0.473782 -0.4858
-3.27622e+06 -0.145384 -0.303105 -0.440029 -0.47445 -0.4865
-3.2871e+06 -0.145542 -0.303502 -0.440615 -0.475117 -0.4872
-3.29795e+06 -0.145701 -0.303899 -0.441202 -0.475785 -0.4879
-3.30879e+06 -0.145859 -0.304296 -0.441788 -0.476453 -0.4886
-3.31631e+06 -0.146 -0.304686 -0.442391 -0.477128 -0.4893
-3.32224e+06 -0.146133 -0.305072 -0.443 -0.477806 -0.49
-3.33022e+06 -0.146276 -0.305461 -0.4436 -0.47848 -0.4907
-3.33478e+06 -0.146401 -0.305842 -0.444219 -0.479163 -0.4914
-3.33743e+06 -0.146517 -0.306218 -0.444848 -0.47985 -0.4921
-3.33413e+06 -0.1466 -0.306577 -0.445503 -0.480549 -0.4928
-3.33141e+06 -0.146694 -0.306947 -0.446163 -0.48125 -0.4935
-3.32764e+06 -0.146826 -0.30734 -0.446809 -0.48194 -0.4942
-3.31361e+06 -0.147452 -0.308134 -0.447614 -0.482683 -0.4949
-3.30358e+06 -0.147626 -0.308492 -0.448545 -0.483426 -0.4956
-3.30563e+06 -0.147857 -0.309005 -0.449209 -0.484118 -0.4963
-3.30826e+06 -0.148022 -0.309421 -0.449905 -0.484813 -0.497
-3.31896e+06 -0.148188 -0.309825 -0.450494 -0.485481 -0.4977
-3.32704e+06 -0.148329 -0.310212 -0.451096 -0.486156 -0.4984
-3.33414e+06 -0.148468 -0.3106 -0.451701 -0.486832 -0.4991
-3.33709e+06 -0.148585 -0.310975 -0.452325 -0.487516 -0.4998
-3.34489e+06 -0.148728 -0.311365 -0.452927 -0.488191 -0.5005
-3.34701e+06 -0.148841 -0.311736 -0.453555 -0.488878 -0.5012
-3.35423e+06 -0.148982 -0.312127 -0.454162 -0.489554 -0.5019
-3.36212e+06 -0.149128 -0.312521 -0.454764 -0.490228 -0.5026
-3.37289e+06 -0.149288 -0.31292 -0.455352 -0.490896 -0.5033
-3.38373e+06 -0.149448 -0.313319 -0.455939 -0.491564 -0.504
-3.3944e+06 -0.149609 -0.31372 -0.456528 -0.492233 -0.5047
-3.40499e+06 -0.14977 -0.314121 -0.457118 -0.492901 -0.5054
-3.4157e+06 -0.14993 -0.31452 -0.457706 -0.49357 -0.5061
-3.42636e+06 -0.150089 -0.314919 -0.458294 -0.494238 -0.5068
-3.43698e+06 -0.150248 -0.315319 -0.458883 -0.494907 -0.5075
-3.44755e+06 -0.150407 -0.315718 -0.459472 -0.495576 -0.5082
-3.45804e+06 -0.150566 -0.316116 -0.46006 -0.496244 -0.5089
-3.46848e+06 -0.150724 -0.316513 -0.460647 -0.496913 -0.5096
-3.4787e+06 -0.150883 -0.316912 -0.461235 -0.497582 -0.5103
-3.48891e+06 -0.151042 -0.31731 -0.461822 -0.498252 -0.511
-3.49901e+06 -0.151198 -0.317704 -0.462407 -0.498921 -0.5117
-3.50911e+06 -0.151354 -0.318095 -0.46299 -0.49959 -0.5124
-3.51899e+06 -0.151509 -0.318485 -0.463571 -0.500258 -0.5131
-3.52868e+06 -0.151663 -0.318873 -0.464151 -0.500927 -0.5138
-3.53821e+06 -0.151817 -0.319261 -0.46473 -0.501597 -0.5145
-3.54778e+06 -0.151969 -0.319647 -0.465307 -0.502266 -0.5152
-3.5574e+06 -0.152121 -0.32003 -0.465883 -0.502934 -0.5159
-3.56689e+06 -0.152273 -0.320415 -0.46646 -0.503603 -0.5166
-3.57643e+06 -0.152425 -0.320798 -0.467037 -0.504272 -0.5173
-3.58583e+06 -0.152575 -0.321179 -0.467611 -0.504941 -0.518
-3.59505e+06 -0.152724 -0.321557 -0.468182 -0.50561 -0.5187
-3.60406e+06 -0.152871 -0.32193 -0.468751 -0.506279 -0.5194
-3.61294e+06 -0.153017 -0.322302 -0.469318 -0.506948 -0.5201
-3.59668e+06 -0.1529 -0.32212 -0.469468 -0.507615 -0.5208
-3.17877e+06 -0.156762 -0.325449 -0.475535 -0.509652 -0.5215
-3.1565e+06 -0.156705 -0.325722 -0.476262 -0.510385 -0.5222
-3.06561e+06 -0.15898 -0.327887 -0.47779 -0.511351 -0.5229
-3.072e+06 -0.159246 -0.328386 -0.478421 -0.512031 -0.5236
-3.08335e+06 -0.159403 -0.32878 -0.479003 -0.512697 -0.5243
-3.09439e+06 -0.159562 -0.329176 -0.479587 -0.513365 -0.525
-3.10552e+06 -0.15972 -0.329571 -0.480171 -0.514032 -0.5257
-3.11662e+06 -0.159878 -0.329966 -0.480754 -0.514699 -0.5264
-3.12767e+06 -0.160037 -0.330362 -0.481338 -0.515366 -0.5271
-3.13866e+06 -0.160195 -0.330758 -0.481923 -0.516034 -0.5278
-3.14958e+06 -0.160353 -0.331154 -0.482508 -0.516701 -0.5285
-3.16044e+06 -0.160512 -0.331551 -0.483093 -0.517369 -0.5292
-3.17124e+06 -0.16067 -0.331947 -0.483679 -0.518037 -0.5299
-3.18197e+06 -0.160828 -0.332344 -0.484265 -0.518705 -0.5306
-3.19261e+06 -0.160987 -0.332741 -0.484851 -0.519373 -0.5313
-3.20324e+06 -0.161145 -0.333138 -0.485438 -0.520041 -0.532
-3.21383e+06 -0.161303 -0.333535 -0.486025 -0.52071 -0.5327
-3.22439e+06 -0.161461 -0.333932 -0.486612 -0.521378 -0.5334
-3.23462e+06 -0.161617 -0.334329 -0.4872 -0.522047 -0.5341
-3.24507e+06 -0.161776 -0.334727 -0.487788 -0.522716 -0.5348
-3.25525e+06 -0.161932 -0.335123 -0.488377 -0.523385 -0.5355
-3.26564e+06 -0.16209 -0.335521 -0.488965 -0.524054 -0.5362
-3.27568e+06 -0.162247 -0.335918 -0.489554 -0.524724 -0.5369
-3.28592e+06 -0.162404 -0.336315 -0.490143 -0.525393 -0.5376
-3.29614e+06 -0.162562 -0.336713 -0.490732 -0.526062 -0.5383
-3.30641e+06 -0.16272 -0.337111 -0.491321 -0.526731 -0.539
-3.31642e+06 -0.162877 -0.337508 -0.491911 -0.527401 -0.5397
-3.32677e+06 -0.163035 -0.337907 -0.492499 -0.52807 -0.5404
-3.33709e+06 -0.163194 -0.338305 -0.493087 -0.528738 -0.5411
-3.34741e+06 -0.163353 -0.338703 -0.493676 -0.529407 -0.5418
-3.35771e+06 -0.163511 -0.339102 -0.494264 -0.530076 -0.5425
-3.36801e+06 -0.16367 -0.3395 -0.494853 -0.530745 -0.5432
-3.3783e+06 -0.163829 -0.339899 -0.495441 -0.531415 -0.5439
-3.38858e+06 -0.163988 -0.340298 -0.49603 -0.532084 -0.5446
-3.39885e+06 -0.164147 -0.340697 -0.496619 -0.532753 -0.5453
-3.40909e+06 -0.164306 -0.341096 -0.497208 -0.533422 -0.546
-3.41934e+06 -0.164465 -0.341495 -0.497797 -0.534091 -0.5467
-3.42956e+06 -0.164624 -0.341894 -0.498386 -0.53476 -0.5474
-3.43979e+06 -0.164784 -0.342294 -0.498975 -0.535429 -0.5481
-3.44999e+06 -0.164943 -0.342694 -0.499564 -0.536098 -0.5488
-3.46016e+06 -0.165103 -0.343093 -0.500154 -0.536768 -0.5495
-3.47031e+06 -0.165262 -0.343494 -0.500743 -0.537437 -0.5502
-3.48045e+06 -0.165422 -0.343894 -0.501333 -0.538106 -0.5509
-3.49058e+06 -0.165582 -0.344294 -0.501923 -0.538776 -0.5516
-3.5007e+06 -0.165742 -0.344694 -0.502512 -0.539445 -0.5523
-3.51081e+06 -0.165901 -0.345094 -0.503102 -0.540114 -0.553
-3.52091e+06 -0.166061 -0.345495 -0.503692 -0.540784 -0.5537
-3.53099e+06 -0.166221 -0.345896 -0.504281 -0.541453 -0.5544
-3.54108e+06 -0.166381 -0.346296 -0.504871 -0.542122 -0.5551
-3.55116e+06 -0.166541 -0.346697 -0.505461 -0.542791 -0.5558
-3.56122e+06 -0.166701 -0.347097 -0.50605 -0.54346 -0.5565
-3.57127e+06 -0.16686 -0.347498 -0.506639 -0.544129 -0.5572
-3.58131e+06 -0.16702 -0.347898 -0.507228 -0.544797 -0.5579
-3.59132e+06 -0.167179 -0.348297 -0.507816 -0.545466 -0.5586
-3.60131e+06 -0.167339 -0.348697 -0.508404 -0.546134 -0.5593
-3.61129e+06 -0.167498 -0.349096 -0.508991 -0.546801 -0.56
-3.62126e+06 -0.167658 -0.349496 -0.509579 -0.547469 -0.5607
-3.63015e+06 -0.167808 -0.349881 -0.510162 -0.548136 -0.5614
-3.63909e+06 -0.167961 -0.350273 -0.510766 -0.548807 -0.5621
-3.64769e+06 -0.168114 -0.350673 -0.511395 -0.549481 -0.5628
-3.646e+06 -0.168194 -0.35098 -0.512215 -0.550203 -0.5635
-3.63855e+06 -0.168456 -0.351349 -0.512691 -0.55087 -0.5642
-3.55028e+06 -0.168035 -0.351044 -0.515296 -0.55203 -0.5649
-3.26654e+06 -0.173755 -0.356571 -0.518355 -0.553458 -0.5656
-3.14276e+06 -0.173097 -0.356222 -0.520288 -0.554455 -0.5663
-3.14775e+06 -0.173357 -0.356707 -0.520912 -0.555132 -0.567
-3.15769e+06 -0.173543 -0.357125 -0.521485 -0.555795 -0.5677
-3.16986e+06 -0.173661 -0.357479 -0.522057 -0.556456 -0.5684
-3.181e+06 -0.173819 -0.357874 -0.522641 -0.557123 -0.5691
-3.19211e+06 -0.173976 -0.358268 -0.523224 -0.55779 -0.5698
-3.20323e+06 -0.174133 -0.358662 -0.523808 -0.558457 -0.5705
-3.21434e+06 -0.17429 -0.359057 -0.524391 -0.559124 -0.5712
-3.22543e+06 -0.174447 -0.359451 -0.524975 -0.559791 -0.5719
-3.23644e+06 -0.174605 -0.359847 -0.525559 -0.560458 -0.5726
-3.24741e+06 -0.174763 -0.360243 -0.526144 -0.561126 -0.5733
-3.25834e+06 -0.174922 -0.360639 -0.526728 -0.561793 -0.574
-3.26924e+06 -0.17508 -0.361036 -0.527313 -0.562461 -0.5747
-3.28007e+06 -0.175239 -0.361433 -0.527899 -0.563128 -0.5754
-3.29082e+06 -0.175398 -0.36183 -0.528485 -0.563796 -0.5761
-3.3015e+06 -0.175557 -0.362228 -0.529071 -0.564464 -0.5768
-3.31211e+06 -0.175716 -0.362626 -0.529658 -0.565133 -0.5775
-3.3227e+06 -0.175875 -0.363024 -0.530245 -0.565801 -0.5782
-3.33325e+06 -0.176033 -0.363422 -0.530832 -0.566469 -0.5789
-3.34378e+06 -0.176192 -0.36382 -0.531419 -0.567138 -0.5796
-3.35428e+06 -0.176351 -0.364218 -0.532006 -0.567806 -0.5803
-3.36476e+06 -0.176509 -0.364616 -0.532594 -0.568475 -0.581
-3.37521e+06 -0.176667 -0.365014 -0.533181 -0.569143 -0.5817
-3.38565e+06 -0.176825 -0.365412 -0.533769 -0.569812 -0.5824
-3.39608e+06 -0.176984 -0.36581 -0.534356 -0.570481 -0.5831
-3.40651e+06 -0.177142 -0.366208 -0.534944 -0.571149 -0.5838
-3.41694e+06 -0.1773 -0.366605 -0.535532 -0.571818 -0.5845
-3.42735e+06 -0.177458 -0.367003 -0.536119 -0.572487 -0.5852
-3.43774e+06 -0.177616 -0.367401 -0.536707 -0.573155 -0.5859
-3.44812e+06 -0.177774 -0.367799 -0.537295 -0.573824 -0.5866
-3.45849e+06 -0.177933 -0.368197 -0.537883 -0.574493 -0.5873
-3.46883e+06 -0.178091 -0.368595 -0.538472 -0.575162 -0.588
-3.47915e+06 -0.178249 -0.368994 -0.53906 -0.575831 -0.5887
-3.48944e+06 -0.178407 -0.369392 -0.539648 -0.5765 -0.5894
-3.49971e+06 -0.178566 -0.369791 -0.540237 -0.577169 -0.5901
-3.50996e+06 -0.178724 -0.37019 -0.540826 -0.577838 -0.5908
-3.52017e+06 -0.178882 -0.370589 -0.541415 -0.578507 -0.5915
-3.53034e+06 -0.179041 -0.370988 -0.542004 -0.579176 -0.5922
-3.54049e+06 -0.179199 -0.371387 -0.542593 -0.579846 -0.5929
-3.55061e+06 -0.179357 -0.371786 -0.543183 -0.580515 -0.5936
-3.5607e+06 -0.179516 -0.372186 -0.543772 -0.581184 -0.5943
-3.57077e+06 -0.179675 -0.372585 -0.544362 -0.581854 -0.595
-3.58083e+06 -0.179833 -0.372985 -0.544952 -0.582523 -0.5957
-3.59087e+06 -0.179992 -0.373385 -0.545541 -0.583192 -0.5964
-3.60091e+06 -0.18015 -0.373785 -0.546131 -0.583861 -0.5971
-3.61091e+06 -0.180308 -0.374185 -0.54672 -0.58453 -0.5978
-3.62087e+06 -0.180465 -0.374584 -0.547308 -0.585198 -0.5985
-3.6308e+06 -0.180622 -0.374982 -0.547895 -0.585865 -0.5992
-3.6407e+06 -0.18078 -0.37538 -0.548482 -0.586532 -0.5999
-3.65054e+06 -0.180937 -0.375778 -0.549068 -0.587199 -0.6006
-3.6603e+06 -0.181094 -0.376174 -0.549652 -0.587865 -0.6013
-3.66999e+06 -0.18125 -0.376569 -0.550234 -0.58853 -0.602
-3.67962e+06 -0.181405 -0.376962 -0.550814 -0.589195 -0.6027
-3.68913e+06 -0.18156 -0.377353 -0.551393 -0.589858 -0.6034
-3.69856e+06 -0.181715 -0.377743 -0.55197 -0.590522 -0.6041
-3.70793e+06 -0.181869 -0.378133 -0.552546 -0.591186 -0.6048
-3.71705e+06 -0.182023 -0.37852 -0.553121 -0.591849 -0.6055
-3.71434e+06 -0.182037 -0.378617 -0.553486 -0.592508 -0.6062
-3.61527e+06 -0.183208 -0.379842 -0.555754 -0.593617 -0.6069
-3.53923e+06 -0.18341 -0.380557 -0.556779 -0.594484 -0.6076
-3.43582e+06 -0.185771 -0.382831 -0.558324 -0.595453 -0.6083
-3.333e+06 -0.185166 -0.38235 -0.560635 -0.596471 -0.609
-3.22741e+06 -0.187207 -0.38443 -0.562058 -0.597381 -0.6097
-3.22198e+06 -0.187249 -0.384682 -0.562936 -0.598109 -0.6104
-3.22741e+06 -0.187537 -0.385183 -0.563567 -0.598789 -0.6111
-3.2381e+06 -0.187687 -0.385567 -0.564148 -0.599456 -0.6118
-3.24931e+06 -0.18785 -0.385968 -0.564732 -0.600123 -0.6125
-3.25943e+06 -0.188001 -0.386357 -0.565324 -0.600797 -0.6132
-3.27299e+06 -0.188141 -0.386745 -0.565896 -0.601459 -0.6139
-3.28658e+06 -0.188286 -0.387146 -0.566491 -0.602139 -0.6146
-3.2971e+06 -0.188441 -0.387537 -0.567079 -0.602807 -0.6153
-3.30834e+06 -0.188601 -0.387935 -0.567663 -0.603474 -0.616
-3.3192e+06 -0.188758 -0.38833 -0.568247 -0.604142 -0.6167
-3.33004e+06 -0.188916 -0.388725 -0.568832 -0.604809 -0.6174
-3.34085e+06 -0.189074 -0.389121 -0.569417 -0.605477 -0.6181
-3.3516e+06 -0.189232 -0.389517 -0.570002 -0.606145 -0.6188
-3.3623e+06 -0.18939 -0.389913 -0.570588 -0.606813 -0.6195
-3.37297e+06 -0.189548 -0.39031 -0.571173 -0.607481 -0.6202
-3.38358e+06 -0.189706 -0.390706 -0.571759 -0.608149 -0.6209
-3.39413e+06 -0.189864 -0.391103 -0.572346 -0.608817 -0.6216
-3.40465e+06 -0.190023 -0.391501 -0.572933 -0.609485 -0.6223
-3.41514e+06 -0.190182 -0.391898 -0.573519 -0.610154 -0.623
-3.42562e+06 -0.19034 -0.392296 -0.574106 -0.610822 -0.6237
-3.43606e+06 -0.190499 -0.392694 -0.574693 -0.611491 -0.6244
-3.44647e+06 -0.190659 -0.393093 -0.575281 -0.612159 -0.6251
-3.45681e+06 -0.190818 -0.393492 -0.575869 -0.612828 -0.6258
-3.46713e+06 -0.190978 -0.393891 -0.576457 -0.613497 -0.6265
-3.4774e+06 -0.191137 -0.39429 -0.577045 -0.614166 -0.6272
-3.48763e+06 -0.191297 -0.394689 -0.577634 -0.614835 -0.6279
-3.49784e+06 -0.191456 -0.395088 -0.578222 -0.615504 -0.6286
-3.50803e+06 -0.191615 -0.395487 -0.578811 -0.616173 -0.6293
-3.51821e+06 -0.191774 -0.395886 -0.579399 -0.616842 -0.63
-3.52837e+06 -0.191933 -0.396285 -0.579988 -0.617511 -0.6307
-3.53851e+06 -0.192092 -0.396684 -0.580577 -0.61818 -0.6314
-3.54862e+06 -0.192251 -0.397083 -0.581166 -0.61885 -0.6321
-3.55869e+06 -0.19241 -0.397482 -0.581755 -0.619519 -0.6328
-3.56873e+06 -0.192569 -0.397882 -0.582345 -0.620189 -0.6335
-3.57874e+06 -0.192729 -0.398282 -0.582934 -0.620858 -0.6342
-3.58873e+06 -0.192888 -0.398681 -0.583524 -0.621528 -0.6349
-3.5987e+06 -0.193047 -0.399081 -0.584114 -0.622197 -0.6356
-3.60865e+06 -0.193206 -0.399482 -0.584704 -0.622867 -0.6363
-3.61858e+06 -0.193365 -0.399882 -0.585293 -0.623537 -0.637
-3.62846e+06 -0.193524 -0.400282 -0.585883 -0.624206 -0.6377
-3.63832e+06 -0.193683 -0.400683 -0.586473 -0.624875 -0.6384
-3.64816e+06 -0.193842 -0.401084 -0.587063 -0.625545 -0.6391
-3.65798e+06 -0.194 -0.401484 -0.587652 -0.626214 -0.6398
-3.66775e+06 -0.194159 -0.401884 -0.588241 -0.626882 -0.6405
-3.67746e+06 -0.194317 -0.402284 -0.588829 -0.627551 -0.6412
-3.68713e+06 -0.194475 -0.402683 -0.589417 -0.628218 -0.6419
-3.69665e+06 -0.194633 -0.403083 -0.590003 -0.628886 -0.6426
-3.706e+06 -0.194793 -0.403484 -0.59059 -0.629552 -0.6433
-3.71524e+06 -0.194951 -0.403883 -0.591175 -0.630219 -0.644
-3.72465e+06 -0.195106 -0.404275 -0.591756 -0.630884 -0.6447
-3.73324e+06 -0.195255 -0.404655 -0.592326 -0.631549 -0.6454
-3.74178e+06 -0.195401 -0.405027 -0.59289 -0.632212 -0.6461
-3.75032e+06 -0.195546 -0.4054 -0.593455 -0.632876 -0.6468
-3.75869e+06 -0.19569 -0.405769 -0.594016 -0.633539 -0.6475
-3.76697e+06 -0.195833 -0.406136 -0.594575 -0.634201 -0.6482
-3.77511e+06 -0.195977 -0.406503 -0.595134 -0.634864 -0.6489
-3.7833e+06 -0.196119 -0.406868 -0.595691 -0.635527 -0.6496
-3.79145e+06 -0.196261 -0.407233 -0.596248 -0.636189 -0.6503
-3.79952e+06 -0.196403 -0.407598 -0.596805 -0.636852 -0.651
-3.80744e+06 -0.196546 -0.407965 -0.597362 -0.637515 -0.6517
-3.81535e+06 -0.196689 -0.40833 -0.597919 -0.638177 -0.6524
-3.82326e+06 -0.196832 -0.408694 -0.598474 -0.63884 -0.6531
-3.83113e+06 -0.196972 -0.409054 -0.599026 -0.639501 -0.6538
-3.83894e+06 -0.197111 -0.409412 -0.599576 -0.640163 -0.6545
-3.83577e+06 -0.197093 -0.409466 -0.599895 -0.640816 -0.6552
-3.60692e+06 -0.19967 -0.411749 -0.603761 -0.64232 -0.6559
-3.53895e+06 -0.199756 -0.412301 -0.604716 -0.643183 -0.6566
-3.4634e+06 -0.201454 -0.414048 -0.605917 -0.644022 -0.6573
-3.41162e+06 -0.201537 -0.414405 -0.607206 -0.644884 -0.658
-3.41156e+06 -0.201675 -0.414795 -0.607893 -0.645579 -0.6587
-3.42072e+06 -0.201832 -0.415191 -0.60849 -0.646249 -0.6594
-3.42728e+06 -0.201951 -0.415541 -0.609154 -0.64693 -0.6601
-3.43744e+06 -0.202107 -0.415935 -0.609742 -0.647598 -0.6608
-3.44825e+06 -0.202267 -0.416333 -0.610326 -0.648266 -0.6615
-3.4588e+06 -0.202426 -0.416729 -0.610912 -0.648933 -0.6622
-3.46933e+06 -0.202585 -0.417126 -0.611497 -0.649601 -0.6629
-3.47984e+06 -0.202744 -0.417523 -0.612083 -0.65027 -0.6636
-3.49033e+06 -0.202904 -0.417919 -0.612668 -0.650938 -0.6643
-3.5008e+06 -0.203063 -0.418316 -0.613254 -0.651606 -0.665
-3.51127e+06 -0.203222 -0.418713 -0.613839 -0.652274 -0.6657
-3.52169e+06 -0.203381 -0.41911 -0.614425 -0.652942 -0.6664
-3.53209e+06 -0.20354 -0.419507 -0.615011 -0.65361 -0.6671
-3.54243e+06 -0.203699 -0.419905 -0.615597 -0.654279 -0.6678
-3.55274e+06 -0.203859 -0.420302 -0.616184 -0.654947 -0.6685
-3.56302e+06 -0.204018 -0.4207 -0.61677 -0.655616 -0.6692
-3.57313e+06 -0.204178 -0.421098 -0.617358 -0.656285 -0.6699
-3.58313e+06 -0.204337 -0.421497 -0.617946 -0.656954 -0.6706
-3.59305e+06 -0.204497 -0.421896 -0.618535 -0.657624 -0.6713
-3.60305e+06 -0.204658 -0.422296 -0.619124 -0.658293 -0.672
-3.61306e+06 -0.204819 -0.422696 -0.619712 -0.658962 -0.6727
-3.62303e+06 -0.20498 -0.423097 -0.620301 -0.659632 -0.6734
-3.63296e+06 -0.205141 -0.423497 -0.62089 -0.660301 -0.6741
-3.64276e+06 -0.205301 -0.423897 -0.621479 -0.660971 -0.6748
-3.65253e+06 -0.20546 -0.424296 -0.622069 -0.66164 -0.6755
-3.66228e+06 -0.20562 -0.424696 -0.622658 -0.66231 -0.6762
-3.67205e+06 -0.205781 -0.425097 -0.623247 -0.662979 -0.6769
-3.68179e+06 -0.205941 -0.425497 -0.623837 -0.663649 -0.6776
-3.69152e+06 -0.206101 -0.425898 -0.624427 -0.664319 -0.6783
-3.70115e+06 -0.206261 -0.426298 -0.625017 -0.664989 -0.679
-3.71068e+06 -0.20642 -0.426699 -0.625607 -0.665659 -0.6797
-3.72024e+06 -0.20658 -0.427099 -0.626198 -0.666329 -0.6804
-3.72973e+06 -0.206739 -0.427499 -0.626788 -0.666999 -0.6811
-3.73932e+06 -0.206899 -0.427899 -0.627378 -0.667669 -0.6818
-3.74881e+06 -0.207057 -0.428299 -0.627967 -0.668338 -0.6825
-3.75832e+06 -0.207216 -0.428698 -0.628555 -0.669007 -0.6832
-3.76778e+06 -0.207374 -0.429097 -0.629143 -0.669676 -0.6839
-3.77723e+06 -0.207532 -0.429495 -0.62973 -0.670344 -0.6846
-3.78664e+06 -0.207689 -0.429893 -0.630317 -0.671012 -0.6853
-3.79599e+06 -0.207846 -0.43029 -0.630902 -0.67168 -0.686
-3.80519e+06 -0.208002 -0.430683 -0.631484 -0.672346 -0.6867
-3.81412e+06 -0.208154 -0.43107 -0.63206 -0.67301 -0.6874
-3.82287e+06 -0.208305 -0.431453 -0.632632 -0.673675 -0.6881
-3.83151e+06 -0.208455 -0.431834 -0.633203 -0.674339 -0.6888
-3.84004e+06 -0.208603 -0.432212 -0.63377 -0.675003 -0.6895
-3.84841e+06 -0.20875 -0.432587 -0.634335 -0.675666 -0.6902
-3.8446e+06 -0.208754 -0.432668 -0.63467 -0.676312 -0.6909
