36142.6 -3.99977e-05 -2.83104e-05 -1.55565e-16 -1.3161e-20 -429853 -5756.92 -3.34083e-08 -1.26264e-10
72284.9 -3.97987e-05 -5.66216e-05 -1.41251e-16 -1.70172e-20 -427706 -11513.8 -3.03238e-08 -1.6326e-10
108427 -3.95998e-05 -8.49338e-05 -1.49441e-16 -2.305e-20 -425559 -17270.5 -3.20824e-08 -2.21138e-10
144568 -3.9401e-05 -0.000113247 -1.52153e-16 -3.16504e-20 -423411 -23027.1 -3.26695e-08 -3.03649e-10
180709 -3.92025e-05 -0.000141561 -1.50245e-16 -4.08009e-20 -421264 -28783.7 -3.2263e-08 -3.91437e-10
216849 -3.90041e-05 -0.000169877 -1.51103e-16 -4.54912e-20 -419117 -34540.1 -3.24384e-08 -4.36435e-10
252988 -3.88058e-05 -0.000198195 -1.49907e-16 -6.34878e-20 -416970 -40296.3 -3.21863e-08 -6.09092e-10
289126 -3.86075e-05 -0.000226517 -1.50817e-16 -6.8791e-20 -414823 -46052.2 -3.2383e-08 -6.5997e-10
325262 -3.84099e-05 -0.000254835 -1.49506e-16 -8.63091e-20 -412676 -51807.8 -3.21048e-08 -8.28035e-10
361398 -3.82121e-05 -0.000283161 -1.50998e-16 -9.4096e-20 -410530 -57563.5 -3.24157e-08 -9.02742e-10
397532 -3.80151e-05 -0.000311484 -1.4915e-16 -1.04963e-19 -408383 -63319.1 -3.20171e-08 -1.007e-09
433665 -3.78183e-05 -0.000339808 -1.50355e-16 -1.1932e-19 -406236 -69074 -3.22689e-08 -1.14473e-09
469797 -3.76215e-05 -0.000368138 -1.48531e-16 -1.33557e-19 -404089 -74829.1 -3.18823e-08 -1.28132e-09
505927 -3.74255e-05 -0.000396468 -1.50182e-16 -1.43333e-19 -401943 -80584 -3.22319e-08 -1.37511e-09
542055 -3.72299e-05 -0.000424799 -1.48524e-16 -1.58221e-19 -399796 -86338.3 -3.18739e-08 -1.51795e-09
578181 -3.70346e-05 -0.000453133 -1.49634e-16 -1.66124e-19 -397650 -92092.4 -3.21086e-08 -1.59376e-09
614305 -3.68398e-05 -0.000481471 -1.48012e-16 -1.81625e-19 -395504 -97846.5 -3.17576e-08 -1.74248e-09
650028 -3.66493e-05 -0.000509636 -1.43767e-16 -1.75496e-19 -393399 -103564 -3.08534e-08 -1.68368e-09
685332 -3.64617e-05 -0.000537741 -1.45434e-16 -1.93423e-19 -391321 -109269 -3.11971e-08 -1.85567e-09
720619 -3.62745e-05 -0.000565857 -1.47092e-16 -2.15106e-19 -389243 -114976 -3.15546e-08 -2.06369e-09
755683 -3.60898e-05 -0.000593876 -1.42771e-16 -2.15733e-19 -387189 -120661 -3.06102e-08 -2.06971e-09
790252 -3.59094e-05 -0.000621754 -1.42117e-16 -2.20311e-19 -385174 -126317 -3.04699e-08 -2.11363e-09
824691 -3.57298e-05 -0.000649816 -1.44289e-16 -2.47696e-19 -383160 -132009 -3.09346e-08 -2.37636e-09
859058 -3.52795e-05 -0.00068078 -1.52292e-16 -2.57087e-19 -381149 -137620 -3.11422e-08 -2.46645e-09
893286 -3.4754e-05 -0.000712526 -1.49451e-16 -2.73389e-19 -379151 -143198 -3.05508e-08 -2.62285e-09
927101 -3.42337e-05 -0.000744186 -1.53335e-16 -2.52193e-19 -377189 -148760 -3.13403e-08 -2.4195e-09
960493 -3.3717e-05 -0.000775799 -1.62625e-16 -2.42622e-19 -375252 -154313 -3.32454e-08 -2.32767e-09
993256 -3.2999e-05 -0.000809089 -1.68806e-16 -2.53689e-19 -373370 -159775 -3.28096e-08 -2.43386e-09
1.02469e+06 -3.21589e-05 -0.000841758 -1.57022e-16 -2.48701e-19 -371567 -164850 -3.05063e-08 -2.386e-09
1.05561e+06 -3.13221e-05 -0.000874449 -1.68894e-16 -2.36059e-19 -369793 -169927 -3.28146e-08 -2.26471e-09
1.08626e+06 -3.04797e-05 -0.000907517 -1.64152e-16 -2.7393e-19 -368028 -175061 -3.18807e-08 -2.62804e-09
1.11647e+06 -2.96446e-05 -0.000940454 -1.75916e-16 -3.17002e-19 -366301 -180175 -3.41706e-08 -3.04127e-09
1.14624e+06 -2.86608e-05 -0.000974888 -1.85472e-16 -3.30215e-19 -364594 -185277 -3.50046e-08 -3.16803e-09
1.17549e+06 -2.70717e-05 -0.00101342 -1.90538e-16 -3.12887e-19 -362924 -190077 -3.4056e-08 -3.00178e-09
1.20401e+06 -2.54395e-05 -0.00105162 -1.99128e-16 -3.48719e-19 -361298 -194733 -3.55808e-08 -3.34555e-09
1.23214e+06 -2.38125e-05 -0.00108977 -2.0111e-16 -3.58292e-19 -359695 -199383 -3.59273e-08 -3.43739e-09
1.25996e+06 -2.21699e-05 -0.0011284 -2.06891e-16 -3.87147e-19 -358104 -204090 -3.69532e-08 -3.71423e-09
1.28762e+06 -2.05169e-05 -0.00116736 -2.08618e-16 -4.0357e-19 -356520 -208837 -3.72465e-08 -3.87178e-09
1.3151e+06 -1.84415e-05 -0.00120949 -2.15096e-16 -4.09603e-19 -354946 -213479 -3.72224e-08 -3.92967e-09
1.34241e+06 -1.62739e-05 -0.00125242 -2.16338e-16 -4.0448e-19 -353379 -218116 -3.74303e-08 -3.88051e-09
1.36921e+06 -1.36387e-05 -0.0012972 -2.16094e-16 -3.89341e-19 -351850 -222462 -3.52234e-08 -3.73527e-09
1.39523e+06 -1.11412e-05 -0.00133908 -2.3581e-16 -3.77838e-19 -350353 -226487 -3.84357e-08 -3.62491e-09
1.42076e+06 -8.6263e-06 -0.00138137 -2.43914e-16 -3.3341e-19 -348881 -230550 -3.97517e-08 -3.19868e-09
1.44586e+06 -6.12584e-06 -0.00142346 -2.50698e-16 -4.01244e-19 -347427 -234594 -4.08472e-08 -3.84947e-09
1.47071e+06 -3.60557e-06 -0.00146595 -2.56657e-16 -4.57999e-19 -345979 -238676 -4.17926e-08 -4.39397e-09
1.49529e+06 -6.04003e-07 -0.00151184 -2.63033e-16 -4.77617e-19 -344547 -242714 -4.13711e-08 -4.58218e-09
1.51977e+06 2.53703e-06 -0.00155863 -2.70177e-16 -4.4881e-19 -343125 -246721 -4.24789e-08 -4.3058e-09
1.54408e+06 5.64174e-06 -0.0016049 -2.61229e-16 -4.48943e-19 -341716 -250681 -4.10755e-08 -4.30709e-09
1.56795e+06 8.57045e-06 -0.00164845 -2.63095e-16 -4.07518e-19 -340329 -254403 -4.13456e-08 -3.90966e-09
1.59141e+06 1.17953e-05 -0.00169373 -2.75894e-16 -3.87278e-19 -338948 -258093 -4.05944e-08 -3.71548e-09
1.6147e+06 1.52818e-05 -0.00173982 -2.72274e-16 -3.39017e-19 -337578 -261649 -4.00605e-08 -3.25247e-09
1.63778e+06 1.86145e-05 -0.00178381 -2.75402e-16 -2.96668e-19 -336224 -265039 -4.04934e-08 -2.84619e-09
1.66032e+06 2.19979e-05 -0.00182857 -2.76552e-16 -4.45508e-19 -334886 -268488 -4.06471e-08 -4.27413e-09
1.68278e+06 2.53812e-05 -0.00187337 -2.91931e-16 -3.78459e-19 -333553 -271939 -4.29072e-08 -3.63087e-09
1.70501e+06 2.8758e-05 -0.00191812 -2.84987e-16 -4.92265e-19 -332230 -275386 -4.18595e-08 -4.72271e-09
1.727e+06 3.25981e-05 -0.00196553 -3.00582e-16 -4.36152e-19 -330921 -278781 -4.2508e-08 -4.18437e-09
1.74882e+06 3.664e-05 -0.00201425 -3.04613e-16 -5.01502e-19 -329624 -282170 -4.30537e-08 -4.81133e-09
1.77054e+06 4.06737e-05 -0.0020629 -3.03018e-16 -5.35076e-19 -328337 -285555 -4.27908e-08 -5.13343e-09
1.79189e+06 4.44553e-05 -0.00210841 -3.03508e-16 -5.26143e-19 -327067 -288713 -4.28572e-08 -5.04773e-09
1.81295e+06 4.82424e-05 -0.00215404 -3.10236e-16 -5.28753e-19 -325805 -291880 -4.37803e-08 -5.07277e-09
1.83387e+06 5.20568e-05 -0.00220006 -3.22814e-16 -4.8656e-19 -324545 -295072 -4.5552e-08 -4.66798e-09
1.85475e+06 5.58746e-05 -0.00224614 -3.13122e-16 -5.40536e-19 -323287 -298267 -4.41669e-08 -5.18581e-09
1.87552e+06 5.96309e-05 -0.00229149 -3.21424e-16 -5.15913e-19 -322036 -301409 -4.5321e-08 -4.94958e-09
1.8962e+06 6.33743e-05 -0.00233671 -3.13437e-16 -5.90639e-19 -320791 -304540 -4.41796e-08 -5.6665e-09
1.9166e+06 6.72297e-05 -0.00238139 -3.28018e-16 -5.10872e-19 -319554 -307527 -4.29272e-08 -4.90122e-09
1.93693e+06 7.13747e-05 -0.00242711 -3.30522e-16 -4.76657e-19 -318319 -310447 -4.32683e-08 -4.57297e-09
1.95714e+06 7.55351e-05 -0.00247305 -3.39935e-16 -4.94896e-19 -317089 -313381 -4.44834e-08 -4.74795e-09
1.97719e+06 7.9719e-05 -0.00251929 -3.35044e-16 -4.9505e-19 -315867 -316334 -4.38213e-08 -4.74943e-09
1.99716e+06 8.38955e-05 -0.0025655 -3.42584e-16 -4.84204e-19 -314652 -319283 -4.47899e-08 -4.64537e-09
2.01707e+06 8.80639e-05 -0.00261164 -3.36943e-16 -5.21329e-19 -313444 -322227 -4.40332e-08 -5.00155e-09
2.0369e+06 9.22212e-05 -0.0026577 -3.4821e-16 -4.8143e-19 -312240 -325163 -4.54711e-08 -4.61876e-09
2.05649e+06 9.6737e-05 -0.00270544 -3.5562e-16 -5.37619e-19 -311048 -328068 -4.44779e-08 -5.15782e-09
2.07583e+06 0.000101329 -0.00275254 -3.57213e-16 -5.71585e-19 -309869 -330840 -4.46671e-08 -5.48369e-09
2.09496e+06 0.000105825 -0.00279865 -3.5649e-16 -5.43033e-19 -308701 -333550 -4.45543e-08 -5.20977e-09
2.114e+06 0.000110316 -0.00284474 -3.65646e-16 -5.20139e-19 -307541 -336259 -4.56639e-08 -4.99013e-09
2.13283e+06 0.000114851 -0.00289134 -3.6659e-16 -5.08604e-19 -306387 -338998 -4.57767e-08 -4.87947e-09
2.15163e+06 0.000119381 -0.00293792 -3.63862e-16 -5.44066e-19 -305235 -341734 -4.53983e-08 -5.21968e-09
2.17037e+06 0.000123902 -0.00298443 -3.64939e-16 -5.44483e-19 -304085 -344465 -4.55202e-08 -5.22368e-09
2.18892e+06 0.000128404 -0.00303079 -3.63421e-16 -5.3468e-19 -302950 -347186 -4.53019e-08 -5.12963e-09
2.20734e+06 0.000132883 -0.00307695 -3.73908e-16 -6.03823e-19 -301820 -349893 -4.66025e-08 -5.79297e-09
2.22568e+06 0.000137321 -0.00312269 -3.68411e-16 -5.79194e-19 -300692 -352574 -4.59022e-08 -5.55669e-09
2.2439e+06 0.000141721 -0.00316804 -3.62252e-16 -6.84341e-19 -299565 -355230 -4.51018e-08 -6.56545e-09
2.26204e+06 0.000146084 -0.00321304 -3.71415e-16 -6.30611e-19 -298441 -357863 -4.62187e-08 -6.04997e-09
2.28016e+06 0.000150444 -0.00325803 -3.69197e-16 -6.26192e-19 -297319 -360493 -4.5944e-08 -6.00758e-09
2.29827e+06 0.000154803 -0.00330303 -3.63663e-16 -6.50859e-19 -296197 -363123 -4.52092e-08 -6.24424e-09
2.31631e+06 0.000159036 -0.0033467 -3.57569e-16 -6.2448e-19 -295078 -365671 -4.44397e-08 -5.99116e-09
2.33431e+06 0.000163194 -0.00338959 -3.51336e-16 -5.94981e-19 -293963 -368170 -4.36485e-08 -5.70814e-09
2.35224e+06 0.000167339 -0.00343239 -3.58604e-16 -6.48645e-19 -292856 -370663 -4.4507e-08 -6.22299e-09
2.37011e+06 0.000171467 -0.00347504 -3.48478e-16 -6.0936e-19 -291753 -373146 -4.32519e-08 -5.8461e-09
2.38791e+06 0.000175593 -0.00351768 -3.71488e-16 -6.57346e-19 -290653 -375627 -4.60823e-08 -6.30647e-09
2.4055e+06 0.000179734 -0.00356054 -3.61193e-16 -6.51445e-19 -289560 -378120 -4.47744e-08 -6.24986e-09
2.42305e+06 0.000183867 -0.00360333 -3.77826e-16 -6.82156e-19 -288471 -380607 -4.68044e-08 -6.54449e-09
2.44054e+06 0.00018799 -0.00364605 -3.56401e-16 -6.53595e-19 -287384 -383090 -4.41396e-08 -6.27048e-09
2.45794e+06 0.000192182 -0.00368895 -4.07797e-16 -6.68858e-19 -286303 -385558 -4.64206e-08 -6.41692e-09
2.47528e+06 0.000196739 -0.00373312 -3.84706e-16 -6.10405e-19 -285223 -388001 -4.37794e-08 -5.85612e-09
2.49251e+06 0.000201102 -0.00377536 -4.00659e-16 -6.24428e-19 -284147 -390331 -4.55766e-08 -5.99065e-09
2.50972e+06 0.000205451 -0.00381747 -3.78843e-16 -5.505e-19 -283071 -392652 -4.30773e-08 -5.2814e-09
2.52689e+06 0.000209793 -0.00385955 -4.03975e-16 -6.45422e-19 -281999 -394971 -4.59167e-08 -6.19208e-09
2.54399e+06 0.000214125 -0.00390154 -3.81552e-16 -5.91344e-19 -280928 -397284 -4.33374e-08 -5.67325e-09
2.56102e+06 0.000218472 -0.00394372 -4.11056e-16 -7.59623e-19 -279859 -399606 -4.66462e-08 -7.2877e-09
2.57791e+06 0.000222837 -0.00398611 -3.87038e-16 -6.84762e-19 -278792 -401939 -4.39104e-08 -6.5695e-09
2.59476e+06 0.00022717 -0.00402821 -4.10579e-16 -7.67118e-19 -277725 -404253 -4.6557e-08 -7.35961e-09
2.61159e+06 0.000231499 -0.00407028 -3.88323e-16 -6.80118e-19 -276659 -406565 -4.4005e-08 -6.52494e-09
2.62839e+06 0.000236097 -0.00411336 -4.28666e-16 -7.81686e-19 -275594 -408864 -4.62078e-08 -7.49937e-09
2.64514e+06 0.000240884 -0.00415718 -4.09842e-16 -6.67071e-19 -274533 -411156 -4.41396e-08 -6.39977e-09
2.66183e+06 0.00024566 -0.00420093 -4.30827e-16 -7.73101e-19 -273476 -413443 -4.64115e-08 -7.417e-09
2.67846e+06 0.000250421 -0.00424457 -4.10976e-16 -6.9494e-19 -272425 -415724 -4.42215e-08 -6.66714e-09
2.69502e+06 0.000255115 -0.0042876 -4.24675e-16 -8.06098e-19 -271377 -417970 -4.57057e-08 -7.73357e-09
2.71154e+06 0.000259799 -0.00433056 -4.06678e-16 -7.25816e-19 -270332 -420211 -4.36921e-08 -6.96335e-09
2.72801e+06 0.000264464 -0.00437337 -4.26574e-16 -8.06714e-19 -269291 -422444 -4.58494e-08 -7.73948e-09
2.74442e+06 0.000269128 -0.0044162 -4.07127e-16 -8.19423e-19 -268254 -424676 -4.37049e-08 -7.86141e-09
2.76073e+06 0.000273796 -0.00445911 -4.28612e-16 -9.23953e-19 -267221 -426913 -4.60041e-08 -8.86426e-09
2.77698e+06 0.000278466 -0.00450199 -4.08497e-16 -8.57735e-19 -266194 -429145 -4.37994e-08 -8.22897e-09
2.79317e+06 0.000283115 -0.00454478 -4.37781e-16 -9.55796e-19 -265169 -431372 -4.69172e-08 -9.16975e-09
2.80928e+06 0.000287757 -0.00458748 -4.11384e-16 -8.66546e-19 -264148 -433593 -4.40778e-08 -8.3135e-09
2.82533e+06 0.000292383 -0.00463011 -4.40881e-16 -9.37134e-19 -263131 -435810 -4.7221e-08 -8.99071e-09
2.84136e+06 0.000297003 -0.00467272 -4.10253e-16 -8.90536e-19 -262116 -438025 -4.39177e-08 -8.54365e-09
2.85735e+06 0.000301616 -0.00471529 -4.38856e-16 -9.82209e-19 -261105 -440236 -4.69718e-08 -9.42315e-09
2.8733e+06 0.000306221 -0.00475781 -4.11674e-16 -8.94973e-19 -260098 -442445 -4.40123e-08 -8.58622e-09
2.88919e+06 0.000310814 -0.00480026 -4.40198e-16 -9.78691e-19 -259094 -444648 -4.70282e-08 -9.3894e-09
2.90504e+06 0.000315403 -0.00484269 -4.12001e-16 -9.21096e-19 -258092 -446849 -4.4005e-08 -8.83684e-09
2.92086e+06 0.000319991 -0.00488514 -4.4343e-16 -9.87916e-19 -257092 -449050 -4.7301e-08 -9.47791e-09
2.93664e+06 0.000324577 -0.0049276 -4.19945e-16 -9.72839e-19 -256094 -451250 -4.47835e-08 -9.33325e-09
2.95238e+06 0.000329159 -0.00497006 -4.39259e-16 -1.0397e-18 -255099 -453448 -4.68208e-08 -9.97468e-09
2.96808e+06 0.000333735 -0.00501248 -4.20727e-16 -1.01707e-18 -254105 -455644 -4.48345e-08 -9.75758e-09
2.98374e+06 0.000338237 -0.00505422 -4.22458e-16 -9.41128e-19 -253113 -457801 -4.50054e-08 -9.02903e-09
2.99935e+06 0.000342637 -0.005095 -3.9113e-16 -8.83378e-19 -252124 -459906 -4.15966e-08 -8.47498e-09
3.01491e+06 0.000347008 -0.00513553 -4.20119e-16 -9.50825e-19 -251137 -461996 -4.47144e-08 -9.12206e-09
3.03046e+06 0.000351379 -0.00517608 -3.96479e-16 -8.87764e-19 -250152 -464085 -4.21314e-08 -8.51706e-09
3.04597e+06 0.000355754 -0.00521671 -4.16297e-16 -9.71815e-19 -249171 -466178 -4.41833e-08 -9.32344e-09
3.06143e+06 0.000360122 -0.0052573 -3.98487e-16 -9.40761e-19 -248193 -468267 -4.23206e-08 -9.02551e-09
3.07685e+06 0.000364481 -0.00529782 -4.23243e-16 -1.00913e-18 -247217 -470352 -4.4929e-08 -9.68142e-09
3.09223e+06 0.000368832 -0.0053383 -3.97587e-16 -9.3464e-19 -246241 -472433 -4.21569e-08 -8.96678e-09
3.10758e+06 0.000373177 -0.00537875 -4.22922e-16 -9.94003e-19 -245267 -474511 -4.4809e-08 -9.5363e-09
3.12292e+06 0.000377524 -0.00541924 -4.01347e-16 -9.36066e-19 -244295 -476590 -4.25098e-08 -8.98046e-09
3.1382e+06 0.000381888 -0.00545992 -4.33072e-16 -9.81362e-19 -243323 -478677 -4.58276e-08 -9.41503e-09
3.15345e+06 0.000386256 -0.00550068 -4.12172e-16 -9.77128e-19 -242353 -480768 -4.36194e-08 -9.37441e-09
3.16868e+06 0.000390624 -0.00554146 -4.34908e-16 -1.03673e-18 -241385 -482858 -4.59877e-08 -9.94626e-09
3.18387e+06 0.000394912 -0.00558149 -3.97984e-16 -9.07526e-19 -240419 -484906 -4.20441e-08 -8.70666e-09
3.19903e+06 0.000399154 -0.0056211 -4.23861e-16 -9.79001e-19 -239456 -486930 -4.47399e-08 -9.39237e-09
3.21416e+06 0.000403376 -0.00566054 -3.90457e-16 -9.59067e-19 -238494 -488943 -4.11928e-08 -9.20113e-09
3.22924e+06 0.000407561 -0.00569963 -4.15097e-16 -1.01049e-18 -237534 -490937 -4.37612e-08 -9.69445e-09
3.24428e+06 0.000411736 -0.00573866 -3.94773e-16 -9.70999e-19 -236578 -492926 -4.15748e-08 -9.31561e-09
3.25928e+06 0.0004159 -0.00577761 -4.16549e-16 -1.02534e-18 -235623 -494908 -4.38486e-08 -9.8369e-09
3.27424e+06 0.000420054 -0.00581648 -3.89511e-16 -1.00592e-18 -234668 -496885 -4.09418e-08 -9.65065e-09
3.28917e+06 0.000424196 -0.00585525 -4.1621e-16 -1.02528e-18 -233716 -498854 -4.37685e-08 -9.83635e-09
3.30408e+06 0.000428336 -0.00589404 -3.91651e-16 -9.85275e-19 -232765 -500823 -4.11419e-08 -9.45256e-09
3.31896e+06 0.000432472 -0.0059328 -4.16334e-16 -1.04925e-18 -231815 -502787 -4.3703e-08 -1.00664e-08
3.33379e+06 0.000436601 -0.00597152 -3.98002e-16 -1.02068e-18 -230867 -504748 -4.17895e-08 -9.79225e-09
3.34853e+06 0.000440743 -0.00601039 -4.22849e-16 -1.0832e-18 -229921 -506714 -4.4336e-08 -1.03921e-08
3.36327e+06 0.000444884 -0.00604926 -4.00638e-16 -1.01133e-18 -228977 -508678 -4.1975e-08 -9.70254e-09
3.37798e+06 0.000449028 -0.00608819 -4.24775e-16 -1.07534e-18 -228034 -510642 -4.44597e-08 -1.03166e-08
3.39266e+06 0.000453175 -0.00612716 -4.03276e-16 -1.10767e-18 -227091 -512606 -4.22115e-08 -1.06268e-08
3.40734e+06 0.000457327 -0.00616621 -4.22202e-16 -1.06774e-18 -226151 -514570 -4.4125e-08 -1.02437e-08
3.42198e+06 0.000461482 -0.0062053 -4.06187e-16 -1.10989e-18 -225212 -516533 -4.24188e-08 -1.06481e-08
3.43659e+06 0.000465641 -0.00624444 -4.22499e-16 -1.08594e-18 -224276 -518496 -4.40705e-08 -1.04183e-08
3.45115e+06 0.000469806 -0.00628365 -4.08065e-16 -1.10681e-18 -223342 -520459 -4.25571e-08 -1.06186e-08
3.46568e+06 0.000473984 -0.00632301 -4.26934e-16 -1.22716e-18 -222410 -522425 -4.44743e-08 -1.17732e-08
3.48017e+06 0.000478173 -0.00636248 -4.1418e-16 -1.25912e-18 -221480 -524393 -4.30991e-08 -1.20798e-08
3.49462e+06 0.000482369 -0.00640204 -4.31032e-16 -1.21084e-18 -220553 -526360 -4.48235e-08 -1.16166e-08
3.50904e+06 0.000486571 -0.00644166 -4.07123e-16 -1.24123e-18 -219627 -528325 -4.23024e-08 -1.19081e-08
3.52342e+06 0.00049073 -0.00648084 -4.26349e-16 -1.26082e-18 -218702 -530262 -4.4216e-08 -1.20961e-08
3.53777e+06 0.000494897 -0.00652011 -4.11851e-16 -1.30141e-18 -217779 -532196 -4.26662e-08 -1.24855e-08
3.5521e+06 0.000499078 -0.00655951 -4.30628e-16 -1.29725e-18 -216858 -534131 -4.4558e-08 -1.24456e-08
3.56641e+06 0.000503275 -0.00659905 -4.08912e-16 -1.29801e-18 -215937 -536066 -4.23097e-08 -1.24529e-08
3.58068e+06 0.00050749 -0.00663876 -4.30272e-16 -1.28383e-18 -215019 -538000 -4.44379e-08 -1.23169e-08
3.59493e+06 0.000511734 -0.00667873 -4.11774e-16 -1.30477e-18 -214103 -539940 -4.24443e-08 -1.25177e-08
3.60915e+06 0.000516 -0.0067189 -4.25857e-16 -1.30558e-18 -213189 -541879 -4.3834e-08 -1.25255e-08
3.62335e+06 0.00052029 -0.00675926 -4.14371e-16 -1.30727e-18 -212275 -543818 -4.25971e-08 -1.25417e-08
3.63751e+06 0.000524607 -0.00679987 -4.30058e-16 -1.30957e-18 -211364 -545757 -4.41469e-08 -1.25638e-08
3.65162e+06 0.000528947 -0.00684064 -4.11354e-16 -1.33609e-18 -210456 -547691 -4.21751e-08 -1.28183e-08
3.66568e+06 0.000533311 -0.00688161 -4.30668e-16 -1.34482e-18 -209550 -549621 -4.40559e-08 -1.2902e-08
3.6797e+06 0.000537714 -0.00692289 -4.22021e-16 -1.33407e-18 -208647 -551551 -4.30664e-08 -1.27988e-08
3.69365e+06 0.000542171 -0.00696463 -4.33798e-16 -1.42813e-18 -207747 -553486 -4.41723e-08 -1.37012e-08
3.70757e+06 0.000546683 -0.00700682 -4.29829e-16 -1.41638e-18 -206850 -555425 -4.36412e-08 -1.35885e-08
3.72145e+06 0.000551252 -0.00704948 -4.3604e-16 -1.44646e-18 -205955 -557365 -4.41905e-08 -1.38771e-08
3.73528e+06 0.000555884 -0.00709264 -4.31917e-16 -1.47014e-18 -205062 -559306 -4.36594e-08 -1.41043e-08
3.74907e+06 0.000560583 -0.00713632 -4.38254e-16 -1.49322e-18 -204171 -561247 -4.41905e-08 -1.43257e-08
3.76279e+06 0.000565665 -0.00718133 -4.76662e-16 -1.40543e-18 -203283 -563179 -4.31864e-08 -1.34835e-08
3.77647e+06 0.00057086 -0.00722708 -4.92585e-16 -1.37203e-18 -202398 -565109 -4.44743e-08 -1.3163e-08
3.7901e+06 0.000576158 -0.00727358 -4.91453e-16 -1.40794e-18 -201515 -567037 -4.42196e-08 -1.35076e-08
3.80366e+06 0.000581589 -0.00732107 -4.94536e-16 -1.3849e-18 -200635 -568969 -4.43033e-08 -1.32865e-08
3.81715e+06 0.000587147 -0.00736945 -4.98335e-16 -1.40726e-18 -199756 -570896 -4.44634e-08 -1.3501e-08
3.83057e+06 0.000592834 -0.00741873 -5.01352e-16 -1.43857e-18 -198881 -572814 -4.45507e-08 -1.38014e-08
3.84393e+06 0.00059868 -0.00746912 -5.06992e-16 -1.38297e-18 -198008 -574728 -4.48381e-08 -1.3268e-08
3.85725e+06 0.000604702 -0.00752077 -5.09841e-16 -1.42485e-18 -197137 -576636 -4.48126e-08 -1.36698e-08
3.87052e+06 0.000610915 -0.00757376 -5.07456e-16 -1.41534e-18 -196268 -578538 -4.44561e-08 -1.35786e-08
3.88371e+06 0.000617363 -0.00762844 -5.19342e-16 -1.38679e-18 -195403 -580441 -4.52019e-08 -1.33046e-08
3.89684e+06 0.000624071 -0.00768491 -5.47301e-16 -1.39856e-18 -194540 -582338 -4.43833e-08 -1.34175e-08
3.90989e+06 0.00063158 -0.0077446 -5.4104e-16 -1.4151e-18 -193680 -584195 -4.36448e-08 -1.35762e-08
3.92287e+06 0.000639353 -0.00780594 -5.44418e-16 -1.38231e-18 -192823 -586024 -4.35975e-08 -1.32616e-08
3.93579e+06 0.000647456 -0.00786941 -5.47948e-16 -1.42564e-18 -191969 -587833 -4.36303e-08 -1.36774e-08
3.94865e+06 0.000655921 -0.00793524 -5.48113e-16 -1.41887e-18 -191117 -589625 -4.34011e-08 -1.36124e-08
3.96147e+06 0.00066476 -0.00800352 -5.51774e-16 -1.42524e-18 -190268 -591397 -4.3332e-08 -1.36735e-08
3.97423e+06 0.000673981 -0.00807426 -5.5374e-16 -1.37864e-18 -189422 -593148 -4.3332e-08 -1.32265e-08
3.98693e+06 0.000683571 -0.0081474 -5.51591e-16 -1.41352e-18 -188577 -594873 -4.28809e-08 -1.35611e-08
3.99958e+06 0.000693528 -0.00822289 -5.52899e-16 -1.43906e-18 -187735 -596574 -4.27244e-08 -1.38061e-08
4.01217e+06 0.000703849 -0.00830076 -5.58333e-16 -1.44911e-18 -186896 -598252 -4.29318e-08 -1.39025e-08
4.02471e+06 0.00071453 -0.00838099 -5.5721e-16 -1.43602e-18 -186060 -599910 -4.26662e-08 -1.3777e-08
4.0372e+06 0.000725557 -0.00846352 -5.66474e-16 -1.50507e-18 -185227 -601552 -4.31792e-08 -1.44394e-08
4.04964e+06 0.000736899 -0.00854813 -5.63091e-16 -1.41808e-18 -184396 -603177 -4.27935e-08 -1.36048e-08
4.06202e+06 0.000748523 -0.00863463 -5.67743e-16 -1.43728e-18 -183567 -604787 -4.29318e-08 -1.3789e-08
4.07436e+06 0.0007604 -0.00872284 -5.75692e-16 -1.46422e-18 -182742 -606384 -4.3372e-08 -1.40475e-08
4.08663e+06 0.000772509 -0.00881262 -5.71968e-16 -1.42975e-18 -181918 -607971 -4.29973e-08 -1.37168e-08
4.09887e+06 0.000784826 -0.00890385 -5.71067e-16 -1.50396e-18 -181096 -609550 -4.28263e-08 -1.44287e-08
4.11104e+06 0.000797337 -0.00899644 -5.72073e-16 -1.49632e-18 -180277 -611124 -4.28117e-08 -1.43554e-08
4.12316e+06 0.000810032 -0.00909034 -5.83629e-16 -1.44765e-18 -179461 -612695 -4.35139e-08 -1.38885e-08
4.13523e+06 0.000822898 -0.00918548 -5.73526e-16 -1.47978e-18 -178648 -614264 -4.26407e-08 -1.41968e-08
4.14723e+06 0.000835926 -0.00928181 -5.76086e-16 -1.46818e-18 -177837 -615833 -4.27681e-08 -1.40854e-08
4.15917e+06 0.000849108 -0.00937927 -5.80195e-16 -1.41661e-18 -177030 -617401 -4.291e-08 -1.35907e-08
4.17102e+06 0.000862446 -0.00947788 -5.7463e-16 -1.5041e-18 -176226 -618971 -4.24261e-08 -1.44301e-08
4.1828e+06 0.000875966 -0.00957784 -5.79158e-16 -1.4939e-18 -175426 -620544 -4.26444e-08 -1.43322e-08
4.19449e+06 0.000889689 -0.00967931 -5.74827e-16 -1.54304e-18 -174629 -622124 -4.21642e-08 -1.48036e-08
4.20609e+06 0.000903633 -0.00978239 -5.80473e-16 -1.57721e-18 -173837 -623709 -4.24661e-08 -1.51315e-08
4.21762e+06 0.000917792 -0.00988703 -5.66288e-16 -1.58323e-18 -173048 -625297 -4.1262e-08 -1.51893e-08
4.22906e+06 0.000932173 -0.00999325 -5.97323e-16 -1.51772e-18 -172264 -626885 -4.33538e-08 -1.45608e-08
4.24042e+06 0.000946727 -0.0101006 -5.7843e-16 -1.51094e-18 -171482 -628463 -4.18222e-08 -1.44957e-08
4.25169e+06 0.000961532 -0.0102098 -5.85544e-16 -1.64264e-18 -170704 -630033 -4.21314e-08 -1.57592e-08
4.26288e+06 0.000976664 -0.0103211 -5.8809e-16 -1.50229e-18 -169930 -631600 -4.20659e-08 -1.44127e-08
4.27399e+06 0.000992117 -0.0104346 -5.95803e-16 -1.61129e-18 -169161 -633154 -4.23897e-08 -1.54585e-08
4.28504e+06 0.00100794 -0.0105505 -5.95859e-16 -1.5393e-18 -168395 -634692 -4.21278e-08 -1.47678e-08
4.29602e+06 0.00102417 -0.0106691 -6.06689e-16 -1.60509e-18 -167633 -636210 -4.26262e-08 -1.5399e-08
4.30693e+06 0.00104087 -0.0107907 -6.00271e-16 -1.57927e-18 -166875 -637704 -4.18477e-08 -1.51513e-08
4.31777e+06 0.00105807 -0.0109154 -6.11502e-16 -1.63339e-18 -166121 -639170 -4.22951e-08 -1.56705e-08
4.32854e+06 0.00107583 -0.0110438 -6.15713e-16 -1.5366e-18 -165371 -640604 -4.21896e-08 -1.47418e-08
4.33924e+06 0.00109418 -0.0111759 -6.2856e-16 -1.5713e-18 -164626 -642005 -4.2739e-08 -1.50748e-08
4.34986e+06 0.00111316 -0.011312 -6.22905e-16 -1.5556e-18 -163884 -643371 -4.20005e-08 -1.49241e-08
4.36041e+06 0.00113278 -0.0114522 -6.37089e-16 -1.63761e-18 -163147 -644702 -4.26699e-08 -1.5711e-08
4.37088e+06 0.00115302 -0.0115964 -6.34484e-16 -1.6119e-18 -162414 -645999 -4.21642e-08 -1.54643e-08
4.38127e+06 0.00117385 -0.0117444 -6.41591e-16 -1.62898e-18 -161686 -647263 -4.23861e-08 -1.56282e-08
4.39157e+06 0.00119523 -0.0118959 -6.5606e-16 -1.6125e-18 -160963 -648499 -4.30555e-08 -1.54701e-08
4.40179e+06 0.00121711 -0.0120508 -6.56313e-16 -1.56394e-18 -160245 -649710 -4.28663e-08 -1.50042e-08
4.41194e+06 0.00123943 -0.0122086 -6.54046e-16 -1.67645e-18 -159530 -650901 -4.24989e-08 -1.60836e-08
4.422e+06 0.00126215 -0.0123692 -6.62225e-16 -1.63769e-18 -158821 -652075 -4.28481e-08 -1.57118e-08
4.43199e+06 0.0012852 -0.0125322 -6.69934e-16 -1.64787e-18 -158115 -653237 -4.31792e-08 -1.58094e-08
4.44189e+06 0.00130876 -0.0126981 -6.76314e-16 -1.59456e-18 -157414 -654383 -4.34302e-08 -1.5298e-08
4.45172e+06 0.00133236 -0.012865 -6.857e-16 -1.65974e-18 -156718 -655526 -4.38777e-08 -1.59233e-08
4.46147e+06 0.00135614 -0.0130334 -6.78738e-16 -1.63406e-18 -156025 -656662 -4.32665e-08 -1.56769e-08
4.47114e+06 0.00138028 -0.0132037 -6.87916e-16 -1.6351e-18 -155338 -657787 -4.37358e-08 -1.56869e-08
4.48074e+06 0.00140437 -0.0133747 -6.99139e-16 -1.63101e-18 -154654 -658913 -4.43979e-08 -1.56477e-08
4.49027e+06 0.00142853 -0.0135463 -7.03313e-16 -1.63934e-18 -153975 -660032 -4.45179e-08 -1.57276e-08
4.49975e+06 0.0014528 -0.0137189 -7.0014e-16 -1.63977e-18 -153299 -661147 -4.41178e-08 -1.57317e-08
4.50917e+06 0.00147715 -0.0138923 -7.10911e-16 -1.59647e-18 -152628 -662257 -4.47326e-08 -1.53163e-08
4.51852e+06 0.00150156 -0.0140664 -7.07021e-16 -1.59988e-18 -151960 -663364 -4.43579e-08 -1.5349e-08
4.52781e+06 0.00152596 -0.0142406 -6.75362e-16 -1.42176e-18 -151297 -664463 -4.22369e-08 -1.36401e-08
4.53704e+06 0.00155038 -0.0144152 -6.73351e-16 -1.42612e-18 -150637 -665558 -4.19968e-08 -1.3682e-08
4.54621e+06 0.00157486 -0.0145905 -6.78804e-16 -1.48707e-18 -149981 -666648 -4.2186e-08 -1.42667e-08
4.55533e+06 0.00159939 -0.0147665 -6.76525e-16 -1.4406e-18 -149329 -667735 -4.19423e-08 -1.38209e-08
4.56438e+06 0.00162398 -0.014943 -6.8997e-16 -1.49567e-18 -148681 -668819 -4.26589e-08 -1.43492e-08
4.57336e+06 0.00164864 -0.0151203 -6.86508e-16 -1.46404e-18 -148036 -669900 -4.23388e-08 -1.40457e-08
4.58229e+06 0.00167337 -0.0152985 -7.03391e-16 -1.40136e-18 -147395 -670978 -4.31792e-08 -1.34444e-08
4.59115e+06 0.00169817 -0.0154774 -7.00158e-16 -1.42962e-18 -146758 -672053 -4.29136e-08 -1.37155e-08
4.59994e+06 0.00172307 -0.0156572 -7.1744e-16 -1.42379e-18 -146124 -673125 -4.38449e-08 -1.36596e-08
4.60866e+06 0.00174807 -0.015838 -6.97742e-16 -1.43995e-18 -145493 -674196 -4.24661e-08 -1.38146e-08
4.6173e+06 0.00177319 -0.01602 -7.22057e-16 -1.42567e-18 -144867 -675264 -4.37867e-08 -1.36777e-08
4.62586e+06 0.00179843 -0.016203 -7.15094e-16 -1.4455e-18 -144244 -676329 -4.32156e-08 -1.38679e-08
4.63432e+06 0.0018247 -0.0163902 -8.36537e-16 -1.35605e-18 -143626 -677367 -4.21205e-08 -1.30097e-08
4.64263e+06 0.00185289 -0.016585 -8.38181e-16 -1.35011e-18 -143014 -678360 -4.20005e-08 -1.29528e-08
4.6507e+06 0.00188337 -0.0167899 -9.51162e-16 -1.29091e-18 -142408 -679317 -4.24225e-08 -1.23848e-08
4.65851e+06 0.00191658 -0.0170069 -9.79666e-16 -1.24846e-18 -141809 -680228 -4.34593e-08 -1.19775e-08
4.66616e+06 0.00195049 -0.0172283 -1.00181e-15 -1.20513e-18 -141215 -681137 -4.40559e-08 -1.15618e-08
4.67367e+06 0.00198505 -0.0174538 -9.91853e-16 -1.20145e-18 -140625 -682035 -4.33247e-08 -1.15265e-08
4.68105e+06 0.00202034 -0.0176837 -1.03837e-15 -1.17205e-18 -140040 -682916 -4.49763e-08 -1.12444e-08
4.68832e+06 0.00205649 -0.0179186 -1.02574e-15 -1.12986e-18 -139459 -683772 -4.38995e-08 -1.08397e-08
4.69547e+06 0.00209361 -0.018159 -1.03657e-15 -1.16153e-18 -138882 -684596 -4.38013e-08 -1.11435e-08
4.70252e+06 0.00213186 -0.0184057 -1.04962e-15 -1.1488e-18 -138310 -685378 -4.37685e-08 -1.10214e-08
4.70945e+06 0.00217143 -0.0186597 -1.08176e-15 -1.17451e-18 -137742 -686109 -4.43652e-08 -1.1268e-08
4.71628e+06 0.0022125 -0.0189219 -1.07927e-15 -1.07225e-18 -137178 -686783 -4.34884e-08 -1.0287e-08
4.72299e+06 0.00225518 -0.0191928 -1.11471e-15 -1.09561e-18 -136618 -687392 -4.41942e-08 -1.05111e-08
4.72959e+06 0.00229952 -0.0194727 -1.12844e-15 -1.17287e-18 -136063 -687934 -4.40232e-08 -1.12524e-08
4.73608e+06 0.00234554 -0.0197617 -1.15866e-15 -1.07184e-18 -135514 -688410 -4.45616e-08 -1.02831e-08
4.74245e+06 0.00239306 -0.020059 -1.18174e-15 -9.82096e-19 -134967 -688825 -4.48308e-08 -9.42207e-09
4.74872e+06 0.00244193 -0.0203638 -1.21401e-15 -1.03221e-18 -134424 -689187 -4.5562e-08 -9.90283e-09
4.75486e+06 0.00249206 -0.0206757 -1.1863e-15 -1.09903e-18 -133886 -689506 -4.40014e-08 -1.05439e-08
4.76092e+06 0.00254308 -0.0209927 -1.24532e-15 -1.0387e-18 -133351 -689790 -4.59113e-08 -9.96516e-09
4.76687e+06 0.00259497 -0.021315 -1.22134e-15 -1.06541e-18 -132821 -690049 -4.46271e-08 -1.02213e-08
4.7727e+06 0.00264766 -0.0216422 -1.2915e-15 -1.29015e-18 -132294 -690287 -4.6919e-08 -1.23775e-08
4.77844e+06 0.00270094 -0.0219732 -1.29159e-15 -9.18534e-19 -131771 -690511 -4.65698e-08 -8.81227e-09
4.78405e+06 0.0027549 -0.0223088 -1.29025e-15 -1.08842e-18 -131251 -690724 -4.62896e-08 -1.04421e-08
4.78956e+06 0.00280939 -0.0226479 -1.30596e-15 -1.09351e-18 -130736 -690928 -4.6588e-08 -1.0491e-08
4.79494e+06 0.00286445 -0.0229911 -1.31804e-15 -1.10466e-18 -130224 -691126 -4.67044e-08 -1.05979e-08
4.80021e+06 0.00292003 -0.023338 -1.32237e-15 -1.06377e-18 -129716 -691317 -4.65661e-08 -1.02057e-08
4.80538e+06 0.0029761 -0.0236885 -1.35137e-15 -1.07097e-18 -129212 -691504 -4.72464e-08 -1.02747e-08
4.81043e+06 0.00303259 -0.0240422 -1.36664e-15 -1.08931e-18 -128712 -691685 -4.74574e-08 -1.04507e-08
4.81537e+06 0.00308949 -0.0243992 -1.36408e-15 -1.10976e-18 -128215 -691861 -4.69954e-08 -1.06469e-08
4.82022e+06 0.00314676 -0.0247591 -1.39564e-15 -1.03851e-18 -127722 -692031 -4.77194e-08 -9.96327e-09
4.82498e+06 0.00320437 -0.025122 -1.4029e-15 -1.12033e-18 -127232 -692195 -4.7552e-08 -1.07483e-08
4.82964e+06 0.00326227 -0.0254875 -1.41696e-15 -1.06279e-18 -126745 -692353 -4.75848e-08 -1.01962e-08
4.83422e+06 0.00332048 -0.0258559 -1.44379e-15 -9.8978e-19 -126262 -692503 -4.80213e-08 -9.49578e-09
4.83872e+06 0.00337891 -0.0262267 -1.44341e-15 -9.88996e-19 -125781 -692645 -4.74683e-08 -9.48826e-09
4.84315e+06 0.00343756 -0.0265999 -1.45129e-15 -1.07565e-18 -125304 -692778 -4.71518e-08 -1.03196e-08
4.84749e+06 0.00349644 -0.0269758 -1.45748e-15 -1.06147e-18 -124830 -692901 -4.66425e-08 -1.01835e-08
4.85177e+06 0.00355551 -0.0273541 -1.46271e-15 -1.00666e-18 -124360 -693013 -4.61514e-08 -9.65771e-09
4.85598e+06 0.00361471 -0.0277346 -1.47194e-15 -1.05389e-18 -123893 -693112 -4.57294e-08 -1.01108e-08
4.86012e+06 0.00367398 -0.0281171 -1.47188e-15 -1.00586e-18 -123428 -693198 -4.49654e-08 -9.65004e-09
4.86419e+06 0.00373334 -0.0285017 -1.47959e-15 -1.00045e-18 -122967 -693268 -4.44343e-08 -9.59814e-09
4.8682e+06 0.00379283 -0.028889 -1.53667e-15 -1.54661e-18 -122510 -693323 -4.52856e-08 -1.48379e-08
4.87205e+06 0.00385278 -0.0292811 -1.52112e-15 -2.02365e-18 -122058 -693361 -4.39286e-08 -1.94146e-08
4.87588e+06 0.00391262 -0.0296744 -1.54941e-15 -1.91993e-18 -121608 -693380 -4.38304e-08 -1.84195e-08
4.87963e+06 0.00397251 -0.0300702 -1.55469e-15 -1.91128e-18 -121161 -693380 -4.30264e-08 -1.83365e-08
4.88333e+06 0.00403237 -0.0304679 -1.56161e-15 -1.9796e-18 -120718 -693359 -4.23388e-08 -1.8992e-08
4.88697e+06 0.00409219 -0.0308675 -1.5829e-15 -1.95031e-18 -120277 -693318 -4.20187e-08 -1.87109e-08
4.89055e+06 0.00415199 -0.0312692 -1.60242e-15 -1.85178e-18 -119840 -693255 -4.16585e-08 -1.77657e-08
4.89407e+06 0.00421174 -0.0316729 -1.58699e-15 -1.92294e-18 -119406 -693171 -4.03707e-08 -1.84484e-08
4.89753e+06 0.00427144 -0.0320784 -1.61081e-15 -1.89361e-18 -118976 -693067 -4.01706e-08 -1.8167e-08
4.90094e+06 0.00433109 -0.0324858 -1.62068e-15 -1.79395e-18 -118549 -692944 -3.9654e-08 -1.72108e-08
4.90429e+06 0.00439067 -0.0328949 -1.6041e-15 -1.90044e-18 -118124 -692800 -3.85517e-08 -1.82325e-08
4.80354e+06 0.00482201 -0.0359464 -5.7152e-16 1.34139e-18 -120306 -692000 -1.13941e-08 1.28691e-08
4.8089e+06 0.00488585 -0.0363994 -2.3556e-16 -1.52474e-18 -119724 -691697 -3.75076e-09 -1.46281e-08
4.81415e+06 0.00494981 -0.0368549 -2.07594e-16 -1.52388e-18 -119150 -691383 -3.08864e-09 -1.46199e-08
4.81934e+06 0.00501381 -0.0373121 -6.44672e-17 -1.47389e-18 -118579 -691060 8.00355e-11 -1.41402e-08
4.8238e+06 0.00507505 -0.0377507 9.91925e-16 -7.80048e-20 -118020 -690741 2.32358e-08 -7.48365e-10
4.8277e+06 0.00513409 -0.0381754 8.11128e-16 -1.2504e-18 -117575 -690438 1.91758e-08 -1.19961e-08
4.83146e+06 0.00519303 -0.0386005 7.04047e-16 -1.0456e-18 -117140 -690130 1.66947e-08 -1.00313e-08
4.8351e+06 0.0052515 -0.0390232 6.29622e-16 -1.02907e-18 -116701 -689817 1.49957e-08 -9.87277e-09
4.83853e+06 0.0053087 -0.0394376 1.13543e-15 -3.89794e-20 -116277 -689506 2.57387e-08 -3.73962e-10
4.84181e+06 0.00536578 -0.0398522 9.65014e-16 -1.04745e-18 -115865 -689192 2.20061e-08 -1.0049e-08
4.84501e+06 0.00542266 -0.0402663 8.93622e-16 -9.99836e-19 -115473 -688876 2.03763e-08 -9.59226e-09
4.84816e+06 0.00547962 -0.0406819 8.68596e-16 -9.36736e-19 -115086 -688556 1.98052e-08 -8.98689e-09
4.85125e+06 0.00553653 -0.0410979 8.32154e-16 -9.27638e-19 -114702 -688232 1.8943e-08 -8.89961e-09
4.85428e+06 0.00559337 -0.0415144 8.52804e-16 -9.01714e-19 -114322 -687904 1.92704e-08 -8.6509e-09
4.85728e+06 0.0056502 -0.0419316 8.9665e-16 -9.22168e-19 -113946 -687573 2.00707e-08 -8.84713e-09
4.83076e+06 0.00568731 -0.0452109 9.53192e-16 1.32151e-18 -114038 -649342 1.60471e-08 1.26784e-08
4.8346e+06 0.00574105 -0.045632 -2.95942e-16 8.79336e-20 -113635 -649377 -6.96309e-09 8.43621e-10
4.80837e+06 0.0058944 -0.0468322 1.11289e-15 1.11408e-18 -113820 -649406 1.843e-08 1.06883e-08
4.81274e+06 0.00594787 -0.0472475 -1.55179e-16 9.55648e-20 -113363 -649342 -4.31828e-09 9.16833e-10
4.81636e+06 0.0059986 -0.0476429 -3.33379e-16 -1.32884e-18 -112996 -649287 -7.53425e-09 -1.27486e-08
4.81945e+06 0.00605105 -0.0480451 -4.7588e-16 -1.30309e-18 -112645 -649181 -9.14952e-09 -1.25016e-08
4.75917e+06 0.0063081 -0.0500479 -1.12991e-15 -8.99488e-19 -114116 -648951 -1.97469e-08 -8.62954e-09
4.76462e+06 0.00636374 -0.0504749 -1.09624e-15 -1.93885e-18 -113592 -648787 -1.91321e-08 -1.8601e-08
4.76945e+06 0.00641757 -0.0508886 -5.90278e-16 -1.10695e-19 -113059 -648623 -1.07648e-08 -1.06199e-09
4.7735e+06 0.00646862 -0.0512824 -1.19002e-15 -8.77204e-22 -112643 -648476 -2.046e-08 -8.41575e-12
4.77733e+06 0.00651875 -0.0516699 -1.32048e-15 -1.3662e-18 -112242 -648331 -2.25118e-08 -1.31071e-08
4.78101e+06 0.00656853 -0.0520552 -1.46703e-15 -1.19937e-18 -111842 -648185 -2.4771e-08 -1.15066e-08
4.78453e+06 0.0066178 -0.0524375 -1.59723e-15 -1.15172e-18 -111476 -648043 -2.67355e-08 -1.10494e-08
4.78797e+06 0.00666687 -0.052819 -1.69763e-15 -1.02724e-18 -111126 -647902 -2.82307e-08 -9.85513e-09
4.79129e+06 0.00671607 -0.0532023 -1.82879e-15 -1.16685e-18 -110786 -647759 -3.02098e-08 -1.11946e-08
4.79431e+06 0.0067662 -0.0535935 -1.8887e-15 -1.11882e-18 -110454 -647615 -3.1021e-08 -1.07338e-08
4.79704e+06 0.00681715 -0.053992 -1.92117e-15 -8.39143e-19 -110129 -647467 -3.13121e-08 -8.0506e-09
4.79966e+06 0.0068683 -0.0543928 -1.89853e-15 -8.12026e-19 -109809 -647318 -3.08391e-08 -7.79045e-09
4.80223e+06 0.00691948 -0.0547945 -1.88489e-15 -7.58389e-19 -109493 -647168 -3.04753e-08 -7.27586e-09
4.80475e+06 0.00697059 -0.0551964 -1.88545e-15 -7.8538e-19 -109180 -647017 -3.03335e-08 -7.5348e-09
4.80717e+06 0.00702186 -0.0556002 -1.88779e-15 -8.1792e-19 -108871 -646864 -3.01734e-08 -7.84699e-09
4.80952e+06 0.0070732 -0.0560054 -1.85192e-15 -7.64642e-19 -108566 -646710 -2.94785e-08 -7.33585e-09
4.81182e+06 0.00712453 -0.0564111 -1.84225e-15 -7.16564e-19 -108265 -646555 -2.92275e-08 -6.8746e-09
4.81408e+06 0.00717578 -0.0568171 -1.82788e-15 -7.92664e-19 -107967 -646399 -2.87619e-08 -7.60468e-09
4.81631e+06 0.00722712 -0.0572234 -1.86754e-15 -6.00221e-19 -107672 -646240 -2.75395e-08 -5.75842e-09
4.8185e+06 0.007279 -0.0576304 -1.86728e-15 -5.12812e-19 -107380 -646072 -2.74376e-08 -4.91983e-09
4.82064e+06 0.0073311 -0.0580379 -1.93792e-15 -4.89129e-19 -107091 -645900 -2.57496e-08 -4.69263e-09
4.82275e+06 0.00738368 -0.058446 -1.95013e-15 -3.77718e-19 -106805 -645722 -2.57533e-08 -3.62376e-09
4.82483e+06 0.00743619 -0.0588542 -1.9497e-15 -4.49862e-19 -106522 -645543 -2.56114e-08 -4.31591e-09
4.82687e+06 0.00748862 -0.0592625 -1.95788e-15 -4.44858e-19 -106241 -645363 -2.55568e-08 -4.26789e-09
4.76954e+06 0.00751413 -0.0595701 -1.12107e-15 4.95232e-19 -113989 -646224 -1.31913e-08 4.75117e-09
4.77301e+06 0.00756777 -0.0599953 1.00415e-15 -3.03427e-19 -113522 -646025 1.29075e-08 -2.91103e-09
4.77615e+06 0.00762137 -0.0604132 8.38075e-16 -1.36009e-18 -113094 -645820 1.07539e-08 -1.30484e-08
4.7792e+06 0.00767453 -0.0608286 7.28903e-16 -1.38336e-18 -112680 -645617 9.29504e-09 -1.32717e-08
4.78204e+06 0.00772616 -0.0612326 6.75203e-16 -1.30609e-18 -112283 -645420 8.52015e-09 -1.25304e-08
4.78479e+06 0.00777744 -0.0616347 5.95901e-16 -1.22121e-18 -111896 -645225 7.51606e-09 -1.17161e-08
4.78751e+06 0.00782869 -0.0620372 4.97076e-16 -1.1883e-18 -111513 -645030 6.25732e-09 -1.14004e-08
4.79017e+06 0.00788004 -0.0624412 3.96112e-16 -1.23118e-18 -111136 -644834 4.9331e-09 -1.18118e-08
4.79274e+06 0.00793132 -0.0628455 3.11729e-16 -1.24484e-18 -110769 -644639 3.86717e-09 -1.19428e-08
4.79525e+06 0.00798251 -0.0632498 2.34892e-16 -1.21608e-18 -110408 -644445 2.91402e-09 -1.16669e-08
4.79772e+06 0.00803357 -0.0636537 1.56775e-16 -1.17296e-18 -110050 -644250 1.92085e-09 -1.12532e-08
4.80015e+06 0.00808456 -0.0640578 9.13754e-17 -1.11597e-18 -109696 -644056 1.17507e-09 -1.07065e-08
4.70635e+06 0.00814562 -0.0646675 2.18593e-15 5.94706e-18 -116708 -644692 2.87e-08 5.70551e-08
4.68155e+06 0.00779211 -0.0678474 2.53792e-15 2.7494e-18 -116489 -607961 2.64045e-08 2.63773e-08
4.68657e+06 0.00780633 -0.0682124 1.70946e-15 -2.71278e-18 -115976 -608987 1.05283e-08 -2.6026e-08
4.69038e+06 0.00782998 -0.0686048 1.2546e-15 -6.84824e-19 -115557 -609339 3.08137e-09 -6.57009e-09
4.69355e+06 0.00785229 -0.0689867 1.11294e-15 -1.93454e-18 -115158 -609655 6.80302e-10 -1.85597e-08
4.69662e+06 0.00787451 -0.0693723 1.01871e-15 -1.86037e-18 -114768 -609923 -7.82165e-10 -1.78481e-08
4.6996e+06 0.00789674 -0.0697615 9.78431e-16 -1.89054e-18 -114382 -610140 -1.53159e-09 -1.81375e-08
4.7025e+06 0.00791819 -0.0701508 9.39361e-16 -1.89107e-18 -114019 -610331 -2.20098e-09 -1.81426e-08
4.70526e+06 0.00793866 -0.0705364 9.5078e-16 -1.79805e-18 -113677 -610492 -2.24827e-09 -1.72502e-08
4.70791e+06 0.00795826 -0.0709191 1.02516e-15 -1.75091e-18 -113335 -610624 -1.226e-09 -1.6798e-08
4.71051e+06 0.00797714 -0.0713025 1.12916e-15 -1.82902e-18 -112994 -610728 7.27596e-11 -1.75473e-08
4.71304e+06 0.00799528 -0.0716855 1.21087e-15 -1.65663e-18 -112648 -610804 1.13141e-09 -1.58934e-08
4.71551e+06 0.00801346 -0.0720719 1.28088e-15 -1.67968e-18 -112304 -610835 2.11003e-09 -1.61145e-08
4.71795e+06 0.00803111 -0.0724603 1.37551e-15 -1.62066e-18 -111963 -610835 3.24144e-09 -1.55483e-08
4.72033e+06 0.00804808 -0.072851 1.4889e-15 -1.72917e-18 -111626 -610806 4.73301e-09 -1.65893e-08
4.72265e+06 0.0080644 -0.0732449 1.56293e-15 -1.72131e-18 -111294 -610749 5.60976e-09 -1.65139e-08
4.7249e+06 0.00808007 -0.0736416 1.61901e-15 -1.70329e-18 -110969 -610662 6.22094e-09 -1.63411e-08
4.72707e+06 0.00809522 -0.0740418 1.69159e-15 -1.65652e-18 -110649 -610543 7.17046e-09 -1.58923e-08
4.72915e+06 0.00811 -0.0744447 1.75525e-15 -1.57947e-18 -110339 -610390 8.00719e-09 -1.51532e-08
4.70884e+06 0.00814578 -0.0754963 3.07901e-15 1.36659e-18 -110391 -609853 2.16314e-08 1.31108e-08
4.71224e+06 0.00816217 -0.0758957 1.13824e-15 8.70111e-20 -110073 -609570 4.08545e-09 8.3477e-10
4.71432e+06 0.00818002 -0.0763056 4.31343e-16 -9.51132e-19 -109817 -609247 -2.65572e-10 -9.12501e-09
4.71624e+06 0.00819857 -0.0767135 -1.24934e-16 -4.62791e-19 -109563 -608898 -3.21597e-09 -4.43994e-09
4.71798e+06 0.0082171 -0.0771224 -5.70431e-16 -2.30042e-19 -109325 -608528 -5.58066e-09 -2.20698e-09
4.71962e+06 0.0082351 -0.0775315 -9.13874e-16 1.56465e-19 -109096 -608143 -7.45058e-09 1.5011e-09
4.7212e+06 0.00825237 -0.0779417 -1.1606e-15 2.01039e-19 -108870 -607743 -8.85848e-09 1.92873e-09
4.68614e+06 0.00829405 -0.0793905 2.06486e-15 2.80857e-18 -109632 -606275 1.11031e-08 2.6945e-08
4.68982e+06 0.00831321 -0.079823 3.23973e-16 4.68062e-19 -109213 -605823 3.55067e-09 4.49051e-09
4.66762e+06 0.00836323 -0.080398 1.98761e-15 2.44517e-18 -109340 -605523 2.87801e-08 2.34586e-08
4.6707e+06 0.00839755 -0.0807859 1.33903e-15 -1.04534e-18 -109081 -605291 1.88811e-08 -1.00288e-08
4.67359e+06 0.00843159 -0.0811708 9.68965e-16 -1.05423e-18 -108815 -605059 1.32568e-08 -1.01141e-08
4.6763e+06 0.00846512 -0.0815503 7.99722e-16 -9.46223e-19 -108555 -604830 1.06884e-08 -9.07791e-09
4.67889e+06 0.00849842 -0.0819279 7.32233e-16 -9.21199e-19 -108317 -604604 9.65156e-09 -8.83783e-09
4.65945e+06 0.00850978 -0.0821696 8.33605e-16 4.35277e-19 -113755 -604944 1.13505e-08 4.17597e-09
4.6404e+06 0.00855866 -0.0827176 3.36613e-16 4.75938e-19 -113681 -604598 4.20914e-09 4.56607e-09
4.64327e+06 0.00859544 -0.0831244 -2.81649e-16 -8.27385e-19 -113345 -604317 -4.96948e-09 -7.9378e-09
4.64588e+06 0.00863113 -0.0835196 -8.86496e-16 -3.54538e-19 -113031 -604045 -1.38789e-08 -3.40137e-09
4.6483e+06 0.00866657 -0.0839123 -1.14263e-15 -1.45689e-18 -112724 -603775 -1.77461e-08 -1.39772e-08
4.65067e+06 0.00870202 -0.0843054 -1.36992e-15 -1.51268e-18 -112420 -603506 -2.10348e-08 -1.45124e-08
4.65299e+06 0.00873754 -0.0846995 -1.5311e-15 -1.54001e-18 -112122 -603237 -2.34359e-08 -1.47746e-08
4.65518e+06 0.00877314 -0.0850949 -1.66441e-15 -1.50588e-18 -111839 -602968 -2.54186e-08 -1.44472e-08
4.63405e+06 0.00882563 -0.0856871 1.16664e-15 3.89154e-21 -111838 -602605 1.58034e-08 3.73348e-11
4.63645e+06 0.00886393 -0.0860927 5.16226e-16 -1.25551e-18 -111548 -602345 9.37507e-09 -1.20451e-08
4.63872e+06 0.00890105 -0.0864831 4.08975e-16 -6.54638e-19 -111286 -602099 7.23594e-09 -6.28049e-09
4.6409e+06 0.00893812 -0.0868732 3.90131e-16 -5.04214e-19 -111027 -601854 6.8685e-09 -4.83734e-09
4.64304e+06 0.00897514 -0.0872627 4.05095e-16 -3.81759e-19 -110772 -601611 7.14499e-09 -3.66254e-09
4.64511e+06 0.00901216 -0.0876523 5.11434e-16 -7.28348e-19 -110526 -601369 9.28776e-09 -6.98765e-09
4.64711e+06 0.0090492 -0.0880424 7.24744e-16 -5.87531e-19 -110289 -601128 1.3446e-08 -5.63667e-09
4.64902e+06 0.00908627 -0.0884329 9.31115e-16 -4.10435e-19 -110064 -600889 1.75169e-08 -3.93765e-09
4.65084e+06 0.00912336 -0.0888237 1.11325e-15 -3.65079e-19 -109850 -600651 2.1173e-08 -3.5025e-09
4.59697e+06 0.00918026 -0.0895145 -1.18308e-15 9.87779e-19 -117173 -600959 -2.42107e-08 9.47659e-09
4.60043e+06 0.00922225 -0.0899551 2.47094e-17 5.79284e-19 -116769 -600678 -3.34694e-10 5.55755e-09
4.60304e+06 0.00926165 -0.0903688 -7.14432e-16 -1.8776e-18 -116423 -600418 -1.49885e-08 -1.80134e-08
4.60543e+06 0.00930111 -0.0907831 -1.21482e-15 -1.86225e-18 -116084 -600160 -2.48365e-08 -1.78662e-08
4.60763e+06 0.00933931 -0.0911845 -1.49408e-15 -8.83071e-19 -115764 -599911 -3.0348e-08 -8.47204e-09
4.60973e+06 0.00937707 -0.0915811 -1.62762e-15 -1.91658e-18 -115456 -599667 -3.30219e-08 -1.83874e-08
4.595e+06 0.0091951 -0.0937427 2.6463e-16 3.41775e-18 -115377 -576648 1.76733e-08 3.27893e-08
4.59764e+06 0.00922421 -0.094099 -1.92819e-16 -9.88802e-19 -115083 -577063 5.22414e-09 -9.4864e-09
4.6001e+06 0.00925322 -0.0944502 -4.46277e-16 -1.01389e-18 -114781 -577423 -1.51704e-09 -9.72705e-09
4.60253e+06 0.00928211 -0.0948003 -5.31142e-16 -1.08952e-18 -114478 -577781 -3.73984e-09 -1.04527e-08
4.60493e+06 0.00931108 -0.0951506 -5.33687e-16 -1.16985e-18 -114177 -578132 -3.95448e-09 -1.12234e-08
4.55945e+06 0.00935456 -0.0957473 -1.20848e-15 2.84301e-19 -120278 -579217 -2.17078e-08 2.72754e-09
4.56251e+06 0.00938984 -0.0961445 -2.69536e-16 1.36395e-19 -119917 -579396 -3.59796e-09 1.30855e-09
4.56486e+06 0.00942861 -0.0965457 -4.74693e-16 -1.51032e-18 -119591 -579309 -9.69158e-09 -1.44898e-08
4.56703e+06 0.00946742 -0.0969432 -7.74428e-16 -4.15484e-19 -119279 -579190 -1.57197e-08 -3.98609e-09
4.56907e+06 0.00950553 -0.0973318 -9.16459e-16 -1.59e-18 -118985 -579063 -1.86701e-08 -1.52542e-08
4.57108e+06 0.00954406 -0.0977211 -1.06353e-15 -1.58486e-18 -118693 -578913 -2.1515e-08 -1.52049e-08
4.57306e+06 0.0095826 -0.0981104 -1.18015e-15 -1.74225e-18 -118402 -578764 -2.37706e-08 -1.67149e-08
4.57503e+06 0.00962108 -0.0984992 -1.28662e-15 -1.91726e-18 -118112 -578616 -2.58187e-08 -1.83938e-08
4.57699e+06 0.00965957 -0.0988881 -1.36861e-15 -2.07506e-18 -117824 -578468 -2.73976e-08 -1.99078e-08
4.57894e+06 0.00969803 -0.0992767 -1.43568e-15 -2.08037e-18 -117538 -578322 -2.87073e-08 -1.99587e-08
4.58085e+06 0.00973646 -0.099665 -1.48163e-15 -2.18835e-18 -117254 -578176 -2.95404e-08 -2.09947e-08
4.58275e+06 0.00977486 -0.100053 -1.53081e-15 -2.1971e-18 -116973 -578032 -3.04972e-08 -2.10787e-08
4.58459e+06 0.00981324 -0.100441 -1.57208e-15 -2.26348e-18 -116698 -577889 -3.12903e-08 -2.17155e-08
4.58636e+06 0.00985155 -0.100828 -1.60938e-15 -2.21349e-18 -116433 -577748 -3.19269e-08 -2.12358e-08
4.58801e+06 0.00988977 -0.101215 -1.64247e-15 -2.23865e-18 -116183 -577609 -3.25781e-08 -2.14773e-08
4.58958e+06 0.00992789 -0.1016 -1.68235e-15 -2.08815e-18 -115946 -577473 -3.3353e-08 -2.00334e-08
4.59109e+06 0.0099659 -0.101985 -1.71458e-15 -2.1467e-18 -115715 -577338 -3.39969e-08 -2.05951e-08
4.57215e+06 0.0100233 -0.102571 7.73094e-16 -4.02304e-20 -115756 -577173 1.39407e-08 -3.85964e-10
4.57407e+06 0.010062 -0.102962 3.90694e-16 -1.00679e-19 -115517 -577037 6.57383e-09 -9.65895e-10
4.57571e+06 0.0100994 -0.10334 3.83084e-16 -1.06396e-18 -115311 -576909 6.4465e-09 -1.02074e-08
4.54938e+06 0.0100964 -0.103285 3.58594e-16 -1.03967e-18 -115012 -574800 5.06407e-09 -9.97445e-09
4.55562e+06 0.0101069 -0.103411 -2.48678e-16 4.16941e-19 -114750 -576834 -7.10133e-09 4.00006e-09
4.53009e+06 0.0101023 -0.103421 3.72733e-16 1.73157e-18 -121774 -577080 2.13113e-08 1.66124e-08
4.53632e+06 0.0101227 -0.103652 -2.48702e-16 1.00732e-18 -121414 -577420 -5.75528e-09 9.66408e-09
4.53839e+06 0.0101602 -0.10403 -3.43046e-16 -1.03352e-18 -121150 -577287 -7.53425e-09 -9.91543e-09
4.54023e+06 0.010198 -0.104412 -4.46372e-16 -9.83642e-19 -120895 -577155 -9.61154e-09 -9.4369e-09
4.54202e+06 0.0102356 -0.104792 -4.9795e-16 -8.8407e-19 -120645 -577025 -1.05756e-08 -8.48162e-09
4.5438e+06 0.0102731 -0.105172 -5.61582e-16 -1.47802e-18 -120400 -576896 -1.18416e-08 -1.41799e-08
4.54548e+06 0.0103107 -0.105552 -5.75169e-16 -1.43771e-18 -120162 -576768 -1.21327e-08 -1.37932e-08
4.54713e+06 0.0103482 -0.105931 -5.65281e-16 -1.44793e-18 -119927 -576642 -1.20053e-08 -1.38912e-08
4.54872e+06 0.0103856 -0.10631 -5.49273e-16 -1.43381e-18 -119697 -576517 -1.17507e-08 -1.37557e-08
4.55023e+06 0.0104232 -0.10669 -4.87186e-16 -1.70297e-18 -119475 -576393 -1.05356e-08 -1.6338e-08
4.55169e+06 0.0104609 -0.107071 -3.88008e-16 -1.538e-18 -119258 -576269 -8.7166e-09 -1.47553e-08
4.55306e+06 0.0104986 -0.107453 -2.48402e-16 -1.54227e-18 -119050 -576148 -6.07906e-09 -1.47963e-08
4.53224e+06 0.0104967 -0.107418 4.15635e-16 1.55028e-18 -118654 -574790 3.41315e-08 1.48731e-08
4.53628e+06 0.0105179 -0.107642 2.78853e-16 9.7576e-19 -118400 -576034 4.32556e-09 9.36128e-09
4.51564e+06 0.0105143 -0.107667 8.30154e-16 1.16557e-18 -124262 -576502 2.2319e-08 1.11823e-08
4.51957e+06 0.0105427 -0.107963 -5.54081e-17 1.31799e-18 -123993 -576499 -2.04818e-09 1.26446e-08
4.50174e+06 0.0105947 -0.108493 1.24653e-15 -1.1247e-19 -124046 -576366 2.25991e-08 -1.07902e-09
4.50359e+06 0.0106326 -0.108876 2.18649e-16 -3.39935e-19 -123808 -576243 3.03044e-09 -3.26128e-09
4.50533e+06 0.0106696 -0.109251 5.08351e-17 -9.80285e-19 -123587 -576125 -2.00089e-10 -9.40469e-09
4.50698e+06 0.0107069 -0.109628 -6.78908e-17 -9.84005e-19 -123372 -576008 -2.46291e-09 -9.44038e-09
4.50865e+06 0.0107443 -0.110007 -1.338e-16 -1.02299e-18 -123161 -575891 -3.76531e-09 -9.81439e-09
4.46651e+06 0.0107388 -0.109904 1.91762e-16 5.57421e-18 -122534 -571980 1.58761e-08 5.3478e-08
4.47538e+06 0.0107422 -0.109961 -2.58784e-16 1.49514e-19 -122126 -574105 -1.14778e-08 1.43442e-09
4.48038e+06 0.0107583 -0.110135 -5.25989e-16 3.96381e-19 -121861 -575731 -1.19471e-08 3.80282e-09
4.48202e+06 0.0107951 -0.110505 -4.293e-16 -1.28722e-18 -121654 -575618 -9.0804e-09 -1.23494e-08
4.44496e+06 0.0108431 -0.111057 -8.31969e-16 -1.86589e-19 -126721 -575979 -1.66583e-08 -1.79011e-09
4.44754e+06 0.0108822 -0.111451 -6.27112e-16 -1.61915e-18 -126377 -575848 -1.28093e-08 -1.55339e-08
4.44999e+06 0.0109209 -0.111841 2.08909e-16 -4.90414e-19 -126050 -575720 2.87764e-09 -4.70495e-09
4.45226e+06 0.0109584 -0.112219 3.44279e-16 -1.0248e-18 -125743 -575599 5.41695e-09 -9.83179e-09
4.45439e+06 0.0109959 -0.112598 3.83283e-16 -1.08716e-18 -125440 -575478 6.14818e-09 -1.043e-08
4.4565e+06 0.0110334 -0.112976 4.13721e-16 -9.33884e-19 -125140 -575358 6.69024e-09 -8.95953e-09
4.45847e+06 0.0110709 -0.113354 5.29183e-16 -9.09396e-19 -124856 -575240 8.83301e-09 -8.7246e-09
4.46026e+06 0.0111083 -0.113732 6.20527e-16 -6.79547e-19 -124594 -575125 1.05574e-08 -6.51946e-09
4.46201e+06 0.0111458 -0.114111 7.53234e-16 -4.78247e-19 -124336 -575011 1.30494e-08 -4.58822e-09
4.46372e+06 0.0111833 -0.11449 9.01687e-16 -4.49131e-19 -124080 -574899 1.58034e-08 -4.30889e-09
4.46539e+06 0.0112209 -0.114869 1.04453e-15 -2.46959e-19 -123826 -574786 1.84045e-08 -2.36929e-09
4.46701e+06 0.0112585 -0.115249 1.16202e-15 -2.20805e-19 -123576 -574675 2.06055e-08 -2.11836e-09
4.46861e+06 0.0112961 -0.115628 1.24167e-15 -1.15626e-19 -123329 -574564 2.22171e-08 -1.1093e-09
4.47014e+06 0.0113339 -0.116008 1.31782e-15 -8.09487e-20 -123087 -574447 2.36396e-08 -7.76609e-10
4.47159e+06 0.0113718 -0.116389 1.38591e-15 2.66349e-20 -122855 -574332 2.48874e-08 2.55531e-10
4.47293e+06 0.0114098 -0.116769 1.45149e-15 1.44156e-19 -122635 -574216 2.62553e-08 1.38301e-09
4.47419e+06 0.0114477 -0.117148 1.51757e-15 2.42282e-19 -122424 -574097 2.74194e-08 2.32441e-09
4.47538e+06 0.0114856 -0.117526 1.58404e-15 3.55219e-19 -122220 -573981 2.86273e-08 3.40791e-09
4.47648e+06 0.0115233 -0.117902 1.65357e-15 4.01458e-19 -122026 -573866 2.98351e-08 3.85152e-09
4.4775e+06 0.0115608 -0.118276 1.72189e-15 4.65773e-19 -121843 -573754 3.11047e-08 4.46855e-09
4.47842e+06 0.0115981 -0.118649 1.78735e-15 5.7615e-19 -121674 -573644 3.2258e-08 5.52749e-09
4.47928e+06 0.0116353 -0.119022 1.8433e-15 7.92663e-19 -121517 -573536 3.31784e-08 7.60468e-09
4.48008e+06 0.0116725 -0.119393 1.90561e-15 8.08982e-19 -121371 -573430 3.4328e-08 7.76124e-09
4.48083e+06 0.0117096 -0.119764 1.95999e-15 8.96741e-19 -121232 -573325 3.53211e-08 8.60319e-09
4.48155e+06 0.0117467 -0.120135 2.01165e-15 9.72764e-19 -121098 -573222 3.61906e-08 9.33254e-09
4.48225e+06 0.0117837 -0.120505 2.06125e-15 1.03018e-18 -120966 -573119 3.71037e-08 9.88335e-09
4.48294e+06 0.0118207 -0.120875 2.1075e-15 1.05096e-18 -120837 -573017 3.78968e-08 1.00828e-08
4.48361e+06 0.0118577 -0.121245 2.14829e-15 1.16499e-18 -120709 -572917 3.86208e-08 1.11767e-08
4.48427e+06 0.0118947 -0.121615 2.1904e-15 1.16886e-18 -120583 -572817 3.93156e-08 1.12138e-08
4.48492e+06 0.0119319 -0.121987 2.22962e-15 1.22181e-18 -120459 -572717 3.99668e-08 1.17218e-08
4.4855e+06 0.011969 -0.122358 2.27564e-15 1.20107e-18 -120339 -572618 4.08436e-08 1.15229e-08
4.48611e+06 0.0120061 -0.122729 2.30345e-15 1.33083e-18 -120221 -572521 4.12874e-08 1.27678e-08
4.48667e+06 0.0120433 -0.123101 2.3342e-15 1.50111e-18 -120106 -572424 4.18149e-08 1.44014e-08
4.44098e+06 0.012037 -0.122986 1.25889e-15 1.23248e-18 -119902 -568110 -2.23481e-08 1.18242e-08
4.42528e+06 0.0120355 -0.123001 1.98182e-15 1.78693e-18 -125025 -568936 2.12713e-08 1.71435e-08
4.43326e+06 0.0120388 -0.123058 1.48057e-15 1.47057e-18 -124734 -571073 -6.1591e-09 1.41084e-08
4.43944e+06 0.0120465 -0.123188 -3.57277e-16 2.51419e-18 -124478 -572836 -7.1559e-09 2.41207e-08
4.44079e+06 0.0120842 -0.123566 -3.57323e-16 7.39078e-19 -124306 -572736 -6.42467e-09 7.09059e-09
4.44196e+06 0.0121224 -0.123947 -3.24669e-16 6.70202e-19 -124136 -572633 -5.78439e-09 6.42981e-09
4.44318e+06 0.0121603 -0.124326 -4.35283e-16 -4.47816e-19 -123966 -572531 -7.81074e-09 -4.29627e-09
4.44438e+06 0.0121981 -0.124703 -5.37446e-16 -1.25124e-18 -123797 -572430 -9.69885e-09 -1.20042e-08
4.44552e+06 0.012236 -0.125081 -5.71433e-16 -1.43716e-18 -123630 -572330 -1.02482e-08 -1.37879e-08
4.44667e+06 0.0122738 -0.125458 -6.10302e-16 -1.36111e-18 -123464 -572231 -1.09685e-08 -1.30583e-08
4.4478e+06 0.0123115 -0.125835 -6.36794e-16 -1.48362e-18 -123299 -572132 -1.14414e-08 -1.42336e-08
4.44888e+06 0.0123491 -0.12621 -6.62653e-16 -1.43557e-18 -123137 -572035 -1.19362e-08 -1.37726e-08
4.44991e+06 0.0123865 -0.126583 -6.8149e-16 -1.45242e-18 -122980 -571939 -1.22418e-08 -1.39343e-08
4.4509e+06 0.0124239 -0.126957 -6.90613e-16 -1.52762e-18 -122830 -571844 -1.24055e-08 -1.46558e-08
4.45184e+06 0.0124613 -0.127331 -7.05477e-16 -1.48394e-18 -122687 -571751 -1.26311e-08 -1.42367e-08
4.45271e+06 0.0124988 -0.127705 -7.11006e-16 -1.45083e-18 -122547 -571659 -1.28093e-08 -1.39191e-08
4.45356e+06 0.0125362 -0.128078 -7.24804e-16 -1.3841e-18 -122408 -571567 -1.30203e-08 -1.32788e-08
4.45435e+06 0.0125733 -0.128449 -7.29247e-16 -1.43184e-18 -122269 -571476 -1.30858e-08 -1.37368e-08
4.45507e+06 0.0126104 -0.128818 -7.32649e-16 -1.39439e-18 -122131 -571387 -1.31258e-08 -1.33776e-08
4.43546e+06 0.0126087 -0.128785 -1.95384e-16 1.45542e-18 -121756 -570134 1.87538e-08 1.39631e-08
4.43888e+06 0.0126299 -0.129008 -9.87304e-17 2.04573e-18 -121588 -571294 -1.3024e-09 1.96263e-08
4.43977e+06 0.0126666 -0.129374 -9.30714e-18 -9.38733e-19 -121462 -571207 -1.63709e-10 -9.00605e-09
4.44061e+06 0.0127033 -0.129741 -1.60269e-17 -7.5747e-19 -121348 -571122 -2.65572e-10 -7.26704e-09
4.44141e+06 0.01274 -0.130107 2.21186e-17 -7.52035e-19 -121241 -571038 3.81988e-10 -7.2149e-09
4.44218e+06 0.0127765 -0.130472 1.0625e-16 -5.95171e-19 -121138 -570956 1.91721e-09 -5.70998e-09
4.44294e+06 0.0128131 -0.130837 1.75779e-16 -5.53775e-19 -121038 -570874 3.12866e-09 -5.31282e-09
4.44369e+06 0.0128496 -0.131202 2.60101e-16 -4.49664e-19 -120941 -570793 4.62751e-09 -4.314e-09
4.44442e+06 0.012886 -0.131566 3.33644e-16 -3.97156e-19 -120845 -570713 5.91535e-09 -3.81025e-09
4.44514e+06 0.0129225 -0.13193 4.0604e-16 -3.70172e-19 -120749 -570633 7.21775e-09 -3.55137e-09
4.42061e+06 0.0129177 -0.131903 6.54801e-16 1.78413e-18 -127315 -569945 2.06346e-08 1.71166e-08
4.39761e+06 0.0129153 -0.131856 9.15447e-16 3.0377e-18 -126907 -568173 3.62088e-08 2.91432e-08
4.40482e+06 0.0129184 -0.131919 9.53874e-17 1.81479e-19 -126621 -570382 -5.88261e-09 1.74108e-09
4.40729e+06 0.0129424 -0.132204 -2.93281e-16 2.10817e-18 -126416 -571146 -5.17321e-09 2.02255e-08
4.40843e+06 0.0129795 -0.132574 -8.50617e-17 -7.34253e-19 -126235 -571058 -1.48793e-09 -7.0443e-09
4.3903e+06 0.0129968 -0.13281 9.30793e-16 4.2059e-19 -131027 -571492 1.64182e-08 4.03507e-09
4.37292e+06 0.0130469 -0.13331 1.62267e-15 5.33211e-19 -130885 -571384 2.85763e-08 5.11553e-09
4.37519e+06 0.0130849 -0.133686 9.29244e-16 -1.26028e-18 -130567 -571283 1.63163e-08 -1.20909e-08
4.37707e+06 0.0131216 -0.134051 6.24651e-16 -1.09555e-18 -130287 -571188 1.0954e-08 -1.05105e-08
4.37879e+06 0.0131582 -0.134414 4.86038e-16 -8.60572e-19 -130034 -571097 8.48013e-09 -8.25619e-09
4.38035e+06 0.0131948 -0.134778 4.4397e-16 -8.82493e-19 -129785 -571007 7.71979e-09 -8.46649e-09
4.38187e+06 0.0132313 -0.135141 4.27755e-16 -7.45173e-19 -129538 -570917 7.43239e-09 -7.14906e-09
4.38341e+06 0.0132679 -0.135503 4.32775e-16 -7.9986e-19 -129293 -570828 7.50515e-09 -7.67373e-09
4.3849e+06 0.0133044 -0.135866 4.53977e-16 -8.21487e-19 -129049 -570740 7.83621e-09 -7.88121e-09
4.38638e+06 0.0133409 -0.136229 4.80177e-16 -7.38023e-19 -128806 -570653 8.33097e-09 -7.08048e-09
4.36681e+06 0.0133371 -0.136219 1.05098e-15 1.56276e-18 -134248 -570408 3.23307e-08 1.49929e-08
4.34748e+06 0.0133354 -0.136184 8.44377e-16 2.15563e-18 -133868 -569093 1.99871e-08 2.06807e-08
4.35346e+06 0.0133409 -0.13629 -3.92328e-16 3.92541e-19 -133551 -571108 -1.01827e-08 3.76597e-09
4.35509e+06 0.0133768 -0.136648 -9.67018e-16 1.01499e-20 -133295 -571028 -1.69093e-08 9.73766e-11
4.35662e+06 0.013413 -0.137008 -1.11517e-15 -1.09621e-18 -133047 -570942 -1.9485e-08 -1.05169e-08
4.35813e+06 0.0134493 -0.137368 -1.27479e-15 -1.05509e-18 -132802 -570856 -2.22753e-08 -1.01224e-08
4.34098e+06 0.013502 -0.137895 9.26049e-16 -1.08895e-19 -132746 -570762 1.61563e-08 -1.04472e-09
4.34303e+06 0.0135389 -0.138261 5.55766e-16 1.77194e-20 -132494 -570676 9.68066e-09 1.69997e-10
4.3448e+06 0.0135749 -0.138618 5.4802e-16 -1.40916e-18 -132271 -570595 9.53514e-09 -1.35192e-08
4.34648e+06 0.0136108 -0.138975 9.0556e-16 1.11691e-17 -132050 -570514 1.57452e-08 1.07155e-07
4.34818e+06 0.0136466 -0.139331 4.90638e-16 -3.62472e-19 -131831 -570435 8.50196e-09 -3.4775e-09
4.35868e+06 0.0136616 -0.139477 -7.75167e-15 1.14046e-16 -131490 -570377 -1.35115e-07 1.09414e-06
4.35889e+06 0.0137002 -0.139861 -2.02889e-12 3.76055e-14 -131299 -570297 -3.5332e-05 0.000360781
4.35157e+06 0.0137579 -0.140437 1.34059e-13 1.02494e-15 -131217 -570197 2.3324e-06 9.83307e-06
4.35259e+06 0.0137952 -0.140808 1.3731e-13 9.54507e-16 -131021 -570120 2.38779e-06 9.15738e-06
4.35349e+06 0.0138328 -0.141182 1.42025e-13 8.9392e-16 -130834 -570043 2.46861e-06 8.57612e-06
4.35422e+06 0.0138707 -0.141559 1.48919e-13 8.24329e-16 -130659 -569968 2.58711e-06 7.90848e-06
4.35477e+06 0.013909 -0.141941 1.56713e-13 7.22181e-16 -130494 -569893 2.72109e-06 6.92849e-06
4.35505e+06 0.013948 -0.142329 1.65294e-13 5.73332e-16 -130337 -569819 2.86862e-06 5.50045e-06
4.35512e+06 0.0139876 -0.142722 1.71584e-13 4.63531e-16 -130186 -569745 2.97612e-06 4.44704e-06
4.35488e+06 0.0140278 -0.143123 1.7911e-13 3.21589e-16 -130043 -569672 3.10489e-06 3.08527e-06
4.35434e+06 0.0140688 -0.143532 1.8681e-13 1.77435e-16 -129910 -569599 3.23647e-06 1.70228e-06
4.3535e+06 0.0141107 -0.143949 1.93952e-13 3.75134e-17 -129785 -569526 3.3582e-06 3.59898e-07
4.33684e+06 0.0141097 -0.143928 1.93817e-13 3.89968e-17 -129534 -568722 3.35047e-06 3.74129e-07
4.33818e+06 0.01414 -0.144237 1.98212e-13 -4.61698e-17 -129385 -569444 3.43149e-06 -4.42946e-07
4.33715e+06 0.0141826 -0.144662 2.03335e-13 -1.6027e-16 -129273 -569373 3.51798e-06 -1.5376e-06
4.33578e+06 0.0142261 -0.145096 2.06415e-13 -2.44366e-16 -129176 -569302 3.56897e-06 -2.3444e-06
4.25468e+06 0.0144709 -0.147564 -7.03804e-15 2.22891e-15 -130682 -569120 -1.20868e-07 2.13838e-05
4.26018e+06 0.0145076 -0.147926 -5.84735e-15 2.22475e-15 -130307 -569035 -1.00357e-07 2.13439e-05
4.26562e+06 0.0145443 -0.148289 -2.537e-14 2.30881e-15 -129931 -568951 -4.35881e-07 2.21503e-05
4.2708e+06 0.0145801 -0.148642 -2.96524e-14 2.40598e-15 -129580 -568871 -5.09332e-07 2.30826e-05
4.27473e+06 0.0146137 -0.148974 -3.17655e-14 2.41039e-15 -129382 -568809 -5.45435e-07 2.31249e-05
4.27794e+06 0.0146452 -0.149287 -3.09742e-14 2.40969e-15 -129230 -568755 -5.31567e-07 2.31182e-05
4.28085e+06 0.0146757 -0.14959 -3.11966e-14 2.40737e-15 -129115 -568706 -5.3519e-07 2.30959e-05
4.2837e+06 0.014706 -0.149893 -3.121e-14 2.40629e-15 -129007 -568658 -5.35139e-07 2.30855e-05
4.26913e+06 0.014752 -0.150354 -2.93048e-14 2.37862e-15 -129118 -568613 -5.02048e-07 2.28201e-05
4.27217e+06 0.0147827 -0.150658 -2.36386e-14 2.23026e-15 -128990 -568564 -4.04696e-07 2.13967e-05
4.27469e+06 0.0148141 -0.150971 1.78135e-16 1.66531e-15 -128894 -568517 3.41242e-09 1.59767e-05
4.27653e+06 0.0148472 -0.151301 1.33998e-14 1.38355e-15 -128802 -568469 2.29804e-07 1.32736e-05
4.27809e+06 0.0148804 -0.151631 1.41119e-14 1.35098e-15 -128708 -568421 2.41795e-07 1.29611e-05
4.27955e+06 0.0149136 -0.151962 1.4574e-14 1.34159e-15 -128618 -568374 2.49631e-07 1.2871e-05
4.28098e+06 0.0149469 -0.152293 1.45398e-14 1.33389e-15 -128528 -568328 2.48947e-07 1.27971e-05
4.28237e+06 0.01498 -0.152623 1.44475e-14 1.33454e-15 -128438 -568281 2.47266e-07 1.28033e-05
4.28375e+06 0.015013 -0.152951 1.43848e-14 1.33512e-15 -128348 -568235 2.46146e-07 1.28089e-05
4.26622e+06 0.0150477 -0.153364 1.53807e-14 1.33565e-15 -133241 -568679 2.62073e-07 1.2814e-05
4.26827e+06 0.015083 -0.153713 1.50091e-14 1.33519e-15 -133012 -568619 2.55641e-07 1.28096e-05
4.27005e+06 0.0151165 -0.154045 1.50254e-14 1.33405e-15 -132803 -568562 2.55844e-07 1.27987e-05
4.25291e+06 0.0151695 -0.154575 1.57474e-14 1.33597e-15 -132812 -568506 2.67872e-07 1.28171e-05
4.23911e+06 0.0152554 -0.155433 1.93013e-14 1.3212e-15 -132830 -568419 3.27796e-07 1.26754e-05
4.24149e+06 0.0152907 -0.155784 1.91014e-14 1.31797e-15 -132632 -568363 3.24289e-07 1.26443e-05
4.24341e+06 0.0153243 -0.156117 1.93233e-14 1.31789e-15 -132481 -568314 3.27978e-07 1.26437e-05
4.24517e+06 0.0153572 -0.156443 1.95545e-14 1.31654e-15 -132327 -568266 3.31689e-07 1.26307e-05
4.22916e+06 0.0153562 -0.156423 1.93207e-14 1.3159e-15 -132170 -567518 3.17821e-07 1.26245e-05
4.23213e+06 0.0153807 -0.156673 1.93114e-14 1.32004e-15 -131995 -568210 3.26909e-07 1.26642e-05
4.234e+06 0.0154134 -0.156997 1.95792e-14 1.31665e-15 -131837 -568163 3.3126e-07 1.26318e-05
4.23587e+06 0.0154462 -0.157323 1.96872e-14 1.31698e-15 -131684 -568116 3.32919e-07 1.26349e-05
4.2377e+06 0.015479 -0.157648 1.98444e-14 1.31697e-15 -131531 -568069 3.35378e-07 1.26348e-05
4.23952e+06 0.0155117 -0.157973 2.00047e-14 1.31717e-15 -131379 -568023 3.37888e-07 1.26367e-05
4.24132e+06 0.0155445 -0.158298 2.01695e-14 1.31745e-15 -131228 -567978 3.40471e-07 1.26394e-05
4.24305e+06 0.0155773 -0.158624 2.03721e-14 1.31754e-15 -131079 -567933 3.4376e-07 1.26402e-05
4.22679e+06 0.015574 -0.158628 2.04172e-14 1.31924e-15 -135674 -568011 3.44742e-07 1.26566e-05
4.22982e+06 0.015599 -0.1589 2.10794e-14 1.32023e-15 -135420 -568342 3.5463e-07 1.26661e-05
4.23177e+06 0.0156319 -0.159225 2.1526e-14 1.3173e-15 -135192 -568290 3.62088e-07 1.26379e-05
4.23365e+06 0.0156649 -0.159551 2.16781e-14 1.31753e-15 -134979 -568240 3.64533e-07 1.26402e-05
4.2184e+06 0.0156641 -0.159533 2.15372e-14 1.31996e-15 -134692 -567558 3.56144e-07 1.26635e-05
4.22155e+06 0.0156901 -0.159795 2.13076e-14 1.32051e-15 -134470 -568167 3.5781e-07 1.26688e-05
4.22355e+06 0.0157234 -0.160126 2.26291e-14 1.27981e-15 -134275 -568119 3.80329e-07 1.22783e-05
4.22528e+06 0.0157572 -0.16046 3.31189e-14 9.37235e-16 -134104 -568073 5.56407e-07 8.99167e-06
4.22661e+06 0.0157919 -0.160805 3.86093e-14 7.27964e-16 -133946 -568027 6.48331e-07 6.98396e-06
4.22784e+06 0.0158268 -0.161151 4.13945e-14 6.65404e-16 -133792 -567983 6.94832e-07 6.38377e-06
4.22901e+06 0.0158618 -0.161498 4.16055e-14 6.62267e-16 -133641 -567939 6.98106e-07 6.35368e-06
4.23011e+06 0.0158968 -0.161845 4.17007e-14 6.62302e-16 -133491 -567895 6.99416e-07 6.35402e-06
4.23114e+06 0.0159316 -0.16219 4.17904e-14 6.6265e-16 -133344 -567853 7.00638e-07 6.35735e-06
4.2321e+06 0.0159663 -0.162534 4.18703e-14 6.63076e-16 -133201 -567811 7.01708e-07 6.36144e-06
4.233e+06 0.016001 -0.162879 4.19567e-14 6.63578e-16 -133065 -567770 7.02916e-07 6.36626e-06
4.2339e+06 0.0160359 -0.163226 4.20317e-14 6.64384e-16 -132932 -567730 7.03854e-07 6.37399e-06
4.23476e+06 0.0160707 -0.163571 4.21451e-14 6.64813e-16 -132802 -567691 7.05462e-07 6.3781e-06
4.23558e+06 0.0161055 -0.163916 4.22566e-14 6.65507e-16 -132677 -567652 7.07034e-07 6.38477e-06
4.23635e+06 0.0161403 -0.164262 4.23306e-14 6.66767e-16 -132559 -567615 7.07929e-07 6.39685e-06
4.23713e+06 0.0161751 -0.164608 4.24264e-14 6.67826e-16 -132443 -567578 7.09253e-07 6.40701e-06
4.23788e+06 0.0162099 -0.164953 4.2541e-14 6.6877e-16 -132330 -567541 7.10832e-07 6.41607e-06
4.23861e+06 0.0162446 -0.165298 4.26765e-14 6.69476e-16 -132219 -567506 7.12789e-07 6.42284e-06
4.23931e+06 0.0162793 -0.165642 4.28066e-14 6.7038e-16 -132113 -567471 7.14688e-07 6.43151e-06
4.23997e+06 0.0163138 -0.165984 4.2949e-14 6.71213e-16 -132010 -567437 7.16747e-07 6.43951e-06
4.24059e+06 0.0163482 -0.166326 4.31137e-14 6.71858e-16 -131912 -567404 7.19148e-07 6.44569e-06
4.2412e+06 0.0163826 -0.166668 4.32789e-14 6.72486e-16 -131817 -567372 7.21564e-07 6.45172e-06
4.24176e+06 0.0164171 -0.16701 4.34514e-14 6.73042e-16 -131725 -567340 7.24096e-07 6.45705e-06
4.24231e+06 0.0164516 -0.167354 4.36183e-14 6.73757e-16 -131635 -567309 7.26621e-07 6.46392e-06
4.24283e+06 0.0164862 -0.167697 4.37951e-14 6.74386e-16 -131549 -567279 7.29211e-07 6.46995e-06
4.24332e+06 0.0165206 -0.168039 4.39711e-14 6.75132e-16 -131467 -567249 7.31823e-07 6.47711e-06
4.24378e+06 0.016555 -0.168381 4.41587e-14 6.75798e-16 -131387 -567220 7.3461e-07 6.4835e-06
4.24424e+06 0.0165894 -0.168723 4.43456e-14 6.76502e-16 -131309 -567191 7.37367e-07 6.49025e-06
4.24468e+06 0.0166238 -0.169064 4.45387e-14 6.77168e-16 -131231 -567163 7.4019e-07 6.49664e-06
4.24511e+06 0.0166581 -0.169405 4.47268e-14 6.7796e-16 -131153 -567136 7.43064e-07 6.50423e-06
4.24553e+06 0.0166924 -0.169746 4.49212e-14 6.78728e-16 -131076 -567108 7.45888e-07 6.5116e-06
4.24593e+06 0.0167267 -0.170086 4.51253e-14 6.79513e-16 -130999 -567082 7.48951e-07 6.51913e-06
4.24631e+06 0.0167611 -0.170428 4.52899e-14 6.66676e-16 -130925 -567055 7.51359e-07 6.39598e-06
4.2467e+06 0.0167956 -0.170771 4.54272e-14 6.56129e-16 -130851 -567029 7.53265e-07 6.29479e-06
4.24706e+06 0.01683 -0.171113 4.53993e-14 6.58562e-16 -130780 -567004 7.52414e-07 6.31813e-06
4.24742e+06 0.0168645 -0.171456 4.55044e-14 6.59479e-16 -130709 -566979 7.53855e-07 6.32693e-06
4.24777e+06 0.016899 -0.171799 4.5638e-14 6.6025e-16 -130641 -566954 7.55776e-07 6.33433e-06
4.24811e+06 0.0169335 -0.172141 4.57866e-14 6.61044e-16 -130573 -566931 7.57878e-07 6.34195e-06
4.24844e+06 0.0169679 -0.172483 4.59489e-14 6.61874e-16 -130506 -566907 7.60199e-07 6.34991e-06
4.24877e+06 0.0170023 -0.172825 4.61206e-14 6.62629e-16 -130439 -566884 7.6268e-07 6.35715e-06
4.24909e+06 0.0170367 -0.173167 4.63007e-14 6.63386e-16 -130374 -566861 7.653e-07 6.36442e-06
4.24939e+06 0.0170711 -0.173509 4.64891e-14 6.64169e-16 -130309 -566839 7.68043e-07 6.37193e-06
4.2497e+06 0.0171056 -0.173851 4.66813e-14 6.64918e-16 -130245 -566817 7.70859e-07 6.37911e-06
4.25e+06 0.01714 -0.174193 4.68811e-14 6.65653e-16 -130181 -566796 7.73798e-07 6.38616e-06
4.25028e+06 0.0171744 -0.174535 4.70917e-14 6.66304e-16 -130117 -566774 7.7689e-07 6.39241e-06
4.25057e+06 0.0172089 -0.174877 4.73029e-14 6.66994e-16 -130054 -566754 7.80004e-07 6.39903e-06
4.25085e+06 0.0172433 -0.175219 4.74937e-14 6.67248e-16 -129991 -566733 7.82791e-07 6.40147e-06
4.25112e+06 0.0172777 -0.175561 4.77166e-14 6.64961e-16 -129928 -566713 7.86073e-07 6.37952e-06
4.2514e+06 0.0173121 -0.175903 4.78988e-14 6.66304e-16 -129866 -566694 7.88707e-07 6.39241e-06
4.25167e+06 0.0173465 -0.176245 4.81174e-14 6.67126e-16 -129804 -566674 7.91944e-07 6.4003e-06
4.25194e+06 0.0173809 -0.176586 4.83342e-14 6.68007e-16 -129742 -566655 7.95102e-07 6.40875e-06
4.25221e+06 0.0174152 -0.176927 4.85634e-14 6.6878e-16 -129681 -566637 7.98485e-07 6.41617e-06
4.25247e+06 0.0174496 -0.177269 4.87973e-14 6.69557e-16 -129620 -566619 8.01992e-07 6.42362e-06
4.25273e+06 0.0174839 -0.17761 4.90367e-14 6.70335e-16 -129559 -566601 8.05536e-07 6.43108e-06
4.25299e+06 0.0175182 -0.17795 4.92748e-14 6.71181e-16 -129498 -566583 8.09028e-07 6.4392e-06
4.25325e+06 0.0175525 -0.178291 4.95218e-14 6.71965e-16 -129438 -566566 8.12739e-07 6.44672e-06
4.2535e+06 0.0175868 -0.178632 4.9772e-14 6.72757e-16 -129378 -566550 8.16421e-07 6.45432e-06
4.25375e+06 0.0176211 -0.178972 5.0021e-14 6.73669e-16 -129318 -566533 8.20124e-07 6.46307e-06
4.254e+06 0.0176553 -0.179312 5.02782e-14 6.74501e-16 -129260 -566517 8.23937e-07 6.47105e-06
4.25423e+06 0.0176895 -0.179651 5.05332e-14 6.7543e-16 -129202 -566502 8.27698e-07 6.47997e-06
4.25447e+06 0.0177237 -0.179991 5.07983e-14 6.76244e-16 -129144 -566487 8.31613e-07 6.48777e-06
4.25469e+06 0.0177578 -0.18033 5.10986e-14 6.76966e-16 -129087 -566472 8.36102e-07 6.4947e-06
4.25491e+06 0.017792 -0.180669 5.13801e-14 6.77826e-16 -129031 -566458 8.40395e-07 6.50295e-06
4.21593e+06 0.0177869 -0.180613 5.06161e-14 6.69328e-16 -133647 -564670 7.95735e-07 6.42142e-06
4.2224e+06 0.0177887 -0.180674 5.05307e-14 6.69598e-16 -133402 -566531 8.0435e-07 6.42401e-06
4.22507e+06 0.0178128 -0.180935 5.01571e-14 6.74818e-16 -133233 -566873 8.14623e-07 6.47409e-06
4.22585e+06 0.0178471 -0.181275 5.05109e-14 6.72693e-16 -133105 -566852 8.20066e-07 6.4537e-06
4.22646e+06 0.0178813 -0.181614 5.07799e-14 6.73414e-16 -132991 -566833 8.24068e-07 6.46062e-06
4.22709e+06 0.0179154 -0.181952 5.10148e-14 6.74194e-16 -132878 -566814 8.27524e-07 6.46811e-06
4.22771e+06 0.0179496 -0.18229 5.12396e-14 6.75006e-16 -132765 -566795 8.3074e-07 6.4759e-06
4.22835e+06 0.0179837 -0.182628 5.14495e-14 6.75856e-16 -132652 -566777 8.33759e-07 6.48405e-06
4.22896e+06 0.0180178 -0.182966 5.1676e-14 6.76693e-16 -132539 -566759 8.37077e-07 6.49209e-06
4.22959e+06 0.0180519 -0.183304 5.19116e-14 6.77557e-16 -132427 -566742 8.4054e-07 6.50037e-06
4.23019e+06 0.018086 -0.183642 5.21621e-14 6.78289e-16 -132315 -566724 8.442e-07 6.5074e-06
4.2308e+06 0.0181202 -0.183981 5.24045e-14 6.79229e-16 -132205 -566708 8.47693e-07 6.51641e-06
4.23137e+06 0.0181545 -0.18432 5.26606e-14 6.80043e-16 -132097 -566691 8.51447e-07 6.52422e-06
4.23194e+06 0.0181889 -0.184661 5.29166e-14 6.80979e-16 -131991 -566676 8.55136e-07 6.5332e-06
4.23249e+06 0.0182233 -0.185002 5.31833e-14 6.81884e-16 -131886 -566660 8.59138e-07 6.54188e-06
4.23304e+06 0.0182578 -0.185344 5.34531e-14 6.82765e-16 -131782 -566645 8.63096e-07 6.55034e-06
4.23358e+06 0.0182923 -0.185685 5.37247e-14 6.83719e-16 -131679 -566631 8.67039e-07 6.55949e-06
4.23409e+06 0.0183268 -0.186027 5.40074e-14 6.84654e-16 -131578 -566617 8.71158e-07 6.56846e-06
4.23459e+06 0.0183614 -0.18637 5.42914e-14 6.85658e-16 -131481 -566604 8.7537e-07 6.57809e-06
4.23507e+06 0.0183959 -0.186712 5.45843e-14 6.86589e-16 -131387 -566591 8.79692e-07 6.58703e-06
4.23552e+06 0.0184304 -0.187053 5.48726e-14 6.8768e-16 -131297 -566579 8.83891e-07 6.59749e-06
4.23592e+06 0.0184646 -0.187393 5.51805e-14 6.88564e-16 -131214 -566568 8.88409e-07 6.60597e-06
4.23631e+06 0.0184989 -0.187732 5.54871e-14 6.89516e-16 -131131 -566557 8.92913e-07 6.61511e-06
4.2367e+06 0.0185331 -0.188072 5.57967e-14 6.90449e-16 -131050 -566547 8.97453e-07 6.62406e-06
4.23709e+06 0.0185673 -0.18841 5.60975e-14 6.91455e-16 -130968 -566537 9.01891e-07 6.63371e-06
4.23748e+06 0.0186014 -0.188749 5.64215e-14 6.92376e-16 -130886 -566528 9.06657e-07 6.64254e-06
4.23785e+06 0.0186356 -0.189087 5.6736e-14 6.93438e-16 -130806 -566518 9.11292e-07 6.65273e-06
4.23821e+06 0.0186696 -0.189425 5.70644e-14 6.94399e-16 -130729 -566510 9.16079e-07 6.66195e-06
4.23854e+06 0.0187038 -0.189763 5.73982e-14 6.95395e-16 -130653 -566502 9.20954e-07 6.67151e-06
4.2389e+06 0.0187379 -0.190102 5.77296e-14 6.96438e-16 -130578 -566494 9.25829e-07 6.68151e-06
4.23924e+06 0.0187721 -0.19044 5.80664e-14 6.97444e-16 -130502 -566486 9.30762e-07 6.69116e-06
4.21301e+06 0.0187692 -0.190384 5.68024e-14 6.89109e-16 -130386 -564448 8.5702e-07 6.6112e-06
4.21753e+06 0.0187764 -0.190481 5.61759e-14 6.95953e-16 -130257 -566461 8.8966e-07 6.67685e-06
4.2181e+06 0.0188099 -0.190812 5.61673e-14 6.96218e-16 -130183 -566455 8.99614e-07 6.6794e-06
4.21863e+06 0.0188435 -0.191145 5.63659e-14 6.96129e-16 -130112 -566448 9.02306e-07 6.67855e-06
4.21914e+06 0.0188771 -0.191479 5.65564e-14 6.97074e-16 -130044 -566442 9.04925e-07 6.68762e-06
4.21962e+06 0.0189106 -0.191811 5.67835e-14 6.97827e-16 -129978 -566437 9.08083e-07 6.69483e-06
4.22001e+06 0.0189439 -0.192141 5.70179e-14 6.98777e-16 -129913 -566432 9.11357e-07 6.70395e-06
4.22038e+06 0.0189771 -0.19247 5.72552e-14 6.998e-16 -129848 -566427 9.14719e-07 6.71377e-06
4.22075e+06 0.0190103 -0.192799 5.75113e-14 7.00595e-16 -129783 -566422 9.18335e-07 6.7214e-06
4.22111e+06 0.0190435 -0.193128 5.77697e-14 7.01495e-16 -129718 -566418 9.21995e-07 6.73003e-06
4.22147e+06 0.0190767 -0.193457 5.80517e-14 7.02412e-16 -129654 -566414 9.26048e-07 6.73882e-06
4.22182e+06 0.0191098 -0.193785 5.7853e-14 6.89016e-16 -129590 -566410 9.22431e-07 6.61031e-06
4.22217e+06 0.019143 -0.194114 5.76173e-14 6.79495e-16 -129526 -566407 9.18204e-07 6.51896e-06
4.22252e+06 0.0191762 -0.194443 5.75134e-14 6.82835e-16 -129462 -566404 9.16094e-07 6.551e-06
4.22283e+06 0.0192094 -0.194772 5.76597e-14 6.83746e-16 -129399 -566401 9.17964e-07 6.55974e-06
4.22317e+06 0.0192426 -0.195102 5.78549e-14 6.8467e-16 -129336 -566399 9.20605e-07 6.56861e-06
4.22348e+06 0.019276 -0.195432 5.80879e-14 6.85601e-16 -129275 -566397 9.23792e-07 6.57754e-06
4.22378e+06 0.0193093 -0.195762 5.83367e-14 6.86664e-16 -129213 -566395 9.2735e-07 6.58774e-06
4.22406e+06 0.0193426 -0.196092 5.86158e-14 6.87576e-16 -129153 -566394 9.3133e-07 6.59649e-06
4.22433e+06 0.0193758 -0.196422 5.89072e-14 6.88512e-16 -129093 -566393 9.35484e-07 6.60547e-06
4.22459e+06 0.019409 -0.196751 5.92079e-14 6.89478e-16 -129035 -566392 9.3977e-07 6.61474e-06
4.22483e+06 0.0194422 -0.19708 5.95197e-14 6.90483e-16 -128978 -566392 9.44186e-07 6.62438e-06
4.22506e+06 0.0194754 -0.197409 5.9842e-14 6.91515e-16 -128923 -566392 9.4885e-07 6.63428e-06
4.22529e+06 0.0195087 -0.197739 6.01788e-14 6.92435e-16 -128869 -566392 9.53718e-07 6.64311e-06
4.22551e+06 0.0195419 -0.198068 6.05214e-14 6.93363e-16 -128814 -566393 9.58687e-07 6.65201e-06
4.22573e+06 0.0195752 -0.198398 6.08778e-14 6.94403e-16 -128760 -566394 9.63817e-07 6.66199e-06
4.22594e+06 0.0196085 -0.198729 6.12363e-14 6.9545e-16 -128707 -566396 9.69034e-07 6.67203e-06
4.22614e+06 0.0196419 -0.19906 6.15968e-14 6.96558e-16 -128654 -566397 9.74149e-07 6.68266e-06
4.22634e+06 0.0196754 -0.199391 6.19681e-14 6.97629e-16 -128603 -566400 9.79569e-07 6.69294e-06
4.22653e+06 0.0197088 -0.199723 6.23454e-14 6.98632e-16 -128553 -566402 9.85026e-07 6.70256e-06
4.22671e+06 0.0197422 -0.200054 6.2734e-14 6.99642e-16 -128503 -566405 9.90643e-07 6.71225e-06
4.22687e+06 0.0197757 -0.200386 6.31235e-14 7.00709e-16 -128455 -566408 9.96253e-07 6.72248e-06
4.22704e+06 0.0198091 -0.200717 6.35193e-14 7.01807e-16 -128407 -566412 1.00204e-06 6.73302e-06
4.22719e+06 0.0198426 -0.201049 6.39261e-14 7.02874e-16 -128360 -566416 1.00791e-06 6.74325e-06
4.22733e+06 0.0198761 -0.201382 6.43427e-14 7.03861e-16 -128314 -566420 1.01397e-06 6.75272e-06
4.22747e+06 0.0199097 -0.201714 6.47642e-14 7.04826e-16 -128268 -566424 1.02013e-06 6.76199e-06
4.2276e+06 0.0199433 -0.202047 6.51857e-14 7.05806e-16 -128223 -566429 1.02617e-06 6.77139e-06
4.22772e+06 0.0199768 -0.20238 6.56125e-14 7.06755e-16 -128178 -566434 1.03236e-06 6.78049e-06
4.22784e+06 0.0200104 -0.202712 6.60378e-14 7.07713e-16 -128134 -566440 1.03848e-06 6.78968e-06
4.22795e+06 0.0200439 -0.203045 6.64666e-14 7.08624e-16 -128090 -566446 1.0447e-06 6.79842e-06
4.22806e+06 0.0200774 -0.203377 6.68942e-14 7.09491e-16 -128047 -566452 1.05089e-06 6.80674e-06
4.22817e+06 0.0201109 -0.203709 6.73286e-14 7.10193e-16 -128004 -566458 1.05716e-06 6.81347e-06
4.22827e+06 0.0201444 -0.204041 6.77504e-14 7.1107e-16 -127961 -566465 1.06321e-06 6.82189e-06
4.22836e+06 0.0201779 -0.204373 6.81649e-14 7.11808e-16 -127919 -566472 1.06913e-06 6.82896e-06
4.22845e+06 0.0202114 -0.204705 6.85961e-14 7.12468e-16 -127877 -566479 1.07534e-06 6.8353e-06
4.22854e+06 0.0202449 -0.205037 6.90061e-14 7.12978e-16 -127836 -566486 1.08118e-06 6.84019e-06
4.22863e+06 0.0202783 -0.205369 6.93963e-14 7.13418e-16 -127795 -566494 1.0868e-06 6.84441e-06
4.22872e+06 0.0203118 -0.2057 6.97753e-14 7.13634e-16 -127754 -566502 1.09213e-06 6.84649e-06
4.21084e+06 0.0203082 -0.205701 6.72308e-14 7.04308e-16 -132397 -566474 9.88541e-07 6.75701e-06
4.21283e+06 0.0203305 -0.205952 6.57747e-14 7.07749e-16 -132226 -566962 1.02506e-06 6.79003e-06
4.21331e+06 0.0203639 -0.206282 6.62523e-14 7.06121e-16 -132082 -566960 1.03213e-06 6.77441e-06
4.21374e+06 0.0203971 -0.20661 6.66293e-14 7.07127e-16 -131957 -566960 1.03757e-06 6.78406e-06
4.21411e+06 0.0204303 -0.206938 6.70146e-14 7.08158e-16 -131839 -566961 1.04315e-06 6.79395e-06
4.21443e+06 0.0204634 -0.207265 6.74009e-14 7.09268e-16 -131737 -566964 1.04873e-06 6.8046e-06
4.19694e+06 0.0204622 -0.20724 6.67854e-14 7.12374e-16 -131617 -566054 1.01313e-06 6.83439e-06
4.19919e+06 0.0204848 -0.207474 6.64224e-14 7.12407e-16 -131496 -566948 1.0331e-06 6.83472e-06
4.19991e+06 0.0205184 -0.207806 6.68619e-14 7.09463e-16 -131396 -566952 1.03941e-06 6.80647e-06
4.20047e+06 0.0205523 -0.208141 6.72649e-14 7.10238e-16 -131298 -566956 1.04523e-06 6.8139e-06
4.20102e+06 0.0205859 -0.208474 6.77552e-14 7.11219e-16 -131203 -566961 1.05231e-06 6.82332e-06
4.20153e+06 0.0206194 -0.208805 6.82725e-14 7.12105e-16 -131107 -566965 1.05992e-06 6.83181e-06
4.202e+06 0.0206528 -0.209135 6.88023e-14 7.1307e-16 -131013 -566971 1.06762e-06 6.84107e-06
4.20247e+06 0.0206862 -0.209465 6.93431e-14 7.14003e-16 -130918 -566976 1.07555e-06 6.85002e-06
4.20295e+06 0.0207196 -0.209795 6.98944e-14 7.14787e-16 -130824 -566981 1.08356e-06 6.85755e-06
4.20341e+06 0.020753 -0.210125 7.04419e-14 7.15667e-16 -130730 -566987 1.09156e-06 6.866e-06
4.20387e+06 0.0207864 -0.210455 7.0991e-14 7.16381e-16 -130637 -566994 1.09955e-06 6.87284e-06
4.20432e+06 0.0208198 -0.210786 7.15338e-14 7.17004e-16 -130547 -567000 1.10749e-06 6.87881e-06
4.20473e+06 0.0208533 -0.211117 7.20666e-14 7.17289e-16 -130460 -567008 1.11515e-06 6.88155e-06
4.20517e+06 0.0208868 -0.211449 7.25583e-14 7.17362e-16 -130376 -567016 1.12229e-06 6.88225e-06
4.20556e+06 0.0209203 -0.21178 7.30083e-14 7.16876e-16 -130298 -567024 1.12872e-06 6.87759e-06
4.20592e+06 0.0209537 -0.212111 7.33813e-14 7.1588e-16 -130227 -567034 1.1339e-06 6.86803e-06
4.20626e+06 0.0209872 -0.212442 7.36592e-14 7.14012e-16 -130158 -567044 1.13762e-06 6.85011e-06
4.20661e+06 0.0210207 -0.212774 7.37926e-14 7.1116e-16 -130090 -567054 1.1392e-06 6.82275e-06
4.20694e+06 0.0210542 -0.213105 7.3748e-14 7.06877e-16 -130026 -567065 1.13792e-06 6.78166e-06
4.20724e+06 0.0210876 -0.213436 7.34674e-14 7.01204e-16 -129967 -567077 1.13306e-06 6.72723e-06
4.20752e+06 0.0211209 -0.213766 7.29003e-14 6.93494e-16 -129909 -567089 1.12376e-06 6.65327e-06
4.20778e+06 0.0211542 -0.214095 7.19855e-14 6.83394e-16 -129852 -567102 1.10913e-06 6.55637e-06
4.20802e+06 0.0211874 -0.214424 6.93714e-14 6.67373e-16 -129796 -567114 1.06834e-06 6.40267e-06
4.20824e+06 0.0212206 -0.214752 6.72502e-14 6.51454e-16 -129740 -567127 1.03519e-06 6.24994e-06
4.20846e+06 0.0212537 -0.21508 6.46342e-14 6.32456e-16 -129685 -567140 9.94456e-07 6.06768e-06
4.20866e+06 0.0212868 -0.215408 6.14887e-14 6.09951e-16 -129630 -567154 9.45634e-07 5.85177e-06
4.20883e+06 0.0213199 -0.215735 5.82749e-14 5.8411e-16 -129578 -567167 8.9575e-07 5.60385e-06
4.18476e+06 0.0214282 -0.216815 8.42869e-14 2.90282e-16 -129872 -567262 1.29271e-06 2.78492e-06
4.18658e+06 0.0214661 -0.217188 8.68017e-14 2.59594e-16 -129687 -567266 1.33069e-06 2.4905e-06
4.18716e+06 0.0215 -0.217524 8.84768e-14 2.36343e-16 -129629 -567281 1.35561e-06 2.26743e-06
4.18726e+06 0.0215346 -0.217867 8.62238e-14 3.138e-16 -129596 -567299 1.32042e-06 3.01055e-06
4.1872e+06 0.0215696 -0.218213 8.77773e-14 2.93143e-16 -129562 -567318 1.34351e-06 2.81237e-06
4.17528e+06 0.0215959 -0.21852 8.90491e-14 2.66172e-16 -132499 -567633 1.35833e-06 2.55361e-06
4.17573e+06 0.0216317 -0.218872 9.04435e-14 2.4534e-16 -132309 -567637 1.37905e-06 2.35375e-06
4.17596e+06 0.0216666 -0.219216 9.17553e-14 2.24843e-16 -132146 -567643 1.39842e-06 2.1571e-06
4.17605e+06 0.0217016 -0.219561 9.31459e-14 2.05281e-16 -132006 -567652 1.41899e-06 1.96943e-06
4.17603e+06 0.0217367 -0.219907 9.45704e-14 1.85395e-16 -131877 -567662 1.44007e-06 1.77865e-06
4.17589e+06 0.0217717 -0.220253 9.59105e-14 1.6671e-16 -131765 -567674 1.45975e-06 1.59939e-06
4.14549e+06 0.0218988 -0.221523 1.02588e-13 1.15756e-16 -132392 -567825 1.55701e-06 1.11054e-06
4.14752e+06 0.021939 -0.221917 1.04654e-13 1.02749e-16 -132065 -567820 1.5878e-06 9.8576e-07
4.08628e+06 0.022138 -0.223906 7.4904e-14 4.00689e-16 -133026 -568062 1.13176e-06 3.84415e-06
4.08969e+06 0.0221782 -0.2243 7.63971e-14 3.93471e-16 -132695 -568059 1.15399e-06 3.7749e-06
4.07408e+06 0.0222335 -0.22485 7.95337e-14 4.05223e-16 -132719 -568103 1.20018e-06 3.88764e-06
4.0772e+06 0.0222742 -0.225249 8.18582e-14 3.84811e-16 -132435 -568105 1.23472e-06 3.69181e-06
4.06758e+06 0.0223225 -0.225728 8.52038e-14 3.9917e-16 -132438 -568143 1.28413e-06 3.82957e-06
4.06975e+06 0.0223594 -0.226092 8.7411e-14 3.88222e-16 -132291 -568157 1.31674e-06 3.72454e-06
4.07127e+06 0.0223962 -0.226455 8.86158e-14 3.9012e-16 -132168 -568174 1.33421e-06 3.74275e-06
4.07234e+06 0.0224323 -0.226811 8.9481e-14 3.88848e-16 -132058 -568191 1.34656e-06 3.73054e-06
4.07303e+06 0.0224688 -0.227171 8.99347e-14 3.88639e-16 -131960 -568210 1.35268e-06 3.72854e-06
4.07342e+06 0.0225052 -0.227531 9.02182e-14 3.88372e-16 -131864 -568230 1.35622e-06 3.72598e-06
4.07361e+06 0.0225417 -0.227892 9.04287e-14 3.87761e-16 -131776 -568251 1.35871e-06 3.72012e-06
4.0736e+06 0.0225784 -0.228255 9.05923e-14 3.87108e-16 -131706 -568274 1.36047e-06 3.71385e-06
4.07338e+06 0.0226153 -0.22862 9.07119e-14 3.85605e-16 -131661 -568300 1.36144e-06 3.69943e-06
4.0729e+06 0.0226528 -0.228992 9.07776e-14 3.85117e-16 -131631 -568329 1.36162e-06 3.69475e-06
4.07222e+06 0.022691 -0.22937 9.08132e-14 3.84615e-16 -131610 -568359 1.36127e-06 3.68993e-06
4.07119e+06 0.0227303 -0.22976 9.08127e-14 3.84188e-16 -131594 -568391 1.36039e-06 3.68583e-06
4.06975e+06 0.0227706 -0.230159 9.07145e-14 3.83967e-16 -131581 -568424 1.35804e-06 3.68372e-06
4.06803e+06 0.0228116 -0.230566 9.05668e-14 3.83468e-16 -131571 -568458 1.35494e-06 3.67893e-06
3.89878e+06 0.0230705 -0.23626 8.6942e-14 3.73298e-16 -136640 -555174 1.04106e-06 3.58136e-06
3.90132e+06 0.0231115 -0.236665 8.72808e-14 3.68172e-16 -136417 -555222 1.04446e-06 3.53218e-06
3.90379e+06 0.0231528 -0.237072 8.63752e-14 3.68678e-16 -136201 -555271 1.03272e-06 3.53703e-06
3.90625e+06 0.023194 -0.237478 8.56599e-14 3.67649e-16 -135986 -555321 1.02341e-06 3.52716e-06
3.9087e+06 0.0232352 -0.237884 8.49951e-14 3.65835e-16 -135772 -555370 1.01464e-06 3.50976e-06
3.91114e+06 0.0232763 -0.23829 8.43679e-14 3.62929e-16 -135556 -555420 1.00634e-06 3.48188e-06
3.91352e+06 0.0233174 -0.238695 8.3665e-14 3.58971e-16 -135341 -555469 9.97788e-07 3.44391e-06
3.91566e+06 0.0233581 -0.239092 8.28729e-14 3.52463e-16 -135119 -555509 9.89035e-07 3.38147e-06
3.91738e+06 0.0233973 -0.239473 8.20395e-14 3.45638e-16 -134875 -555545 9.78886e-07 3.31599e-06
3.9189e+06 0.0234359 -0.239849 8.11755e-14 3.28714e-16 -134624 -555578 9.68386e-07 3.15363e-06
3.92038e+06 0.0234745 -0.240224 8.02692e-14 3.08221e-16 -134380 -555613 9.57429e-07 2.95702e-06
3.92165e+06 0.0235124 -0.240594 7.9555e-14 2.83614e-16 -134185 -555652 9.48639e-07 2.72094e-06
3.92259e+06 0.0235492 -0.240956 7.92117e-14 2.61438e-16 -134077 -555699 9.44245e-07 2.50819e-06
3.89893e+06 0.0236563 -0.242021 2.99598e-14 6.60768e-16 -134489 -555911 3.5749e-07 6.3393e-06
3.89209e+06 0.0236873 -0.242383 2.84334e-14 6.77094e-16 -137172 -556242 3.3775e-07 6.49593e-06
3.89525e+06 0.0237195 -0.242696 2.88239e-14 6.6778e-16 -136906 -556265 3.43221e-07 6.40657e-06
3.88661e+06 0.0237628 -0.243121 2.99969e-14 6.75249e-16 -136865 -556330 3.56049e-07 6.47823e-06
3.88976e+06 0.0237929 -0.243414 2.97287e-14 6.62086e-16 -136684 -556359 3.52782e-07 6.35195e-06
3.89241e+06 0.0238225 -0.243704 3.10557e-14 6.18292e-16 -136534 -556391 3.68382e-07 5.93179e-06
3.89445e+06 0.0238535 -0.244006 4.53679e-14 3.00574e-16 -136391 -556426 5.37118e-07 2.88366e-06
3.89586e+06 0.0238862 -0.244327 4.61089e-14 2.59874e-16 -136255 -556465 5.45711e-07 2.49319e-06
3.89716e+06 0.0239191 -0.244648 4.40657e-14 2.59883e-16 -136118 -556504 5.2149e-07 2.49328e-06
3.89832e+06 0.0239519 -0.244968 4.10439e-14 2.61181e-16 -135988 -556544 4.85743e-07 2.50573e-06
3.89929e+06 0.0239847 -0.245289 3.76689e-14 2.6159e-16 -135849 -556582 4.45827e-07 2.50966e-06
3.90014e+06 0.0240177 -0.245612 3.58864e-14 2.61515e-16 -135709 -556622 4.24712e-07 2.50893e-06
3.90091e+06 0.0240508 -0.245936 3.54574e-14 2.61239e-16 -135577 -556662 4.19539e-07 2.50628e-06
3.84635e+06 0.0242426 -0.247864 2.80691e-14 2.58385e-16 -137183 -557147 3.30801e-07 2.4789e-06
3.85279e+06 0.0242742 -0.248168 2.78326e-14 2.55032e-16 -136810 -557160 3.27491e-07 2.44673e-06
3.85855e+06 0.024304 -0.248455 2.78267e-14 2.61085e-16 -136451 -557173 3.27425e-07 2.50481e-06
3.86274e+06 0.0243318 -0.248723 2.61823e-14 2.63023e-16 -136138 -557186 3.04433e-07 2.5234e-06
3.86544e+06 0.0243587 -0.248986 2.62571e-14 2.59588e-16 -135990 -557216 3.0535e-07 2.49045e-06
3.86762e+06 0.0243865 -0.249256 2.38251e-14 2.5924e-16 -135861 -557249 2.71226e-07 2.48711e-06
3.86952e+06 0.0244146 -0.249531 2.35181e-14 2.60689e-16 -135726 -557282 2.66904e-07 2.50101e-06
3.87124e+06 0.0244432 -0.249809 2.35062e-14 2.60197e-16 -135594 -557316 2.66686e-07 2.49629e-06
3.87295e+06 0.0244718 -0.250088 2.31048e-14 2.60948e-16 -135464 -557351 2.72543e-07 2.50349e-06
3.87462e+06 0.0245003 -0.250367 2.17107e-14 2.58405e-16 -135336 -557386 2.56194e-07 2.47909e-06
3.87642e+06 0.0245285 -0.250642 2.14427e-14 2.58992e-16 -135207 -557420 2.53043e-07 2.48473e-06
3.87816e+06 0.0245568 -0.250919 2.12923e-14 2.59049e-16 -135079 -557454 2.51202e-07 2.48527e-06
3.87989e+06 0.024585 -0.251195 2.11889e-14 2.5906e-16 -134951 -557489 2.49987e-07 2.48538e-06
3.88162e+06 0.0246133 -0.251472 2.11002e-14 2.59164e-16 -134824 -557524 2.48852e-07 2.48638e-06
3.88332e+06 0.0246415 -0.251747 2.10245e-14 2.59703e-16 -134702 -557559 2.47943e-07 2.49155e-06
3.88494e+06 0.0246692 -0.252018 2.09469e-14 2.60021e-16 -134606 -557596 2.46968e-07 2.4946e-06
3.88654e+06 0.0246967 -0.252288 2.08894e-14 2.60368e-16 -134518 -557634 2.46262e-07 2.49793e-06
3.88813e+06 0.0247241 -0.252556 2.0844e-14 2.60419e-16 -134437 -557673 2.45658e-07 2.49842e-06
3.88969e+06 0.0247513 -0.252824 2.08113e-14 2.60452e-16 -134363 -557712 2.45229e-07 2.49873e-06
3.89126e+06 0.0247785 -0.253091 2.07861e-14 2.60512e-16 -134292 -557751 2.44843e-07 2.49931e-06
3.89281e+06 0.0248057 -0.253357 2.07763e-14 2.60413e-16 -134223 -557791 2.44712e-07 2.49836e-06
3.89436e+06 0.0248328 -0.253623 2.07576e-14 2.60464e-16 -134155 -557831 2.44348e-07 2.49885e-06
3.89591e+06 0.0248599 -0.25389 2.0746e-14 2.6047e-16 -134087 -557871 2.44203e-07 2.49891e-06
3.89744e+06 0.024887 -0.254155 2.07314e-14 2.60635e-16 -134019 -557911 2.43963e-07 2.50049e-06
3.89897e+06 0.024914 -0.254421 2.07372e-14 2.60593e-16 -133953 -557951 2.4397e-07 2.50008e-06
3.90048e+06 0.024941 -0.254686 2.07221e-14 2.60822e-16 -133888 -557991 2.43737e-07 2.50228e-06
3.90197e+06 0.024968 -0.254951 2.07304e-14 2.60789e-16 -133826 -558032 2.43737e-07 2.50197e-06
3.90345e+06 0.0249949 -0.255216 2.07274e-14 2.60907e-16 -133765 -558072 2.43672e-07 2.5031e-06
3.90492e+06 0.0250219 -0.25548 2.07353e-14 2.60937e-16 -133706 -558113 2.43657e-07 2.50339e-06
3.90638e+06 0.0250487 -0.255744 2.07421e-14 2.60979e-16 -133650 -558155 2.43665e-07 2.50379e-06
3.90783e+06 0.0250755 -0.256007 2.08074e-14 2.59759e-16 -133602 -558197 2.44385e-07 2.49209e-06
3.90927e+06 0.0251022 -0.25627 2.08105e-14 2.59923e-16 -133555 -558239 2.44305e-07 2.49366e-06
3.9107e+06 0.0251289 -0.256532 2.0887e-14 2.58658e-16 -133508 -558281 2.45142e-07 2.48152e-06
3.91213e+06 0.0251556 -0.256795 2.08881e-14 2.58897e-16 -133463 -558324 2.45076e-07 2.48381e-06
3.91353e+06 0.0251823 -0.257057 2.09061e-14 2.58908e-16 -133418 -558366 2.45207e-07 2.48392e-06
3.91492e+06 0.0252089 -0.257319 2.09209e-14 2.59011e-16 -133375 -558409 2.45323e-07 2.4849e-06
3.91628e+06 0.0252355 -0.257581 2.09462e-14 2.59027e-16 -133334 -558452 2.45549e-07 2.48506e-06
3.91761e+06 0.025262 -0.257842 2.09586e-14 2.591e-16 -133297 -558495 2.45578e-07 2.48576e-06
3.91891e+06 0.0252885 -0.258103 2.09779e-14 2.59123e-16 -133260 -558539 2.45731e-07 2.48598e-06
3.9202e+06 0.025315 -0.258363 2.09979e-14 2.5923e-16 -133225 -558582 2.45869e-07 2.48701e-06
3.92149e+06 0.0253414 -0.258624 2.10175e-14 2.59288e-16 -133190 -558626 2.46029e-07 2.48757e-06
3.92277e+06 0.0253679 -0.258884 2.10441e-14 2.59148e-16 -133156 -558670 2.46211e-07 2.48623e-06
3.92403e+06 0.0253943 -0.259145 2.10656e-14 2.59234e-16 -133121 -558713 2.46415e-07 2.48704e-06
3.9253e+06 0.0254208 -0.259405 2.10848e-14 2.59254e-16 -133088 -558758 2.46589e-07 2.48724e-06
3.92656e+06 0.0254473 -0.259666 2.1113e-14 2.59165e-16 -133054 -558802 2.46822e-07 2.48639e-06
3.92781e+06 0.0254738 -0.259926 2.11343e-14 2.59205e-16 -133021 -558846 2.47019e-07 2.48677e-06
3.92906e+06 0.0255002 -0.260187 2.11614e-14 2.5916e-16 -132988 -558890 2.4723e-07 2.48634e-06
3.93031e+06 0.0255267 -0.260448 2.1189e-14 2.59035e-16 -132954 -558935 2.47484e-07 2.48514e-06
3.93155e+06 0.0255532 -0.260709 2.12138e-14 2.58965e-16 -132921 -558979 2.4771e-07 2.48447e-06
3.93279e+06 0.0255797 -0.26097 2.12372e-14 2.58856e-16 -132888 -559024 2.47885e-07 2.48342e-06
3.93402e+06 0.0256062 -0.261231 2.12586e-14 2.58737e-16 -132855 -559069 2.48023e-07 2.48228e-06
3.93525e+06 0.0256327 -0.261492 2.12674e-14 2.58613e-16 -132823 -559114 2.4803e-07 2.48109e-06
3.93648e+06 0.0256593 -0.261753 2.12934e-14 2.58399e-16 -132790 -559159 2.48278e-07 2.47904e-06
3.93769e+06 0.0256858 -0.262014 2.13021e-14 2.58267e-16 -132758 -559204 2.4827e-07 2.47777e-06
3.93889e+06 0.0257124 -0.262276 2.13092e-14 2.58087e-16 -132726 -559249 2.48292e-07 2.47604e-06
3.94009e+06 0.025739 -0.262538 2.13106e-14 2.57854e-16 -132694 -559295 2.48234e-07 2.47381e-06
3.94127e+06 0.0257656 -0.2628 2.13056e-14 2.57586e-16 -132662 -559340 2.48103e-07 2.47124e-06
3.94244e+06 0.0257922 -0.263062 2.12734e-14 2.57305e-16 -132631 -559386 2.47652e-07 2.46854e-06
3.9436e+06 0.0258188 -0.263324 2.12668e-14 2.56952e-16 -132601 -559432 2.4747e-07 2.46516e-06
3.94474e+06 0.0258455 -0.263587 2.12329e-14 2.56588e-16 -132571 -559478 2.47004e-07 2.46167e-06
3.94586e+06 0.0258722 -0.26385 2.1197e-14 2.56062e-16 -132541 -559524 2.46488e-07 2.45661e-06
3.94696e+06 0.0258989 -0.264113 2.11426e-14 2.55549e-16 -132512 -559571 2.45804e-07 2.45169e-06
3.94805e+06 0.0259257 -0.264377 2.10636e-14 2.55085e-16 -132483 -559617 2.44807e-07 2.44725e-06
3.94911e+06 0.0259526 -0.264642 2.09732e-14 2.5449e-16 -132454 -559664 2.43679e-07 2.44154e-06
3.95014e+06 0.0259794 -0.264907 2.08684e-14 2.53806e-16 -132426 -559711 2.42391e-07 2.43498e-06
3.95116e+06 0.0260064 -0.265173 2.07368e-14 2.53151e-16 -132399 -559759 2.40812e-07 2.42869e-06
3.95215e+06 0.0260335 -0.265439 2.05855e-14 2.52369e-16 -132372 -559807 2.3903e-07 2.42118e-06
3.95312e+06 0.0260606 -0.265707 2.04021e-14 2.51667e-16 -132346 -559854 2.36847e-07 2.41446e-06
3.95405e+06 0.0260879 -0.265975 2.02009e-14 2.508e-16 -132319 -559903 2.34475e-07 2.40613e-06
3.95496e+06 0.0261152 -0.266245 1.99787e-14 2.49776e-16 -132293 -559951 2.31819e-07 2.39631e-06
3.95584e+06 0.0261427 -0.266515 1.97303e-14 2.48743e-16 -132267 -560000 2.28902e-07 2.3864e-06
3.95668e+06 0.0261703 -0.266787 1.94503e-14 2.4774e-16 -132241 -560049 2.25606e-07 2.37677e-06
3.95749e+06 0.026198 -0.26706 1.915e-14 2.46615e-16 -132216 -560099 2.22113e-07 2.36598e-06
3.95826e+06 0.0262258 -0.267335 1.88306e-14 2.45419e-16 -132191 -560149 2.18373e-07 2.35451e-06
3.959e+06 0.0262538 -0.26761 1.84924e-14 2.4418e-16 -132167 -560199 2.14386e-07 2.34262e-06
3.95969e+06 0.0262819 -0.267888 1.81445e-14 2.42752e-16 -132143 -560250 2.10355e-07 2.32892e-06
3.96035e+06 0.0263101 -0.268166 1.7774e-14 2.41303e-16 -132119 -560301 2.06084e-07 2.31502e-06
3.96098e+06 0.0263385 -0.268446 1.74207e-14 2.39708e-16 -132095 -560353 2.01981e-07 2.29971e-06
3.96156e+06 0.026367 -0.268727 1.7049e-14 2.38126e-16 -132073 -560404 1.97666e-07 2.28454e-06
3.96211e+06 0.0263957 -0.26901 1.66768e-14 2.3653e-16 -132050 -560457 1.93359e-07 2.26923e-06
3.96262e+06 0.0264245 -0.269294 1.6296e-14 2.34867e-16 -132028 -560509 1.88978e-07 2.25327e-06
3.9631e+06 0.0264534 -0.269579 1.59266e-14 2.33135e-16 -132006 -560562 1.84729e-07 2.23665e-06
3.96354e+06 0.0264825 -0.269865 1.5576e-14 2.31357e-16 -131985 -560616 1.8064e-07 2.2196e-06
3.96395e+06 0.0265116 -0.270153 1.52347e-14 2.296e-16 -131965 -560670 1.76704e-07 2.20274e-06
3.96432e+06 0.0265409 -0.270441 1.48986e-14 2.27582e-16 -131944 -560724 1.72804e-07 2.18339e-06
3.96467e+06 0.0265702 -0.270731 1.45806e-14 2.25935e-16 -131925 -560778 1.69101e-07 2.16759e-06
3.965e+06 0.0265997 -0.271021 1.4292e-14 2.24082e-16 -131906 -560833 1.65797e-07 2.1498e-06
3.9653e+06 0.0266292 -0.271312 1.40164e-14 2.22322e-16 -131887 -560888 1.62654e-07 2.13292e-06
3.96557e+06 0.0266588 -0.271604 1.37619e-14 2.20509e-16 -131869 -560943 1.59656e-07 2.11553e-06
3.96583e+06 0.0266884 -0.271897 1.3525e-14 2.18707e-16 -131851 -560999 1.56942e-07 2.09824e-06
3.96607e+06 0.0267181 -0.27219 1.33068e-14 2.16886e-16 -131834 -561055 1.54374e-07 2.08077e-06
3.96629e+06 0.0267478 -0.272483 1.3101e-14 2.1518e-16 -131818 -561111 1.51995e-07 2.0644e-06
3.9665e+06 0.0267776 -0.272777 1.29027e-14 2.13605e-16 -131802 -561167 1.49717e-07 2.04929e-06
3.96669e+06 0.0268074 -0.273071 1.27314e-14 2.11884e-16 -131786 -561224 1.47738e-07 2.03278e-06
3.96686e+06 0.0268373 -0.273366 1.25669e-14 2.10296e-16 -131771 -561281 1.45825e-07 2.01754e-06
3.96702e+06 0.0268671 -0.27366 1.24174e-14 2.08693e-16 -131757 -561337 1.44064e-07 2.00217e-06
3.96717e+06 0.026897 -0.273955 1.22839e-14 2.07105e-16 -131744 -561395 1.42492e-07 1.98693e-06
3.9673e+06 0.0269269 -0.27425 1.21485e-14 2.05725e-16 -131732 -561452 1.40913e-07 1.9737e-06
3.96741e+06 0.0269568 -0.274546 1.21002e-14 2.02434e-16 -131720 -561510 1.40346e-07 1.94212e-06
3.96751e+06 0.0269868 -0.274841 1.1969e-14 2.01345e-16 -131710 -561568 1.38782e-07 1.93167e-06
3.96758e+06 0.0270167 -0.275136 1.19497e-14 1.98171e-16 -131700 -561626 1.3852e-07 1.90122e-06
3.96764e+06 0.0270466 -0.275432 1.18327e-14 1.97192e-16 -131693 -561684 1.37174e-07 1.89183e-06
3.96767e+06 0.0270765 -0.275727 1.1743e-14 1.95987e-16 -131686 -561742 1.36068e-07 1.88026e-06
3.96769e+06 0.0271064 -0.276023 1.16536e-14 1.94959e-16 -131681 -561801 1.35034e-07 1.87041e-06
3.9677e+06 0.0271363 -0.276318 1.15718e-14 1.93933e-16 -131677 -561860 1.34023e-07 1.86057e-06
3.96768e+06 0.0271661 -0.276613 1.14936e-14 1.93033e-16 -131675 -561919 1.33135e-07 1.85193e-06
3.96765e+06 0.027196 -0.276908 1.14333e-14 1.91947e-16 -131673 -561978 1.32379e-07 1.84151e-06
3.96762e+06 0.0272259 -0.277203 1.13661e-14 1.9111e-16 -131672 -562038 1.31542e-07 1.83348e-06
3.96757e+06 0.0272557 -0.277498 1.13035e-14 1.90281e-16 -131672 -562097 1.30836e-07 1.82553e-06
3.96752e+06 0.0272856 -0.277793 1.12448e-14 1.89504e-16 -131672 -562157 1.3016e-07 1.81807e-06
3.96746e+06 0.0273154 -0.278088 1.11949e-14 1.88724e-16 -131672 -562217 1.29534e-07 1.81059e-06
3.96739e+06 0.0273453 -0.278383 1.11404e-14 1.88105e-16 -131673 -562277 1.28835e-07 1.80465e-06
3.96732e+06 0.0273751 -0.278678 1.11001e-14 1.8736e-16 -131674 -562337 1.28377e-07 1.7975e-06
3.96724e+06 0.027405 -0.278973 1.10581e-14 1.86743e-16 -131676 -562397 1.27839e-07 1.79158e-06
3.96716e+06 0.0274348 -0.279268 1.10249e-14 1.86058e-16 -131678 -562458 1.27402e-07 1.78501e-06
3.96708e+06 0.0274647 -0.279563 1.09946e-14 1.85398e-16 -131680 -562518 1.27031e-07 1.77868e-06
3.96699e+06 0.0274945 -0.279858 1.0964e-14 1.84812e-16 -131682 -562579 1.26682e-07 1.77305e-06
3.9669e+06 0.0275244 -0.280153 1.09344e-14 1.84324e-16 -131685 -562640 1.26267e-07 1.76837e-06
3.9668e+06 0.0275542 -0.280448 1.09021e-14 1.83905e-16 -131688 -562700 1.2586e-07 1.76436e-06
3.9667e+06 0.027584 -0.280743 1.08771e-14 1.83432e-16 -131691 -562761 1.2551e-07 1.75982e-06
3.9666e+06 0.0276139 -0.281038 1.08512e-14 1.83081e-16 -131694 -562822 1.25219e-07 1.75644e-06
3.96649e+06 0.0276437 -0.281333 1.08411e-14 1.82563e-16 -131697 -562884 1.25023e-07 1.75148e-06
3.96638e+06 0.0276735 -0.281628 1.0817e-14 1.82288e-16 -131701 -562945 1.24768e-07 1.74885e-06
3.96627e+06 0.0277033 -0.281923 1.08008e-14 1.81913e-16 -131705 -563006 1.24477e-07 1.74524e-06
3.96616e+06 0.0277332 -0.282218 1.07854e-14 1.81604e-16 -131709 -563068 1.24259e-07 1.74228e-06
3.96604e+06 0.027763 -0.282512 1.07671e-14 1.81383e-16 -131714 -563129 1.24011e-07 1.74015e-06
3.96592e+06 0.0277928 -0.282807 1.07579e-14 1.81069e-16 -131718 -563191 1.23859e-07 1.73715e-06
3.9658e+06 0.0278226 -0.283102 1.07478e-14 1.80837e-16 -131723 -563253 1.23713e-07 1.73492e-06
3.96567e+06 0.0278524 -0.283397 1.07459e-14 1.80532e-16 -131728 -563314 1.23633e-07 1.73199e-06
3.96554e+06 0.0278822 -0.283691 1.07386e-14 1.80308e-16 -131733 -563376 1.23524e-07 1.72985e-06
3.9654e+06 0.0279119 -0.283986 1.07394e-14 1.80067e-16 -131739 -563438 1.23466e-07 1.72753e-06
3.95456e+06 0.0279127 -0.283995 2.15633e-14 1.69649e-16 -131808 -563447 2.43628e-07 1.62758e-06
3.9549e+06 0.0279437 -0.284301 2.11304e-14 1.70373e-16 -131813 -563512 2.38673e-07 1.63454e-06
3.95515e+06 0.0279742 -0.284603 1.99755e-14 1.71415e-16 -131815 -563575 2.25788e-07 1.64453e-06
3.9553e+06 0.0280046 -0.284904 1.94058e-14 1.71408e-16 -131819 -563639 2.19326e-07 1.64446e-06
3.95542e+06 0.0280349 -0.285203 1.93774e-14 1.71033e-16 -131825 -563702 2.18897e-07 1.64086e-06
3.95547e+06 0.028065 -0.285501 1.93041e-14 1.7095e-16 -131831 -563766 2.1801e-07 1.64006e-06
3.94504e+06 0.0280678 -0.285596 2.07099e-14 1.70898e-16 -134721 -564076 2.327e-07 1.63957e-06
3.94558e+06 0.0280993 -0.285904 2.1291e-14 1.69502e-16 -134608 -564131 2.38775e-07 1.62618e-06
3.94588e+06 0.0281307 -0.286213 2.13486e-14 1.69594e-16 -134514 -564187 2.39321e-07 1.62706e-06
3.94617e+06 0.0281615 -0.286516 2.13651e-14 1.69875e-16 -134445 -564244 2.39401e-07 1.62976e-06
3.94641e+06 0.0281922 -0.286818 2.14356e-14 1.69596e-16 -134385 -564302 2.40107e-07 1.62707e-06
3.94659e+06 0.0282227 -0.287119 2.15158e-14 1.69573e-16 -134339 -564361 2.40834e-07 1.62685e-06
3.9467e+06 0.0282531 -0.287418 2.1604e-14 1.69551e-16 -134296 -564420 2.41751e-07 1.62664e-06
3.94677e+06 0.0282835 -0.287718 2.16949e-14 1.69451e-16 -134254 -564479 2.42624e-07 1.62568e-06
3.94683e+06 0.0283138 -0.288017 2.17692e-14 1.69247e-16 -134213 -564539 2.43352e-07 1.62373e-06
3.94685e+06 0.0283441 -0.288316 2.18419e-14 1.69148e-16 -134173 -564599 2.44123e-07 1.62278e-06
3.94686e+06 0.0283744 -0.288615 2.19236e-14 1.69091e-16 -134136 -564659 2.44843e-07 1.62223e-06
3.94683e+06 0.0284048 -0.288914 2.201e-14 1.68926e-16 -134102 -564719 2.45709e-07 1.62065e-06
3.89073e+06 0.0283967 -0.288787 2.14294e-14 1.69257e-16 -138196 -560465 2.132e-07 1.62382e-06
3.89668e+06 0.0283991 -0.288835 2.15153e-14 1.63934e-16 -137953 -562130 2.17617e-07 1.57275e-06
3.90111e+06 0.0284014 -0.288885 2.15709e-14 1.69672e-16 -137865 -563883 2.24929e-07 1.6278e-06
3.90477e+06 0.0284036 -0.288983 2.10441e-14 1.67132e-16 -137818 -565087 2.22455e-07 1.60343e-06
3.90538e+06 0.0284305 -0.289256 2.09729e-14 1.68946e-16 -137799 -565166 2.28159e-07 1.62084e-06
3.9053e+06 0.0284607 -0.289554 2.13316e-14 1.66814e-16 -137788 -565229 2.3187e-07 1.60039e-06
