36142.6 0.000115471 0.000310424 0.000466979 0.00056
72284.9 0.000230942 0.00062085 0.000933959 0.00112
108427 0.000346416 0.000931277 0.00140094 0.00168
144568 0.000461891 0.00124171 0.00186792 0.00224
180709 0.000577368 0.00155214 0.0023349 0.0028
216849 0.000692847 0.00186257 0.00280189 0.00336
252988 0.000808329 0.002173 0.00326887 0.00392
289126 0.000923815 0.00248344 0.00373586 0.00448
325262 0.0010393 0.00279389 0.00420284 0.00504
361398 0.00115479 0.00310433 0.00466983 0.0056
397532 0.00127029 0.00341478 0.00513682 0.00616
433665 0.00138578 0.00372523 0.00560381 0.00672
469797 0.00150128 0.00403568 0.00607081 0.00728
505927 0.00161678 0.00434613 0.0065378 0.00784
542055 0.00173229 0.00465659 0.0070048 0.0084
578181 0.0018478 0.00496705 0.0074718 0.00896
614305 0.00196331 0.00527752 0.0079388 0.00952
650028 0.00207852 0.00558795 0.00840602 0.01008
685332 0.00219381 0.00589885 0.00887362 0.01064
720619 0.00230912 0.00620979 0.00934125 0.0112
755683 0.00242424 0.00652068 0.00980899 0.01176
790252 0.00253926 0.00683187 0.0102771 0.01232
824691 0.00265479 0.00714358 0.0107454 0.01288
859058 0.00277078 0.00745562 0.0112139 0.01344
893286 0.00288683 0.00776773 0.0116825 0.014
927101 0.00300286 0.00808006 0.0121514 0.01456
960493 0.00311867 0.00839164 0.0126196 0.01512
993256 0.00323444 0.00870299 0.0130879 0.01568
1.02469e+06 0.00335226 0.0090165 0.0135576 0.01624
1.05561e+06 0.00347063 0.0093311 0.0140278 0.0168
1.08626e+06 0.00358988 0.00964646 0.0144985 0.01736
1.11647e+06 0.00370882 0.00996107 0.0149686 0.01792
1.14624e+06 0.00382828 0.0102758 0.0154388 0.01848
1.17549e+06 0.0039489 0.0105916 0.0159095 0.01904
1.20401e+06 0.004071 0.010909 0.0163811 0.0196
1.23214e+06 0.00419309 0.0112266 0.0168531 0.02016
1.25996e+06 0.00431625 0.0115455 0.0173255 0.02072
1.28762e+06 0.00444005 0.0118646 0.0177981 0.02128
1.3151e+06 0.00456381 0.0121831 0.0182701 0.02184
1.34241e+06 0.00468781 0.0125016 0.018742 0.0224
1.36921e+06 0.00481325 0.0128214 0.0192147 0.02296
1.39523e+06 0.0049407 0.0131428 0.019688 0.02352
1.42076e+06 0.00506892 0.0134645 0.0201612 0.02408
1.44586e+06 0.00519643 0.0137844 0.0206332 0.02464
1.47071e+06 0.00532458 0.0141044 0.0211052 0.0252
1.49529e+06 0.0054537 0.0144253 0.0215775 0.02576
1.51977e+06 0.00558282 0.0147462 0.0220496 0.02632
1.54408e+06 0.00571155 0.0150665 0.0225214 0.02688
1.56795e+06 0.00584109 0.0153871 0.0229931 0.02744
1.59141e+06 0.00597231 0.015709 0.0234651 0.028
1.6147e+06 0.00610379 0.0160309 0.0239371 0.02856
1.63778e+06 0.00623538 0.0163527 0.024409 0.02912
1.66032e+06 0.00636827 0.016675 0.0248808 0.02968
1.68278e+06 0.00650117 0.0169972 0.0253526 0.03024
1.70501e+06 0.00663376 0.0173185 0.0258236 0.0308
1.727e+06 0.00676667 0.0176399 0.0262946 0.03136
1.74882e+06 0.00690022 0.0179621 0.026766 0.03192
1.77054e+06 0.00703368 0.0182842 0.0272372 0.03248
1.79189e+06 0.00716748 0.0186067 0.0277088 0.03304
1.81295e+06 0.00730194 0.01893 0.028181 0.0336
1.83387e+06 0.0074371 0.0192539 0.0286536 0.03416
1.85475e+06 0.00757241 0.0195779 0.0291261 0.03472
1.87552e+06 0.00770741 0.0199015 0.0295984 0.03528
1.8962e+06 0.00784205 0.0202243 0.0300702 0.03584
1.9166e+06 0.00797774 0.0205476 0.030542 0.0364
1.93693e+06 0.00811373 0.020871 0.0310138 0.03696
1.95714e+06 0.00825007 0.0211946 0.0314855 0.03752
1.97719e+06 0.00838708 0.0215189 0.0319577 0.03808
1.99716e+06 0.00852402 0.0218431 0.03243 0.03864
2.01707e+06 0.00866082 0.0221672 0.0329022 0.0392
2.0369e+06 0.0087975 0.0224912 0.0333743 0.03976
2.05649e+06 0.00893425 0.0228153 0.0338464 0.04032
2.07583e+06 0.00907151 0.02314 0.0343187 0.04088
2.09496e+06 0.00920898 0.0234646 0.0347911 0.04144
2.114e+06 0.00934643 0.023789 0.0352633 0.042
2.13283e+06 0.00948465 0.0241141 0.0357357 0.04256
2.15163e+06 0.00962277 0.0244389 0.036208 0.04312
2.17037e+06 0.0097608 0.0247639 0.0366805 0.04368
2.18892e+06 0.00989845 0.0250882 0.0371524 0.04424
2.20734e+06 0.0100356 0.0254116 0.0376234 0.0448
2.22568e+06 0.0101729 0.0257352 0.0380943 0.04536
2.2439e+06 0.0103101 0.0260587 0.0385652 0.04592
2.26204e+06 0.0104472 0.0263822 0.039036 0.04648
2.28016e+06 0.0105842 0.0267056 0.0395066 0.04704
2.29827e+06 0.0107213 0.027029 0.0399773 0.0476
2.31631e+06 0.0108587 0.0273527 0.0404483 0.04816
2.33431e+06 0.0109961 0.0276766 0.0409193 0.04872
2.35224e+06 0.0111333 0.028 0.04139 0.04928
2.37011e+06 0.0112702 0.028323 0.0418605 0.04984
2.38791e+06 0.0114069 0.0286457 0.0423307 0.0504
2.4055e+06 0.0115439 0.0289682 0.0428003 0.05096
2.42305e+06 0.0116808 0.0292904 0.0432697 0.05152
2.44054e+06 0.0118175 0.0296124 0.0437389 0.05208
2.45794e+06 0.0119538 0.029934 0.0442083 0.05264
2.47528e+06 0.0120901 0.0302557 0.0446779 0.0532
2.49251e+06 0.0122269 0.0305777 0.0451478 0.05376
2.50972e+06 0.0123636 0.0308997 0.0456177 0.05432
2.52689e+06 0.0125002 0.0312216 0.0460875 0.05488
2.54399e+06 0.0126365 0.0315429 0.0465567 0.05544
2.56102e+06 0.0127731 0.0318645 0.0470262 0.056
2.57791e+06 0.0129107 0.0321872 0.0474962 0.05656
2.59476e+06 0.0130483 0.0325102 0.0479663 0.05712
2.61159e+06 0.0131858 0.0328332 0.0484364 0.05768
2.62839e+06 0.0133235 0.0331563 0.0489065 0.05824
2.64514e+06 0.0134614 0.0334798 0.0493768 0.0588
2.66183e+06 0.0135993 0.0338034 0.0498471 0.05936
2.67846e+06 0.0137369 0.0341265 0.0503171 0.05992
2.69502e+06 0.0138743 0.0344494 0.0507868 0.06048
2.71154e+06 0.0140116 0.0347722 0.0512565 0.06104
2.72801e+06 0.0141486 0.035095 0.0517266 0.0616
2.74442e+06 0.0142857 0.035418 0.052197 0.06216
2.76073e+06 0.0144228 0.0357409 0.0526673 0.06272
2.77698e+06 0.0145599 0.0360636 0.0531372 0.06328
2.79317e+06 0.0146967 0.0363859 0.0536069 0.06384
2.80928e+06 0.0148333 0.036708 0.0540768 0.0644
2.82533e+06 0.0149699 0.0370302 0.0545466 0.06496
2.84136e+06 0.0151065 0.0373524 0.0550164 0.06552
2.85735e+06 0.0152429 0.0376744 0.0554861 0.06608
2.8733e+06 0.0153792 0.0379962 0.0559555 0.06664
2.88919e+06 0.0155154 0.0383178 0.0564249 0.0672
2.90504e+06 0.0156516 0.0386398 0.0568952 0.06776
2.92086e+06 0.0157877 0.038962 0.0573657 0.06832
2.93664e+06 0.0159239 0.0392839 0.057836 0.06888
2.95238e+06 0.01606 0.0396057 0.0583063 0.06944
2.96808e+06 0.016196 0.0399275 0.0587767 0.07
2.98374e+06 0.0163321 0.0402495 0.0592472 0.07056
2.99935e+06 0.0164682 0.0405715 0.0597178 0.07112
3.01491e+06 0.0166044 0.040894 0.0601886 0.07168
3.03046e+06 0.0167406 0.0412167 0.0606594 0.07224
3.04597e+06 0.0168769 0.0415396 0.0611303 0.0728
3.06143e+06 0.017013 0.0418624 0.0616009 0.07336
3.07685e+06 0.0171491 0.0421854 0.0620715 0.07392
3.09223e+06 0.0172852 0.0425085 0.0625424 0.07448
3.10758e+06 0.0174212 0.0428318 0.0630134 0.07504
3.12292e+06 0.0175573 0.0431552 0.0634845 0.0756
3.1382e+06 0.0176937 0.0434789 0.0639556 0.07616
3.15345e+06 0.0178303 0.0438027 0.064427 0.07672
3.16868e+06 0.0179669 0.0441267 0.0648985 0.07728
3.18387e+06 0.0181037 0.0444508 0.0653701 0.07784
3.19903e+06 0.0182405 0.0447751 0.0658417 0.0784
3.21416e+06 0.0183774 0.0450994 0.0663134 0.07896
3.22924e+06 0.0185142 0.0454239 0.0667855 0.07952
3.24428e+06 0.0186509 0.0457484 0.0672576 0.08008
3.25928e+06 0.0187874 0.0460727 0.0677295 0.08064
3.27424e+06 0.0189237 0.0463969 0.0682016 0.0812
3.28917e+06 0.0190599 0.046721 0.0686737 0.08176
3.30408e+06 0.019196 0.0470451 0.0691458 0.08232
3.31896e+06 0.019332 0.0473691 0.0696178 0.08288
3.33379e+06 0.019468 0.047693 0.0700898 0.08344
3.34853e+06 0.0196041 0.048017 0.0705617 0.084
3.36327e+06 0.0197402 0.0483409 0.0710335 0.08456
3.37798e+06 0.0198763 0.0486647 0.0715053 0.08512
3.39266e+06 0.0200124 0.0489887 0.0719773 0.08568
3.40734e+06 0.0201486 0.049313 0.0724495 0.08624
3.42198e+06 0.0202849 0.0496375 0.0729218 0.0868
3.43659e+06 0.0204211 0.0499621 0.0733943 0.08736
3.45115e+06 0.0205574 0.0502873 0.0738674 0.08792
3.46568e+06 0.0206939 0.0506127 0.0743405 0.08848
3.48017e+06 0.0208304 0.0509379 0.0748135 0.08904
3.49462e+06 0.0209668 0.0512631 0.0752867 0.0896
3.50904e+06 0.0211033 0.0515883 0.0757599 0.09016
3.52342e+06 0.0212398 0.0519137 0.0762333 0.09072
3.53777e+06 0.0213763 0.0522392 0.0767069 0.09128
3.5521e+06 0.0215128 0.0525647 0.0771806 0.09184
3.56641e+06 0.0216495 0.0528904 0.0776544 0.0924
3.58068e+06 0.0217863 0.0532165 0.0781283 0.09296
3.59493e+06 0.0219234 0.0535432 0.0786025 0.09352
3.60915e+06 0.0220606 0.0538698 0.0790767 0.09408
3.62335e+06 0.0221979 0.0541966 0.079551 0.09464
3.63751e+06 0.0223352 0.0545235 0.0800253 0.0952
3.65162e+06 0.0224726 0.0548503 0.0804995 0.09576
3.66568e+06 0.02261 0.0551774 0.0809738 0.09632
3.6797e+06 0.0227476 0.0555048 0.0814482 0.09688
3.69365e+06 0.0228856 0.0558325 0.0819229 0.09744
3.70757e+06 0.023024 0.0561608 0.0823978 0.098
3.72145e+06 0.0231626 0.0564893 0.0828728 0.09856
3.73528e+06 0.0233015 0.056818 0.0833481 0.09912
3.74907e+06 0.0234406 0.0571468 0.0838234 0.09968
3.76279e+06 0.0235799 0.057476 0.0842993 0.10024
3.77647e+06 0.0237196 0.0578053 0.0847752 0.1008
3.7901e+06 0.0238594 0.0581348 0.0852512 0.10136
3.80366e+06 0.0239998 0.0584646 0.0857274 0.10192
3.81715e+06 0.0241404 0.0587948 0.0862038 0.10248
3.83057e+06 0.0242812 0.0591249 0.08668 0.10304
3.84393e+06 0.0244222 0.0594553 0.0871563 0.1036
3.85725e+06 0.0245637 0.0597861 0.0876327 0.10416
3.87052e+06 0.0247054 0.060117 0.0881092 0.10472
3.88371e+06 0.0248479 0.0604485 0.0885858 0.10528
3.89684e+06 0.0249909 0.0607803 0.0890626 0.10584
3.90989e+06 0.0251344 0.0611125 0.0895395 0.1064
3.92287e+06 0.025278 0.0614447 0.0900163 0.10696
3.93579e+06 0.0254219 0.0617772 0.0904932 0.10752
3.94865e+06 0.0255664 0.0621104 0.0909703 0.10808
3.96147e+06 0.0257113 0.062444 0.0914476 0.10864
3.97423e+06 0.0258565 0.0627779 0.091925 0.1092
3.98693e+06 0.026002 0.0631119 0.0924024 0.10976
3.99958e+06 0.0261476 0.0634461 0.09288 0.11032
4.01217e+06 0.0262936 0.0637806 0.093358 0.11088
4.02471e+06 0.02644 0.0641154 0.093836 0.11144
4.0372e+06 0.0265866 0.0644504 0.0943142 0.112
4.04964e+06 0.0267336 0.0647855 0.0947924 0.11256
4.06202e+06 0.026881 0.065121 0.0952707 0.11312
4.07436e+06 0.0270286 0.0654566 0.0957491 0.11368
4.08663e+06 0.0271767 0.0657925 0.0962277 0.11424
4.09887e+06 0.027325 0.0661287 0.0967064 0.1148
4.11104e+06 0.0274738 0.0664653 0.0971852 0.11536
4.12316e+06 0.0276231 0.0668025 0.0976642 0.11592
4.13523e+06 0.027773 0.06714 0.0981436 0.11648
4.14723e+06 0.0279233 0.0674781 0.0986232 0.11704
4.15917e+06 0.0280742 0.067817 0.0991033 0.1176
4.17102e+06 0.0282257 0.0681564 0.0995839 0.11816
4.1828e+06 0.0283777 0.0684963 0.100065 0.11872
4.19449e+06 0.0285306 0.0688372 0.100546 0.11928
4.20609e+06 0.0286845 0.069179 0.101028 0.11984
4.21762e+06 0.0288393 0.0695219 0.10151 0.1204
4.22906e+06 0.0289947 0.0698655 0.101993 0.12096
4.24042e+06 0.0291509 0.0702097 0.102476 0.12152
4.25169e+06 0.0293078 0.0705545 0.102959 0.12208
4.26288e+06 0.0294654 0.0708999 0.103442 0.12264
4.27399e+06 0.0296236 0.0712456 0.103925 0.1232
4.28504e+06 0.0297824 0.0715918 0.104409 0.12376
4.29602e+06 0.0299417 0.0719384 0.104893 0.12432
4.30693e+06 0.0301015 0.0722853 0.105377 0.12488
4.31777e+06 0.0302618 0.0726327 0.105861 0.12544
4.32854e+06 0.0304226 0.0729805 0.106345 0.126
4.33924e+06 0.030584 0.0733288 0.10683 0.12656
4.34986e+06 0.0307459 0.0736775 0.107315 0.12712
4.36041e+06 0.0309085 0.0740268 0.1078 0.12768
4.37088e+06 0.0310717 0.0743766 0.108285 0.12824
4.38127e+06 0.0312355 0.0747268 0.108771 0.1288
4.39157e+06 0.0313998 0.0750775 0.109256 0.12936
4.40179e+06 0.0315648 0.0754285 0.109742 0.12992
4.41194e+06 0.0317304 0.0757801 0.110229 0.13048
4.422e+06 0.0318966 0.0761323 0.110715 0.13104
4.43199e+06 0.0320634 0.0764849 0.111202 0.1316
4.44189e+06 0.0322311 0.0768382 0.111689 0.13216
4.45172e+06 0.0323991 0.0771919 0.112176 0.13272
4.46147e+06 0.0325675 0.0775461 0.112664 0.13328
4.47114e+06 0.0327366 0.0779007 0.113152 0.13384
4.48074e+06 0.032906 0.078256 0.11364 0.1344
4.49027e+06 0.0330757 0.0786117 0.114129 0.13496
4.49975e+06 0.0332458 0.0789677 0.114618 0.13552
4.50917e+06 0.0334162 0.0793239 0.115106 0.13608
4.51852e+06 0.0335869 0.0796804 0.115595 0.13664
4.52781e+06 0.033758 0.0800375 0.116085 0.1372
4.53704e+06 0.0339294 0.0803949 0.116574 0.13776
4.54621e+06 0.034101 0.0807525 0.117063 0.13832
4.55533e+06 0.034273 0.0811104 0.117553 0.13888
4.56438e+06 0.0344452 0.0814686 0.118043 0.13944
4.57336e+06 0.0346178 0.0818272 0.118533 0.14
4.58229e+06 0.0347908 0.0821862 0.119023 0.14056
4.59115e+06 0.0349642 0.0825455 0.119513 0.14112
4.59994e+06 0.0351381 0.0829052 0.120004 0.14168
4.60866e+06 0.0353123 0.0832652 0.120495 0.14224
4.6173e+06 0.0354871 0.0836256 0.120985 0.1428
4.62586e+06 0.0356624 0.0839864 0.121476 0.14336
4.63432e+06 0.0358386 0.0843479 0.121968 0.14392
4.64263e+06 0.0360163 0.0847104 0.12246 0.14448
4.6507e+06 0.0361967 0.0850751 0.122952 0.14504
4.65851e+06 0.0363804 0.0854421 0.123446 0.1456
4.66616e+06 0.0365657 0.0858106 0.12394 0.14616
4.67367e+06 0.0367523 0.08618 0.124435 0.14672
4.68105e+06 0.0369402 0.0865506 0.12493 0.14728
4.68832e+06 0.0371294 0.0869221 0.125426 0.14784
4.69547e+06 0.0373196 0.0872945 0.125922 0.1484
4.70252e+06 0.0375109 0.0876678 0.126418 0.14896
4.70945e+06 0.0377035 0.0880421 0.126915 0.14952
4.71628e+06 0.0378973 0.0884174 0.127412 0.15008
4.72299e+06 0.0380923 0.0887936 0.12791 0.15064
4.72959e+06 0.0382886 0.0891707 0.128408 0.1512
4.73608e+06 0.0384861 0.089549 0.128907 0.15176
4.74245e+06 0.0386848 0.0899282 0.129406 0.15232
4.74872e+06 0.0388847 0.0903083 0.129905 0.15288
4.75486e+06 0.0390859 0.0906895 0.130405 0.15344
4.76092e+06 0.039288 0.0910713 0.130905 0.154
4.76687e+06 0.0394912 0.091454 0.131406 0.15456
4.7727e+06 0.0396956 0.0918376 0.131907 0.15512
4.77844e+06 0.0399011 0.0922221 0.132408 0.15568
4.78405e+06 0.0401079 0.0926076 0.13291 0.15624
4.78956e+06 0.0403159 0.0929942 0.133412 0.1568
4.79494e+06 0.0405253 0.0933823 0.133915 0.15736
4.80021e+06 0.0407361 0.0937715 0.134418 0.15792
4.80538e+06 0.0409481 0.0941619 0.134922 0.15848
4.81043e+06 0.0411612 0.0945532 0.135426 0.15904
4.81537e+06 0.0413753 0.0949453 0.135931 0.1596
4.82022e+06 0.0415905 0.0953383 0.136436 0.16016
4.82498e+06 0.0418066 0.0957322 0.136942 0.16072
4.82964e+06 0.0420236 0.0961269 0.137448 0.16128
4.83422e+06 0.0422415 0.0965225 0.137954 0.16184
4.83872e+06 0.0424601 0.0969187 0.138461 0.1624
4.84315e+06 0.0426794 0.0973155 0.138967 0.16296
4.84749e+06 0.0428995 0.0977132 0.139475 0.16352
4.85177e+06 0.0431203 0.0981114 0.139982 0.16408
4.85598e+06 0.0433417 0.0985101 0.14049 0.16464
4.86012e+06 0.0435636 0.0989093 0.140998 0.1652
4.86419e+06 0.0437861 0.0993091 0.141506 0.16576
4.8682e+06 0.0440095 0.0997098 0.142015 0.16632
4.87205e+06 0.0442346 0.100112 0.142524 0.16688
4.87588e+06 0.0444598 0.100515 0.143034 0.16744
4.87963e+06 0.0446857 0.100918 0.143543 0.168
4.88333e+06 0.0449119 0.101321 0.144053 0.16856
4.88697e+06 0.0451386 0.101725 0.144563 0.16912
4.89055e+06 0.0453657 0.102129 0.145073 0.16968
4.89407e+06 0.0455932 0.102533 0.145584 0.17024
4.89753e+06 0.0458211 0.102938 0.146094 0.1708
4.90094e+06 0.0460494 0.103343 0.146605 0.17136
4.90429e+06 0.046278 0.103749 0.147116 0.17192
4.80354e+06 0.0475779 0.104983 0.147955 0.17248
4.8089e+06 0.0478265 0.105414 0.148472 0.17304
4.81415e+06 0.0480758 0.105846 0.14899 0.1736
4.81934e+06 0.0483257 0.106279 0.149509 0.17416
4.8238e+06 0.048567 0.106704 0.150028 0.17472
4.8277e+06 0.0488017 0.107122 0.150548 0.17528
4.83146e+06 0.0490363 0.107541 0.15107 0.17584
4.8351e+06 0.0492693 0.107957 0.151589 0.1764
4.83853e+06 0.0494979 0.108365 0.152103 0.17696
4.84181e+06 0.0497263 0.108773 0.152616 0.17752
4.84501e+06 0.0499543 0.10918 0.153128 0.17808
4.84816e+06 0.0501829 0.109587 0.153639 0.17864
4.85125e+06 0.0504117 0.109995 0.154151 0.1792
4.85428e+06 0.0506406 0.110403 0.154663 0.17976
4.85728e+06 0.0508697 0.110811 0.155175 0.18032
4.83076e+06 0.0514621 0.111509 0.155804 0.18088
4.8346e+06 0.0517038 0.111936 0.156326 0.18144
4.80837e+06 0.0522641 0.112599 0.156934 0.182
4.81274e+06 0.0525021 0.113023 0.157453 0.18256
4.81636e+06 0.0527301 0.113435 0.15797 0.18312
4.81945e+06 0.0529591 0.113846 0.158485 0.18368
4.75917e+06 0.0538523 0.114782 0.159206 0.18424
4.76462e+06 0.0540947 0.115212 0.159724 0.1848
4.76945e+06 0.054331 0.115636 0.160242 0.18536
4.7735e+06 0.0545576 0.11605 0.160761 0.18592
4.77733e+06 0.0547807 0.116459 0.161277 0.18648
4.78101e+06 0.0550024 0.116865 0.161791 0.18704
4.78453e+06 0.0552226 0.117268 0.162303 0.1876
4.78797e+06 0.0554423 0.117671 0.162814 0.18816
4.79129e+06 0.0556628 0.118074 0.163324 0.18872
4.79431e+06 0.0558868 0.11848 0.163836 0.18928
4.79704e+06 0.056114 0.118889 0.164349 0.18984
4.79966e+06 0.0563422 0.119299 0.164863 0.1904
4.80223e+06 0.0565709 0.119709 0.165376 0.19096
4.80475e+06 0.0567998 0.12012 0.16589 0.19152
4.80717e+06 0.0570295 0.120531 0.166404 0.19208
4.80952e+06 0.0572598 0.120944 0.166919 0.19264
4.81182e+06 0.0574905 0.121357 0.167434 0.1932
4.81408e+06 0.0577213 0.12177 0.167948 0.19376
4.81631e+06 0.0579523 0.122183 0.168463 0.19432
4.8185e+06 0.0581833 0.122596 0.168979 0.19488
4.82064e+06 0.0584146 0.12301 0.169494 0.19544
4.82275e+06 0.058646 0.123424 0.170009 0.196
4.82483e+06 0.0588774 0.123837 0.170524 0.19656
4.82687e+06 0.059109 0.124251 0.17104 0.19712
4.76954e+06 0.0595506 0.125036 0.171719 0.19768
4.77301e+06 0.0597908 0.125462 0.172241 0.19824
4.77615e+06 0.0600271 0.125885 0.172764 0.1988
4.7792e+06 0.0602621 0.126305 0.173286 0.19936
4.78204e+06 0.060491 0.126716 0.173802 0.19992
4.78479e+06 0.0607187 0.127125 0.174315 0.20048
4.78751e+06 0.0609466 0.127534 0.174828 0.20104
4.79017e+06 0.0611751 0.127943 0.175341 0.2016
4.79274e+06 0.0614039 0.128353 0.175855 0.20216
4.79525e+06 0.0616327 0.128763 0.176369 0.20272
4.79772e+06 0.0618615 0.129172 0.176883 0.20328
4.80015e+06 0.0620903 0.129582 0.177396 0.20384
4.70635e+06 0.0626649 0.130582 0.178172 0.2044
4.68155e+06 0.0632537 0.13129 0.178808 0.20496
4.68657e+06 0.0634976 0.131724 0.179329 0.20552
4.69038e+06 0.0637368 0.132152 0.17985 0.20608
4.69355e+06 0.06397 0.132573 0.180372 0.20664
4.69662e+06 0.0642037 0.132996 0.180896 0.2072
4.6996e+06 0.0644378 0.133419 0.18142 0.20776
4.7025e+06 0.0646712 0.133841 0.181944 0.20832
4.70526e+06 0.0649016 0.134257 0.182464 0.20888
4.70791e+06 0.0651294 0.13467 0.182981 0.20944
4.71051e+06 0.0653568 0.135081 0.183497 0.21
4.71304e+06 0.0655831 0.135491 0.184012 0.21056
4.71551e+06 0.06581 0.135901 0.184527 0.21112
4.71795e+06 0.0660371 0.136312 0.185041 0.21168
4.72033e+06 0.0662649 0.136723 0.185556 0.21224
4.72265e+06 0.0664934 0.137134 0.186072 0.2128
4.7249e+06 0.0667226 0.137547 0.186587 0.21336
4.72707e+06 0.0669525 0.13796 0.187104 0.21392
4.72915e+06 0.0671829 0.138374 0.18762 0.21448
4.70884e+06 0.0676787 0.138994 0.18821 0.21504
4.71224e+06 0.0679073 0.139414 0.18873 0.2156
4.71432e+06 0.0681379 0.139832 0.18925 0.21616
4.71624e+06 0.0683665 0.140246 0.189767 0.21672
4.71798e+06 0.068595 0.14066 0.190284 0.21728
4.71962e+06 0.0688231 0.141074 0.190801 0.21784
4.7212e+06 0.0690513 0.141488 0.191318 0.2184
4.68614e+06 0.0697024 0.142248 0.191969 0.21896
4.68982e+06 0.0699444 0.142683 0.192492 0.21952
4.66762e+06 0.0702768 0.143271 0.193084 0.22008
4.6707e+06 0.0705013 0.143687 0.193606 0.22064
4.67359e+06 0.0707237 0.1441 0.194126 0.2212
4.6763e+06 0.070943 0.144507 0.194642 0.22176
4.67889e+06 0.0711612 0.144912 0.195156 0.22232
4.65945e+06 0.071481 0.145484 0.195742 0.22288
4.6404e+06 0.0717986 0.14605 0.196325 0.22344
4.64327e+06 0.0720295 0.14647 0.196848 0.224
4.64588e+06 0.0722542 0.146879 0.197365 0.22456
4.6483e+06 0.0724777 0.147286 0.197879 0.22512
4.65067e+06 0.0727013 0.147693 0.198393 0.22568
4.65299e+06 0.0729254 0.148101 0.198907 0.22624
4.65518e+06 0.0731502 0.14851 0.199422 0.2268
4.63405e+06 0.0734887 0.149097 0.200013 0.22736
4.63645e+06 0.0737198 0.149517 0.200535 0.22792
4.63872e+06 0.073943 0.149924 0.20105 0.22848
4.6409e+06 0.074166 0.150331 0.201564 0.22904
4.64304e+06 0.0743888 0.150738 0.202078 0.2296
4.64511e+06 0.0746118 0.151145 0.202593 0.23016
4.64711e+06 0.0748351 0.151553 0.203108 0.23072
4.64902e+06 0.0750587 0.151962 0.203623 0.23128
4.65084e+06 0.0752826 0.152371 0.204139 0.23184
4.59697e+06 0.075755 0.153178 0.204824 0.2324
4.60043e+06 0.0759986 0.153612 0.205347 0.23296
4.60304e+06 0.0762295 0.154032 0.205871 0.23352
4.60543e+06 0.0764607 0.154453 0.206396 0.23408
4.60763e+06 0.0766851 0.154864 0.206914 0.23464
4.60973e+06 0.0769071 0.15527 0.207429 0.2352
4.595e+06 0.0773703 0.155885 0.208026 0.23576
4.59764e+06 0.0775901 0.156294 0.208544 0.23632
4.6001e+06 0.0778063 0.156696 0.209058 0.23688
4.60253e+06 0.0780219 0.157097 0.20957 0.23744
4.60493e+06 0.0782374 0.157498 0.210083 0.238
4.55945e+06 0.0786754 0.158256 0.210746 0.23856
4.56251e+06 0.0789105 0.158683 0.211269 0.23912
4.56486e+06 0.0791401 0.159103 0.211793 0.23968
4.56703e+06 0.0793666 0.159518 0.212315 0.24024
4.56907e+06 0.0795879 0.159925 0.21283 0.2408
4.57108e+06 0.0798088 0.160331 0.213345 0.24136
4.57306e+06 0.0800298 0.160737 0.213859 0.24192
4.57503e+06 0.0802507 0.161143 0.214374 0.24248
4.57699e+06 0.0804717 0.161549 0.214889 0.24304
4.57894e+06 0.0806926 0.161955 0.215403 0.2436
4.58085e+06 0.0809137 0.162361 0.215918 0.24416
4.58275e+06 0.0811348 0.162768 0.216433 0.24472
4.58459e+06 0.0813561 0.163175 0.216948 0.24528
4.58636e+06 0.0815776 0.163582 0.217463 0.24584
4.58801e+06 0.0817994 0.16399 0.217979 0.2464
4.58958e+06 0.0820213 0.164398 0.218495 0.24696
4.59109e+06 0.0822428 0.164806 0.219011 0.24752
4.57215e+06 0.0825786 0.165388 0.219599 0.24808
4.57407e+06 0.0828046 0.165804 0.220121 0.24864
4.57571e+06 0.083024 0.16621 0.220636 0.2492
4.54938e+06 0.083001 0.166398 0.221135 0.24976
4.55562e+06 0.0831587 0.166746 0.221627 0.25032
4.53009e+06 0.0831375 0.166935 0.222125 0.25088
4.53632e+06 0.0833019 0.16729 0.222619 0.25144
4.53839e+06 0.0835195 0.16769 0.223131 0.252
4.54023e+06 0.0837388 0.168092 0.223644 0.25256
4.54202e+06 0.0839577 0.168494 0.224158 0.25312
4.5438e+06 0.0841766 0.168896 0.224672 0.25368
4.54548e+06 0.0843958 0.169298 0.225186 0.25424
4.54713e+06 0.0846146 0.1697 0.2257 0.2548
4.54872e+06 0.0848336 0.170103 0.226215 0.25536
4.55023e+06 0.0850537 0.170508 0.22673 0.25592
4.55169e+06 0.0852747 0.170915 0.227246 0.25648
4.55306e+06 0.085496 0.171322 0.227762 0.25704
4.53224e+06 0.0855021 0.17154 0.228261 0.2576
4.53628e+06 0.0856865 0.171913 0.228764 0.25816
4.51564e+06 0.0856904 0.172129 0.229263 0.25872
4.51957e+06 0.0858766 0.172504 0.229765 0.25928
4.50174e+06 0.0861829 0.173046 0.230344 0.25984
4.50359e+06 0.0864043 0.173453 0.230862 0.2604
4.50533e+06 0.0866216 0.173854 0.231376 0.26096
4.50698e+06 0.0868402 0.174256 0.23189 0.26152
4.50865e+06 0.0870599 0.174661 0.232405 0.26208
4.46651e+06 0.0869588 0.17474 0.232897 0.26264
4.47538e+06 0.087089 0.175064 0.233379 0.2632
4.48038e+06 0.0872596 0.175424 0.233876 0.26376
4.48202e+06 0.0874751 0.175822 0.234389 0.26432
4.44496e+06 0.0878506 0.176477 0.235017 0.26488
4.44754e+06 0.0880741 0.176888 0.23554 0.26544
4.44999e+06 0.088295 0.177295 0.23606 0.266
4.45226e+06 0.0885097 0.177692 0.236572 0.26656
4.45439e+06 0.088725 0.178089 0.237085 0.26712
4.4565e+06 0.0889401 0.178486 0.237597 0.26768
4.45847e+06 0.0891556 0.178884 0.23811 0.26824
4.46026e+06 0.0893723 0.179284 0.238623 0.2688
4.46201e+06 0.0895891 0.179684 0.239137 0.26936
4.46372e+06 0.0898062 0.180084 0.239651 0.26992
4.46539e+06 0.0900235 0.180485 0.240165 0.27048
4.46701e+06 0.0902415 0.180888 0.24068 0.27104
4.46861e+06 0.0904595 0.18129 0.241195 0.2716
4.47014e+06 0.0906776 0.181693 0.241709 0.27216
4.47159e+06 0.0908963 0.182097 0.242225 0.27272
4.47293e+06 0.0911153 0.182502 0.242741 0.27328
4.47419e+06 0.0913341 0.182908 0.243257 0.27384
4.47538e+06 0.0915527 0.183313 0.243773 0.2744
4.47648e+06 0.0917709 0.183718 0.244289 0.27496
4.4775e+06 0.0919887 0.184123 0.244805 0.27552
4.47842e+06 0.0922061 0.184528 0.245321 0.27608
4.47928e+06 0.0924234 0.184933 0.245838 0.27664
4.48008e+06 0.0926406 0.185339 0.246355 0.2772
4.48083e+06 0.092858 0.185745 0.246872 0.27776
4.48155e+06 0.0930753 0.186152 0.247389 0.27832
4.48225e+06 0.0932925 0.186558 0.247907 0.27888
4.48294e+06 0.0935097 0.186965 0.248424 0.27944
4.48361e+06 0.0937268 0.187371 0.248941 0.28
4.48427e+06 0.093944 0.187778 0.249458 0.28056
4.48492e+06 0.0941619 0.188185 0.249976 0.28112
4.4855e+06 0.0943807 0.188593 0.250494 0.28168
4.48611e+06 0.0945999 0.189002 0.251011 0.28224
4.48667e+06 0.0948193 0.189411 0.251529 0.2828
4.44098e+06 0.09471 0.189508 0.252036 0.28336
4.42528e+06 0.0947275 0.189733 0.25253 0.28392
4.43326e+06 0.0948601 0.190064 0.253015 0.28448
4.43944e+06 0.0950157 0.190415 0.253508 0.28504
4.44079e+06 0.0952354 0.190821 0.254024 0.2856
4.44196e+06 0.0954563 0.191228 0.254541 0.28616
4.44318e+06 0.0956764 0.191634 0.255058 0.28672
4.44438e+06 0.095896 0.19204 0.255574 0.28728
4.44552e+06 0.0961157 0.192446 0.25609 0.28784
4.44667e+06 0.0963351 0.192851 0.256607 0.2884
4.4478e+06 0.0965541 0.193256 0.257123 0.28896
4.44888e+06 0.0967726 0.193661 0.257639 0.28952
4.44991e+06 0.0969905 0.194065 0.258155 0.29008
4.4509e+06 0.0972086 0.19447 0.258672 0.29064
4.45184e+06 0.0974272 0.194877 0.259189 0.2912
4.45271e+06 0.0976463 0.195285 0.259706 0.29176
4.45356e+06 0.0978648 0.195692 0.260224 0.29232
4.45435e+06 0.0980825 0.196098 0.260741 0.29288
4.45507e+06 0.0982994 0.196504 0.261258 0.29344
4.43546e+06 0.0983008 0.196696 0.261751 0.294
4.43888e+06 0.098482 0.197067 0.262254 0.29456
4.43977e+06 0.0986965 0.197467 0.262768 0.29512
4.44061e+06 0.0989114 0.197868 0.263284 0.29568
4.44141e+06 0.099126 0.198269 0.263799 0.29624
4.44218e+06 0.0993404 0.19867 0.264314 0.2968
4.44294e+06 0.0995546 0.19907 0.264829 0.29736
4.44369e+06 0.0997685 0.199471 0.265344 0.29792
4.44442e+06 0.0999823 0.199871 0.26586 0.29848
4.44514e+06 0.100196 0.200271 0.266375 0.29904
4.42061e+06 0.100177 0.200454 0.266874 0.2996
4.39761e+06 0.100164 0.200637 0.267369 0.30016
4.40482e+06 0.100302 0.20097 0.267855 0.30072
4.40729e+06 0.100502 0.201357 0.268363 0.30128
4.40843e+06 0.100719 0.201758 0.268877 0.30184
4.3903e+06 0.101018 0.202299 0.269457 0.3024
4.37292e+06 0.101312 0.202834 0.270034 0.30296
4.37519e+06 0.101532 0.203241 0.270556 0.30352
4.37707e+06 0.101746 0.203638 0.271069 0.30408
4.37879e+06 0.101959 0.204034 0.271583 0.30464
4.38035e+06 0.102172 0.20443 0.272096 0.3052
4.38187e+06 0.102386 0.204826 0.27261 0.30576
4.38341e+06 0.1026 0.205223 0.273123 0.30632
4.3849e+06 0.102814 0.20562 0.273637 0.30688
4.38638e+06 0.103028 0.206016 0.27415 0.30744
4.36681e+06 0.103034 0.206225 0.274652 0.308
4.34748e+06 0.103039 0.206428 0.275148 0.30856
4.35346e+06 0.103189 0.20677 0.275638 0.30912
4.35509e+06 0.1034 0.207163 0.276149 0.30968
4.35662e+06 0.103612 0.207558 0.276662 0.31024
4.35813e+06 0.103824 0.207952 0.277175 0.3108
4.34098e+06 0.10413 0.208497 0.277754 0.31136
4.34303e+06 0.104346 0.208897 0.278273 0.31192
4.3448e+06 0.104556 0.20929 0.278785 0.31248
4.34648e+06 0.104766 0.209682 0.279297 0.31304
4.34818e+06 0.104977 0.210076 0.27981 0.3136
4.35868e+06 0.105092 0.210374 0.280283 0.31416
4.35889e+06 0.105315 0.210782 0.280801 0.31472
4.35157e+06 0.105624 0.21127 0.281352 0.31528
4.35259e+06 0.105842 0.21167 0.281867 0.31584
4.35349e+06 0.106061 0.212071 0.282381 0.3164
4.35422e+06 0.106282 0.212474 0.282897 0.31696
4.35477e+06 0.106504 0.212878 0.283412 0.31752
4.35505e+06 0.10673 0.213285 0.283929 0.31808
4.35512e+06 0.106957 0.213694 0.284446 0.31864
4.35488e+06 0.107188 0.214105 0.284964 0.3192
4.35434e+06 0.107423 0.21452 0.285483 0.31976
4.3535e+06 0.107662 0.214939 0.286004 0.32032
4.33684e+06 0.107683 0.215155 0.2865 0.32088
4.33818e+06 0.10789 0.215543 0.287007 0.32144
4.33715e+06 0.108129 0.215959 0.287527 0.322
4.33578e+06 0.108373 0.216383 0.288049 0.32256
4.25468e+06 0.109497 0.21749 0.288804 0.32312
4.26018e+06 0.109718 0.217903 0.289318 0.32368
4.26562e+06 0.109938 0.218318 0.289833 0.32424
4.2708e+06 0.110155 0.218733 0.29035 0.3248
4.27473e+06 0.110361 0.219138 0.290867 0.32536
4.27794e+06 0.110556 0.219528 0.291379 0.32592
4.28085e+06 0.110746 0.219912 0.29189 0.32648
4.2837e+06 0.110935 0.220294 0.292402 0.32704
4.26913e+06 0.111219 0.220831 0.292976 0.3276
4.27217e+06 0.111409 0.221215 0.29349 0.32816
4.27469e+06 0.111602 0.2216 0.294002 0.32872
4.27653e+06 0.111803 0.221989 0.294515 0.32928
4.27809e+06 0.112003 0.222378 0.295027 0.32984
4.27955e+06 0.112204 0.222767 0.295538 0.3304
4.28098e+06 0.112404 0.223156 0.29605 0.33096
4.28237e+06 0.112604 0.223544 0.29656 0.33152
4.28375e+06 0.112804 0.223931 0.297071 0.33208
4.26622e+06 0.113118 0.224502 0.297657 0.33264
4.26827e+06 0.113324 0.224901 0.298176 0.3332
4.27005e+06 0.113521 0.225285 0.298685 0.33376
4.25291e+06 0.113834 0.225854 0.29927 0.33432
4.23911e+06 0.114266 0.226442 0.299849 0.33488
4.24149e+06 0.114476 0.226848 0.300372 0.33544
4.24341e+06 0.114676 0.227238 0.300886 0.336
4.24517e+06 0.114872 0.227621 0.301395 0.33656
4.22916e+06 0.114894 0.22784 0.301892 0.33712
4.23213e+06 0.115072 0.228204 0.302392 0.33768
4.234e+06 0.115266 0.228582 0.302898 0.33824
4.23587e+06 0.115461 0.228962 0.303405 0.3388
4.2377e+06 0.115655 0.229342 0.303913 0.33936
4.23952e+06 0.11585 0.229722 0.30442 0.33992
4.24132e+06 0.116044 0.230102 0.304928 0.34048
4.24305e+06 0.11624 0.230483 0.305436 0.34104
4.22679e+06 0.116264 0.230711 0.305937 0.3416
4.22982e+06 0.116445 0.231078 0.306437 0.34216
4.23177e+06 0.116641 0.231459 0.306943 0.34272
4.23365e+06 0.116838 0.231841 0.307451 0.34328
4.2184e+06 0.116868 0.232075 0.307952 0.34384
4.22155e+06 0.117052 0.232445 0.308453 0.3444
4.22355e+06 0.117251 0.232828 0.30896 0.34496
4.22528e+06 0.117452 0.233214 0.309469 0.34552
4.22661e+06 0.117657 0.233604 0.30998 0.34608
4.22784e+06 0.117863 0.233994 0.310491 0.34664
4.22901e+06 0.11807 0.234386 0.311003 0.3472
4.23011e+06 0.118276 0.234777 0.311515 0.34776
4.23114e+06 0.118481 0.235168 0.312026 0.34832
4.2321e+06 0.118687 0.235559 0.312538 0.34888
4.233e+06 0.118893 0.235951 0.313051 0.34944
4.2339e+06 0.1191 0.236345 0.313563 0.35
4.23476e+06 0.119306 0.236738 0.314076 0.35056
4.23558e+06 0.119513 0.237132 0.314589 0.35112
4.23635e+06 0.119719 0.237525 0.315102 0.35168
4.23713e+06 0.119926 0.237919 0.315614 0.35224
4.23788e+06 0.120132 0.238312 0.316127 0.3528
4.23861e+06 0.120339 0.238705 0.31664 0.35336
4.23931e+06 0.120544 0.239098 0.317153 0.35392
4.23997e+06 0.12075 0.23949 0.317665 0.35448
4.24059e+06 0.120955 0.239883 0.318178 0.35504
4.2412e+06 0.121161 0.240276 0.318691 0.3556
4.24176e+06 0.121367 0.24067 0.319205 0.35616
4.24231e+06 0.121574 0.241064 0.319718 0.35672
4.24283e+06 0.121781 0.241459 0.320232 0.35728
4.24332e+06 0.121987 0.241853 0.320745 0.35784
4.24378e+06 0.122194 0.242248 0.321259 0.3584
4.24424e+06 0.1224 0.242643 0.321773 0.35896
4.24468e+06 0.122606 0.243037 0.322287 0.35952
4.24511e+06 0.122812 0.243432 0.3228 0.36008
4.24553e+06 0.123018 0.243826 0.323314 0.36064
4.24593e+06 0.123224 0.24422 0.323828 0.3612
4.24631e+06 0.123431 0.244615 0.324342 0.36176
4.2467e+06 0.123638 0.245011 0.324856 0.36232
4.24706e+06 0.123844 0.245406 0.32537 0.36288
4.24742e+06 0.124051 0.245802 0.325884 0.36344
4.24777e+06 0.124258 0.246198 0.326398 0.364
4.24811e+06 0.124465 0.246594 0.326913 0.36456
4.24844e+06 0.124672 0.24699 0.327427 0.36512
4.24877e+06 0.124879 0.247386 0.327941 0.36568
4.24909e+06 0.125085 0.247781 0.328455 0.36624
4.24939e+06 0.125292 0.248178 0.328969 0.3668
4.2497e+06 0.125499 0.248574 0.329484 0.36736
4.25e+06 0.125706 0.248971 0.329998 0.36792
4.25028e+06 0.125913 0.249367 0.330513 0.36848
4.25057e+06 0.12612 0.249764 0.331027 0.36904
4.25085e+06 0.126327 0.250161 0.331542 0.3696
4.25112e+06 0.126534 0.250559 0.332056 0.37016
4.2514e+06 0.126741 0.250956 0.332571 0.37072
4.25167e+06 0.126949 0.251353 0.333085 0.37128
4.25194e+06 0.127156 0.251751 0.3336 0.37184
4.25221e+06 0.127363 0.252148 0.334114 0.3724
4.25247e+06 0.127569 0.252545 0.334629 0.37296
4.25273e+06 0.127776 0.252942 0.335143 0.37352
4.25299e+06 0.127983 0.253339 0.335658 0.37408
4.25325e+06 0.12819 0.253736 0.336172 0.37464
4.2535e+06 0.128396 0.254132 0.336687 0.3752
4.25375e+06 0.128602 0.254529 0.337202 0.37576
4.254e+06 0.128809 0.254925 0.337717 0.37632
4.25423e+06 0.129015 0.255321 0.338232 0.37688
4.25447e+06 0.129221 0.255718 0.338747 0.37744
4.25469e+06 0.129427 0.256113 0.339262 0.378
4.25491e+06 0.129632 0.256509 0.339778 0.37856
4.21593e+06 0.129558 0.256672 0.340308 0.37912
4.2224e+06 0.129683 0.256989 0.340793 0.37968
4.22507e+06 0.129861 0.257356 0.341297 0.38024
4.22585e+06 0.130065 0.257746 0.341811 0.3808
4.22646e+06 0.130268 0.258136 0.342325 0.38136
4.22709e+06 0.130472 0.258526 0.342839 0.38192
4.22771e+06 0.130675 0.258915 0.343353 0.38248
4.22835e+06 0.130878 0.259305 0.343867 0.38304
4.22896e+06 0.131081 0.259695 0.344381 0.3836
4.22959e+06 0.131285 0.260084 0.344895 0.38416
4.23019e+06 0.131488 0.260474 0.345409 0.38472
4.2308e+06 0.131692 0.260866 0.345924 0.38528
4.23137e+06 0.131896 0.261259 0.346438 0.38584
4.23194e+06 0.132102 0.261653 0.346954 0.3864
4.23249e+06 0.132308 0.262048 0.347469 0.38696
4.23304e+06 0.132514 0.262444 0.347985 0.38752
4.23358e+06 0.132719 0.262839 0.348501 0.38808
4.23409e+06 0.132926 0.263235 0.349017 0.38864
4.23459e+06 0.133132 0.263631 0.349532 0.3892
4.23507e+06 0.133338 0.264026 0.350048 0.38976
4.23552e+06 0.133544 0.264421 0.350564 0.39032
4.23592e+06 0.133749 0.264816 0.35108 0.39088
4.23631e+06 0.133954 0.26521 0.351595 0.39144
4.2367e+06 0.134159 0.265604 0.352111 0.392
4.23709e+06 0.134363 0.265997 0.352627 0.39256
4.23748e+06 0.134568 0.266391 0.353142 0.39312
4.23785e+06 0.134772 0.266785 0.353658 0.39368
4.23821e+06 0.134976 0.267178 0.354173 0.39424
4.23854e+06 0.135181 0.267572 0.354689 0.3948
4.2389e+06 0.135385 0.267965 0.355204 0.39536
4.23924e+06 0.13559 0.268359 0.35572 0.39592
4.21301e+06 0.135568 0.268549 0.356229 0.39648
4.21753e+06 0.135712 0.268883 0.356721 0.39704
4.2181e+06 0.135912 0.269268 0.357234 0.3976
4.21863e+06 0.136113 0.269655 0.357748 0.39816
4.21914e+06 0.136314 0.270042 0.358262 0.39872
4.21962e+06 0.136515 0.270429 0.358776 0.39928
4.22001e+06 0.136715 0.270816 0.359291 0.39984
4.22038e+06 0.136914 0.271202 0.359805 0.4004
4.22075e+06 0.137113 0.271587 0.360319 0.40096
4.22111e+06 0.137312 0.271973 0.360833 0.40152
4.22147e+06 0.137512 0.272359 0.361347 0.40208
4.22182e+06 0.137711 0.272745 0.361861 0.40264
4.22217e+06 0.13791 0.27313 0.362375 0.4032
4.22252e+06 0.138109 0.273516 0.362889 0.40376
4.22283e+06 0.138309 0.273902 0.363404 0.40432
4.22317e+06 0.138509 0.274289 0.363918 0.40488
4.22348e+06 0.13871 0.274678 0.364433 0.40544
4.22378e+06 0.138911 0.275066 0.364948 0.406
4.22406e+06 0.139112 0.275454 0.365463 0.40656
4.22433e+06 0.139313 0.275842 0.365978 0.40712
4.22459e+06 0.139513 0.276229 0.366493 0.40768
4.22483e+06 0.139713 0.276617 0.367008 0.40824
4.22506e+06 0.139913 0.277005 0.367523 0.4088
4.22529e+06 0.140114 0.277393 0.368039 0.40936
4.22551e+06 0.140315 0.277781 0.368554 0.40992
4.22573e+06 0.140516 0.27817 0.36907 0.41048
4.22594e+06 0.140717 0.278558 0.369586 0.41104
4.22614e+06 0.140918 0.278947 0.370102 0.4116
4.22634e+06 0.14112 0.279337 0.370618 0.41216
4.22653e+06 0.141322 0.279726 0.371134 0.41272
4.22671e+06 0.141523 0.280116 0.371651 0.41328
4.22687e+06 0.141725 0.280506 0.372168 0.41384
4.22704e+06 0.141927 0.280897 0.372685 0.4144
4.22719e+06 0.142129 0.281288 0.373202 0.41496
4.22733e+06 0.142332 0.28168 0.373719 0.41552
4.22747e+06 0.142535 0.282072 0.374237 0.41608
4.2276e+06 0.142738 0.282465 0.374755 0.41664
4.22772e+06 0.142941 0.282858 0.375274 0.4172
4.22784e+06 0.143144 0.283251 0.375792 0.41776
4.22795e+06 0.143347 0.283644 0.376311 0.41832
4.22806e+06 0.14355 0.284037 0.376829 0.41888
4.22817e+06 0.143752 0.28443 0.377348 0.41944
4.22827e+06 0.143955 0.284823 0.377867 0.42
4.22836e+06 0.144158 0.285216 0.378386 0.42056
4.22845e+06 0.14436 0.285608 0.378905 0.42112
4.22854e+06 0.144563 0.286001 0.379424 0.42168
4.22863e+06 0.144766 0.286394 0.379944 0.42224
4.22872e+06 0.144968 0.286786 0.380463 0.4228
4.21084e+06 0.144989 0.287023 0.380986 0.42336
4.21283e+06 0.145167 0.287388 0.381494 0.42392
4.21331e+06 0.145368 0.287776 0.38201 0.42448
4.21374e+06 0.145568 0.288163 0.382526 0.42504
4.21411e+06 0.145769 0.288551 0.383044 0.4256
4.21443e+06 0.145968 0.288938 0.383562 0.42616
4.19694e+06 0.145991 0.289174 0.384086 0.42672
4.19919e+06 0.14617 0.289541 0.384594 0.42728
4.19991e+06 0.146371 0.289928 0.385109 0.42784
4.20047e+06 0.146574 0.290318 0.385626 0.4284
4.20102e+06 0.146776 0.290706 0.386143 0.42896
4.20153e+06 0.146977 0.291093 0.38666 0.42952
4.202e+06 0.147178 0.29148 0.387178 0.43008
4.20247e+06 0.147378 0.291867 0.387695 0.43064
4.20295e+06 0.147579 0.292254 0.388212 0.4312
4.20341e+06 0.14778 0.292642 0.38873 0.43176
4.20387e+06 0.14798 0.293029 0.389247 0.43232
4.20432e+06 0.148181 0.293416 0.389764 0.43288
4.20473e+06 0.148383 0.293805 0.390282 0.43344
4.20517e+06 0.148584 0.294194 0.3908 0.434
4.20556e+06 0.148786 0.294583 0.391318 0.43456
4.20592e+06 0.148987 0.294972 0.391835 0.43512
4.20626e+06 0.149188 0.295361 0.392353 0.43568
4.20661e+06 0.14939 0.29575 0.392871 0.43624
4.20694e+06 0.149592 0.296139 0.393389 0.4368
4.20724e+06 0.149793 0.296528 0.393907 0.43736
4.20752e+06 0.149995 0.296917 0.394425 0.43792
4.20778e+06 0.150196 0.297305 0.394943 0.43848
4.20802e+06 0.150396 0.297693 0.39546 0.43904
4.20824e+06 0.150596 0.298081 0.395978 0.4396
4.20846e+06 0.150797 0.298469 0.396496 0.44016
4.20866e+06 0.150997 0.298857 0.397014 0.44072
4.20883e+06 0.151197 0.299244 0.397532 0.44128
4.18476e+06 0.151736 0.299917 0.398136 0.44184
4.18658e+06 0.151963 0.30034 0.398661 0.4424
4.18716e+06 0.152169 0.30074 0.399184 0.44296
4.18726e+06 0.152377 0.301139 0.399709 0.44352
4.1872e+06 0.152587 0.301539 0.400233 0.44408
4.17528e+06 0.152885 0.302074 0.400805 0.44464
4.17573e+06 0.153095 0.302474 0.40133 0.4452
4.17596e+06 0.153301 0.302865 0.401849 0.44576
4.17605e+06 0.153507 0.303258 0.402368 0.44632
4.17603e+06 0.153714 0.303651 0.402887 0.44688
4.17589e+06 0.153922 0.304045 0.403405 0.44744
4.14549e+06 0.154557 0.304821 0.404054 0.448
4.14752e+06 0.154795 0.305258 0.404579 0.44856
4.08628e+06 0.15575 0.306259 0.405289 0.44912
4.08969e+06 0.155987 0.30669 0.40581 0.44968
4.07408e+06 0.156319 0.307277 0.406395 0.45024
4.0772e+06 0.15656 0.307716 0.406919 0.4508
4.06758e+06 0.156852 0.30825 0.407485 0.45136
4.06975e+06 0.157073 0.308668 0.408006 0.45192
4.07127e+06 0.157293 0.309084 0.408531 0.45248
4.07234e+06 0.15751 0.309497 0.409059 0.45304
4.07303e+06 0.157728 0.309913 0.409589 0.4536
4.07342e+06 0.157947 0.310326 0.410119 0.45416
4.07361e+06 0.158165 0.310739 0.41065 0.45472
4.0736e+06 0.158384 0.311151 0.411181 0.45528
4.07338e+06 0.158604 0.311563 0.411711 0.45584
4.0729e+06 0.158827 0.311978 0.412241 0.4564
4.07222e+06 0.159053 0.312395 0.412772 0.45696
4.07119e+06 0.159285 0.312817 0.413304 0.45752
4.06975e+06 0.159521 0.313243 0.413837 0.45808
4.06803e+06 0.159761 0.313671 0.41437 0.45864
3.89878e+06 0.162102 0.315897 0.415555 0.4592
3.90132e+06 0.162347 0.31634 0.416079 0.45976
3.90379e+06 0.162595 0.316787 0.416605 0.46032
3.90625e+06 0.162842 0.317233 0.417132 0.46088
3.9087e+06 0.163089 0.31768 0.417658 0.46144
3.91114e+06 0.163335 0.318126 0.418184 0.462
3.91352e+06 0.163582 0.318573 0.418711 0.46256
3.91566e+06 0.163824 0.319015 0.419238 0.46312
3.91738e+06 0.164058 0.31945 0.419764 0.46368
3.9189e+06 0.164289 0.319881 0.420289 0.46424
3.92038e+06 0.16452 0.320312 0.420815 0.4648
3.92165e+06 0.164748 0.32074 0.421341 0.46536
3.92259e+06 0.164971 0.321163 0.421866 0.46592
3.89893e+06 0.165523 0.321842 0.422469 0.46648
3.89209e+06 0.165794 0.322359 0.423027 0.46704
3.89525e+06 0.16599 0.322758 0.423547 0.4676
3.88661e+06 0.166254 0.323264 0.424109 0.46816
3.88976e+06 0.16644 0.323652 0.424633 0.46872
3.89241e+06 0.166624 0.324035 0.425158 0.46928
3.89445e+06 0.166814 0.324423 0.425684 0.46984
3.89586e+06 0.167011 0.324818 0.42621 0.4704
3.89716e+06 0.167209 0.325212 0.426737 0.47096
3.89832e+06 0.167407 0.325605 0.427265 0.47152
3.89929e+06 0.167604 0.325995 0.427791 0.47208
3.90014e+06 0.167801 0.326386 0.428317 0.47264
3.90091e+06 0.168001 0.326778 0.428843 0.4732
3.84635e+06 0.168966 0.327844 0.429599 0.47376
3.85279e+06 0.169166 0.328255 0.430113 0.47432
3.85855e+06 0.169357 0.328656 0.430625 0.47488
3.86274e+06 0.169536 0.329038 0.431134 0.47544
3.86544e+06 0.169708 0.32941 0.431653 0.476
3.86762e+06 0.169884 0.329784 0.432176 0.47656
3.86952e+06 0.170062 0.330157 0.432697 0.47712
3.87124e+06 0.170241 0.330532 0.433219 0.47768
3.87295e+06 0.17042 0.330907 0.43374 0.47824
3.87462e+06 0.1706 0.331282 0.434261 0.4788
3.87642e+06 0.170777 0.331655 0.434782 0.47936
3.87816e+06 0.170955 0.332029 0.435304 0.47992
3.87989e+06 0.171133 0.332403 0.435825 0.48048
3.88162e+06 0.171312 0.332776 0.436346 0.48104
3.88332e+06 0.171489 0.333149 0.436867 0.4816
3.88494e+06 0.171664 0.333517 0.437385 0.48216
3.88654e+06 0.171839 0.333884 0.437902 0.48272
3.88813e+06 0.172013 0.33425 0.438418 0.48328
3.88969e+06 0.172186 0.334614 0.438933 0.48384
3.89126e+06 0.172358 0.334978 0.439447 0.4844
3.89281e+06 0.172531 0.335341 0.439961 0.48496
3.89436e+06 0.172703 0.335704 0.440475 0.48552
3.89591e+06 0.172875 0.336067 0.440989 0.48608
3.89744e+06 0.173048 0.33643 0.441503 0.48664
3.89897e+06 0.173219 0.336792 0.442017 0.4872
3.90048e+06 0.173391 0.337154 0.442531 0.48776
3.90197e+06 0.173563 0.337516 0.443046 0.48832
3.90345e+06 0.173734 0.337878 0.443561 0.48888
3.90492e+06 0.173905 0.33824 0.444077 0.48944
3.90638e+06 0.174076 0.338601 0.444592 0.49
3.90783e+06 0.174247 0.338961 0.445106 0.49056
3.90927e+06 0.174417 0.339321 0.445619 0.49112
3.9107e+06 0.174587 0.33968 0.446133 0.49168
3.91213e+06 0.174757 0.34004 0.446647 0.49224
3.91353e+06 0.174927 0.340399 0.447162 0.4928
3.91492e+06 0.175097 0.340758 0.447678 0.49336
3.91628e+06 0.175266 0.341117 0.448194 0.49392
3.91761e+06 0.175435 0.341476 0.448713 0.49448
3.91891e+06 0.175604 0.341834 0.449232 0.49504
3.9202e+06 0.175773 0.342192 0.449752 0.4956
3.92149e+06 0.175942 0.34255 0.450272 0.49616
3.92277e+06 0.17611 0.342908 0.450792 0.49672
3.92403e+06 0.176279 0.343266 0.451312 0.49728
3.9253e+06 0.176448 0.343624 0.451832 0.49784
3.92656e+06 0.176617 0.343983 0.452353 0.4984
3.92781e+06 0.176785 0.344341 0.452873 0.49896
3.92906e+06 0.176954 0.344699 0.453394 0.49952
3.93031e+06 0.177123 0.345057 0.453914 0.50008
3.93155e+06 0.177292 0.345415 0.454435 0.50064
3.93279e+06 0.177461 0.345773 0.454955 0.5012
3.93402e+06 0.17763 0.346131 0.455476 0.50176
3.93525e+06 0.177799 0.34649 0.455997 0.50232
3.93648e+06 0.177967 0.346848 0.456517 0.50288
3.93769e+06 0.178137 0.347206 0.457038 0.50344
3.93889e+06 0.178306 0.347564 0.457559 0.504
3.94009e+06 0.178475 0.347923 0.45808 0.50456
3.94127e+06 0.178644 0.348281 0.458601 0.50512
3.94244e+06 0.178814 0.34864 0.459123 0.50568
3.9436e+06 0.178983 0.348998 0.459644 0.50624
3.94474e+06 0.179153 0.349356 0.460166 0.5068
3.94586e+06 0.179322 0.349715 0.460688 0.50736
3.94696e+06 0.179492 0.350074 0.46121 0.50792
3.94805e+06 0.179662 0.350433 0.461732 0.50848
3.94911e+06 0.179833 0.350792 0.462255 0.50904
3.95014e+06 0.180003 0.351151 0.462777 0.5096
3.95116e+06 0.180174 0.351511 0.4633 0.51016
3.95215e+06 0.180345 0.351871 0.463823 0.51072
3.95312e+06 0.180517 0.352231 0.464346 0.51128
3.95405e+06 0.180689 0.352592 0.464869 0.51184
3.95496e+06 0.180862 0.352953 0.465393 0.5124
3.95584e+06 0.181035 0.353315 0.465916 0.51296
3.95668e+06 0.181209 0.353678 0.46644 0.51352
3.95749e+06 0.181383 0.354041 0.466964 0.51408
3.95826e+06 0.181558 0.354404 0.467488 0.51464
3.959e+06 0.181734 0.354768 0.468012 0.5152
3.95969e+06 0.18191 0.355133 0.468536 0.51576
3.96035e+06 0.182087 0.355498 0.469061 0.51632
3.96098e+06 0.182264 0.355864 0.469586 0.51688
3.96156e+06 0.182442 0.356231 0.47011 0.51744
3.96211e+06 0.182621 0.356598 0.470636 0.518
3.96262e+06 0.182801 0.356966 0.471161 0.51856
3.9631e+06 0.182981 0.357334 0.471686 0.51912
3.96354e+06 0.183161 0.357703 0.472212 0.51968
3.96395e+06 0.183342 0.358072 0.472737 0.52024
3.96432e+06 0.183524 0.358442 0.473263 0.5208
3.96467e+06 0.183706 0.358812 0.473789 0.52136
3.965e+06 0.183888 0.359183 0.474315 0.52192
3.9653e+06 0.184071 0.359553 0.474841 0.52248
3.96557e+06 0.184254 0.359925 0.475367 0.52304
3.96583e+06 0.184437 0.360296 0.475894 0.5236
3.96607e+06 0.184621 0.360667 0.47642 0.52416
3.96629e+06 0.184805 0.361039 0.476947 0.52472
3.9665e+06 0.184989 0.361411 0.477473 0.52528
3.96669e+06 0.185173 0.361783 0.478 0.52584
3.96686e+06 0.185357 0.362155 0.478527 0.5264
3.96702e+06 0.185541 0.362527 0.479055 0.52696
3.96717e+06 0.185726 0.362899 0.479582 0.52752
3.9673e+06 0.18591 0.363272 0.48011 0.52808
3.96741e+06 0.186095 0.363644 0.480639 0.52864
3.96751e+06 0.18628 0.364017 0.481168 0.5292
3.96758e+06 0.186464 0.364389 0.481698 0.52976
3.96764e+06 0.186649 0.364761 0.482229 0.53032
3.96767e+06 0.186833 0.365134 0.48276 0.53088
3.96769e+06 0.187017 0.365506 0.483292 0.53144
3.9677e+06 0.187202 0.365878 0.483825 0.532
3.96768e+06 0.187386 0.36625 0.484358 0.53256
3.96765e+06 0.18757 0.366623 0.484892 0.53312
3.96762e+06 0.187755 0.366995 0.485427 0.53368
3.96757e+06 0.187939 0.367367 0.485962 0.53424
3.96752e+06 0.188123 0.36774 0.486497 0.5348
3.96746e+06 0.188307 0.368112 0.487032 0.53536
3.96739e+06 0.188491 0.368484 0.487568 0.53592
3.96732e+06 0.188676 0.368856 0.488104 0.53648
3.96724e+06 0.18886 0.369229 0.48864 0.53704
3.96716e+06 0.189044 0.369601 0.489176 0.5376
3.96708e+06 0.189228 0.369973 0.489712 0.53816
3.96699e+06 0.189412 0.370346 0.490248 0.53872
3.9669e+06 0.189597 0.370718 0.490785 0.53928
3.9668e+06 0.189781 0.37109 0.491321 0.53984
3.9667e+06 0.189965 0.371463 0.491858 0.5404
3.9666e+06 0.190149 0.371835 0.492395 0.54096
3.96649e+06 0.190333 0.372207 0.492932 0.54152
3.96638e+06 0.190517 0.372579 0.493469 0.54208
3.96627e+06 0.190701 0.372952 0.494006 0.54264
3.96616e+06 0.190885 0.373324 0.494543 0.5432
3.96604e+06 0.191069 0.373696 0.495081 0.54376
3.96592e+06 0.191254 0.374068 0.495618 0.54432
3.9658e+06 0.191438 0.37444 0.496156 0.54488
3.96567e+06 0.191622 0.374812 0.496694 0.54544
3.96554e+06 0.191805 0.375184 0.497232 0.546
3.9654e+06 0.191989 0.375556 0.49777 0.54656
3.95456e+06 0.192042 0.375821 0.498331 0.54712
3.9549e+06 0.192232 0.376197 0.498873 0.54768
3.95515e+06 0.192419 0.37657 0.499411 0.54824
3.9553e+06 0.192605 0.376943 0.49995 0.5488
3.95542e+06 0.192791 0.377316 0.500489 0.54936
3.95547e+06 0.192976 0.377688 0.501028 0.54992
3.94504e+06 0.19303 0.377953 0.501591 0.55048
3.94558e+06 0.193221 0.378331 0.502134 0.55104
3.94588e+06 0.193412 0.378707 0.502675 0.5516
3.94617e+06 0.1936 0.379081 0.503216 0.55216
3.94641e+06 0.193787 0.379455 0.503757 0.55272
3.94659e+06 0.193974 0.379828 0.504299 0.55328
3.9467e+06 0.19416 0.380202 0.504842 0.55384
3.94677e+06 0.194347 0.380576 0.505386 0.5544
3.94683e+06 0.194533 0.38095 0.505931 0.55496
3.94685e+06 0.194719 0.381324 0.506477 0.55552
3.94686e+06 0.194906 0.3817 0.507023 0.55608
3.94683e+06 0.195093 0.382076 0.50757 0.55664
3.89073e+06 0.194874 0.381984 0.509109 0.5572
3.89668e+06 0.194982 0.382287 0.509651 0.55776
3.90111e+06 0.195097 0.382601 0.510196 0.55832
3.90477e+06 0.195222 0.382925 0.510742 0.55888
3.90538e+06 0.195397 0.383291 0.511294 0.55944
3.9053e+06 0.195583 0.383667 0.511848 0.56
