1.05365e+06 -36729.1 -39390.8 -39305.1 -36476 -36788.6 -88814.8 -88561.6 -36493.4 -36812.8 -87742.7 -87473.8 -36504.3 -36788.6 -88814.8 -88561.6 -36493.4 -36729.1 -39390.8 -39305.1 -36476
2.01431e+06 -70070.1 -77287.4 -77159.5 -72886.1 -69852.1 -165759 -165763 -72977.6 -69831 -163942 -164029 -73005.7 -69852.1 -165759 -165763 -72977.6 -70070.1 -77287.4 -77159.5 -72886.1
2.70663e+06 -92219.4 -105437 -105189 -102395 -91400.9 -219609 -219812 -102636 -91280.8 -217448 -217827 -102696 -91400.9 -219609 -219812 -102636 -92219.4 -105437 -105189 -102395
3.2336e+06 -108069 -126129 -125838 -125387 -106662 -261521 -262007 -125745 -106454 -258935 -259663 -125835 -106662 -261521 -262007 -125745 -108069 -126129 -125838 -125387
3.67871e+06 -120956 -142846 -142514 -144809 -119037 -297881 -298731 -145201 -118743 -294780 -295932 -145306 -119037 -297881 -298731 -145201 -120956 -142846 -142514 -144809
4.06912e+06 -132014 -157492 -157158 -161973 -129603 -329949 -331235 -162389 -129229 -326328 -327958 -162516 -129603 -329949 -331235 -162389 -132014 -157492 -157158 -161973
4.42753e+06 -142086 -170336 -170011 -177666 -139153 -359832 -361680 -178065 -138677 -355661 -357891 -178201 -139153 -359832 -361680 -178065 -142086 -170336 -170011 -177666
4.7621e+06 -151446 -182394 -182118 -192263 -148102 -387754 -390100 -192625 -147553 -382917 -385684 -192772 -148102 -387754 -390100 -192625 -151446 -182394 -182118 -192263
5.07721e+06 -160437 -193483 -193228 -205863 -156641 -414209 -417130 -206154 -155992 -408830 -412203 -206302 -156641 -414209 -417130 -206154 -160437 -193483 -193228 -205863
5.37827e+06 -168818 -203783 -203663 -218597 -164604 -439794 -443571 -218839 -163861 -433974 -438234 -218990 -164604 -439794 -443571 -218839 -168818 -203783 -203663 -218597
5.66773e+06 -176895 -213665 -213840 -230610 -172405 -464730 -469036 -230784 -171606 -458361 -463135 -230933 -172405 -464730 -469036 -230784 -176895 -213665 -213840 -230610
5.94774e+06 -184980 -223425 -223755 -242153 -180139 -488673 -493459 -242222 -179256 -481701 -486985 -242356 -180139 -488673 -493459 -242222 -184980 -223425 -223755 -242153
6.21852e+06 -192996 -232839 -233241 -253147 -187773 -511726 -517225 -253119 -186802 -504304 -510338 -253252 -187773 -511726 -517225 -253119 -192996 -232839 -233241 -253147
6.482e+06 -200771 -241790 -242298 -263605 -195272 -534413 -540520 -263504 -194256 -526635 -533310 -263634 -195272 -534413 -540520 -263504 -200771 -241790 -242298 -263605
6.73991e+06 -208398 -250489 -251249 -273690 -202676 -556672 -563350 -273535 -201591 -548601 -555863 -273666 -202676 -556672 -563350 -273535 -208398 -250489 -251249 -273690
6.99147e+06 -215880 -259049 -260047 -283374 -209979 -578478 -585661 -283153 -208817 -570145 -577917 -283269 -209979 -578478 -585661 -283153 -215880 -259049 -260047 -283374
7.23738e+06 -223310 -267462 -268698 -292699 -217244 -599841 -607407 -292427 -216041 -591242 -599338 -292531 -217244 -599841 -607407 -292427 -223310 -267462 -268698 -292699
7.4771e+06 -230726 -275747 -277186 -301602 -224487 -620664 -628557 -301250 -223244 -611797 -620283 -301344 -224487 -620664 -628557 -301250 -230726 -275747 -277186 -301602
7.61789e+06 -238311 -284246 -286293 -290771 -231910 -642034 -648196 -290357 -230613 -632950 -639679 -290431 -231910 -642034 -648196 -290357 -238311 -284246 -286293 -290771
7.84085e+06 -245651 -292326 -294476 -297738 -239067 -662124 -668229 -297261 -237712 -652798 -659480 -297325 -239067 -662124 -668229 -297261 -245651 -292326 -294476 -297738
8.00662e+06 -252977 -300415 -302795 -294342 -246259 -682053 -685752 -294182 -244857 -672843 -677092 -294286 -246259 -682053 -685752 -294182 -252977 -300415 -302795 -294342
8.21732e+06 -260026 -308074 -310485 -300918 -253215 -701114 -704394 -300749 -251798 -691235 -695639 -300850 -253215 -701114 -704394 -300749 -260026 -308074 -310485 -300918
8.34717e+06 -267339 -315492 -315308 -297976 -260537 -720930 -712746 -297820 -259129 -710353 -703659 -297923 -260537 -720930 -712746 -297820 -267339 -315492 -315308 -297976
8.08108e+06 -277280 -318550 -345239 -300232 -271641 -724468 -577401 -299244 -270371 -713657 -569696 -299097 -271641 -724468 -577401 -299244 -277280 -318550 -345239 -300232
7.18735e+06 -298580 -267655 -360592 -320429 -292135 -580692 -370240 -328346 -290701 -572229 -359632 -327515 -292135 -580692 -370240 -328346 -298580 -267655 -360592 -320429
6.63805e+06 -324039 -170464 -369866 -331352 -317488 -364457 -409235 -331708 -315982 -353449 -400129 -331194 -317488 -364457 -409235 -331708 -324039 -170464 -369866 -331352
6.68785e+06 -328430 -174960 -372236 -323393 -322026 -376896 -414255 -323981 -320578 -366172 -405193 -323560 -322026 -376896 -414255 -323981 -328430 -174960 -372236 -323393
6.62924e+06 -325662 -201615 -364720 -222070 -318048 -443078 -490385 -222669 -316170 -432393 -482234 -222159 -318048 -443078 -490385 -222669 -325662 -201615 -364720 -222070
6.04699e+06 -243371 -206922 -278170 -186988 -238006 -458220 -524257 -188089 -236537 -447874 -526634 -187747 -238006 -458220 -524257 -188089 -243371 -206922 -278170 -186988
5.81143e+06 -121894 -240226 -156064 -203447 -117064 -527994 -612448 -205020 -115819 -517245 -605095 -204896 -117064 -527994 -612448 -205020 -121894 -240226 -156064 -203447
5.91231e+06 -122630 -243020 -161783 -208547 -117589 -535507 -624103 -209991 -116313 -523505 -616275 -209884 -117589 -535507 -624103 -209991 -122630 -243020 -161783 -208547
6.21179e+06 -132948 -254385 -173625 -217286 -127808 -561824 -650372 -218811 -126476 -549637 -642847 -218723 -127808 -561824 -650372 -218811 -132948 -254385 -173625 -217286
6.50976e+06 -143444 -265764 -185049 -226150 -138369 -588810 -675162 -227712 -136952 -576579 -667828 -227622 -138369 -588810 -675162 -227712 -143444 -265764 -185049 -226150
6.7933e+06 -154884 -272421 -189147 -235296 -149228 -617318 -700704 -236574 -147791 -604778 -693108 -236413 -149228 -617318 -700704 -236574 -154884 -272421 -189147 -235296
7.01147e+06 -164252 -283185 -199244 -234920 -159181 -641521 -719515 -236200 -157550 -630094 -711705 -236070 -159181 -641521 -719515 -236200 -164252 -283185 -199244 -234920
7.22529e+06 -175033 -294539 -207465 -233627 -168838 -667960 -736227 -235018 -168349 -655541 -729106 -234905 -168838 -667960 -736227 -235018 -175033 -294539 -207465 -233627
7.44593e+06 -185111 -304739 -213083 -241551 -179180 -690027 -745872 -242985 -177661 -680114 -740106 -242853 -179180 -690027 -745872 -242985 -185111 -304739 -213083 -241551
7.65306e+06 -186489 -314390 -222100 -249935 -180682 -714302 -761967 -251378 -179081 -705429 -754849 -251234 -180682 -714302 -761967 -251378 -186489 -314390 -222100 -249935
7.27219e+06 -169054 -295084 -209691 -245781 -163726 -672862 -733042 -247039 -162145 -663643 -726941 -246859 -163726 -672862 -733042 -247039 -169054 -295084 -209691 -245781
