1.05365e+06 0.00142413 0.00307837 0.0042
2.01431e+06 0.00294644 0.0062358 0.0084
2.70663e+06 0.00464545 0.00958229 0.0126
3.2336e+06 0.00641146 0.0130127 0.0168
3.67871e+06 0.00819593 0.0164702 0.021
4.06912e+06 0.00998382 0.019933 0.0252
4.42753e+06 0.0117705 0.0233984 0.0294
4.7621e+06 0.013553 0.0268567 0.0336
5.07721e+06 0.0153262 0.0303125 0.0378
5.37827e+06 0.017083 0.0337622 0.042
5.66773e+06 0.0188295 0.0371979 0.0462
5.94774e+06 0.0205667 0.0406282 0.0504
6.21852e+06 0.0223055 0.0440552 0.0546
6.482e+06 0.0240373 0.0474751 0.0588
6.73991e+06 0.0257623 0.0508861 0.063
6.99147e+06 0.0274791 0.0542907 0.0672
7.23738e+06 0.0291893 0.0576856 0.0714
7.4771e+06 0.0308937 0.0610764 0.0756
7.61789e+06 0.0326628 0.0646983 0.0798
7.84085e+06 0.0343764 0.0681061 0.084
8.00662e+06 0.0361229 0.0716494 0.0882
8.21732e+06 0.0378226 0.0750593 0.0924
8.34717e+06 0.0396023 0.0786833 0.0966
8.08108e+06 0.0420376 0.0830712 0.1008
7.18735e+06 0.0467523 0.0888978 0.105
6.63805e+06 0.0496898 0.094122 0.1092
6.68785e+06 0.0505044 0.098209 0.1134
6.62924e+06 0.0547197 0.102472 0.1176
6.04699e+06 0.0566957 0.107627 0.1218
5.81143e+06 0.0616289 0.112184 0.126
5.91231e+06 0.0623968 0.116462 0.1302
6.21179e+06 0.0641925 0.120011 0.1344
6.50976e+06 0.0659939 0.123559 0.1386
6.7933e+06 0.0678661 0.127137 0.1428
7.01147e+06 0.0695546 0.130844 0.147
7.22529e+06 0.0713399 0.134537 0.1512
7.44593e+06 0.0731714 0.138228 0.1554
7.65306e+06 0.0750558 0.141965 0.1596
7.27219e+06 0.0763203 0.146234 0.1638
