53476.4 0.000114693 0.00029037 0.00042
106953 0.000229386 0.000580741 0.00084
160428 0.00034408 0.000871112 0.00126
213904 0.000458774 0.00116148 0.00168
267379 0.00057347 0.00145185 0.0021
320853 0.000688166 0.00174223 0.00252
374327 0.000802863 0.0020326 0.00294
427800 0.000917561 0.00232297 0.00336
481272 0.00103226 0.00261335 0.00378
534744 0.00114696 0.00290372 0.0042
588214 0.00126166 0.0031941 0.00462
641682 0.00137636 0.00348448 0.00504
695150 0.00149107 0.00377486 0.00546
748616 0.00160577 0.00406524 0.00588
802080 0.00172048 0.00435562 0.0063
855523 0.0018352 0.00464603 0.00672
908700 0.00195018 0.00493682 0.00714
961384 0.00206499 0.00522764 0.00756
1.01355e+06 0.00217944 0.0055182 0.00798
1.06531e+06 0.00229453 0.00580928 0.0084
1.11666e+06 0.00240983 0.00610058 0.00882
1.16754e+06 0.00252485 0.00639172 0.00924
1.21808e+06 0.00264017 0.00668296 0.00966
1.26838e+06 0.00275594 0.00697458 0.01008
1.31813e+06 0.0028723 0.00726689 0.0105
1.36655e+06 0.00299085 0.0075609 0.01092
1.41417e+06 0.00310932 0.00785486 0.01134
1.46034e+06 0.0032283 0.00814957 0.01176
1.50536e+06 0.0033477 0.00844451 0.01218
1.54961e+06 0.00346672 0.00873914 0.0126
1.59301e+06 0.00358721 0.0090346 0.01302
1.63545e+06 0.00370811 0.00933043 0.01344
1.6773e+06 0.00382941 0.00962642 0.01386
1.71849e+06 0.00395032 0.00992191 0.01428
1.75888e+06 0.0040721 0.010218 0.0147
1.79901e+06 0.00419412 0.0105144 0.01512
1.8386e+06 0.00431553 0.0108103 0.01554
1.87717e+06 0.0044392 0.0111074 0.01596
1.91511e+06 0.00456458 0.0114055 0.01638
1.95271e+06 0.0046899 0.0117035 0.0168
1.98991e+06 0.00481519 0.0120014 0.01722
2.02665e+06 0.00494063 0.0122995 0.01764
2.06284e+06 0.0050665 0.0125977 0.01806
2.09883e+06 0.00519277 0.0128961 0.01848
2.13434e+06 0.00531913 0.0131944 0.0189
2.16905e+06 0.0054461 0.013493 0.01932
2.20331e+06 0.00557363 0.013792 0.01974
2.23719e+06 0.00570208 0.0140917 0.02016
2.2708e+06 0.00583107 0.0143917 0.02058
2.30393e+06 0.0059594 0.0146908 0.021
2.33649e+06 0.00608829 0.0149906 0.02142
2.36878e+06 0.00621652 0.0152899 0.02184
2.40082e+06 0.00634407 0.0155883 0.02226
2.43256e+06 0.00647122 0.0158861 0.02268
2.46389e+06 0.0065987 0.0161838 0.0231
2.49486e+06 0.00672639 0.0164815 0.02352
2.52546e+06 0.0068546 0.0167795 0.02394
2.55596e+06 0.00698301 0.0170777 0.02436
2.58628e+06 0.00711113 0.0173757 0.02478
2.6163e+06 0.00723959 0.017674 0.0252
2.64624e+06 0.00736806 0.0179723 0.02562
2.67609e+06 0.00749668 0.0182707 0.02604
2.70559e+06 0.00762633 0.0185698 0.02646
2.7349e+06 0.00775616 0.0188687 0.02688
2.76409e+06 0.00788598 0.0191677 0.0273
2.79303e+06 0.00801533 0.019466 0.02772
2.8217e+06 0.00814426 0.0197639 0.02814
2.85008e+06 0.00827278 0.0200616 0.02856
2.87822e+06 0.00840157 0.0203596 0.02898
2.90625e+06 0.0085302 0.0206576 0.0294
2.93413e+06 0.00865884 0.0209555 0.02982
2.96169e+06 0.00878816 0.0212537 0.03024
2.9891e+06 0.00891716 0.0215514 0.03066
3.01642e+06 0.00904598 0.0218491 0.03108
3.04358e+06 0.00917467 0.0221471 0.0315
3.07068e+06 0.00930333 0.0224452 0.03192
3.09771e+06 0.00943203 0.0227434 0.03234
3.12466e+06 0.00956067 0.0230417 0.03276
3.15156e+06 0.00968922 0.0233399 0.03318
3.17836e+06 0.00981788 0.0236383 0.0336
3.20495e+06 0.00994621 0.0239361 0.03402
3.2314e+06 0.0100747 0.0242339 0.03444
3.25777e+06 0.0102032 0.0245315 0.03486
3.28401e+06 0.0103314 0.0248287 0.03528
3.3102e+06 0.0104598 0.0251261 0.0357
3.33627e+06 0.0105886 0.0254237 0.03612
3.36228e+06 0.0107176 0.0257214 0.03654
3.38828e+06 0.0108466 0.0260191 0.03696
3.41423e+06 0.0109754 0.0263169 0.03738
3.4401e+06 0.0111038 0.0266146 0.0378
3.46582e+06 0.011232 0.0269125 0.03822
3.49152e+06 0.0113602 0.0272103 0.03864
3.51716e+06 0.0114884 0.0275084 0.03906
3.54272e+06 0.0116166 0.0278067 0.03948
3.56815e+06 0.0117447 0.0281049 0.0399
3.59339e+06 0.0118732 0.0284034 0.04032
3.61848e+06 0.012002 0.0287021 0.04074
3.64349e+06 0.012131 0.0290012 0.04116
3.66843e+06 0.0122601 0.0293005 0.04158
3.69329e+06 0.0123889 0.0295996 0.042
3.71805e+06 0.0125178 0.0298987 0.04242
3.74277e+06 0.0126469 0.0301979 0.04284
3.76745e+06 0.012776 0.0304974 0.04326
3.79208e+06 0.012905 0.0307967 0.04368
3.81665e+06 0.0130339 0.0310958 0.0441
3.8411e+06 0.0131623 0.0313944 0.04452
3.86546e+06 0.0132903 0.0316926 0.04494
3.88977e+06 0.0134183 0.0319909 0.04536
3.91406e+06 0.0135462 0.032289 0.04578
3.93825e+06 0.0136738 0.0325869 0.0462
3.9624e+06 0.0138014 0.0328847 0.04662
3.98648e+06 0.0139288 0.0331824 0.04704
4.01053e+06 0.0140561 0.0334802 0.04746
4.03447e+06 0.0141835 0.0337781 0.04788
4.05838e+06 0.014311 0.034076 0.0483
4.08225e+06 0.0144385 0.0343741 0.04872
4.10607e+06 0.014566 0.0346724 0.04914
4.12979e+06 0.0146934 0.0349708 0.04956
4.15345e+06 0.0148209 0.0352694 0.04998
4.17706e+06 0.0149483 0.0355679 0.0504
4.20064e+06 0.0150757 0.0358664 0.05082
4.22415e+06 0.015203 0.0361651 0.05124
4.24761e+06 0.0153304 0.0364641 0.05166
4.27103e+06 0.0154577 0.0367633 0.05208
4.2944e+06 0.0155851 0.0370625 0.0525
4.31772e+06 0.0157123 0.0373616 0.05292
4.34101e+06 0.0158396 0.0376608 0.05334
4.36425e+06 0.0159668 0.03796 0.05376
4.3874e+06 0.0160938 0.0382592 0.05418
4.41052e+06 0.0162208 0.0385584 0.0546
4.43356e+06 0.016348 0.0388578 0.05502
4.45656e+06 0.0164753 0.0391573 0.05544
4.47947e+06 0.0166027 0.0394569 0.05586
4.50234e+06 0.0167302 0.0397565 0.05628
4.52517e+06 0.0168577 0.0400562 0.0567
4.54799e+06 0.0169853 0.0403559 0.05712
4.57077e+06 0.0171129 0.0406556 0.05754
4.59353e+06 0.0172405 0.0409553 0.05796
4.61626e+06 0.0173679 0.041255 0.05838
4.63894e+06 0.0174952 0.0415547 0.0588
4.66159e+06 0.0176225 0.0418544 0.05922
4.68419e+06 0.0177496 0.0421539 0.05964
4.70675e+06 0.0178766 0.0424535 0.06006
4.72926e+06 0.0180036 0.042753 0.06048
4.75172e+06 0.0181306 0.0430526 0.0609
4.77409e+06 0.0182577 0.0433521 0.06132
4.79642e+06 0.0183847 0.0436515 0.06174
4.81866e+06 0.018512 0.0439515 0.06216
4.84084e+06 0.0186394 0.0442516 0.06258
4.86296e+06 0.0187669 0.044552 0.063
4.88506e+06 0.0188944 0.0448524 0.06342
4.90708e+06 0.019022 0.0451526 0.06384
4.92904e+06 0.0191494 0.0454528 0.06426
4.95093e+06 0.0192767 0.0457528 0.06468
4.97277e+06 0.0194041 0.0460529 0.0651
4.99457e+06 0.0195315 0.046353 0.06552
5.01629e+06 0.0196589 0.0466531 0.06594
5.03795e+06 0.0197863 0.0469533 0.06636
5.05953e+06 0.0199139 0.0472539 0.06678
5.08105e+06 0.0200419 0.0475548 0.0672
5.10252e+06 0.0201699 0.0478558 0.06762
5.12393e+06 0.0202982 0.048157 0.06804
5.14527e+06 0.0204267 0.0484583 0.06846
5.16656e+06 0.0205555 0.0487598 0.06888
5.18776e+06 0.0206845 0.0490615 0.0693
5.2089e+06 0.0208138 0.0493633 0.06972
5.22995e+06 0.0209436 0.0496654 0.07014
5.25092e+06 0.0210736 0.0499676 0.07056
5.27179e+06 0.021204 0.0502702 0.07098
5.29258e+06 0.0213346 0.0505728 0.0714
5.31328e+06 0.0214656 0.0508757 0.07182
5.3339e+06 0.021597 0.0511789 0.07224
5.35445e+06 0.0217288 0.0514822 0.07266
5.37487e+06 0.0218606 0.0517856 0.07308
5.39518e+06 0.0219928 0.0520892 0.0735
5.41539e+06 0.0221251 0.0523929 0.07392
5.4355e+06 0.0222578 0.052697 0.07434
5.45553e+06 0.0223908 0.0530013 0.07476
5.47548e+06 0.0225241 0.0533057 0.07518
5.49534e+06 0.0226574 0.0536102 0.0756
5.51513e+06 0.0227909 0.0539148 0.07602
5.53483e+06 0.0229248 0.0542198 0.07644
5.55445e+06 0.0230589 0.0545251 0.07686
5.57397e+06 0.0231932 0.0548306 0.07728
5.59339e+06 0.023328 0.0551366 0.0777
5.61272e+06 0.0234632 0.0554427 0.07812
5.63197e+06 0.0235987 0.0557491 0.07854
5.65113e+06 0.0237346 0.0560558 0.07896
5.67019e+06 0.0238709 0.0563626 0.07938
5.68914e+06 0.0240076 0.0566696 0.0798
5.708e+06 0.0241448 0.056977 0.08022
5.72675e+06 0.0242825 0.0572847 0.08064
5.74539e+06 0.0244207 0.0575927 0.08106
5.7639e+06 0.0245596 0.057901 0.08148
5.7823e+06 0.024699 0.0582096 0.0819
5.80054e+06 0.0248391 0.0585188 0.08232
5.81866e+06 0.02498 0.0588284 0.08274
5.83663e+06 0.0251216 0.0591384 0.08316
5.85446e+06 0.025264 0.0594489 0.08358
5.87214e+06 0.0254072 0.0597599 0.084
5.88968e+06 0.025551 0.0600713 0.08442
5.90708e+06 0.0256954 0.0603831 0.08484
5.92436e+06 0.0258405 0.0606952 0.08526
5.94151e+06 0.0259862 0.0610078 0.08568
5.95855e+06 0.0261324 0.0613206 0.0861
5.97548e+06 0.0262791 0.0616338 0.08652
5.99229e+06 0.0264262 0.0619475 0.08694
6.00902e+06 0.0265738 0.0622614 0.08736
6.02565e+06 0.0267216 0.0625756 0.08778
6.0422e+06 0.0268697 0.0628899 0.0882
6.05866e+06 0.0270179 0.0632044 0.08862
6.07503e+06 0.0271665 0.063519 0.08904
6.09132e+06 0.0273153 0.0638338 0.08946
6.1075e+06 0.0274646 0.0641489 0.08988
6.12358e+06 0.0276142 0.0644642 0.0903
6.13957e+06 0.0277642 0.0647796 0.09072
6.15545e+06 0.0279144 0.0650952 0.09114
6.17124e+06 0.0280649 0.065411 0.09156
6.18691e+06 0.0282159 0.0657271 0.09198
6.20246e+06 0.0283676 0.0660435 0.0924
6.2179e+06 0.0285196 0.06636 0.09282
6.23324e+06 0.0286719 0.0666767 0.09324
6.24848e+06 0.0288248 0.0669937 0.09366
6.26362e+06 0.0289779 0.0673108 0.09408
6.27866e+06 0.0291315 0.0676282 0.0945
6.2936e+06 0.0292855 0.0679457 0.09492
6.30844e+06 0.0294398 0.0682634 0.09534
6.32318e+06 0.0295946 0.0685814 0.09576
6.33782e+06 0.0297498 0.0688995 0.09618
6.35235e+06 0.0299054 0.0692178 0.0966
6.36677e+06 0.0300615 0.0695363 0.09702
6.38108e+06 0.0302181 0.0698551 0.09744
6.39528e+06 0.0303752 0.0701742 0.09786
6.40936e+06 0.0305329 0.0704938 0.09828
6.42334e+06 0.030691 0.0708137 0.0987
6.4372e+06 0.0308498 0.0711338 0.09912
6.45095e+06 0.031009 0.0714541 0.09954
6.46459e+06 0.0311688 0.0717746 0.09996
6.47811e+06 0.031329 0.0720953 0.10038
6.49152e+06 0.0314895 0.0724163 0.1008
6.50481e+06 0.0316505 0.0727374 0.10122
6.51797e+06 0.031812 0.0730587 0.10164
6.53098e+06 0.0319743 0.0733805 0.10206
6.54382e+06 0.0321376 0.0737029 0.10248
6.5564e+06 0.0323025 0.0740261 0.1029
6.5688e+06 0.0324685 0.07435 0.10332
6.58093e+06 0.0326363 0.0746749 0.10374
6.59275e+06 0.032806 0.0750009 0.10416
6.60437e+06 0.032977 0.0753276 0.10458
6.61581e+06 0.0331488 0.0756548 0.105
6.62712e+06 0.0333213 0.0759824 0.10542
6.63829e+06 0.0334944 0.0763104 0.10584
6.64935e+06 0.033668 0.0766387 0.10626
6.66028e+06 0.0338422 0.0769674 0.10668
6.6711e+06 0.034017 0.0772964 0.1071
6.6818e+06 0.0341924 0.0776258 0.10752
6.69237e+06 0.0343683 0.0779556 0.10794
6.70281e+06 0.034545 0.0782858 0.10836
6.71311e+06 0.0347225 0.0786165 0.10878
6.72327e+06 0.0349009 0.0789476 0.1092
6.73327e+06 0.0350802 0.0792794 0.10962
6.74311e+06 0.0352604 0.0796117 0.11004
6.75281e+06 0.0354415 0.0799446 0.11046
6.76234e+06 0.0356234 0.0802781 0.11088
6.77172e+06 0.0358062 0.080612 0.1113
6.78096e+06 0.0359897 0.0809464 0.11172
6.79006e+06 0.036174 0.0812814 0.11214
6.799e+06 0.0363594 0.081617 0.11256
6.8078e+06 0.0365456 0.0819531 0.11298
6.81645e+06 0.0367327 0.0822898 0.1134
6.82496e+06 0.0369206 0.0826271 0.11382
6.83333e+06 0.0371093 0.0829648 0.11424
6.84154e+06 0.0372989 0.0833032 0.11466
6.84958e+06 0.0374896 0.0836423 0.11508
6.85746e+06 0.0376814 0.083982 0.1155
6.86515e+06 0.0378744 0.0843224 0.11592
6.87268e+06 0.0380684 0.0846634 0.11634
6.88005e+06 0.0382634 0.0850051 0.11676
6.88724e+06 0.0384594 0.0853473 0.11718
6.89428e+06 0.0386564 0.0856902 0.1176
6.90115e+06 0.0388545 0.0860338 0.11802
6.90788e+06 0.0390532 0.0863779 0.11844
6.91446e+06 0.0392531 0.0867228 0.11886
6.9209e+06 0.0394536 0.0870682 0.11928
6.92722e+06 0.0396548 0.087414 0.1197
6.93341e+06 0.0398565 0.0877602 0.12012
6.93948e+06 0.0400589 0.088107 0.12054
6.94543e+06 0.0402617 0.0884541 0.12096
6.95128e+06 0.040465 0.0888016 0.12138
6.957e+06 0.0406688 0.0891496 0.1218
6.96263e+06 0.0408732 0.0894979 0.12222
6.96814e+06 0.041078 0.0898466 0.12264
6.97354e+06 0.0412833 0.0901957 0.12306
6.97884e+06 0.0414889 0.0905452 0.12348
6.98402e+06 0.041695 0.0908952 0.1239
6.9891e+06 0.0419017 0.0912456 0.12432
6.91473e+06 0.0426225 0.0918761 0.12474
6.92261e+06 0.0428428 0.0922405 0.12516
6.92977e+06 0.0430653 0.0926071 0.12558
6.93629e+06 0.0432858 0.0929719 0.126
6.89561e+06 0.0438301 0.0934937 0.12642
6.90303e+06 0.0440524 0.0938591 0.12684
6.90921e+06 0.0442713 0.0942229 0.12726
6.91457e+06 0.044482 0.0945795 0.12768
6.91963e+06 0.0446909 0.0949339 0.1281
6.92449e+06 0.0448981 0.0952857 0.12852
6.92918e+06 0.045105 0.0956369 0.12894
6.93376e+06 0.0453122 0.0959881 0.12936
6.93826e+06 0.0455197 0.0963398 0.12978
6.94266e+06 0.0457278 0.0966919 0.1302
6.85014e+06 0.0460633 0.09729 0.13062
6.85832e+06 0.0462743 0.0976549 0.13104
6.86455e+06 0.0464905 0.0980203 0.13146
6.87005e+06 0.0466991 0.0983782 0.13188
6.87529e+06 0.0469062 0.098734 0.1323
6.88029e+06 0.0471139 0.0990888 0.13272
6.88497e+06 0.0473215 0.0994426 0.13314
6.88949e+06 0.0475307 0.0997971 0.13356
6.89392e+06 0.0477401 0.100152 0.13398
6.89829e+06 0.0479497 0.100507 0.1344
6.90258e+06 0.0481595 0.100862 0.13482
6.9068e+06 0.0483695 0.101218 0.13524
6.82637e+06 0.0486889 0.101793 0.13566
6.8325e+06 0.0489096 0.102164 0.13608
6.83783e+06 0.0491283 0.102532 0.1365
6.6969e+06 0.0503091 0.103394 0.13692
6.70475e+06 0.0505259 0.103756 0.13734
6.71233e+06 0.050744 0.104121 0.13776
6.71934e+06 0.0509621 0.104489 0.13818
6.72604e+06 0.0511808 0.104859 0.1386
6.73264e+06 0.0514 0.105229 0.13902
6.7391e+06 0.0516197 0.105599 0.13944
6.74483e+06 0.0518378 0.105967 0.13986
6.74958e+06 0.0520518 0.106329 0.14028
6.7541e+06 0.0522653 0.106691 0.1407
6.75846e+06 0.0524774 0.107051 0.14112
6.76274e+06 0.0526892 0.107411 0.14154
6.76689e+06 0.0529011 0.107771 0.14196
6.77081e+06 0.0531124 0.108129 0.14238
6.77448e+06 0.0533224 0.108487 0.1428
6.77795e+06 0.0535329 0.108844 0.14322
6.7812e+06 0.0537439 0.109203 0.14364
6.78425e+06 0.053955 0.109562 0.14406
6.78716e+06 0.0541665 0.109922 0.14448
6.79002e+06 0.0543782 0.110281 0.1449
6.7928e+06 0.0545899 0.110641 0.14532
6.79549e+06 0.0548018 0.111001 0.14574
6.79812e+06 0.0550137 0.111362 0.14616
6.80069e+06 0.0552257 0.111722 0.14658
6.75393e+06 0.0555142 0.112214 0.147
6.75937e+06 0.0557275 0.112579 0.14742
6.76308e+06 0.0559389 0.11294 0.14784
6.76655e+06 0.0561483 0.1133 0.14826
6.73002e+06 0.0564269 0.113778 0.14868
6.69598e+06 0.0566941 0.114246 0.1491
6.70133e+06 0.0569125 0.114615 0.14952
6.70578e+06 0.0571234 0.114976 0.14994
6.71006e+06 0.0573323 0.115335 0.15036
6.67416e+06 0.0576045 0.115802 0.15078
6.67887e+06 0.0578199 0.116167 0.1512
6.68279e+06 0.0580292 0.116527 0.15162
6.68655e+06 0.0582372 0.116885 0.15204
6.69014e+06 0.058445 0.117242 0.15246
6.6935e+06 0.0586547 0.117601 0.15288
6.69669e+06 0.0588647 0.11796 0.1533
6.69974e+06 0.0590748 0.11832 0.15372
6.70261e+06 0.0592852 0.11868 0.15414
6.70535e+06 0.0594955 0.119041 0.15456
6.70801e+06 0.0597059 0.119402 0.15498
6.71052e+06 0.0599164 0.119764 0.1554
6.71294e+06 0.060127 0.120125 0.15582
6.71523e+06 0.0603379 0.120487 0.15624
6.71741e+06 0.0605491 0.12085 0.15666
6.71946e+06 0.0607604 0.121213 0.15708
6.7213e+06 0.0609719 0.121578 0.1575
6.72293e+06 0.0611837 0.121943 0.15792
6.67641e+06 0.0614724 0.122439 0.15834
6.68043e+06 0.0616904 0.122811 0.15876
6.68306e+06 0.0619051 0.12318 0.15918
6.65585e+06 0.0623573 0.123676 0.1596
6.65965e+06 0.0625737 0.124051 0.16002
6.66274e+06 0.0627839 0.124419 0.16044
6.66555e+06 0.06299 0.124782 0.16086
6.66827e+06 0.0631958 0.125144 0.16128
6.67091e+06 0.0634014 0.125506 0.1617
6.67348e+06 0.0636071 0.125868 0.16212
6.59009e+06 0.0639499 0.126456 0.16254
6.59653e+06 0.0641653 0.126827 0.16296
6.57418e+06 0.0645665 0.127283 0.16338
6.53294e+06 0.0648418 0.127773 0.1638
6.54172e+06 0.0650472 0.128136 0.16422
6.54772e+06 0.0652596 0.128502 0.16464
6.55318e+06 0.0654705 0.128869 0.16506
6.55822e+06 0.0656779 0.129231 0.16548
6.56292e+06 0.0658825 0.12959 0.1659
6.54471e+06 0.0662554 0.130043 0.16632
6.52853e+06 0.0666196 0.130493 0.16674
6.53425e+06 0.0668272 0.130862 0.16716
6.53843e+06 0.0670281 0.131223 0.16758
6.50205e+06 0.0673027 0.131703 0.168
6.46646e+06 0.0675738 0.132177 0.16842
6.4727e+06 0.0677826 0.132542 0.16884
6.47775e+06 0.0679874 0.132904 0.16926
6.48233e+06 0.0681872 0.13326 0.16968
6.48661e+06 0.0683879 0.133616 0.1701
6.49071e+06 0.0685896 0.133973 0.17052
6.49445e+06 0.0687933 0.134331 0.17094
6.49776e+06 0.0689996 0.134692 0.17136
6.50078e+06 0.069207 0.135053 0.17178
6.50357e+06 0.0694149 0.135415 0.1722
6.50606e+06 0.0696232 0.135777 0.17262
6.46977e+06 0.0699059 0.136257 0.17304
6.47328e+06 0.0701258 0.136629 0.17346
6.47575e+06 0.0703368 0.136994 0.17388
6.47791e+06 0.0705468 0.13736 0.1743
6.47972e+06 0.0707568 0.137726 0.17472
6.48125e+06 0.0709673 0.138092 0.17514
6.48269e+06 0.0711779 0.138459 0.17556
6.48401e+06 0.0713888 0.138826 0.17598
6.48526e+06 0.0716 0.139193 0.1764
6.48647e+06 0.0718114 0.139561 0.17682
6.48761e+06 0.072023 0.139929 0.17724
6.48868e+06 0.0722347 0.140297 0.17766
6.48959e+06 0.0724465 0.140665 0.17808
6.4552e+06 0.0727297 0.141151 0.1785
6.42344e+06 0.0730047 0.141628 0.17892
6.42712e+06 0.073232 0.142011 0.17934
6.42978e+06 0.07345 0.142386 0.17976
6.43198e+06 0.0736624 0.142755 0.18018
6.39947e+06 0.0739427 0.143228 0.1806
6.40288e+06 0.0741615 0.143601 0.18102
6.40572e+06 0.0743692 0.143966 0.18144
6.4083e+06 0.074575 0.144329 0.18186
6.4108e+06 0.0747793 0.144691 0.18228
6.41291e+06 0.0749842 0.145054 0.1827
6.41485e+06 0.0751892 0.145416 0.18312
6.41664e+06 0.0753943 0.145779 0.18354
6.41833e+06 0.0755994 0.146141 0.18396
6.41998e+06 0.0758044 0.146504 0.18438
6.42161e+06 0.0760092 0.146867 0.1848
6.42316e+06 0.0762141 0.147229 0.18522
6.42452e+06 0.0764195 0.147593 0.18564
6.42574e+06 0.0766252 0.147956 0.18606
6.40609e+06 0.0770133 0.148426 0.18648
6.40832e+06 0.0772278 0.148804 0.1869
6.40996e+06 0.0774304 0.149168 0.18732
6.41142e+06 0.0776315 0.14953 0.18774
6.41275e+06 0.0778323 0.149891 0.18816
6.41402e+06 0.0780332 0.150253 0.18858
6.41526e+06 0.0782341 0.150615 0.189
6.38102e+06 0.0785143 0.151098 0.18942
6.38439e+06 0.0787298 0.151471 0.18984
6.35064e+06 0.0790086 0.151955 0.19026
6.35445e+06 0.0792244 0.152326 0.19068
6.35735e+06 0.0794309 0.15269 0.1911
6.35977e+06 0.0796328 0.153049 0.19152
6.36204e+06 0.0798343 0.153408 0.19194
6.36416e+06 0.0800358 0.153767 0.19236
6.36607e+06 0.0802374 0.154127 0.19278
6.36791e+06 0.0804391 0.154487 0.1932
6.36968e+06 0.080641 0.154847 0.19362
6.37127e+06 0.0808432 0.155208 0.19404
6.37271e+06 0.0810457 0.15557 0.19446
6.374e+06 0.0812486 0.155933 0.19488
6.37509e+06 0.081452 0.156296 0.1953
6.376e+06 0.0816558 0.15666 0.19572
6.37687e+06 0.0818597 0.157025 0.19614
6.37764e+06 0.082064 0.15739 0.19656
6.3783e+06 0.0822685 0.157757 0.19698
6.37883e+06 0.0824737 0.158125 0.1974
6.37925e+06 0.0826792 0.158494 0.19782
6.37958e+06 0.0828848 0.158865 0.19824
6.37981e+06 0.0830909 0.159236 0.19866
6.37994e+06 0.0832973 0.15961 0.19908
6.38002e+06 0.0835039 0.159984 0.1995
6.38008e+06 0.0837105 0.160359 0.19992
6.38012e+06 0.0839171 0.160734 0.20034
6.38016e+06 0.0841236 0.161108 0.20076
6.38019e+06 0.0843301 0.161483 0.20118
6.38021e+06 0.0845364 0.161858 0.2016
6.38022e+06 0.0847427 0.162233 0.20202
6.38023e+06 0.084949 0.162607 0.20244
6.34432e+06 0.0852332 0.163099 0.20286
6.34667e+06 0.0854531 0.163482 0.20328
6.34767e+06 0.0856651 0.163865 0.2037
6.34847e+06 0.0858711 0.16424 0.20412
6.34924e+06 0.0860758 0.164613 0.20454
6.34998e+06 0.0862802 0.164986 0.20496
6.35069e+06 0.0864841 0.165358 0.20538
6.3514e+06 0.0866876 0.16573 0.2058
6.35208e+06 0.0868909 0.166101 0.20622
6.35272e+06 0.0870943 0.166473 0.20664
6.3533e+06 0.0872977 0.166844 0.20706
6.35382e+06 0.0875012 0.167216 0.20748
6.35426e+06 0.0877049 0.167588 0.2079
6.35456e+06 0.087909 0.167961 0.20832
6.35452e+06 0.0881155 0.168334 0.20874
6.35449e+06 0.0883217 0.168707 0.20916
6.35421e+06 0.0885292 0.169081 0.20958
6.3538e+06 0.0887376 0.169455 0.21
6.35324e+06 0.088947 0.16983 0.21042
6.35249e+06 0.0891578 0.170205 0.21084
6.3515e+06 0.0893704 0.170582 0.21126
6.3502e+06 0.0895858 0.17096 0.21168
6.34857e+06 0.0898043 0.171341 0.2121
6.34654e+06 0.0900265 0.171724 0.21252
6.34417e+06 0.0902522 0.172109 0.21294
6.34146e+06 0.0904812 0.172496 0.21336
6.33847e+06 0.090713 0.172885 0.21378
6.23854e+06 0.0903907 0.172756 0.2142
6.25391e+06 0.0904976 0.173032 0.21462
6.26689e+06 0.0906096 0.173317 0.21504
6.27629e+06 0.09073 0.173614 0.21546
6.28434e+06 0.0908603 0.173918 0.21588
6.28546e+06 0.091054 0.174262 0.2163
6.28365e+06 0.0912739 0.174621 0.21672
6.1427e+06 0.0920586 0.175409 0.21714
6.15134e+06 0.0922582 0.175765 0.21756
6.15963e+06 0.0924582 0.176122 0.21798
6.16697e+06 0.0926597 0.176482 0.2184
6.17319e+06 0.0928666 0.176846 0.21882
6.17744e+06 0.0930705 0.177207 0.21924
6.14395e+06 0.0933348 0.177686 0.21966
6.14888e+06 0.0935322 0.178046 0.22008
6.15309e+06 0.0937289 0.178404 0.2205
6.1564e+06 0.0939209 0.178761 0.22092
6.15932e+06 0.0941113 0.179119 0.22134
6.16218e+06 0.094301 0.179475 0.22176
6.16485e+06 0.0944897 0.179831 0.22218
6.07973e+06 0.0942224 0.179761 0.2226
6.09463e+06 0.0943289 0.180038 0.22302
6.10597e+06 0.0944434 0.180327 0.22344
6.11582e+06 0.0945617 0.180621 0.22386
6.12167e+06 0.0947161 0.180938 0.22428
6.12468e+06 0.0948965 0.181272 0.2247
6.12762e+06 0.0950764 0.181605 0.22512
6.13043e+06 0.0952564 0.181938 0.22554
6.13307e+06 0.0954371 0.182275 0.22596
6.13559e+06 0.095619 0.182616 0.22638
6.13772e+06 0.0958029 0.182964 0.2268
6.13956e+06 0.0959883 0.183317 0.22722
6.1413e+06 0.0961739 0.18367 0.22764
6.14294e+06 0.0963599 0.184024 0.22806
6.14444e+06 0.0965465 0.18438 0.22848
6.14578e+06 0.0967343 0.184738 0.2289
6.14685e+06 0.0969245 0.185098 0.22932
6.14766e+06 0.0971171 0.18546 0.22974
6.14831e+06 0.0973107 0.185822 0.23016
6.14887e+06 0.0975048 0.186185 0.23058
6.1494e+06 0.0976989 0.186548 0.231
6.14992e+06 0.097893 0.186911 0.23142
6.15042e+06 0.0980871 0.187274 0.23184
6.15089e+06 0.0982812 0.187637 0.23226
6.15133e+06 0.0984754 0.188 0.23268
6.15173e+06 0.0986699 0.188363 0.2331
6.15211e+06 0.0988646 0.188727 0.23352
6.15248e+06 0.0990592 0.18909 0.23394
6.15283e+06 0.0992538 0.189453 0.23436
6.15317e+06 0.0994484 0.189817 0.23478
6.15344e+06 0.0996432 0.190181 0.2352
6.1536e+06 0.0998405 0.190547 0.23562
6.15375e+06 0.100039 0.190915 0.23604
6.15382e+06 0.100237 0.191285 0.23646
6.15385e+06 0.100436 0.191657 0.23688
6.1538e+06 0.100636 0.192029 0.2373
6.15375e+06 0.100836 0.192403 0.23772
6.15364e+06 0.101036 0.192778 0.23814
6.15347e+06 0.101237 0.193154 0.23856
6.15322e+06 0.101438 0.193534 0.23898
6.15296e+06 0.10164 0.193914 0.2394
6.15269e+06 0.101841 0.194294 0.23982
6.15241e+06 0.102043 0.194673 0.24024
6.15213e+06 0.102244 0.195053 0.24066
6.15185e+06 0.102445 0.195433 0.24108
6.15156e+06 0.102646 0.195812 0.2415
6.15127e+06 0.102847 0.196191 0.24192
6.15097e+06 0.103047 0.19657 0.24234
6.15067e+06 0.103248 0.196949 0.24276
6.15037e+06 0.103448 0.197327 0.24318
6.15006e+06 0.103648 0.197705 0.2436
6.01391e+06 0.103186 0.197413 0.24402
6.02806e+06 0.10329 0.197687 0.24444
6.04214e+06 0.103394 0.197961 0.24486
6.05498e+06 0.1035 0.198239 0.24528
6.06356e+06 0.103617 0.198533 0.2457
6.07173e+06 0.103734 0.198828 0.24612
6.07827e+06 0.103866 0.199133 0.24654
6.07959e+06 0.10405 0.19947 0.24696
6.08065e+06 0.104236 0.199809 0.24738
6.08169e+06 0.104421 0.200148 0.2478
6.0827e+06 0.104606 0.200486 0.24822
6.08366e+06 0.10479 0.200823 0.24864
6.08458e+06 0.104974 0.20116 0.24906
6.08542e+06 0.105156 0.201495 0.24948
6.04647e+06 0.105061 0.201546 0.2499
6.05666e+06 0.105169 0.201826 0.25032
6.06069e+06 0.105318 0.202139 0.25074
6.06162e+06 0.105499 0.202472 0.25116
6.0624e+06 0.105681 0.202807 0.25158
6.06318e+06 0.105862 0.203141 0.252
6.06395e+06 0.106043 0.203476 0.25242
6.0647e+06 0.106223 0.203809 0.25284
6.06542e+06 0.106404 0.204143 0.25326
6.06611e+06 0.106583 0.204476 0.25368
6.06664e+06 0.106763 0.204811 0.2541
6.06709e+06 0.106944 0.20515 0.25452
6.06742e+06 0.107124 0.205489 0.25494
6.06768e+06 0.107304 0.205827 0.25536
6.06794e+06 0.107483 0.206165 0.25578
6.06819e+06 0.107662 0.206503 0.2562
6.06843e+06 0.10784 0.20684 0.25662
6.06866e+06 0.108019 0.207177 0.25704
6.06888e+06 0.108197 0.207513 0.25746
6.06908e+06 0.108374 0.207849 0.25788
6.06926e+06 0.108551 0.208184 0.2583
6.0694e+06 0.108728 0.208519 0.25872
6.06952e+06 0.108903 0.208852 0.25914
6.06958e+06 0.109077 0.209184 0.25956
6.06963e+06 0.109251 0.209516 0.25998
6.06965e+06 0.109425 0.209846 0.2604
6.06965e+06 0.109598 0.210177 0.26082
6.06965e+06 0.10977 0.210507 0.26124
6.06963e+06 0.109943 0.210836 0.26166
6.06961e+06 0.110115 0.211166 0.26208
6.02082e+06 0.109982 0.211172 0.2625
6.031e+06 0.110079 0.211437 0.26292
6.03717e+06 0.110195 0.211722 0.26334
6.03906e+06 0.110354 0.212037 0.26376
6.03962e+06 0.110528 0.212363 0.26418
6.04013e+06 0.110702 0.212689 0.2646
6.02331e+06 0.111057 0.21313 0.26502
6.02453e+06 0.111244 0.213472 0.26544
6.02506e+06 0.111419 0.213799 0.26586
6.02558e+06 0.111592 0.214126 0.26628
5.99411e+06 0.111526 0.21424 0.2667
5.91589e+06 0.111282 0.214153 0.26712
5.92867e+06 0.11138 0.214418 0.26754
5.9396e+06 0.111483 0.214689 0.26796
5.94721e+06 0.111595 0.214974 0.26838
5.95463e+06 0.111707 0.215261 0.2688
5.95892e+06 0.111852 0.215569 0.26922
5.95996e+06 0.112032 0.215901 0.26964
5.96092e+06 0.112212 0.216232 0.27006
5.96186e+06 0.112391 0.216564 0.27048
5.96279e+06 0.112571 0.216895 0.2709
5.96369e+06 0.112749 0.217226 0.27132
5.96453e+06 0.112927 0.217556 0.27174
5.96531e+06 0.113104 0.217885 0.27216
5.96602e+06 0.11328 0.218213 0.27258
5.9667e+06 0.113456 0.218541 0.273
5.96733e+06 0.11363 0.218867 0.27342
5.96792e+06 0.113804 0.219193 0.27384
5.96845e+06 0.113977 0.219519 0.27426
5.96892e+06 0.114149 0.219843 0.27468
5.92432e+06 0.11403 0.219874 0.2751
5.93413e+06 0.114131 0.220142 0.27552
5.93998e+06 0.114251 0.220428 0.27594
5.92213e+06 0.114476 0.220833 0.27636
5.92408e+06 0.11465 0.221158 0.27678
5.92554e+06 0.114822 0.221479 0.2772
5.92682e+06 0.114994 0.221801 0.27762
5.92805e+06 0.115166 0.222124 0.27804
5.92927e+06 0.115338 0.222446 0.27846
5.93048e+06 0.11551 0.222768 0.27888
5.91351e+06 0.115736 0.223173 0.2793
5.91585e+06 0.115908 0.223494 0.27972
5.91759e+06 0.116078 0.223813 0.28014
5.91914e+06 0.116248 0.224133 0.28056
5.92055e+06 0.116418 0.224453 0.28098
5.92191e+06 0.116588 0.224772 0.2814
5.78892e+06 0.116133 0.224431 0.28182
5.80182e+06 0.116233 0.224694 0.28224
5.81464e+06 0.116332 0.224956 0.28266
5.82688e+06 0.116432 0.225221 0.28308
5.83712e+06 0.116537 0.225494 0.2835
5.84562e+06 0.116649 0.225775 0.28392
5.85202e+06 0.116778 0.226068 0.28434
5.85599e+06 0.116931 0.226378 0.28476
5.85766e+06 0.117108 0.226704 0.28518
5.85913e+06 0.117286 0.22703 0.2856
5.86051e+06 0.117462 0.227355 0.28602
5.86179e+06 0.117637 0.22768 0.28644
5.86295e+06 0.11781 0.228002 0.28686
5.86383e+06 0.117981 0.228323 0.28728
5.8264e+06 0.117888 0.22838 0.2877
5.83505e+06 0.117991 0.22865 0.28812
5.83924e+06 0.118122 0.228943 0.28854
5.84011e+06 0.118292 0.229263 0.28896
5.84079e+06 0.118463 0.229584 0.28938
5.84144e+06 0.118634 0.229906 0.2898
5.84211e+06 0.118805 0.230227 0.29022
5.84277e+06 0.118975 0.230548 0.29064
5.80864e+06 0.118896 0.230613 0.29106
5.81707e+06 0.119003 0.230885 0.29148
5.82038e+06 0.119151 0.23119 0.2919
5.82131e+06 0.119324 0.231513 0.29232
5.8221e+06 0.119497 0.231837 0.29274
5.82278e+06 0.119669 0.232159 0.29316
5.8233e+06 0.119838 0.232479 0.29358
5.82375e+06 0.120007 0.232798 0.294
5.82418e+06 0.120175 0.233117 0.29442
5.82455e+06 0.120342 0.233435 0.29484
5.80656e+06 0.120575 0.233847 0.29526
5.80797e+06 0.120744 0.234167 0.29568
5.80897e+06 0.120908 0.234482 0.2961
5.80979e+06 0.121073 0.234797 0.29652
5.81059e+06 0.121237 0.235113 0.29694
5.81137e+06 0.121402 0.235427 0.29736
5.81199e+06 0.121562 0.235737 0.29778
5.81235e+06 0.121717 0.23604 0.2982
5.81264e+06 0.121872 0.236342 0.29862
5.81285e+06 0.122027 0.236645 0.29904
5.81294e+06 0.122181 0.236948 0.29946
5.81299e+06 0.122336 0.23725 0.29988
5.81301e+06 0.122491 0.237553 0.3003
5.81302e+06 0.122645 0.237855 0.30072
5.81302e+06 0.122799 0.238158 0.30114
5.81294e+06 0.122953 0.23846 0.30156
5.81277e+06 0.123107 0.238761 0.30198
5.81256e+06 0.12326 0.239063 0.3024
5.81233e+06 0.123413 0.239364 0.30282
5.8121e+06 0.123567 0.239665 0.30324
5.77614e+06 0.123478 0.239723 0.30366
5.78314e+06 0.123568 0.239973 0.30408
5.78667e+06 0.123682 0.240245 0.3045
5.78681e+06 0.123841 0.240551 0.30492
5.78709e+06 0.123999 0.240855 0.30534
5.78724e+06 0.124157 0.24116 0.30576
5.78728e+06 0.124315 0.241465 0.30618
5.78726e+06 0.124471 0.241769 0.3066
5.78723e+06 0.124628 0.242073 0.30702
5.78719e+06 0.124785 0.242377 0.30744
5.78715e+06 0.124941 0.242681 0.30786
5.75278e+06 0.125212 0.24315 0.30828
5.75572e+06 0.125395 0.243487 0.3087
5.7569e+06 0.125556 0.243796 0.30912
5.75768e+06 0.125708 0.244094 0.30954
5.75842e+06 0.125859 0.244391 0.30996
5.72253e+06 0.12577 0.244446 0.31038
5.73019e+06 0.12586 0.244696 0.3108
5.73466e+06 0.125969 0.244961 0.31122
5.73589e+06 0.126121 0.245259 0.31164
5.72001e+06 0.126346 0.245658 0.31206
5.72176e+06 0.126504 0.245962 0.31248
5.72283e+06 0.126658 0.246261 0.3129
5.72366e+06 0.126811 0.24656 0.31332
5.72442e+06 0.126965 0.246858 0.31374
5.72512e+06 0.127118 0.247157 0.31416
5.72569e+06 0.127271 0.247456 0.31458
5.72619e+06 0.127424 0.247755 0.315
5.7266e+06 0.127578 0.248054 0.31542
5.72696e+06 0.127731 0.248354 0.31584
5.72722e+06 0.127884 0.248653 0.31626
5.72734e+06 0.128037 0.248953 0.31668
5.72737e+06 0.128189 0.249251 0.3171
5.72732e+06 0.128341 0.24955 0.31752
5.72721e+06 0.128492 0.249848 0.31794
5.72709e+06 0.128644 0.250146 0.31836
5.72689e+06 0.128795 0.250444 0.31878
5.72657e+06 0.128945 0.250741 0.3192
5.68989e+06 0.128854 0.250788 0.31962
5.69651e+06 0.128938 0.251028 0.32004
5.69994e+06 0.129038 0.251285 0.32046
5.69999e+06 0.129186 0.251578 0.32088
5.69978e+06 0.129335 0.251873 0.3213
5.69954e+06 0.129484 0.252166 0.32172
5.69928e+06 0.129633 0.252459 0.32214
5.69901e+06 0.129781 0.252751 0.32256
5.69873e+06 0.129929 0.253043 0.32298
5.69841e+06 0.130077 0.253335 0.3234
5.69808e+06 0.130224 0.253627 0.32382
5.69772e+06 0.130371 0.253919 0.32424
5.69734e+06 0.130518 0.25421 0.32466
5.69693e+06 0.130665 0.2545 0.32508
5.6965e+06 0.130811 0.254791 0.3255
5.69605e+06 0.130957 0.255081 0.32592
5.69556e+06 0.131102 0.25537 0.32634
5.69502e+06 0.131246 0.255659 0.32676
5.69447e+06 0.131391 0.255947 0.32718
5.69392e+06 0.131535 0.256235 0.3276
5.69335e+06 0.131678 0.256523 0.32802
5.69275e+06 0.131822 0.256811 0.32844
5.69213e+06 0.131965 0.257098 0.32886
5.69151e+06 0.132107 0.257384 0.32928
5.69087e+06 0.13225 0.25767 0.3297
5.69023e+06 0.132392 0.257956 0.33012
5.68958e+06 0.132534 0.258242 0.33054
5.68892e+06 0.132676 0.258528 0.33096
5.68824e+06 0.132818 0.258813 0.33138
5.68754e+06 0.132959 0.259098 0.3318
5.68682e+06 0.1331 0.259382 0.33222
5.68606e+06 0.13324 0.259666 0.33264
5.68529e+06 0.13338 0.259949 0.33306
5.6845e+06 0.133519 0.260232 0.33348
5.68371e+06 0.133659 0.260515 0.3339
5.68292e+06 0.133798 0.260797 0.33432
5.68211e+06 0.133937 0.26108 0.33474
5.68131e+06 0.134076 0.261362 0.33516
5.68049e+06 0.134215 0.261644 0.33558
5.67968e+06 0.134354 0.261926 0.336
5.67886e+06 0.134493 0.262208 0.33642
5.67803e+06 0.134631 0.26249 0.33684
5.6772e+06 0.13477 0.262771 0.33726
5.67636e+06 0.134908 0.263052 0.33768
5.67552e+06 0.135046 0.263333 0.3381
5.67467e+06 0.135184 0.263614 0.33852
5.67381e+06 0.135322 0.263895 0.33894
5.67294e+06 0.13546 0.264175 0.33936
5.67205e+06 0.135597 0.264455 0.33978
5.67113e+06 0.135734 0.264735 0.3402
5.4944e+06 0.134974 0.263695 0.34062
5.50167e+06 0.135048 0.263919 0.34104
5.50894e+06 0.135122 0.264142 0.34146
5.51621e+06 0.135196 0.264365 0.34188
5.52345e+06 0.13527 0.264588 0.3423
5.53061e+06 0.135343 0.26481 0.34272
5.53778e+06 0.135417 0.265033 0.34314
5.54483e+06 0.13549 0.265255 0.34356
5.5507e+06 0.135569 0.265486 0.34398
5.55487e+06 0.135654 0.265727 0.3444
5.55872e+06 0.13574 0.265968 0.34482
5.56237e+06 0.135825 0.266208 0.34524
5.56554e+06 0.135914 0.266452 0.34566
5.56794e+06 0.136012 0.266702 0.34608
5.5686e+06 0.136137 0.266973 0.3465
5.52875e+06 0.136025 0.266982 0.34692
5.5349e+06 0.136101 0.267208 0.34734
5.53869e+06 0.136187 0.267448 0.34776
5.53989e+06 0.136308 0.267716 0.34818
5.53966e+06 0.136453 0.268002 0.3486
5.5393e+06 0.136598 0.268289 0.34902
5.53896e+06 0.136742 0.268575 0.34944
5.5386e+06 0.136886 0.26886 0.34986
5.53823e+06 0.137029 0.269145 0.35028
5.53785e+06 0.137173 0.26943 0.3507
5.53747e+06 0.137316 0.269715 0.35112
5.53708e+06 0.137459 0.27 0.35154
5.53669e+06 0.137602 0.270284 0.35196
5.5363e+06 0.137745 0.270569 0.35238
5.5359e+06 0.137888 0.270853 0.3528
5.53548e+06 0.138031 0.271136 0.35322
5.53505e+06 0.138173 0.271419 0.35364
5.53456e+06 0.138314 0.271702 0.35406
5.53399e+06 0.138454 0.271984 0.35448
5.53334e+06 0.138594 0.272264 0.3549
5.53265e+06 0.138732 0.272543 0.35532
5.53193e+06 0.13887 0.272822 0.35574
5.53116e+06 0.139007 0.2731 0.35616
5.48513e+06 0.138811 0.272848 0.35658
5.49211e+06 0.138884 0.273072 0.357
5.49775e+06 0.138956 0.273294 0.35742
5.50074e+06 0.139035 0.273526 0.35784
5.5019e+06 0.139142 0.273781 0.35826
5.50117e+06 0.13928 0.274062 0.35868
5.50041e+06 0.139419 0.274342 0.3591
5.49968e+06 0.139556 0.274622 0.35952
5.49891e+06 0.139694 0.274901 0.35994
5.45979e+06 0.139534 0.274712 0.36036
5.46613e+06 0.139604 0.274933 0.36078
5.4702e+06 0.139676 0.275154 0.3612
5.47239e+06 0.139755 0.275385 0.36162
5.47191e+06 0.13988 0.275652 0.36204
5.47098e+06 0.140013 0.275926 0.36246
5.47e+06 0.140146 0.276199 0.36288
5.46899e+06 0.140278 0.276472 0.3633
5.46797e+06 0.14041 0.276744 0.36372
5.46691e+06 0.140541 0.277015 0.36414
5.36221e+06 0.140059 0.276252 0.36456
5.37007e+06 0.140137 0.276483 0.36498
5.3774e+06 0.140212 0.27671 0.3654
5.38256e+06 0.140277 0.276921 0.36582
5.38686e+06 0.140338 0.277125 0.36624
5.39068e+06 0.1404 0.27733 0.36666
5.39391e+06 0.140465 0.27754 0.36708
5.39591e+06 0.140537 0.277761 0.3675
5.34262e+06 0.140311 0.277451 0.36792
5.34977e+06 0.140385 0.277678 0.36834
5.3553e+06 0.140454 0.277895 0.36876
5.35805e+06 0.140521 0.278108 0.36918
5.35972e+06 0.140594 0.27833 0.3696
5.36099e+06 0.140673 0.278557 0.37002
5.36213e+06 0.140755 0.278786 0.37044
5.36279e+06 0.140845 0.279023 0.37086
5.36278e+06 0.140949 0.27927 0.37128
5.36188e+06 0.141069 0.279531 0.3717
5.36068e+06 0.141196 0.279797 0.37212
5.33557e+06 0.182377 0.332353 0.37254
