53476.4 -2.75769e-05 -3.1102e-05 1.66577e-16 3.15831e-20 -320594 -6900.42 3.93659e-08 3.21383e-10
106953 -2.72841e-05 -6.22043e-05 1.75071e-16 7.26261e-20 -317188 -13800.8 4.13702e-08 7.39029e-10
160428 -2.69914e-05 -9.3307e-05 1.84875e-16 9.14127e-21 -313781 -20701.1 4.3696e-08 9.30197e-11
213904 -2.66987e-05 -0.00012441 1.83546e-16 3.86407e-20 -310375 -27601.4 4.33785e-08 3.932e-10
267379 -2.64061e-05 -0.000155514 1.85591e-16 -2.42089e-21 -306969 -34501.6 4.3857e-08 -2.46345e-11
320853 -2.61135e-05 -0.000186619 1.75414e-16 2.28962e-20 -303563 -41401.8 4.1457e-08 2.32987e-10
374327 -2.58211e-05 -0.000217724 1.76967e-16 1.26042e-20 -300157 -48301.9 4.18235e-08 1.28258e-10
427800 -2.55288e-05 -0.00024883 1.78296e-16 -7.74821e-22 -296750 -55201.8 4.21371e-08 -7.88442e-12
481272 -2.52367e-05 -0.000279937 1.84016e-16 -1.5705e-20 -293344 -62101.8 4.34908e-08 -1.59811e-10
534744 -2.49448e-05 -0.000311044 1.81493e-16 -1.10827e-20 -289938 -69001.5 4.28893e-08 -1.12776e-10
588214 -2.4653e-05 -0.000342153 1.80553e-16 -2.57014e-20 -286533 -75901.2 4.26631e-08 -2.61532e-10
641682 -2.43614e-05 -0.000373263 1.84748e-16 -1.57624e-20 -283127 -82800.8 4.36672e-08 -1.60395e-10
695150 -2.407e-05 -0.000404374 1.86455e-16 -2.61717e-20 -279721 -89700.2 4.40691e-08 -2.66318e-10
748616 -2.37788e-05 -0.000435487 1.90673e-16 -6.62612e-21 -276315 -96599.4 4.5055e-08 -6.74261e-11
802080 -2.34879e-05 -0.000466601 1.85455e-16 -1.62271e-20 -272910 -103499 4.38245e-08 -1.65124e-10
855523 -2.31975e-05 -0.000497711 1.85767e-16 -4.09724e-21 -269507 -110396 4.38783e-08 -4.16927e-11
908700 -2.29103e-05 -0.000528756 1.84614e-16 1.2827e-20 -266139 -117279 4.3615e-08 1.30525e-10
961384 -2.26275e-05 -0.000559715 1.84792e-16 1.46779e-20 -262819 -124142 4.36482e-08 1.49359e-10
1.01355e+06 -2.2347e-05 -0.000590536 1.83396e-16 4.5293e-20 -259522 -130974 4.33267e-08 4.60892e-10
1.06531e+06 -2.20695e-05 -0.000621479 1.84076e-16 1.82952e-20 -256256 -137832 4.34754e-08 1.86168e-10
1.11666e+06 -2.14827e-05 -0.000655567 1.98602e-16 1.16696e-19 -253031 -144552 4.48131e-08 1.18747e-09
1.16754e+06 -2.08352e-05 -0.000690198 1.93867e-16 6.5957e-20 -249833 -151222 4.37415e-08 6.71165e-10
1.21808e+06 -2.01876e-05 -0.000724953 1.94424e-16 1.26663e-19 -246643 -157916 4.38636e-08 1.2889e-09
1.26838e+06 -1.9466e-05 -0.000760427 1.98165e-16 2.72341e-20 -243475 -164597 4.26062e-08 2.77128e-10
1.31813e+06 -1.84126e-05 -0.000798712 2.03744e-16 1.44858e-19 -240373 -171142 4.38044e-08 1.47404e-09
1.36655e+06 -1.7396e-05 -0.000835589 2.07542e-16 1.10173e-19 -237360 -177445 4.46248e-08 1.1211e-09
1.41417e+06 -1.64041e-05 -0.000871525 2.08456e-16 1.24807e-19 -234405 -183585 4.48113e-08 1.27001e-09
1.46034e+06 -1.54184e-05 -0.000907668 2.0885e-16 2.55276e-19 -231553 -189762 4.49022e-08 2.59764e-09
1.50536e+06 -1.41699e-05 -0.000945942 2.22478e-16 1.66856e-19 -228759 -195858 4.41778e-08 1.69789e-09
1.54961e+06 -1.22776e-05 -0.000988968 2.28675e-16 2.2154e-19 -226010 -201689 4.54006e-08 2.25434e-09
1.59301e+06 -1.04523e-05 -0.00103039 2.27454e-16 2.07617e-19 -223320 -207300 4.51591e-08 2.11267e-09
1.63545e+06 -8.65841e-06 -0.0010712 2.2921e-16 2.5279e-19 -220706 -212828 4.54911e-08 2.57234e-09
1.6773e+06 -6.85955e-06 -0.00111224 2.16984e-16 1.91283e-19 -218122 -218388 4.30668e-08 1.94646e-09
1.71849e+06 -4.86007e-06 -0.00115464 2.35254e-16 3.36525e-19 -215555 -223867 4.5326e-08 3.42441e-09
1.75888e+06 -2.47336e-06 -0.00120009 2.3778e-16 2.92862e-19 -213053 -229293 4.32947e-08 2.9801e-09
1.79901e+06 4.56018e-07 -0.00124891 2.40871e-16 3.18817e-19 -210562 -234593 4.38331e-08 3.24422e-09
1.8386e+06 3.35482e-06 -0.00129728 2.46337e-16 3.59157e-19 -208113 -239842 4.48335e-08 3.65471e-09
1.87717e+06 6.02467e-06 -0.00134153 2.31605e-16 2.94173e-19 -205712 -244636 4.21378e-08 2.99345e-09
1.91511e+06 8.68844e-06 -0.00138574 2.2916e-16 2.10565e-19 -203331 -249424 4.16912e-08 2.14267e-09
1.95271e+06 1.13903e-05 -0.00143019 2.31953e-16 2.39088e-19 -200977 -254201 4.08472e-08 2.43292e-09
1.98991e+06 1.46387e-05 -0.00147811 2.35582e-16 1.78059e-19 -198633 -258866 4.1473e-08 1.81189e-09
2.02665e+06 1.78764e-05 -0.00152594 2.3573e-16 2.70439e-19 -196323 -263523 4.14893e-08 2.75194e-09
2.06284e+06 2.11277e-05 -0.00157405 2.31843e-16 2.18416e-19 -194034 -268208 4.07999e-08 2.22256e-09
2.09883e+06 2.48152e-05 -0.00162456 2.44478e-16 1.95059e-19 -191760 -272832 4.04398e-08 1.98488e-09
2.13434e+06 2.85503e-05 -0.00167386 2.46529e-16 1.86005e-19 -189524 -277205 4.07563e-08 1.89274e-09
2.16905e+06 3.22151e-05 -0.00172227 2.47939e-16 1.59359e-19 -187338 -281497 4.09818e-08 1.6216e-09
2.20331e+06 3.57144e-05 -0.00176839 2.31526e-16 1.19762e-19 -185184 -285581 3.82734e-08 1.21867e-09
2.23719e+06 3.92046e-05 -0.00181442 2.34512e-16 1.21096e-19 -183045 -289655 3.87472e-08 1.23225e-09
2.2708e+06 4.27135e-05 -0.00186075 2.35436e-16 8.92636e-20 -180914 -293757 3.89091e-08 9.08329e-10
2.30393e+06 4.67697e-05 -0.00190988 2.48563e-16 9.92145e-20 -178819 -297749 3.96176e-08 1.00959e-09
2.33649e+06 5.08783e-05 -0.00195946 2.44032e-16 1.38266e-19 -176752 -301758 3.88764e-08 1.40697e-09
2.36878e+06 5.49554e-05 -0.00200868 2.44769e-16 1.23761e-19 -174697 -305735 3.89737e-08 1.25937e-09
2.40082e+06 5.90012e-05 -0.00205756 2.45431e-16 1.27919e-19 -172667 -309685 3.91065e-08 1.30168e-09
2.43256e+06 6.30016e-05 -0.00210589 2.42263e-16 1.43515e-19 -170652 -313588 3.85708e-08 1.46038e-09
2.46389e+06 6.68028e-05 -0.00215168 2.37327e-16 1.40458e-19 -168649 -317278 3.77777e-08 1.42927e-09
2.49486e+06 7.0583e-05 -0.00219723 2.37194e-16 2.27686e-19 -166654 -320946 3.77349e-08 2.31689e-09
2.52546e+06 7.43684e-05 -0.00224289 2.46854e-16 1.93524e-19 -164676 -324625 3.92702e-08 1.96926e-09
2.55596e+06 7.86569e-05 -0.00229082 2.5601e-16 1.50121e-19 -162706 -328254 3.8026e-08 1.5276e-09
2.58628e+06 8.2984e-05 -0.0023388 2.49846e-16 2.0534e-19 -160754 -331860 3.70928e-08 2.0895e-09
2.6163e+06 8.7077e-05 -0.00238406 2.46583e-16 1.0841e-19 -158826 -335253 3.65926e-08 1.10316e-09
2.64624e+06 9.11557e-05 -0.00242919 2.42226e-16 1.83765e-19 -156908 -338635 3.59305e-08 1.86996e-09
2.67609e+06 9.5239e-05 -0.00247439 2.50361e-16 9.71421e-20 -154994 -342022 3.71383e-08 9.88498e-10
2.70559e+06 9.93694e-05 -0.00252017 2.44275e-16 2.29523e-19 -153082 -345453 3.62343e-08 2.33558e-09
2.7349e+06 0.000103511 -0.00256613 2.50685e-16 1.1031e-19 -151179 -348898 3.71856e-08 1.12249e-09
2.76409e+06 0.000108019 -0.00261373 2.5551e-16 1.66972e-19 -149282 -352307 3.64016e-08 1.69907e-09
2.79303e+06 0.000112692 -0.00266197 2.60052e-16 9.23375e-20 -147403 -355684 3.70092e-08 9.39608e-10
2.8217e+06 0.000117342 -0.00271001 2.50071e-16 1.22532e-19 -145545 -359046 3.56013e-08 1.24686e-09
2.85008e+06 0.000121904 -0.00275715 2.56458e-16 6.18554e-20 -143710 -362342 3.64853e-08 6.29428e-10
2.87822e+06 0.000126293 -0.00280241 2.38952e-16 5.55874e-20 -141889 -365501 3.39915e-08 5.65646e-10
2.90625e+06 0.000130671 -0.00284757 2.45056e-16 -1.77313e-20 -140072 -368653 3.48482e-08 -1.80431e-10
2.93413e+06 0.000135046 -0.00289273 2.4324e-16 1.27633e-19 -138256 -371802 3.4579e-08 1.29877e-09
2.96169e+06 0.00013942 -0.0029379 2.31848e-16 8.22873e-20 -136447 -374952 3.29692e-08 8.37339e-10
2.9891e+06 0.000143777 -0.00298292 2.39708e-16 9.7744e-20 -134648 -378090 3.40515e-08 9.94623e-10
3.01642e+06 0.000148123 -0.00302784 2.2655e-16 1.25295e-19 -132854 -381221 3.21816e-08 1.27497e-09
3.04358e+06 0.000152451 -0.00307262 2.35631e-16 1.16863e-19 -131074 -384341 3.3473e-08 1.18918e-09
3.07068e+06 0.000156773 -0.00311734 2.26398e-16 7.45893e-20 -129299 -387456 3.21379e-08 7.59006e-10
3.09771e+06 0.000161095 -0.00316211 2.39301e-16 1.40738e-19 -127531 -390574 3.39442e-08 1.43212e-09
3.12466e+06 0.000165412 -0.00320684 2.26462e-16 1.21467e-19 -125766 -393688 3.21324e-08 1.23603e-09
3.15156e+06 0.000169723 -0.00325152 2.36854e-16 1.77986e-19 -124005 -396798 3.36095e-08 1.81115e-09
3.17836e+06 0.000173931 -0.00329511 2.20972e-16 9.26208e-20 -122252 -399826 3.1323e-08 9.4249e-10
3.20495e+06 0.000178049 -0.00333774 2.28667e-16 1.71122e-19 -120514 -402785 3.24162e-08 1.7413e-09
3.2314e+06 0.000182179 -0.00338052 2.18765e-16 8.72018e-20 -118778 -405754 3.10192e-08 8.87347e-10
3.25777e+06 0.000186302 -0.00342325 2.26299e-16 1.81053e-19 -117047 -408719 3.20379e-08 1.84235e-09
3.28401e+06 0.000190407 -0.00346581 2.15148e-16 1.44306e-19 -115321 -411670 3.04608e-08 1.46843e-09
3.3102e+06 0.00019452 -0.00350848 2.2594e-16 2.14985e-19 -113599 -414628 3.19797e-08 2.18764e-09
3.33627e+06 0.000199044 -0.0035527 2.33261e-16 1.06332e-19 -111879 -417578 3.0559e-08 1.08201e-09
3.36228e+06 0.000203601 -0.00359712 2.35046e-16 1.52721e-19 -110160 -420533 3.07573e-08 1.55405e-09
3.38828e+06 0.000208159 -0.00364156 2.3833e-16 1.27171e-19 -108443 -423489 3.11866e-08 1.29407e-09
3.41423e+06 0.000212714 -0.003686 2.31457e-16 8.74016e-20 -106728 -426444 3.02953e-08 8.89381e-10
3.4401e+06 0.000217206 -0.0037298 2.2636e-16 5.22789e-20 -105013 -429353 2.96022e-08 5.3198e-10
3.46582e+06 0.000221528 -0.00377185 2.2891e-16 6.01577e-20 -103305 -432138 2.99206e-08 6.12152e-10
3.49152e+06 0.000225843 -0.00381387 2.33349e-16 5.41122e-20 -101601 -434920 3.04972e-08 5.50635e-10
3.51716e+06 0.000230155 -0.00385588 2.36626e-16 1.41161e-19 -99903 -437701 3.09155e-08 1.43643e-09
3.54272e+06 0.000234433 -0.00389756 2.24648e-16 7.88928e-20 -98211.8 -440458 2.93439e-08 8.02797e-10
3.56815e+06 0.000238685 -0.003939 2.22978e-16 5.60386e-20 -96528.5 -443199 2.91257e-08 5.70238e-10
3.59339e+06 0.000243256 -0.00398148 2.40515e-16 1.0006e-19 -94856.1 -445913 2.99951e-08 1.01819e-09
3.61848e+06 0.000247905 -0.00402432 2.41126e-16 9.49871e-20 -93189.7 -448634 3.00388e-08 9.6657e-10
3.64349e+06 0.000252561 -0.00406724 2.32128e-16 5.0778e-20 -91526.5 -451358 2.89292e-08 5.16707e-10
3.66843e+06 0.00025721 -0.00411012 2.32852e-16 6.36485e-20 -89867.6 -454079 2.89947e-08 6.47675e-10
3.69329e+06 0.000261845 -0.00415292 2.44107e-16 1.04016e-19 -88213 -456794 3.03953e-08 1.05845e-09
3.71805e+06 0.000266481 -0.00419574 2.36986e-16 8.79671e-20 -86564.1 -459510 2.94967e-08 8.95135e-10
3.74277e+06 0.000271124 -0.00423866 2.32537e-16 1.33335e-19 -84917.6 -462232 2.8951e-08 1.35679e-09
3.76745e+06 0.000275765 -0.00428159 2.4446e-16 1.47434e-19 -83274.9 -464953 3.03844e-08 1.50025e-09
3.79208e+06 0.000280399 -0.00432446 2.31754e-16 9.50882e-20 -81637.7 -467671 2.8791e-08 9.67599e-10
3.81665e+06 0.000285021 -0.00436727 2.34409e-16 9.5593e-20 -80009.4 -470383 2.91111e-08 9.72735e-10
3.8411e+06 0.000289629 -0.00440996 2.33188e-16 8.00717e-20 -78388.1 -473088 2.89729e-08 8.14794e-10
3.86546e+06 0.000294235 -0.00445267 2.32226e-16 4.74253e-20 -76769.3 -475792 2.88455e-08 4.8259e-10
3.88977e+06 0.000298832 -0.0044953 2.32293e-16 5.76647e-20 -75153.3 -478491 2.8831e-08 5.86784e-10
3.91406e+06 0.000303425 -0.00453791 2.31238e-16 9.65846e-20 -73539.5 -481187 2.86927e-08 9.82826e-10
3.93825e+06 0.000308012 -0.0045805 2.33381e-16 9.87367e-20 -71929.8 -483881 2.89183e-08 1.00473e-09
3.9624e+06 0.000312595 -0.00462308 2.30449e-16 1.18694e-19 -70324.6 -486573 2.85727e-08 1.20781e-09
3.98648e+06 0.000317164 -0.00466555 2.31456e-16 1.23371e-19 -68721 -489257 2.86891e-08 1.25539e-09
4.01053e+06 0.000321726 -0.00470796 2.30123e-16 1.22055e-19 -67121.3 -491937 2.84963e-08 1.242e-09
4.03447e+06 0.000326295 -0.00475048 2.2746e-16 1.45207e-19 -65526.6 -494622 2.8158e-08 1.4776e-09
4.05838e+06 0.000330859 -0.00479297 2.34913e-16 1.29305e-19 -63934.7 -497305 2.90675e-08 1.31578e-09
4.08225e+06 0.000335421 -0.00483548 2.32278e-16 1.70165e-19 -62345.3 -499987 2.87255e-08 1.73156e-09
4.10607e+06 0.000339982 -0.00487799 2.27226e-16 1.47795e-19 -60758.9 -502670 2.81107e-08 1.50394e-09
4.12979e+06 0.000344471 -0.00491982 2.22205e-16 8.30126e-20 -59174.7 -505305 2.74704e-08 8.44719e-10
4.15345e+06 0.000348863 -0.0049607 2.20651e-16 1.13054e-19 -57594.4 -507876 2.72739e-08 1.15042e-09
4.17706e+06 0.000353243 -0.0050015 2.1647e-16 7.80094e-20 -56018.5 -510441 2.67319e-08 7.93808e-10
4.20064e+06 0.000357621 -0.00504229 2.24706e-16 9.44648e-20 -54444.7 -513004 2.7725e-08 9.61255e-10
4.22415e+06 0.000361948 -0.00508261 2.19998e-16 9.56332e-20 -52873.2 -515535 2.71466e-08 9.73144e-10
4.24761e+06 0.00036627 -0.0051229 2.14446e-16 1.02863e-19 -51308.1 -518063 2.64336e-08 1.04672e-09
4.27103e+06 0.000370589 -0.00516319 2.22071e-16 7.52529e-20 -49745.4 -520590 2.73794e-08 7.65759e-10
4.2944e+06 0.000374904 -0.00520345 2.21237e-16 1.31819e-19 -48184.3 -523114 2.72667e-08 1.34137e-09
4.31772e+06 0.000379213 -0.00524369 2.16416e-16 1.22795e-19 -46629.2 -525636 2.66555e-08 1.24954e-09
4.34101e+06 0.00038352 -0.00528394 2.22855e-16 9.35625e-20 -45076.8 -528157 2.74413e-08 9.52073e-10
4.36425e+06 0.000387822 -0.00532416 2.22953e-16 1.31464e-19 -43525.9 -530674 2.74304e-08 1.33775e-09
4.3874e+06 0.00039212 -0.00536436 2.16698e-16 1.49821e-19 -41981.2 -533191 2.66518e-08 1.52454e-09
4.41052e+06 0.000396415 -0.00540458 2.24338e-16 1.06196e-19 -40439.6 -535706 2.75613e-08 1.08063e-09
4.43356e+06 0.000400718 -0.00544488 2.2461e-16 1.45395e-19 -38901.6 -538226 2.75941e-08 1.47951e-09
4.45656e+06 0.000405002 -0.00548503 2.13129e-16 6.62294e-20 -37367 -540735 2.61753e-08 6.73937e-10
4.47947e+06 0.00040922 -0.00552454 2.2167e-16 5.93633e-20 -35837.9 -543200 2.7223e-08 6.04069e-10
4.50234e+06 0.00041344 -0.0055641 2.20134e-16 9.09195e-20 -34310.8 -545667 2.70047e-08 9.25178e-10
4.52517e+06 0.000417658 -0.00560367 2.14256e-16 8.69808e-20 -32786.7 -548133 2.62808e-08 8.85099e-10
4.54799e+06 0.000421877 -0.00564325 2.213e-16 8.81628e-20 -31264.5 -550598 2.71393e-08 8.97126e-10
4.57077e+06 0.000426094 -0.00568285 2.20332e-16 9.13345e-20 -29743.9 -553063 2.70047e-08 9.29402e-10
4.59353e+06 0.000430311 -0.00572246 2.14177e-16 8.30253e-20 -28225.4 -555527 2.62116e-08 8.44849e-10
4.61626e+06 0.000434527 -0.00576209 2.2074e-16 9.03149e-20 -26709 -557990 2.70265e-08 9.19026e-10
4.63894e+06 0.000438736 -0.00580166 2.20671e-16 1.30165e-19 -25194 -560447 2.6972e-08 1.32454e-09
4.66159e+06 0.000442944 -0.00584124 2.1565e-16 7.41622e-20 -23680.3 -562902 2.63353e-08 7.5466e-10
4.68419e+06 0.000447139 -0.00588071 2.22715e-16 7.4372e-20 -22169.8 -565348 2.72339e-08 7.56795e-10
4.70675e+06 0.000451326 -0.00592012 2.20384e-16 1.13466e-19 -20661.6 -567788 2.68519e-08 1.15461e-09
4.72926e+06 0.000455514 -0.00595956 2.16425e-16 8.07999e-20 -19156.8 -570227 2.64154e-08 8.22203e-10
4.75172e+06 0.000459708 -0.00599908 2.25805e-16 8.57436e-20 -17656.2 -572668 2.75468e-08 8.7251e-10
4.77409e+06 0.000463865 -0.00603825 2.22519e-16 8.80239e-20 -16157.6 -575084 2.71393e-08 8.95713e-10
4.79642e+06 0.000468018 -0.00607739 2.14469e-16 1.34328e-19 -14661.2 -577494 2.61389e-08 1.36689e-09
4.81866e+06 0.000472183 -0.00611666 2.22954e-16 1.18573e-19 -13169 -579910 2.71793e-08 1.20657e-09
4.84084e+06 0.000476355 -0.00615601 2.23013e-16 1.2998e-19 -11679 -582327 2.71284e-08 1.32265e-09
4.86296e+06 0.000480531 -0.00619541 2.18205e-16 9.70407e-20 -10192 -584743 2.64954e-08 9.87467e-10
4.88506e+06 0.000484711 -0.00623487 2.25623e-16 1.2162e-19 -8707.51 -587159 2.73758e-08 1.23759e-09
4.90708e+06 0.000488894 -0.00627436 2.24058e-16 1.26768e-19 -7226.02 -589571 2.71903e-08 1.28997e-09
4.92904e+06 0.00049308 -0.00631388 2.19998e-16 9.75825e-20 -5750.23 -591980 2.66664e-08 9.92979e-10
4.95093e+06 0.000497262 -0.00635338 2.26083e-16 1.02563e-19 -4279.43 -594382 2.73976e-08 1.04366e-09
4.97277e+06 0.000501457 -0.00639299 2.25615e-16 1.08398e-19 -2811.34 -596786 2.72958e-08 1.10303e-09
4.99457e+06 0.000505665 -0.00643273 2.18074e-16 1.35754e-19 -1346.08 -599190 2.63535e-08 1.3814e-09
5.01629e+06 0.00050987 -0.00647244 2.2243e-16 1.21746e-19 115.027 -601585 2.68992e-08 1.23886e-09
5.03795e+06 0.000514057 -0.00651195 2.19434e-16 1.52825e-19 1570.62 -603958 2.64736e-08 1.55511e-09
5.05953e+06 0.000518267 -0.00655168 2.15475e-16 1.42426e-19 3020.89 -606337 2.59824e-08 1.4493e-09
5.08105e+06 0.000522508 -0.00659168 2.21621e-16 1.32974e-19 4467.84 -608723 2.66555e-08 1.35311e-09
5.10252e+06 0.000526772 -0.0066319 2.22589e-16 1.12558e-19 5912.09 -611111 2.67319e-08 1.14536e-09
5.12393e+06 0.000531065 -0.00667236 2.17251e-16 7.93904e-20 7353.64 -613502 2.60734e-08 8.07861e-10
5.14527e+06 0.000535389 -0.0067131 2.2177e-16 1.5705e-19 8792.11 -615896 2.65536e-08 1.59811e-09
5.16656e+06 0.00053975 -0.00675415 2.16353e-16 1.55819e-19 10227.2 -618295 2.58951e-08 1.58558e-09
5.18776e+06 0.00054415 -0.00679552 2.14658e-16 1.3845e-19 11658.7 -620697 2.5655e-08 1.40884e-09
5.2089e+06 0.000548595 -0.00683727 2.20821e-16 9.82285e-20 13086.6 -623103 2.62917e-08 9.99553e-10
5.22995e+06 0.000553311 -0.00687996 2.31743e-16 1.4111e-19 14510.1 -625513 2.51312e-08 1.43591e-09
5.25092e+06 0.000558134 -0.00692319 2.4082e-16 2.35639e-19 15929.5 -627924 2.60261e-08 2.39781e-09
5.27179e+06 0.000563034 -0.00696704 2.33196e-16 1.40723e-19 17343.7 -630344 2.51275e-08 1.43197e-09
5.29258e+06 0.000568007 -0.00701143 2.39331e-16 1.5913e-19 18753.5 -632766 2.57132e-08 1.61927e-09
5.31328e+06 0.000573068 -0.00705647 2.32768e-16 1.9675e-19 20159 -635193 2.49456e-08 2.00209e-09
5.3339e+06 0.000578225 -0.00710224 2.38911e-16 2.11509e-19 21559.6 -637624 2.55386e-08 2.15227e-09
5.35445e+06 0.000583481 -0.00714872 2.28193e-16 2.03063e-19 22956.3 -640055 2.4309e-08 2.06633e-09
5.37487e+06 0.000588841 -0.00719592 2.34522e-16 2.16293e-19 24348.8 -642480 2.48874e-08 2.20095e-09
5.39518e+06 0.000594332 -0.00724409 2.35438e-16 2.11552e-19 25734.5 -644908 2.48801e-08 2.15271e-09
5.41539e+06 0.00059994 -0.00729304 2.35493e-16 1.69456e-19 27116.1 -647325 2.47564e-08 1.72435e-09
5.4355e+06 0.000605702 -0.00734308 2.35218e-16 1.76582e-19 28492.8 -649738 2.46e-08 1.79686e-09
5.45553e+06 0.000611618 -0.00739418 2.2623e-16 1.99444e-19 29863.8 -652141 2.35741e-08 2.0295e-09
5.47548e+06 0.000617704 -0.00744643 2.21309e-16 2.07259e-19 31230.8 -654531 2.29556e-08 2.10903e-09
5.49534e+06 0.000624313 -0.00750073 2.31822e-16 1.93217e-19 32592.2 -656888 2.25555e-08 1.96614e-09
5.51513e+06 0.000631243 -0.00755675 2.30232e-16 2.01107e-19 33948 -659224 2.22135e-08 2.04643e-09
5.53483e+06 0.000638434 -0.00761444 2.30223e-16 1.79747e-19 35296.9 -661540 2.20825e-08 1.82907e-09
5.55445e+06 0.000645866 -0.00767359 2.27234e-16 1.8342e-19 36640 -663819 2.17042e-08 1.86645e-09
5.57397e+06 0.000653573 -0.00773443 2.2595e-16 2.15033e-19 37976.7 -666066 2.14059e-08 2.18814e-09
5.59339e+06 0.000661632 -0.00779757 2.263e-16 2.63278e-19 39306.5 -668295 2.13113e-08 2.67907e-09
5.61272e+06 0.000670043 -0.00786295 2.27446e-16 2.2915e-19 40630.4 -670500 2.12895e-08 2.33179e-09
5.63197e+06 0.000678825 -0.00793071 2.28139e-16 2.36891e-19 41948.3 -672679 2.12021e-08 2.41056e-09
5.65113e+06 0.00068799 -0.00800093 2.30792e-16 2.35703e-19 43260 -674830 2.13477e-08 2.39847e-09
5.67019e+06 0.000697544 -0.00807364 2.30488e-16 2.48059e-19 44562.7 -676955 2.11512e-08 2.5242e-09
5.68914e+06 0.000707482 -0.00814883 2.30741e-16 2.29127e-19 45859.2 -679052 2.1093e-08 2.33155e-09
5.708e+06 0.000717808 -0.00822652 2.27652e-16 3.17021e-19 47149.2 -681124 2.07219e-08 3.22594e-09
5.72675e+06 0.000728517 -0.00830672 2.26557e-16 3.19673e-19 48432.2 -683175 2.05255e-08 3.25293e-09
5.74539e+06 0.000739591 -0.00838931 2.26239e-16 2.80666e-19 49708.5 -685208 2.04018e-08 2.856e-09
5.7639e+06 0.00075101 -0.00847419 2.24069e-16 3.24433e-19 50978.1 -687224 2.00962e-08 3.30136e-09
5.7823e+06 0.000762752 -0.00856122 2.22973e-16 3.14201e-19 52241.1 -689228 1.99434e-08 3.19725e-09
5.80054e+06 0.000774792 -0.00865028 2.21833e-16 3.1355e-19 53496.5 -691223 1.97906e-08 3.19062e-09
5.81866e+06 0.000787116 -0.00874129 2.21356e-16 2.5433e-19 54745 -693214 1.96524e-08 2.58801e-09
5.83663e+06 0.000799713 -0.00883421 2.17594e-16 3.15175e-19 55986 -695205 1.93468e-08 3.20716e-09
5.85446e+06 0.00081255 -0.00892881 2.1588e-16 3.02791e-19 57219.4 -697195 1.90848e-08 3.08114e-09
5.87214e+06 0.000825606 -0.00902499 2.14321e-16 2.95501e-19 58445.1 -699188 1.88593e-08 3.00696e-09
5.88968e+06 0.000838867 -0.00912262 2.13218e-16 2.50219e-19 59663.6 -701183 1.87574e-08 2.54618e-09
5.90708e+06 0.000852311 -0.00922159 2.08815e-16 2.95e-19 60875.4 -703180 1.83136e-08 3.00186e-09
5.92436e+06 0.000865919 -0.00932176 2.05342e-16 3.56992e-19 62080.5 -705178 1.79207e-08 3.63268e-09
5.94151e+06 0.000879694 -0.00942313 2.01607e-16 3.2512e-19 63278.6 -707177 1.76224e-08 3.30836e-09
5.95855e+06 0.00089364 -0.00952575 1.99133e-16 3.3361e-19 64467.4 -709179 1.73386e-08 3.39475e-09
5.97548e+06 0.000907741 -0.00962949 1.95794e-16 3.0486e-19 65649.7 -711178 1.70039e-08 3.10219e-09
5.99229e+06 0.000921997 -0.00973431 1.95899e-16 2.8026e-19 66823.3 -713172 1.6953e-08 2.85187e-09
6.00902e+06 0.000936412 -0.00984023 1.94471e-16 3.0713e-19 67990.2 -715158 1.67565e-08 3.12529e-09
6.02565e+06 0.000951005 -0.00994734 1.92813e-16 3.54499e-19 69151.5 -717134 1.65383e-08 3.60731e-09
6.0422e+06 0.000965793 -0.0100557 1.93551e-16 3.11083e-19 70307.1 -719095 1.65383e-08 3.16552e-09
6.05866e+06 0.000980802 -0.0101656 1.94353e-16 2.89124e-19 71457.2 -721039 1.65019e-08 2.94207e-09
6.07503e+06 0.000996088 -0.0102772 1.91479e-16 3.32778e-19 72601.3 -722966 1.61453e-08 3.38628e-09
6.09132e+06 0.00101168 -0.0103908 1.91459e-16 3.3877e-19 73739.4 -724869 1.61162e-08 3.44725e-09
6.1075e+06 0.00102766 -0.0105068 1.9112e-16 3.46957e-19 74871.4 -726748 1.59707e-08 3.53056e-09
6.12358e+06 0.00104404 -0.0106252 1.87654e-16 3.75501e-19 75997.2 -728594 1.55196e-08 3.82103e-09
6.13957e+06 0.00106084 -0.0107463 1.87676e-16 3.80384e-19 77117.2 -730400 1.5425e-08 3.87071e-09
6.15545e+06 0.00107815 -0.0108704 1.88655e-16 3.64559e-19 78230.8 -732166 1.53959e-08 3.70968e-09
6.17124e+06 0.00109599 -0.0109979 1.85795e-16 3.68878e-19 79338 -733888 1.5054e-08 3.75363e-09
6.18691e+06 0.00111447 -0.0111293 1.8739e-16 3.64384e-19 80438.8 -735569 1.50249e-08 3.7079e-09
6.20246e+06 0.0011336 -0.0112649 1.86327e-16 3.55009e-19 81532.9 -737209 1.48211e-08 3.6125e-09
6.2179e+06 0.00115334 -0.0114042 1.84954e-16 3.1823e-19 82621 -738804 1.46247e-08 3.23825e-09
6.23324e+06 0.00117368 -0.0115472 1.83365e-16 2.86623e-19 83702.7 -740355 1.437e-08 2.91662e-09
6.24848e+06 0.00119458 -0.0116938 1.81251e-16 3.07306e-19 84778 -741869 1.40572e-08 3.12708e-09
6.26362e+06 0.00121596 -0.0118434 1.79023e-16 3.29748e-19 85847.4 -743345 1.38753e-08 3.35545e-09
6.27866e+06 0.00123786 -0.0119962 1.7723e-16 3.43422e-19 86910.6 -744789 1.36206e-08 3.4946e-09
6.2936e+06 0.00126007 -0.0121513 1.76352e-16 3.19297e-19 87968 -746212 1.35551e-08 3.24911e-09
6.30844e+06 0.00128267 -0.0123087 1.70328e-16 3.45862e-19 89019.4 -747612 1.30385e-08 3.51942e-09
6.32318e+06 0.00130549 -0.012468 1.69143e-16 3.40389e-19 90065.1 -748998 1.29003e-08 3.46373e-09
6.33782e+06 0.00132857 -0.012629 1.65013e-16 3.23933e-19 91104.7 -750372 1.25365e-08 3.29628e-09
6.35235e+06 0.00135185 -0.0127915 1.55299e-16 2.95416e-19 92138.2 -751737 1.18016e-08 3.00609e-09
6.36677e+06 0.00137523 -0.0129549 1.50868e-16 3.46751e-19 93165.3 -753090 1.14087e-08 3.52847e-09
6.38108e+06 0.00139879 -0.0131197 1.50212e-16 3.71117e-19 94186.3 -754439 1.13432e-08 3.77642e-09
6.39528e+06 0.00142249 -0.0132856 1.48673e-16 3.1911e-19 95200.3 -755784 1.12123e-08 3.2472e-09
6.40936e+06 0.00144634 -0.0134528 1.49151e-16 3.48096e-19 96207.2 -757127 1.1205e-08 3.54216e-09
6.42334e+06 0.0014703 -0.0136209 1.45483e-16 3.38732e-19 97207.7 -758468 1.08557e-08 3.44687e-09
6.4372e+06 0.0014944 -0.0137903 1.44527e-16 3.14404e-19 98202.2 -759809 1.07684e-08 3.19931e-09
6.45095e+06 0.00151864 -0.0139608 1.40737e-16 3.4203e-19 99190.8 -761151 1.04628e-08 3.48043e-09
6.46459e+06 0.00154299 -0.0141324 1.38652e-16 3.333e-19 100174 -762492 1.031e-08 3.39159e-09
6.47811e+06 0.00156744 -0.0143049 1.36485e-16 3.53796e-19 101151 -763832 1.01354e-08 3.60015e-09
6.49152e+06 0.00159199 -0.0144784 1.31698e-16 3.32955e-19 102122 -765172 9.72796e-09 3.38808e-09
6.50481e+06 0.00161663 -0.0146527 1.30355e-16 3.13879e-19 103085 -766510 9.60426e-09 3.19397e-09
6.51797e+06 0.00164138 -0.0148281 1.052e-16 3.5854e-19 104042 -767849 7.778e-09 3.64843e-09
6.53098e+06 0.00166632 -0.0150051 8.91977e-17 3.7202e-19 104991 -769192 6.51198e-09 3.7856e-09
6.54382e+06 0.00169148 -0.0151839 7.4861e-17 4.01973e-19 105933 -770540 5.52245e-09 4.0904e-09
6.5564e+06 0.001717 -0.0153655 6.84585e-17 4.89714e-19 106866 -771903 5.00586e-09 4.98323e-09
6.5688e+06 0.00174327 -0.0155508 7.21806e-17 3.42954e-19 107791 -773254 4.52565e-09 3.48983e-09
6.58093e+06 0.00177167 -0.0157442 6.44281e-17 3.40753e-19 108706 -774546 3.9945e-09 3.46743e-09
6.59275e+06 0.00180077 -0.0159419 6.09507e-17 3.89181e-19 109611 -775847 3.3906e-09 3.96023e-09
6.60437e+06 0.00183293 -0.0161502 5.25368e-17 2.84661e-19 110507 -777037 2.88128e-09 2.89665e-09
6.61581e+06 0.00186539 -0.0163605 4.35293e-17 3.05558e-19 111395 -778223 2.38651e-09 3.1093e-09
6.62712e+06 0.00189814 -0.0165728 3.71565e-17 3.48725e-19 112276 -779401 2.06637e-09 3.54855e-09
6.63829e+06 0.00193122 -0.0167871 3.37796e-17 2.79173e-19 113151 -780566 1.84809e-09 2.84081e-09
6.64935e+06 0.00196469 -0.0170038 3.04079e-17 3.04725e-19 114018 -781715 1.61526e-09 3.10082e-09
6.66028e+06 0.0019986 -0.0172231 2.47868e-17 3.41115e-19 114879 -782841 1.32422e-09 3.47112e-09
6.6711e+06 0.00203308 -0.0174455 2.57547e-17 2.93435e-19 115733 -783937 1.38971e-09 2.98593e-09
6.6818e+06 0.00206822 -0.0176716 2.04895e-17 2.96116e-19 116580 -784996 1.04774e-09 3.01322e-09
6.69237e+06 0.00210419 -0.0179022 1.59905e-17 3.06231e-19 117419 -786010 8.80391e-10 3.11614e-09
6.70281e+06 0.00214114 -0.018138 1.50452e-17 3.58729e-19 118251 -786970 7.71252e-10 3.65035e-09
6.71311e+06 0.00217922 -0.0183797 1.02435e-17 3.15022e-19 119074 -787866 4.43833e-10 3.2056e-09
6.72327e+06 0.00221858 -0.0186282 1.09727e-17 3.48605e-19 119888 -788691 5.02041e-10 3.54734e-09
6.73327e+06 0.00225933 -0.0188839 8.36937e-18 3.17292e-19 120693 -789440 4.00178e-10 3.2287e-09
6.74311e+06 0.00230147 -0.0191468 -2.19175e-17 2.09925e-19 121492 -790110 -1.04774e-09 2.13615e-09
6.75281e+06 0.00234497 -0.0194168 -4.99729e-17 2.27673e-19 122281 -790704 -2.43745e-09 2.31675e-09
6.76234e+06 0.00238972 -0.0196934 -7.49658e-17 7.98989e-20 123061 -791228 -3.55067e-09 8.13035e-10
6.77172e+06 0.00243555 -0.0199757 -1.05767e-16 3.66454e-20 123833 -791691 -4.9622e-09 3.72896e-10
6.78096e+06 0.00248233 -0.0202632 -1.21068e-16 -5.27144e-20 124597 -792104 -5.58794e-09 -5.36411e-10
6.79006e+06 0.00252991 -0.0205551 -1.3244e-16 -4.84641e-20 125352 -792478 -6.11908e-09 -4.93161e-10
6.799e+06 0.00257822 -0.0208513 -1.41578e-16 2.11538e-20 126099 -792821 -6.52653e-09 2.15257e-10
6.8078e+06 0.00262709 -0.0211508 -1.4518e-16 -6.31809e-20 126837 -793141 -6.60657e-09 -6.42917e-10
6.81645e+06 0.00267646 -0.0214535 -1.51719e-16 -7.84771e-21 127568 -793444 -6.8685e-09 -7.98567e-11
6.82496e+06 0.00272624 -0.0217588 -1.75782e-16 6.77864e-20 128290 -793734 -7.91624e-09 6.89781e-10
6.83333e+06 0.0027764 -0.0220666 -1.89896e-16 1.19814e-19 129005 -794014 -8.5347e-09 1.21921e-09
6.84154e+06 0.00282692 -0.022377 -1.9454e-16 1.15841e-19 129711 -794287 -8.60746e-09 1.17877e-09
6.84958e+06 0.00287787 -0.0226904 -1.94388e-16 9.63377e-20 130407 -794554 -8.60746e-09 9.80313e-10
6.85746e+06 0.00292922 -0.0230066 -1.9079e-16 1.61752e-19 131095 -794818 -8.41101e-09 1.64596e-09
6.86515e+06 0.00298101 -0.0233259 -1.76033e-16 1.74508e-19 131774 -795079 -7.66158e-09 1.77576e-09
6.87268e+06 0.00303314 -0.0236478 -1.47571e-16 1.19297e-19 132444 -795337 -6.46105e-09 1.21394e-09
6.88005e+06 0.00308563 -0.0239723 -1.16751e-16 1.40605e-19 133106 -795592 -5.10045e-09 1.43077e-09
6.88724e+06 0.00313844 -0.0242993 -8.87793e-17 1.84809e-19 133758 -795845 -3.73257e-09 1.88058e-09
6.89428e+06 0.00319153 -0.0246286 -5.67486e-17 1.88918e-19 134401 -796094 -2.452e-09 1.92239e-09
6.90115e+06 0.00324495 -0.0249605 -2.43352e-17 1.36599e-19 135036 -796340 -1.01136e-09 1.39e-09
6.90788e+06 0.00329854 -0.025294 3.15009e-18 1.54547e-19 135662 -796583 1.16415e-10 1.57264e-09
6.91446e+06 0.0033525 -0.0256304 3.36846e-17 1.21203e-19 136279 -796822 1.43336e-09 1.23334e-09
6.9209e+06 0.00340662 -0.0259685 6.07434e-17 1.14041e-19 136887 -797057 2.48838e-09 1.16046e-09
6.92722e+06 0.00346092 -0.0263084 8.74239e-17 1.0987e-19 137488 -797286 3.65253e-09 1.11802e-09
6.93341e+06 0.00351536 -0.0266499 1.10777e-16 1.83867e-19 138081 -797510 4.5402e-09 1.87099e-09
6.93948e+06 0.00356994 -0.0269931 1.36404e-16 1.61476e-19 138666 -797727 5.51518e-09 1.64315e-09
6.94543e+06 0.00362461 -0.0273377 1.6245e-16 1.19826e-19 139242 -797937 6.49743e-09 1.21932e-09
6.95128e+06 0.00367938 -0.0276838 1.91847e-16 7.44867e-20 139811 -798139 7.58882e-09 7.57962e-10
6.957e+06 0.00373422 -0.0280314 2.19372e-16 7.81193e-20 140372 -798332 8.62929e-09 7.94927e-10
6.96263e+06 0.00378913 -0.0283804 2.45576e-16 1.40273e-19 140925 -798515 9.45147e-09 1.42739e-09
6.96814e+06 0.00384412 -0.0287311 2.75623e-16 1.03398e-19 141472 -798688 1.05283e-08 1.05215e-09
6.97354e+06 0.00389917 -0.0290835 3.03225e-16 1.13177e-19 142011 -798848 1.14305e-08 1.15167e-09
6.97884e+06 0.00395427 -0.0294374 3.31365e-16 1.31828e-19 142543 -798995 1.22891e-08 1.34146e-09
6.98402e+06 0.00400939 -0.029793 3.6334e-16 1.18192e-19 143066 -799128 1.32786e-08 1.20269e-09
6.9891e+06 0.00406454 -0.0301503 3.97648e-16 1.13508e-19 143583 -799245 1.4239e-08 1.15504e-09
6.91473e+06 0.00430072 -0.0317196 -3.54629e-16 -4.48281e-19 141482 -800183 -1.16925e-08 -4.56162e-09
6.92261e+06 0.00435909 -0.0321076 3.0643e-16 -4.51561e-19 142212 -800162 9.81527e-09 -4.595e-09
6.92977e+06 0.0044179 -0.0325011 3.28581e-16 2.24115e-19 142888 -800125 1.02955e-08 2.28055e-09
6.93629e+06 0.00447591 -0.0328915 3.60628e-16 2.84382e-19 143574 -800060 1.10958e-08 2.89381e-09
6.89561e+06 0.00464745 -0.0340739 -1.10516e-15 -2.60708e-19 142853 -800121 -3.18905e-08 -2.65291e-09
6.90303e+06 0.0047053 -0.0344727 -6.83745e-16 6.75452e-19 143505 -799964 -1.94414e-08 6.87326e-09
6.90921e+06 0.00476174 -0.0348639 3.00016e-16 -1.22587e-19 144136 -799790 8.3819e-09 -1.24742e-09
6.91457e+06 0.00481557 -0.035239 6.93311e-16 4.60536e-19 144680 -799615 1.90194e-08 4.68632e-09
6.91963e+06 0.00486877 -0.0356118 9.03158e-16 3.64261e-19 145179 -799430 2.44472e-08 3.70664e-09
6.92449e+06 0.00492139 -0.035982 1.08952e-15 4.00601e-19 145666 -799234 2.91184e-08 4.07643e-09
6.92918e+06 0.00497379 -0.0363524 1.25243e-15 3.98952e-19 146136 -799026 3.3062e-08 4.05965e-09
6.93376e+06 0.00502616 -0.0367239 1.38785e-15 4.44179e-19 146597 -798807 3.62052e-08 4.51988e-09
6.93826e+06 0.00507847 -0.0370964 1.50415e-15 4.12475e-19 147052 -798577 3.89118e-08 4.19726e-09
6.94266e+06 0.00513077 -0.0374703 1.60667e-15 5.20466e-19 147500 -798336 4.11819e-08 5.29615e-09
6.85014e+06 0.00512534 -0.0374739 1.95378e-16 -6.34994e-19 135160 -798882 -4.35102e-08 -6.46157e-09
6.85832e+06 0.00516589 -0.0377945 -9.15448e-16 1.59695e-19 135946 -799770 -2.31958e-08 1.62502e-09
6.86455e+06 0.00522022 -0.0381844 -1.01075e-15 -1.32966e-19 136643 -799464 -2.5364e-08 -1.35304e-09
6.87005e+06 0.00527223 -0.038559 -9.83555e-16 3.77346e-19 137266 -799168 -2.44472e-08 3.8398e-09
6.87529e+06 0.00532377 -0.0389314 -9.22311e-16 2.63588e-19 137868 -798869 -2.27592e-08 2.68221e-09
6.88029e+06 0.00537544 -0.0393059 -8.9566e-16 1.72985e-19 138433 -798567 -2.19516e-08 1.76026e-09
6.88497e+06 0.00542709 -0.0396814 -8.60431e-16 2.52678e-19 138979 -798260 -2.09475e-08 2.5712e-09
6.88949e+06 0.00547914 -0.0400609 -8.36028e-16 1.45463e-19 139513 -797947 -2.02272e-08 1.4802e-09
6.89392e+06 0.00553114 -0.0404411 -8.30737e-16 2.37619e-19 140040 -797628 -1.99943e-08 2.41796e-09
6.89829e+06 0.00558308 -0.0408217 -8.23644e-16 2.83825e-19 140563 -797304 -1.97469e-08 2.88814e-09
6.90258e+06 0.00563495 -0.0412027 -8.08894e-16 1.90266e-19 141079 -796975 -1.92085e-08 1.93611e-09
6.9068e+06 0.00568676 -0.0415842 -7.96599e-16 1.7963e-19 141590 -796642 -1.87792e-08 1.82788e-09
6.82637e+06 0.00568257 -0.0416102 2.42951e-17 -3.21751e-19 130923 -797802 1.72658e-08 -3.27407e-09
6.8325e+06 0.00573316 -0.0419981 9.45117e-16 -5.42452e-20 131620 -797687 2.23445e-08 -5.51988e-10
6.83783e+06 0.00578682 -0.0423947 9.06924e-16 3.17304e-20 132265 -797312 2.13549e-08 3.22882e-10
6.6969e+06 0.00601707 -0.0469697 5.57782e-16 1.45531e-19 128239 -757525 1.06957e-08 1.48089e-09
6.70475e+06 0.00606638 -0.0473492 4.28957e-16 7.78202e-19 129001 -757456 7.81438e-09 7.91883e-09
6.71233e+06 0.00611583 -0.0477307 -1.205e-16 6.06643e-19 129729 -757388 -4.22006e-09 6.17308e-09
6.71934e+06 0.00616612 -0.0481119 -4.61272e-16 4.57685e-19 130420 -757257 -1.06884e-08 4.65731e-09
6.72604e+06 0.00621665 -0.0484951 -6.06969e-16 4.2854e-19 131087 -757120 -1.37297e-08 4.36074e-09
6.73264e+06 0.0062672 -0.0488791 -6.3017e-16 5.34397e-19 131741 -756981 -1.41517e-08 5.43791e-09
6.7391e+06 0.00631783 -0.0492643 -5.9277e-16 4.72233e-19 132389 -756840 -1.33005e-08 4.80535e-09
6.74483e+06 0.00636806 -0.049647 -5.3925e-16 6.52233e-19 133051 -756694 -1.21727e-08 6.63699e-09
6.74958e+06 0.00641724 -0.0500231 -4.61642e-16 4.77158e-19 133613 -756560 -1.0572e-08 4.85546e-09
6.7541e+06 0.0064662 -0.0503984 -3.70238e-16 3.42015e-19 134139 -756428 -8.60746e-09 3.48027e-09
6.75846e+06 0.00651477 -0.0507713 -2.71469e-16 3.42861e-19 134651 -756296 -6.59929e-09 3.48888e-09
6.76274e+06 0.00656315 -0.0511434 -1.87768e-16 3.88133e-19 135152 -756163 -4.91127e-09 3.94956e-09
6.76689e+06 0.00661149 -0.0515159 -1.09685e-16 3.29151e-19 135645 -756028 -3.24508e-09 3.34937e-09
6.77081e+06 0.00665964 -0.0518875 -4.44663e-17 3.99022e-19 136134 -755892 -1.91358e-09 4.06037e-09
6.77448e+06 0.00670731 -0.0522562 1.86159e-17 3.31912e-19 136582 -755760 -6.91216e-10 3.37747e-09
6.77795e+06 0.00675485 -0.0526248 8.33223e-17 1.43045e-19 137002 -755629 5.74801e-10 1.4556e-09
6.7812e+06 0.00680225 -0.0529932 1.27755e-16 2.90324e-19 137388 -755500 1.41881e-09 2.95428e-09
6.78425e+06 0.00684956 -0.0533617 1.78112e-16 2.43036e-19 137740 -755374 2.4811e-09 2.47308e-09
6.78716e+06 0.00689678 -0.0537301 2.20751e-16 2.98568e-19 138079 -755247 3.25963e-09 3.03817e-09
6.79002e+06 0.00694395 -0.0540988 2.69957e-16 2.38949e-19 138413 -755118 4.19823e-09 2.4315e-09
6.7928e+06 0.00699106 -0.0544676 3.18987e-16 1.9081e-19 138743 -754989 5.16593e-09 1.94164e-09
6.79549e+06 0.00703812 -0.0548365 3.62033e-16 1.90881e-19 139067 -754858 5.94446e-09 1.94236e-09
6.79812e+06 0.0070851 -0.0552055 4.017e-16 2.61724e-19 139388 -754725 6.67205e-09 2.66325e-09
6.80069e+06 0.00713202 -0.0555746 4.44467e-16 2.66669e-19 139704 -754592 7.47968e-09 2.71357e-09
6.75393e+06 0.00719215 -0.0560579 -9.40116e-16 -1.05936e-18 139119 -754540 -1.91794e-08 -1.07799e-08
6.75937e+06 0.00723952 -0.0564271 -1.04451e-15 -5.86069e-19 139586 -754376 -1.98052e-08 -5.96372e-09
6.76308e+06 0.00728666 -0.056795 -1.18341e-15 8.75877e-20 139961 -754220 -2.23808e-08 8.91274e-10
6.76655e+06 0.00733366 -0.0571587 -1.3385e-15 -3.99426e-19 140285 -754062 -2.30066e-08 -4.06447e-09
6.73002e+06 0.00732802 -0.0571823 -9.5021e-16 2.58549e-19 130741 -754807 -3.31784e-09 2.63094e-09
6.69598e+06 0.00737683 -0.0575991 -4.10397e-16 -4.33608e-19 130683 -755139 -5.6607e-09 -4.41231e-09
6.70133e+06 0.00742598 -0.0579809 5.67577e-16 -3.44719e-19 131254 -754944 9.4733e-09 -3.50779e-09
6.70578e+06 0.00747346 -0.0583487 8.24702e-16 1.38493e-19 131731 -754760 1.37152e-08 1.40928e-09
6.71006e+06 0.00752037 -0.0587126 1.05515e-15 2.29029e-19 132193 -754578 1.74405e-08 2.33056e-09
6.67416e+06 0.00757812 -0.0591673 -4.43235e-16 -4.54227e-19 132244 -754416 -8.07631e-09 -4.62213e-09
6.67887e+06 0.00762664 -0.0595445 -8.56813e-16 -1.24274e-19 132753 -754222 -1.51776e-08 -1.26459e-09
6.68279e+06 0.0076732 -0.0599078 -9.75234e-16 4.94151e-19 133163 -754044 -1.72367e-08 5.02838e-09
6.68655e+06 0.00771936 -0.0602687 -1.08979e-15 3.95606e-19 133545 -753870 -1.91649e-08 4.0256e-09
6.69014e+06 0.00776536 -0.060629 -1.18665e-15 3.87887e-19 133902 -753699 -2.08674e-08 3.94706e-09
6.6935e+06 0.00781182 -0.060994 -1.29612e-15 4.19739e-19 134228 -753529 -2.27083e-08 4.27118e-09
6.69669e+06 0.00785822 -0.0613591 -1.41271e-15 3.91394e-19 134527 -753362 -2.46509e-08 3.98274e-09
6.69974e+06 0.00790454 -0.0617242 -1.53166e-15 5.08183e-19 134814 -753196 -2.66009e-08 5.17117e-09
6.70261e+06 0.00795078 -0.0620896 -1.64615e-15 5.28115e-19 135074 -753032 -2.84563e-08 5.37399e-09
6.70535e+06 0.00799691 -0.0624546 -1.7534e-15 3.70337e-19 135319 -752870 -3.02243e-08 3.76848e-09
6.70801e+06 0.00804295 -0.0628195 -1.86932e-15 4.30725e-19 135558 -752708 -3.21161e-08 4.38297e-09
6.71052e+06 0.00808891 -0.0631844 -1.97215e-15 4.31267e-19 135792 -752547 -3.37386e-08 4.38849e-09
6.71294e+06 0.00813481 -0.0635492 -2.07388e-15 3.80154e-19 136022 -752385 -3.54048e-08 3.86837e-09
6.71523e+06 0.00818061 -0.0639139 -2.17197e-15 4.44575e-19 136244 -752224 -3.68964e-08 4.52391e-09
6.71741e+06 0.00822636 -0.0642787 -2.27389e-15 5.0617e-19 136460 -752063 -3.84825e-08 5.15068e-09
6.71946e+06 0.00827201 -0.0646432 -2.36477e-15 5.78485e-19 136669 -751903 -3.9865e-08 5.88654e-09
6.7213e+06 0.00831753 -0.0650074 -2.43787e-15 4.15593e-19 136870 -751743 -4.10073e-08 4.22899e-09
6.72293e+06 0.00836298 -0.0653715 -2.52333e-15 4.47753e-19 137063 -751584 -4.22733e-08 4.55624e-09
6.67641e+06 0.00842046 -0.0658449 1.70601e-16 -1.10177e-18 136385 -751492 -4.1473e-10 -1.12114e-08
6.68043e+06 0.0084674 -0.0662211 1.21365e-15 -4.57594e-19 136680 -751315 1.54978e-08 -4.65638e-09
6.68306e+06 0.00851331 -0.0665906 1.04459e-15 6.87123e-20 136883 -751151 1.26747e-08 6.99202e-10
6.65585e+06 0.00824506 -0.0691559 3.39941e-16 -1.11034e-18 136674 -715594 -1.29512e-08 -1.12986e-08
6.65965e+06 0.00826803 -0.0694841 1.48863e-16 -3.28496e-19 136849 -716374 -1.11104e-08 -3.3427e-09
6.66274e+06 0.00829133 -0.0698061 -9.9966e-17 -3.72398e-19 137036 -716979 -1.66037e-08 -3.78945e-09
6.66555e+06 0.00831424 -0.0701232 -2.58801e-16 -2.07162e-20 137240 -717528 -1.98124e-08 -2.10804e-10
6.66827e+06 0.00833718 -0.0704419 -4.09468e-16 -1.44534e-20 137439 -718033 -2.30284e-08 -1.47075e-10
6.67091e+06 0.00835975 -0.0707611 -5.54708e-16 -3.49855e-20 137630 -718519 -2.59824e-08 -3.56006e-10
6.67348e+06 0.00838197 -0.0710813 -6.90205e-16 -3.64019e-20 137815 -718988 -2.87037e-08 -3.70419e-10
6.59009e+06 0.00838754 -0.0714613 4.38662e-17 -3.22821e-19 125950 -720311 -1.38389e-08 -3.28496e-09
6.59653e+06 0.00841206 -0.0718215 1.00899e-15 -6.42379e-19 126671 -720727 5.26052e-09 -6.53672e-09
6.57418e+06 0.00846331 -0.0726274 2.53727e-16 -5.48231e-19 126669 -721603 -9.75706e-09 -5.57868e-09
6.53294e+06 0.00849084 -0.0730703 -2.25355e-16 -5.64303e-20 126613 -722004 -1.73532e-08 -5.74223e-10
6.54172e+06 0.00851613 -0.0734191 2.81726e-16 -1.20761e-19 127357 -722160 -6.33736e-09 -1.22884e-09
6.54772e+06 0.00854811 -0.073795 1.82526e-16 2.02393e-19 127946 -722156 -5.30417e-09 2.05951e-09
6.55318e+06 0.00858303 -0.0741716 1.58186e-16 1.01816e-18 128465 -722046 -5.16593e-09 1.03606e-08
6.55822e+06 0.00861762 -0.074542 1.5503e-16 1.03012e-18 128961 -721913 -5.27507e-09 1.04823e-08
6.56292e+06 0.00865135 -0.0749059 9.15545e-17 1.1401e-18 129460 -721773 -5.92263e-09 1.16015e-08
6.54471e+06 0.00871626 -0.0756634 -1.31694e-15 -1.76032e-19 129075 -721563 -1.92667e-08 -1.79126e-09
6.52853e+06 0.00878071 -0.0764009 -8.8902e-16 -4.52992e-19 129017 -721260 -1.52286e-08 -4.60955e-09
6.53425e+06 0.00881291 -0.0767542 -1.58305e-16 1.00342e-18 129506 -721061 -8.5638e-09 1.02106e-08
6.53843e+06 0.00884266 -0.0770926 1.03482e-15 -1.05911e-19 129798 -720879 2.21189e-09 -1.07773e-09
6.50205e+06 0.00883562 -0.0774096 -2.29574e-16 -4.47543e-19 120317 -721371 -2.03145e-08 -4.55411e-09
6.46646e+06 0.00886534 -0.0778761 -5.75961e-16 -2.19325e-19 120338 -721237 -1.23109e-08 -2.23181e-09
6.4727e+06 0.00889703 -0.0782538 1.43046e-16 -3.50883e-19 120950 -720972 -6.19912e-09 -3.57052e-09
6.47775e+06 0.00892708 -0.0786233 2.49568e-16 5.70934e-19 121465 -720712 -5.39148e-09 5.80971e-09
6.48233e+06 0.0089558 -0.0789832 3.069e-16 4.3458e-19 121973 -720450 -5.10772e-09 4.4222e-09
6.48661e+06 0.00898407 -0.0793459 3.19465e-16 3.59879e-19 122470 -720178 -5.07134e-09 3.66206e-09
6.49071e+06 0.00901181 -0.079711 2.95784e-16 3.26308e-19 122952 -719897 -5.42786e-09 3.32044e-09
6.49445e+06 0.00903892 -0.0800797 2.32355e-16 5.12027e-19 123398 -719607 -6.04632e-09 5.21029e-09
6.49776e+06 0.00906526 -0.0804514 1.3913e-16 4.57806e-19 123797 -719307 -6.89033e-09 4.65855e-09
6.50078e+06 0.0090908 -0.0808242 4.75572e-17 3.80869e-19 124180 -718997 -7.778e-09 3.87564e-09
6.50357e+06 0.00911538 -0.0811969 -4.76813e-17 4.2949e-19 124540 -718677 -8.61473e-09 4.37041e-09
6.50606e+06 0.00913873 -0.0815682 -1.30388e-16 4.25984e-19 124849 -718348 -9.35688e-09 4.33473e-09
6.46977e+06 0.00916255 -0.0820623 -1.08361e-15 -5.12604e-19 124308 -717942 -1.6742e-08 -5.21615e-09
6.47328e+06 0.00918471 -0.0824543 5.82116e-16 -2.55079e-19 124635 -717561 -4.04543e-09 -2.59563e-09
6.47575e+06 0.00920421 -0.0828267 1.14891e-15 3.68348e-19 124863 -717188 7.27596e-11 3.74824e-09
6.47791e+06 0.00922216 -0.0831962 1.53008e-15 1.38301e-19 125037 -716806 2.73576e-09 1.40733e-09
6.47972e+06 0.00923886 -0.0835656 1.81511e-15 1.37233e-19 125189 -716409 4.66389e-09 1.39646e-09
6.48125e+06 0.00925444 -0.0839364 2.04941e-15 5.32522e-20 125333 -715995 6.17729e-09 5.41883e-10
6.48269e+06 0.00926886 -0.0843084 2.24924e-15 1.56542e-20 125473 -715564 7.47241e-09 1.59294e-10
6.48401e+06 0.00928208 -0.0846815 2.42604e-15 -3.90298e-20 125608 -715116 8.41828e-09 -3.97159e-10
6.48526e+06 0.00929408 -0.0850556 2.58037e-15 -6.55499e-20 125739 -714649 9.38599e-09 -6.67023e-10
6.48647e+06 0.00930487 -0.0854307 2.71272e-15 1.1194e-20 125867 -714164 1.0099e-08 1.13908e-10
6.48761e+06 0.00931442 -0.085807 2.85045e-15 -1.15463e-19 125991 -713661 1.08339e-08 -1.17492e-09
6.48868e+06 0.00932275 -0.0861843 2.9671e-15 -5.48503e-20 126111 -713140 1.14887e-08 -5.58145e-10
6.48959e+06 0.00932995 -0.0865626 3.07977e-15 -8.11481e-20 126227 -712601 1.21072e-08 -8.25747e-10
6.4552e+06 0.00931067 -0.0866799 9.15232e-16 -1.86318e-18 118027 -712308 -4.04543e-08 -1.89593e-08
6.42344e+06 0.00930746 -0.0871493 -2.26132e-16 -1.16077e-18 117945 -711776 -3.98795e-08 -1.18118e-08
6.42712e+06 0.00930996 -0.087563 2.92209e-16 -2.85739e-19 118418 -711141 -3.12648e-08 -2.90762e-09
6.42978e+06 0.00931197 -0.0879597 7.47975e-16 -8.74672e-19 118751 -710515 -2.43745e-08 -8.90049e-09
6.43198e+06 0.00931364 -0.0883455 8.80828e-16 -5.1846e-19 119070 -709897 -2.23226e-08 -5.27574e-09
6.39947e+06 0.00931359 -0.0888463 -3.68803e-16 -1.31653e-18 118897 -709082 -4.15821e-08 -1.33968e-08
6.40288e+06 0.00931481 -0.089249 1.63505e-16 -1.11757e-18 119218 -708420 -3.35276e-08 -1.13722e-08
6.40572e+06 0.00932671 -0.0896076 4.55071e-16 -7.06905e-19 119502 -708179 -2.43745e-08 -7.19332e-09
6.4083e+06 0.0093557 -0.0899614 7.45828e-17 6.75637e-19 119763 -707979 -9.4733e-09 6.87515e-09
6.4108e+06 0.00938568 -0.0903146 2.23345e-16 5.05887e-19 120002 -707728 -7.03585e-09 5.1478e-09
6.41291e+06 0.00941572 -0.090669 3.39846e-16 5.88477e-19 120215 -707480 -4.95493e-09 5.98822e-09
6.41485e+06 0.00944652 -0.0910249 4.2592e-16 7.26731e-19 120420 -707208 -3.15777e-09 7.39507e-09
6.41664e+06 0.00947733 -0.0913809 5.23214e-16 7.08598e-19 120609 -706938 -1.65164e-09 7.21055e-09
6.41833e+06 0.0095081 -0.0917369 6.08458e-16 7.49469e-19 120780 -706671 -3.63798e-10 7.62645e-09
6.41998e+06 0.00953885 -0.0920926 6.89038e-16 7.96231e-19 120948 -706405 8.44011e-10 8.10228e-09
6.42161e+06 0.00956956 -0.0924479 7.64565e-16 8.80329e-19 121115 -706140 1.98634e-09 8.95805e-09
6.42316e+06 0.00960029 -0.0928032 8.43088e-16 8.39604e-19 121280 -705877 3.17959e-09 8.54364e-09
6.42452e+06 0.00963109 -0.0931595 9.10315e-16 8.76471e-19 121437 -705614 4.2055e-09 8.91879e-09
6.42574e+06 0.00966191 -0.0935162 9.74975e-16 8.32813e-19 121583 -705353 5.15138e-09 8.47453e-09
6.40609e+06 0.00947028 -0.0954644 4.16258e-16 -4.04911e-19 121428 -679880 -6.46105e-09 -4.12029e-09
6.40832e+06 0.00949697 -0.0958004 2.74894e-16 7.34994e-19 121516 -680390 -1.1074e-08 7.47915e-09
6.40996e+06 0.00952217 -0.0961155 9.68004e-17 4.69028e-19 121643 -680841 -1.68002e-08 4.77273e-09
6.41142e+06 0.00954738 -0.096429 -9.54408e-17 -7.72938e-21 121773 -681265 -2.29556e-08 -7.86527e-11
6.41275e+06 0.00957254 -0.096742 -2.78601e-16 -2.7174e-19 121903 -681688 -2.89001e-08 -2.76517e-09
6.41402e+06 0.00959783 -0.0970557 -4.32424e-16 -5.03159e-19 122030 -682102 -3.35931e-08 -5.12005e-09
6.41526e+06 0.00962343 -0.0973707 -5.66811e-16 -7.37413e-19 122156 -682492 -3.7704e-08 -7.50376e-09
6.38102e+06 0.00964216 -0.097686 -2.48584e-16 1.83877e-19 113802 -683552 -2.6841e-08 1.8711e-09
6.38439e+06 0.0096748 -0.0980552 6.10828e-16 1.7596e-18 114345 -683752 1.10595e-09 1.79054e-08
6.35064e+06 0.00972065 -0.0985381 4.08163e-17 9.60191e-19 114185 -683706 -1.15178e-08 9.77071e-09
6.35445e+06 0.00975845 -0.0989264 -1.41649e-16 9.61677e-19 114587 -683580 -1.58616e-08 9.78583e-09
6.35735e+06 0.00979448 -0.0992943 -3.91901e-16 1.37556e-18 114946 -683445 -2.13331e-08 1.39974e-08
6.35977e+06 0.00982961 -0.0996508 -5.37147e-16 1.84061e-18 115265 -683300 -2.47528e-08 1.87297e-08
6.36204e+06 0.00986446 -0.100005 -7.29435e-16 8.1567e-19 115553 -683159 -2.92857e-08 8.30009e-09
6.36416e+06 0.00989928 -0.100358 -8.78228e-16 8.90702e-19 115831 -683020 -3.27273e-08 9.06361e-09
6.36607e+06 0.00993409 -0.100712 -1.01581e-15 8.18651e-19 116099 -682883 -3.60451e-08 8.33042e-09
6.36791e+06 0.00996884 -0.101065 -1.15209e-15 7.5561e-19 116360 -682747 -3.92756e-08 7.68894e-09
6.36968e+06 0.0100035 -0.101418 -1.27478e-15 6.76166e-19 116606 -682614 -4.22078e-08 6.88053e-09
6.37127e+06 0.0100379 -0.101768 -1.3886e-15 4.85312e-19 116815 -682485 -4.48636e-08 4.93844e-09
6.37271e+06 0.0100721 -0.102116 -1.50419e-15 4.53264e-19 116995 -682361 -4.75848e-08 4.61233e-09
6.374e+06 0.0101063 -0.102465 -1.60902e-15 2.88751e-19 117161 -682239 -5.01313e-08 2.93828e-09
6.37509e+06 0.0101404 -0.102813 -1.71293e-15 2.13921e-19 117312 -682119 -5.25761e-08 2.17682e-09
6.376e+06 0.0101745 -0.10316 -1.80403e-15 -8.18535e-20 117444 -682002 -5.47443e-08 -8.32924e-10
6.37687e+06 0.0102086 -0.103507 -1.89997e-15 -1.21666e-19 117572 -681886 -5.70435e-08 -1.23805e-09
6.37764e+06 0.0102426 -0.103855 -1.98303e-15 -2.58651e-19 117695 -681771 -5.89862e-08 -2.63198e-09
6.3783e+06 0.0102767 -0.104203 -2.06155e-15 -3.72067e-19 117808 -681658 -6.08343e-08 -3.78608e-09
6.37883e+06 0.0103106 -0.104549 -2.14016e-15 -4.32561e-19 117898 -681548 -6.27988e-08 -4.40166e-09
6.37925e+06 0.0103445 -0.104895 -2.21194e-15 -6.00691e-19 117968 -681441 -6.45377e-08 -6.11252e-09
6.37958e+06 0.0103783 -0.10524 -2.28113e-15 -6.89227e-19 118034 -681336 -6.61821e-08 -7.01344e-09
6.37981e+06 0.0104121 -0.105585 -2.34845e-15 -7.38764e-19 118095 -681231 -6.78338e-08 -7.51752e-09
6.37994e+06 0.0104459 -0.10593 -2.41158e-15 -8.16082e-19 118151 -681128 -6.93253e-08 -8.30428e-09
6.38002e+06 0.0104796 -0.106275 -2.47485e-15 -8.15047e-19 118202 -681026 -7.08387e-08 -8.29375e-09
6.38008e+06 0.0105133 -0.10662 -2.53015e-15 -9.32262e-19 118251 -680925 -7.21848e-08 -9.48651e-09
6.38012e+06 0.0105471 -0.106965 -2.57992e-15 -1.0442e-18 118299 -680824 -7.34508e-08 -1.06255e-08
6.38016e+06 0.0105808 -0.107309 -2.63205e-15 -1.04601e-18 118346 -680725 -7.4644e-08 -1.0644e-08
6.38019e+06 0.0106144 -0.107653 -2.68078e-15 -1.0748e-18 118392 -680626 -7.58664e-08 -1.09369e-08
6.38021e+06 0.0106481 -0.107997 -2.71919e-15 -1.27148e-18 118437 -680529 -7.68123e-08 -1.29383e-08
6.38022e+06 0.0106818 -0.108341 -2.76737e-15 -1.17723e-18 118481 -680432 -7.79401e-08 -1.19793e-08
6.38023e+06 0.0107154 -0.108684 -2.80634e-15 -1.27536e-18 118523 -680336 -7.89951e-08 -1.29778e-08
6.34432e+06 0.0107609 -0.109158 4.6378e-16 6.59294e-19 117692 -680292 -5.20231e-09 6.70884e-09
6.34667e+06 0.0107976 -0.109532 1.94274e-15 1.45088e-18 117886 -680174 2.80052e-08 1.47638e-08
6.34767e+06 0.0108323 -0.109886 1.91572e-15 1.81403e-18 117965 -680075 2.72994e-08 1.84592e-08
6.34847e+06 0.0108659 -0.110229 1.86569e-15 1.60656e-18 118035 -679979 2.59752e-08 1.6348e-08
6.34924e+06 0.0108993 -0.11057 1.89181e-15 1.88444e-18 118091 -679887 2.64918e-08 1.91757e-08
6.34998e+06 0.0109326 -0.11091 1.85929e-15 1.93583e-18 118144 -679795 2.56041e-08 1.96986e-08
6.35069e+06 0.0109658 -0.111249 1.79194e-15 1.9093e-18 118191 -679705 2.3967e-08 1.94286e-08
6.3514e+06 0.010999 -0.111588 1.72052e-15 1.82655e-18 118234 -679616 2.22208e-08 1.85866e-08
6.35208e+06 0.0110321 -0.111926 1.64603e-15 1.86853e-18 118274 -679528 2.046e-08 1.90137e-08
6.35272e+06 0.0110653 -0.112264 1.57874e-15 1.77544e-18 118313 -679441 1.87938e-08 1.80665e-08
6.3533e+06 0.0110984 -0.112603 1.51288e-15 1.75379e-18 118349 -679355 1.71567e-08 1.78462e-08
6.35382e+06 0.0111315 -0.112941 1.44831e-15 1.84837e-18 118384 -679269 1.56215e-08 1.88086e-08
6.35426e+06 0.0111647 -0.11328 1.39365e-15 1.97552e-18 118417 -679185 1.42172e-08 2.01024e-08
6.35456e+06 0.011198 -0.11362 1.35603e-15 2.24348e-18 118448 -679101 1.3235e-08 2.28292e-08
6.35452e+06 0.0112318 -0.113965 1.30772e-15 2.67079e-18 118472 -679017 1.20417e-08 2.71775e-08
6.35449e+06 0.0112656 -0.114311 1.26597e-15 2.25254e-18 118495 -678933 1.09285e-08 2.29213e-08
6.35421e+06 0.0112997 -0.114659 1.20882e-15 2.29913e-18 118513 -678851 9.55333e-09 2.33955e-08
6.3538e+06 0.0113341 -0.115009 1.15449e-15 2.2827e-18 118529 -678768 8.24366e-09 2.32283e-08
6.35324e+06 0.0113686 -0.115362 1.1018e-15 2.32157e-18 118543 -678687 6.91216e-09 2.36238e-08
6.35249e+06 0.0114035 -0.115719 1.05462e-15 2.24795e-18 118554 -678605 5.72618e-09 2.28747e-08
6.3515e+06 0.0114388 -0.116079 1.0033e-15 2.32391e-18 118562 -678523 4.48927e-09 2.36477e-08
6.3502e+06 0.0114747 -0.116446 9.62928e-16 2.32809e-18 118565 -678441 3.40515e-09 2.36902e-08
6.34857e+06 0.0115114 -0.11682 9.14709e-16 2.28831e-18 118561 -678359 2.16096e-09 2.32854e-08
6.34654e+06 0.0115487 -0.117202 8.68346e-16 2.14298e-18 118550 -678277 9.8953e-10 2.18065e-08
6.34417e+06 0.0115869 -0.117592 8.20721e-16 2.19318e-18 118532 -678195 -1.89175e-10 2.23173e-08
6.34146e+06 0.0116257 -0.117989 7.77187e-16 2.24978e-18 118508 -678113 -1.32422e-09 2.28933e-08
6.33847e+06 0.0116652 -0.118392 7.39286e-16 2.21995e-18 118478 -678031 -2.32103e-09 2.25898e-08
6.23854e+06 0.0116519 -0.118215 4.70194e-16 1.27378e-18 107417 -670335 -2.17406e-08 1.29617e-08
6.25391e+06 0.0116547 -0.118264 5.23159e-16 4.0558e-18 108379 -672564 -1.79207e-08 4.1271e-08
6.26689e+06 0.0116577 -0.118315 6.08897e-16 2.3122e-18 109190 -674904 -1.18962e-08 2.35285e-08
6.27629e+06 0.0116602 -0.118369 5.20281e-16 2.78908e-18 109597 -677263 -1.51267e-08 2.83812e-08
6.28434e+06 0.0116649 -0.118478 2.86051e-17 2.41063e-18 109931 -678832 -3.89991e-09 2.45301e-08
6.28546e+06 0.0116975 -0.118811 -5.20725e-16 1.17598e-18 110113 -678762 -1.21217e-08 1.19665e-08
6.28365e+06 0.0117364 -0.119207 -7.32135e-16 1.21984e-18 110230 -678669 -1.67856e-08 1.24129e-08
6.1427e+06 0.0118755 -0.120744 1.01231e-15 1.47471e-18 99141.5 -679438 2.18715e-08 1.50064e-08
6.15134e+06 0.0119105 -0.121091 1.32066e-15 1.18046e-18 99821.5 -679297 2.86163e-08 1.20121e-08
6.15963e+06 0.0119454 -0.121437 1.38296e-15 9.99375e-19 100467 -679157 2.9846e-08 1.01694e-08
6.16697e+06 0.0119803 -0.121784 1.33583e-15 8.36783e-19 101055 -679019 2.88419e-08 8.51493e-09
6.17319e+06 0.0120165 -0.122143 1.07065e-15 1.30028e-18 101587 -678885 2.31012e-08 1.32314e-08
6.17744e+06 0.0120523 -0.1225 -3.25997e-16 7.78477e-19 101906 -678772 -7.00675e-09 7.92162e-09
6.14395e+06 0.0120956 -0.122941 -5.17878e-16 3.90483e-19 101617 -678702 -1.11759e-08 3.97347e-09
6.14888e+06 0.0121295 -0.123278 8.94111e-16 3.76537e-19 101923 -678597 1.93104e-08 3.83157e-09
6.15309e+06 0.0121632 -0.123615 1.35544e-15 6.62557e-19 102235 -678492 2.9213e-08 6.74205e-09
6.1564e+06 0.0121958 -0.12394 1.63059e-15 5.97577e-19 102527 -678392 3.51865e-08 6.08083e-09
6.15932e+06 0.0122278 -0.124261 1.73658e-15 1.03229e-18 102790 -678296 3.74494e-08 1.05044e-08
6.16218e+06 0.0122597 -0.12458 1.83666e-15 1.04778e-18 103047 -678202 3.95667e-08 1.0662e-08
6.16485e+06 0.0122914 -0.124896 1.92374e-15 9.73684e-19 103299 -678110 4.14511e-08 9.90801e-09
6.07973e+06 0.0122802 -0.124747 9.61689e-16 7.80906e-19 93870.6 -671664 -2.79833e-08 7.94635e-09
6.09463e+06 0.012283 -0.124796 1.23275e-15 2.31825e-18 94793 -673870 -8.30914e-09 2.35901e-08
6.10597e+06 0.0122859 -0.124848 1.40667e-15 4.78813e-19 95452.7 -676238 5.52973e-09 4.8723e-09
6.11582e+06 0.0122874 -0.124911 1.21115e-15 2.02391e-18 95920.3 -678383 8.17818e-09 2.05949e-08
6.12167e+06 0.0123077 -0.125138 7.11309e-16 5.91334e-19 96266.3 -678756 1.52431e-08 6.01729e-09
6.12468e+06 0.0123386 -0.125447 5.88581e-16 1.63962e-18 96542.6 -678664 1.26383e-08 1.66844e-08
6.12762e+06 0.0123695 -0.125754 6.32957e-16 1.49185e-18 96811.7 -678573 1.35842e-08 1.51808e-08
6.13043e+06 0.0124002 -0.126061 6.89288e-16 1.51866e-18 97064.3 -678484 1.48138e-08 1.54536e-08
6.13307e+06 0.0124308 -0.126367 7.46411e-16 1.58127e-18 97298.1 -678398 1.60435e-08 1.60907e-08
6.13559e+06 0.0124615 -0.126674 8.0503e-16 1.49546e-18 97512.4 -678315 1.73241e-08 1.52175e-08
6.13772e+06 0.0124921 -0.126981 8.89111e-16 1.28379e-18 97693.4 -678235 1.90848e-08 1.30636e-08
6.13956e+06 0.0125228 -0.127288 9.02381e-16 1.69954e-18 97852.6 -678157 1.93613e-08 1.72941e-08
6.1413e+06 0.0125534 -0.127595 9.49241e-16 1.67597e-18 98001.8 -678082 2.0329e-08 1.70543e-08
6.14294e+06 0.012584 -0.127901 9.99035e-16 1.70206e-18 98137.6 -678008 2.14131e-08 1.73199e-08
6.14444e+06 0.0126146 -0.128208 1.05168e-15 1.57293e-18 98261.8 -677935 2.257e-08 1.60058e-08
6.14578e+06 0.0126454 -0.128517 1.09206e-15 1.62796e-18 98376.7 -677864 2.33777e-08 1.65658e-08
6.14685e+06 0.0126767 -0.128831 1.13104e-15 1.65502e-18 98482.7 -677793 2.42217e-08 1.68412e-08
6.14766e+06 0.0127085 -0.129151 1.16443e-15 1.70749e-18 98582.5 -677722 2.49347e-08 1.73751e-08
6.14831e+06 0.0127406 -0.129473 1.20769e-15 1.58346e-18 98678.5 -677652 2.58224e-08 1.6113e-08
6.14887e+06 0.0127727 -0.129795 1.24956e-15 1.49359e-18 98772.1 -677582 2.67755e-08 1.51984e-08
6.1494e+06 0.0128049 -0.130118 1.28351e-15 1.57703e-18 98864.5 -677513 2.7474e-08 1.60476e-08
6.14992e+06 0.012837 -0.130441 1.3235e-15 1.55225e-18 98955.7 -677445 2.82816e-08 1.57954e-08
6.15042e+06 0.0128692 -0.130763 1.36482e-15 1.53716e-18 99043.1 -677377 2.91839e-08 1.56418e-08
6.15089e+06 0.0129012 -0.131085 1.39706e-15 1.6488e-18 99125.8 -677311 2.98387e-08 1.67779e-08
6.15133e+06 0.0129333 -0.131407 1.43685e-15 1.58127e-18 99200.1 -677246 3.069e-08 1.60907e-08
6.15173e+06 0.0129653 -0.131729 1.46967e-15 1.58525e-18 99266.6 -677182 3.13594e-08 1.61312e-08
6.15211e+06 0.0129974 -0.13205 1.49936e-15 1.63843e-18 99327.5 -677119 3.20579e-08 1.66723e-08
6.15248e+06 0.0130294 -0.132372 1.5361e-15 1.5502e-18 99387 -677057 3.27855e-08 1.57745e-08
6.15283e+06 0.0130615 -0.132694 1.56287e-15 1.63418e-18 99445.3 -676996 3.33312e-08 1.66291e-08
6.15317e+06 0.0130935 -0.133015 1.5935e-15 1.62794e-18 99502.3 -676936 3.39714e-08 1.65656e-08
6.15344e+06 0.0131255 -0.133337 1.61567e-15 1.65476e-18 99556.5 -676876 3.44371e-08 1.68385e-08
6.1536e+06 0.0131578 -0.133661 1.63807e-15 1.63126e-18 99601.6 -676817 3.49173e-08 1.65994e-08
6.15375e+06 0.0131901 -0.133986 1.65523e-15 1.6189e-18 99640.5 -676759 3.52447e-08 1.64736e-08
6.15382e+06 0.0132225 -0.134311 1.67412e-15 1.6456e-18 99671.6 -676702 3.56886e-08 1.67453e-08
6.15385e+06 0.0132548 -0.134636 1.69116e-15 1.68428e-18 99696.2 -676647 3.59723e-08 1.71389e-08
6.1538e+06 0.0132872 -0.134962 1.71105e-15 1.59724e-18 99715.5 -676593 3.64307e-08 1.62532e-08
6.15375e+06 0.0133197 -0.135288 1.7241e-15 1.67267e-18 99732.2 -676539 3.66927e-08 1.70207e-08
6.15364e+06 0.0133522 -0.135615 1.73982e-15 1.74575e-18 99746 -676486 3.70346e-08 1.77644e-08
6.15347e+06 0.0133849 -0.135943 1.76597e-15 1.54465e-18 99755.8 -676433 3.75585e-08 1.5718e-08
6.15322e+06 0.0134178 -0.136274 1.77734e-15 1.64697e-18 99761.2 -676382 3.77986e-08 1.67592e-08
6.15296e+06 0.0134507 -0.136604 1.79619e-15 1.66509e-18 99764.7 -676331 3.81769e-08 1.69437e-08
6.15269e+06 0.0134835 -0.136934 1.8188e-15 1.58603e-18 99767.1 -676281 3.86935e-08 1.61391e-08
6.15241e+06 0.0135163 -0.137264 1.83689e-15 1.61817e-18 99768.5 -676231 3.9021e-08 1.64662e-08
6.15213e+06 0.0135492 -0.137594 1.85916e-15 1.6055e-18 99768.5 -676182 3.94793e-08 1.63373e-08
6.15185e+06 0.013582 -0.137924 1.88079e-15 1.57089e-18 99767 -676134 3.99596e-08 1.59851e-08
6.15156e+06 0.0136148 -0.138253 1.90123e-15 1.55528e-18 99764.2 -676086 4.03816e-08 1.58262e-08
6.15127e+06 0.0136475 -0.138582 1.92616e-15 1.46294e-18 99760.1 -676039 4.08763e-08 1.48866e-08
6.15097e+06 0.0136802 -0.138911 1.93781e-15 1.6105e-18 99754.4 -675993 4.10582e-08 1.63881e-08
6.15067e+06 0.0137129 -0.139239 1.96068e-15 1.56813e-18 99747.2 -675948 4.15966e-08 1.59569e-08
6.15037e+06 0.0137454 -0.139567 1.98332e-15 1.47059e-18 99737.8 -675903 4.2055e-08 1.49644e-08
6.15006e+06 0.013778 -0.139894 1.99775e-15 1.53632e-18 99726.8 -675859 4.23461e-08 1.56333e-08
6.01391e+06 0.0137607 -0.139615 1.3719e-15 1.21125e-18 90807.4 -663470 -2.39379e-09 1.23254e-08
6.02806e+06 0.0137633 -0.139662 1.45662e-15 2.43176e-18 91568.6 -665627 3.55794e-09 2.47451e-08
6.04214e+06 0.013766 -0.13971 1.49176e-15 2.48652e-18 92321.8 -667777 6.22094e-09 2.53023e-08
6.05498e+06 0.0137687 -0.139758 1.42291e-15 6.77774e-19 93046.9 -669979 1.15688e-09 6.89689e-09
6.06356e+06 0.0137712 -0.139808 1.46247e-15 -8.6127e-19 93319 -672253 4.18368e-09 -8.76411e-09
6.07173e+06 0.0137737 -0.139859 1.43697e-15 1.9107e-18 93541.7 -674523 5.94446e-09 1.94429e-08
6.07827e+06 0.0137784 -0.139961 9.20059e-16 1.4393e-18 93738 -676405 1.41663e-08 1.46461e-08
6.07959e+06 0.0138089 -0.14027 6.24023e-16 8.10163e-19 93843.5 -676394 1.31549e-08 8.24405e-09
6.08065e+06 0.0138404 -0.140585 5.804e-16 1.10505e-18 93938.2 -676342 1.226e-08 1.12448e-08
6.08169e+06 0.0138719 -0.140901 5.93868e-16 1.05376e-18 94030.9 -676292 1.25656e-08 1.07229e-08
6.0827e+06 0.0139033 -0.141215 6.28889e-16 1.03056e-18 94116.2 -676242 1.32713e-08 1.04867e-08
6.08366e+06 0.0139345 -0.141527 6.60688e-16 1.0625e-18 94189.8 -676194 1.39044e-08 1.08118e-08
6.08458e+06 0.0139655 -0.141838 6.96303e-16 1.09948e-18 94259.3 -676147 1.4712e-08 1.1188e-08
6.08542e+06 0.0139964 -0.142147 7.32822e-16 1.12366e-18 94330.2 -676101 1.54832e-08 1.14342e-08
6.04647e+06 0.0139924 -0.142064 3.30733e-16 -3.80019e-19 94587.8 -672270 -1.31477e-08 -3.86699e-09
6.05666e+06 0.0139948 -0.14211 5.96596e-16 5.80346e-19 94991.2 -674386 5.81349e-09 5.90549e-09
6.06069e+06 0.014009 -0.142265 5.17629e-16 2.00562e-19 95087.7 -676011 1.031e-08 2.04088e-09
6.06162e+06 0.0140395 -0.142571 3.74921e-16 9.72572e-19 95141.7 -675967 7.88714e-09 9.89669e-09
6.0624e+06 0.0140702 -0.142878 2.75418e-16 9.91036e-19 95190.4 -675925 5.74801e-09 1.00846e-08
6.06318e+06 0.0141008 -0.143184 1.77787e-16 9.67562e-19 95238.6 -675883 3.73984e-09 9.84571e-09
6.06395e+06 0.0141313 -0.14349 7.82806e-17 1.04107e-18 95285.9 -675841 1.65164e-09 1.05937e-08
6.0647e+06 0.0141617 -0.143795 -1.02592e-17 9.46217e-19 95333 -675800 -2.54659e-10 9.62851e-09
6.06542e+06 0.014192 -0.144099 -1.00893e-16 1.01611e-18 95379.7 -675760 -2.15368e-09 1.03397e-08
6.06611e+06 0.0142223 -0.144402 -1.86068e-16 1.04231e-18 95425.7 -675720 -3.95084e-09 1.06063e-08
6.06664e+06 0.0142524 -0.144704 -2.62202e-16 1.092e-18 95458.5 -675682 -5.52973e-09 1.1112e-08
6.06709e+06 0.0142825 -0.145005 -3.7359e-16 9.60997e-19 95475.6 -675646 -7.83621e-09 9.77891e-09
6.06742e+06 0.0143124 -0.145305 -4.40398e-16 8.84766e-19 95484 -675611 -9.22591e-09 9.0032e-09
6.06768e+06 0.0143422 -0.145604 -5.23479e-16 7.89292e-19 95489.1 -675578 -1.10158e-08 8.03167e-09
6.06794e+06 0.0143719 -0.145902 -5.97927e-16 8.22227e-19 95494.3 -675545 -1.25438e-08 8.36682e-09
6.06819e+06 0.0144016 -0.1462 -6.62368e-16 7.06089e-19 95499.8 -675512 -1.38607e-08 7.18502e-09
6.06843e+06 0.0144312 -0.146496 -7.28266e-16 7.15385e-19 95505.4 -675480 -1.52431e-08 7.27961e-09
6.06866e+06 0.0144608 -0.146793 -7.91259e-16 7.38436e-19 95510.6 -675448 -1.65383e-08 7.51417e-09
6.06888e+06 0.0144903 -0.147088 -8.51171e-16 7.1807e-19 95515.5 -675417 -1.78334e-08 7.30693e-09
6.06908e+06 0.0145197 -0.147384 -9.12303e-16 7.99649e-19 95520.4 -675386 -1.90848e-08 8.13707e-09
6.06926e+06 0.014549 -0.147677 -9.61415e-16 6.82115e-19 95526 -675355 -2.01762e-08 6.94107e-09
6.0694e+06 0.0145782 -0.14797 -1.01122e-15 6.12491e-19 95532.9 -675325 -2.11367e-08 6.23259e-09
6.06952e+06 0.0146072 -0.148261 -1.06199e-15 5.97308e-19 95541.4 -675296 -2.22135e-08 6.07808e-09
6.06958e+06 0.0146361 -0.14855 -1.10489e-15 5.05662e-19 95551.2 -675267 -2.3123e-08 5.14552e-09
6.06963e+06 0.0146648 -0.148838 -1.15579e-15 5.94063e-19 95561.2 -675238 -2.41853e-08 6.04507e-09
6.06965e+06 0.0146935 -0.149125 -1.19892e-15 5.50546e-19 95571.8 -675209 -2.50511e-08 5.60224e-09
6.06965e+06 0.0147221 -0.149412 -1.24114e-15 5.69075e-19 95582 -675182 -2.59461e-08 5.79079e-09
6.06965e+06 0.0147506 -0.149697 -1.28334e-15 5.86291e-19 95590.6 -675154 -2.68337e-08 5.96598e-09
6.06963e+06 0.0147791 -0.149983 -1.31981e-15 5.47686e-19 95598.3 -675127 -2.75759e-08 5.57314e-09
6.06961e+06 0.0148075 -0.150268 -1.35533e-15 5.55219e-19 95605.2 -675101 -2.82816e-08 5.6498e-09
6.02082e+06 0.0148025 -0.150161 -1.44509e-15 -2.4159e-18 95986.4 -670196 -3.491e-08 -2.45837e-08
6.031e+06 0.0148047 -0.150203 -8.8309e-16 5.87052e-19 96337.5 -672080 5.51518e-09 5.97372e-09
6.03717e+06 0.0148072 -0.150254 -5.88608e-16 6.49806e-19 96423.3 -674406 2.26646e-08 6.61229e-09
6.03906e+06 0.01483 -0.150483 7.56341e-16 3.24601e-19 96460 -674996 2.21698e-08 3.30308e-09
6.03962e+06 0.0148591 -0.150775 1.03186e-15 6.19932e-19 96479.3 -674969 2.15005e-08 6.3083e-09
6.04013e+06 0.0148883 -0.151067 1.1612e-15 6.23483e-19 96495.9 -674942 2.41926e-08 6.34443e-09
6.02331e+06 0.0149593 -0.151781 1.04076e-15 1.21869e-20 96284 -674903 2.1646e-08 1.24011e-10
6.02453e+06 0.0149909 -0.152096 9.90327e-16 9.74294e-19 96353.1 -674870 2.06346e-08 9.91422e-09
6.02506e+06 0.0150201 -0.152389 9.56254e-16 1.45798e-18 96368.1 -674844 1.99361e-08 1.48361e-08
6.02558e+06 0.0150492 -0.15268 9.31407e-16 1.47917e-18 96384.6 -674819 1.94996e-08 1.50518e-08
5.99411e+06 0.0150445 -0.152668 3.96424e-16 -4.41759e-19 88069.5 -674418 -8.28732e-09 -4.49525e-09
5.91589e+06 0.0150357 -0.152479 4.17549e-16 4.1025e-19 89103.1 -665758 -6.94854e-09 4.17462e-09
5.92867e+06 0.0150382 -0.152524 6.16797e-16 4.89394e-19 89786.7 -667768 7.21047e-09 4.97998e-09
5.9396e+06 0.0150405 -0.15257 5.73227e-16 7.40791e-19 90233.8 -669825 4.05271e-09 7.53814e-09
5.94721e+06 0.0150429 -0.152617 5.48078e-16 1.86014e-18 90428.1 -671979 2.48838e-09 1.89284e-08
5.95463e+06 0.0150453 -0.152666 5.47202e-16 1.61822e-18 90620.1 -674137 1.98634e-09 1.64667e-08
5.95892e+06 0.0150579 -0.152831 -1.48496e-16 5.81515e-19 90764.3 -675368 -3.49974e-09 5.91738e-09
5.95996e+06 0.0150883 -0.153134 -6.33977e-16 5.61911e-19 90858.5 -675336 -1.31477e-08 5.71789e-09
5.96092e+06 0.0151187 -0.153438 -8.53005e-16 7.33718e-19 90951.5 -675303 -1.76879e-08 7.46617e-09
5.96186e+06 0.0151491 -0.153741 -1.0138e-15 7.11618e-19 91043.2 -675271 -2.09984e-08 7.24128e-09
5.96279e+06 0.0151794 -0.154043 -1.13325e-15 6.65597e-19 91135.6 -675240 -2.35304e-08 6.77298e-09
5.96369e+06 0.0152096 -0.154345 -1.22442e-15 7.27313e-19 91227.3 -675208 -2.53567e-08 7.40099e-09
5.96453e+06 0.0152397 -0.154645 -1.30149e-15 7.35772e-19 91315.4 -675178 -2.69429e-08 7.48707e-09
5.96531e+06 0.0152695 -0.154943 -1.36373e-15 7.12462e-19 91403.4 -675148 -2.8238e-08 7.24987e-09
5.96602e+06 0.0152992 -0.155238 -1.41509e-15 6.5482e-19 91491.7 -675119 -2.93367e-08 6.66332e-09
5.9667e+06 0.0153287 -0.155533 -1.46126e-15 6.34389e-19 91574.1 -675091 -3.02389e-08 6.45542e-09
5.96733e+06 0.015358 -0.155826 -1.50373e-15 6.71338e-19 91645.7 -675064 -3.11775e-08 6.8314e-09
5.96792e+06 0.0153872 -0.156117 -1.53597e-15 5.82036e-19 91710 -675039 -3.17887e-08 5.92268e-09
5.96845e+06 0.0154162 -0.156407 -1.5726e-15 6.44394e-19 91775.2 -675014 -3.25308e-08 6.55722e-09
5.96892e+06 0.0154451 -0.156695 -1.60235e-15 6.01151e-19 91839.6 -674989 -3.31711e-08 6.11719e-09
5.92432e+06 0.0154374 -0.156619 -1.41608e-15 -1.36461e-18 81745.2 -672007 -1.96378e-08 -1.3886e-08
5.93413e+06 0.0154396 -0.156662 -9.03006e-16 7.21557e-20 82495.5 -673912 1.22891e-08 7.34242e-10
5.93998e+06 0.0154406 -0.156738 -1.53196e-16 3.20207e-19 82870.3 -675750 1.66328e-08 3.25836e-09
5.92213e+06 0.0154472 -0.156869 -2.38688e-16 6.25887e-19 78266.9 -676326 -4.03088e-09 6.3689e-09
5.92408e+06 0.015477 -0.157164 -3.16018e-16 5.05627e-19 78752.4 -676268 -6.4465e-09 5.14516e-09
5.92554e+06 0.0155063 -0.157453 -3.50244e-16 9.33039e-19 79162.2 -676210 -7.19592e-09 9.49441e-09
5.92682e+06 0.0155353 -0.157739 -3.6133e-16 9.08117e-19 79525.6 -676156 -7.4433e-09 9.24082e-09
5.92805e+06 0.0155643 -0.158025 -3.81027e-16 9.44903e-19 79879.8 -676105 -7.79983e-09 9.61514e-09
5.92927e+06 0.0155932 -0.15831 -3.95912e-16 9.48512e-19 80233.2 -676053 -8.11997e-09 9.65186e-09
5.93048e+06 0.0156221 -0.158596 -4.03373e-16 8.72765e-19 80585.3 -676002 -8.3237e-09 8.88108e-09
5.91351e+06 0.0156601 -0.158974 -5.48277e-16 2.72548e-19 80712.6 -675969 -1.12923e-08 2.77339e-09
5.91585e+06 0.0156891 -0.15926 -5.53614e-16 5.80535e-20 81079.9 -675917 -1.13578e-08 5.90741e-10
5.91759e+06 0.0157175 -0.159541 -6.15146e-16 2.8965e-19 81389.5 -675872 -1.25874e-08 2.94742e-09
5.91914e+06 0.0157461 -0.159823 -7.16153e-16 1.82574e-19 81684.6 -675828 -1.47047e-08 1.85783e-09
5.92055e+06 0.0157746 -0.160105 -8.23088e-16 9.51411e-20 81961.7 -675787 -1.68875e-08 9.68137e-10
5.92191e+06 0.015803 -0.160386 -9.21533e-16 1.88679e-19 82227.3 -675747 -1.89029e-08 1.91996e-09
5.78892e+06 0.0157849 -0.160081 -1.77546e-16 3.0019e-19 73604.1 -662272 3.37532e-08 3.05467e-09
5.80182e+06 0.0157873 -0.160125 -5.41578e-16 5.86794e-19 74389.3 -664239 7.82165e-09 5.9711e-09
5.81464e+06 0.0157897 -0.160169 -5.62289e-16 2.22068e-18 75170.5 -666198 6.38829e-09 2.25972e-08
5.82688e+06 0.0157921 -0.160213 -5.41828e-16 2.22956e-18 75891.3 -668150 7.94535e-09 2.26876e-08
5.83712e+06 0.0157944 -0.160256 -5.30927e-16 1.79449e-18 76386.3 -670097 8.54925e-09 1.82604e-08
5.84562e+06 0.0157968 -0.160303 -5.90464e-16 1.74408e-18 76769.6 -672216 4.16912e-09 1.77474e-08
5.85202e+06 0.0157998 -0.160365 -7.02296e-16 8.21725e-19 77090.4 -674879 -5.92991e-09 8.3617e-09
5.85599e+06 0.0158131 -0.160543 -7.16813e-16 2.9923e-19 77342.7 -676227 -1.48357e-08 3.04491e-09
5.85766e+06 0.0158429 -0.160839 -8.14082e-16 9.31725e-19 77540.8 -676194 -1.66401e-08 9.48104e-09
5.85913e+06 0.0158729 -0.161137 -8.68024e-16 9.03712e-19 77725.8 -676162 -1.77242e-08 9.19599e-09
5.86051e+06 0.0159026 -0.161432 -9.07663e-16 8.54451e-19 77903.3 -676131 -1.85246e-08 8.69472e-09
5.86179e+06 0.0159321 -0.161725 -9.40535e-16 8.24706e-19 78071 -676102 -1.92013e-08 8.39204e-09
5.86295e+06 0.0159612 -0.162014 -9.69847e-16 8.21016e-19 78226.4 -676074 -1.97979e-08 8.3545e-09
5.86383e+06 0.0159897 -0.162298 -9.94094e-16 8.66413e-19 78360.4 -676049 -2.02417e-08 8.81644e-09
5.8264e+06 0.015986 -0.162215 -9.94715e-16 -1.69794e-18 78994.8 -672248 -2.02781e-08 -1.72779e-08
5.83505e+06 0.0159882 -0.162258 -5.45438e-16 -1.96288e-19 79209.4 -674193 1.20781e-08 -1.99739e-09
5.83924e+06 0.0159981 -0.162372 5.09126e-16 -1.13156e-19 79310.5 -675951 1.56942e-08 -1.15145e-09
5.84011e+06 0.0160267 -0.162656 7.69743e-16 6.07853e-19 79363.7 -675935 1.69748e-08 6.18539e-09
5.84079e+06 0.0160554 -0.162942 9.8778e-16 1.14257e-18 79409.9 -675919 2.01326e-08 1.16266e-08
5.84144e+06 0.0160842 -0.163229 1.10904e-15 1.19518e-18 79450.9 -675905 2.25846e-08 1.21619e-08
5.84211e+06 0.0161128 -0.163515 1.21612e-15 1.20417e-18 79492.4 -675890 2.47383e-08 1.22534e-08
5.84277e+06 0.0161414 -0.163801 1.30684e-15 1.31973e-18 79534.8 -675876 2.65718e-08 1.34293e-08
5.80864e+06 0.0161381 -0.163729 8.17911e-16 2.99008e-18 79892.3 -672612 -8.3237e-09 3.04265e-08
5.81707e+06 0.0161405 -0.163776 1.03422e-15 1.41877e-18 80087.6 -674739 6.79574e-09 1.44371e-08
5.82038e+06 0.0161579 -0.163958 5.14906e-16 5.54059e-19 80154 -675809 7.51606e-09 5.63799e-09
5.82131e+06 0.0161871 -0.164249 2.64323e-16 1.37148e-18 80194.4 -675795 5.34055e-09 1.39559e-08
5.8221e+06 0.0162163 -0.164541 1.34898e-16 1.29042e-18 80231.6 -675782 2.64845e-09 1.3131e-08
5.82278e+06 0.0162451 -0.164829 1.10184e-17 1.22227e-18 80269.5 -675769 1.52795e-10 1.24376e-08
5.8233e+06 0.0162735 -0.165112 -1.09986e-16 1.21853e-18 80309 -675757 -2.32831e-09 1.23995e-08
5.82375e+06 0.0163017 -0.165393 -2.21467e-16 1.1693e-18 80348.7 -675745 -4.65661e-09 1.18985e-08
5.82418e+06 0.0163298 -0.165673 -3.22445e-16 1.12997e-18 80388.4 -675733 -6.63567e-09 1.14983e-08
5.82455e+06 0.0163578 -0.165952 -4.14303e-16 1.00951e-18 80427.5 -675721 -8.54197e-09 1.02726e-08
5.80656e+06 0.0163968 -0.166345 -8.10905e-16 7.69505e-19 80217.3 -675732 -1.65965e-08 7.83033e-09
5.80797e+06 0.016425 -0.166626 -1.74146e-16 9.4456e-19 80289.4 -675718 -3.68891e-09 9.61165e-09
5.80897e+06 0.0164524 -0.166899 2.80606e-16 1.09375e-18 80337.5 -675707 5.52973e-09 1.11298e-08
5.80979e+06 0.0164799 -0.167173 6.18961e-16 1.09734e-18 80383.8 -675697 1.23982e-08 1.11663e-08
5.81059e+06 0.0165073 -0.167446 7.88105e-16 1.18101e-18 80429.9 -675686 1.57888e-08 1.20177e-08
5.81137e+06 0.0165346 -0.167718 9.4415e-16 1.30366e-18 80475.4 -675676 1.89248e-08 1.32658e-08
5.81199e+06 0.0165612 -0.167984 1.20067e-15 1.17946e-18 80512.3 -675667 2.4047e-08 1.2002e-08
5.81235e+06 0.0165869 -0.16824 1.31617e-15 1.3129e-18 80547.8 -675659 2.63681e-08 1.33598e-08
5.81264e+06 0.0166124 -0.168495 1.42103e-15 1.36875e-18 80583.3 -675651 2.84272e-08 1.39281e-08
5.81285e+06 0.016638 -0.16875 1.52129e-15 1.39246e-18 80618 -675643 3.05445e-08 1.41694e-08
5.81294e+06 0.0166636 -0.169005 1.61686e-15 1.38328e-18 80651.9 -675636 3.24289e-08 1.4076e-08
5.81299e+06 0.0166891 -0.169259 1.70822e-15 1.44592e-18 80685.6 -675629 3.42698e-08 1.47134e-08
5.81301e+06 0.0167146 -0.169514 1.79386e-15 1.47517e-18 80718.7 -675622 3.59578e-08 1.5011e-08
5.81302e+06 0.0167402 -0.169768 1.87348e-15 1.52959e-18 80751.7 -675616 3.75439e-08 1.55648e-08
5.81302e+06 0.0167656 -0.170022 1.95469e-15 1.52309e-18 80784.4 -675609 3.91883e-08 1.54987e-08
5.81294e+06 0.016791 -0.170275 2.0305e-15 1.5677e-18 80816.8 -675603 4.05926e-08 1.59526e-08
5.81277e+06 0.0168163 -0.170527 2.09994e-15 1.58771e-18 80848.9 -675598 4.20696e-08 1.61562e-08
5.81256e+06 0.0168416 -0.170779 2.16687e-15 1.64256e-18 80880.7 -675592 4.3372e-08 1.67144e-08
5.81233e+06 0.0168668 -0.17103 2.23023e-15 1.67567e-18 80912.4 -675587 4.45798e-08 1.70513e-08
5.8121e+06 0.016892 -0.171282 2.29571e-15 1.72536e-18 80943.8 -675582 4.59113e-08 1.75569e-08
5.77614e+06 0.0168861 -0.171223 1.4633e-15 3.07324e-18 73230.1 -673284 -1.32568e-08 3.12727e-08
5.78314e+06 0.0168878 -0.171261 1.32486e-15 4.5629e-18 73801.9 -674924 -1.16997e-08 4.64311e-08
5.78667e+06 0.0168918 -0.171358 1.62244e-16 8.48363e-19 74060.9 -676259 -9.69885e-09 8.63277e-09
5.78681e+06 0.0169178 -0.171618 -4.93285e-16 2.25762e-18 74241.9 -676251 -9.92441e-09 2.29731e-08
5.78709e+06 0.0169438 -0.171875 -6.73278e-16 4.41213e-19 74420.7 -676232 -1.35915e-08 4.4897e-09
5.78724e+06 0.0169699 -0.172133 -7.75724e-16 3.02346e-19 74594.4 -676214 -1.55997e-08 3.07661e-09
5.78728e+06 0.0169958 -0.172391 -8.6016e-16 1.17775e-19 74745.9 -676198 -1.73677e-08 1.19846e-09
5.78726e+06 0.0170216 -0.172647 -9.46182e-16 1.16935e-19 74881.4 -676183 -1.90703e-08 1.18991e-09
5.78723e+06 0.0170474 -0.172902 -1.16784e-15 2.98806e-19 75016 -676169 -2.35377e-08 3.04059e-09
5.78719e+06 0.0170732 -0.173158 -1.244e-15 2.32317e-19 75149.7 -676156 -2.50657e-08 2.36401e-09
5.78715e+06 0.0170989 -0.173413 -1.37097e-15 2.12843e-19 75282.9 -676143 -2.76414e-08 2.16584e-09
5.75278e+06 0.0171317 -0.173795 -8.31545e-16 2.50356e-19 70648.1 -676608 -1.68147e-08 2.54758e-09
5.75572e+06 0.0171637 -0.174109 8.30266e-16 3.7517e-19 71066.6 -676567 1.64437e-08 3.81766e-09
5.7569e+06 0.017191 -0.174378 1.09242e-15 6.66708e-19 71343.7 -676540 2.16678e-08 6.78428e-09
5.75768e+06 0.0172167 -0.174632 1.20416e-15 1.02403e-18 71589.8 -676516 2.38942e-08 1.04203e-08
5.75842e+06 0.0172423 -0.174886 1.40802e-15 1.37153e-18 71822 -676494 2.7896e-08 1.39564e-08
5.72253e+06 0.0172387 -0.174806 7.34096e-16 4.02766e-18 72266.6 -672854 -1.96305e-08 4.09847e-08
5.73019e+06 0.0172407 -0.174844 8.57264e-16 3.79284e-18 72536.4 -674566 -1.12777e-08 3.85952e-08
5.73466e+06 0.0172465 -0.174918 -2.68287e-18 1.83526e-18 72754.3 -676399 -6.59929e-09 1.86752e-08
5.73589e+06 0.0172725 -0.175174 -2.0262e-16 1.10884e-18 72922.3 -676386 -1.06666e-08 1.12834e-08
5.72001e+06 0.0173111 -0.175558 -1.02713e-15 7.20704e-19 72930.8 -676388 -2.05109e-08 7.33374e-09
5.72176e+06 0.0173381 -0.175825 -8.89063e-16 -6.98117e-19 73127.8 -676371 -1.77752e-08 -7.1039e-09
5.72283e+06 0.017364 -0.176083 -7.72298e-16 -2.99306e-19 73245.8 -676361 -1.54323e-08 -3.04568e-09
5.72366e+06 0.0173898 -0.176338 -6.45355e-16 -4.31012e-19 73355.2 -676353 -1.29075e-08 -4.38589e-09
5.72442e+06 0.0174154 -0.176593 -5.25731e-16 -6.18507e-19 73457 -676346 -1.04919e-08 -6.2938e-09
5.72512e+06 0.0174411 -0.176848 -4.13975e-16 -8.72555e-19 73549.3 -676339 -8.29459e-09 -8.87894e-09
5.72569e+06 0.0174667 -0.177102 -3.16166e-16 -8.91715e-19 73628.8 -676335 -6.27915e-09 -9.07392e-09
5.72619e+06 0.0174923 -0.177357 -2.21066e-16 -9.6647e-19 73693.8 -676332 -4.46016e-09 -9.8346e-09
5.7266e+06 0.0175178 -0.17761 -1.2716e-16 -8.73304e-19 73742.2 -676331 -2.53203e-09 -8.88657e-09
5.72696e+06 0.0175433 -0.177864 -3.8158e-17 -7.82191e-19 73784.5 -676330 -8.29459e-10 -7.95942e-09
5.72722e+06 0.0175687 -0.178117 4.92467e-17 -6.72612e-19 73825.2 -676330 9.5315e-10 -6.84436e-09
5.72734e+06 0.0175941 -0.17837 1.32383e-16 -6.17635e-19 73865.3 -676331 2.64117e-09 -6.28493e-09
5.72737e+06 0.0176192 -0.17862 2.10889e-16 -5.58328e-19 73905.5 -676331 4.19095e-09 -5.68144e-09
5.72732e+06 0.0176443 -0.17887 2.83895e-16 -3.86841e-19 73945.5 -676332 5.6898e-09 -3.93642e-09
5.72721e+06 0.0176693 -0.179119 3.63869e-16 -4.54446e-19 73985.1 -676333 7.28323e-09 -4.62435e-09
5.72709e+06 0.0176943 -0.179367 4.31668e-16 -2.58419e-19 74024.1 -676334 8.57108e-09 -2.62962e-09
5.72689e+06 0.0177192 -0.179615 5.05049e-16 -2.49901e-19 74060.2 -676336 1.0099e-08 -2.54295e-09
5.72657e+06 0.0177439 -0.179861 5.74319e-16 -2.47403e-19 74088.4 -676339 1.14524e-08 -2.51752e-09
5.68989e+06 0.0177401 -0.179782 3.048e-16 -7.05942e-19 74030.7 -672742 -7.47968e-09 -7.18353e-09
5.69651e+06 0.0177419 -0.179817 4.1511e-16 5.06355e-19 74288.6 -674320 4.22006e-10 5.15257e-09
5.69994e+06 0.0177444 -0.179864 3.27379e-16 5.08554e-19 74334.7 -676244 1.74623e-09 5.17495e-09
5.69999e+06 0.0177684 -0.180102 -1.01849e-17 -5.6562e-19 74351.9 -676318 -2.40107e-10 -5.75563e-09
5.69978e+06 0.017793 -0.180348 -9.86894e-17 -2.79375e-19 74369.3 -676322 -1.97178e-09 -2.84286e-09
5.69954e+06 0.0178176 -0.180592 -1.71611e-16 -2.57029e-19 74387.2 -676326 -3.38332e-09 -2.61547e-09
5.69928e+06 0.017842 -0.180836 -2.40571e-16 -3.71077e-19 74404.1 -676330 -4.7512e-09 -3.77601e-09
5.69901e+06 0.0178664 -0.181079 -3.09866e-16 -4.2142e-19 74419.3 -676335 -6.12636e-09 -4.28829e-09
5.69873e+06 0.0178908 -0.181322 -3.76787e-16 -5.45936e-19 74432 -676341 -7.40692e-09 -5.55533e-09
5.69841e+06 0.0179151 -0.181564 -4.45034e-16 -5.17576e-19 74442.3 -676346 -8.81118e-09 -5.26675e-09
5.69808e+06 0.0179394 -0.181806 -5.11106e-16 -5.54255e-19 74450.8 -676352 -1.00845e-08 -5.63999e-09
5.69772e+06 0.0179636 -0.182047 -5.735e-16 -5.80792e-19 74457.8 -676359 -1.13068e-08 -5.91002e-09
5.69734e+06 0.0179877 -0.182287 -6.34512e-16 -5.52216e-19 74463.7 -676365 -1.25656e-08 -5.61924e-09
5.69693e+06 0.0180118 -0.182527 -6.87208e-16 -7.50891e-19 74469.3 -676372 -1.35551e-08 -7.64091e-09
5.6965e+06 0.0180358 -0.182766 -7.4366e-16 -7.50324e-19 74474.5 -676379 -1.46756e-08 -7.63514e-09
5.69605e+06 0.0180597 -0.183004 -7.94947e-16 -8.01563e-19 74479.4 -676387 -1.56433e-08 -8.15655e-09
5.69556e+06 0.0180835 -0.183241 -9.03283e-16 -1.06762e-18 74484.2 -676394 -1.77752e-08 -1.08639e-08
5.69502e+06 0.0181071 -0.183477 -9.57921e-16 -1.2488e-18 74489.1 -676401 -1.88666e-08 -1.27075e-08
5.69447e+06 0.0181307 -0.183712 -1.00967e-15 -1.37136e-18 74493.7 -676409 -1.98852e-08 -1.39547e-08
5.69392e+06 0.0181543 -0.183947 -1.0606e-15 -1.44875e-18 74498 -676417 -2.08747e-08 -1.47422e-08
5.69335e+06 0.0181779 -0.184182 -1.10705e-15 -1.55993e-18 74501.9 -676425 -2.17842e-08 -1.58735e-08
5.69275e+06 0.0182013 -0.184415 -1.15182e-15 -1.63318e-18 74505.7 -676433 -2.26137e-08 -1.66189e-08
5.69213e+06 0.0182246 -0.184647 -1.19355e-15 -1.77677e-18 74509.2 -676442 -2.34577e-08 -1.80801e-08
5.69151e+06 0.0182479 -0.184879 -1.26073e-15 -1.98258e-18 74512.4 -676450 -2.47674e-08 -2.01743e-08
5.69087e+06 0.0182712 -0.185111 -1.30312e-15 -2.07531e-18 74515.1 -676459 -2.55968e-08 -2.11179e-08
5.69023e+06 0.0182944 -0.185343 -1.34606e-15 -2.19274e-18 74517.5 -676468 -2.64263e-08 -2.23129e-08
5.68958e+06 0.0183176 -0.185574 -1.38696e-15 -2.25077e-18 74519.5 -676477 -2.72121e-08 -2.29034e-08
5.68892e+06 0.0183408 -0.185804 -1.42842e-15 -2.23367e-18 74521.2 -676487 -2.80488e-08 -2.27293e-08
5.68824e+06 0.0183638 -0.186034 -1.46717e-15 -2.22524e-18 74522.6 -676496 -2.87328e-08 -2.26436e-08
5.68754e+06 0.0183868 -0.186263 -1.49497e-15 -2.4593e-18 74523.8 -676506 -2.9213e-08 -2.50253e-08
5.68682e+06 0.0184098 -0.186492 -1.53425e-15 -2.39661e-18 74524.8 -676516 -3.00788e-08 -2.43875e-08
5.68606e+06 0.0184326 -0.186719 -1.5689e-15 -2.41362e-18 74525.6 -676526 -3.069e-08 -2.45606e-08
5.68529e+06 0.0184553 -0.186946 -1.59491e-15 -2.57771e-18 74526.2 -676536 -3.11993e-08 -2.62302e-08
5.6845e+06 0.018478 -0.187172 -1.62207e-15 -2.6696e-18 74526.4 -676546 -3.17596e-08 -2.71653e-08
5.68371e+06 0.0185007 -0.187397 -1.65472e-15 -2.67095e-18 74526.2 -676557 -3.23635e-08 -2.7179e-08
5.68292e+06 0.0185233 -0.187623 -1.68082e-15 -2.76188e-18 74525.5 -676567 -3.28728e-08 -2.81043e-08
5.68211e+06 0.018546 -0.187848 -1.70521e-15 -2.84125e-18 74524.4 -676578 -3.33093e-08 -2.8912e-08
5.68131e+06 0.0185686 -0.188073 -1.72934e-15 -2.90842e-18 74522.9 -676589 -3.37823e-08 -2.95955e-08
5.68049e+06 0.0185911 -0.188298 -1.76006e-15 -2.79184e-18 74520.9 -676600 -3.43207e-08 -2.84092e-08
5.67968e+06 0.0186137 -0.188523 -1.78036e-15 -2.90167e-18 74518.3 -676612 -3.47864e-08 -2.95268e-08
5.67886e+06 0.0186362 -0.188747 -1.79879e-15 -3.04588e-18 74515.3 -676623 -3.50847e-08 -3.09942e-08
5.67803e+06 0.0186587 -0.188971 -1.8266e-15 -2.9433e-18 74511.8 -676635 -3.55794e-08 -2.99505e-08
5.6772e+06 0.0186811 -0.189195 -1.84568e-15 -3.03491e-18 74507.6 -676647 -3.59505e-08 -3.08827e-08
5.67636e+06 0.0187036 -0.189418 -1.8675e-15 -3.03403e-18 74502.8 -676659 -3.6358e-08 -3.08737e-08
5.67552e+06 0.018726 -0.189641 -1.88538e-15 -3.07185e-18 74497.2 -676672 -3.67872e-08 -3.12585e-08
5.67467e+06 0.0187484 -0.189864 -1.9008e-15 -3.20742e-18 74490.9 -676684 -3.70055e-08 -3.26381e-08
5.67381e+06 0.0187707 -0.190087 -1.91725e-15 -3.28299e-18 74483.5 -676697 -3.72966e-08 -3.3407e-08
5.67294e+06 0.018793 -0.190309 -1.93625e-15 -3.2944e-18 74475.1 -676710 -3.76676e-08 -3.35232e-08
5.67205e+06 0.0188152 -0.19053 -1.95322e-15 -3.34438e-18 74465.1 -676724 -3.80023e-08 -3.40318e-08
5.67113e+06 0.0188373 -0.19075 -1.97185e-15 -3.3607e-18 74453.7 -676737 -3.83006e-08 -3.41978e-08
5.4944e+06 0.0188126 -0.190327 -8.58839e-16 -1.59592e-18 62640 -658219 4.00541e-08 -1.62397e-08
5.50167e+06 0.0188142 -0.190357 -1.01947e-15 -7.07501e-19 63109.2 -659575 2.84199e-08 -7.19939e-09
5.50894e+06 0.0188159 -0.190388 -1.38241e-15 -5.94854e-19 63579.4 -660931 2.96131e-09 -6.05312e-09
5.51621e+06 0.0188175 -0.190418 -1.63744e-15 -7.4569e-19 64049.6 -662287 -1.51704e-08 -7.588e-09
5.52345e+06 0.0188191 -0.190449 -1.7247e-15 -9.00393e-19 64516.7 -663639 -2.10639e-08 -9.16221e-09
5.53061e+06 0.0188207 -0.190479 -1.71685e-15 -8.48518e-19 64977.2 -664983 -2.06273e-08 -8.63435e-09
5.53778e+06 0.0188223 -0.190509 -1.72708e-15 -9.35361e-19 65434.7 -666329 -2.1384e-08 -9.51804e-09
5.54483e+06 0.0188239 -0.19054 -1.74853e-15 -9.08236e-19 65879.9 -667675 -2.30357e-08 -9.24203e-09
5.5507e+06 0.0188255 -0.190571 -1.79984e-15 -2.01755e-18 66191.2 -669074 -2.63026e-08 -2.05301e-08
5.55487e+06 0.0188271 -0.190604 -1.86265e-15 -1.17227e-18 66338.2 -670574 -3.077e-08 -1.19288e-08
5.55872e+06 0.0188288 -0.190638 -1.89268e-15 -1.3742e-18 66468.1 -672072 -3.26545e-08 -1.39836e-08
5.56237e+06 0.0188304 -0.190672 -1.91734e-15 -1.31428e-18 66584.2 -673572 -3.48082e-08 -1.33739e-08
5.56554e+06 0.018832 -0.19071 -1.94154e-15 -1.48359e-18 66675.6 -675186 -3.60014e-08 -1.50967e-08
5.56794e+06 0.0188335 -0.190769 -1.96772e-15 -1.62166e-18 66742.9 -676783 -3.71583e-08 -1.65017e-08
5.5686e+06 0.0188459 -0.190927 -2.07019e-15 -2.59718e-18 66787.3 -677512 -4.07017e-08 -2.64283e-08
5.52875e+06 0.0188416 -0.190836 -1.80054e-15 -4.53749e-18 66857.3 -673388 -2.17406e-08 -4.61726e-08
5.5349e+06 0.0188431 -0.190866 -1.25554e-15 -2.12049e-18 67025.6 -674763 1.64509e-08 -2.15777e-08
5.53869e+06 0.0188448 -0.190901 -1.07222e-15 -1.54762e-18 67049 -676343 2.89656e-08 -1.57483e-08
5.53989e+06 0.0188567 -0.191033 1.03046e-15 -3.42917e-18 67058.8 -677496 2.04236e-08 -3.48945e-08
5.53966e+06 0.0188803 -0.191268 1.25569e-15 -1.90821e-18 67060.9 -677510 2.44545e-08 -1.94176e-08
5.5393e+06 0.0189041 -0.191504 1.40168e-15 -2.08963e-18 67057.8 -677524 2.72921e-08 -2.12637e-08
5.53896e+06 0.0189277 -0.191739 1.50609e-15 -1.92289e-18 67049 -677539 2.92785e-08 -1.95669e-08
5.5386e+06 0.0189512 -0.191974 1.60945e-15 -2.01751e-18 67035.4 -677554 3.12575e-08 -2.05297e-08
5.53823e+06 0.0189746 -0.192207 1.6923e-15 -1.8629e-18 67019.5 -677570 3.28364e-08 -1.89565e-08
5.53785e+06 0.0189981 -0.192441 1.7788e-15 -1.9527e-18 67002.1 -677586 3.45244e-08 -1.98703e-08
5.53747e+06 0.0190215 -0.192674 1.85438e-15 -1.96636e-18 66983.6 -677603 3.59942e-08 -2.00093e-08
5.53708e+06 0.0190449 -0.192907 1.92199e-15 -1.87406e-18 66964.1 -677619 3.72747e-08 -1.90701e-08
5.53669e+06 0.0190683 -0.19314 1.99074e-15 -1.91557e-18 66943.8 -677636 3.86499e-08 -1.94925e-08
5.5363e+06 0.0190916 -0.193373 2.05597e-15 -1.9549e-18 66922.6 -677653 3.98941e-08 -1.98927e-08
5.5359e+06 0.0191149 -0.193605 2.11385e-15 -1.93719e-18 66900.6 -677670 4.09855e-08 -1.97125e-08
5.53548e+06 0.0191382 -0.193837 2.16786e-15 -1.87996e-18 66877.7 -677688 4.20114e-08 -1.91301e-08
5.53505e+06 0.0191613 -0.194068 2.41865e-15 4.3801e-19 66854 -677706 4.68426e-08 4.4571e-09
5.53456e+06 0.0191843 -0.194297 2.62512e-15 2.00376e-18 66829.3 -677723 5.08444e-08 2.03899e-08
5.53399e+06 0.0192072 -0.194525 2.72391e-15 2.20767e-18 66803.1 -677741 5.27216e-08 2.24648e-08
5.53334e+06 0.0192297 -0.19475 2.80783e-15 2.378e-18 66774.6 -677760 5.43077e-08 2.4198e-08
5.53265e+06 0.0192521 -0.194973 3.09435e-15 3.19563e-18 66743.3 -677778 5.99684e-08 3.25181e-08
5.53193e+06 0.0192744 -0.195195 3.19958e-15 3.30476e-18 66708.6 -677797 6.19184e-08 3.36286e-08
5.53116e+06 0.0192966 -0.195416 3.28805e-15 3.54337e-18 66668.6 -677817 6.35919e-08 3.60566e-08
5.48513e+06 0.0192898 -0.195311 2.17072e-15 3.70461e-18 62235.9 -673267 -1.54687e-08 3.76974e-08
5.49211e+06 0.0192915 -0.195342 2.21545e-15 3.00122e-18 62717.5 -674641 -1.18889e-08 3.05398e-08
5.49775e+06 0.019293 -0.195371 2.16817e-15 4.1353e-18 63019.2 -675959 -1.56215e-08 4.208e-08
5.50074e+06 0.0192943 -0.195403 2.04106e-15 2.73993e-18 63010.9 -677338 -9.98261e-09 2.7881e-08
5.5019e+06 0.0193023 -0.195518 6.67855e-16 2.20661e-18 62990.1 -678193 1.20635e-08 2.2454e-08
5.50117e+06 0.0193246 -0.195741 7.48304e-16 1.40135e-18 62963.9 -678212 1.44209e-08 1.42598e-08
5.50041e+06 0.019347 -0.195964 6.35296e-16 2.15627e-19 62936.8 -678231 1.22091e-08 2.19418e-09
5.49968e+06 0.0193693 -0.196186 7.73116e-16 3.13406e-19 62908.8 -678250 1.48721e-08 3.18915e-09
5.49891e+06 0.0193915 -0.196408 8.93987e-16 3.583e-19 62879.5 -678269 1.72222e-08 3.64599e-09
5.45979e+06 0.0193876 -0.196318 6.50851e-16 2.58487e-19 63364.7 -674203 -2.83762e-10 2.63031e-09
5.46613e+06 0.019389 -0.196347 6.2256e-16 4.47241e-19 63621 -675494 -2.23372e-09 4.55103e-09
5.4702e+06 0.0193904 -0.196376 4.50138e-16 8.81949e-19 63774 -676781 -1.42754e-08 8.97454e-09
5.47239e+06 0.0193924 -0.19641 6.65001e-17 1.67538e-18 63701.9 -678102 -1.56142e-08 1.70483e-08
5.47191e+06 0.0194119 -0.196602 -8.24623e-16 3.50489e-19 63637.9 -678207 -2.43817e-08 3.5665e-09
5.47098e+06 0.0194332 -0.196814 -1.16512e-15 9.83369e-19 63571.1 -678229 -2.25191e-08 1.00066e-08
5.47e+06 0.0194545 -0.197027 -1.26416e-15 9.99372e-19 63503.7 -678252 -2.43745e-08 1.01694e-08
5.46899e+06 0.0194757 -0.197239 -1.36549e-15 1.18504e-18 63435.6 -678275 -2.62662e-08 1.20588e-08
5.46797e+06 0.0194968 -0.197449 -1.44743e-15 1.15457e-18 63366.8 -678298 -2.78087e-08 1.17487e-08
5.46691e+06 0.0195178 -0.197659 -1.5273e-15 1.13467e-18 63297.4 -678321 -2.94385e-08 1.15462e-08
5.36221e+06 0.0194958 -0.197365 -6.31005e-16 1.53605e-18 43226.3 -666041 3.34476e-08 1.56305e-08
5.37007e+06 0.0194976 -0.197396 -6.3779e-16 2.63536e-18 43802.6 -667434 3.29746e-08 2.68169e-08
5.3774e+06 0.0194992 -0.197427 -6.6256e-16 1.31162e-18 44329.1 -668772 3.13012e-08 1.33468e-08
5.38256e+06 0.0195005 -0.197452 -7.18836e-16 1.26801e-18 44585.7 -669922 2.74158e-08 1.2903e-08
5.38686e+06 0.0195017 -0.197476 -7.54227e-16 1.51619e-18 44761.8 -670980 2.5022e-08 1.54284e-08
5.39068e+06 0.0195027 -0.197499 -7.7108e-16 2.27637e-18 44815.2 -671986 2.36323e-08 2.31639e-08
5.39391e+06 0.0195038 -0.197521 -7.64931e-16 2.13531e-18 44807.9 -673016 2.40325e-08 2.17285e-08
5.39591e+06 0.0195049 -0.197549 -7.11266e-16 1.17728e-18 44742.7 -674227 2.4047e-08 1.19798e-08
5.34262e+06 0.0194987 -0.197427 -1.24916e-15 -1.30887e-18 43472.2 -668800 -1.3737e-08 -1.33188e-08
5.34977e+06 0.0195002 -0.197458 -1.15647e-15 2.52485e-18 43636.2 -670199 -7.31961e-09 2.56924e-08
5.3553e+06 0.0195015 -0.197486 -1.00213e-15 1.31902e-18 43795.3 -671433 3.19415e-09 1.34221e-08
5.35805e+06 0.0195028 -0.197511 -1.04738e-15 1.31039e-18 43841.5 -672581 4.29281e-10 1.33343e-08
5.35972e+06 0.019504 -0.197539 -1.07572e-15 1.78346e-18 43749.5 -673828 -1.77533e-09 1.81481e-08
5.36099e+06 0.0195053 -0.197571 -1.10632e-15 1.7045e-18 43658.8 -675265 -2.30648e-09 1.73447e-08
5.36213e+06 0.0195061 -0.197609 -1.06612e-15 1.5529e-18 43570.1 -676720 -4.80941e-09 1.5802e-08
5.36279e+06 0.0195055 -0.197663 -1.03254e-15 1.47784e-18 43476.2 -678209 -5.02769e-09 1.50382e-08
5.36278e+06 0.019506 -0.197741 -9.90367e-16 1.27434e-18 43386.9 -679816 -8.97853e-09 1.29674e-08
5.36188e+06 0.0195181 -0.197906 -8.93321e-16 1.12688e-18 43301 -680330 -1.47484e-08 1.14669e-08
5.36068e+06 0.0195379 -0.198107 -8.59809e-16 1.1347e-18 43216.5 -680368 -1.61672e-08 1.15465e-08
5.33557e+06 0.0268209 -0.272247 -3.90103e-14 -7.54318e-16 63251.8 -678916 -5.88174e-07 -7.67579e-06
