56457 -1962.5 -1959.06 -1959.06 -1962.5 -2065.1 -4942.16 -4942.16 -2065.1 -2028.44 -4841.92 -4841.92 -2028.44 -2004.04 -4768.89 -4768.89 -2004.04 -1836.14 -1820.27 -1820.27 -1836.14
112913 -3862.55 -3849.3 -3849.3 -3862.55 -4099.6 -9797.55 -9797.55 -4099.6 -4056.83 -9683.72 -9683.72 -4056.83 -4038.57 -9624.28 -9624.28 -4038.57 -3734.63 -3709.27 -3709.27 -3734.63
169366 -5763.02 -5739.88 -5739.88 -5763.02 -6134.02 -14652.7 -14652.7 -6134.02 -6085.16 -14525.3 -14525.3 -6085.16 -6073.04 -14479.4 -14479.4 -6073.04 -5632.57 -5597.82 -5597.82 -5632.57
225817 -7663.88 -7630.76 -7630.76 -7663.88 -8168.33 -19507.7 -19507.7 -8168.33 -8113.39 -19366.7 -19366.7 -8113.39 -8107.43 -19334.4 -19334.4 -8107.43 -7529.92 -7485.89 -7485.89 -7529.92
282265 -9565.12 -9521.93 -9521.93 -9565.12 -10202.5 -24362.4 -24362.4 -10202.5 -10141.5 -24207.8 -24207.8 -10141.5 -10141.7 -24189.1 -24189.1 -10141.7 -9426.66 -9373.45 -9373.45 -9426.66
338709 -11466.8 -11413.4 -11413.4 -11466.8 -12236.6 -29216.8 -29216.8 -12236.6 -12169.5 -29048.6 -29048.6 -12169.5 -12175.9 -29043.5 -29043.5 -12175.9 -11322.8 -11260.5 -11260.5 -11322.8
395149 -13368.9 -13305.3 -13305.3 -13368.9 -14270.5 -34070.8 -34070.8 -14270.5 -14197.4 -33889.1 -33889.1 -14197.4 -14210 -33897.5 -33897.5 -14210 -13218.2 -13147 -13147 -13218.2
451585 -15271.4 -15197.4 -15197.4 -15271.4 -16304.3 -38924.3 -38924.3 -16304.3 -16225.1 -38729 -38729 -16225.1 -16243.9 -38751 -38751 -16243.9 -15113 -15033 -15033 -15113
508016 -17174.3 -17089.8 -17089.8 -17174.3 -18338 -43777.3 -43777.3 -18338 -18252.8 -43568.4 -43568.4 -18252.8 -18277.8 -43604 -43604 -18277.8 -17007.1 -16918.4 -16918.4 -17007.1
564379 -19081.9 -18986.9 -18986.9 -19081.9 -20377.3 -48607.8 -48607.8 -20377.3 -20285.8 -48384.9 -48384.9 -20285.8 -20317.1 -48435.6 -48435.6 -20317.1 -18904.7 -18807.4 -18807.4 -18904.7
620589 -21000 -20894.4 -20894.4 -21000 -22429.9 -53387.7 -53387.7 -22429.9 -22331.4 -53149.2 -53149.2 -22331.4 -22369.7 -53215.6 -53215.6 -22369.7 -20811.3 -20705.5 -20705.5 -20811.3
676700 -22911.4 -22797.6 -22797.6 -22911.4 -24484.5 -58153.6 -58153.6 -24484.5 -24380.4 -57902.1 -57902.1 -24380.4 -24424.4 -57980.9 -57980.9 -24424.4 -22714.4 -22600.7 -22600.7 -22714.4
732341 -24783 -24664.5 -24664.5 -24783 -26520.4 -62888.3 -62888.3 -26520.4 -26413.1 -62632.1 -62632.1 -26413.1 -26460.5 -62720.5 -62720.5 -26460.5 -24604.8 -24483.7 -24483.7 -24604.8
787266 -26632.3 -26509.7 -26509.7 -26632.3 -28535.4 -67542.7 -67542.7 -28535.4 -28421.8 -67273.6 -67273.6 -28421.8 -28475.7 -67380.3 -67380.3 -28475.7 -26496.4 -26365.8 -26365.8 -26496.4
841482 -28509.1 -28376.9 -28376.9 -28509.1 -30572.1 -72034.8 -72034.8 -30572.1 -30448.6 -71743.3 -71743.3 -30448.6 -30511.3 -71872.9 -71872.9 -30511.3 -28409.2 -28264.1 -28264.1 -28409.2
895287 -30396.3 -30257.3 -30257.3 -30396.3 -32618.2 -76446.5 -76446.5 -32618.2 -32484.5 -76130.4 -76130.4 -32484.5 -32556.5 -76281.8 -76281.8 -32556.5 -30316.5 -30155.9 -30155.9 -30316.5
948488 -32249 -32124.1 -32124.1 -32249 -34664.1 -80779.3 -80779.3 -34664.1 -34521 -80439.7 -80439.7 -34521 -34601.2 -80613.4 -80613.4 -34601.2 -32214.8 -32038.6 -32038.6 -32214.8
1.00074e+06 -34022.1 -33928.8 -33928.8 -34022.1 -36711.6 -85003.1 -85003.1 -36711.6 -36563.4 -84650.4 -84650.4 -36563.4 -36647.1 -84838.4 -84838.4 -36647.1 -34093.9 -33910.9 -33910.9 -34093.9
1.05186e+06 -35690.3 -35613.2 -35613.2 -35690.3 -38687.3 -89196.1 -89196.1 -38687.3 -38537.6 -88845.1 -88845.1 -38537.6 -38618.5 -89044.3 -89044.3 -38618.5 -35944.3 -35755.1 -35755.1 -35944.3
1.10176e+06 -37293.6 -37243.4 -37243.4 -37293.6 -40581.8 -93312.4 -93312.4 -40581.8 -40423.1 -92950 -92950 -40423.1 -40514 -93172.8 -93172.8 -40514 -37792 -37595.5 -37595.5 -37792
1.15049e+06 -38864.7 -38835.9 -38835.9 -38864.7 -42448.6 -97310.2 -97310.2 -42448.6 -42280.5 -96932.5 -96932.5 -42280.5 -42376.4 -97178 -97178 -42376.4 -39620.6 -39399.8 -39399.8 -39620.6
1.19793e+06 -40394.4 -40368.8 -40368.8 -40394.4 -44259.6 -101192 -101192 -44259.6 -44089.1 -100813 -100813 -44089.1 -44187.8 -101065 -101065 -44187.8 -41426.8 -41172.4 -41172.4 -41426.8
1.2439e+06 -41929.8 -41902.4 -41902.4 -41929.8 -46039 -104892 -104892 -46039 -45863 -104517 -104517 -45863 -45961.9 -104774 -104774 -45961.9 -43188.7 -42882.5 -42882.5 -43188.7
1.28871e+06 -43464.5 -43439.5 -43439.5 -43464.5 -47790 -108470 -108470 -47790 -47601.1 -108069 -108069 -47601.1 -47712.3 -108349 -108349 -47712.3 -44898.4 -44562.4 -44562.4 -44898.4
1.33265e+06 -44904.4 -44927 -44927 -44904.4 -49527.8 -111992 -111992 -49527.8 -49331.8 -111572 -111572 -49331.8 -49446.5 -111867 -111867 -49446.5 -46561.4 -46194.8 -46194.8 -46561.4
1.37533e+06 -46321 -46373.8 -46373.8 -46321 -51266 -115354 -115354 -51266 -51065.3 -114914 -114914 -51065.3 -51183.1 -115217 -115217 -51183.1 -48202.2 -47772.9 -47772.9 -48202.2
1.41665e+06 -47666 -47780.4 -47780.4 -47666 -52953.4 -118592 -118592 -52953.4 -52743.6 -118129 -118129 -52743.6 -52861.8 -118457 -118457 -52861.8 -49806.5 -49338.1 -49338.1 -49806.5
1.45703e+06 -48991.1 -49155 -49155 -48991.1 -54606.1 -121740 -121740 -54606.1 -54386.9 -121258 -121258 -54386.9 -54502.4 -121602 -121602 -54502.4 -51386.7 -50888.5 -50888.5 -51386.7
1.49664e+06 -50227.9 -50474.9 -50474.9 -50227.9 -56231.6 -124850 -124850 -56231.6 -56001.5 -124352 -124352 -56001.5 -56114.2 -124715 -124715 -56114.2 -52930.7 -52422.7 -52422.7 -52930.7
1.53521e+06 -51401 -51692.6 -51692.6 -51401 -57756 -127957 -127957 -57756 -57523.8 -127445 -127445 -57523.8 -57632.9 -127831 -127831 -57632.9 -54442.5 -53925 -53925 -54442.5
1.57314e+06 -52517.6 -52865.1 -52865.1 -52517.6 -59240.8 -131042 -131042 -59240.8 -59006.1 -130520 -130520 -59006.1 -59120.1 -130925 -130925 -59120.1 -55931 -55403.6 -55403.6 -55931
1.61021e+06 -53583.7 -53972.6 -53972.6 -53583.7 -60689.3 -134064 -134064 -60689.3 -60452.9 -133540 -133540 -60452.9 -60574.3 -133973 -133973 -60574.3 -57400.8 -56857.3 -56857.3 -57400.8
1.64659e+06 -54655.2 -55055.4 -55055.4 -54655.2 -62082.2 -137075 -137075 -62082.2 -61829.3 -136527 -136527 -61829.3 -61937 -136985 -136985 -61937 -58876.4 -58275.8 -58275.8 -58876.4
1.68211e+06 -55751.1 -56162 -56162 -55751.1 -63429.3 -139957 -139957 -63429.3 -63160.9 -139375 -139375 -63160.9 -63286.7 -139875 -139875 -63286.7 -60338.3 -59722.1 -59722.1 -60338.3
1.71715e+06 -56835 -57282.5 -57282.5 -56835 -64764.4 -142784 -142784 -64764.4 -64489.1 -142190 -142190 -64489.1 -64628.5 -142710 -142710 -64628.5 -61794.1 -61097.8 -61097.8 -61794.1
1.75157e+06 -57934.4 -58390.9 -58390.9 -57934.4 -66065.1 -145572 -145572 -66065.1 -65774.3 -144971 -144971 -65774.3 -65903.3 -145506 -145506 -65903.3 -63209.9 -62461.6 -62461.6 -63209.9
1.78523e+06 -58987.6 -59481.8 -59481.8 -58987.6 -67320.7 -148308 -148308 -67320.7 -67021.9 -147691 -147691 -67021.9 -67159.5 -148250 -148250 -67159.5 -64578.9 -63817.8 -63817.8 -64578.9
1.81839e+06 -59970.4 -60529.2 -60529.2 -59970.4 -68565.4 -151023 -151023 -68565.4 -68259.7 -150390 -150390 -68259.7 -68405.1 -150971 -150971 -68405.1 -65926.8 -65152.5 -65152.5 -65926.8
1.85133e+06 -60949.7 -61519.5 -61519.5 -60949.7 -69807.9 -153731 -153731 -69807.9 -69496.2 -153084 -153084 -69496.2 -69650.2 -153689 -153689 -69650.2 -67262.1 -66475.5 -66475.5 -67262.1
1.88416e+06 -61928.1 -62506.5 -62506.5 -61928.1 -71046.3 -156430 -156430 -71046.3 -70727.2 -155767 -155767 -70727.2 -70891.8 -156401 -156401 -70891.8 -68591 -67792.3 -67792.3 -68591
1.91661e+06 -62906.6 -63493.5 -63493.5 -62906.6 -72269.9 -159096 -159096 -72269.9 -71943.1 -158417 -158417 -71943.1 -72121.8 -159086 -159086 -72121.8 -69924.1 -69047.3 -69047.3 -69924.1
1.94871e+06 -63866 -64480.9 -64480.9 -63866 -73482.9 -161740 -161740 -73482.9 -73150.3 -161044 -161044 -73150.3 -73342.8 -161740 -161740 -73342.8 -71254.4 -70254.6 -70254.6 -71254.4
1.98032e+06 -64833.4 -65465.8 -65465.8 -64833.4 -74705.4 -164333 -164333 -74705.4 -74365.4 -163607 -163607 -74365.4 -74574.1 -164308 -164308 -74574.1 -72525.7 -71446.8 -71446.8 -72525.7
2.01145e+06 -65817.8 -66456.6 -66456.6 -65817.8 -75927.5 -166863 -166863 -75927.5 -75568.9 -166120 -166120 -75568.9 -75760.9 -166851 -166851 -75760.9 -73770.1 -72595.2 -72595.2 -73770.1
2.04222e+06 -66773.4 -67451.6 -67451.6 -66773.4 -77090.7 -169400 -169400 -77090.7 -76723.9 -168639 -168639 -76723.9 -76918.5 -169373 -169373 -76918.5 -75011.7 -73727.1 -73727.1 -75011.7
2.07234e+06 -67673.6 -68429.8 -68429.8 -67673.6 -78256 -171877 -171877 -78256 -77872.8 -171094 -171094 -77872.8 -78081.5 -171849 -171849 -78081.5 -76185.7 -74855.1 -74855.1 -76185.7
2.10203e+06 -68553.8 -69355.9 -69355.9 -68553.8 -79406 -174340 -174340 -79406 -79008.9 -173518 -173518 -79008.9 -79211.3 -174320 -174320 -79211.3 -77327.4 -75973.7 -75973.7 -77327.4
2.13136e+06 -69409.4 -70259.6 -70259.6 -69409.4 -80532.4 -176783 -176783 -80532.4 -80118.6 -175931 -175931 -80118.6 -80336.5 -176762 -176762 -80336.5 -78463.3 -77084.4 -77084.4 -78463.3
2.16058e+06 -70265 -71160.1 -71160.1 -70265 -81655.9 -179206 -179206 -81655.9 -81227.5 -178326 -178326 -81227.5 -81458.5 -179197 -179197 -81458.5 -79598.1 -78195.1 -78195.1 -79598.1
2.18966e+06 -71127.6 -72031.6 -72031.6 -71127.6 -82772.8 -181617 -181617 -82772.8 -82332.8 -180713 -180713 -82332.8 -82577.4 -181623 -181623 -82577.4 -80730.8 -79302 -79302 -80730.8
2.21851e+06 -71991.7 -72902.4 -72902.4 -71991.7 -83880.1 -184009 -184009 -83880.1 -83427.8 -183076 -183076 -83427.8 -83689 -184028 -184028 -83689 -81851.9 -80399.5 -80399.5 -81851.9
2.24719e+06 -72851.9 -73770.2 -73770.2 -72851.9 -84981.8 -186385 -186385 -84981.8 -84520.1 -185433 -185433 -84520.1 -84784.6 -186423 -186423 -84784.6 -82960.8 -81484.5 -81484.5 -82960.8
2.27572e+06 -73685 -74640.5 -74640.5 -73685 -86076.7 -188760 -188760 -86076.7 -85605.1 -187786 -187786 -85605.1 -85859.8 -188817 -188817 -85859.8 -84064.1 -82565.1 -82565.1 -84064.1
2.30409e+06 -74501.9 -75517.6 -75517.6 -74501.9 -87150.7 -191135 -191135 -87150.7 -86667.7 -190132 -190132 -86667.7 -86928.2 -191212 -191212 -86928.2 -85160.6 -83640.2 -83640.2 -85160.6
2.33227e+06 -75323.1 -76388.9 -76388.9 -75323.1 -88209.1 -193494 -193494 -88209.1 -87717 -192470 -192470 -87717 -87993.4 -193588 -193588 -87993.4 -86251.7 -84700.3 -84700.3 -86251.7
2.36027e+06 -76153.1 -77235.4 -77235.4 -76153.1 -89268.8 -195852 -195852 -89268.8 -88764.9 -194814 -194814 -88764.9 -89034.1 -195954 -195954 -89034.1 -87346 -85712.3 -85712.3 -87346
2.38798e+06 -76982.9 -78077.1 -78077.1 -76982.9 -90303.8 -198196 -198196 -90303.8 -89779.8 -197147 -197147 -89779.8 -90059 -198292 -198292 -90059 -88439 -86713.4 -86713.4 -88439
2.41535e+06 -77809.8 -78912.2 -78912.2 -77809.8 -91330.9 -200500 -200500 -91330.9 -90796 -199420 -199420 -90796 -91060.3 -200626 -200626 -91060.3 -89522.3 -87698.7 -87698.7 -89522.3
2.44238e+06 -78612.5 -79749.7 -79749.7 -78612.5 -92328.3 -202806 -202806 -92328.3 -91785.8 -201683 -201683 -91785.8 -92055.4 -202929 -202929 -92055.4 -90556 -88688.7 -88688.7 -90556
2.46907e+06 -79412.7 -80586.4 -80586.4 -79412.7 -93320 -205051 -205051 -93320 -92767.3 -203905 -203905 -92767.3 -93043.1 -205189 -205189 -93043.1 -91579.6 -89678.7 -89678.7 -91579.6
2.49554e+06 -80213.5 -81407.4 -81407.4 -80213.5 -94296.5 -207282 -207282 -94296.5 -93737 -206118 -206118 -93737 -94025 -207438 -207438 -94025 -92587.9 -90664.1 -90664.1 -92587.9
2.52189e+06 -81014.8 -82217.5 -82217.5 -81014.8 -95268.5 -209504 -209504 -95268.5 -94702.6 -208321 -208321 -94702.6 -95004.1 -209679 -209679 -95004.1 -93587.5 -91644.7 -91644.7 -93587.5
2.54811e+06 -81795.6 -83030.1 -83030.1 -81795.6 -96236.3 -211716 -211716 -96236.3 -95662.2 -210511 -210511 -95662.2 -95981.6 -211916 -211916 -95981.6 -94584.7 -92623.3 -92623.3 -94584.7
2.57424e+06 -82564.9 -83843.5 -83843.5 -82564.9 -97200.1 -213919 -213919 -97200.1 -96619.4 -212696 -212696 -96619.4 -96954.7 -214145 -214145 -96954.7 -95579.5 -93599.6 -93599.6 -95579.5
2.60028e+06 -83333.4 -84655.8 -84655.8 -83333.4 -98159.4 -216111 -216111 -98159.4 -97574.4 -214875 -214875 -97574.4 -97923.6 -216365 -216365 -97923.6 -96571.1 -94572.7 -94572.7 -96571.1
2.62622e+06 -84106.5 -85443.8 -85443.8 -84106.5 -99115.8 -218295 -218295 -99115.8 -98527.7 -217050 -217050 -98527.7 -98889 -218576 -218576 -98889 -97561 -95544.6 -95544.6 -97561
2.65207e+06 -84878.6 -86226.4 -86226.4 -84878.6 -100069 -220472 -220472 -100069 -99478.4 -219219 -219219 -99478.4 -99850.1 -220776 -220776 -99850.1 -98548.7 -96514.2 -96514.2 -98548.7
2.67785e+06 -85649.4 -87007.7 -87007.7 -85649.4 -101021 -222643 -222643 -101021 -100427 -221384 -221384 -100427 -100807 -222970 -222970 -100807 -99534.2 -97481.7 -97481.7 -99534.2
2.70355e+06 -86417.5 -87785.9 -87785.9 -86417.5 -101970 -224809 -224809 -101970 -101373 -223542 -223542 -101373 -101757 -225159 -225159 -101757 -100516 -98445.5 -98445.5 -100516
2.72915e+06 -87182.2 -88560.6 -88560.6 -87182.2 -102915 -226969 -226969 -102915 -102312 -225695 -225695 -102312 -102698 -227345 -227345 -102698 -101493 -99405.4 -99405.4 -101493
2.75467e+06 -87945.3 -89334 -89334 -87945.3 -103858 -229128 -229128 -103858 -103248 -227840 -227840 -103248 -103619 -229533 -229533 -103619 -102466 -100362 -100362 -102466
2.78009e+06 -88707.8 -90105.4 -90105.4 -88707.8 -104799 -231286 -231286 -104799 -104177 -229973 -229973 -104177 -104537 -231711 -231711 -104537 -103435 -101314 -101314 -103435
2.80535e+06 -89475.2 -90881.4 -90881.4 -89475.2 -105715 -233438 -233438 -105715 -105088 -232105 -232105 -105088 -105459 -233852 -233852 -105459 -104399 -102261 -102261 -104399
2.83045e+06 -90245.1 -91660 -91660 -90245.1 -106622 -235572 -235572 -106622 -105986 -234224 -234224 -105986 -106381 -235987 -235987 -106381 -105358 -103190 -103190 -105358
2.85538e+06 -91013.7 -92437.9 -92437.9 -91013.7 -107536 -237679 -237679 -107536 -106891 -236313 -236313 -106891 -107298 -238111 -238111 -107298 -106318 -104091 -104091 -106318
2.88018e+06 -91764.5 -93218.3 -93218.3 -91764.5 -108448 -239780 -239780 -108448 -107796 -238399 -238399 -107796 -108194 -240229 -240229 -108194 -107276 -104989 -104989 -107276
2.90492e+06 -92506.1 -94000.7 -94000.7 -92506.1 -109358 -241880 -241880 -109358 -108687 -240483 -240483 -108687 -109086 -242341 -242341 -109086 -108232 -105887 -105887 -108232
2.92957e+06 -93250.1 -94785.3 -94785.3 -93250.1 -110244 -243971 -243971 -110244 -109569 -242563 -242563 -109569 -109979 -244453 -244453 -109979 -109189 -106785 -106785 -109189
2.95415e+06 -93993.7 -95566.9 -95566.9 -93993.7 -111129 -246054 -246054 -111129 -110447 -244629 -244629 -110447 -110870 -246561 -246561 -110870 -110142 -107682 -107682 -110142
2.97863e+06 -94740.9 -96326.8 -96326.8 -94740.9 -112012 -248132 -248132 -112012 -111325 -246693 -246693 -111325 -111760 -248666 -248666 -111760 -111076 -108580 -108580 -111076
3.00303e+06 -95487.8 -97083.1 -97083.1 -95487.8 -112893 -250205 -250205 -112893 -112203 -248754 -248754 -112203 -112649 -250767 -250767 -112649 -111993 -109480 -109480 -111993
3.02734e+06 -96224.6 -97836.6 -97836.6 -96224.6 -113771 -252270 -252270 -113771 -113077 -250809 -250809 -113077 -113534 -252861 -252861 -113534 -112908 -110379 -110379 -112908
3.05153e+06 -96952.5 -98586.4 -98586.4 -96952.5 -114645 -254325 -254325 -114645 -113948 -252858 -252858 -113948 -114415 -254942 -254942 -114415 -113821 -111275 -111275 -113821
3.07562e+06 -97677.9 -99334.3 -99334.3 -97677.9 -115513 -256368 -256368 -115513 -114815 -254898 -254898 -114815 -115291 -257015 -257015 -115291 -114729 -112168 -112168 -114729
3.09963e+06 -98401.5 -100081 -100081 -98401.5 -116379 -258405 -258405 -116379 -115679 -256934 -256934 -115679 -116164 -259081 -259081 -116164 -115634 -113057 -113057 -115634
3.12357e+06 -99123.7 -100820 -100820 -99123.7 -117243 -260438 -260438 -117243 -116542 -258965 -258965 -116542 -117035 -261140 -261140 -117035 -116540 -113937 -113937 -116540
3.14743e+06 -99844.5 -101550 -101550 -99844.5 -118105 -262467 -262467 -118105 -117404 -260993 -260993 -117404 -117904 -263192 -263192 -117904 -117445 -114808 -114808 -117445
3.17122e+06 -100564 -102279 -102279 -100564 -118965 -264493 -264493 -118965 -118263 -263016 -263016 -118263 -118773 -265243 -265243 -118773 -118343 -115672 -115672 -118343
3.19496e+06 -101285 -103008 -103008 -101285 -119823 -266512 -266512 -119823 -119121 -265033 -265033 -119121 -119638 -267291 -267291 -119638 -119238 -116534 -116534 -119238
3.21863e+06 -102008 -103741 -103741 -102008 -120677 -268523 -268523 -120677 -119976 -267043 -267043 -119976 -120491 -269336 -269336 -120491 -120128 -117391 -117391 -120128
3.24222e+06 -102731 -104473 -104473 -102731 -121530 -270529 -270529 -121530 -120829 -269049 -269049 -120829 -121335 -271376 -271376 -121335 -121013 -118244 -118244 -121013
3.26572e+06 -103451 -105203 -105203 -103451 -122380 -272529 -272529 -122380 -121680 -271048 -271048 -121680 -122175 -273408 -273408 -122175 -121891 -119094 -119094 -121891
3.28916e+06 -104171 -105931 -105931 -104171 -123228 -274526 -274526 -123228 -122529 -273045 -273045 -122529 -123013 -275432 -275432 -123013 -122761 -119944 -119944 -122761
3.31252e+06 -104893 -106662 -106662 -104893 -124068 -276527 -276527 -124068 -123371 -275035 -275035 -123371 -123849 -277435 -277435 -123849 -123627 -120794 -120794 -123627
3.33579e+06 -105609 -107395 -107395 -105609 -124899 -278515 -278515 -124899 -124203 -277013 -277013 -124203 -124684 -279439 -279439 -124684 -124493 -121646 -121646 -124493
3.359e+06 -106319 -108130 -108130 -106319 -125727 -280491 -280491 -125727 -125033 -278988 -278988 -125033 -125519 -281439 -281439 -125519 -125358 -122498 -122498 -125358
3.38218e+06 -107029 -108865 -108865 -107029 -126553 -282463 -282463 -126553 -125861 -280961 -280961 -125861 -126351 -283435 -283435 -126351 -126223 -123349 -123349 -126223
3.40532e+06 -107738 -109599 -109599 -107738 -127377 -284431 -284431 -127377 -126688 -282931 -282931 -126688 -127183 -285426 -285426 -127183 -127087 -124200 -124200 -127087
3.42841e+06 -108445 -110331 -110331 -108445 -128198 -286396 -286396 -128198 -127512 -284896 -284896 -127512 -128013 -287414 -287414 -128013 -127950 -125050 -125050 -127950
3.45144e+06 -109152 -111061 -111061 -109152 -129018 -288356 -288356 -129018 -128335 -286856 -286856 -128335 -128844 -289393 -289393 -128844 -128811 -125897 -125897 -128811
3.47439e+06 -109860 -111778 -111778 -109860 -129838 -290312 -290312 -129838 -129156 -288812 -288812 -129156 -129677 -291359 -291359 -129677 -129666 -126738 -126738 -129666
3.49728e+06 -110567 -112493 -112493 -110567 -130657 -292264 -292264 -130657 -129976 -290765 -290765 -129976 -130509 -293317 -293317 -130509 -130518 -127576 -127576 -130518
3.5201e+06 -111269 -113204 -113204 -111269 -131475 -294213 -294213 -131475 -130795 -292714 -292714 -130795 -131338 -295266 -295266 -131338 -131366 -128410 -128410 -131366
3.54283e+06 -111971 -113914 -113914 -111971 -132293 -296148 -296148 -132293 -131614 -294647 -294647 -131614 -132165 -297210 -297210 -132165 -132214 -129241 -129241 -132214
3.56549e+06 -112672 -114624 -114624 -112672 -133112 -298066 -298066 -133112 -132433 -296565 -296565 -132433 -132991 -299151 -299151 -132991 -133061 -130071 -130071 -133061
3.58808e+06 -113372 -115332 -115332 -113372 -133929 -299977 -299977 -133929 -133249 -298478 -298478 -133249 -133813 -301086 -301086 -133813 -133906 -130900 -130900 -133906
3.61063e+06 -114070 -116038 -116038 -114070 -134745 -301885 -301885 -134745 -134064 -300386 -300386 -134064 -134635 -303015 -303015 -134635 -134750 -131728 -131728 -134750
3.63313e+06 -114768 -116743 -116743 -114768 -135558 -303788 -303788 -135558 -134877 -302290 -302290 -134877 -135454 -304940 -304940 -135454 -135593 -132554 -132554 -135593
3.65558e+06 -115463 -117447 -117447 -115463 -136370 -305687 -305687 -136370 -135689 -304190 -304190 -135689 -136272 -306860 -306860 -136272 -136435 -133379 -133379 -136435
3.67798e+06 -116159 -118149 -118149 -116159 -137181 -307584 -307584 -137181 -136500 -306086 -306086 -136500 -137089 -308777 -308777 -137089 -137277 -134190 -134190 -137277
3.70033e+06 -116854 -118850 -118850 -116854 -137990 -309478 -309478 -137990 -137311 -307980 -307980 -137311 -137905 -310691 -310691 -137905 -138119 -134986 -134986 -138119
3.72263e+06 -117547 -119551 -119551 -117547 -138799 -311368 -311368 -138799 -138119 -309871 -309871 -138119 -138720 -312600 -312600 -138720 -138959 -135779 -135779 -138959
3.74488e+06 -118241 -120250 -120250 -118241 -139605 -313255 -313255 -139605 -138926 -311758 -311758 -138926 -139534 -314506 -314506 -139534 -139799 -136565 -136565 -139799
3.76709e+06 -118936 -120950 -120950 -118936 -140410 -315138 -315138 -140410 -139732 -313642 -313642 -139732 -140346 -316407 -316407 -140346 -140636 -137348 -137348 -140636
3.78924e+06 -119631 -121651 -121651 -119631 -141212 -317014 -317014 -141212 -140536 -315520 -315520 -140536 -141156 -318303 -318303 -141156 -141470 -138129 -138129 -141470
3.81134e+06 -120324 -122350 -122350 -120324 -142012 -318886 -318886 -142012 -141338 -317393 -317393 -141338 -141964 -320193 -320193 -141964 -142301 -138907 -138907 -142301
3.83337e+06 -121016 -123048 -123048 -121016 -142811 -320756 -320756 -142811 -142139 -319263 -319263 -142139 -142764 -322080 -322080 -142764 -143130 -139680 -139680 -143130
3.85536e+06 -121708 -123745 -123745 -121708 -143610 -322624 -322624 -143610 -142939 -321131 -321131 -142939 -143560 -323963 -323963 -143560 -143958 -140444 -140444 -143958
3.87731e+06 -122399 -124442 -124442 -122399 -144407 -324488 -324488 -144407 -143737 -322995 -322995 -143737 -144355 -325843 -325843 -144355 -144785 -141202 -141202 -144785
3.8992e+06 -123089 -125138 -125138 -123089 -145202 -326349 -326349 -145202 -144530 -324856 -324856 -144530 -145149 -327719 -327719 -145149 -145609 -141959 -141959 -145609
3.92104e+06 -123778 -125833 -125833 -123778 -145993 -328207 -328207 -145993 -145316 -326713 -326713 -145316 -145942 -329593 -329593 -145942 -146429 -142714 -142714 -146429
3.94283e+06 -124467 -126529 -126529 -124467 -146778 -330063 -330063 -146778 -146102 -328568 -328568 -146102 -146732 -331465 -331465 -146732 -147244 -143469 -143469 -147244
3.96458e+06 -125156 -127225 -127225 -125156 -147562 -331917 -331917 -147562 -146888 -330421 -330421 -146888 -147518 -333337 -333337 -147518 -148044 -144223 -144223 -148044
3.98628e+06 -125844 -127920 -127920 -125844 -148346 -333769 -333769 -148346 -147673 -332273 -332273 -147673 -148299 -335207 -335207 -148299 -148836 -144976 -144976 -148836
4.00795e+06 -126531 -128614 -128614 -126531 -149130 -335619 -335619 -149130 -148456 -334122 -334122 -148456 -149077 -337074 -337074 -149077 -149625 -145727 -145727 -149625
4.02958e+06 -127217 -129307 -129307 -127217 -149912 -337465 -337465 -149912 -149239 -335968 -335968 -149239 -149853 -338937 -338937 -149853 -150412 -146477 -146477 -150412
4.05117e+06 -127899 -130001 -130001 -127899 -150694 -339309 -339309 -150694 -150021 -337812 -337812 -150021 -150629 -340798 -340798 -150629 -151197 -147224 -147224 -151197
4.07272e+06 -128578 -130694 -130694 -128578 -151475 -341151 -341151 -151475 -150803 -339654 -339654 -150803 -151403 -342657 -342657 -151403 -151974 -147972 -147972 -151974
4.09424e+06 -129256 -131388 -131388 -129256 -152254 -342991 -342991 -152254 -151581 -341494 -341494 -151581 -152177 -344513 -344513 -152177 -152746 -148720 -148720 -152746
4.11571e+06 -129934 -132080 -132080 -129934 -153029 -344829 -344829 -153029 -152355 -343333 -343333 -152355 -152949 -346366 -346366 -152949 -153513 -149466 -149466 -153513
4.13714e+06 -130612 -132773 -132773 -130612 -153799 -346665 -346665 -153799 -153125 -345171 -345171 -153125 -153721 -348217 -348217 -153721 -154275 -150212 -150212 -154275
4.15852e+06 -131288 -133465 -133465 -131288 -154565 -348500 -348500 -154565 -153892 -347006 -347006 -153892 -154491 -350065 -350065 -154491 -155033 -150957 -150957 -155033
4.17986e+06 -131964 -134156 -134156 -131964 -155329 -350332 -350332 -155329 -154656 -348836 -348836 -154656 -155260 -351911 -351911 -155260 -155787 -151700 -151700 -155787
4.20115e+06 -132639 -134846 -134846 -132639 -156092 -352159 -352159 -156092 -155418 -350661 -350661 -155418 -156027 -353753 -353753 -156027 -156538 -152441 -152441 -156538
4.22239e+06 -133312 -135534 -135534 -133312 -156853 -353983 -353983 -156853 -156179 -352482 -352482 -156179 -156794 -355591 -355591 -156794 -157288 -153179 -153179 -157288
4.24358e+06 -133985 -136219 -136219 -133985 -157614 -355804 -355804 -157614 -156936 -354297 -354297 -156936 -157559 -357426 -357426 -157559 -158036 -153916 -153916 -158036
4.26473e+06 -134657 -136899 -136899 -134657 -158373 -357621 -357621 -158373 -157693 -356109 -356109 -157693 -158322 -359256 -359256 -158322 -158782 -154652 -154652 -158782
4.28582e+06 -135325 -137576 -137576 -135325 -159131 -359433 -359433 -159131 -158449 -357917 -357917 -158449 -159085 -361083 -361083 -159085 -159526 -155388 -155388 -159526
4.30688e+06 -135991 -138253 -138253 -135991 -159886 -361240 -361240 -159886 -159203 -359723 -359723 -159203 -159846 -362905 -362905 -159846 -160269 -156121 -156121 -160269
4.32789e+06 -136656 -138929 -138929 -136656 -160641 -363043 -363043 -160641 -159956 -361525 -361525 -159956 -160606 -364724 -364724 -160606 -161011 -156854 -156854 -161011
4.34886e+06 -137320 -139604 -139604 -137320 -161394 -364843 -364843 -161394 -160708 -363324 -363324 -160708 -161364 -366538 -366538 -161364 -161750 -157584 -157584 -161750
4.36978e+06 -137983 -140278 -140278 -137983 -162145 -366638 -366638 -162145 -161458 -365117 -365117 -161458 -162121 -368347 -368347 -162121 -162488 -158313 -158313 -162488
4.39066e+06 -138646 -140950 -140950 -138646 -162895 -368430 -368430 -162895 -162207 -366908 -366908 -162207 -162877 -370153 -370153 -162877 -163224 -159040 -159040 -163224
4.4115e+06 -139307 -141621 -141621 -139307 -163644 -370218 -370218 -163644 -162955 -368694 -368694 -162955 -163631 -371954 -371954 -163631 -163958 -159765 -159765 -163958
4.43228e+06 -139968 -142290 -142290 -139968 -164391 -372002 -372002 -164391 -163701 -370478 -370478 -163701 -164382 -373749 -373749 -164382 -164691 -160489 -160489 -164691
4.45303e+06 -140628 -142958 -142958 -140628 -165136 -373782 -373782 -165136 -164447 -372258 -372258 -164447 -165132 -375540 -375540 -165132 -165421 -161212 -161212 -165421
4.47372e+06 -141287 -143624 -143624 -141287 -165880 -375559 -375559 -165880 -165191 -374033 -374033 -165191 -165881 -377326 -377326 -165881 -166150 -161932 -161932 -166150
4.49438e+06 -141945 -144290 -144290 -141945 -166622 -377331 -377331 -166622 -165933 -375806 -375806 -165933 -166628 -379107 -379107 -166628 -166876 -162650 -162650 -166876
4.51498e+06 -142602 -144951 -144951 -142602 -167363 -379099 -379099 -167363 -166674 -377574 -377574 -166674 -167373 -380886 -380886 -167373 -167600 -163366 -163366 -167600
4.53553e+06 -143257 -145610 -145610 -143257 -168102 -380864 -380864 -168102 -167414 -379339 -379339 -167414 -168117 -382660 -382660 -168117 -168322 -164081 -164081 -168322
4.55604e+06 -143912 -146268 -146268 -143912 -168840 -382625 -382625 -168840 -168152 -381100 -381100 -168152 -168860 -384431 -384431 -168860 -169041 -164793 -164793 -169041
4.57652e+06 -144566 -146926 -146926 -144566 -169576 -384383 -384383 -169576 -168888 -382856 -382856 -168888 -169601 -386199 -386199 -169601 -169759 -165503 -165503 -169759
4.59695e+06 -145220 -147583 -147583 -145220 -170311 -386137 -386137 -170311 -169624 -384610 -384610 -169624 -170341 -387964 -387964 -170341 -170474 -166212 -166212 -170474
4.61735e+06 -145873 -148239 -148239 -145873 -171045 -387886 -387886 -171045 -170358 -386360 -386360 -170358 -171080 -389725 -389725 -171080 -171188 -166918 -166918 -171188
4.6377e+06 -146526 -148895 -148895 -146526 -171777 -389633 -389633 -171777 -171091 -388105 -388105 -171091 -171818 -391483 -391483 -171818 -171899 -167623 -167623 -171899
4.65802e+06 -147178 -149550 -149550 -147178 -172508 -391376 -391376 -172508 -171823 -389848 -389848 -171823 -172555 -393238 -393238 -172555 -172608 -168326 -168326 -172608
4.6783e+06 -147829 -150204 -150204 -147829 -173238 -393115 -393115 -173238 -172554 -391587 -391587 -172554 -173291 -394989 -394989 -173291 -173316 -169027 -169027 -173316
4.69854e+06 -148478 -150858 -150858 -148478 -173966 -394850 -394850 -173966 -173284 -393323 -393323 -173284 -174026 -396737 -396737 -174026 -174020 -169726 -169726 -174020
4.71873e+06 -149127 -151510 -151510 -149127 -174693 -396580 -396580 -174693 -174012 -395055 -395055 -174012 -174759 -398483 -398483 -174759 -174723 -170422 -170422 -174723
4.73889e+06 -149775 -152162 -152162 -149775 -175419 -398308 -398308 -175419 -174740 -396783 -396783 -174740 -175492 -400225 -400225 -175492 -175423 -171117 -171117 -175423
4.75899e+06 -150422 -152813 -152813 -150422 -176144 -400030 -400030 -176144 -175466 -398508 -398508 -175466 -176223 -401964 -401964 -176223 -176122 -171807 -171807 -176122
4.77905e+06 -151068 -153464 -153464 -151068 -176867 -401749 -401749 -176867 -176190 -400229 -400229 -176190 -176953 -403697 -403697 -176953 -176818 -172492 -172492 -176818
4.79907e+06 -151714 -154114 -154114 -151714 -177588 -403465 -403465 -177588 -176914 -401948 -401948 -176914 -177682 -405424 -405424 -177682 -177513 -173172 -173172 -177513
4.81903e+06 -152359 -154762 -154762 -152359 -178309 -405178 -405178 -178309 -177636 -403664 -403664 -177636 -178410 -407144 -407144 -178410 -178206 -173848 -173848 -178206
4.83896e+06 -153004 -155410 -155410 -153004 -179029 -406888 -406888 -179029 -178357 -405379 -405379 -178357 -179136 -408857 -408857 -179136 -178897 -174522 -174522 -178897
4.85884e+06 -153648 -156056 -156056 -153648 -179748 -408596 -408596 -179748 -179078 -407090 -407090 -179078 -179860 -410564 -410564 -179860 -179586 -175195 -175195 -179586
4.87869e+06 -154291 -156702 -156702 -154291 -180465 -410301 -410301 -180465 -179797 -408798 -408798 -179797 -180584 -412268 -412268 -180584 -180273 -175866 -175866 -180273
4.8985e+06 -154934 -157348 -157348 -154934 -181181 -412002 -412002 -181181 -180515 -410503 -410503 -180515 -181306 -413969 -413969 -181306 -180958 -176534 -176534 -180958
4.91827e+06 -155576 -157993 -157993 -155576 -181896 -413699 -413699 -181896 -181232 -412204 -412204 -181232 -182027 -415666 -415666 -182027 -181640 -177201 -177201 -181640
4.93799e+06 -156218 -158637 -158637 -156218 -182609 -415392 -415392 -182609 -181948 -413899 -413899 -181948 -182747 -417360 -417360 -182747 -182321 -177866 -177866 -182321
4.95768e+06 -156860 -159281 -159281 -156860 -183322 -417080 -417080 -183322 -182664 -415589 -415589 -182664 -183465 -419050 -419050 -183465 -183000 -178530 -178530 -183000
4.97732e+06 -157501 -159924 -159924 -157501 -184033 -418763 -418763 -184033 -183378 -417274 -417274 -183378 -184183 -420737 -420737 -184183 -183678 -179192 -179192 -183678
4.99692e+06 -158141 -160566 -160566 -158141 -184744 -420440 -420440 -184744 -184092 -418953 -418953 -184092 -184900 -422421 -422421 -184900 -184354 -179852 -179852 -184354
5.01648e+06 -158781 -161207 -161207 -158781 -185454 -422112 -422112 -185454 -184804 -420629 -420629 -184804 -185615 -424102 -424102 -185615 -185027 -180511 -180511 -185027
5.036e+06 -159419 -161848 -161848 -159419 -186162 -423780 -423780 -186162 -185515 -422301 -422301 -185515 -186329 -425778 -425778 -186329 -185699 -181167 -181167 -185699
5.05547e+06 -160057 -162487 -162487 -160057 -186869 -425445 -425445 -186869 -186225 -423970 -423970 -186225 -187041 -427452 -427452 -187041 -186368 -181822 -181822 -186368
5.07491e+06 -160692 -163126 -163126 -160692 -187576 -427106 -427106 -187576 -186933 -425636 -425636 -186933 -187752 -429121 -429121 -187752 -187036 -182475 -182475 -187036
5.0943e+06 -161327 -163764 -163764 -161327 -188280 -428763 -428763 -188280 -187640 -427298 -427298 -187640 -188462 -430787 -430787 -188462 -187701 -183126 -183126 -187701
5.11365e+06 -161960 -164400 -164400 -161960 -188984 -430417 -430417 -188984 -188346 -428957 -428957 -188346 -189171 -432449 -432449 -189171 -188365 -183775 -183775 -188365
5.13295e+06 -162592 -165034 -165034 -162592 -189686 -432068 -432068 -189686 -189051 -430612 -430612 -189051 -189878 -434107 -434107 -189878 -189026 -184423 -184423 -189026
5.15222e+06 -163224 -165667 -165667 -163224 -190386 -433715 -433715 -190386 -189754 -432264 -432264 -189754 -190583 -435762 -435762 -190583 -189685 -185069 -185069 -189685
5.17145e+06 -163855 -166299 -166299 -163855 -191086 -435359 -435359 -191086 -190456 -433913 -433913 -190456 -191288 -437413 -437413 -191288 -190342 -185712 -185712 -190342
