56457 0.00014869 0.000315064 0.00042
112913 0.000297383 0.00063013 0.00084
169366 0.00044608 0.000945199 0.00126
225817 0.000594781 0.00126027 0.00168
282265 0.000743486 0.00157535 0.0021
338709 0.000892197 0.00189043 0.00252
395149 0.00104091 0.00220551 0.00294
451585 0.00118964 0.0025206 0.00336
508016 0.00133837 0.0028357 0.00378
564379 0.00148737 0.00315091 0.0042
620589 0.001637 0.0034664 0.00462
676700 0.0017868 0.00378206 0.00504
732341 0.00193698 0.00409853 0.00546
787266 0.00208817 0.00441621 0.00588
841482 0.00224159 0.0047351 0.0063
895287 0.00239576 0.00505441 0.00672
948488 0.00255049 0.00537395 0.00714
1.00074e+06 0.00270661 0.00569444 0.00756
1.05186e+06 0.00286332 0.00601667 0.00798
1.10176e+06 0.00302168 0.00634082 0.0084
1.15049e+06 0.00318119 0.00666684 0.00882
1.19793e+06 0.00334305 0.00699508 0.00924
1.2439e+06 0.00350701 0.00732584 0.00966
1.28871e+06 0.00367179 0.00765798 0.01008
1.33265e+06 0.00383604 0.00799027 0.0105
1.37533e+06 0.00400167 0.00832353 0.01092
1.41665e+06 0.00416852 0.00865839 0.01134
1.45703e+06 0.00433674 0.00899412 0.01176
1.49664e+06 0.00450549 0.00933003 0.01218
1.53521e+06 0.00467359 0.00966664 0.0126
1.57314e+06 0.00484047 0.0100025 0.01302
1.61021e+06 0.00500674 0.0103381 0.01344
1.64659e+06 0.00517358 0.0106744 0.01386
1.68211e+06 0.00534237 0.0110118 0.01428
1.71715e+06 0.00551112 0.0113499 0.0147
1.75157e+06 0.00568096 0.0116886 0.01512
1.78523e+06 0.00585046 0.0120274 0.01554
1.81839e+06 0.00601863 0.0123663 0.01596
1.85133e+06 0.00618666 0.0127053 0.01638
1.88416e+06 0.0063544 0.0130441 0.0168
1.91661e+06 0.00652212 0.0133832 0.01722
1.94871e+06 0.00668954 0.0137224 0.01764
1.98032e+06 0.00685732 0.0140621 0.01806
2.01145e+06 0.00702677 0.0144025 0.01848
2.04222e+06 0.00719639 0.0147427 0.0189
2.07234e+06 0.00736561 0.0150831 0.01932
2.10203e+06 0.00753425 0.015424 0.01974
2.13136e+06 0.00770276 0.0157651 0.02016
2.16058e+06 0.0078711 0.0161059 0.02058
2.18966e+06 0.00803916 0.0164462 0.021
2.21851e+06 0.00820637 0.016786 0.02142
2.24719e+06 0.00837302 0.0171258 0.02184
2.27572e+06 0.00853943 0.0174653 0.02226
2.30409e+06 0.00870592 0.0178046 0.02268
2.33227e+06 0.0088725 0.0181438 0.0231
2.36027e+06 0.0090395 0.018483 0.02352
2.38798e+06 0.00920682 0.0188223 0.02394
2.41535e+06 0.00937367 0.0191618 0.02436
2.44238e+06 0.00954077 0.0195013 0.02478
2.46907e+06 0.00970781 0.0198409 0.0252
2.49554e+06 0.00987433 0.0201806 0.02562
2.52189e+06 0.0100405 0.02052 0.02604
2.54811e+06 0.0102066 0.0208592 0.02646
2.57424e+06 0.0103724 0.0211981 0.02688
2.60028e+06 0.0105379 0.0215365 0.0273
2.62622e+06 0.0107032 0.0218747 0.02772
2.65207e+06 0.0108683 0.0222126 0.02814
2.67785e+06 0.0110331 0.0225502 0.02856
2.70355e+06 0.0111977 0.0228873 0.02898
2.72915e+06 0.011362 0.023224 0.0294
2.75467e+06 0.0115261 0.0235606 0.02982
2.78009e+06 0.01169 0.0238971 0.03024
2.80535e+06 0.0118538 0.0242336 0.03066
2.83045e+06 0.0120173 0.02457 0.03108
2.85538e+06 0.0121808 0.0249066 0.0315
2.88018e+06 0.0123443 0.025243 0.03192
2.90492e+06 0.0125078 0.0255793 0.03234
2.92957e+06 0.0126715 0.0259156 0.03276
2.95415e+06 0.012835 0.0262516 0.03318
2.97863e+06 0.0129985 0.0265873 0.0336
3.00303e+06 0.0131618 0.0269227 0.03402
3.02734e+06 0.0133249 0.0272578 0.03444
3.05153e+06 0.0134875 0.0275929 0.03486
3.07562e+06 0.0136497 0.0279279 0.03528
3.09963e+06 0.0138117 0.0282627 0.0357
3.12357e+06 0.0139735 0.0285973 0.03612
3.14743e+06 0.0141351 0.0289316 0.03654
3.17122e+06 0.0142966 0.0292657 0.03696
3.19496e+06 0.0144579 0.0295996 0.03738
3.21863e+06 0.014619 0.0299334 0.0378
3.24222e+06 0.0147798 0.0302669 0.03822
3.26572e+06 0.0149402 0.0305999 0.03864
3.28916e+06 0.0151005 0.0309328 0.03906
3.31252e+06 0.015261 0.0312656 0.03948
3.33579e+06 0.0154219 0.0315985 0.0399
3.359e+06 0.0155828 0.0319314 0.04032
3.38218e+06 0.0157436 0.0322642 0.04074
3.40532e+06 0.0159044 0.032597 0.04116
3.42841e+06 0.016065 0.0329297 0.04158
3.45144e+06 0.0162256 0.0332624 0.042
3.47439e+06 0.0163861 0.033595 0.04242
3.49728e+06 0.0165465 0.0339276 0.04284
3.5201e+06 0.0167066 0.0342601 0.04326
3.54283e+06 0.0168666 0.0345924 0.04368
3.56549e+06 0.0170265 0.0349245 0.0441
3.58808e+06 0.0171863 0.0352564 0.04452
3.61063e+06 0.0173458 0.035588 0.04494
3.63313e+06 0.0175053 0.0359195 0.04536
3.65558e+06 0.0176646 0.0362508 0.04578
3.67798e+06 0.0178239 0.0365819 0.0462
3.70033e+06 0.0179832 0.0369129 0.04662
3.72263e+06 0.0181424 0.0372437 0.04704
3.74488e+06 0.0183015 0.0375744 0.04746
3.76709e+06 0.0184605 0.037905 0.04788
3.78924e+06 0.0186194 0.0382355 0.0483
3.81134e+06 0.018778 0.0385658 0.04872
3.83337e+06 0.0189366 0.038896 0.04914
3.85536e+06 0.0190953 0.039226 0.04956
3.87731e+06 0.0192538 0.0395558 0.04998
3.8992e+06 0.0194122 0.0398854 0.0504
3.92104e+06 0.0195707 0.0402149 0.05082
3.94283e+06 0.0197292 0.0405444 0.05124
3.96458e+06 0.0198877 0.0408738 0.05166
3.98628e+06 0.0200462 0.0412032 0.05208
4.00795e+06 0.0202048 0.0415327 0.0525
4.02958e+06 0.0203632 0.0418621 0.05292
4.05117e+06 0.0205217 0.0421915 0.05334
4.07272e+06 0.0206803 0.0425209 0.05376
4.09424e+06 0.0208389 0.0428504 0.05418
4.11571e+06 0.0209975 0.0431798 0.0546
4.13714e+06 0.0211562 0.0435093 0.05502
4.15852e+06 0.0213149 0.0438388 0.05544
4.17986e+06 0.0214735 0.0441683 0.05586
4.20115e+06 0.0216321 0.0444978 0.05628
4.22239e+06 0.0217906 0.0448272 0.0567
4.24358e+06 0.021949 0.0451565 0.05712
4.26473e+06 0.0221073 0.0454857 0.05754
4.28582e+06 0.0222657 0.0458149 0.05796
4.30688e+06 0.0224239 0.046144 0.05838
4.32789e+06 0.0225821 0.0464731 0.0588
4.34886e+06 0.0227403 0.046802 0.05922
4.36978e+06 0.0228983 0.0471308 0.05964
4.39066e+06 0.0230563 0.0474595 0.06006
4.4115e+06 0.0232142 0.0477881 0.06048
4.43228e+06 0.023372 0.0481166 0.0609
4.45303e+06 0.0235298 0.048445 0.06132
4.47372e+06 0.0236875 0.0487732 0.06174
4.49438e+06 0.0238451 0.0491012 0.06216
4.51498e+06 0.0240027 0.0494292 0.06258
4.53553e+06 0.0241601 0.0497569 0.063
4.55604e+06 0.0243176 0.0500846 0.06342
4.57652e+06 0.024475 0.0504123 0.06384
4.59695e+06 0.0246324 0.0507399 0.06426
4.61735e+06 0.0247898 0.0510675 0.06468
4.6377e+06 0.0249471 0.0513951 0.0651
4.65802e+06 0.0251045 0.0517227 0.06552
4.6783e+06 0.0252619 0.0520503 0.06594
4.69854e+06 0.0254192 0.052378 0.06636
4.71873e+06 0.0255765 0.0527056 0.06678
4.73889e+06 0.0257338 0.0530334 0.0672
4.75899e+06 0.025891 0.053361 0.06762
4.77905e+06 0.0260482 0.0536888 0.06804
4.79907e+06 0.0262054 0.0540166 0.06846
4.81903e+06 0.0263625 0.0543444 0.06888
4.83896e+06 0.0265197 0.0546723 0.0693
4.85884e+06 0.0266769 0.0550003 0.06972
4.87869e+06 0.026834 0.0553283 0.07014
4.8985e+06 0.0269912 0.0556563 0.07056
4.91827e+06 0.0271484 0.0559843 0.07098
4.93799e+06 0.0273055 0.0563123 0.0714
4.95768e+06 0.0274627 0.0566404 0.07182
4.97732e+06 0.02762 0.0569684 0.07224
4.99692e+06 0.0277772 0.0572965 0.07266
5.01648e+06 0.0279345 0.0576245 0.07308
5.036e+06 0.0280917 0.0579525 0.0735
5.05547e+06 0.0282489 0.0582805 0.07392
5.07491e+06 0.0284062 0.0586085 0.07434
5.0943e+06 0.0285634 0.0589365 0.07476
5.11365e+06 0.0287205 0.0592644 0.07518
5.13295e+06 0.0288777 0.0595924 0.0756
5.15222e+06 0.0290348 0.0599203 0.07602
5.17145e+06 0.029192 0.0602483 0.07644
