43776.3 9.70031e-05 0.000277429 0.000458332 0.000603116 0.0007
87551.9 0.000194009 0.000554862 0.000916667 0.00120623 0.0014
131326 0.000291016 0.000832298 0.001375 0.00180935 0.0021
175100 0.000388027 0.00110974 0.00183335 0.00241247 0.0028
218871 0.00048504 0.00138718 0.00229169 0.00301559 0.0035
262641 0.000582057 0.00166463 0.00275004 0.00361872 0.0042
306407 0.00067908 0.00194208 0.00320839 0.00422184 0.0049
350171 0.00077611 0.00221955 0.00366675 0.00482497 0.0056
393932 0.000873136 0.00249701 0.00412511 0.0054281 0.0063
437689 0.00097017 0.00277448 0.00458348 0.00603124 0.007
481443 0.00106721 0.00305195 0.00504186 0.00663438 0.0077
525193 0.00116424 0.00332943 0.00550024 0.00723752 0.0084
568621 0.00126101 0.00360721 0.00595952 0.00784114 0.0091
611846 0.00135757 0.00388496 0.00641914 0.00844501 0.0098
654468 0.00145365 0.00416201 0.0068788 0.00904934 0.0105
696553 0.00155003 0.00444034 0.00734001 0.00965448 0.0112
738473 0.00164619 0.00471816 0.00780093 0.0102597 0.0119
779846 0.00174217 0.00499586 0.00826221 0.0108654 0.0126
820775 0.00183839 0.00527476 0.00872498 0.0114718 0.0133
860877 0.00193365 0.00555322 0.00918828 0.0120785 0.014
900069 0.00202806 0.0058307 0.00965151 0.0126854 0.0147
938706 0.00212304 0.00610865 0.0101153 0.0132928 0.0154
976134 0.00221715 0.00638557 0.0105795 0.0139013 0.0161
1.01257e+06 0.00231096 0.0066622 0.0110436 0.0145098 0.0168
1.04835e+06 0.00240575 0.00694073 0.0115091 0.015119 0.0175
1.08339e+06 0.00250127 0.00721973 0.0119755 0.015729 0.0182
1.11774e+06 0.00259854 0.00750041 0.0124432 0.0163398 0.0189
1.15146e+06 0.00269606 0.00778198 0.0129122 0.0169514 0.0196
1.1845e+06 0.00279327 0.00806323 0.0133809 0.017563 0.0203
1.21715e+06 0.00289134 0.00834531 0.01385 0.0181748 0.021
1.24925e+06 0.00299186 0.00862982 0.0143204 0.0187871 0.0217
1.28059e+06 0.00309214 0.00891224 0.0147878 0.0193976 0.0224
1.31127e+06 0.00319245 0.00919375 0.0152537 0.0200074 0.0231
1.34157e+06 0.00329288 0.00947592 0.0157206 0.0206175 0.0238
1.37147e+06 0.00339422 0.00975934 0.0161885 0.0212279 0.0245
1.40112e+06 0.00349627 0.0100433 0.0166563 0.0218382 0.0252
1.43022e+06 0.00359989 0.0103283 0.0171242 0.0224484 0.0259
1.45886e+06 0.00370452 0.0106138 0.0175918 0.0230582 0.0266
1.48694e+06 0.00380989 0.0109 0.0180603 0.0236685 0.0273
1.51455e+06 0.00391637 0.0111871 0.0185291 0.024279 0.028
1.54186e+06 0.0040234 0.0114741 0.0189971 0.0248887 0.0287
1.56885e+06 0.00413149 0.0117623 0.0194658 0.0254985 0.0294
1.59561e+06 0.00424035 0.0120516 0.0199352 0.0261088 0.0301
1.62209e+06 0.00435038 0.0123419 0.0204053 0.0267194 0.0308
1.64814e+06 0.00446095 0.0126324 0.0208753 0.0273301 0.0315
1.67363e+06 0.00457327 0.012925 0.0213464 0.0279412 0.0322
1.69884e+06 0.0046858 0.0132176 0.021817 0.0285516 0.0329
1.72388e+06 0.00479887 0.013511 0.0222881 0.0291622 0.0336
1.7487e+06 0.00491364 0.0138063 0.0227604 0.0297734 0.0343
1.77323e+06 0.00502961 0.0141027 0.0232336 0.0303852 0.035
1.79758e+06 0.00514546 0.0143986 0.0237058 0.030996 0.0357
1.82167e+06 0.00526239 0.0146958 0.0241791 0.0316072 0.0364
1.84555e+06 0.00537946 0.0149935 0.0246532 0.0322189 0.0371
1.86923e+06 0.00549644 0.0152912 0.0251276 0.0328306 0.0378
1.89271e+06 0.00561354 0.0155887 0.0256016 0.0334421 0.0385
1.91572e+06 0.00573236 0.0158875 0.0260754 0.0340529 0.0392
1.93843e+06 0.00585223 0.0161868 0.0265491 0.0346632 0.0399
1.96102e+06 0.00597212 0.0164862 0.0270226 0.0352735 0.0406
1.98349e+06 0.00609195 0.0167859 0.0274965 0.0358838 0.0413
2.00585e+06 0.00621158 0.0170852 0.0279698 0.0364938 0.042
2.02804e+06 0.00633147 0.0173844 0.0284428 0.0371036 0.0427
2.04993e+06 0.00645287 0.0176848 0.0289163 0.0377137 0.0434
2.07154e+06 0.0065754 0.0179864 0.0293907 0.0383241 0.0441
2.09294e+06 0.00669808 0.0182879 0.0298643 0.0389338 0.0448
2.11422e+06 0.00682037 0.0185886 0.0303368 0.0395428 0.0455
2.13545e+06 0.00694249 0.0188891 0.0308093 0.0401518 0.0462
2.15662e+06 0.0070643 0.0191897 0.0312821 0.0407609 0.0469
2.17771e+06 0.00718649 0.0194907 0.0317555 0.0413703 0.0476
2.19859e+06 0.0073102 0.0197937 0.0322305 0.0419806 0.0483
2.2194e+06 0.00743377 0.0200965 0.0327053 0.0425907 0.049
2.24008e+06 0.00755749 0.0203992 0.0331796 0.0432002 0.0497
2.26062e+06 0.0076818 0.0207025 0.0336542 0.0438098 0.0504
2.28109e+06 0.00780643 0.021006 0.034129 0.0444194 0.0511
2.30148e+06 0.00793123 0.0213097 0.0346037 0.0450288 0.0518
2.3218e+06 0.00805583 0.0216132 0.0350783 0.0456382 0.0525
2.342e+06 0.00818046 0.0219167 0.0355527 0.0462474 0.0532
2.36208e+06 0.00830483 0.02222 0.0360273 0.0468567 0.0539
2.38206e+06 0.00842901 0.0225232 0.0365018 0.0474659 0.0546
2.4019e+06 0.00855416 0.0228275 0.036977 0.0480756 0.0553
2.42155e+06 0.00867973 0.0231324 0.0374527 0.0486858 0.056
2.44104e+06 0.00880586 0.0234382 0.0379291 0.0492965 0.0567
2.46045e+06 0.0089324 0.0237444 0.0384057 0.0499073 0.0574
2.47978e+06 0.00905885 0.0240506 0.0388825 0.0505182 0.0581
2.49903e+06 0.00918501 0.0243566 0.0393593 0.051129 0.0588
2.5182e+06 0.00931099 0.0246623 0.0398357 0.0517394 0.0595
2.53732e+06 0.00943684 0.0249677 0.0403118 0.0523499 0.0602
2.55635e+06 0.00956251 0.025273 0.0407881 0.0529604 0.0609
2.57524e+06 0.00968893 0.0255791 0.0412647 0.0535709 0.0616
2.594e+06 0.00981561 0.0258854 0.0417418 0.0541817 0.0623
2.61269e+06 0.00994227 0.0261919 0.0422191 0.0547925 0.063
2.63132e+06 0.0100689 0.0264983 0.0426963 0.0554034 0.0637
2.6499e+06 0.0101955 0.0268047 0.0431738 0.0560145 0.0644
2.66843e+06 0.0103221 0.0271112 0.0436515 0.0566257 0.0651
2.68691e+06 0.0104488 0.0274181 0.0441295 0.057237 0.0658
2.70533e+06 0.0105757 0.0277252 0.0446077 0.0578483 0.0665
2.72364e+06 0.010703 0.0280324 0.0450859 0.0584595 0.0672
2.74181e+06 0.0108301 0.0283393 0.0455635 0.0590705 0.0679
2.75989e+06 0.010957 0.028646 0.046041 0.0596814 0.0686
2.77789e+06 0.0110836 0.0289529 0.0465188 0.0602929 0.0693
2.79585e+06 0.0112101 0.0292598 0.0469969 0.0609043 0.07
2.81377e+06 0.0113365 0.0295667 0.0474749 0.0615158 0.0707
2.83166e+06 0.0114627 0.0298734 0.0479529 0.0621271 0.0714
2.8495e+06 0.0115891 0.0301805 0.0484309 0.0627385 0.0721
2.86727e+06 0.011716 0.0304882 0.0489095 0.0633505 0.0728
2.88499e+06 0.0118431 0.0307962 0.0493885 0.0639627 0.0735
2.90263e+06 0.0119705 0.0311047 0.0498678 0.0645752 0.0742
2.92019e+06 0.0120975 0.0314131 0.0503476 0.0651879 0.0749
2.9377e+06 0.0122241 0.0317218 0.050828 0.0658008 0.0756
2.95514e+06 0.0123506 0.0320303 0.0513083 0.0664137 0.0763
2.97252e+06 0.0124768 0.0323386 0.0517883 0.0670266 0.077
2.98984e+06 0.012603 0.0326466 0.0522682 0.0676394 0.0777
3.00708e+06 0.0127296 0.0329553 0.0527484 0.0682524 0.0784
3.02423e+06 0.0128568 0.0332646 0.0532292 0.0688658 0.0791
3.04134e+06 0.0129839 0.0335739 0.05371 0.0694792 0.0798
3.0584e+06 0.013111 0.0338834 0.0541914 0.0700928 0.0805
3.07543e+06 0.0132382 0.0341929 0.0546728 0.0707067 0.0812
3.0924e+06 0.0133652 0.0345025 0.0551548 0.0713207 0.0819
3.10934e+06 0.0134922 0.0348121 0.0556371 0.0719349 0.0826
3.12622e+06 0.0136191 0.0351215 0.0561192 0.0725488 0.0833
3.14306e+06 0.0137458 0.0354308 0.0566013 0.0731629 0.084
3.15981e+06 0.0138728 0.0357405 0.0570838 0.0737774 0.0847
3.17646e+06 0.0140004 0.0360511 0.057567 0.0743924 0.0854
3.19303e+06 0.0141284 0.0363622 0.0580507 0.0750079 0.0861
3.20955e+06 0.0142562 0.0366729 0.0585341 0.0756232 0.0868
3.22601e+06 0.0143839 0.0369834 0.0590171 0.0762381 0.0875
3.24242e+06 0.0145115 0.0372937 0.0595 0.076853 0.0882
3.25878e+06 0.014639 0.0376041 0.0599829 0.0774678 0.0889
3.2751e+06 0.0147664 0.0379145 0.0604658 0.0780827 0.0896
3.29138e+06 0.0148937 0.0382248 0.0609487 0.0786976 0.0903
3.3076e+06 0.015021 0.0385351 0.0614315 0.0793123 0.091
3.32377e+06 0.0151486 0.0388457 0.0619145 0.0799271 0.0917
3.3399e+06 0.0152763 0.0391564 0.0623976 0.080542 0.0924
3.35595e+06 0.015404 0.0394674 0.0628812 0.081157 0.0931
3.37194e+06 0.0155318 0.0397788 0.0633656 0.0817725 0.0938
3.38786e+06 0.0156597 0.0400903 0.0638501 0.0823884 0.0945
3.40371e+06 0.0157877 0.0404022 0.0643351 0.0830048 0.0952
3.4195e+06 0.0159158 0.0407142 0.0648203 0.0836212 0.0959
3.43524e+06 0.0160441 0.0410266 0.0653058 0.0842378 0.0966
3.45088e+06 0.0161726 0.0413395 0.0657919 0.0848549 0.0973
3.46647e+06 0.0163016 0.041653 0.0662786 0.0854722 0.098
3.48197e+06 0.016431 0.041967 0.0667655 0.0860897 0.0987
3.4974e+06 0.0165611 0.0422816 0.0672529 0.0867075 0.0994
3.51273e+06 0.016692 0.0425971 0.0677411 0.0873257 0.1001
3.52797e+06 0.0168233 0.0429131 0.0682299 0.0879442 0.1008
3.54314e+06 0.016955 0.0432297 0.0687193 0.0885629 0.1015
3.55823e+06 0.0170871 0.0435468 0.0692092 0.0891819 0.1022
3.5732e+06 0.0172197 0.0438644 0.0696996 0.0898009 0.1029
3.58808e+06 0.0173526 0.0441823 0.0701905 0.0904201 0.1036
3.60287e+06 0.0174858 0.0445008 0.0706821 0.0910397 0.1043
3.61758e+06 0.0176193 0.0448198 0.0711742 0.0916597 0.105
3.63223e+06 0.0177531 0.0451392 0.0716667 0.0922799 0.1057
3.6468e+06 0.0178873 0.045459 0.0721595 0.0929004 0.1064
3.66131e+06 0.0180217 0.045779 0.0726526 0.0935209 0.1071
3.67571e+06 0.0181569 0.0461 0.0731464 0.0941421 0.1078
3.69003e+06 0.0182926 0.0464217 0.0736409 0.0947638 0.1085
3.70427e+06 0.0184285 0.0467438 0.074136 0.0953857 0.1092
3.71843e+06 0.0185647 0.0470663 0.0746315 0.0960078 0.1099
3.73251e+06 0.0187013 0.0473893 0.0751273 0.09663 0.1106
3.7465e+06 0.0188382 0.0477127 0.0756235 0.0972524 0.1113
3.76039e+06 0.0189757 0.0480369 0.0761202 0.0978749 0.112
3.77419e+06 0.0191132 0.0483612 0.0766172 0.0984976 0.1127
3.7879e+06 0.0192511 0.0486858 0.0771145 0.0991203 0.1134
3.80151e+06 0.019389 0.0490106 0.077612 0.0997434 0.1141
3.81503e+06 0.0195271 0.0493359 0.0781104 0.100367 0.1148
3.82845e+06 0.0196652 0.0496614 0.078609 0.100991 0.1155
3.84178e+06 0.0198035 0.0499874 0.0791085 0.101615 0.1162
3.85503e+06 0.0199421 0.050314 0.0796087 0.102239 0.1169
3.86817e+06 0.0200815 0.0506413 0.0801096 0.102864 0.1176
3.88124e+06 0.0202212 0.0509691 0.0806109 0.103489 0.1183
3.89422e+06 0.0203613 0.0512974 0.0811127 0.104115 0.119
3.90711e+06 0.020502 0.0516263 0.0816151 0.10474 0.1197
3.91992e+06 0.0206432 0.0519558 0.082118 0.105367 0.1204
3.93263e+06 0.0207853 0.0522863 0.0826215 0.105993 0.1211
3.94522e+06 0.0209287 0.052618 0.083126 0.10662 0.1218
3.95771e+06 0.021073 0.0529508 0.0836316 0.107247 0.1225
3.9701e+06 0.0212182 0.0532845 0.0841378 0.107875 0.1232
3.98238e+06 0.0213644 0.0536192 0.0846448 0.108503 0.1239
3.99456e+06 0.0215116 0.053955 0.0851527 0.109131 0.1246
4.00663e+06 0.0216599 0.054292 0.0856615 0.10976 0.1253
4.01859e+06 0.021809 0.0546299 0.0861711 0.110389 0.126
4.03043e+06 0.021959 0.0549688 0.0866814 0.111019 0.1267
4.04216e+06 0.0221102 0.0553088 0.0871926 0.111649 0.1274
4.0538e+06 0.0222621 0.0556495 0.0877042 0.11228 0.1281
4.06528e+06 0.0224158 0.0559921 0.0882171 0.112911 0.1288
4.07662e+06 0.0225712 0.0563365 0.0887312 0.113543 0.1295
4.0878e+06 0.0227287 0.0566828 0.0892465 0.114175 0.1302
4.09875e+06 0.0228892 0.057032 0.0897635 0.114808 0.1309
4.10948e+06 0.0230529 0.0573843 0.0902827 0.115442 0.1316
4.12011e+06 0.0232175 0.0577377 0.0908024 0.116076 0.1323
4.13064e+06 0.0233832 0.0580919 0.0913226 0.11671 0.133
4.14105e+06 0.0235501 0.0584475 0.0918439 0.117345 0.1337
4.15134e+06 0.0237182 0.0588043 0.0923664 0.11798 0.1344
4.16151e+06 0.0238876 0.0591625 0.09289 0.118616 0.1351
4.17157e+06 0.0240582 0.0595219 0.0934148 0.119253 0.1358
4.18153e+06 0.0242299 0.0598824 0.0939402 0.119889 0.1365
4.19139e+06 0.0244024 0.0602436 0.0944663 0.120526 0.1372
4.20117e+06 0.0245759 0.0606057 0.0949928 0.121164 0.1379
4.21085e+06 0.02475 0.0609684 0.0955199 0.121801 0.1386
4.22044e+06 0.0249249 0.061332 0.0960475 0.122439 0.1393
4.22995e+06 0.0251008 0.0616966 0.0965757 0.123077 0.14
4.23936e+06 0.0252776 0.0620621 0.0971046 0.123715 0.1407
4.24867e+06 0.0254554 0.0624288 0.0976344 0.124354 0.1414
4.25788e+06 0.0256341 0.0627962 0.0981648 0.124994 0.1421
4.26698e+06 0.0258137 0.0631645 0.098696 0.125634 0.1428
4.27601e+06 0.0259944 0.0635338 0.0992279 0.126274 0.1435
4.28494e+06 0.0261759 0.0639039 0.0997602 0.126915 0.1442
4.29379e+06 0.0263582 0.0642746 0.100293 0.127556 0.1449
4.30257e+06 0.0265413 0.064646 0.100826 0.128197 0.1456
4.31128e+06 0.0267249 0.065018 0.10136 0.128838 0.1463
4.31991e+06 0.026909 0.0653906 0.101894 0.12948 0.147
4.32847e+06 0.0270936 0.0657636 0.102429 0.130122 0.1477
4.33697e+06 0.0272786 0.0661373 0.102964 0.130764 0.1484
4.34539e+06 0.027464 0.0665115 0.1035 0.131406 0.1491
4.35371e+06 0.0276507 0.0668872 0.104037 0.132049 0.1498
4.36199e+06 0.0278368 0.0672624 0.104575 0.132693 0.1505
4.3702e+06 0.0280233 0.0676382 0.105113 0.133336 0.1512
4.37834e+06 0.0282103 0.0680145 0.105651 0.13398 0.1519
4.38642e+06 0.0283976 0.0683911 0.10619 0.134624 0.1526
4.39442e+06 0.0285853 0.0687683 0.106729 0.135268 0.1533
4.40236e+06 0.0287734 0.0691461 0.107268 0.135912 0.154
4.41023e+06 0.028962 0.0695243 0.107809 0.136557 0.1547
4.41802e+06 0.0291511 0.069903 0.108349 0.137202 0.1554
4.42574e+06 0.0293407 0.0702824 0.10889 0.137847 0.1561
4.43338e+06 0.0295308 0.0706622 0.109431 0.138492 0.1568
4.44094e+06 0.0297216 0.0710427 0.109973 0.139137 0.1575
4.44842e+06 0.0299131 0.0714241 0.110516 0.139783 0.1582
4.45574e+06 0.0301069 0.0718077 0.11106 0.140429 0.1589
4.46297e+06 0.0303018 0.0721924 0.111604 0.141075 0.1596
4.47009e+06 0.0304978 0.0725785 0.11215 0.141722 0.1603
4.47699e+06 0.0306983 0.0729688 0.112699 0.14237 0.161
4.4838e+06 0.0308992 0.0733598 0.113248 0.143019 0.1617
4.49048e+06 0.0311018 0.0737526 0.113798 0.143668 0.1624
4.49704e+06 0.0313058 0.0741471 0.114349 0.144317 0.1631
4.50348e+06 0.0315112 0.0745432 0.114902 0.144967 0.1638
4.50974e+06 0.031719 0.0749417 0.115457 0.145618 0.1645
4.51595e+06 0.0319268 0.0753404 0.116011 0.146268 0.1652
4.52195e+06 0.0321375 0.0757426 0.116569 0.14692 0.1659
4.52784e+06 0.0323495 0.0761464 0.117128 0.147573 0.1666
4.53358e+06 0.0325632 0.0765521 0.117688 0.148226 0.1673
4.53919e+06 0.0327786 0.0769596 0.11825 0.148879 0.168
4.54466e+06 0.0329955 0.0773688 0.118813 0.149533 0.1687
4.54999e+06 0.0332141 0.0777798 0.119377 0.150188 0.1694
4.55519e+06 0.0334342 0.0781925 0.119942 0.150843 0.1701
4.56026e+06 0.0336558 0.0786068 0.120509 0.151499 0.1708
4.56521e+06 0.0338786 0.0790227 0.121077 0.152156 0.1715
4.57004e+06 0.0341026 0.07944 0.121646 0.152813 0.1722
4.57476e+06 0.0343278 0.0798586 0.122215 0.15347 0.1729
4.57938e+06 0.034554 0.0802785 0.122786 0.154128 0.1736
4.58386e+06 0.0347815 0.0807 0.123358 0.154786 0.1743
4.58819e+06 0.0350109 0.0811235 0.123932 0.155445 0.175
4.59241e+06 0.0352411 0.081548 0.124506 0.156104 0.1757
4.59634e+06 0.0354754 0.0819768 0.125084 0.156764 0.1764
4.60015e+06 0.0357109 0.0824071 0.125662 0.157425 0.1771
4.60387e+06 0.035947 0.0828383 0.126241 0.158086 0.1778
4.6075e+06 0.0361837 0.0832703 0.126821 0.158748 0.1785
4.61105e+06 0.036421 0.0837032 0.127401 0.15941 0.1792
4.61449e+06 0.0366589 0.0841373 0.127983 0.160072 0.1799
4.61785e+06 0.0368976 0.0845725 0.128566 0.160735 0.1806
4.52739e+06 0.0384388 0.0862821 0.129925 0.161702 0.1813
4.53486e+06 0.0387169 0.0867646 0.130523 0.162365 0.182
4.54147e+06 0.0389968 0.0872512 0.13113 0.163031 0.1827
4.54611e+06 0.0392619 0.0877277 0.131744 0.163701 0.1834
4.55024e+06 0.0395241 0.0882026 0.132361 0.164373 0.1841
4.55426e+06 0.0397863 0.088678 0.132979 0.165045 0.1848
4.55811e+06 0.0400469 0.0891512 0.133596 0.165718 0.1855
4.56149e+06 0.0402992 0.0896116 0.134204 0.166392 0.1862
4.5645e+06 0.0405457 0.0900636 0.134805 0.167066 0.1869
4.56738e+06 0.0407917 0.0905149 0.135406 0.16774 0.1876
4.54108e+06 0.0415047 0.0914101 0.136257 0.168501 0.1883
4.54487e+06 0.0417719 0.0918922 0.136877 0.169175 0.189
4.54794e+06 0.0420295 0.0923622 0.137492 0.169849 0.1897
4.55051e+06 0.0422778 0.0928171 0.138095 0.170524 0.1904
4.55299e+06 0.0425259 0.0932716 0.138697 0.171197 0.1911
4.5554e+06 0.0427738 0.0937259 0.139299 0.171871 0.1918
4.5577e+06 0.043021 0.0941791 0.139899 0.172543 0.1925
4.55993e+06 0.0432673 0.0946304 0.140497 0.173213 0.1932
4.56207e+06 0.0435133 0.0950813 0.141094 0.173883 0.1939
4.50707e+06 0.0442403 0.0962615 0.142174 0.174747 0.1946
4.51106e+06 0.0444972 0.0967329 0.142792 0.175419 0.1953
4.51496e+06 0.0447552 0.0972056 0.14341 0.176092 0.196
4.51866e+06 0.0450139 0.0976782 0.144029 0.176766 0.1967
4.47207e+06 0.0450263 0.0980628 0.144864 0.177559 0.1974
4.48016e+06 0.0452 0.0984381 0.145419 0.178217 0.1981
4.48385e+06 0.0454431 0.0988816 0.146015 0.17889 0.1988
4.48752e+06 0.0456855 0.0993244 0.146611 0.179563 0.1995
4.49109e+06 0.0459284 0.0997681 0.147208 0.180236 0.2002
4.44441e+06 0.0465722 0.100811 0.148216 0.181071 0.2009
4.44857e+06 0.0468336 0.101285 0.148836 0.181744 0.2016
4.45264e+06 0.0470951 0.10176 0.149456 0.182417 0.2023
4.45621e+06 0.0473481 0.102221 0.150065 0.183091 0.203
4.41478e+06 0.0479946 0.103239 0.151039 0.183909 0.2037
4.41846e+06 0.0482619 0.103724 0.151663 0.184583 0.2044
4.42202e+06 0.0485292 0.10421 0.152288 0.185258 0.2051
4.4251e+06 0.0487882 0.104682 0.152905 0.185935 0.2058
4.34217e+06 0.0487236 0.105086 0.153941 0.186823 0.2065
4.35282e+06 0.0488612 0.105436 0.154492 0.187476 0.2072
4.35958e+06 0.049041 0.105823 0.155061 0.188139 0.2079
4.36208e+06 0.0492903 0.106279 0.155673 0.188816 0.2086
4.36428e+06 0.0495417 0.106739 0.156286 0.189494 0.2093
4.36635e+06 0.0497939 0.107199 0.156901 0.190173 0.21
4.36837e+06 0.0500462 0.10766 0.157516 0.190852 0.2107
4.37033e+06 0.0502986 0.108121 0.158132 0.191532 0.2114
4.30996e+06 0.0515113 0.109539 0.159343 0.192451 0.2121
4.31458e+06 0.051773 0.110016 0.159964 0.193124 0.2128
4.31786e+06 0.052028 0.11049 0.160594 0.193802 0.2135
4.32092e+06 0.0522853 0.110967 0.161227 0.194481 0.2142
4.32378e+06 0.0525421 0.111443 0.161859 0.19516 0.2149
4.32613e+06 0.0527912 0.111906 0.162481 0.195841 0.2156
4.25384e+06 0.0536887 0.11332 0.163722 0.19677 0.2163
4.25844e+06 0.0539465 0.113797 0.164345 0.197444 0.217
4.26218e+06 0.0542001 0.114272 0.164975 0.198121 0.2177
4.24476e+06 0.0547805 0.115047 0.165749 0.19885 0.2184
4.24917e+06 0.0550194 0.115507 0.166369 0.199523 0.2191
4.25329e+06 0.0552591 0.115969 0.166992 0.200197 0.2198
4.21053e+06 0.0559136 0.11704 0.167994 0.201025 0.2205
4.2141e+06 0.0561655 0.117515 0.168622 0.201701 0.2212
4.21739e+06 0.0564175 0.11799 0.169252 0.202379 0.2219
4.19333e+06 0.0569153 0.118828 0.170106 0.203147 0.2226
4.1969e+06 0.0571665 0.1193 0.170735 0.203823 0.2233
4.20016e+06 0.0574208 0.119777 0.171366 0.204501 0.224
4.20304e+06 0.0576784 0.120258 0.172 0.205179 0.2247
4.17265e+06 0.0577422 0.120638 0.172769 0.205937 0.2254
4.15349e+06 0.0578187 0.121007 0.173482 0.206667 0.2261
4.13462e+06 0.0579046 0.121379 0.174189 0.207396 0.2268
4.13784e+06 0.0581486 0.12183 0.174796 0.208072 0.2275
4.14065e+06 0.0583962 0.122285 0.175408 0.20875 0.2282
4.14303e+06 0.0586489 0.122747 0.176023 0.209429 0.2289
4.14505e+06 0.0589051 0.123213 0.176641 0.210109 0.2296
4.12248e+06 0.0593837 0.123996 0.177476 0.21087 0.2303
4.10368e+06 0.0598259 0.124737 0.178283 0.211621 0.231
4.10595e+06 0.0601068 0.125236 0.178924 0.212302 0.2317
4.10762e+06 0.0603919 0.125739 0.179565 0.212985 0.2324
4.10859e+06 0.0606773 0.126239 0.180204 0.21367 0.2331
4.10889e+06 0.0609647 0.126741 0.180842 0.214356 0.2338
4.03318e+06 0.0619873 0.128045 0.182088 0.215295 0.2345
4.01752e+06 0.062112 0.128457 0.182799 0.216018 0.2352
4.02255e+06 0.0623457 0.128912 0.183418 0.216691 0.2359
4.02648e+06 0.0625916 0.12938 0.184043 0.217366 0.2366
4.03013e+06 0.0628365 0.129845 0.184665 0.218042 0.2373
3.99987e+06 0.0633788 0.130738 0.185562 0.218827 0.238
4.0023e+06 0.0636462 0.131231 0.186201 0.219508 0.2387
4.00448e+06 0.0639156 0.131726 0.186842 0.22019 0.2394
4.00636e+06 0.064181 0.132215 0.187478 0.220872 0.2401
4.00795e+06 0.0644421 0.132698 0.188109 0.221554 0.2408
4.00929e+06 0.0646975 0.133172 0.188734 0.222236 0.2415
4.01053e+06 0.0649532 0.133645 0.189359 0.222918 0.2422
4.01168e+06 0.0652089 0.134119 0.189984 0.2236 0.2429
4.01269e+06 0.0654643 0.134594 0.19061 0.224283 0.2436
4.01354e+06 0.0657195 0.135068 0.191237 0.224966 0.2443
4.01423e+06 0.0659742 0.135543 0.191866 0.225649 0.245
4.01476e+06 0.0662305 0.136021 0.192496 0.226333 0.2457
4.01516e+06 0.0664905 0.136505 0.193128 0.227017 0.2464
4.01544e+06 0.0667507 0.136989 0.193762 0.227702 0.2471
3.99855e+06 0.066897 0.13743 0.194492 0.228433 0.2478
3.99966e+06 0.0671459 0.137897 0.195118 0.229116 0.2485
3.97938e+06 0.067603 0.138665 0.195935 0.229868 0.2492
3.96035e+06 0.0680512 0.139431 0.196749 0.230619 0.2499
3.94492e+06 0.0681965 0.139869 0.197483 0.231346 0.2506
3.94686e+06 0.0684632 0.140358 0.198122 0.232026 0.2513
3.94846e+06 0.0687307 0.140846 0.19876 0.232707 0.252
3.94944e+06 0.0689905 0.141322 0.199388 0.233388 0.2527
3.95016e+06 0.0692528 0.141801 0.200018 0.23407 0.2534
3.95072e+06 0.069517 0.142284 0.20065 0.234753 0.2541
3.9511e+06 0.0697831 0.142769 0.201285 0.235437 0.2548
3.95131e+06 0.0700506 0.143258 0.201922 0.236121 0.2555
3.92071e+06 0.0707671 0.144176 0.202773 0.236874 0.2562
3.92576e+06 0.0710025 0.144642 0.203394 0.237546 0.2569
3.90132e+06 0.0710882 0.145044 0.204159 0.238294 0.2576
3.90317e+06 0.0713311 0.145514 0.2048 0.238977 0.2583
3.9046e+06 0.0715721 0.14598 0.205437 0.239661 0.259
3.90582e+06 0.0718088 0.14644 0.206068 0.240345 0.2597
3.90692e+06 0.0720449 0.146898 0.206698 0.241029 0.2604
3.90788e+06 0.0722808 0.147356 0.20733 0.241714 0.2611
3.90874e+06 0.072517 0.147816 0.207964 0.242399 0.2618
3.90955e+06 0.0727529 0.148275 0.208598 0.243084 0.2625
3.91029e+06 0.072989 0.148735 0.209233 0.24377 0.2632
3.91097e+06 0.0732255 0.149195 0.209868 0.244456 0.2639
3.9116e+06 0.0734622 0.149656 0.210505 0.245142 0.2646
3.91218e+06 0.0736991 0.150117 0.211143 0.245829 0.2653
3.91273e+06 0.0739361 0.150579 0.211781 0.246516 0.266
3.91321e+06 0.0741741 0.151041 0.21242 0.247203 0.2667
3.91355e+06 0.0744141 0.151506 0.21306 0.24789 0.2674
3.9137e+06 0.0746577 0.151975 0.213703 0.248579 0.2681
3.91367e+06 0.0749048 0.152449 0.214348 0.249268 0.2688
3.91354e+06 0.0751546 0.152926 0.214995 0.249957 0.2695
3.91334e+06 0.0754062 0.153406 0.215643 0.250647 0.2702
3.91309e+06 0.0756596 0.153889 0.216293 0.251337 0.2709
3.89611e+06 0.0758004 0.154325 0.21704 0.252073 0.2716
3.87978e+06 0.0759465 0.154761 0.217784 0.252807 0.2723
3.8806e+06 0.0762007 0.155237 0.218424 0.253494 0.273
3.88122e+06 0.0764526 0.155711 0.219064 0.254181 0.2737
3.86168e+06 0.0768724 0.156447 0.219881 0.254934 0.2744
3.84298e+06 0.0773027 0.157192 0.220697 0.255686 0.2751
3.84476e+06 0.0775581 0.157676 0.22135 0.256372 0.2758
3.84628e+06 0.0778147 0.158162 0.222005 0.257058 0.2765
3.84764e+06 0.0780659 0.158639 0.222651 0.257745 0.2772
3.84882e+06 0.0783122 0.159108 0.223289 0.25843 0.2779
3.8499e+06 0.0785571 0.159574 0.223924 0.259115 0.2786
3.85086e+06 0.0788028 0.160043 0.224561 0.259801 0.2793
3.85173e+06 0.0790481 0.160512 0.225199 0.260487 0.28
3.85247e+06 0.0792938 0.160982 0.225838 0.261174 0.2807
3.83291e+06 0.0797579 0.161775 0.226666 0.261929 0.2814
3.83419e+06 0.0800139 0.162264 0.227324 0.262616 0.2821
3.83515e+06 0.0802682 0.16275 0.227979 0.263305 0.2828
3.8358e+06 0.0805128 0.163221 0.22862 0.263991 0.2835
3.83639e+06 0.0807565 0.16369 0.229261 0.264679 0.2842
3.83691e+06 0.0809999 0.164159 0.229902 0.265366 0.2849
3.83737e+06 0.0812437 0.164628 0.230544 0.266054 0.2856
3.83779e+06 0.081488 0.165099 0.231186 0.266742 0.2863
3.83816e+06 0.0817328 0.16557 0.231828 0.26743 0.287
3.83843e+06 0.0819783 0.166042 0.232472 0.268118 0.2877
3.8386e+06 0.0822242 0.166515 0.233115 0.268806 0.2884
3.83867e+06 0.0824703 0.166989 0.233761 0.269495 0.2891
3.83866e+06 0.0827164 0.167463 0.234409 0.270184 0.2898
3.83859e+06 0.0829629 0.167938 0.235058 0.270873 0.2905
3.83846e+06 0.0832094 0.168414 0.235707 0.271563 0.2912
3.8383e+06 0.0834557 0.168889 0.236356 0.272252 0.2919
3.83814e+06 0.0837019 0.169364 0.237006 0.272942 0.2926
3.83797e+06 0.0839482 0.169839 0.237655 0.273632 0.2933
3.83775e+06 0.0841947 0.170315 0.238305 0.274322 0.294
3.83752e+06 0.0844413 0.170791 0.238956 0.275012 0.2947
3.83721e+06 0.0846886 0.171268 0.239607 0.275702 0.2954
3.81791e+06 0.0851488 0.17206 0.240435 0.276457 0.2961
3.81834e+06 0.0854033 0.172552 0.241103 0.277148 0.2968
3.8184e+06 0.0856596 0.173046 0.241771 0.27784 0.2975
3.81831e+06 0.0859085 0.173526 0.242428 0.278531 0.2982
3.81815e+06 0.0861542 0.174002 0.24308 0.279222 0.2989
3.818e+06 0.0863994 0.174476 0.243731 0.279912 0.2996
3.81784e+06 0.0866442 0.17495 0.24438 0.280601 0.3003
3.78004e+06 0.0869714 0.175673 0.245324 0.281411 0.301
3.76117e+06 0.0874132 0.176442 0.246147 0.282164 0.3017
3.76252e+06 0.0876639 0.176925 0.246808 0.282852 0.3024
3.74568e+06 0.0878025 0.17737 0.247587 0.283594 0.3031
3.74704e+06 0.0880568 0.177855 0.248249 0.284283 0.3038
3.74829e+06 0.0883111 0.178341 0.248912 0.284972 0.3045
3.74944e+06 0.0885639 0.178825 0.249573 0.28566 0.3052
3.75049e+06 0.088813 0.179302 0.250229 0.286349 0.3059
3.7515e+06 0.0890614 0.179779 0.250885 0.287037 0.3066
3.75245e+06 0.0893091 0.180254 0.251538 0.287726 0.3073
3.75327e+06 0.0895533 0.180724 0.252185 0.288413 0.308
3.75393e+06 0.0897973 0.181193 0.252833 0.289101 0.3087
3.75445e+06 0.0900417 0.181664 0.253483 0.28979 0.3094
3.73579e+06 0.0906213 0.182472 0.254294 0.290534 0.3101
3.73645e+06 0.0908795 0.182967 0.254962 0.291225 0.3108
3.73678e+06 0.0911349 0.183459 0.255635 0.291917 0.3115
3.73696e+06 0.0913874 0.183946 0.256304 0.292609 0.3122
3.73693e+06 0.091634 0.184423 0.256964 0.293301 0.3129
3.71241e+06 0.0917187 0.184823 0.257775 0.294061 0.3136
3.71275e+06 0.0919692 0.185305 0.258442 0.294753 0.3143
3.71295e+06 0.092214 0.185777 0.259101 0.295444 0.315
3.71297e+06 0.0924574 0.186248 0.259758 0.296135 0.3157
3.71282e+06 0.0927 0.186719 0.260417 0.296826 0.3164
3.71264e+06 0.0929419 0.187188 0.261074 0.297518 0.3171
3.71244e+06 0.093184 0.187659 0.261732 0.29821 0.3178
3.71219e+06 0.0934259 0.188129 0.262391 0.298902 0.3185
3.71191e+06 0.0936678 0.188599 0.26305 0.299594 0.3192
3.7116e+06 0.0939099 0.18907 0.26371 0.300286 0.3199
3.71124e+06 0.094152 0.189541 0.26437 0.300979 0.3206
3.71083e+06 0.0943939 0.190012 0.265031 0.301671 0.3213
3.71036e+06 0.0946354 0.190483 0.265692 0.302364 0.322
3.70986e+06 0.094877 0.190954 0.266354 0.303057 0.3227
3.70933e+06 0.0951188 0.191425 0.267018 0.30375 0.3234
3.70877e+06 0.0953606 0.191896 0.267682 0.304443 0.3241
3.70817e+06 0.0956023 0.192368 0.268347 0.305137 0.3248
3.70755e+06 0.0958442 0.19284 0.269014 0.305831 0.3255
3.70688e+06 0.0960861 0.193313 0.269682 0.306525 0.3262
3.70617e+06 0.0963281 0.193786 0.270352 0.30722 0.3269
3.70541e+06 0.0965701 0.194259 0.271023 0.307915 0.3276
3.7046e+06 0.0968121 0.194732 0.271696 0.308611 0.3283
3.70371e+06 0.0970545 0.195207 0.272372 0.309307 0.329
3.70278e+06 0.0972974 0.195683 0.27305 0.310004 0.3297
3.70178e+06 0.0975403 0.19616 0.273732 0.310701 0.3304
3.7007e+06 0.0977831 0.196637 0.274417 0.3114 0.3311
3.69957e+06 0.098026 0.197116 0.275104 0.312099 0.3318
3.69839e+06 0.0982694 0.197595 0.275794 0.312798 0.3325
3.69719e+06 0.0985129 0.198075 0.276485 0.313498 0.3332
3.69597e+06 0.0987565 0.198555 0.277177 0.314198 0.3339
3.69473e+06 0.0990002 0.199035 0.27787 0.314898 0.3346
3.69348e+06 0.0992437 0.199515 0.278563 0.315599 0.3353
3.67424e+06 0.0993699 0.199947 0.279384 0.316355 0.336
3.65573e+06 0.099499 0.200375 0.280201 0.317109 0.3367
3.65535e+06 0.0997477 0.200857 0.280895 0.317808 0.3374
3.65474e+06 0.0999934 0.201337 0.28159 0.318507 0.3381
3.65401e+06 0.100239 0.201817 0.282286 0.319207 0.3388
3.65316e+06 0.100484 0.202296 0.282987 0.319909 0.3395
3.65231e+06 0.100728 0.202776 0.283689 0.32061 0.3402
3.65146e+06 0.100973 0.203256 0.28439 0.321311 0.3409
3.65062e+06 0.101218 0.203735 0.285092 0.322013 0.3416
3.64977e+06 0.101462 0.204214 0.285794 0.322714 0.3423
3.64887e+06 0.101706 0.204693 0.286496 0.323416 0.343
3.64787e+06 0.10195 0.205172 0.287199 0.324118 0.3437
3.64679e+06 0.102192 0.20565 0.287903 0.32482 0.3444
3.64559e+06 0.102435 0.206129 0.288609 0.325523 0.3451
3.64434e+06 0.102676 0.206607 0.289315 0.326226 0.3458
3.64305e+06 0.102918 0.207086 0.290022 0.32693 0.3465
3.64172e+06 0.103159 0.207564 0.29073 0.327633 0.3472
3.64036e+06 0.103401 0.208043 0.291439 0.328337 0.3479
3.63893e+06 0.103641 0.208521 0.292148 0.329041 0.3486
3.5891e+06 0.103658 0.208949 0.294029 0.330119 0.3493
3.59085e+06 0.103837 0.209367 0.294718 0.330814 0.35
3.58931e+06 0.104075 0.209843 0.295428 0.331518 0.3507
3.58775e+06 0.104314 0.210318 0.296139 0.332223 0.3514
3.58615e+06 0.104552 0.210793 0.296851 0.332927 0.3521
3.5845e+06 0.10479 0.211268 0.297563 0.333631 0.3528
3.58273e+06 0.105027 0.211742 0.298278 0.334337 0.3535
3.58095e+06 0.105264 0.212217 0.298993 0.335042 0.3542
3.57911e+06 0.1055 0.212691 0.29971 0.335748 0.3549
3.57713e+06 0.105735 0.213164 0.300428 0.336455 0.3556
3.57517e+06 0.10597 0.213637 0.301148 0.337161 0.3563
3.57311e+06 0.106205 0.21411 0.301869 0.337868 0.357
3.57087e+06 0.106438 0.214581 0.302595 0.338577 0.3577
3.56853e+06 0.106669 0.215052 0.303322 0.339285 0.3584
3.56619e+06 0.106901 0.215523 0.304049 0.339994 0.3591
3.56381e+06 0.107133 0.215993 0.304778 0.340703 0.3598
3.56138e+06 0.107364 0.216464 0.305507 0.341413 0.3605
3.55892e+06 0.107595 0.216934 0.306238 0.342123 0.3612
3.55641e+06 0.107826 0.217404 0.30697 0.342833 0.3619
3.55386e+06 0.108056 0.217874 0.307703 0.343543 0.3626
3.55127e+06 0.108286 0.218344 0.308437 0.344254 0.3633
3.54864e+06 0.108516 0.218814 0.309172 0.344965 0.364
3.54599e+06 0.108746 0.219284 0.309908 0.345676 0.3647
3.54333e+06 0.108975 0.219753 0.310645 0.346388 0.3654
3.54064e+06 0.109205 0.220223 0.311381 0.3471 0.3661
3.53795e+06 0.109434 0.220692 0.312118 0.347811 0.3668
3.53526e+06 0.109663 0.221162 0.312856 0.348523 0.3675
3.53256e+06 0.109892 0.221631 0.313593 0.349235 0.3682
3.52986e+06 0.110121 0.2221 0.31433 0.349947 0.3689
3.52716e+06 0.11035 0.22257 0.315068 0.350658 0.3696
3.52447e+06 0.110579 0.223039 0.315805 0.35137 0.3703
3.4914e+06 0.110625 0.223418 0.317277 0.352295 0.371
3.4901e+06 0.110833 0.223868 0.318001 0.353002 0.3717
3.48768e+06 0.111064 0.224338 0.318731 0.353711 0.3724
3.48527e+06 0.111295 0.224808 0.319461 0.354421 0.3731
3.48286e+06 0.111526 0.225278 0.320191 0.35513 0.3738
3.48046e+06 0.111756 0.225748 0.320921 0.35584 0.3745
3.47807e+06 0.111987 0.226217 0.321651 0.356549 0.3752
3.47568e+06 0.112218 0.226687 0.32238 0.357259 0.3759
3.4733e+06 0.112448 0.227157 0.32311 0.357968 0.3766
3.47093e+06 0.112679 0.227627 0.323839 0.358677 0.3773
3.40746e+06 0.112672 0.228088 0.326091 0.359871 0.378
3.41053e+06 0.112825 0.228482 0.326771 0.360563 0.3787
3.40966e+06 0.113051 0.228945 0.327477 0.361265 0.3794
3.40815e+06 0.113287 0.229418 0.328187 0.361969 0.3801
3.40661e+06 0.113524 0.229892 0.328898 0.362673 0.3808
3.40501e+06 0.11376 0.230365 0.32961 0.363377 0.3815
3.40319e+06 0.113995 0.230837 0.330327 0.364083 0.3822
3.40142e+06 0.11423 0.231311 0.331045 0.364789 0.3829
3.39959e+06 0.114465 0.231783 0.331763 0.365496 0.3836
3.39774e+06 0.1147 0.232256 0.332482 0.366202 0.3843
3.39588e+06 0.114935 0.232729 0.333201 0.366909 0.385
3.394e+06 0.115169 0.233201 0.33392 0.367616 0.3857
3.39206e+06 0.115403 0.233673 0.334641 0.368323 0.3864
3.39005e+06 0.115636 0.234145 0.335363 0.36903 0.3871
3.38801e+06 0.115869 0.234617 0.336087 0.369738 0.3878
3.38597e+06 0.116102 0.235088 0.336811 0.370446 0.3885
3.35101e+06 0.116269 0.235593 0.338107 0.37132 0.3892
3.33915e+06 0.116584 0.236187 0.338893 0.372055 0.3899
3.33846e+06 0.116806 0.236641 0.339602 0.372757 0.3906
3.33751e+06 0.117029 0.237097 0.340314 0.37346 0.3913
3.33634e+06 0.117254 0.237556 0.341027 0.374163 0.392
3.33501e+06 0.117478 0.238015 0.341743 0.374867 0.3927
3.31783e+06 0.117858 0.238687 0.342565 0.375618 0.3934
3.31658e+06 0.118081 0.239144 0.343282 0.376322 0.3941
3.31531e+06 0.118302 0.2396 0.343999 0.377026 0.3948
3.31386e+06 0.118525 0.240057 0.344718 0.377731 0.3955
3.31208e+06 0.118749 0.240518 0.34544 0.378437 0.3962
3.31009e+06 0.118974 0.240979 0.346165 0.379143 0.3969
3.30795e+06 0.119198 0.24144 0.346892 0.379851 0.3976
3.30568e+06 0.119421 0.2419 0.347621 0.380558 0.3983
3.30323e+06 0.119644 0.24236 0.348354 0.381267 0.399
3.28373e+06 0.119759 0.242778 0.349532 0.38211 0.3997
3.28228e+06 0.119991 0.243246 0.350244 0.382814 0.4004
3.28076e+06 0.120224 0.243716 0.350957 0.383518 0.4011
3.2792e+06 0.120458 0.244186 0.35167 0.384222 0.4018
3.27761e+06 0.120691 0.244656 0.352382 0.384926 0.4025
3.276e+06 0.120925 0.245126 0.353096 0.385631 0.4032
3.27431e+06 0.121158 0.245595 0.353811 0.386336 0.4039
3.27254e+06 0.12139 0.246065 0.354528 0.387041 0.4046
3.27077e+06 0.121622 0.246534 0.355246 0.387747 0.4053
3.26898e+06 0.121854 0.247003 0.355963 0.388452 0.406
3.25179e+06 0.121971 0.2474 0.357047 0.389259 0.4067
3.2501e+06 0.122204 0.247869 0.357762 0.389964 0.4074
3.23746e+06 0.122362 0.248302 0.35856 0.390704 0.4081
3.23637e+06 0.1226 0.248775 0.35927 0.391407 0.4088
3.22465e+06 0.12276 0.249206 0.360063 0.392144 0.4095
3.2239e+06 0.123001 0.249681 0.360771 0.392846 0.4102
3.20255e+06 0.12343 0.250421 0.361622 0.393609 0.4109
3.20282e+06 0.123658 0.250879 0.362323 0.394308 0.4116
3.20269e+06 0.123888 0.251341 0.363027 0.395008 0.4123
3.20233e+06 0.124119 0.251804 0.363733 0.395709 0.413
3.20189e+06 0.12435 0.252267 0.364439 0.39641 0.4137
3.20131e+06 0.12458 0.252729 0.365147 0.397112 0.4144
3.20059e+06 0.12481 0.253193 0.365855 0.397814 0.4151
3.19959e+06 0.125041 0.253658 0.366566 0.398517 0.4158
3.15484e+06 0.125619 0.254505 0.36758 0.399349 0.4165
3.15535e+06 0.125837 0.254956 0.36828 0.400047 0.4172
3.15549e+06 0.12606 0.255413 0.368982 0.400747 0.4179
3.15481e+06 0.126294 0.255882 0.36969 0.401448 0.4186
3.15385e+06 0.126527 0.25635 0.3704 0.402151 0.4193
3.15266e+06 0.126758 0.256817 0.371112 0.402854 0.42
3.1514e+06 0.12699 0.257284 0.371824 0.403558 0.4207
3.15014e+06 0.127221 0.257752 0.372536 0.404261 0.4214
3.14882e+06 0.127453 0.258219 0.373248 0.404965 0.4221
3.14747e+06 0.127685 0.258687 0.373961 0.405669 0.4228
3.1461e+06 0.127916 0.259154 0.374673 0.406373 0.4235
3.13328e+06 0.128362 0.259815 0.375434 0.407096 0.4242
3.13229e+06 0.128585 0.260274 0.376143 0.407798 0.4249
3.13105e+06 0.128813 0.260738 0.376855 0.408501 0.4256
3.12973e+06 0.129043 0.261204 0.377567 0.409205 0.4263
3.12834e+06 0.129273 0.261671 0.378279 0.409909 0.427
3.12696e+06 0.129504 0.262138 0.378992 0.410613 0.4277
3.12556e+06 0.129735 0.262606 0.379704 0.411317 0.4284
3.12417e+06 0.129966 0.263073 0.380417 0.41202 0.4291
3.12278e+06 0.130197 0.26354 0.381129 0.412724 0.4298
3.12139e+06 0.130428 0.264007 0.381842 0.413428 0.4305
3.12e+06 0.130659 0.264475 0.382554 0.414132 0.4312
3.11861e+06 0.130891 0.264942 0.383266 0.414835 0.4319
3.11723e+06 0.131122 0.26541 0.383978 0.415539 0.4326
3.1055e+06 0.131274 0.265829 0.384769 0.416276 0.4333
3.09422e+06 0.131437 0.266257 0.385556 0.417011 0.434
3.09393e+06 0.131675 0.266727 0.38626 0.417711 0.4347
3.09332e+06 0.131913 0.267199 0.386966 0.418412 0.4354
3.09268e+06 0.132149 0.267669 0.387672 0.419114 0.4361
3.09202e+06 0.132385 0.268139 0.388378 0.419815 0.4368
3.0913e+06 0.132621 0.268608 0.389085 0.420517 0.4375
3.09045e+06 0.132856 0.269078 0.389793 0.421219 0.4382
3.08945e+06 0.13309 0.269547 0.390502 0.421921 0.4389
3.08841e+06 0.133323 0.270015 0.391211 0.422623 0.4396
3.08733e+06 0.133557 0.270484 0.39192 0.423326 0.4403
3.0862e+06 0.13379 0.270952 0.39263 0.424029 0.441
3.085e+06 0.134023 0.271421 0.39334 0.424732 0.4417
3.08377e+06 0.134255 0.271889 0.39405 0.425435 0.4424
3.08252e+06 0.134487 0.272357 0.394761 0.426138 0.4431
3.08128e+06 0.13472 0.272825 0.395471 0.426841 0.4438
3.08004e+06 0.134952 0.273293 0.396181 0.427544 0.4445
3.07877e+06 0.135184 0.273761 0.396892 0.428248 0.4452
3.07748e+06 0.135417 0.274229 0.397602 0.428951 0.4459
3.0762e+06 0.135649 0.274697 0.398313 0.429654 0.4466
3.07491e+06 0.135881 0.275165 0.399023 0.430357 0.4473
3.07362e+06 0.136113 0.275633 0.399734 0.43106 0.448
3.07234e+06 0.136346 0.276102 0.400444 0.431763 0.4487
3.07105e+06 0.136578 0.27657 0.401155 0.432467 0.4494
3.06976e+06 0.136811 0.277038 0.401865 0.43317 0.4501
3.06847e+06 0.137043 0.277506 0.402575 0.433873 0.4508
3.06718e+06 0.137276 0.277975 0.403286 0.434576 0.4515
3.06589e+06 0.137509 0.278443 0.403996 0.435279 0.4522
3.0646e+06 0.137741 0.278912 0.404706 0.435982 0.4529
3.0633e+06 0.137974 0.27938 0.405416 0.436685 0.4536
3.06201e+06 0.138207 0.279849 0.406126 0.437389 0.4543
3.06072e+06 0.13844 0.280318 0.406836 0.438092 0.455
3.05942e+06 0.138673 0.280787 0.407546 0.438795 0.4557
3.05812e+06 0.138907 0.281255 0.408256 0.439498 0.4564
3.05682e+06 0.13914 0.281725 0.408966 0.440201 0.4571
3.05551e+06 0.139373 0.282194 0.409676 0.440904 0.4578
3.0542e+06 0.139607 0.282663 0.410386 0.441607 0.4585
3.05288e+06 0.139841 0.283133 0.411096 0.44231 0.4592
3.05156e+06 0.140075 0.283602 0.411806 0.443013 0.4599
3.05022e+06 0.140309 0.284072 0.412516 0.443717 0.4606
3.04888e+06 0.140544 0.284542 0.413226 0.44442 0.4613
3.04752e+06 0.140779 0.285013 0.413937 0.445123 0.462
3.04615e+06 0.141014 0.285483 0.414647 0.445826 0.4627
3.04475e+06 0.14125 0.285955 0.415357 0.446529 0.4634
3.04333e+06 0.141486 0.286426 0.416068 0.447233 0.4641
3.04187e+06 0.141722 0.286898 0.416779 0.447936 0.4648
3.04038e+06 0.14196 0.287371 0.41749 0.44864 0.4655
3.03881e+06 0.142198 0.287845 0.418201 0.449344 0.4662
3.03726e+06 0.142437 0.28832 0.418913 0.450048 0.4669
3.03564e+06 0.142677 0.288795 0.419625 0.450752 0.4676
3.03397e+06 0.142918 0.289271 0.420337 0.451456 0.4683
3.03227e+06 0.143159 0.289748 0.421049 0.45216 0.469
3.03052e+06 0.143401 0.290225 0.421762 0.452864 0.4697
2.9735e+06 0.144494 0.291548 0.422897 0.453743 0.4704
2.9767e+06 0.144754 0.292028 0.423534 0.454422 0.4711
2.97624e+06 0.144991 0.292499 0.424236 0.455122 0.4718
2.92309e+06 0.146022 0.293759 0.42533 0.455983 0.4725
2.92628e+06 0.146262 0.294222 0.42597 0.456663 0.4732
2.92653e+06 0.14649 0.294683 0.426667 0.457361 0.4739
2.92595e+06 0.146711 0.295141 0.427372 0.458061 0.4746
2.92535e+06 0.146934 0.295599 0.428076 0.458762 0.4753
2.92473e+06 0.147157 0.296057 0.428781 0.459463 0.476
2.92409e+06 0.14738 0.296516 0.429486 0.460164 0.4767
2.92343e+06 0.147603 0.296975 0.430191 0.460865 0.4774
2.88526e+06 0.148427 0.298029 0.431166 0.461681 0.4781
2.8866e+06 0.148663 0.298495 0.431845 0.462372 0.4788
2.88592e+06 0.148887 0.298954 0.43255 0.463074 0.4795
2.88524e+06 0.149111 0.299414 0.433255 0.463775 0.4802
2.84737e+06 0.149927 0.300458 0.434222 0.464585 0.4809
2.84877e+06 0.150163 0.300923 0.434897 0.465276 0.4816
2.84699e+06 0.150409 0.301403 0.435608 0.46598 0.4823
2.84635e+06 0.150633 0.301862 0.436313 0.466681 0.483
2.8466e+06 0.150841 0.302307 0.437011 0.467379 0.4837
2.84738e+06 0.151041 0.302742 0.437706 0.468076 0.4844
2.84812e+06 0.151241 0.303178 0.438401 0.468773 0.4851
2.84889e+06 0.15144 0.303614 0.439096 0.46947 0.4858
2.84965e+06 0.15164 0.304049 0.43979 0.470166 0.4865
2.85042e+06 0.15184 0.304485 0.440485 0.470863 0.4872
2.85119e+06 0.15204 0.304921 0.441179 0.47156 0.4879
2.85196e+06 0.15224 0.305357 0.441874 0.472256 0.4886
2.85274e+06 0.152439 0.305793 0.442568 0.472953 0.4893
2.85351e+06 0.152639 0.306228 0.443263 0.47365 0.49
2.85428e+06 0.152839 0.306664 0.443957 0.474346 0.4907
2.85505e+06 0.153039 0.3071 0.444652 0.475043 0.4914
2.8558e+06 0.15324 0.307537 0.445346 0.47574 0.4921
2.85707e+06 0.153431 0.307964 0.446037 0.476435 0.4928
2.85875e+06 0.153616 0.308385 0.446726 0.477129 0.4935
2.86025e+06 0.153803 0.308809 0.447416 0.477824 0.4942
2.86154e+06 0.153994 0.309236 0.448107 0.478519 0.4949
2.86263e+06 0.154189 0.309667 0.448799 0.479215 0.4956
2.86363e+06 0.154385 0.310099 0.449493 0.479911 0.4963
2.86458e+06 0.154582 0.310532 0.450187 0.480608 0.497
2.86553e+06 0.154779 0.310965 0.45088 0.481304 0.4977
2.86648e+06 0.154976 0.311399 0.451574 0.482 0.4984
2.86742e+06 0.155173 0.311832 0.452268 0.482697 0.4991
2.86835e+06 0.155371 0.312265 0.452962 0.483393 0.4998
2.86925e+06 0.155569 0.312699 0.453656 0.48409 0.5005
2.87008e+06 0.155768 0.313135 0.454351 0.484786 0.5012
2.87075e+06 0.15597 0.313573 0.455046 0.485483 0.5019
2.87114e+06 0.156177 0.314016 0.455743 0.486181 0.5026
2.87122e+06 0.156389 0.314464 0.456443 0.48688 0.5033
2.87115e+06 0.156604 0.314914 0.457143 0.487579 0.504
2.87104e+06 0.15682 0.315366 0.457844 0.488279 0.5047
2.87091e+06 0.157036 0.315818 0.458545 0.488978 0.5054
2.87079e+06 0.157252 0.31627 0.459245 0.489678 0.5061
2.87066e+06 0.157468 0.316721 0.459946 0.490377 0.5068
2.87053e+06 0.157685 0.317173 0.460647 0.491076 0.5075
2.8704e+06 0.157901 0.317625 0.461347 0.491776 0.5082
2.87028e+06 0.158118 0.318077 0.462048 0.492475 0.5089
2.87014e+06 0.158334 0.318529 0.462749 0.493175 0.5096
2.87002e+06 0.158551 0.318981 0.463449 0.493874 0.5103
2.8699e+06 0.158767 0.319434 0.46415 0.494573 0.511
2.86977e+06 0.158984 0.319886 0.46485 0.495273 0.5117
2.86964e+06 0.1592 0.320338 0.46555 0.495972 0.5124
2.86951e+06 0.159417 0.32079 0.466251 0.496671 0.5131
2.86938e+06 0.159634 0.321243 0.466951 0.497371 0.5138
2.86924e+06 0.159851 0.321695 0.467652 0.49807 0.5145
2.86911e+06 0.160068 0.322148 0.468352 0.498769 0.5152
2.86899e+06 0.160285 0.3226 0.469052 0.499468 0.5159
2.86884e+06 0.160502 0.323053 0.469753 0.500168 0.5166
2.86871e+06 0.160719 0.323505 0.470453 0.500867 0.5173
2.86855e+06 0.160936 0.323958 0.471153 0.501566 0.518
2.86842e+06 0.161153 0.324411 0.471853 0.502266 0.5187
2.86827e+06 0.161371 0.324864 0.472554 0.502965 0.5194
2.86811e+06 0.161589 0.325317 0.473254 0.503664 0.5201
2.86794e+06 0.161807 0.32577 0.473954 0.504364 0.5208
2.86777e+06 0.162025 0.326224 0.474655 0.505063 0.5215
2.86759e+06 0.162243 0.326678 0.475355 0.505762 0.5222
2.86741e+06 0.162461 0.327131 0.476055 0.506462 0.5229
2.86722e+06 0.16268 0.327585 0.476756 0.507161 0.5236
2.86702e+06 0.162899 0.32804 0.477456 0.507861 0.5243
2.86681e+06 0.163118 0.328494 0.478157 0.50856 0.525
2.86659e+06 0.163337 0.328949 0.478857 0.509259 0.5257
2.86636e+06 0.163557 0.329403 0.479558 0.509959 0.5264
2.86612e+06 0.163776 0.329858 0.480258 0.510658 0.5271
2.86587e+06 0.163996 0.330314 0.480959 0.511358 0.5278
2.86561e+06 0.164217 0.330769 0.481659 0.512057 0.5285
2.86533e+06 0.164437 0.331225 0.48236 0.512757 0.5292
2.86504e+06 0.164658 0.331681 0.483061 0.513457 0.5299
2.86473e+06 0.164879 0.332137 0.483762 0.514156 0.5306
2.8644e+06 0.1651 0.332594 0.484463 0.514856 0.5313
2.86406e+06 0.165322 0.333051 0.485164 0.515556 0.532
2.86371e+06 0.165544 0.333508 0.485865 0.516256 0.5327
2.86334e+06 0.165767 0.333966 0.486566 0.516955 0.5334
2.86296e+06 0.165989 0.334424 0.487267 0.517655 0.5341
2.86256e+06 0.166212 0.334882 0.487969 0.518355 0.5348
2.86214e+06 0.166436 0.33534 0.48867 0.519055 0.5355
2.86171e+06 0.166659 0.335799 0.489372 0.519755 0.5362
2.86126e+06 0.166883 0.336258 0.490073 0.520455 0.5369
2.86079e+06 0.167107 0.336718 0.490775 0.521155 0.5376
2.86031e+06 0.167332 0.337177 0.491477 0.521855 0.5383
2.85981e+06 0.167557 0.337637 0.492179 0.522555 0.539
2.85929e+06 0.167782 0.338098 0.492881 0.523255 0.5397
2.85876e+06 0.168008 0.338558 0.493583 0.523956 0.5404
2.85821e+06 0.168234 0.339019 0.494285 0.524656 0.5411
2.85541e+06 0.168502 0.339519 0.495001 0.525362 0.5418
2.85484e+06 0.168728 0.339981 0.495703 0.526062 0.5425
2.85426e+06 0.168955 0.340442 0.496405 0.526762 0.5432
2.85366e+06 0.169181 0.340904 0.497108 0.527463 0.5439
2.85306e+06 0.169408 0.341366 0.49781 0.528163 0.5446
2.85244e+06 0.169636 0.341828 0.498512 0.528864 0.5453
2.84052e+06 0.169953 0.342429 0.499294 0.529598 0.546
2.84024e+06 0.170178 0.342887 0.499994 0.530297 0.5467
2.83989e+06 0.170404 0.343346 0.500695 0.530997 0.5474
2.83951e+06 0.170629 0.343805 0.501395 0.531696 0.5481
2.83912e+06 0.170855 0.344265 0.502096 0.532396 0.5488
2.83872e+06 0.171081 0.344725 0.502797 0.533096 0.5495
2.83829e+06 0.171308 0.345185 0.503498 0.533796 0.5502
2.8378e+06 0.171535 0.345647 0.504199 0.534496 0.5509
2.83721e+06 0.171763 0.346109 0.504901 0.535196 0.5516
2.8254e+06 0.172082 0.34671 0.505683 0.53593 0.5523
2.81422e+06 0.172409 0.34731 0.506458 0.536662 0.553
2.81423e+06 0.172632 0.347765 0.507156 0.53736 0.5537
2.81409e+06 0.172856 0.348222 0.507855 0.538059 0.5544
2.81395e+06 0.173081 0.348679 0.508554 0.538758 0.5551
2.81378e+06 0.173305 0.349137 0.509253 0.539457 0.5558
2.81352e+06 0.173531 0.349596 0.509952 0.540156 0.5565
2.81316e+06 0.173758 0.350056 0.510653 0.540856 0.5572
2.80266e+06 0.174078 0.350647 0.511423 0.541586 0.5579
2.80242e+06 0.174304 0.351106 0.512123 0.542285 0.5586
2.80203e+06 0.174531 0.351566 0.512823 0.542984 0.5593
2.80158e+06 0.174759 0.352028 0.513524 0.543684 0.56
2.80114e+06 0.174987 0.352489 0.514225 0.544384 0.5607
2.78999e+06 0.175311 0.353088 0.515001 0.545116 0.5614
2.78982e+06 0.175537 0.353546 0.515699 0.545815 0.5621
2.78948e+06 0.175764 0.354007 0.516399 0.546514 0.5628
2.78904e+06 0.175992 0.354468 0.5171 0.547214 0.5635
2.78859e+06 0.176221 0.35493 0.517801 0.547914 0.5642
2.78814e+06 0.176449 0.355392 0.518501 0.548613 0.5649
2.77613e+06 0.176608 0.355823 0.519285 0.549349 0.5656
2.77602e+06 0.176841 0.356288 0.519983 0.550047 0.5663
2.77568e+06 0.177073 0.356754 0.520683 0.550747 0.567
2.77533e+06 0.177305 0.357219 0.521383 0.551446 0.5677
2.77496e+06 0.177537 0.357685 0.522083 0.552146 0.5684
2.76402e+06 0.177864 0.358286 0.522857 0.552877 0.5691
2.76402e+06 0.178093 0.358747 0.523555 0.553575 0.5698
2.76379e+06 0.178322 0.359209 0.524254 0.554274 0.5705
2.76344e+06 0.178551 0.359671 0.524953 0.554974 0.5712
2.76307e+06 0.178781 0.360134 0.525653 0.555673 0.5719
2.76268e+06 0.17901 0.360596 0.526353 0.556373 0.5726
2.76224e+06 0.179239 0.361059 0.527053 0.557072 0.5733
2.76169e+06 0.179469 0.361523 0.527754 0.557772 0.574
2.76111e+06 0.1797 0.361987 0.528456 0.558472 0.5747
2.73835e+06 0.17978 0.362367 0.529319 0.559242 0.5754
2.73832e+06 0.180016 0.362835 0.530016 0.55994 0.5761
2.73833e+06 0.180249 0.363301 0.530713 0.560638 0.5768
2.73824e+06 0.180484 0.363768 0.531411 0.561337 0.5775
2.73815e+06 0.180718 0.364236 0.532108 0.562035 0.5782
2.73803e+06 0.180952 0.364703 0.532806 0.562734 0.5789
2.73781e+06 0.181186 0.365169 0.533505 0.563433 0.5796
2.73739e+06 0.181419 0.365635 0.534205 0.564132 0.5803
2.72667e+06 0.18158 0.366057 0.534978 0.564863 0.581
2.72653e+06 0.181814 0.366524 0.535676 0.565562 0.5817
2.72621e+06 0.182047 0.366991 0.536375 0.566261 0.5824
2.72586e+06 0.18228 0.367457 0.537074 0.56696 0.5831
2.71494e+06 0.182442 0.367882 0.537851 0.567692 0.5838
2.70179e+06 0.182578 0.36828 0.538841 0.568467 0.5845
2.70163e+06 0.182811 0.368745 0.539535 0.569164 0.5852
2.70135e+06 0.183044 0.369211 0.540232 0.569863 0.5859
2.70105e+06 0.183277 0.369676 0.54093 0.570561 0.5866
2.70075e+06 0.183509 0.370142 0.541627 0.57126 0.5873
2.70038e+06 0.183742 0.370607 0.542324 0.571958 0.588
2.69991e+06 0.183973 0.371072 0.543023 0.572657 0.5887
2.69943e+06 0.184205 0.371537 0.543721 0.573356 0.5894
2.69893e+06 0.184437 0.372002 0.54442 0.574055 0.5901
2.68787e+06 0.184591 0.37242 0.545195 0.574787 0.5908
2.68577e+06 0.184859 0.372919 0.545905 0.575491 0.5915
2.68551e+06 0.185092 0.373385 0.546601 0.576189 0.5922
2.68521e+06 0.185325 0.37385 0.547299 0.576887 0.5929
2.6849e+06 0.185557 0.374316 0.547996 0.577586 0.5936
2.68459e+06 0.18579 0.374781 0.548693 0.578284 0.5943
2.68423e+06 0.186022 0.375246 0.549391 0.578983 0.595
2.68379e+06 0.186254 0.375711 0.550089 0.579681 0.5957
2.68331e+06 0.186485 0.376176 0.550787 0.58038 0.5964
2.68281e+06 0.186716 0.376641 0.551486 0.581079 0.5971
2.6823e+06 0.186948 0.377105 0.552185 0.581778 0.5978
2.68177e+06 0.187179 0.37757 0.552883 0.582477 0.5985
2.68025e+06 0.187428 0.378052 0.553589 0.583179 0.5992
2.67973e+06 0.187659 0.378516 0.554288 0.583878 0.5999
2.67919e+06 0.18789 0.378981 0.554987 0.584577 0.6006
2.67864e+06 0.188121 0.379445 0.555686 0.585276 0.6013
2.67809e+06 0.188352 0.379909 0.556384 0.585975 0.602
2.67754e+06 0.188583 0.380373 0.557083 0.586674 0.6027
2.67698e+06 0.188813 0.380837 0.557782 0.587373 0.6034
2.67642e+06 0.189044 0.381301 0.558481 0.588072 0.6041
2.67586e+06 0.189275 0.381765 0.55918 0.588771 0.6048
2.67529e+06 0.189505 0.382229 0.559879 0.58947 0.6055
2.67471e+06 0.189736 0.382693 0.560578 0.590169 0.6062
2.67413e+06 0.189966 0.383157 0.561276 0.590868 0.6069
2.67355e+06 0.190196 0.38362 0.561975 0.591567 0.6076
2.67295e+06 0.190426 0.384083 0.562674 0.592265 0.6083
2.67233e+06 0.190656 0.384547 0.563373 0.592964 0.609
2.67171e+06 0.190886 0.38501 0.564072 0.593663 0.6097
2.66904e+06 0.191153 0.385508 0.564784 0.594367 0.6104
2.6684e+06 0.191383 0.38597 0.565483 0.595066 0.6111
2.66774e+06 0.191612 0.386432 0.566182 0.595764 0.6118
2.66704e+06 0.191841 0.386894 0.566881 0.596463 0.6125
2.66632e+06 0.192069 0.387355 0.567581 0.597161 0.6132
2.66555e+06 0.192297 0.387816 0.568281 0.597859 0.6139
2.66472e+06 0.192524 0.388276 0.568982 0.598558 0.6146
2.66389e+06 0.192752 0.388736 0.569683 0.599257 0.6153
2.66299e+06 0.192979 0.389196 0.570385 0.599956 0.616
2.66206e+06 0.193205 0.389655 0.571088 0.600655 0.6167
2.6611e+06 0.193432 0.390114 0.571792 0.601354 0.6174
2.60755e+06 0.193371 0.390345 0.573448 0.602277 0.6181
2.61194e+06 0.193516 0.390724 0.574103 0.602957 0.6188
2.61295e+06 0.19372 0.39116 0.574782 0.603648 0.6195
2.61248e+06 0.193951 0.391622 0.575471 0.604343 0.6202
2.61205e+06 0.194181 0.392083 0.57616 0.605038 0.6209
2.58755e+06 0.194227 0.392391 0.577316 0.605839 0.6216
2.58492e+06 0.194419 0.39282 0.578057 0.606547 0.6223
2.58552e+06 0.194657 0.393288 0.578726 0.607237 0.623
2.5861e+06 0.194896 0.393756 0.579396 0.607928 0.6237
2.58572e+06 0.195128 0.394222 0.580089 0.608626 0.6244
2.58631e+06 0.195367 0.39469 0.580759 0.609316 0.6251
2.5869e+06 0.195605 0.395158 0.581429 0.610007 0.6258
2.58749e+06 0.195844 0.395626 0.582098 0.610698 0.6265
2.58807e+06 0.196082 0.396094 0.582768 0.611388 0.6272
2.58866e+06 0.196321 0.396562 0.583438 0.612079 0.6279
2.58925e+06 0.196559 0.39703 0.584107 0.612769 0.6286
2.58984e+06 0.196797 0.397499 0.584777 0.61346 0.6293
2.59043e+06 0.197036 0.397967 0.585447 0.61415 0.63
2.59102e+06 0.197274 0.398435 0.586116 0.614841 0.6307
2.5916e+06 0.197513 0.398903 0.586786 0.615532 0.6314
2.59217e+06 0.197751 0.399371 0.587457 0.616222 0.6321
2.59268e+06 0.197989 0.399839 0.588128 0.616914 0.6328
2.59306e+06 0.198226 0.400306 0.588803 0.617606 0.6335
2.59319e+06 0.198461 0.400772 0.589485 0.6183 0.6342
2.59316e+06 0.198695 0.401238 0.59017 0.618995 0.6349
2.5931e+06 0.198929 0.401704 0.590856 0.61969 0.6356
2.59304e+06 0.199163 0.40217 0.591543 0.620386 0.6363
2.59298e+06 0.199397 0.402636 0.592229 0.621081 0.637
2.59291e+06 0.199632 0.403102 0.592915 0.621776 0.6377
2.59285e+06 0.199866 0.403568 0.593602 0.622472 0.6384
2.59278e+06 0.2001 0.404034 0.594288 0.623167 0.6391
2.59271e+06 0.200334 0.4045 0.594975 0.623863 0.6398
2.59265e+06 0.200567 0.404965 0.595661 0.624558 0.6405
2.59258e+06 0.200801 0.405431 0.596348 0.625254 0.6412
2.59251e+06 0.201035 0.405897 0.597034 0.625949 0.6419
2.59245e+06 0.201269 0.406363 0.597721 0.626645 0.6426
2.59239e+06 0.201503 0.406829 0.598407 0.62734 0.6433
2.59233e+06 0.201737 0.407295 0.599094 0.628035 0.644
2.59226e+06 0.201971 0.40776 0.59978 0.628731 0.6447
2.59219e+06 0.202205 0.408226 0.600467 0.629426 0.6454
2.59213e+06 0.202439 0.408692 0.601153 0.630122 0.6461
2.59093e+06 0.202666 0.409154 0.601868 0.630825 0.6468
2.59088e+06 0.2029 0.40962 0.602554 0.631521 0.6475
2.59082e+06 0.203134 0.410086 0.60324 0.632216 0.6482
2.59076e+06 0.203367 0.410551 0.603927 0.632911 0.6489
2.5907e+06 0.203601 0.411017 0.604613 0.633607 0.6496
2.59065e+06 0.203835 0.411483 0.605299 0.634302 0.6503
2.59058e+06 0.204069 0.411949 0.605986 0.634998 0.651
2.59052e+06 0.204303 0.412414 0.606672 0.635693 0.6517
2.59045e+06 0.204537 0.41288 0.607359 0.636388 0.6524
2.59039e+06 0.204771 0.413346 0.608046 0.637084 0.6531
2.59032e+06 0.205005 0.413812 0.608732 0.637779 0.6538
2.59025e+06 0.205239 0.414277 0.609419 0.638475 0.6545
2.59019e+06 0.205472 0.414743 0.610106 0.63917 0.6552
2.59012e+06 0.205706 0.415209 0.610792 0.639866 0.6559
2.59005e+06 0.20594 0.415674 0.611479 0.640561 0.6566
2.58997e+06 0.206174 0.41614 0.612166 0.641257 0.6573
2.5899e+06 0.206407 0.416606 0.612853 0.641952 0.658
2.58982e+06 0.206641 0.417071 0.61354 0.642648 0.6587
2.58974e+06 0.206875 0.417537 0.614227 0.643344 0.6594
2.58966e+06 0.207109 0.418003 0.614914 0.644039 0.6601
2.58958e+06 0.207342 0.418468 0.615601 0.644735 0.6608
2.58949e+06 0.207576 0.418934 0.616288 0.645431 0.6615
2.5894e+06 0.20781 0.419399 0.616976 0.646126 0.6622
2.5893e+06 0.208043 0.419865 0.617663 0.646822 0.6629
2.5892e+06 0.208277 0.420331 0.618351 0.647518 0.6636
2.5891e+06 0.20851 0.420796 0.619039 0.648214 0.6643
2.58899e+06 0.208744 0.421262 0.619727 0.648909 0.665
2.58887e+06 0.208977 0.421727 0.620415 0.649605 0.6657
2.58875e+06 0.209211 0.422193 0.621103 0.650301 0.6664
2.58863e+06 0.209444 0.422658 0.621791 0.650997 0.6671
2.5885e+06 0.209677 0.423123 0.62248 0.651693 0.6678
2.58836e+06 0.20991 0.423589 0.623168 0.652389 0.6685
2.58821e+06 0.210144 0.424054 0.623857 0.653085 0.6692
2.58805e+06 0.210377 0.42452 0.624547 0.653782 0.6699
2.58788e+06 0.21061 0.424985 0.625236 0.654478 0.6706
2.5877e+06 0.210843 0.42545 0.625926 0.655174 0.6713
2.58752e+06 0.211076 0.425915 0.626616 0.655871 0.672
2.58733e+06 0.211309 0.426381 0.627306 0.656567 0.6727
2.58713e+06 0.211541 0.426846 0.627996 0.657264 0.6734
2.58692e+06 0.211774 0.427311 0.628687 0.657961 0.6741
2.58671e+06 0.212007 0.427776 0.629378 0.658657 0.6748
2.58648e+06 0.21224 0.428241 0.630069 0.659354 0.6755
2.58625e+06 0.212472 0.428706 0.63076 0.660051 0.6762
2.58601e+06 0.212705 0.429171 0.631452 0.660748 0.6769
2.58576e+06 0.212937 0.429637 0.632143 0.661445 0.6776
2.5855e+06 0.21317 0.430102 0.632835 0.662142 0.6783
2.57504e+06 0.213485 0.430692 0.6336 0.66287 0.679
2.57512e+06 0.213715 0.431152 0.63429 0.663566 0.6797
2.57517e+06 0.213944 0.431613 0.63498 0.664262 0.6804
2.57293e+06 0.21416 0.432069 0.635725 0.664975 0.6811
2.56936e+06 0.21445 0.432589 0.636441 0.665682 0.6818
2.5693e+06 0.21468 0.433051 0.637133 0.666379 0.6825
2.56924e+06 0.21491 0.433513 0.637824 0.667076 0.6832
2.5669e+06 0.215126 0.433969 0.63857 0.66779 0.6839
2.56675e+06 0.215357 0.434432 0.639262 0.668486 0.6846
2.56654e+06 0.215588 0.434895 0.639955 0.669184 0.6853
2.55627e+06 0.215913 0.435489 0.640719 0.669911 0.686
2.55638e+06 0.216141 0.435949 0.641409 0.670607 0.6867
2.54658e+06 0.216453 0.436533 0.642173 0.671334 0.6874
2.54694e+06 0.216679 0.436989 0.642861 0.67203 0.6881
2.54721e+06 0.216905 0.437446 0.643551 0.672726 0.6888
2.5457e+06 0.217165 0.437934 0.644254 0.673427 0.6895
2.54585e+06 0.217392 0.438393 0.644944 0.674123 0.6902
2.54594e+06 0.21762 0.438852 0.645635 0.67482 0.6909
2.54597e+06 0.217848 0.439312 0.646327 0.675516 0.6916
2.54596e+06 0.218077 0.439773 0.647019 0.676213 0.6923
2.54588e+06 0.218306 0.440234 0.647711 0.67691 0.693
2.53819e+06 0.218606 0.440794 0.648457 0.677629 0.6937
2.53827e+06 0.218834 0.441253 0.649148 0.678326 0.6944
2.53831e+06 0.219062 0.441713 0.64984 0.679022 0.6951
2.53833e+06 0.21929 0.442172 0.650532 0.679719 0.6958
2.53831e+06 0.219519 0.442633 0.651225 0.680416 0.6965
2.52809e+06 0.219686 0.443066 0.651988 0.681144 0.6972
2.52824e+06 0.219918 0.443529 0.65268 0.68184 0.6979
2.52031e+06 0.220223 0.444096 0.653428 0.682561 0.6986
2.52057e+06 0.220454 0.444558 0.654119 0.683257 0.6993
2.52075e+06 0.220684 0.445019 0.65481 0.683953 0.7
