43776.3 -3.59668e-05 -2.34364e-05 -4.59385e-17 3.41775e-20 -500263 -8744.63 -1.748e-08 3.06716e-10
87551.9 -3.55376e-05 -4.68741e-05 -4.75894e-17 5.17371e-20 -494277 -17489.1 -1.81032e-08 4.643e-10
131326 -3.51087e-05 -7.03131e-05 -4.72517e-17 5.10141e-20 -488290 -26233.4 -1.79829e-08 4.57811e-10
175100 -3.46801e-05 -9.37536e-05 -4.68383e-17 5.5191e-20 -482304 -34977.4 -1.78094e-08 4.95296e-10
218871 -3.42517e-05 -0.000117196 -4.77128e-17 5.7233e-20 -476318 -43721.1 -1.81498e-08 5.13621e-10
262641 -3.38234e-05 -0.000140642 -4.73705e-17 6.83465e-20 -470332 -52464.5 -1.80306e-08 6.13356e-10
306407 -3.33951e-05 -0.000164092 -4.74558e-17 7.22258e-20 -464347 -61207.1 -1.80622e-08 6.4817e-10
350171 -3.29678e-05 -0.000187537 -4.72933e-17 7.66936e-20 -458362 -69949.1 -1.79772e-08 6.88265e-10
393932 -3.25402e-05 -0.000210991 -4.72381e-17 7.95395e-20 -452377 -78691.2 -1.79776e-08 7.13805e-10
437689 -3.21138e-05 -0.00023444 -4.72781e-17 8.21335e-20 -446393 -87431.9 -1.79912e-08 7.37083e-10
481443 -3.16872e-05 -0.000257897 -4.72594e-17 8.46448e-20 -440409 -96173.3 -1.7977e-08 7.59621e-10
525193 -3.12618e-05 -0.000281352 -4.72477e-17 8.75493e-20 -434425 -104913 -1.79617e-08 7.85686e-10
568621 -3.0841e-05 -0.000304702 -4.06113e-17 7.27224e-20 -428501 -113613 -1.54378e-08 6.52627e-10
611846 -3.04225e-05 -0.000327973 -4.63224e-17 8.01393e-20 -422601 -122282 -1.76037e-08 7.19187e-10
654468 -3.00127e-05 -0.000351046 -3.50884e-17 5.67015e-20 -416815 -130875 -1.33318e-08 5.08852e-10
696553 -2.96089e-05 -0.000374106 -4.38334e-17 7.59721e-20 -411104 -139461 -1.6649e-08 6.8179e-10
738473 -2.9207e-05 -0.000397113 -4.47159e-17 6.93051e-20 -405422 -148026 -1.69791e-08 6.21959e-10
779846 -2.88137e-05 -0.000419978 -3.99119e-17 4.19747e-20 -399843 -156536 -1.51515e-08 3.7669e-10
820775 -2.84254e-05 -0.000442847 -4.5709e-17 4.57586e-20 -394323 -165045 -1.73523e-08 4.10647e-10
860877 -2.80484e-05 -0.000465414 -3.26751e-17 3.74367e-20 -388955 -173441 -1.24076e-08 3.35965e-10
900069 -2.76801e-05 -0.000487663 -4.3583e-17 7.25569e-20 -383698 -181716 -1.65537e-08 6.51141e-10
938706 -2.70063e-05 -0.000512743 -3.86107e-17 7.05668e-20 -378545 -189841 -1.39287e-08 6.33281e-10
976134 -2.63084e-05 -0.00053779 -3.0613e-17 5.60155e-20 -373589 -197803 -1.10349e-08 5.02695e-10
1.01257e+06 -2.56271e-05 -0.000562539 -3.63008e-17 6.01269e-20 -368791 -205669 -1.30995e-08 5.39591e-10
1.04835e+06 -2.49499e-05 -0.000587588 -3.57342e-17 5.75771e-20 -364090 -213628 -1.21941e-08 5.16709e-10
1.08339e+06 -2.39197e-05 -0.000614097 -2.95744e-17 6.01873e-20 -359486 -220977 -1.00845e-08 5.40133e-10
1.11774e+06 -2.2903e-05 -0.000640379 -2.71612e-17 6.16284e-20 -354967 -228262 -9.26321e-09 5.53066e-10
1.15146e+06 -2.18966e-05 -0.000666653 -2.95463e-17 2.936e-20 -350562 -235545 -1.00845e-08 2.63483e-10
1.1845e+06 -2.09032e-05 -0.000692736 -2.63813e-17 2.30673e-20 -346248 -242774 -8.99036e-09 2.07011e-10
1.21715e+06 -1.9756e-05 -0.000720217 -3.23966e-17 4.72613e-20 -341974 -250007 -1.06775e-08 4.24133e-10
1.24925e+06 -1.79286e-05 -0.000751672 -2.59683e-17 3.22488e-20 -337776 -256717 -8.05494e-09 2.89407e-10
1.28059e+06 -1.60607e-05 -0.00078304 -2.31938e-17 5.72281e-20 -333672 -263271 -7.1932e-09 5.13577e-10
1.31127e+06 -1.41984e-05 -0.000814481 -3.02937e-17 5.19167e-20 -329657 -269841 -9.38826e-09 4.65912e-10
1.34157e+06 -1.23478e-05 -0.000845836 -2.9552e-17 3.15318e-20 -325710 -276394 -9.14679e-09 2.82973e-10
1.37147e+06 -1.0192e-05 -0.000879421 -3.15289e-17 4.80587e-20 -321804 -282908 -9.42191e-09 4.31289e-10
1.40112e+06 -7.71789e-06 -0.000915295 -3.44477e-17 5.72642e-20 -317924 -289374 -1.02827e-08 5.13901e-10
1.43022e+06 -4.73753e-06 -0.000952682 -2.75132e-17 4.09727e-20 -314111 -295277 -7.68978e-09 3.67698e-10
1.45886e+06 -1.91135e-06 -0.000987483 -3.0395e-17 6.3403e-20 -310352 -300688 -8.48195e-09 5.68992e-10
1.48694e+06 9.31334e-07 -0.00102263 -3.00589e-17 2.81456e-20 -306653 -306156 -8.38372e-09 2.52585e-10
1.51455e+06 3.80423e-06 -0.0010583 -3.01496e-17 8.45227e-20 -303009 -311711 -8.39282e-09 7.58525e-10
1.54186e+06 7.11299e-06 -0.00109664 -3.4486e-17 1.11649e-19 -299395 -317195 -9.23501e-09 1.00196e-09
1.56885e+06 1.07894e-05 -0.00113726 -3.38634e-17 8.96353e-20 -295822 -322631 -9.07585e-09 8.04406e-10
1.59561e+06 1.44023e-05 -0.00117717 -3.80271e-17 1.04222e-19 -292272 -327963 -1.01718e-08 9.35309e-10
1.62209e+06 1.80225e-05 -0.00121562 -3.66158e-17 1.09062e-19 -288751 -332892 -9.06402e-09 9.78747e-10
1.64814e+06 2.22569e-05 -0.00125723 -3.52876e-17 1.07896e-19 -285287 -337720 -8.75297e-09 9.68285e-10
1.67363e+06 2.62564e-05 -0.00129638 -3.1234e-17 1.8453e-19 -281870 -342245 -7.72706e-09 1.65601e-09
1.69884e+06 3.02252e-05 -0.00133526 -4.36119e-17 2.30714e-19 -278485 -346736 -1.08093e-08 2.07047e-09
1.72388e+06 3.4213e-05 -0.0013744 -4.77502e-17 1.83291e-19 -275123 -351259 -1.18207e-08 1.6449e-09
1.7487e+06 3.89299e-05 -0.00141766 -4.51468e-17 2.08961e-19 -271782 -355761 -1.06711e-08 1.87526e-09
1.77323e+06 4.3998e-05 -0.00146307 -5.22763e-17 1.40791e-19 -268465 -360289 -1.23637e-08 1.26349e-09
1.79758e+06 4.90585e-05 -0.00150846 -4.99341e-17 1.3635e-19 -265179 -364815 -1.1778e-08 1.22363e-09
1.82167e+06 5.38538e-05 -0.00155133 -5.28746e-17 1.87657e-19 -261914 -369070 -1.24837e-08 1.68407e-09
1.84555e+06 5.84829e-05 -0.00159263 -5.30984e-17 1.72524e-19 -258675 -373156 -1.25237e-08 1.54827e-09
1.86923e+06 6.30849e-05 -0.00163373 -5.30915e-17 1.70153e-19 -255464 -377221 -1.2491e-08 1.52699e-09
1.89271e+06 6.80623e-05 -0.00167648 -5.5842e-17 1.90212e-19 -252271 -381235 -1.2089e-08 1.707e-09
1.91572e+06 7.36631e-05 -0.00172233 -5.64327e-17 8.24404e-20 -249105 -385248 -1.21981e-08 7.39838e-10
1.93843e+06 7.89112e-05 -0.00176512 -5.76281e-17 6.28918e-20 -245972 -388970 -1.24455e-08 5.64404e-10
1.96102e+06 8.41473e-05 -0.00180785 -5.69021e-17 6.75252e-20 -242859 -392686 -1.22873e-08 6.05985e-10
1.98349e+06 8.93604e-05 -0.00185042 -6.17953e-17 1.13662e-19 -239757 -396384 -1.33459e-08 1.02003e-09
2.00585e+06 9.49453e-05 -0.00189453 -6.38897e-17 9.96303e-20 -236676 -400015 -1.30749e-08 8.94103e-10
2.02804e+06 0.000101165 -0.00194151 -6.36318e-17 1.18861e-19 -233615 -403581 -1.30094e-08 1.06668e-09
2.04993e+06 0.000107503 -0.00198951 -6.3509e-17 1.25716e-19 -230577 -407232 -1.29785e-08 1.1282e-09
2.07154e+06 0.000113654 -0.00203604 -6.50741e-17 1.65809e-19 -227563 -410761 -1.32986e-08 1.488e-09
2.09294e+06 0.000119553 -0.00208058 -6.70476e-17 1.5497e-19 -224585 -414125 -1.36679e-08 1.39074e-09
2.11422e+06 0.00012543 -0.00212498 -6.73944e-17 1.9783e-19 -221617 -417476 -1.37552e-08 1.77537e-09
2.13545e+06 0.000131305 -0.0021694 -7.01122e-17 1.77913e-19 -218656 -420826 -1.43154e-08 1.59663e-09
2.15662e+06 0.000137165 -0.00221373 -6.79082e-17 1.81866e-19 -215702 -424167 -1.38225e-08 1.63211e-09
2.17771e+06 0.000143038 -0.00225819 -6.9469e-17 1.7915e-19 -212755 -427518 -1.41317e-08 1.60773e-09
2.19859e+06 0.000148919 -0.00230275 -6.9102e-17 1.98102e-19 -209813 -430874 -1.40608e-08 1.77781e-09
2.2194e+06 0.000154747 -0.0023469 -7.17146e-17 1.90355e-19 -206875 -434194 -1.45919e-08 1.70828e-09
2.24008e+06 0.000160587 -0.00239119 -6.70006e-17 1.73473e-19 -203953 -437525 -1.36133e-08 1.55678e-09
2.26062e+06 0.000166168 -0.00243342 -6.70244e-17 2.05992e-19 -201048 -440684 -1.36224e-08 1.84862e-09
2.28109e+06 0.000172107 -0.00247642 -7.26085e-17 2.19271e-19 -198153 -443719 -1.3335e-08 1.96779e-09
2.30148e+06 0.000178418 -0.0025208 -7.54806e-17 2.26423e-19 -195271 -446727 -1.38789e-08 2.03197e-09
2.3218e+06 0.00018471 -0.00256507 -7.3134e-17 2.25053e-19 -192395 -449725 -1.34623e-08 2.01967e-09
2.342e+06 0.000191002 -0.00260938 -7.42674e-17 2.11596e-19 -189531 -452724 -1.36169e-08 1.89891e-09
2.36208e+06 0.000197266 -0.00265352 -7.52868e-17 2.23369e-19 -186682 -455711 -1.38207e-08 2.00456e-09
2.38206e+06 0.000203528 -0.00269758 -7.78995e-17 1.7167e-19 -183843 -458685 -1.43081e-08 1.5406e-09
2.4019e+06 0.000209936 -0.00274163 -8.00314e-17 1.82998e-19 -181018 -461550 -1.37515e-08 1.64227e-09
2.42155e+06 0.000216668 -0.00278585 -7.82585e-17 1.75201e-19 -178211 -464217 -1.34496e-08 1.57229e-09
2.44104e+06 0.000223472 -0.00283061 -8.18895e-17 1.60982e-19 -175411 -466921 -1.41008e-08 1.44469e-09
2.46045e+06 0.000230305 -0.0028756 -8.17122e-17 1.51265e-19 -172620 -469640 -1.40389e-08 1.35748e-09
2.47978e+06 0.00023712 -0.00292051 -8.36457e-17 1.25238e-19 -169841 -472353 -1.43809e-08 1.12391e-09
2.49903e+06 0.000243917 -0.00296532 -8.60996e-17 1.59e-19 -167082 -475061 -1.47774e-08 1.4269e-09
2.5182e+06 0.000250697 -0.00301005 -8.48379e-17 1.41585e-19 -164332 -477762 -1.45446e-08 1.27062e-09
2.53732e+06 0.000257463 -0.00305471 -8.50339e-17 1.70708e-19 -161588 -480457 -1.45592e-08 1.53197e-09
2.55635e+06 0.000264137 -0.00309874 -8.13565e-17 1.37799e-19 -158854 -483109 -1.39152e-08 1.23663e-09
2.57524e+06 0.000270869 -0.00314322 -8.07784e-17 1.3526e-19 -156131 -485791 -1.38207e-08 1.21385e-09
2.594e+06 0.00027762 -0.00318787 -8.13614e-17 1.30198e-19 -153418 -488484 -1.39334e-08 1.16842e-09
2.61269e+06 0.000284363 -0.0032325 -8.33109e-17 1.34744e-19 -150712 -491174 -1.42354e-08 1.20922e-09
2.63132e+06 0.000291083 -0.00327698 -8.10678e-17 1.42311e-19 -148013 -493854 -1.38279e-08 1.27713e-09
2.6499e+06 0.000297736 -0.00332103 -8.18786e-17 1.32312e-19 -145323 -496502 -1.39625e-08 1.1874e-09
2.66843e+06 0.000304385 -0.00336508 -8.21347e-17 1.34908e-19 -142639 -499150 -1.40207e-08 1.2107e-09
2.68691e+06 0.000311032 -0.00340913 -8.48433e-17 1.63448e-19 -139963 -501798 -1.44718e-08 1.46681e-09
2.70533e+06 0.000317694 -0.00345333 -8.16462e-17 1.29307e-19 -137297 -504454 -1.39152e-08 1.16043e-09
2.72364e+06 0.000324382 -0.00349776 -8.19728e-17 1.27775e-19 -134645 -507127 -1.39625e-08 1.14668e-09
2.74181e+06 0.000330814 -0.00354041 -7.4677e-17 1.54154e-19 -132012 -509677 -1.27038e-08 1.38341e-09
2.75989e+06 0.000337099 -0.00358203 -7.9309e-17 1.6131e-19 -129388 -512157 -1.34787e-08 1.44763e-09
2.77789e+06 0.000343342 -0.00362339 -8.01285e-17 1.53036e-19 -126773 -514619 -1.36169e-08 1.37338e-09
2.79585e+06 0.000349557 -0.00366458 -8.12802e-17 1.67233e-19 -124166 -517068 -1.38025e-08 1.50078e-09
2.81377e+06 0.000355762 -0.00370572 -8.28554e-17 1.62705e-19 -121564 -519513 -1.40571e-08 1.46015e-09
2.83166e+06 0.000361946 -0.00374674 -8.3673e-17 1.57055e-19 -118968 -521948 -1.41662e-08 1.40945e-09
2.8495e+06 0.00036814 -0.00378785 -8.29589e-17 1.68235e-19 -116376 -524388 -1.40535e-08 1.50978e-09
2.86727e+06 0.000374373 -0.00382927 -8.01764e-17 1.3259e-19 -113791 -526848 -1.35623e-08 1.18989e-09
2.88499e+06 0.000380628 -0.00387088 -8.4703e-17 1.60945e-19 -111212 -529320 -1.437e-08 1.44435e-09
2.90263e+06 0.000386555 -0.00391017 -7.70708e-17 1.97508e-19 -108646 -531635 -1.3013e-08 1.77248e-09
2.92019e+06 0.000392459 -0.00394933 -8.29343e-17 1.55589e-19 -106084 -533939 -1.40098e-08 1.39629e-09
2.9377e+06 0.000398327 -0.00398824 -7.92421e-17 1.87808e-19 -103531 -536226 -1.3395e-08 1.68543e-09
2.95514e+06 0.000404158 -0.00402692 -8.29141e-17 1.96654e-19 -100980 -538495 -1.40025e-08 1.76482e-09
2.97252e+06 0.000409918 -0.00406512 -8.20156e-17 1.88046e-19 -98436.8 -540731 -1.38643e-08 1.68756e-09
2.98984e+06 0.000415813 -0.00410368 -9.5665e-17 1.77534e-19 -95903.9 -542959 -1.43081e-08 1.59323e-09
3.00708e+06 0.000422205 -0.00414374 -9.25721e-17 1.33104e-19 -93379.3 -545179 -1.38097e-08 1.1945e-09
3.02423e+06 0.000428633 -0.00418407 -9.55926e-17 1.53204e-19 -90860.2 -547416 -1.42608e-08 1.37488e-09
3.04134e+06 0.000435057 -0.00422439 -9.79424e-17 1.64211e-19 -88346.9 -549652 -1.45992e-08 1.47367e-09
3.0584e+06 0.000441476 -0.00426471 -9.63666e-17 1.80825e-19 -85839.7 -551887 -1.43045e-08 1.62276e-09
3.07543e+06 0.000447888 -0.00430501 -9.70205e-17 1.40988e-19 -83338.5 -554119 -1.44464e-08 1.26526e-09
3.0924e+06 0.000454295 -0.0043453 -9.51526e-17 1.77695e-19 -80846.3 -556350 -1.41626e-08 1.59468e-09
3.10934e+06 0.000460711 -0.00438568 -9.59868e-17 1.73214e-19 -78363.3 -558586 -1.42754e-08 1.55446e-09
3.12622e+06 0.000467125 -0.00442607 -9.71232e-17 1.56527e-19 -75887.8 -560822 -1.44173e-08 1.4047e-09
3.14306e+06 0.000473512 -0.0044663 -9.84159e-17 1.80364e-19 -73419.5 -563046 -1.45955e-08 1.61863e-09
3.15981e+06 0.000480346 -0.00450755 -1.03239e-16 1.6956e-19 -70957.9 -565224 -1.41517e-08 1.52167e-09
3.17646e+06 0.000487413 -0.00454963 -1.06933e-16 2.24433e-19 -68503.9 -567413 -1.46974e-08 2.01411e-09
3.19303e+06 0.000494503 -0.00459189 -1.054e-16 1.97293e-19 -66057.3 -569611 -1.44464e-08 1.77055e-09
3.20955e+06 0.000501582 -0.0046341 -1.07312e-16 2.10629e-19 -63621 -571804 -1.46464e-08 1.89023e-09
3.22601e+06 0.000508655 -0.0046763 -1.06542e-16 2.01031e-19 -61190.1 -573994 -1.45737e-08 1.8041e-09
3.24242e+06 0.000515733 -0.00471854 -1.07946e-16 2.36664e-19 -58765.7 -576184 -1.47483e-08 2.12387e-09
3.25878e+06 0.000522798 -0.00476072 -1.07147e-16 2.20808e-19 -56349.6 -578366 -1.46464e-08 1.98157e-09
3.2751e+06 0.000529851 -0.00480283 -1.09041e-16 2.4115e-19 -53939.2 -580541 -1.48356e-08 2.16413e-09
3.29138e+06 0.000536895 -0.0048449 -1.07276e-16 2.24195e-19 -51533.9 -582708 -1.46173e-08 2.01197e-09
3.3076e+06 0.000543956 -0.00488708 -1.09004e-16 2.69005e-19 -49133.6 -584876 -1.48502e-08 2.41411e-09
3.32377e+06 0.000551049 -0.00492947 -1.0604e-16 2.24443e-19 -46739.8 -587051 -1.44136e-08 2.0142e-09
3.3399e+06 0.000558171 -0.00497206 -1.08645e-16 2.69625e-19 -44352 -589229 -1.47774e-08 2.41968e-09
3.35595e+06 0.000565357 -0.00501506 -1.06882e-16 2.60323e-19 -41974.9 -591425 -1.44791e-08 2.3362e-09
3.37194e+06 0.000572582 -0.00505831 -1.06971e-16 2.78813e-19 -39606.7 -593625 -1.44645e-08 2.50212e-09
3.38786e+06 0.000579842 -0.00510178 -1.05808e-16 2.75227e-19 -37246.4 -595826 -1.42972e-08 2.46995e-09
3.40371e+06 0.000587134 -0.00514544 -1.05838e-16 2.29284e-19 -34893.9 -598023 -1.43045e-08 2.05764e-09
3.4195e+06 0.000594467 -0.00518933 -1.05457e-16 2.43403e-19 -32548.1 -600219 -1.4239e-08 2.18435e-09
3.43524e+06 0.000601896 -0.00523381 -1.04126e-16 2.36965e-19 -30210.5 -602429 -1.40207e-08 2.12658e-09
3.45088e+06 0.00060935 -0.0052784 -1.02987e-16 2.41366e-19 -27884.4 -604625 -1.38606e-08 2.16607e-09
3.46647e+06 0.000616842 -0.00532319 -1.05177e-16 2.83061e-19 -25565.8 -606805 -1.41298e-08 2.54025e-09
3.48197e+06 0.000624446 -0.00536862 -1.04082e-16 2.69428e-19 -23255.3 -608993 -1.39843e-08 2.4179e-09
3.4974e+06 0.000632196 -0.0054149 -1.0346e-16 2.64635e-19 -20953.5 -611193 -1.38315e-08 2.37489e-09
3.51273e+06 0.00064012 -0.00546219 -1.033e-16 2.30986e-19 -18662.3 -613408 -1.37588e-08 2.07291e-09
3.52797e+06 0.000648192 -0.00551029 -1.02054e-16 1.975e-19 -16379.6 -615620 -1.35623e-08 1.77241e-09
3.54314e+06 0.000656448 -0.00555941 -1.0358e-16 2.16799e-19 -14105.5 -617832 -1.37224e-08 1.9456e-09
3.55823e+06 0.000664904 -0.00560962 -1.03436e-16 2.29802e-19 -11840.7 -620038 -1.36715e-08 2.06229e-09
3.5732e+06 0.00067338 -0.00565976 -9.59336e-17 2.51499e-19 -9590.81 -622172 -1.26092e-08 2.25701e-09
3.58808e+06 0.000682073 -0.00571103 -9.62732e-17 2.24716e-19 -7351.08 -624285 -1.2631e-08 2.01665e-09
3.60287e+06 0.000691056 -0.00576386 -9.59292e-17 2.49742e-19 -5122.01 -626387 -1.25073e-08 2.24124e-09
3.61758e+06 0.000700359 -0.00581841 -9.56519e-17 2.62342e-19 -2904.94 -628471 -1.24564e-08 2.35432e-09
3.63223e+06 0.000710027 -0.00587488 -9.51459e-17 2.55315e-19 -697.708 -630535 -1.22817e-08 2.29125e-09
3.6468e+06 0.000720102 -0.00593352 -9.50514e-17 2.62158e-19 1500.13 -632574 -1.22599e-08 2.35267e-09
3.66131e+06 0.000730632 -0.00599455 -9.44275e-17 2.43822e-19 3688.79 -634584 -1.21435e-08 2.18811e-09
3.67571e+06 0.000741708 -0.0060585 -9.16694e-17 2.11642e-19 5866.14 -636573 -1.16851e-08 1.89932e-09
3.69003e+06 0.000753333 -0.00612536 -9.30481e-17 2.47966e-19 8031.86 -638528 -1.1787e-08 2.2253e-09
3.70427e+06 0.000765527 -0.00619522 -9.21187e-17 2.20307e-19 10186.7 -640444 -1.16196e-08 1.97708e-09
3.71843e+06 0.000778303 -0.00626814 -8.99953e-17 1.84819e-19 12328 -642320 -1.13286e-08 1.65861e-09
3.73251e+06 0.000791666 -0.00634419 -9.08219e-17 1.93054e-19 14456.6 -644156 -1.13431e-08 1.7325e-09
3.7465e+06 0.000805835 -0.00642387 -9.01628e-17 2.09762e-19 16573 -645945 -1.1234e-08 1.88245e-09
3.76039e+06 0.000819885 -0.00650335 -8.53771e-17 2.20677e-19 18673.9 -647646 -1.0601e-08 1.98041e-09
3.77419e+06 0.000834262 -0.00658451 -8.61439e-17 2.2868e-19 20760.9 -649298 -1.06883e-08 2.05222e-09
3.7879e+06 0.000849045 -0.00666787 -8.53008e-17 1.96624e-19 22836.7 -650926 -1.05064e-08 1.76454e-09
3.80151e+06 0.000864141 -0.00675292 -8.47527e-17 2.39914e-19 24900.3 -652528 -1.04191e-08 2.15303e-09
3.81503e+06 0.000879498 -0.0068394 -8.48827e-17 2.46886e-19 26949.2 -654110 -1.039e-08 2.2156e-09
3.82845e+06 0.000895053 -0.00692697 -8.40973e-17 2.53828e-19 28986.4 -655672 -1.02954e-08 2.2779e-09
3.84178e+06 0.000910797 -0.00701561 -8.31478e-17 1.97141e-19 31011.2 -657223 -1.01281e-08 1.76918e-09
3.85503e+06 0.000926725 -0.00710532 -8.22944e-17 2.14862e-19 33023.8 -658768 -1.00553e-08 1.92822e-09
3.86817e+06 0.000942968 -0.00719687 -8.03112e-17 2.19988e-19 35023.3 -660330 -9.77154e-09 1.97422e-09
3.88124e+06 0.000959373 -0.0072894 -8.09312e-17 2.39145e-19 37011.4 -661892 -9.78609e-09 2.14614e-09
3.89422e+06 0.000975897 -0.00738266 -8.07225e-17 2.67295e-19 38985.7 -663454 -9.75699e-09 2.39876e-09
3.90711e+06 0.000992564 -0.00747681 -7.87428e-17 2.52237e-19 40947.7 -665021 -9.52416e-09 2.26363e-09
3.91992e+06 0.00100936 -0.00757179 -7.74385e-17 2.58179e-19 42898.4 -666594 -9.32043e-09 2.31696e-09
3.93263e+06 0.00102635 -0.00766795 -7.58113e-17 2.34279e-19 44837.1 -668180 -9.12398e-09 2.10247e-09
3.94522e+06 0.00104359 -0.00776563 -7.43826e-17 2.53719e-19 46761.4 -669788 -8.92753e-09 2.27693e-09
3.95771e+06 0.00106101 -0.00786443 -7.39049e-17 2.64043e-19 48672.7 -671409 -8.85477e-09 2.36957e-09
3.9701e+06 0.00107862 -0.00796439 -7.08715e-17 1.78134e-19 50571.6 -673043 -8.46914e-09 1.59861e-09
3.98238e+06 0.00109641 -0.00806554 -6.99961e-17 2.34839e-19 52458.2 -674691 -8.32363e-09 2.10749e-09
3.99456e+06 0.00111442 -0.00816796 -6.77483e-17 2.13095e-19 54331.9 -676352 -8.06169e-09 1.91236e-09
4.00663e+06 0.00113264 -0.00827173 -6.62959e-17 1.9898e-19 56192.5 -678027 -7.87252e-09 1.78569e-09
4.01859e+06 0.00115105 -0.00837667 -6.48771e-17 2.04606e-19 58039.5 -679711 -7.66879e-09 1.83618e-09
4.03043e+06 0.0011705 -0.0084853 -7.17542e-17 1.96127e-19 59870.7 -681370 -7.05033e-09 1.76009e-09
4.04216e+06 0.00119156 -0.00859945 -7.10354e-17 2.12489e-19 61686.3 -682985 -6.97757e-09 1.90692e-09
4.0538e+06 0.00121292 -0.00871523 -6.75302e-17 1.84651e-19 63489.1 -684598 -6.56285e-09 1.6571e-09
4.06528e+06 0.00123488 -0.00883422 -6.52743e-17 2.35764e-19 65277.9 -686228 -6.33002e-09 2.1158e-09
4.07662e+06 0.0012575 -0.00895678 -6.39372e-17 2.37018e-19 67053.4 -687869 -6.13356e-09 2.12705e-09
4.0878e+06 0.00128351 -0.00909096 -6.66754e-17 1.99457e-19 68811.6 -689397 -5.6097e-09 1.78997e-09
4.09875e+06 0.00131151 -0.00923354 -6.94963e-17 2.46487e-19 70551.1 -690885 -5.76977e-09 2.21203e-09
4.10948e+06 0.00134131 -0.00938478 -6.92321e-17 2.45466e-19 72275.2 -692354 -5.73339e-09 2.20286e-09
4.12011e+06 0.00137266 -0.00954317 -6.94647e-17 2.39539e-19 73986.5 -693745 -5.65335e-09 2.14967e-09
4.13064e+06 0.00140591 -0.00971024 -6.93741e-17 2.5702e-19 75684.2 -695040 -5.58787e-09 2.30655e-09
4.14105e+06 0.0014414 -0.00988753 -6.57316e-17 2.17999e-19 77366.4 -696222 -5.19497e-09 1.95637e-09
4.15134e+06 0.00147932 -0.010076 -6.52753e-17 2.24851e-19 79032.1 -697280 -5.09311e-09 2.01786e-09
4.16151e+06 0.00151971 -0.0102757 -6.24869e-17 1.74671e-19 80682.4 -698212 -4.79479e-09 1.56753e-09
4.17157e+06 0.00156238 -0.010486 -6.16106e-17 2.35836e-19 82316.3 -699029 -4.68565e-09 2.11644e-09
4.18153e+06 0.001607 -0.0107053 -6.19816e-17 2.11665e-19 83937.1 -699750 -4.68565e-09 1.89952e-09
4.19139e+06 0.00165312 -0.0109317 -6.05327e-17 2.33141e-19 85545.6 -700397 -4.52558e-09 2.09226e-09
4.20117e+06 0.00170038 -0.0111635 -5.88596e-17 2.20234e-19 87142.7 -700992 -4.32186e-09 1.97642e-09
4.21085e+06 0.00174844 -0.0113993 -6.00078e-17 1.72818e-19 88728.6 -701551 -4.41644e-09 1.5509e-09
4.22044e+06 0.00179716 -0.0116384 -5.8865e-17 1.99208e-19 90302.8 -702087 -4.33641e-09 1.78773e-09
4.22995e+06 0.00184646 -0.0118806 -5.79153e-17 1.8046e-19 91865.9 -702609 -4.18362e-09 1.61949e-09
4.23936e+06 0.00189628 -0.0121256 -5.64351e-17 2.00109e-19 93418.3 -703123 -4.0963e-09 1.79582e-09
4.24867e+06 0.00194657 -0.0123731 -5.635e-17 2.37355e-19 94959 -703632 -4.03082e-09 2.13007e-09
4.25788e+06 0.00199724 -0.0126229 -5.0385e-17 1.37588e-19 96488 -704138 -3.60882e-09 1.23475e-09
4.26698e+06 0.00204833 -0.012875 -4.97341e-17 1.73478e-19 98005.6 -704641 -3.54333e-09 1.55683e-09
4.27601e+06 0.00209986 -0.0131296 -4.85707e-17 1.95618e-19 99512.2 -705145 -3.40509e-09 1.75552e-09
4.28494e+06 0.00215177 -0.0133864 -4.69787e-17 2.19567e-19 101009 -705647 -3.32506e-09 1.97044e-09
4.29379e+06 0.002204 -0.0136451 -4.67014e-17 2.25456e-19 102494 -706148 -3.31778e-09 2.02329e-09
4.30257e+06 0.0022565 -0.0139056 -4.42685e-17 2.24037e-19 103970 -706647 -3.05585e-09 2.01056e-09
4.31128e+06 0.00230928 -0.0141678 -4.35372e-17 2.12163e-19 105436 -707143 -2.99036e-09 1.904e-09
4.31991e+06 0.00236226 -0.0144313 -4.38619e-17 2.10078e-19 106893 -707636 -2.99036e-09 1.88528e-09
4.32847e+06 0.00241541 -0.014696 -4.0949e-17 1.74578e-19 108339 -708126 -2.80119e-09 1.5667e-09
4.33697e+06 0.00246875 -0.0149621 -4.37079e-17 2.2678e-19 109776 -708612 -2.99037e-09 2.03518e-09
4.34539e+06 0.00252225 -0.0152292 -4.3912e-17 2.23887e-19 111202 -709094 -2.99764e-09 2.00921e-09
4.35371e+06 0.00257622 -0.0154992 -4.09046e-17 1.98722e-19 112617 -709577 -2.75754e-09 1.78337e-09
4.36199e+06 0.00262995 -0.0157682 -4.10238e-17 2.0523e-19 114021 -710051 -2.72116e-09 1.84177e-09
4.3702e+06 0.00268385 -0.0160385 -4.0501e-17 2.10813e-19 115414 -710521 -2.69933e-09 1.89188e-09
4.37834e+06 0.00273787 -0.0163098 -3.52818e-17 1.81462e-19 116798 -710987 -2.32826e-09 1.62848e-09
4.38642e+06 0.00279203 -0.0165821 -3.66964e-17 1.57912e-19 118171 -711448 -2.40102e-09 1.41713e-09
4.39442e+06 0.00284634 -0.0168555 -3.87709e-17 1.81646e-19 119535 -711905 -2.54654e-09 1.63013e-09
4.40236e+06 0.0029008 -0.0171301 -3.63403e-17 1.70725e-19 120888 -712357 -2.32826e-09 1.53213e-09
4.41023e+06 0.00295542 -0.0174059 -3.20853e-17 1.56643e-19 122231 -712806 -2.02267e-09 1.40575e-09
4.41802e+06 0.00301021 -0.0176829 -2.92179e-17 2.41799e-19 123564 -713251 -1.86988e-09 2.16996e-09
4.42574e+06 0.0030652 -0.0179613 -3.42892e-17 1.33563e-19 124887 -713691 -2.20457e-09 1.19862e-09
4.43338e+06 0.00312038 -0.018241 -2.12285e-17 2.31561e-19 126197 -714128 -1.27325e-09 2.07807e-09
4.44094e+06 0.00317581 -0.0185224 -2.98468e-17 2.22945e-19 127497 -714562 -1.8626e-09 2.00075e-09
4.44842e+06 0.00323151 -0.0188055 -3.38902e-17 1.79773e-19 128786 -714992 -2.13909e-09 1.61332e-09
4.45574e+06 0.00328809 -0.0190934 -2.51497e-17 2.049e-19 130060 -715425 -1.52791e-09 1.83882e-09
4.46297e+06 0.00334507 -0.0193838 -2.65841e-17 2.26787e-19 131324 -715856 -1.60067e-09 2.03524e-09
4.47009e+06 0.0034025 -0.019677 -2.4754e-17 2.87665e-19 132576 -716282 -1.46243e-09 2.58157e-09
4.47699e+06 0.00346164 -0.0199792 -1.86637e-17 3.96608e-19 133806 -716720 -1.08408e-09 3.55924e-09
4.4838e+06 0.00352104 -0.0202831 -2.9286e-17 3.1383e-19 135033 -717148 -1.76074e-09 2.81637e-09
4.49048e+06 0.00358117 -0.020591 -5.02608e-17 2.85515e-19 136242 -717571 -3.12135e-09 2.56227e-09
4.49704e+06 0.00364196 -0.0209026 -8.76206e-17 2.99933e-19 137437 -717984 -5.50059e-09 2.69167e-09
4.50348e+06 0.00370348 -0.0212182 -9.87665e-17 3.26261e-19 138618 -718385 -6.21363e-09 2.92794e-09
4.50974e+06 0.00376992 -0.0215458 -1.54205e-16 3.75494e-19 139782 -718684 -5.12951e-09 3.36976e-09
4.51595e+06 0.0038335 -0.0218702 -1.39071e-16 2.48557e-19 140952 -719031 -8.67291e-09 2.2306e-09
4.52195e+06 0.0038981 -0.0222015 -1.38819e-16 3.16613e-19 142070 -719375 -8.5856e-09 2.84135e-09
4.52784e+06 0.00396377 -0.022538 -1.60374e-16 2.19927e-19 143190 -719681 -9.72065e-09 1.97367e-09
4.53358e+06 0.00403079 -0.022881 -1.57814e-16 1.98353e-19 144295 -719948 -9.45144e-09 1.78006e-09
4.53919e+06 0.00409926 -0.0232309 -1.75999e-16 2.43339e-19 145385 -720169 -1.03391e-08 2.18377e-09
4.54466e+06 0.00416923 -0.0235878 -1.80697e-16 1.97538e-19 146459 -720338 -1.04555e-08 1.77275e-09
4.54999e+06 0.00424075 -0.0239519 -1.9974e-16 1.63761e-19 147518 -720452 -1.1285e-08 1.46963e-09
4.55519e+06 0.00431378 -0.0243229 -2.23794e-16 2.01768e-19 148561 -720510 -1.24782e-08 1.81071e-09
4.56026e+06 0.00438816 -0.0247003 -2.4351e-16 1.73753e-19 149590 -720514 -1.33805e-08 1.55929e-09
4.56521e+06 0.00446354 -0.0250822 -2.82109e-16 2.4137e-19 150603 -720469 -1.51558e-08 2.16611e-09
4.57004e+06 0.00453978 -0.0254682 -3.06588e-16 1.53456e-19 151601 -720380 -1.62326e-08 1.37714e-09
4.57476e+06 0.00461678 -0.0258578 -3.11958e-16 2.06651e-19 152584 -720255 -1.62836e-08 1.85453e-09
4.57938e+06 0.00469439 -0.0262506 -3.38171e-16 8.75528e-20 153553 -720099 -1.74477e-08 7.85718e-10
4.58386e+06 0.0047742 -0.0266487 -4.44468e-16 3.93728e-19 154501 -719873 -1.40426e-08 3.5334e-09
4.58819e+06 0.00485953 -0.0270564 -5.20176e-16 4.24865e-19 155437 -719482 -1.62763e-08 3.81283e-09
4.59241e+06 0.00494529 -0.0274662 -5.16148e-16 3.91592e-19 156354 -719075 -1.59416e-08 3.51423e-09
4.59634e+06 0.00504555 -0.0279011 -6.3216e-16 2.01131e-19 157240 -718211 -1.43336e-08 1.80499e-09
4.60015e+06 0.00514692 -0.0283394 -7.69588e-16 4.7367e-19 158110 -717315 -1.91867e-08 4.25082e-09
4.60387e+06 0.00524853 -0.0287788 -8.16557e-16 3.99556e-19 158965 -716414 -2.08238e-08 3.5857e-09
4.6075e+06 0.00535034 -0.0292193 -8.18089e-16 4.5899e-19 159807 -715513 -2.07292e-08 4.11907e-09
4.61105e+06 0.00545239 -0.0296608 -8.45627e-16 4.37069e-19 160635 -714612 -2.16241e-08 3.92235e-09
4.61449e+06 0.00555465 -0.0301034 -8.64448e-16 3.77646e-19 161449 -713712 -2.21917e-08 3.38907e-09
4.61785e+06 0.00565712 -0.0305472 -8.87064e-16 4.037e-19 162248 -712816 -2.29047e-08 3.62289e-09
4.52739e+06 0.0064537 -0.0340441 -8.23082e-16 -7.06826e-19 156522 -708573 -1.96451e-08 -6.34321e-09
4.53486e+06 0.00657515 -0.03457 3.58126e-16 4.87885e-19 158012 -707409 2.06565e-08 4.37839e-09
4.54147e+06 0.0066972 -0.0350989 -9.28657e-16 3.79613e-19 159467 -706251 -2.29702e-08 3.40673e-09
4.54611e+06 0.00681058 -0.0355914 4.0797e-16 6.85578e-19 160546 -705239 2.21044e-08 6.15253e-09
4.55024e+06 0.00692208 -0.0360765 -5.6955e-16 6.02897e-19 161471 -704277 -1.05574e-08 5.41052e-09
4.55426e+06 0.0070333 -0.0365607 -7.94084e-16 6.07475e-19 162364 -703327 -1.80153e-08 5.45161e-09
4.55811e+06 0.00714374 -0.0370417 -8.81271e-16 5.65788e-19 163250 -702385 -2.07583e-08 5.0775e-09
4.56149e+06 0.00725019 -0.0375058 -3.52748e-16 4.84102e-19 164049 -701493 -3.1141e-09 4.34443e-09
4.5645e+06 0.00735374 -0.0379577 -8.26928e-16 5.50343e-19 164755 -700642 -1.86046e-08 4.93889e-09
4.56738e+06 0.00745694 -0.0384084 -9.21425e-16 4.89192e-19 165445 -699799 -2.15586e-08 4.39011e-09
4.54108e+06 0.00780792 -0.0399547 -1.19552e-15 5.41865e-20 164583 -697660 -2.95258e-08 4.86281e-10
4.54487e+06 0.00792034 -0.0404463 6.29565e-18 4.24269e-21 165441 -696727 8.6293e-09 3.80747e-11
4.54794e+06 0.00802791 -0.0409175 -1.09696e-15 4.08937e-19 166137 -695865 -2.60697e-08 3.66988e-09
4.55051e+06 0.00813132 -0.0413707 -7.88107e-16 2.62984e-19 166788 -695043 -1.61162e-08 2.36008e-09
4.55299e+06 0.00823453 -0.0418234 -1.21897e-15 7.71108e-19 167432 -694224 -2.93585e-08 6.92009e-09
4.5554e+06 0.00833758 -0.0422756 -1.31986e-15 6.3264e-19 168059 -693413 -3.22398e-08 5.67745e-09
4.5577e+06 0.00844009 -0.0427258 -1.26686e-15 6.31394e-19 168635 -692619 -3.03262e-08 5.66627e-09
4.55993e+06 0.00854211 -0.0431741 -1.35205e-15 6.38325e-19 169212 -691829 -3.27054e-08 5.72846e-09
4.56207e+06 0.00864391 -0.0436217 -1.39742e-15 7.1866e-19 169776 -691046 -3.38332e-08 6.44941e-09
4.50707e+06 0.00882426 -0.0444714 -1.13233e-15 3.0103e-19 156447 -692819 -2.5153e-08 2.70151e-09
4.51106e+06 0.00893096 -0.0449397 -1.12593e-15 7.46732e-19 157447 -691913 -2.4731e-08 6.70133e-09
4.51496e+06 0.00903818 -0.0454107 -1.06722e-15 7.92121e-19 158425 -691010 -2.28319e-08 7.10866e-09
4.51866e+06 0.00914566 -0.0458831 -1.00302e-15 7.10392e-19 159363 -690116 -2.08965e-08 6.37521e-09
4.47207e+06 0.00913631 -0.0458544 -4.16496e-16 -8.65013e-19 147706 -689924 1.70403e-08 -7.76281e-09
4.48016e+06 0.0091705 -0.046034 1.18485e-16 1.46554e-19 148948 -692239 1.54687e-08 1.3152e-09
4.48385e+06 0.00927157 -0.046479 -1.00581e-15 9.46222e-19 149935 -691387 -2.05982e-08 8.49159e-09
4.48752e+06 0.00937248 -0.0469227 -1.00179e-15 6.5168e-19 150908 -690532 -2.046e-08 5.84831e-09
4.49109e+06 0.00947355 -0.0473673 -9.3119e-16 5.35996e-19 151869 -689681 -1.835e-08 4.81014e-09
4.44441e+06 0.00963956 -0.0481501 -1.26127e-15 3.04848e-19 140595 -691110 -2.73794e-08 2.73577e-09
4.44857e+06 0.00974831 -0.0486287 -8.69838e-16 5.67633e-19 141697 -690186 -1.62181e-08 5.09406e-09
4.45264e+06 0.00985701 -0.0491073 -7.54943e-16 5.93056e-19 142777 -689270 -1.29294e-08 5.32221e-09
4.45621e+06 0.00996186 -0.0495695 4.61704e-16 2.54301e-19 143741 -688407 2.1224e-08 2.28215e-09
4.41478e+06 0.0102374 -0.0507994 -1.1775e-15 3.34117e-19 142623 -686952 -2.44836e-08 2.99844e-09
4.41846e+06 0.0103478 -0.0512867 -5.0884e-16 3.49598e-19 143607 -686061 -5.79165e-09 3.13736e-09
4.42202e+06 0.0104581 -0.0517734 -9.71729e-16 7.72407e-19 144563 -685180 -1.86264e-08 6.93174e-09
4.4251e+06 0.0105646 -0.0522439 -1.99487e-16 1.01e-19 145461 -684338 2.67756e-09 9.06392e-10
4.34217e+06 0.0105453 -0.0521432 -5.56608e-16 3.93308e-19 134543 -679726 -2.61643e-08 3.52963e-09
4.35282e+06 0.0105542 -0.0522004 2.10643e-16 -4.56612e-20 135846 -683070 3.5725e-08 -4.09774e-10
4.35958e+06 0.0105855 -0.0523642 -1.615e-16 3.40342e-19 136831 -686162 4.32921e-09 3.0543e-09
4.36208e+06 0.0106882 -0.0528169 -6.92373e-16 6.87589e-19 137527 -685406 -1.01718e-08 6.17057e-09
4.36428e+06 0.0107912 -0.0532738 -7.58766e-16 7.06385e-19 138155 -684645 -1.19689e-08 6.33925e-09
4.36635e+06 0.0108945 -0.0537318 -7.11766e-16 8.14064e-19 138760 -683892 -1.0732e-08 7.30558e-09
4.36837e+06 0.0109977 -0.0541898 -5.9902e-16 7.93541e-19 139352 -683145 -7.70523e-09 7.1214e-09
4.37033e+06 0.0111009 -0.0546476 -5.17068e-16 8.53361e-19 139935 -682404 -5.55154e-09 7.65824e-09
4.30996e+06 0.0108289 -0.0589892 -2.10836e-15 1.17114e-18 136547 -631673 -2.08965e-08 1.05101e-08
4.31458e+06 0.0108799 -0.0594336 -9.55834e-17 1.32136e-19 137471 -631686 5.12229e-09 1.18582e-09
4.31786e+06 0.0109271 -0.0598647 -1.38826e-15 1.25596e-18 138203 -631657 -1.08921e-08 1.12713e-08
4.32092e+06 0.0109737 -0.0603034 -1.70796e-15 1.39489e-18 138906 -631551 -1.41372e-08 1.25181e-08
4.32378e+06 0.0110207 -0.060746 -1.77895e-15 1.31117e-18 139604 -631322 -1.4661e-08 1.17667e-08
4.32613e+06 0.011064 -0.0611762 -6.54924e-16 4.6922e-19 140179 -631052 -1.39697e-09 4.21088e-09
4.25384e+06 0.0111307 -0.0627711 -2.01864e-15 1.36321e-18 126133 -630692 -1.55269e-08 1.22338e-08
4.25844e+06 0.0111676 -0.0632454 8.47126e-16 -2.03046e-19 127180 -629958 1.47629e-08 -1.82218e-09
4.26218e+06 0.0112012 -0.0637122 -1.23094e-15 1.50977e-18 128092 -629174 -6.90487e-09 1.3549e-08
4.24476e+06 0.0113417 -0.0649153 3.10792e-16 -2.96454e-19 128106 -628718 1.79644e-08 -2.66044e-09
4.24917e+06 0.0114066 -0.065321 -7.50511e-16 -6.18145e-19 128987 -628716 -2.24972e-08 -5.54736e-09
4.25329e+06 0.011472 -0.0657293 -1.04236e-15 -3.49684e-19 129844 -628687 -3.34767e-08 -3.13814e-09
4.21053e+06 0.011628 -0.06677 5.85493e-16 -6.79061e-19 118711 -630714 2.79688e-08 -6.09404e-09
4.2141e+06 0.0116974 -0.0672047 5.92992e-16 3.74988e-19 119550 -630689 2.82162e-08 3.36522e-09
4.21739e+06 0.0117668 -0.0676392 -2.38187e-16 3.1364e-19 120341 -630671 -3.07044e-09 2.81467e-09
4.19333e+06 0.0119069 -0.0685288 4.91582e-16 -8.79268e-19 119765 -630978 2.44181e-08 -7.89073e-09
4.1969e+06 0.011976 -0.0689623 1.33243e-16 3.99263e-19 120538 -630960 1.09139e-08 3.58307e-09
4.20016e+06 0.0120457 -0.0693999 -5.18833e-16 -1.40989e-19 121249 -630952 -1.35769e-08 -1.26526e-09
4.20304e+06 0.0121159 -0.0698415 -7.44273e-16 -3.73903e-19 121892 -630955 -2.20752e-08 -3.35548e-09
4.17265e+06 0.0121147 -0.0698335 -8.98311e-16 -4.72554e-19 121489 -630580 -3.50992e-08 -4.2408e-09
4.15349e+06 0.0121105 -0.0698591 -9.89593e-16 -4.42983e-19 110661 -632456 -3.60596e-08 -3.97542e-09
4.13462e+06 0.012114 -0.0698837 -1.04126e-15 -7.58968e-19 111169 -632651 -3.33093e-08 -6.81114e-09
4.13784e+06 0.0121801 -0.0702995 3.53017e-16 -8.38501e-19 111876 -632644 1.91867e-08 -7.52488e-09
4.14065e+06 0.0122471 -0.0707211 -5.10334e-16 -1.41188e-19 112497 -632646 -1.32422e-08 -1.26705e-09
4.14303e+06 0.0123155 -0.0711521 -7.03954e-16 -1.2991e-19 113062 -632658 -2.05036e-08 -1.16584e-09
4.14505e+06 0.0123851 -0.0715899 -6.35352e-16 7.35407e-20 113580 -632657 -1.79207e-08 6.59969e-10
4.12248e+06 0.01252 -0.0724431 -1.26299e-15 -7.63464e-19 112668 -632882 -4.1131e-08 -6.85149e-09
4.10368e+06 0.012586 -0.0729029 -9.91162e-16 -6.41252e-19 103964 -634300 -3.09083e-08 -5.75473e-09
4.10595e+06 0.0126661 -0.0733942 -6.1874e-16 -3.29073e-19 104657 -634104 -1.70767e-08 -2.95317e-09
4.10762e+06 0.0127526 -0.0739064 2.96275e-16 1.19955e-20 105297 -633628 8.64385e-09 1.07651e-10
4.10859e+06 0.0128407 -0.0744238 5.02958e-16 5.32311e-19 105838 -633081 1.40499e-08 4.77707e-09
4.10889e+06 0.0129297 -0.0749463 8.55996e-16 7.83818e-19 106218 -632551 2.36833e-08 7.03414e-09
4.03318e+06 0.0130009 -0.0781926 -1.44783e-16 -1.02436e-18 92620.3 -602130 -1.3868e-08 -9.19285e-09
4.01752e+06 0.0130184 -0.0783001 -3.41041e-16 -3.50529e-19 93238.8 -602109 -2.0118e-08 -3.14573e-09
4.02255e+06 0.0130789 -0.0786758 -2.65459e-16 -2.3402e-19 94154.9 -602177 -1.75787e-08 -2.10014e-09
4.02648e+06 0.0131433 -0.0790772 3.85738e-16 8.1057e-20 94992 -602273 4.11821e-09 7.27422e-10
4.03013e+06 0.0132074 -0.0794771 -1.12244e-16 1.07309e-19 95805.6 -602371 -1.24491e-08 9.63016e-10
3.99987e+06 0.0133559 -0.0804207 -9.21454e-16 -1.21902e-18 94473.6 -603090 -3.75003e-08 -1.09398e-08
4.0023e+06 0.0134301 -0.0808716 -6.55448e-16 -8.35252e-19 95089.4 -603058 -2.03654e-08 -7.49573e-09
4.00448e+06 0.0135106 -0.0813374 -5.64278e-16 -7.68088e-20 95671 -602735 -1.3395e-08 -6.89298e-10
4.00636e+06 0.013591 -0.0817983 -5.33048e-16 -5.84462e-20 96239.8 -602359 -1.24346e-08 -5.24509e-10
4.00795e+06 0.0136698 -0.0822508 -4.86574e-16 -5.61784e-20 96711.3 -602003 -1.13796e-08 -5.04156e-10
4.00929e+06 0.0137467 -0.0826927 -1.67283e-16 -3.80892e-20 97133.7 -601664 -4.17638e-09 -3.4182e-10
4.01053e+06 0.0138237 -0.0831354 1.17914e-16 -6.45738e-20 97535.5 -601330 2.26284e-09 -5.79499e-10
4.01168e+06 0.0139006 -0.0835778 2.09372e-16 -1.37346e-19 97919.4 -601000 4.29283e-09 -1.23257e-09
4.01269e+06 0.0139774 -0.0840191 2.34725e-16 -2.04324e-19 98272.1 -600677 4.80942e-09 -1.83364e-09
4.01354e+06 0.0140539 -0.0844596 3.01708e-16 -2.63167e-20 98586.4 -600363 6.27917e-09 -2.36172e-10
4.01423e+06 0.0141302 -0.084899 3.6278e-16 4.43373e-20 98869.4 -600057 7.65432e-09 3.97893e-10
4.01476e+06 0.0142069 -0.0853409 4.17068e-16 8.09275e-20 99128.5 -599755 8.86213e-09 7.2626e-10
4.01516e+06 0.0142846 -0.085789 4.56887e-16 8.9929e-20 99363.2 -599455 9.70614e-09 8.07042e-10
4.01544e+06 0.0143623 -0.0862375 4.92159e-16 1.46658e-19 99582.8 -599158 1.04483e-08 1.31614e-09
3.99855e+06 0.0143893 -0.0863952 -1.39279e-15 8.094e-19 99335.2 -599111 -3.21524e-08 7.26372e-09
3.99966e+06 0.0144636 -0.0868234 -1.49362e-15 -1.06249e-18 99576.4 -598824 -3.45099e-08 -9.53498e-09
3.97938e+06 0.0145771 -0.0875379 -4.87298e-16 -3.38369e-19 90954.6 -599909 -1.16997e-08 -3.03659e-09
3.96035e+06 0.0147176 -0.0883547 6.01764e-16 -9.92408e-19 90482.4 -599531 1.26165e-08 -8.90608e-09
3.94492e+06 0.0147477 -0.0885847 -7.26037e-16 8.31833e-19 82221.1 -600830 -1.68875e-08 7.46505e-09
3.94686e+06 0.0148307 -0.0890607 -3.10888e-16 4.33463e-19 82935.3 -600442 -7.77798e-09 3.88999e-09
3.94846e+06 0.0149139 -0.0895377 -3.2219e-16 2.27632e-19 83616.1 -600061 -8.06902e-09 2.04282e-09
3.94944e+06 0.0149945 -0.0900005 -1.91511e-16 -6.20953e-20 84180.8 -599710 -5.19502e-09 -5.57256e-10
3.95016e+06 0.0150755 -0.0904667 1.97006e-16 4.69947e-20 84683.1 -599369 3.32513e-09 4.2174e-10
3.95072e+06 0.0151571 -0.0909361 4.77287e-16 3.25333e-19 85142.7 -599036 9.60428e-09 2.91961e-09
3.9511e+06 0.015239 -0.0914077 6.0533e-16 4.0831e-19 85569.3 -598709 1.23619e-08 3.66426e-09
3.95131e+06 0.015321 -0.0918801 7.41588e-16 4.44572e-19 85947.5 -598391 1.5265e-08 3.98969e-09
3.92071e+06 0.0155737 -0.0933521 -6.4334e-16 9.13912e-19 84826.6 -597809 -1.53668e-08 8.20164e-09
3.92576e+06 0.0156422 -0.0937444 8.24499e-16 -1.32698e-18 85500.6 -597488 1.69384e-08 -1.19086e-08
3.90132e+06 0.0156454 -0.0937636 -1.06854e-15 4.05691e-19 85361.5 -597502 -2.47964e-08 3.64075e-09
3.90317e+06 0.0157169 -0.0941756 4.82679e-16 -7.00089e-19 85711.5 -597229 9.33507e-09 -6.28275e-09
3.9046e+06 0.0157876 -0.094584 1.73664e-16 1.10516e-19 85980 -596973 2.46657e-09 9.91795e-10
3.90582e+06 0.015857 -0.0949841 1.04978e-16 2.23438e-19 86226.3 -596726 9.38616e-10 2.00518e-09
3.90692e+06 0.0159261 -0.0953834 1.31896e-16 2.09042e-19 86472.1 -596481 1.52797e-09 1.87599e-09
3.90788e+06 0.0159952 -0.095782 1.99575e-16 1.98148e-19 86708.2 -596239 2.99044e-09 1.77822e-09
3.90874e+06 0.0160642 -0.0961808 3.08984e-16 2.9974e-19 86921.5 -596002 5.3624e-09 2.68993e-09
3.90955e+06 0.0161331 -0.096579 4.04029e-16 2.88156e-19 87124.8 -595768 7.41422e-09 2.58597e-09
3.91029e+06 0.016202 -0.0969773 5.03077e-16 1.49316e-19 87307.8 -595539 9.51697e-09 1.33999e-09
3.91097e+06 0.0162709 -0.0973755 5.85829e-16 1.65669e-19 87476.4 -595314 1.13578e-08 1.48675e-09
3.9116e+06 0.0163397 -0.0977734 6.7276e-16 -6.10432e-21 87631.6 -595092 1.31404e-08 -5.47814e-11
3.91218e+06 0.0164085 -0.0981712 7.44958e-16 2.40756e-20 87771.9 -594874 1.46829e-08 2.16059e-10
3.91273e+06 0.0164772 -0.0985691 8.16427e-16 1.62198e-20 87907.6 -594658 1.62181e-08 1.4556e-10
3.91321e+06 0.0165463 -0.0989687 8.90638e-16 3.37138e-20 88037.1 -594444 1.78261e-08 3.02555e-10
3.91355e+06 0.0166161 -0.0993727 9.78389e-16 -4.65224e-20 88156.9 -594230 1.97179e-08 -4.17502e-10
3.9137e+06 0.0166871 -0.099784 1.06142e-15 1.64279e-19 88262.8 -594016 2.14932e-08 1.47427e-09
3.91367e+06 0.0167594 -0.100202 1.15863e-15 3.57417e-20 88353.6 -593803 2.34868e-08 3.20753e-10
3.91354e+06 0.0168324 -0.100626 1.23099e-15 4.41723e-20 88433.3 -593591 2.51093e-08 3.96411e-10
3.91334e+06 0.0169063 -0.101052 1.31556e-15 3.27364e-20 88505.4 -593372 2.5284e-08 2.93783e-10
3.91309e+06 0.0169814 -0.101483 1.377e-15 -1.45848e-20 88571.3 -593127 2.655e-08 -1.30887e-10
3.89611e+06 0.0169992 -0.101643 -1.33138e-15 2.21003e-19 80391.2 -594463 -3.21306e-08 1.98333e-09
3.87978e+06 0.0170265 -0.1018 6.09013e-16 -8.62624e-19 80363.4 -594387 1.03464e-08 -7.74137e-09
3.8806e+06 0.0171027 -0.102235 1.00245e-15 -3.27514e-19 80676.6 -594099 2.17988e-08 -2.93918e-09
3.88122e+06 0.0171782 -0.102666 1.06431e-15 -1.81599e-19 80933.8 -593825 2.35377e-08 -1.62971e-09
3.86168e+06 0.0173049 -0.103399 -1.28214e-15 5.63331e-19 80085.4 -593585 -2.89874e-08 5.05546e-09
3.84298e+06 0.0173717 -0.103843 -7.77203e-16 2.48241e-19 71594.7 -594832 -1.84373e-08 2.22777e-09
3.84476e+06 0.0174489 -0.104283 -2.66164e-16 1.49888e-20 72183.8 -594500 -3.55792e-09 1.34513e-10
3.84628e+06 0.0175259 -0.104722 -2.69904e-16 4.40643e-19 72691.1 -594184 -3.65251e-09 3.95442e-09
3.84764e+06 0.0176012 -0.105151 1.55036e-16 2.62531e-19 73142.1 -593885 8.72389e-09 2.35601e-09
3.84882e+06 0.0176748 -0.10557 3.26175e-16 1.38167e-19 73563.8 -593597 1.36643e-08 1.23994e-09
3.8499e+06 0.0177479 -0.105987 3.13344e-16 2.96048e-19 73951.4 -593317 1.34023e-08 2.65679e-09
3.85086e+06 0.0178211 -0.106405 3.56282e-16 2.07276e-19 74311.4 -593043 1.45665e-08 1.86014e-09
3.85173e+06 0.0178941 -0.106821 4.23061e-16 1.60813e-19 74658.4 -592773 1.65164e-08 1.44317e-09
3.85247e+06 0.0179671 -0.107239 4.97416e-16 1.31132e-19 74982.2 -592508 1.85537e-08 1.17681e-09
3.83291e+06 0.0181094 -0.108058 -1.20098e-15 2.89399e-19 74179.3 -592243 -3.11629e-08 2.59712e-09
3.83419e+06 0.0181855 -0.108493 -1.38862e-15 7.22231e-19 74519.3 -591970 -3.67799e-08 6.48146e-09
3.83515e+06 0.0182611 -0.108924 -1.52786e-15 7.72012e-19 74812.2 -591709 -4.07817e-08 6.9282e-09
3.8358e+06 0.0183334 -0.109338 -1.63025e-15 9.39303e-19 75024.4 -591472 -4.38595e-08 8.42951e-09
3.83639e+06 0.0184054 -0.109749 -1.71714e-15 9.40399e-19 75211 -591241 -4.63988e-08 8.43934e-09
3.83691e+06 0.0184772 -0.11016 -1.7766e-15 9.74842e-19 75392.2 -591013 -4.82032e-08 8.74844e-09
3.83737e+06 0.0185492 -0.110572 -1.82181e-15 9.36122e-19 75562.6 -590787 -4.96002e-08 8.40095e-09
3.83779e+06 0.0186212 -0.110984 -2.05669e-15 1.33857e-18 75718.4 -590565 -4.52928e-08 1.20126e-08
3.83816e+06 0.0186934 -0.111397 -2.10196e-15 1.34574e-18 75867.2 -590345 -4.62751e-08 1.20769e-08
3.83843e+06 0.0187657 -0.111811 -2.13905e-15 1.40809e-18 75998.3 -590129 -4.70827e-08 1.26365e-08
3.8386e+06 0.0188382 -0.112226 -2.15757e-15 1.33812e-18 76118.7 -589916 -4.74902e-08 1.20085e-08
3.83867e+06 0.0189107 -0.112642 -2.18172e-15 1.38504e-18 76221.5 -589706 -4.79631e-08 1.24297e-08
3.83866e+06 0.0189831 -0.113057 -2.20236e-15 1.35143e-18 76312 -589500 -4.84288e-08 1.2128e-08
3.83859e+06 0.0190557 -0.113473 -2.22112e-15 1.29796e-18 76392.7 -589297 -4.88871e-08 1.16481e-08
3.83846e+06 0.0191282 -0.113889 -2.24374e-15 1.30283e-18 76465.3 -589096 -4.93892e-08 1.16919e-08
3.8383e+06 0.0192006 -0.114304 -2.27744e-15 1.4072e-18 76536.1 -588897 -5.01095e-08 1.26285e-08
3.83814e+06 0.019273 -0.114719 -2.30389e-15 1.3379e-18 76605.4 -588700 -5.07207e-08 1.20066e-08
3.83797e+06 0.0193453 -0.115134 -2.3324e-15 1.36541e-18 76672.6 -588504 -5.12882e-08 1.22535e-08
3.83775e+06 0.0194178 -0.115549 -2.35736e-15 1.31206e-18 76736.6 -588310 -5.18193e-08 1.17747e-08
3.83752e+06 0.0194902 -0.115965 -2.38488e-15 1.30674e-18 76798.1 -588117 -5.24742e-08 1.17269e-08
3.83721e+06 0.0195628 -0.116381 -2.40227e-15 1.29837e-18 76850.7 -587927 -5.29035e-08 1.16519e-08
3.81791e+06 0.0197019 -0.117187 9.82674e-16 -7.06729e-19 75763 -587769 1.66692e-08 -6.34234e-09
3.81834e+06 0.0197766 -0.117616 1.14315e-15 -6.42543e-19 75877.4 -587567 1.98779e-08 -5.76632e-09
3.8184e+06 0.0198519 -0.118047 7.91688e-16 -5.71172e-19 75958.1 -587370 1.2602e-08 -5.12582e-09
3.81831e+06 0.0199249 -0.118466 -5.89179e-16 8.28744e-19 75998.3 -587187 -1.57524e-08 7.43732e-09
3.81815e+06 0.0199969 -0.118879 -9.39261e-16 8.54712e-19 76027.3 -587009 -2.2912e-08 7.67036e-09
3.818e+06 0.0200686 -0.119291 -1.12718e-15 8.17764e-19 76057.9 -586833 -2.6841e-08 7.33879e-09
3.81784e+06 0.0201402 -0.119702 -1.30471e-15 9.17376e-19 76092.2 -586658 -3.05081e-08 8.23273e-09
3.78004e+06 0.0201923 -0.120069 -1.20139e-15 3.95585e-19 66703 -588142 -2.8107e-08 3.55006e-09
3.76117e+06 0.020329 -0.120859 -6.93139e-16 2.32004e-19 66128.9 -587922 -1.78843e-08 2.08205e-09
3.76252e+06 0.0204043 -0.121289 -5.47173e-17 -2.45051e-19 66411.7 -587699 -5.02039e-09 -2.19914e-09
3.74568e+06 0.0204315 -0.121506 -1.21325e-15 4.04667e-19 58177.7 -589047 -2.82089e-08 3.63157e-09
3.74704e+06 0.0205083 -0.121944 -5.92562e-16 1.61749e-19 58647.2 -588791 -1.00699e-08 1.45157e-09
3.74829e+06 0.0205851 -0.122382 4.48904e-17 1.12651e-19 59062.1 -588546 8.63658e-09 1.01095e-09
3.74944e+06 0.0206614 -0.122818 2.77181e-16 3.91723e-19 59476.6 -588303 1.53959e-08 3.5154e-09
3.75049e+06 0.0207366 -0.123247 1.7088e-16 6.43509e-19 59840 -588073 1.226e-08 5.77499e-09
3.7515e+06 0.0208114 -0.123674 1.47778e-16 6.05998e-19 60197.5 -587845 1.16052e-08 5.43835e-09
3.75245e+06 0.020886 -0.1241 1.55359e-16 6.84064e-19 60540.6 -587623 1.17361e-08 6.13893e-09
3.75327e+06 0.0209593 -0.124519 1.93317e-16 5.95373e-19 60872.2 -587406 1.2813e-08 5.343e-09
3.75393e+06 0.0210321 -0.124935 2.45712e-16 5.92071e-19 61157.4 -587199 1.43409e-08 5.31337e-09
3.75445e+06 0.0211048 -0.12535 2.99357e-16 5.33319e-19 61419.4 -586997 1.58689e-08 4.78612e-09
3.73579e+06 0.0213046 -0.126503 -9.80557e-17 -4.158e-19 60646.2 -586706 -6.27913e-09 -3.73148e-09
3.73645e+06 0.0213814 -0.126941 -1.31346e-15 3.97186e-19 60932.5 -586496 -3.07045e-08 3.56443e-09
3.73678e+06 0.0214569 -0.127374 -1.23785e-15 3.12425e-19 61151 -586302 -2.92129e-08 2.80377e-09
3.73696e+06 0.0215315 -0.1278 -1.01736e-15 3.15595e-19 61320.2 -586119 -2.48474e-08 2.83222e-09
3.73693e+06 0.0216039 -0.128216 -8.93946e-16 2.31468e-19 61437.3 -585951 -2.23735e-08 2.07724e-09
3.71241e+06 0.0216047 -0.128226 -1.19116e-15 5.57424e-19 60673.5 -586079 -3.1403e-08 5.00244e-09
3.71275e+06 0.0216786 -0.128649 -1.16018e-15 3.65711e-19 60812.5 -585906 -2.70447e-08 3.28197e-09
3.71295e+06 0.0217506 -0.129062 -1.09235e-15 2.46603e-19 60924.9 -585742 -2.51457e-08 2.21306e-09
3.71297e+06 0.0218221 -0.129472 -1.08356e-15 2.90663e-19 61015 -585583 -2.45054e-08 2.60847e-09
3.71282e+06 0.0218932 -0.12988 -1.06633e-15 1.73757e-19 61088.5 -585429 -2.35304e-08 1.55933e-09
3.71264e+06 0.0219641 -0.130287 -1.07646e-15 2.08479e-19 61153.4 -585279 -2.31812e-08 1.87093e-09
3.71244e+06 0.0220349 -0.130693 -1.09404e-15 1.83684e-19 61210.7 -585130 -2.29993e-08 1.64842e-09
3.71219e+06 0.0221056 -0.131099 -1.115e-15 1.70825e-19 61249.5 -584986 -2.28683e-08 1.53302e-09
3.71191e+06 0.0221762 -0.131504 -1.14819e-15 2.52453e-19 61275.9 -584846 -2.29702e-08 2.26557e-09
3.7116e+06 0.0222467 -0.131909 -1.17881e-15 2.256e-19 61296.2 -584707 -2.29702e-08 2.02458e-09
3.71124e+06 0.0223172 -0.132314 -1.2133e-15 2.68927e-19 61306.9 -584571 -2.31885e-08 2.4134e-09
3.71083e+06 0.0223876 -0.132718 -1.24703e-15 2.75117e-19 61313.3 -584438 -2.32539e-08 2.46896e-09
3.71036e+06 0.0224578 -0.133122 -1.28005e-15 2.51105e-19 61317.7 -584306 -2.33631e-08 2.25347e-09
3.70986e+06 0.022528 -0.133525 -1.32376e-15 3.37645e-19 61318.2 -584175 -2.37705e-08 3.03009e-09
3.70933e+06 0.0225983 -0.133929 -1.36728e-15 3.33189e-19 61314.3 -584046 -2.40543e-08 2.99011e-09
3.70877e+06 0.0226685 -0.134333 -1.41396e-15 3.81149e-19 61306.1 -583920 -2.43453e-08 3.42051e-09
3.70817e+06 0.0227387 -0.134736 -1.46228e-15 4.75435e-19 61292.6 -583795 -2.47746e-08 4.26665e-09
3.70755e+06 0.022809 -0.13514 -1.51245e-15 5.1317e-19 61274.8 -583671 -2.51893e-08 4.60529e-09
3.70688e+06 0.0228792 -0.135543 -1.56383e-15 5.31723e-19 61251.9 -583550 -2.56477e-08 4.77179e-09
3.70617e+06 0.0229494 -0.135947 -1.62339e-15 5.87904e-19 61222.8 -583430 -2.63244e-08 5.27598e-09
3.70541e+06 0.0230196 -0.136351 -1.68178e-15 6.95173e-19 61184.2 -583314 -2.69574e-08 6.23863e-09
3.7046e+06 0.0230898 -0.136754 -1.72458e-15 6.83659e-19 61133.4 -583200 -2.72266e-08 6.1353e-09
3.70371e+06 0.02316 -0.137158 -1.75813e-15 6.58434e-19 61069.9 -583090 -2.7343e-08 5.90892e-09
3.70278e+06 0.0232303 -0.137563 -1.7968e-15 6.4216e-19 60998.9 -582981 -2.75104e-08 5.76288e-09
3.70178e+06 0.0233006 -0.137967 -1.82768e-15 6.37905e-19 60913.2 -582876 -2.76632e-08 5.72469e-09
3.7007e+06 0.0233708 -0.138371 -1.85214e-15 5.9149e-19 60810.7 -582776 -2.75176e-08 5.30816e-09
3.69957e+06 0.0234409 -0.138775 -1.88151e-15 5.75478e-19 60697.2 -582678 -2.75759e-08 5.16446e-09
3.69839e+06 0.0235111 -0.139179 -1.91678e-15 6.30379e-19 60576.9 -582582 -2.77068e-08 5.65715e-09
3.69719e+06 0.0235813 -0.139583 -1.95161e-15 5.88449e-19 60452.2 -582488 -2.78014e-08 5.28086e-09
3.69597e+06 0.0236516 -0.139988 -1.85267e-15 1.07857e-18 60324.2 -582395 -2.52621e-08 9.67935e-09
3.69473e+06 0.0237218 -0.140392 -1.80821e-15 1.09884e-18 60193.2 -582304 -2.37705e-08 9.8612e-09
3.69348e+06 0.023792 -0.140797 -1.78437e-15 1.16529e-18 60059.4 -582214 -2.2781e-08 1.04576e-08
3.67424e+06 0.0238024 -0.140919 5.82522e-16 2.61987e-20 51569.7 -583652 2.55532e-08 2.35112e-10
3.65573e+06 0.0238214 -0.141033 -1.6233e-15 1.41261e-18 51061.2 -583715 -1.89757e-08 1.26771e-08
3.65535e+06 0.0238937 -0.141449 -1.85427e-15 9.89749e-19 51092 -583595 -2.30648e-08 8.88222e-09
3.65474e+06 0.0239649 -0.141857 -2.0595e-15 9.2324e-19 51112.6 -583480 -2.65208e-08 8.28535e-09
3.65401e+06 0.024036 -0.142265 -1.98607e-15 9.12194e-19 51130.9 -583366 -2.45127e-08 8.18622e-09
3.65316e+06 0.0241067 -0.142672 -2.12799e-15 1.05793e-18 51128.2 -583257 -2.67537e-08 9.49413e-09
3.65231e+06 0.0241776 -0.143079 -2.13076e-15 9.40974e-19 51124.9 -583149 -2.62589e-08 8.4445e-09
3.65146e+06 0.0242484 -0.143486 -2.20895e-15 1.13859e-18 51122.4 -583042 -2.72121e-08 1.0218e-08
3.65062e+06 0.0243191 -0.143893 -2.26279e-15 1.0829e-18 51116.5 -582937 -2.77068e-08 9.71817e-09
3.64977e+06 0.0243898 -0.144299 -2.32923e-15 1.11119e-18 51102.9 -582834 -2.84126e-08 9.97205e-09
3.64887e+06 0.0244603 -0.144705 -2.38949e-15 1.0654e-18 51067.6 -582736 -2.90674e-08 9.56109e-09
3.64787e+06 0.0245306 -0.145109 -2.43971e-15 1.06588e-18 50992.4 -582646 -2.94676e-08 9.56543e-09
3.64679e+06 0.0246006 -0.145512 -2.49653e-15 1.1361e-18 50905.3 -582560 -3.0006e-08 1.01956e-08
3.64559e+06 0.0246703 -0.145913 -2.54146e-15 1.16334e-18 50795.6 -582478 -3.03189e-08 1.04401e-08
3.64434e+06 0.0247399 -0.146314 -2.59569e-15 1.15972e-18 50675.8 -582400 -3.08355e-08 1.04076e-08
3.64305e+06 0.0248094 -0.146714 -2.48517e-15 7.77534e-19 50550.9 -582323 -2.80706e-08 6.97775e-09
3.64172e+06 0.0248788 -0.147114 -2.43138e-15 6.69619e-19 50421.3 -582249 -2.64335e-08 6.0093e-09
3.64036e+06 0.024948 -0.147513 -2.38996e-15 6.98154e-19 50276.8 -582178 -2.51311e-08 6.26538e-09
3.63893e+06 0.025017 -0.147911 -2.37881e-15 6.87658e-19 50112.3 -582111 -2.43235e-08 6.17118e-09
3.5891e+06 0.0250091 -0.147883 -2.16368e-15 2.02403e-18 41586.6 -581614 -1.33441e-08 1.81641e-08
3.59085e+06 0.0250343 -0.148075 1.03982e-15 -1.5676e-18 41542.3 -583560 2.26428e-08 -1.4068e-08
3.58931e+06 0.0251021 -0.148467 1.01284e-15 -1.42033e-18 41335.6 -583507 2.02563e-08 -1.27463e-08
3.58775e+06 0.0251699 -0.148858 1.09398e-15 -1.10792e-18 41121.5 -583453 2.18716e-08 -9.94274e-09
3.58615e+06 0.0252377 -0.149249 8.9588e-16 -6.79455e-19 40897.8 -583401 1.80153e-08 -6.09757e-09
3.5845e+06 0.0253052 -0.149639 4.70956e-16 -4.86169e-19 40666.5 -583352 9.80802e-09 -4.36299e-09
3.58273e+06 0.0253724 -0.150028 3.43973e-16 -9.06731e-19 40414.6 -583308 7.39968e-09 -8.13719e-09
3.58095e+06 0.0254396 -0.150416 3.14169e-16 -9.35536e-19 40155.1 -583266 6.83943e-09 -8.3957e-09
3.57911e+06 0.0255066 -0.150802 2.99649e-16 -9.65145e-19 39888 -583226 6.57749e-09 -8.66142e-09
3.57713e+06 0.025573 -0.151186 2.69016e-16 -1.05529e-18 39596.4 -583192 6.01724e-09 -9.47037e-09
3.57517e+06 0.0256395 -0.151571 2.21926e-16 -9.61717e-19 39298.6 -583160 5.10047e-09 -8.63065e-09
3.57311e+06 0.0257056 -0.151954 2.02265e-16 -9.24541e-19 38988.6 -583131 4.78033e-09 -8.29702e-09
3.57087e+06 0.025771 -0.152332 1.97548e-16 -8.83219e-19 38620.3 -583113 4.72212e-09 -7.92619e-09
3.56853e+06 0.0258361 -0.152709 2.34044e-16 -9.62232e-19 38242.5 -583099 5.36968e-09 -8.63528e-09
3.56619e+06 0.0259011 -0.153085 2.04875e-16 -8.96062e-19 37860.1 -583086 4.80216e-09 -8.04145e-09
3.56381e+06 0.0259659 -0.153461 1.97729e-16 -8.83674e-19 37471.3 -583075 4.7294e-09 -7.93028e-09
3.56138e+06 0.0260307 -0.153836 1.8123e-16 -9.80757e-19 37075.5 -583067 4.40926e-09 -8.80152e-09
3.55892e+06 0.0260953 -0.154211 1.86101e-16 -8.88049e-19 36671.9 -583060 4.52567e-09 -7.96954e-09
3.55641e+06 0.0261597 -0.154585 2.01479e-16 -9.78957e-19 36260.1 -583056 4.85309e-09 -8.78537e-09
3.55386e+06 0.026224 -0.154957 2.19446e-16 -9.99825e-19 35840.1 -583055 5.20234e-09 -8.97264e-09
3.55127e+06 0.0262882 -0.15533 2.43403e-16 -1.01682e-18 35412.9 -583055 5.60979e-09 -9.12513e-09
3.54864e+06 0.0263523 -0.155701 2.44431e-16 -9.94721e-19 34979.6 -583057 5.73348e-09 -8.92684e-09
3.54599e+06 0.0264163 -0.156073 2.68473e-16 -1.05697e-18 34541.8 -583061 6.14821e-09 -9.48548e-09
3.54333e+06 0.0264802 -0.156444 3.08444e-16 -1.01713e-18 34100.5 -583066 6.96312e-09 -9.12789e-09
3.54064e+06 0.0265441 -0.156814 3.43423e-16 -1.02848e-18 33656.9 -583073 7.66161e-09 -9.22977e-09
3.53795e+06 0.0266079 -0.157185 3.861e-16 -1.13314e-18 33211.8 -583080 8.44742e-09 -1.0169e-08
3.53526e+06 0.0266717 -0.157555 4.03846e-16 -1.10791e-18 32765.8 -583088 8.84759e-09 -9.94264e-09
3.53256e+06 0.0267355 -0.157925 4.26785e-16 -9.72085e-19 32319.4 -583097 9.28415e-09 -8.7237e-09
3.52986e+06 0.0267993 -0.158295 4.48495e-16 -9.66057e-19 31872.8 -583107 9.77892e-09 -8.6696e-09
3.52716e+06 0.026863 -0.158665 4.49602e-16 -8.90747e-19 31426.3 -583118 9.68433e-09 -7.99376e-09
3.52447e+06 0.0269267 -0.159034 4.70807e-16 -9.79582e-19 30980.2 -583129 1.01427e-08 -8.79097e-09
3.4914e+06 0.0269225 -0.159034 -4.2792e-16 -3.34607e-19 25523.8 -583406 -3.35858e-08 -3.00283e-09
3.4901e+06 0.0269709 -0.159334 1.05988e-15 -1.43769e-18 25177 -584085 2.06637e-08 -1.29021e-08
3.48768e+06 0.0270354 -0.159708 1.15519e-15 -1.31243e-18 24784.2 -584088 2.24755e-08 -1.1778e-08
3.48527e+06 0.0270999 -0.160082 1.1551e-15 -1.54323e-18 24392.6 -584091 2.24973e-08 -1.38492e-08
3.48286e+06 0.0271644 -0.160455 1.00428e-15 -1.45607e-18 24002 -584094 1.96742e-08 -1.3067e-08
3.48046e+06 0.0272288 -0.160829 9.35589e-16 -1.37873e-18 23612.4 -584098 1.84009e-08 -1.2373e-08
3.47807e+06 0.0272932 -0.161202 9.30438e-16 -1.27032e-18 23224 -584103 1.83354e-08 -1.14002e-08
3.47568e+06 0.0273577 -0.161576 9.60075e-16 -1.28599e-18 22836.6 -584108 1.89539e-08 -1.15407e-08
3.4733e+06 0.0274221 -0.16195 9.40379e-16 -1.2084e-18 22450.4 -584114 1.85683e-08 -1.08444e-08
3.47093e+06 0.0274866 -0.162323 9.27004e-16 -1.31199e-18 22065.2 -584120 1.83573e-08 -1.1774e-08
3.40746e+06 0.0274716 -0.162238 -2.74215e-17 -7.90351e-19 10535.1 -581397 -3.98868e-08 -7.09277e-09
3.41053e+06 0.0274778 -0.162323 7.63868e-16 -1.29934e-18 10549 -584752 1.00772e-08 -1.16606e-08
3.40966e+06 0.0275249 -0.162637 1.39677e-15 -1.49687e-18 10380 -586101 2.61498e-08 -1.34332e-08
3.40815e+06 0.0275919 -0.163024 1.22358e-15 -1.26704e-18 10172.1 -586076 2.2701e-08 -1.13707e-08
3.40661e+06 0.0276591 -0.163412 9.19818e-16 -1.20922e-18 9961.53 -586051 1.71422e-08 -1.08518e-08
3.40501e+06 0.027726 -0.163798 7.33593e-16 -9.80089e-19 9745.15 -586029 1.37225e-08 -8.79552e-09
3.40319e+06 0.0277923 -0.164181 7.77759e-16 -1.02483e-18 9501.82 -586012 1.44646e-08 -9.197e-09
3.40142e+06 0.0278589 -0.164566 8.49107e-16 -1.17127e-18 9257.21 -585996 1.5818e-08 -1.05112e-08
3.39959e+06 0.0279252 -0.16495 8.89193e-16 -1.18807e-18 9009.34 -585982 1.65601e-08 -1.0662e-08
3.39774e+06 0.0279915 -0.165333 9.04945e-16 -1.2071e-18 8758.95 -585968 1.67711e-08 -1.08328e-08
3.39588e+06 0.0280577 -0.165715 9.28245e-16 -1.11746e-18 8503.51 -585957 1.72077e-08 -1.00284e-08
3.394e+06 0.0281237 -0.166097 9.65635e-16 -1.19296e-18 8244.21 -585947 1.78843e-08 -1.07059e-08
3.39206e+06 0.0281896 -0.166478 1.00019e-15 -1.18533e-18 7970.94 -585940 1.85319e-08 -1.06374e-08
3.39005e+06 0.0282552 -0.166857 1.05317e-15 -1.15332e-18 7678.12 -585937 1.94778e-08 -1.03501e-08
3.38801e+06 0.0283206 -0.167236 1.07784e-15 -1.11355e-18 7376.69 -585937 1.9958e-08 -9.99324e-09
3.38597e+06 0.028386 -0.167614 1.07969e-15 -1.13123e-18 7073.54 -585938 1.98998e-08 -1.01519e-08
3.35101e+06 0.028382 -0.16765 -5.04523e-16 -1.60886e-18 -1489.67 -587267 -4.06944e-08 -1.44383e-08
3.33915e+06 0.0284714 -0.168178 8.04276e-16 -2.28217e-18 -1834.21 -587411 1.4843e-08 -2.04807e-08
3.33846e+06 0.0285346 -0.168542 4.76042e-16 -9.27661e-19 -1811.49 -587359 9.03677e-09 -8.32502e-09
3.33751e+06 0.0285977 -0.168905 6.41804e-16 -1.32394e-18 -1853.56 -587318 1.19981e-08 -1.18813e-08
3.33634e+06 0.028661 -0.16927 9.44785e-16 -1.44842e-18 -1934.9 -587285 1.75715e-08 -1.29984e-08
3.33501e+06 0.0287242 -0.169634 1.28789e-15 -1.5619e-18 -2030.09 -587255 2.37124e-08 -1.40168e-08
3.31783e+06 0.0288371 -0.17029 1.29373e-15 -2.95612e-18 -2850.66 -587316 2.39525e-08 -2.65288e-08
3.31658e+06 0.0288996 -0.170651 -8.59088e-16 -1.89759e-19 -3019.59 -587301 -1.45155e-08 -1.70294e-09
3.31531e+06 0.0289616 -0.171009 -9.53876e-16 -1.29073e-19 -3203.89 -587290 -1.61744e-08 -1.15833e-09
3.31386e+06 0.0290239 -0.171369 -5.14501e-17 -9.3515e-19 -3401.6 -587281 5.09634e-11 -8.39224e-09
3.31208e+06 0.0290867 -0.171731 5.83279e-16 -1.07096e-18 -3627.18 -587277 1.14306e-08 -9.61106e-09
3.31009e+06 0.0291496 -0.172095 6.56996e-16 -1.18826e-18 -3880.84 -587279 1.28057e-08 -1.06637e-08
3.30795e+06 0.0292123 -0.172458 6.4368e-16 -1.17692e-18 -4150.85 -587285 1.26165e-08 -1.05619e-08
3.30568e+06 0.0292745 -0.172819 5.73627e-16 -1.12494e-18 -4439.71 -587294 1.14087e-08 -1.00954e-08
3.30323e+06 0.0293363 -0.173177 5.31424e-16 -1.03711e-18 -4752.47 -587309 1.07612e-08 -9.30728e-09
3.28373e+06 0.029344 -0.173249 7.24476e-16 -1.50596e-18 -8136.7 -587888 1.41518e-08 -1.35148e-08
3.28228e+06 0.0294096 -0.173627 -1.35471e-16 -5.63586e-19 -8306.88 -587877 -1.01133e-09 -5.05774e-09
3.28076e+06 0.0294755 -0.174008 3.5094e-16 -1.02906e-18 -8485.23 -587867 7.61068e-09 -9.23503e-09
3.2792e+06 0.0295414 -0.174389 7.3156e-16 -1.14569e-18 -8675.08 -587860 1.43992e-08 -1.02817e-08
3.27761e+06 0.0296075 -0.17477 9.3875e-16 -1.24085e-18 -8866.82 -587854 1.80808e-08 -1.11357e-08
3.276e+06 0.0296734 -0.175151 1.06444e-15 -1.22206e-18 -9064.59 -587849 2.03363e-08 -1.09671e-08
3.27431e+06 0.029739 -0.17553 1.16322e-15 -1.28796e-18 -9280.14 -587849 2.21335e-08 -1.15584e-08
3.27254e+06 0.0298043 -0.175908 1.26073e-15 -1.58744e-18 -9520.52 -587853 2.38797e-08 -1.4246e-08
3.27077e+06 0.0298696 -0.176285 1.30286e-15 -1.54939e-18 -9763.04 -587858 2.46874e-08 -1.39046e-08
3.26898e+06 0.0299349 -0.176663 1.30746e-15 -1.66008e-18 -10005.7 -587865 2.48329e-08 -1.48979e-08
3.25179e+06 0.0299546 -0.176798 1.99586e-15 -2.66337e-18 -12584.2 -588300 3.68309e-08 -2.39017e-08
3.2501e+06 0.0300201 -0.177177 1.15319e-15 -1.36154e-18 -12811.5 -588304 2.21117e-08 -1.22187e-08
3.23746e+06 0.0300534 -0.177374 1.68616e-15 -2.98077e-18 -13583.8 -588420 3.14394e-08 -2.675e-08
3.23637e+06 0.030121 -0.177765 -6.22313e-16 -4.47495e-19 -13780.6 -588419 -8.86208e-09 -4.01591e-09
3.22465e+06 0.0301552 -0.178005 6.26948e-16 -2.20916e-18 -18828 -589275 1.29294e-08 -1.98254e-08
3.2239e+06 0.0302244 -0.178402 -6.28193e-17 -7.73782e-19 -18762.8 -589229 1.07687e-09 -6.94409e-09
3.20255e+06 0.0303368 -0.179093 7.39746e-16 -3.31322e-18 -23908.7 -590065 1.48794e-08 -2.97336e-08
3.20282e+06 0.0304033 -0.179473 -1.27529e-15 -1.20692e-18 -23633.6 -589985 -1.95796e-08 -1.08311e-08
3.20269e+06 0.0304702 -0.179856 -9.69975e-16 -3.74049e-19 -23459.6 -589924 -1.43482e-08 -3.35679e-09
3.20233e+06 0.0305371 -0.18024 1.94628e-16 -7.42744e-19 -23324.8 -589869 5.74804e-09 -6.66554e-09
3.20189e+06 0.0306038 -0.180623 1.1022e-15 -1.08529e-18 -23207.6 -589819 2.12968e-08 -9.73965e-09
3.20131e+06 0.0306701 -0.181003 1.35131e-15 -9.44864e-19 -23145.2 -589779 2.56842e-08 -8.47941e-09
3.20059e+06 0.0307361 -0.181383 1.59076e-15 -1.04609e-18 -23130.1 -589748 2.98242e-08 -9.38781e-09
3.19959e+06 0.030802 -0.181763 1.83277e-15 -1.16209e-18 -23180.1 -589729 3.40224e-08 -1.04288e-08
3.15484e+06 0.0309927 -0.182884 -1.56299e-15 -1.09547e-18 -26008.1 -590142 -2.36541e-08 -9.83094e-09
3.15535e+06 0.0310532 -0.183232 -1.75642e-15 -7.90648e-20 -26055 -590127 -2.70374e-08 -7.09544e-10
3.15549e+06 0.0311154 -0.183591 -2.02903e-15 3.07572e-19 -26131.9 -590117 -3.14685e-08 2.76022e-09
3.15481e+06 0.031182 -0.183975 -1.86621e-15 1.97864e-19 -26245.1 -590112 -2.86818e-08 1.77568e-09
3.15385e+06 0.0312476 -0.184354 -1.67232e-15 3.75917e-20 -26385.1 -590112 -2.52112e-08 3.37356e-10
3.15266e+06 0.0313128 -0.18473 -1.49042e-15 -8.77799e-20 -26545.2 -590117 -2.21553e-08 -7.87755e-10
3.1514e+06 0.0313781 -0.185107 -1.32136e-15 -2.15741e-19 -26719.4 -590125 -1.91721e-08 -1.93611e-09
3.15014e+06 0.0314431 -0.185483 -1.04848e-15 8.54583e-20 -26897.5 -590135 -1.44864e-08 7.66921e-10
3.14882e+06 0.0315082 -0.185859 -7.14907e-16 -1.90257e-19 -27092.9 -590148 -8.70201e-09 -1.70741e-09
3.14747e+06 0.0315733 -0.186235 -5.28832e-16 -3.04516e-19 -27293.4 -590162 -5.54425e-09 -2.73279e-09
3.1461e+06 0.0316382 -0.18661 -3.81535e-16 -4.25908e-19 -27495.6 -590177 -2.8958e-09 -3.82219e-09
3.13328e+06 0.0317862 -0.187467 1.34258e-15 -1.44145e-18 -28045.3 -590230 2.62735e-08 -1.29359e-08
3.13229e+06 0.0318479 -0.187823 8.48464e-16 -1.13165e-18 -28224 -590243 1.80662e-08 -1.01557e-08
3.13105e+06 0.0319113 -0.18819 1.20841e-15 -4.87632e-19 -28416.2 -590260 2.41053e-08 -4.37612e-09
3.12973e+06 0.0319756 -0.188562 1.43026e-15 -3.61741e-19 -28614.8 -590278 2.79543e-08 -3.24634e-09
3.12834e+06 0.0320403 -0.188936 1.61867e-15 -3.35417e-19 -28816.6 -590296 3.10975e-08 -3.0101e-09
3.12696e+06 0.032105 -0.189309 1.75097e-15 -2.8024e-19 -29018.2 -590316 3.3404e-08 -2.51493e-09
3.12556e+06 0.0321697 -0.189684 1.83755e-15 -3.81494e-19 -29220.7 -590336 3.49174e-08 -3.42361e-09
3.12417e+06 0.0322345 -0.190058 1.87094e-15 -4.05784e-19 -29422.8 -590356 3.5514e-08 -3.64159e-09
3.12278e+06 0.0322992 -0.190432 1.88312e-15 -3.8836e-19 -29625 -590378 3.57104e-08 -3.48522e-09
3.12139e+06 0.032364 -0.190807 1.90539e-15 -5.01654e-19 -29826.8 -590399 3.61615e-08 -4.50195e-09
3.12e+06 0.0324287 -0.191181 1.89919e-15 -3.66955e-19 -30028 -590421 3.61179e-08 -3.29313e-09
3.11861e+06 0.0324935 -0.191555 1.9167e-15 -4.0233e-19 -30228.8 -590444 3.63143e-08 -3.61059e-09
3.11723e+06 0.0325582 -0.19193 1.92833e-15 -3.96697e-19 -30428.9 -590467 3.66636e-08 -3.56005e-09
3.1055e+06 0.0325847 -0.192125 2.1928e-15 -2.29561e-18 -35336.1 -591314 4.07454e-08 -2.06013e-08
3.09422e+06 0.0326211 -0.192338 1.45953e-15 -1.84161e-18 -35696.1 -591370 2.86091e-08 -1.6527e-08
3.09393e+06 0.0326885 -0.192726 -2.61186e-16 7.49972e-19 -35682.5 -591357 2.40142e-10 6.7304e-09
3.09332e+06 0.0327562 -0.193116 -8.43682e-16 1.03981e-18 -35702.8 -591350 -9.39323e-09 9.33144e-09
3.09268e+06 0.0328232 -0.193501 -7.57773e-16 9.0973e-19 -35724.8 -591344 -7.93076e-09 8.16411e-09
3.09202e+06 0.0328901 -0.193887 -7.24415e-16 9.87325e-19 -35751.3 -591339 -7.34868e-09 8.86046e-09
3.0913e+06 0.0329568 -0.194271 -6.83063e-16 8.42288e-19 -35809.8 -591341 -6.53377e-09 7.55887e-09
3.09045e+06 0.0330232 -0.194654 -6.35093e-16 7.14917e-19 -35907.6 -591350 -5.617e-09 6.41582e-09
3.08945e+06 0.0330891 -0.195035 -5.84275e-16 7.29717e-19 -36026.2 -591363 -4.69296e-09 6.54864e-09
3.08841e+06 0.033155 -0.195415 -5.50054e-16 6.51196e-19 -36150.2 -591378 -4.1036e-09 5.84397e-09
3.08733e+06 0.0332207 -0.195794 -5.23209e-16 6.96608e-19 -36284.3 -591395 -3.63794e-09 6.2515e-09
3.0862e+06 0.0332863 -0.196173 -4.92051e-16 7.14794e-19 -36439.2 -591416 -3.04859e-09 6.41472e-09
3.085e+06 0.0333516 -0.19655 -4.48776e-16 6.05534e-19 -36605.2 -591440 -2.22641e-09 5.43419e-09
3.08377e+06 0.0334169 -0.196927 -4.17332e-16 5.78942e-19 -36775.1 -591465 -1.58612e-09 5.19555e-09
3.08252e+06 0.0334821 -0.197304 -3.0863e-16 7.97811e-19 -36945.8 -591490 2.40143e-10 7.15972e-09
3.08128e+06 0.0335474 -0.197681 -2.33101e-16 7.23617e-19 -37116.4 -591517 1.52071e-09 6.49389e-09
3.08004e+06 0.0336126 -0.198058 -1.77414e-16 7.26526e-19 -37289.8 -591544 2.52479e-09 6.52e-09
3.07877e+06 0.0336778 -0.198435 -1.18122e-16 7.06251e-19 -37470.9 -591573 3.51432e-09 6.33804e-09
3.07748e+06 0.0337429 -0.198812 -6.42407e-17 6.86312e-19 -37653.6 -591603 4.46747e-09 6.15911e-09
3.0762e+06 0.0338081 -0.199188 -2.17123e-17 6.09276e-19 -37836.2 -591633 5.246e-09 5.46777e-09
3.07491e+06 0.0338733 -0.199565 4.0113e-18 6.80605e-19 -38018.8 -591664 5.74077e-09 6.1079e-09
3.07362e+06 0.0339384 -0.199942 3.0065e-17 6.83735e-19 -38201.9 -591695 6.1846e-09 6.13599e-09
3.07234e+06 0.0340036 -0.200319 6.22145e-17 6.80495e-19 -38385.2 -591728 6.7594e-09 6.10691e-09
3.07105e+06 0.0340688 -0.200696 9.17328e-17 6.65693e-19 -38568.5 -591760 7.37058e-09 5.97407e-09
3.06976e+06 0.0341341 -0.201073 9.26657e-17 6.73653e-19 -38752.5 -591793 7.42879e-09 6.0455e-09
3.06847e+06 0.0341993 -0.20145 1.03752e-16 6.84762e-19 -38937.3 -591827 7.698e-09 6.14519e-09
3.06718e+06 0.0342646 -0.201827 1.09807e-16 6.88018e-19 -39122.2 -591862 7.81442e-09 6.17442e-09
3.06589e+06 0.0343298 -0.202205 1.16936e-16 5.7302e-19 -39307.2 -591897 8.01814e-09 5.14241e-09
3.0646e+06 0.0343951 -0.202582 1.13852e-16 6.26618e-19 -39492.4 -591932 7.93811e-09 5.62341e-09
3.0633e+06 0.0344605 -0.20296 1.07827e-16 8.00961e-19 -39677.8 -591968 7.98904e-09 7.18799e-09
3.06201e+06 0.0345258 -0.203338 1.07849e-16 8.55714e-19 -39863.4 -592005 8.06907e-09 7.67935e-09
3.06072e+06 0.0345912 -0.203716 1.18904e-16 8.10474e-19 -40049.3 -592042 8.2728e-09 7.27337e-09
3.05942e+06 0.0346567 -0.204094 1.16928e-16 8.65625e-19 -40235.6 -592080 8.28008e-09 7.76831e-09
3.05812e+06 0.0347221 -0.204473 1.24652e-16 9.14649e-19 -40422.4 -592119 8.57112e-09 8.20825e-09
3.05682e+06 0.0347876 -0.204852 1.36052e-16 8.32662e-19 -40609.8 -592158 8.75302e-09 7.47248e-09
3.05551e+06 0.0348532 -0.205231 1.46299e-16 8.00759e-19 -40797.9 -592197 8.97129e-09 7.18618e-09
3.0542e+06 0.0349188 -0.20561 1.59583e-16 8.11324e-19 -40986.7 -592238 9.23323e-09 7.28099e-09
3.05288e+06 0.0349845 -0.20599 1.73293e-16 7.58498e-19 -41176.6 -592279 9.47334e-09 6.80692e-09
3.05156e+06 0.0350503 -0.20637 1.89908e-16 7.15232e-19 -41367.6 -592320 9.84441e-09 6.41864e-09
3.05022e+06 0.0351161 -0.206751 1.99274e-16 7.40484e-19 -41559.9 -592363 1.00991e-08 6.64526e-09
3.04888e+06 0.0351821 -0.207132 2.17341e-16 6.73163e-19 -41753.8 -592406 1.0492e-08 6.0411e-09
3.04752e+06 0.0352481 -0.207514 2.78866e-16 6.15421e-19 -41949.5 -592450 1.14087e-08 5.52291e-09
3.04615e+06 0.0353143 -0.207897 3.83713e-16 3.39122e-19 -42147.5 -592495 1.31841e-08 3.04335e-09
3.04475e+06 0.0353806 -0.208281 4.68447e-16 3.85886e-19 -42348 -592542 1.46247e-08 3.46303e-09
3.04333e+06 0.0354471 -0.208665 5.38705e-16 2.18218e-19 -42552.2 -592589 1.58325e-08 1.95834e-09
3.04187e+06 0.0355138 -0.209051 6.37306e-16 2.20017e-19 -42761.3 -592637 1.75205e-08 1.97448e-09
3.04038e+06 0.0355807 -0.209439 6.52643e-16 1.8615e-19 -42975.1 -592687 1.78189e-08 1.67055e-09
3.03881e+06 0.0356481 -0.209829 7.23167e-16 1.60506e-19 -43195.4 -592739 1.89757e-08 1.44041e-09
3.03726e+06 0.0357156 -0.210219 7.3353e-16 2.14632e-20 -43418.8 -592792 1.91576e-08 1.92615e-10
3.03564e+06 0.0357834 -0.210612 7.17045e-16 8.25021e-20 -43649.9 -592847 1.8983e-08 7.40391e-10
3.03397e+06 0.0358515 -0.211006 7.1668e-16 1.59756e-20 -43889 -592904 1.89903e-08 1.43368e-10
3.03227e+06 0.0359199 -0.211402 7.07842e-16 9.70046e-20 -44136.8 -592962 1.89466e-08 8.7054e-10
3.03052e+06 0.0359886 -0.2118 7.13414e-16 2.13123e-20 -44394 -593024 1.90121e-08 1.91261e-10
2.9735e+06 0.036373 -0.21405 -1.02777e-15 9.14851e-19 -48367.5 -593817 -8.16358e-09 8.21007e-09
2.9767e+06 0.0364497 -0.214488 4.82454e-16 8.16176e-19 -47779.6 -593736 3.72748e-08 7.32453e-09
2.97624e+06 0.036517 -0.214876 1.44241e-15 1.8065e-19 -48001.4 -593795 3.09738e-08 1.62119e-09
2.92309e+06 0.0368766 -0.217016 -1.11263e-15 7.34024e-19 -55382.9 -595196 -8.60742e-09 6.58728e-09
2.92628e+06 0.0369464 -0.217413 3.85002e-16 1.29194e-18 -54563.2 -595077 3.63362e-08 1.15941e-08
2.92653e+06 0.03701 -0.217777 2.55993e-16 1.45941e-18 -54457.9 -595081 3.24945e-08 1.30971e-08
2.92595e+06 0.0370711 -0.21813 6.2048e-16 7.98164e-19 -54704.2 -595146 1.83646e-08 7.16289e-09
2.92535e+06 0.0371321 -0.218484 5.66019e-16 8.46319e-19 -54953.2 -595212 1.76079e-08 7.59504e-09
2.92473e+06 0.0371933 -0.218838 5.1836e-16 7.26839e-19 -55203.9 -595279 1.6873e-08 6.5228e-09
2.92409e+06 0.0372545 -0.219194 4.64947e-16 7.21099e-19 -55456.6 -595346 1.61308e-08 6.47129e-09
2.92343e+06 0.037316 -0.21955 3.47248e-16 -1.38208e-19 -55710.7 -595414 1.42536e-08 -1.24031e-09
2.88526e+06 0.0376054 -0.221243 -8.00133e-16 -6.05143e-19 -58384.6 -595997 -2.91034e-09 -5.43068e-09
2.8866e+06 0.0376724 -0.221628 1.2163e-15 -9.08333e-19 -58317.2 -596013 2.79761e-08 -8.15157e-09
2.88592e+06 0.0377338 -0.221984 1.44489e-15 -2.41891e-19 -58577.6 -596085 3.14322e-08 -2.17078e-09
2.88524e+06 0.0377954 -0.222341 1.67105e-15 -6.11618e-20 -58838.3 -596157 3.4961e-08 -5.48879e-10
2.84737e+06 0.0380767 -0.224013 -1.6269e-15 1.30724e-18 -64114.2 -597205 -1.47556e-08 1.17314e-08
2.84877e+06 0.0381441 -0.224397 -2.07571e-16 1.0221e-18 -63662 -597158 2.79033e-08 9.17257e-09
2.84699e+06 0.0382395 -0.224912 -1.45303e-16 1.39524e-18 -63989.4 -594151 2.99624e-08 1.25211e-08
2.84635e+06 0.0383013 -0.225268 -6.35244e-16 1.44123e-18 -64250.8 -594238 1.51195e-08 1.29339e-08
2.8466e+06 0.0383572 -0.22559 -1.35353e-15 -3.0893e-19 -64459.6 -594313 -6.25001e-09 -2.77241e-09
2.84738e+06 0.0384097 -0.225892 -1.43657e-15 -5.9658e-19 -64636.8 -594380 -8.70928e-09 -5.35384e-09
2.84812e+06 0.0384624 -0.226196 -1.50158e-15 -6.38272e-19 -64815.4 -594447 -1.07247e-08 -5.72798e-09
2.84889e+06 0.038515 -0.226498 -1.55892e-15 -7.81059e-19 -64993 -594515 -1.23764e-08 -7.00938e-09
2.84965e+06 0.0385676 -0.226801 -1.61314e-15 -7.4064e-19 -65170 -594582 -1.39407e-08 -6.64666e-09
2.85042e+06 0.0386202 -0.227104 -1.6627e-15 -7.29847e-19 -65346.8 -594650 -1.52285e-08 -6.5498e-09
2.85119e+06 0.0386728 -0.227407 -1.70635e-15 -7.06279e-19 -65523.2 -594718 -1.66619e-08 -6.3383e-09
2.85196e+06 0.0387255 -0.22771 -1.74245e-15 -7.38769e-19 -65699.2 -594787 -1.76151e-08 -6.62987e-09
2.85274e+06 0.0387781 -0.228013 -1.77535e-15 -8.20907e-19 -65874.8 -594855 -1.843e-08 -7.36699e-09
2.85351e+06 0.0388308 -0.228316 -1.7989e-15 -1.00159e-18 -66050.2 -594924 -1.92085e-08 -8.98852e-09
2.85428e+06 0.0388834 -0.228619 -1.8323e-15 -9.9487e-19 -66225.4 -594993 -2.00889e-08 -8.92817e-09
2.85505e+06 0.0389361 -0.228923 -1.8634e-15 -9.40646e-19 -66400.9 -595062 -2.08529e-08 -8.44156e-09
2.8558e+06 0.0389888 -0.229227 -2.00107e-15 -5.63595e-19 -66577.2 -595131 -1.94413e-08 -5.05782e-09
2.85707e+06 0.039038 -0.229512 -1.78685e-15 -1.06577e-18 -66673.2 -595184 -1.62544e-08 -9.56441e-09
2.85875e+06 0.0390846 -0.22978 -1.68596e-15 -8.29592e-19 -66704.6 -595225 -1.4661e-08 -7.44493e-09
2.86025e+06 0.0391323 -0.230056 -1.60012e-15 -6.90571e-19 -66745.4 -595267 -1.33222e-08 -6.19733e-09
2.86154e+06 0.0391814 -0.230339 -1.33267e-15 -6.23585e-19 -66797.6 -595313 -9.24042e-09 -5.59618e-09
2.86263e+06 0.0392317 -0.230631 -1.04374e-15 -5.85596e-19 -66860.4 -595362 -4.82392e-09 -5.25526e-09
2.86363e+06 0.0392828 -0.230925 -9.51294e-16 -3.66428e-19 -66928.6 -595413 -3.30324e-09 -3.2884e-09
2.86458e+06 0.039334 -0.231222 -8.89841e-16 -4.49266e-19 -66999.3 -595465 -2.46651e-09 -4.03181e-09
2.86553e+06 0.0393853 -0.231518 -8.3492e-16 -4.86048e-19 -67070 -595517 -1.49153e-09 -4.3619e-09
2.86648e+06 0.0394367 -0.231815 -7.92415e-16 -4.03524e-19 -67140.6 -595569 -8.14864e-10 -3.62131e-09
2.86742e+06 0.0394881 -0.232112 -7.56388e-16 -3.21821e-19 -67211.4 -595621 -1.96408e-10 -2.88809e-09
2.86835e+06 0.0395396 -0.232409 -7.26817e-16 -2.83085e-19 -67282.2 -595674 3.63841e-10 -2.54046e-09
2.86925e+06 0.0395913 -0.232708 -6.98088e-16 -2.22215e-19 -67354 -595727 7.64019e-10 -1.99421e-09
2.87008e+06 0.0396434 -0.23301 -6.66273e-16 -1.78838e-19 -67428.6 -595781 1.20785e-09 -1.60493e-09
2.87075e+06 0.0396967 -0.233318 -6.21482e-16 -1.89746e-19 -67510.1 -595838 1.97183e-09 -1.70282e-09
2.87114e+06 0.0397518 -0.233636 -5.55091e-16 -2.30771e-19 -67604.1 -595898 3.07777e-09 -2.07099e-09
2.87122e+06 0.039809 -0.233967 -4.78683e-16 -2.21549e-19 -67711.6 -595963 4.32924e-09 -1.98823e-09
2.87115e+06 0.0398672 -0.234304 -4.10485e-16 -3.48267e-19 -67825.7 -596030 5.28966e-09 -3.12542e-09
2.87104e+06 0.0399257 -0.234642 -3.67095e-16 -3.23508e-19 -67941.4 -596098 5.96633e-09 -2.90323e-09
2.87091e+06 0.0399843 -0.234981 -3.33125e-16 -3.42041e-19 -68057.3 -596167 6.60661e-09 -3.06954e-09
2.87079e+06 0.0400429 -0.235321 -3.09275e-16 -3.8794e-19 -68172.9 -596235 7.02862e-09 -3.48145e-09
2.87066e+06 0.0401016 -0.23566 -2.93271e-16 -3.6937e-19 -68288.1 -596304 7.34876e-09 -3.3148e-09
2.87053e+06 0.0401602 -0.235999 -2.80876e-16 -3.54558e-19 -68403 -596373 7.6107e-09 -3.18188e-09
2.8704e+06 0.040219 -0.236339 -2.64539e-16 -4.82996e-19 -68517.6 -596443 7.95267e-09 -4.33451e-09
2.87028e+06 0.0402777 -0.236679 -2.57887e-16 -4.76807e-19 -68631.7 -596512 7.97449e-09 -4.27897e-09
2.87014e+06 0.0403364 -0.237019 -2.53569e-16 -4.71617e-19 -68745.7 -596582 8.19277e-09 -4.23239e-09
2.87002e+06 0.0403952 -0.237359 -2.4704e-16 -5.36501e-19 -68859.1 -596652 8.33102e-09 -4.81467e-09
2.8699e+06 0.0404539 -0.237699 -2.46414e-16 -4.87285e-19 -68972.1 -596722 8.41105e-09 -4.373e-09
2.86977e+06 0.0405127 -0.238039 -2.40933e-16 -5.25682e-19 -69084.8 -596793 8.60023e-09 -4.71758e-09
2.86964e+06 0.0405715 -0.238379 -2.33999e-16 -5.91796e-19 -69197.3 -596864 8.75302e-09 -5.3109e-09
2.86951e+06 0.0406304 -0.23872 -2.28897e-16 -6.65285e-19 -69309.6 -596935 8.87671e-09 -5.97041e-09
2.86938e+06 0.0406893 -0.23906 -2.23771e-16 -7.05158e-19 -69421.6 -597006 9.02223e-09 -6.32824e-09
2.86924e+06 0.0407482 -0.239401 -2.27063e-16 -6.47095e-19 -69533.2 -597078 8.96402e-09 -5.80716e-09
2.86911e+06 0.0408071 -0.239742 -2.28589e-16 -6.05943e-19 -69644.6 -597150 9.06589e-09 -5.43786e-09
2.86899e+06 0.0408661 -0.240083 -2.27116e-16 -6.44498e-19 -69755.2 -597222 9.10954e-09 -5.78386e-09
2.86884e+06 0.0409251 -0.240425 -2.17988e-16 -7.30809e-19 -69866.4 -597294 9.32055e-09 -6.55843e-09
2.86871e+06 0.0409842 -0.240767 -2.19391e-16 -7.01275e-19 -69976.7 -597367 9.34965e-09 -6.29339e-09
2.86855e+06 0.0410433 -0.241109 -2.16922e-16 -6.62175e-19 -70087.6 -597440 9.45151e-09 -5.9425e-09
2.86842e+06 0.0411024 -0.241451 -2.1364e-16 -7.77505e-19 -70197.5 -597513 9.53883e-09 -6.97749e-09
2.86827e+06 0.0411616 -0.241793 -2.15882e-16 -7.32304e-19 -70307.7 -597587 9.517e-09 -6.57185e-09
2.86811e+06 0.0412208 -0.242136 -2.17797e-16 -6.51117e-19 -70418.1 -597661 9.64796e-09 -5.84326e-09
2.86794e+06 0.0412802 -0.242479 -2.07233e-16 -7.82509e-19 -70528.4 -597735 9.80076e-09 -7.0224e-09
2.86777e+06 0.0413395 -0.242823 -2.04971e-16 -7.81586e-19 -70638.7 -597810 9.8808e-09 -7.01412e-09
2.86759e+06 0.0413989 -0.243166 -2.0733e-16 -7.13212e-19 -70748.9 -597885 9.82986e-09 -6.40051e-09
2.86741e+06 0.0414584 -0.243511 -2.0435e-16 -7.54232e-19 -70859.2 -597960 1.00627e-08 -6.76864e-09
2.86722e+06 0.041518 -0.243855 -2.08356e-16 -6.49144e-19 -70969.5 -598036 9.98994e-09 -5.82555e-09
2.86702e+06 0.0415776 -0.2442 -2.03772e-16 -6.62062e-19 -71079.9 -598112 1.00772e-08 -5.94149e-09
2.86681e+06 0.0416373 -0.244546 -2.00568e-16 -6.83325e-19 -71190.4 -598188 1.01573e-08 -6.13231e-09
2.86659e+06 0.041697 -0.244891 -1.99641e-16 -6.33346e-19 -71300.9 -598265 1.0361e-08 -5.68378e-09
2.86636e+06 0.0417569 -0.245238 -1.98349e-16 -5.70859e-19 -71411.7 -598342 1.0441e-08 -5.12301e-09
2.86612e+06 0.0418169 -0.245585 -1.95049e-16 -6.01403e-19 -71522.6 -598420 1.05284e-08 -5.39712e-09
2.86587e+06 0.0418769 -0.245932 -1.94797e-16 -5.48173e-19 -71633.7 -598498 1.05647e-08 -4.91942e-09
2.86561e+06 0.041937 -0.24628 -1.85368e-16 -6.13731e-19 -71745 -598576 1.07976e-08 -5.50775e-09
2.86533e+06 0.0419973 -0.246629 -1.80024e-16 -6.3434e-19 -71856.6 -598655 1.09504e-08 -5.6927e-09
2.86504e+06 0.0420576 -0.246978 -1.71513e-16 -7.04913e-19 -71968.6 -598734 1.11032e-08 -6.32604e-09
2.86473e+06 0.0421181 -0.247328 -1.63514e-16 -7.47251e-19 -72081.2 -598814 1.12705e-08 -6.70598e-09
2.8644e+06 0.0421787 -0.247679 -1.62605e-16 -6.98279e-19 -72194 -598894 1.13433e-08 -6.2665e-09
2.86406e+06 0.0422395 -0.248031 -1.54658e-16 -7.62567e-19 -72307.2 -598975 1.15397e-08 -6.84343e-09
2.86371e+06 0.0423003 -0.248383 -1.46913e-16 -8.00841e-19 -72420.8 -599056 1.17289e-08 -7.18692e-09
2.86334e+06 0.0423612 -0.248735 -1.44979e-16 -7.8097e-19 -72534.5 -599138 1.17798e-08 -7.00859e-09
2.86296e+06 0.0424223 -0.249089 -1.42113e-16 -7.26177e-19 -72648.9 -599220 1.18744e-08 -6.51686e-09
2.86256e+06 0.0424835 -0.249443 -1.39759e-16 -6.68864e-19 -72763.5 -599303 1.20345e-08 -6.00252e-09
2.86214e+06 0.0425448 -0.249798 -1.3511e-16 -6.8834e-19 -72878.4 -599386 1.21582e-08 -6.1773e-09
2.86171e+06 0.0426062 -0.250153 -1.27795e-16 -7.455e-19 -72993.7 -599469 1.23328e-08 -6.69027e-09
2.86126e+06 0.0426678 -0.25051 -1.1299e-16 -7.00367e-19 -73109.4 -599553 1.25511e-08 -6.28524e-09
2.86079e+06 0.0427295 -0.250867 -8.73693e-17 -8.2504e-19 -73226.3 -599638 1.29804e-08 -7.40408e-09
2.86031e+06 0.0427913 -0.251225 -7.61769e-17 -7.55467e-19 -73343.6 -599723 1.32132e-08 -6.77972e-09
2.85981e+06 0.0428532 -0.251583 -5.71705e-17 -8.1281e-19 -73461.2 -599809 1.35188e-08 -7.29432e-09
2.85929e+06 0.0429153 -0.251943 -4.65521e-17 -8.12494e-19 -73579.1 -599895 1.37516e-08 -7.29149e-09
2.85876e+06 0.0429775 -0.252303 -3.75087e-17 -8.05874e-19 -73697.4 -599981 1.39117e-08 -7.23208e-09
2.85821e+06 0.0430398 -0.252663 -3.00918e-17 -8.1066e-19 -73816 -600068 1.40863e-08 -7.27503e-09
2.85541e+06 0.0431657 -0.253316 -1.00917e-16 -4.16625e-19 -74063.9 -594491 1.20781e-08 -3.73888e-09
2.85484e+06 0.0432284 -0.253677 -6.46046e-16 -8.91231e-19 -74182.9 -594599 -4.22728e-09 -7.99809e-09
2.85426e+06 0.0432912 -0.254039 -9.32719e-16 -1.36103e-18 -74302.4 -594707 -1.28711e-08 -1.22142e-08
2.85366e+06 0.0433542 -0.254401 -9.6999e-16 -1.40821e-18 -74422 -594815 -1.38825e-08 -1.26375e-08
2.85306e+06 0.0434172 -0.254763 -1.00774e-15 -1.49753e-18 -74541.7 -594923 -1.4952e-08 -1.34391e-08
2.85244e+06 0.0434803 -0.255126 -1.04421e-15 -1.48185e-18 -74661.7 -595032 -1.5978e-08 -1.32984e-08
2.84052e+06 0.0435706 -0.255649 4.55854e-16 -3.73157e-18 -75332.3 -595276 2.92421e-08 -3.34879e-08
2.84024e+06 0.0436331 -0.256008 -1.37767e-16 -1.0456e-18 -75435 -595382 1.1416e-08 -9.38348e-09
2.83989e+06 0.0436956 -0.256368 -9.99417e-17 -1.28373e-18 -75540.6 -595489 1.25584e-08 -1.15204e-08
2.83951e+06 0.0437583 -0.256728 1.663e-17 -1.10821e-18 -75647.4 -595596 1.62109e-08 -9.94534e-09
2.83912e+06 0.043821 -0.257089 9.93007e-17 -1.05272e-18 -75754.4 -595703 1.87575e-08 -9.44735e-09
2.83872e+06 0.0438838 -0.25745 1.52384e-16 -9.86409e-19 -75861.5 -595811 2.04018e-08 -8.85224e-09
2.83829e+06 0.0439467 -0.257812 1.94288e-16 -9.94234e-19 -75969.7 -595919 2.17188e-08 -8.92246e-09
2.8378e+06 0.0440098 -0.258175 2.35983e-16 -1.09198e-18 -76080.6 -596028 2.30285e-08 -9.79967e-09
2.83721e+06 0.0440733 -0.25854 2.69017e-16 -1.04519e-18 -76195.9 -596139 2.4229e-08 -9.37977e-09
2.8254e+06 0.0441285 -0.258884 -1.34106e-16 -1.15574e-18 -81503.5 -597149 1.21509e-08 -1.03718e-08
2.81422e+06 0.0442235 -0.259436 8.86595e-16 -3.0441e-18 -81879.4 -597351 2.82453e-08 -2.73184e-08
2.81423e+06 0.0442852 -0.259792 -4.1426e-16 -8.47311e-19 -81852.2 -597435 9.86625e-09 -7.60395e-09
2.81409e+06 0.0443474 -0.260151 -1.03671e-15 -5.76548e-19 -81832 -597522 1.12055e-09 -5.17406e-09
2.81395e+06 0.0444096 -0.26051 -1.11272e-15 -5.63316e-19 -81812.5 -597608 5.82562e-11 -5.05532e-09
2.81378e+06 0.0444718 -0.26087 -1.15289e-15 -5.68445e-19 -81800.2 -597697 -4.51061e-10 -5.10135e-09
2.81352e+06 0.0445343 -0.261231 -1.16598e-15 -5.53017e-19 -81821.1 -597791 -4.72889e-10 -4.96289e-09
2.81316e+06 0.044597 -0.261594 -1.15362e-15 -5.76113e-19 -81880.2 -597893 -2.5461e-10 -5.17016e-09
2.80266e+06 0.0446894 -0.262134 7.8149e-16 -2.87778e-18 -82451.3 -598129 2.71175e-08 -2.58258e-08
2.80242e+06 0.0447518 -0.262495 7.83558e-18 -8.40946e-19 -82516.8 -598232 1.62473e-08 -7.54682e-09
2.80203e+06 0.0448146 -0.262859 -1.83319e-16 -9.93247e-19 -82602.1 -598339 1.36716e-08 -8.9136e-09
2.80158e+06 0.0448776 -0.263224 -2.19569e-16 -1.08785e-18 -82692.6 -598448 1.32277e-08 -9.76262e-09
2.80114e+06 0.0449406 -0.263589 -1.65151e-16 -1.02932e-18 -82783.2 -598557 1.39917e-08 -9.23731e-09
2.78999e+06 0.0450335 -0.264132 1.38658e-15 -3.13021e-18 -83392.5 -598802 3.58632e-08 -2.80912e-08
2.78982e+06 0.045096 -0.264494 1.37916e-16 -9.72044e-19 -83470.1 -598908 1.84737e-08 -8.72333e-09
2.78948e+06 0.045159 -0.264859 -3.45898e-16 -8.10817e-19 -83557 -599017 1.17871e-08 -7.27644e-09
2.78904e+06 0.0452222 -0.265225 -2.84046e-16 -1.02043e-18 -83653.6 -599129 1.26166e-08 -9.15752e-09
2.78859e+06 0.0452854 -0.265592 -2.96023e-16 -1.05621e-18 -83750.7 -599240 1.2602e-08 -9.47864e-09
2.78814e+06 0.0453487 -0.265959 -3.39188e-16 -1e-18 -83848 -599352 1.20563e-08 -8.97424e-09
2.77613e+06 0.0453809 -0.266151 1.09495e-15 -3.58732e-18 -84475.8 -599511 3.19488e-08 -3.21934e-08
2.77602e+06 0.0454458 -0.266527 -3.2923e-16 -8.50407e-19 -84557.2 -599623 1.22673e-08 -7.63173e-09
2.77568e+06 0.0455104 -0.266902 -7.28236e-16 -7.47574e-19 -84648.8 -599737 6.89038e-09 -6.70888e-09
2.77533e+06 0.045575 -0.267276 -4.35259e-16 -8.60325e-19 -84740.5 -599851 1.10013e-08 -7.72074e-09
2.77496e+06 0.0456396 -0.26765 -2.09224e-16 -9.47165e-19 -84833.3 -599965 1.41954e-08 -8.50006e-09
2.76402e+06 0.045718 -0.268157 1.29039e-15 -3.06113e-18 -89823.2 -600961 3.46045e-08 -2.74713e-08
2.76402e+06 0.0457835 -0.268534 3.359e-17 -8.92138e-19 -89721.4 -601043 1.76442e-08 -8.00623e-09
2.76379e+06 0.0458484 -0.268909 -3.67687e-16 -8.33421e-19 -89692.2 -601137 1.22018e-08 -7.47929e-09
2.76344e+06 0.045913 -0.269282 -4.13101e-16 -8.88209e-19 -89686.3 -601235 1.17725e-08 -7.97097e-09
2.76307e+06 0.0459775 -0.269655 -4.67181e-16 -7.94532e-19 -89681.7 -601333 1.10377e-08 -7.1303e-09
2.76268e+06 0.0460421 -0.270028 -5.29666e-16 -7.44119e-19 -89677.8 -601432 1.02883e-08 -6.67788e-09
2.76224e+06 0.0461065 -0.270401 -5.80254e-16 -7.7412e-19 -89690.8 -601533 9.66252e-09 -6.94712e-09
2.76169e+06 0.0461707 -0.270773 -6.34977e-16 -7.08416e-19 -89744.9 -601642 8.88399e-09 -6.35747e-09
2.76111e+06 0.0462348 -0.271144 -6.86695e-16 -8.05551e-19 -89814.8 -601753 8.38923e-09 -7.22919e-09
2.73835e+06 0.0462347 -0.271196 2.56614e-16 -4.6696e-18 -95430.4 -602671 3.03772e-08 -4.19059e-08
2.73832e+06 0.0462993 -0.271577 -1.52801e-15 -9.90731e-22 -95345.6 -602826 -3.4342e-09 -8.89103e-12
2.73833e+06 0.0463647 -0.271955 -8.46512e-16 -4.20762e-19 -95292.4 -602919 5.72623e-09 -3.77601e-09
2.73824e+06 0.0464306 -0.272335 2.96083e-16 -1.27308e-18 -95243.4 -603013 2.10494e-08 -1.14249e-08
2.73815e+06 0.0464964 -0.272715 6.89899e-16 -1.14086e-18 -95195.7 -603107 2.62008e-08 -1.02384e-08
2.73803e+06 0.0465622 -0.273095 8.32321e-16 -1.4161e-18 -95156.4 -603203 2.82817e-08 -1.27084e-08
2.73781e+06 0.0466277 -0.273473 9.31043e-16 -1.33421e-18 -95139.5 -603303 2.96787e-08 -1.19734e-08
2.73739e+06 0.0466924 -0.273848 1.01602e-15 -1.49681e-18 -95172.9 -603410 3.07046e-08 -1.34327e-08
2.72667e+06 0.0467268 -0.274054 1.27371e-15 -3.64492e-18 -95753.4 -603567 3.42407e-08 -3.27103e-08
2.72653e+06 0.0467924 -0.274433 -9.08502e-16 -1.28848e-19 -95800.1 -603678 5.44247e-09 -1.15631e-09
2.72621e+06 0.0468574 -0.27481 -1.70631e-15 -8.66778e-20 -95864.9 -603792 -4.99126e-09 -7.77865e-10
2.72586e+06 0.0469223 -0.275186 -1.54222e-15 -3.23141e-19 -95932.8 -603907 -2.69933e-09 -2.89994e-09
2.71494e+06 0.046957 -0.275392 4.18043e-16 -3.49661e-18 -96481.8 -604059 2.31303e-08 -3.13793e-08
2.70179e+06 0.0469844 -0.275572 6.23523e-16 -2.04781e-18 -98343.6 -604430 2.57788e-08 -1.83775e-08
2.70163e+06 0.0470497 -0.27595 5.29107e-16 -1.75223e-18 -98382.4 -604540 2.45637e-08 -1.57249e-08
2.70135e+06 0.0471145 -0.276326 5.94022e-16 -1.32419e-18 -98442.4 -604654 2.55023e-08 -1.18835e-08
2.70105e+06 0.0471795 -0.276702 6.42746e-16 -1.29663e-18 -98503.4 -604769 2.62008e-08 -1.16362e-08
2.70075e+06 0.0472443 -0.277078 6.93385e-16 -1.39437e-18 -98564.2 -604883 2.69065e-08 -1.25133e-08
2.70038e+06 0.047309 -0.277453 7.51922e-16 -1.44138e-18 -98627.7 -604998 2.7736e-08 -1.29353e-08
2.69991e+06 0.0473734 -0.277826 8.18686e-16 -1.55732e-18 -98697.1 -605114 2.86237e-08 -1.39757e-08
2.69943e+06 0.0474378 -0.278199 8.61781e-16 -1.51182e-18 -98767.3 -605230 2.92712e-08 -1.35674e-08
2.69893e+06 0.0475022 -0.278572 9.09819e-16 -1.57178e-18 -98838 -605346 2.99261e-08 -1.41055e-08
2.68787e+06 0.0475266 -0.278769 -6.40448e-16 -5.95033e-19 -103743 -606249 9.60432e-09 -5.33995e-09
2.68577e+06 0.0476045 -0.27922 -1.42643e-15 -8.33986e-19 -103732 -606373 8.73636e-11 -7.48437e-09
2.68551e+06 0.0476695 -0.279595 -1.37137e-15 -5.00727e-19 -103685 -606470 8.07683e-10 -4.49363e-09
2.68521e+06 0.0477343 -0.27997 -1.37478e-15 -4.42881e-19 -103651 -606570 8.65891e-10 -3.9745e-09
2.6849e+06 0.0477991 -0.280344 -1.39257e-15 -4.82479e-19 -103618 -606669 7.27648e-10 -4.32987e-09
2.68459e+06 0.0478639 -0.280719 -1.42908e-15 -2.91737e-19 -103585 -606769 2.54711e-10 -2.61811e-09
2.68423e+06 0.0479286 -0.281093 -1.43865e-15 -3.93342e-19 -103570 -606872 3.05643e-10 -3.52993e-09
2.68379e+06 0.047993 -0.281466 -1.44091e-15 -4.66226e-19 -103595 -606982 3.05643e-10 -4.18401e-09
2.68331e+06 0.0480573 -0.281838 -1.45458e-15 -3.97954e-19 -103634 -607094 2.61987e-10 -3.57132e-09
2.68281e+06 0.0481216 -0.28221 -1.46252e-15 -3.93856e-19 -103677 -607207 3.05643e-10 -3.53455e-09
2.6823e+06 0.0481858 -0.282582 -1.47811e-15 -2.77437e-19 -103733 -607323 1.60124e-10 -2.48978e-09
2.68177e+06 0.04825 -0.282954 -1.47972e-15 -3.67317e-19 -103791 -607439 1.89228e-10 -3.29638e-09
2.68025e+06 0.048321 -0.283367 -1.42619e-15 -5.63044e-19 -103901 -607576 1.04051e-09 -5.05288e-09
2.67973e+06 0.0483851 -0.283738 -1.4654e-15 -4.55468e-19 -103959 -607692 6.33061e-10 -4.08747e-09
2.67919e+06 0.0484493 -0.28411 -1.48618e-15 -4.57462e-19 -104019 -607809 4.3661e-10 -4.10536e-09
2.67864e+06 0.0485133 -0.284481 -1.50716e-15 -3.02353e-19 -104084 -607927 2.69263e-10 -2.71338e-09
2.67809e+06 0.0485773 -0.284853 -1.50743e-15 -4.32859e-19 -104148 -608045 3.05643e-10 -3.88457e-09
2.67754e+06 0.0486414 -0.285224 -1.5142e-15 -4.56137e-19 -104213 -608163 3.34747e-10 -4.09347e-09
2.67698e+06 0.0487054 -0.285595 -1.5202e-15 -4.78464e-19 -104277 -608282 3.71127e-10 -4.29383e-09
2.67642e+06 0.0487694 -0.285966 -1.53538e-15 -3.59082e-19 -104342 -608400 1.96504e-10 -3.22248e-09
2.67586e+06 0.0488333 -0.286337 -1.54275e-15 -3.41298e-19 -104407 -608519 2.32884e-10 -3.06288e-09
2.67529e+06 0.0488973 -0.286707 -1.54527e-15 -3.74984e-19 -104472 -608638 2.98368e-10 -3.36519e-09
2.67471e+06 0.0489612 -0.287078 -1.54879e-15 -4.10716e-19 -104537 -608757 2.7654e-10 -3.68586e-09
2.67413e+06 0.049025 -0.287448 -1.55435e-15 -3.60396e-19 -104602 -608876 3.20196e-10 -3.23427e-09
2.67355e+06 0.0490889 -0.287819 -1.55342e-15 -4.40486e-19 -104668 -608995 4.51163e-10 -3.95301e-09
2.67295e+06 0.0491527 -0.288189 -1.56221e-15 -3.81453e-19 -104733 -609115 4.94819e-10 -3.42324e-09
2.67233e+06 0.0492165 -0.288558 -1.56051e-15 -4.36321e-19 -104799 -609235 5.09371e-10 -3.91564e-09
2.67171e+06 0.0492802 -0.288928 -1.55611e-15 -5.01961e-19 -104866 -609355 6.83994e-10 -4.50471e-09
2.66904e+06 0.0494015 -0.289554 -9.68378e-16 -3.4857e-19 -105053 -604541 1.79135e-08 -3.12814e-09
2.6684e+06 0.0494655 -0.289922 -7.18691e-16 -5.11107e-19 -105120 -604677 2.5364e-08 -4.58679e-09
2.66774e+06 0.0495294 -0.290289 -4.02549e-16 -4.81857e-19 -105187 -604812 3.47937e-08 -4.32429e-09
2.66704e+06 0.0495931 -0.290656 -7.25853e-17 -4.11839e-19 -105255 -604948 4.47908e-08 -3.69593e-09
2.66632e+06 0.0496568 -0.291023 2.17156e-16 -2.56689e-19 -105324 -605084 5.34056e-08 -2.30358e-09
2.66555e+06 0.0497203 -0.291388 4.5229e-16 -3.18527e-19 -105394 -605219 6.0245e-08 -2.85853e-09
2.66472e+06 0.0497835 -0.291752 6.34426e-16 -2.80457e-19 -105472 -605356 6.58911e-08 -2.51688e-09
2.66389e+06 0.0498468 -0.292116 7.72518e-16 -2.73414e-19 -105552 -605493 7.00675e-08 -2.45367e-09
2.66299e+06 0.0499099 -0.292479 8.8879e-16 -1.97745e-19 -105638 -605631 7.3429e-08 -1.7746e-09
2.66206e+06 0.0499729 -0.292842 9.9071e-16 -2.10579e-19 -105727 -605770 7.66013e-08 -1.88978e-09
2.6611e+06 0.0500358 -0.293204 1.08137e-15 -2.22375e-19 -105821 -605909 7.93371e-08 -1.99564e-09
2.60755e+06 0.0500257 -0.293138 -1.94814e-16 -1.88825e-18 -111796 -603536 -9.62604e-09 -1.69455e-08
2.61194e+06 0.0500336 -0.293215 1.3839e-16 -3.38509e-19 -111496 -606726 2.62517e-08 -3.03785e-09
2.61295e+06 0.0500863 -0.293522 -9.78882e-16 -1.06445e-19 -111421 -606992 -1.93535e-09 -9.55257e-10
2.61248e+06 0.050151 -0.293894 -1.01799e-15 1.33751e-19 -111424 -607119 -2.92488e-09 1.20031e-09
2.61205e+06 0.0502154 -0.294264 -1.06742e-15 2.77882e-19 -111425 -607246 -4.48193e-09 2.49377e-09
2.58755e+06 0.0502149 -0.294277 -1.6276e-16 -2.07716e-18 -113930 -607661 7.40698e-09 -1.86409e-08
2.58492e+06 0.0502627 -0.294565 8.54309e-16 -1.92459e-18 -114588 -607896 1.09576e-08 -1.72717e-08
2.58552e+06 0.0503296 -0.294952 8.07141e-16 -9.05648e-19 -114473 -608008 1.03756e-08 -8.12748e-09
2.5861e+06 0.0503965 -0.295338 8.37733e-16 -7.52003e-19 -114359 -608119 1.08121e-08 -6.74863e-09
2.58572e+06 0.0504609 -0.295712 8.34019e-16 -1.58831e-18 -114390 -608252 1.07685e-08 -1.42538e-08
2.58631e+06 0.0505278 -0.296098 7.92415e-17 -9.22782e-19 -114274 -608364 1.48435e-09 -8.28124e-09
2.5869e+06 0.0505948 -0.296485 -2.86465e-16 -8.7476e-19 -114160 -608476 -2.99764e-09 -7.85028e-09
2.58749e+06 0.0506617 -0.296871 -5.67489e-16 -7.9659e-19 -114045 -608589 -6.37368e-09 -7.14877e-09
2.58807e+06 0.0507286 -0.297258 -7.59676e-16 -8.45343e-19 -113931 -608701 -8.67289e-09 -7.58629e-09
2.58866e+06 0.0507955 -0.297644 -9.12746e-16 -7.29023e-19 -113817 -608814 -1.0521e-08 -6.54241e-09
2.58925e+06 0.0508624 -0.29803 -1.02463e-15 -7.19e-19 -113702 -608927 -1.18598e-08 -6.45246e-09
2.58984e+06 0.0509293 -0.298417 -1.11078e-15 -7.98604e-19 -113588 -609040 -1.28493e-08 -7.16684e-09
2.59043e+06 0.0509963 -0.298803 -1.19674e-15 -6.65365e-19 -113473 -609153 -1.38388e-08 -5.97113e-09
2.59102e+06 0.0510631 -0.29919 -1.25985e-15 -6.69175e-19 -113359 -609267 -1.45519e-08 -6.00532e-09
2.5916e+06 0.05113 -0.299576 -1.31358e-15 -6.81267e-19 -113246 -609380 -1.51921e-08 -6.11384e-09
2.59217e+06 0.0511968 -0.299962 -1.36207e-15 -5.82051e-19 -113136 -609494 -1.57888e-08 -5.22345e-09
2.59268e+06 0.0512635 -0.300347 -1.38592e-15 -6.638e-19 -113034 -609610 -1.60216e-08 -5.95708e-09
2.59306e+06 0.0513298 -0.30073 -1.38724e-15 -7.59614e-19 -112953 -609728 -1.59052e-08 -6.81694e-09
2.59319e+06 0.0513955 -0.30111 -1.35745e-15 -9.00127e-19 -112911 -609853 -1.55414e-08 -8.07793e-09
2.59316e+06 0.0514607 -0.301488 -1.34451e-15 -9.14086e-19 -112894 -609981 -1.53377e-08 -8.2032e-09
2.5931e+06 0.0515258 -0.301865 -1.34214e-15 -1.01458e-18 -112883 -610110 -1.52795e-08 -9.10508e-09
2.59304e+06 0.0515909 -0.302243 -1.35459e-15 -1.04173e-18 -112872 -610239 -1.5425e-08 -9.34873e-09
2.59298e+06 0.051656 -0.30262 -1.382e-15 -9.2075e-19 -112861 -610368 -1.57015e-08 -8.26301e-09
2.59291e+06 0.0517211 -0.302997 -1.394e-15 -1.06777e-18 -112850 -610498 -1.57597e-08 -9.58237e-09
2.59285e+06 0.0517862 -0.303374 -1.41296e-15 -1.1222e-18 -112839 -610627 -1.59779e-08 -1.00708e-08
2.59278e+06 0.0518513 -0.303751 -1.43339e-15 -1.15707e-18 -112829 -610757 -1.61962e-08 -1.03838e-08
2.59271e+06 0.0519163 -0.304129 -1.45887e-15 -1.12518e-18 -112819 -610887 -1.64e-08 -1.00976e-08
2.59265e+06 0.0519814 -0.304506 -1.479e-15 -1.19133e-18 -112808 -611017 -1.65891e-08 -1.06913e-08
2.59258e+06 0.0520465 -0.304883 -1.50119e-15 -1.23874e-18 -112798 -611147 -1.67492e-08 -1.11167e-08
2.59251e+06 0.0521115 -0.30526 -1.53059e-15 -1.15791e-18 -112788 -611277 -1.71275e-08 -1.03913e-08
2.59245e+06 0.0521766 -0.305637 -1.55248e-15 -1.20999e-18 -112777 -611408 -1.73749e-08 -1.08587e-08
2.59239e+06 0.0522417 -0.306014 -1.58149e-15 -1.1778e-18 -112766 -611538 -1.76514e-08 -1.05698e-08
2.59233e+06 0.0523067 -0.306391 -1.60491e-15 -1.15376e-18 -112756 -611669 -1.78842e-08 -1.0354e-08
2.59226e+06 0.0523718 -0.306768 -1.62546e-15 -1.13461e-18 -112746 -611800 -1.80443e-08 -1.01822e-08
2.59219e+06 0.0524368 -0.307145 -1.64155e-15 -1.20007e-18 -112736 -611930 -1.82626e-08 -1.07697e-08
2.59213e+06 0.0525018 -0.307522 -1.66875e-15 -1.07003e-18 -112726 -612062 -1.84227e-08 -9.60271e-09
2.59093e+06 0.0525627 -0.307878 -1.54391e-15 -1.4877e-18 -112987 -612232 -1.6982e-08 -1.3351e-08
2.59088e+06 0.0526278 -0.308255 -1.6507e-15 -1.06217e-18 -112976 -612363 -1.81316e-08 -9.53212e-09
2.59082e+06 0.0526928 -0.308632 -1.69764e-15 -1.11918e-18 -112965 -612495 -1.86555e-08 -1.00438e-08
2.59076e+06 0.0527578 -0.309009 -1.80678e-15 -8.51515e-19 -112954 -612626 -1.98342e-08 -7.64167e-09
2.5907e+06 0.0528229 -0.309386 -1.84943e-15 -7.58689e-19 -112943 -612758 -2.03581e-08 -6.80864e-09
2.59065e+06 0.0528879 -0.309763 -1.88576e-15 -7.029e-19 -112932 -612889 -2.06928e-08 -6.30798e-09
2.59058e+06 0.0529529 -0.31014 -1.90711e-15 -7.60689e-19 -112922 -613021 -2.08237e-08 -6.82658e-09
2.59052e+06 0.0530179 -0.310517 -1.93563e-15 -6.85637e-19 -112912 -613153 -2.11584e-08 -6.15305e-09
2.59045e+06 0.0530829 -0.310894 -1.95652e-15 -6.83045e-19 -112902 -613286 -2.14204e-08 -6.12979e-09
2.59039e+06 0.0531479 -0.31127 -1.98094e-15 -6.2256e-19 -112892 -613418 -2.15659e-08 -5.58699e-09
2.59032e+06 0.0532129 -0.311647 -2.00528e-15 -5.39708e-19 -112883 -613551 -2.18278e-08 -4.84345e-09
2.59025e+06 0.0532779 -0.312024 -2.02086e-15 -5.68952e-19 -112873 -613683 -2.19297e-08 -5.10589e-09
2.59019e+06 0.0533429 -0.312401 -2.03975e-15 -5.72389e-19 -112864 -613816 -2.21043e-08 -5.13674e-09
2.59012e+06 0.0534079 -0.312777 -2.06113e-15 -4.77864e-19 -112855 -613949 -2.22789e-08 -4.28845e-09
2.59005e+06 0.0534728 -0.313154 -2.08092e-15 -4.10225e-19 -112846 -614082 -2.2439e-08 -3.68144e-09
2.58997e+06 0.0535378 -0.313531 -2.09773e-15 -4.09702e-19 -112838 -614216 -2.25845e-08 -3.67675e-09
2.5899e+06 0.0536027 -0.313907 -2.10718e-15 -4.72952e-19 -112830 -614349 -2.257e-08 -4.24437e-09
2.58982e+06 0.0536676 -0.314284 -2.12338e-15 -4.23955e-19 -112822 -614483 -2.27446e-08 -3.80466e-09
2.58974e+06 0.0537326 -0.31466 -2.14309e-15 -3.41821e-19 -112815 -614616 -2.29629e-08 -3.06757e-09
2.58966e+06 0.0537975 -0.315037 -2.15038e-15 -4.21115e-19 -112808 -614750 -2.30211e-08 -3.77918e-09
2.58958e+06 0.0538624 -0.315413 -2.16226e-15 -4.24538e-19 -112801 -614885 -2.30502e-08 -3.80989e-09
2.58949e+06 0.0539273 -0.315789 -2.17686e-15 -3.99641e-19 -112795 -615019 -2.31229e-08 -3.58647e-09
2.5894e+06 0.0539921 -0.316165 -2.18832e-15 -3.81011e-19 -112790 -615154 -2.32539e-08 -3.41927e-09
2.5893e+06 0.054057 -0.316542 -2.19616e-15 -4.28512e-19 -112785 -615288 -2.32393e-08 -3.84555e-09
2.5892e+06 0.0541218 -0.316918 -2.20413e-15 -4.32943e-19 -112781 -615423 -2.32539e-08 -3.88532e-09
2.5891e+06 0.0541867 -0.317294 -2.2197e-15 -3.25845e-19 -112778 -615559 -2.3414e-08 -2.9242e-09
2.58899e+06 0.0542515 -0.31767 -2.22243e-15 -4.01872e-19 -112775 -615694 -2.33558e-08 -3.60648e-09
2.58887e+06 0.0543163 -0.318045 -2.2311e-15 -3.74496e-19 -112773 -615830 -2.34285e-08 -3.36081e-09
2.58875e+06 0.054381 -0.318421 -2.24327e-15 -3.00659e-19 -112773 -615966 -2.34431e-08 -2.69817e-09
2.58863e+06 0.0544458 -0.318797 -2.24828e-15 -3.33706e-19 -112773 -616102 -2.35158e-08 -2.99475e-09
2.5885e+06 0.0545105 -0.319172 -2.25689e-15 -3.52241e-19 -112774 -616238 -2.35158e-08 -3.16109e-09
2.58836e+06 0.0545752 -0.319548 -2.2642e-15 -3.4611e-19 -112776 -616375 -2.34867e-08 -3.10607e-09
2.58821e+06 0.0546399 -0.319923 -2.27376e-15 -3.29654e-19 -112780 -616512 -2.36031e-08 -2.95838e-09
2.58805e+06 0.0547046 -0.320298 -2.28246e-15 -2.798e-19 -112786 -616650 -2.36468e-08 -2.51098e-09
2.58788e+06 0.0547692 -0.320673 -2.29381e-15 -1.91725e-19 -112793 -616787 -2.37487e-08 -1.72058e-09
2.5877e+06 0.0548338 -0.321048 -2.2965e-15 -2.48989e-19 -112802 -616926 -2.36031e-08 -2.23448e-09
2.58752e+06 0.0548983 -0.321423 -2.29725e-15 -2.8159e-19 -112811 -617064 -2.35886e-08 -2.52705e-09
2.58733e+06 0.0549629 -0.321797 -2.30146e-15 -3.13131e-19 -112822 -617203 -2.35449e-08 -2.8101e-09
2.58713e+06 0.0550274 -0.322172 -2.30433e-15 -3.46401e-19 -112835 -617342 -2.3574e-08 -3.10867e-09
2.58692e+06 0.0550919 -0.322546 -2.31473e-15 -2.93966e-19 -112848 -617481 -2.36323e-08 -2.63811e-09
2.58671e+06 0.0551564 -0.322921 -2.32171e-15 -2.873e-19 -112863 -617620 -2.36468e-08 -2.57829e-09
2.58648e+06 0.0552208 -0.323295 -2.32139e-15 -3.44277e-19 -112880 -617760 -2.35886e-08 -3.08961e-09
2.58625e+06 0.0552852 -0.323669 -2.32327e-15 -4.06319e-19 -112898 -617901 -2.35449e-08 -3.64639e-09
2.58601e+06 0.0553496 -0.324043 -2.32808e-15 -3.92336e-19 -112917 -618041 -2.35449e-08 -3.5209e-09
2.58576e+06 0.055414 -0.324416 -2.33797e-15 -3.15597e-19 -112937 -618182 -2.35449e-08 -2.83223e-09
2.5855e+06 0.0554783 -0.32479 -2.33818e-15 -4.0396e-19 -112959 -618323 -2.35304e-08 -3.62522e-09
2.57504e+06 0.0555669 -0.325311 9.28415e-16 -4.9985e-18 -113481 -618605 1.25002e-08 -4.48576e-08
2.57512e+06 0.0556302 -0.325679 7.39715e-16 -2.50159e-18 -113488 -618741 1.05211e-08 -2.24498e-08
2.57517e+06 0.0556936 -0.326047 1.03832e-15 -2.61123e-18 -113497 -618879 1.38244e-08 -2.34337e-08
2.57293e+06 0.0557511 -0.326386 7.31655e-16 -1.24375e-18 -113881 -619070 1.04774e-08 -1.11617e-08
2.56936e+06 0.0558368 -0.326886 -2.09543e-16 -1.49691e-18 -114066 -619286 1.31028e-10 -1.34336e-08
2.5693e+06 0.0559004 -0.327255 -1.288e-15 -2.21826e-19 -114081 -619425 -1.15687e-08 -1.99072e-09
2.56924e+06 0.0559639 -0.327623 -1.7258e-15 -1.59585e-19 -114096 -619564 -1.6269e-08 -1.43215e-09
2.5669e+06 0.0560215 -0.327963 -4.46012e-16 -6.11239e-19 -114456 -619752 -2.28459e-09 -5.48538e-09
2.56675e+06 0.0560852 -0.328333 -6.98717e-17 -1.19925e-18 -114477 -619893 1.81905e-09 -1.07623e-08
2.56654e+06 0.0561491 -0.328704 3.40255e-16 -1.43547e-18 -114502 -620035 6.25738e-09 -1.28822e-08
2.55627e+06 0.0562415 -0.329248 1.99781e-15 -4.84136e-18 -115044 -620330 2.4098e-08 -4.34474e-08
2.55638e+06 0.0563044 -0.329613 4.16266e-16 -1.39239e-18 -115052 -620467 7.14505e-09 -1.24956e-08
2.54658e+06 0.0563531 -0.329959 1.95817e-15 -4.6636e-18 -119702 -621397 2.33268e-08 -4.18521e-08
2.54694e+06 0.0564163 -0.330324 5.76004e-16 -1.53271e-18 -119566 -621509 8.73121e-09 -1.37548e-08
2.54721e+06 0.0564795 -0.33069 -3.73739e-16 -8.87749e-19 -119438 -621623 -1.2514e-09 -7.96685e-09
2.5457e+06 0.0565548 -0.331127 -9.92182e-16 -1.04261e-18 -119415 -621782 -7.68335e-09 -9.35663e-09
2.54585e+06 0.0566178 -0.331491 -1.21629e-15 -2.60149e-19 -119336 -621905 -1.00699e-08 -2.33463e-09
2.54594e+06 0.0566809 -0.331857 -1.37462e-15 -1.10941e-19 -119261 -622028 -1.16415e-08 -9.95607e-10
2.54597e+06 0.0567441 -0.332223 -1.52569e-15 -1.40721e-19 -119190 -622153 -1.31549e-08 -1.26286e-09
2.54596e+06 0.0568075 -0.33259 -1.65015e-15 3.9743e-20 -119125 -622279 -1.44354e-08 3.56662e-10
2.54588e+06 0.056871 -0.332958 -1.74113e-15 1.16946e-19 -119087 -622410 -1.53522e-08 1.0495e-09
2.53819e+06 0.0569561 -0.333458 4.1325e-16 -3.26309e-18 -119461 -622662 7.21781e-09 -2.92836e-08
2.53827e+06 0.057019 -0.333823 5.68943e-16 -1.44032e-18 -119446 -622796 8.78942e-09 -1.29258e-08
2.53831e+06 0.057082 -0.334189 1.04402e-15 -1.55531e-18 -119435 -622931 1.3708e-08 -1.39577e-08
2.53833e+06 0.057145 -0.334555 8.63386e-16 -1.76841e-18 -119427 -623067 1.18744e-08 -1.58701e-08
2.53831e+06 0.0572081 -0.334921 8.73547e-16 -2.01074e-18 -119420 -623204 1.19763e-08 -1.80448e-08
2.52809e+06 0.0572441 -0.335137 2.29309e-15 -5.38888e-18 -119870 -623362 2.66301e-08 -4.83609e-08
2.52824e+06 0.0573087 -0.335512 5.01519e-17 -1.35579e-18 -119867 -623503 3.52163e-09 -1.21671e-08
2.52031e+06 0.0573951 -0.33602 5.87534e-16 -3.42575e-18 -120260 -623762 9.05135e-09 -3.07434e-08
2.52057e+06 0.0574591 -0.336391 -5.69194e-16 -6.85366e-19 -120255 -623901 -2.77935e-09 -6.15062e-09
2.52075e+06 0.057523 -0.336762 -1.35549e-15 -3.88706e-19 -120253 -624041 -1.07247e-08 -3.48833e-09
