179614 0.000139088 0.000356395 0.000504672 0.00056
359221 0.000278177 0.000712793 0.00100935 0.00112
538819 0.00041727 0.00106919 0.00151402 0.00168
718403 0.000556366 0.0014256 0.0020187 0.00224
897969 0.000695465 0.00178201 0.00252338 0.0028
1.07727e+06 0.00083467 0.0021386 0.00302813 0.00336
1.25368e+06 0.000973937 0.00249599 0.00353348 0.00392
1.42683e+06 0.00111307 0.00285406 0.00403947 0.00448
1.59627e+06 0.00125244 0.0032133 0.00454625 0.00504
1.75871e+06 0.00139186 0.00357439 0.00505447 0.0056
1.91326e+06 0.0015311 0.00393701 0.00556425 0.00616
2.06284e+06 0.00167 0.00430034 0.00607497 0.00672
2.20767e+06 0.00180934 0.00466494 0.00658665 0.00728
2.34796e+06 0.00194957 0.00503084 0.00709926 0.00784
2.48492e+06 0.00209109 0.00539806 0.00761256 0.0084
2.61878e+06 0.00223369 0.00576598 0.00812624 0.00896
2.74885e+06 0.00237809 0.00613526 0.00864048 0.00952
2.87507e+06 0.00252375 0.00650544 0.00915524 0.01008
2.99872e+06 0.00267043 0.00687629 0.00967033 0.01064
3.11901e+06 0.00281965 0.00724885 0.010186 0.0112
3.23653e+06 0.00297072 0.00762238 0.0107023 0.01176
3.35156e+06 0.00312301 0.00799624 0.011219 0.01232
3.4648e+06 0.00327619 0.00837044 0.0117357 0.01288
3.57481e+06 0.00343149 0.00874539 0.0122528 0.01344
3.68281e+06 0.00358767 0.00912041 0.0127698 0.014
3.788e+06 0.00374511 0.00949538 0.013287 0.01456
3.89112e+06 0.00390337 0.00987025 0.0138042 0.01512
3.99259e+06 0.00406202 0.0102448 0.0143212 0.01568
4.0922e+06 0.00422177 0.0106198 0.0148382 0.01624
4.18976e+06 0.00438269 0.0109953 0.0153555 0.0168
4.28539e+06 0.00454344 0.0113697 0.015873 0.01736
4.37974e+06 0.00470403 0.0117436 0.0163904 0.01792
4.4719e+06 0.00486609 0.012118 0.0169081 0.01848
4.56282e+06 0.00502855 0.0124928 0.0174261 0.01904
4.65246e+06 0.00519111 0.0128673 0.017944 0.0196
4.74129e+06 0.00535363 0.0132419 0.018462 0.02016
4.82821e+06 0.0055177 0.0136175 0.0189805 0.02072
4.91381e+06 0.005681 0.0139921 0.0194993 0.02128
4.9985e+06 0.00584422 0.0143663 0.0200182 0.02184
5.08246e+06 0.00600765 0.0147407 0.0205371 0.0224
5.16563e+06 0.00617112 0.0151149 0.0210561 0.02296
5.24782e+06 0.00633472 0.0154888 0.0215753 0.02352
5.32937e+06 0.00649814 0.0158625 0.0220945 0.02408
5.40966e+06 0.00666241 0.0162372 0.0226138 0.02464
5.48921e+06 0.0068263 0.0166117 0.0231334 0.0252
5.56806e+06 0.00699021 0.0169861 0.0236532 0.02576
5.64584e+06 0.0071538 0.0173601 0.0241733 0.02632
5.72288e+06 0.00731763 0.0177343 0.0246936 0.02688
5.79886e+06 0.00748208 0.0181092 0.0252144 0.02744
5.87429e+06 0.00764677 0.0184844 0.0257353 0.028
5.94926e+06 0.00781129 0.0188594 0.0262561 0.02856
6.02357e+06 0.00797586 0.0192345 0.026777 0.02912
6.09718e+06 0.00814053 0.0196098 0.027298 0.02968
6.17022e+06 0.00830509 0.0199852 0.0278193 0.03024
6.24257e+06 0.0084692 0.0203605 0.0283411 0.0308
6.3145e+06 0.00863314 0.020736 0.028863 0.03136
6.38594e+06 0.00879698 0.0211114 0.0293847 0.03192
6.45683e+06 0.00896088 0.0214868 0.0299064 0.03248
6.52706e+06 0.00912463 0.0218622 0.0304283 0.03304
6.59669e+06 0.00928792 0.0222372 0.0309506 0.0336
6.66587e+06 0.00945104 0.0226124 0.0314731 0.03416
6.73444e+06 0.00961427 0.0229879 0.0319956 0.03472
6.80239e+06 0.00977755 0.0233636 0.0325181 0.03528
6.86989e+06 0.00994089 0.0237393 0.0330406 0.03584
6.93693e+06 0.0101043 0.0241154 0.0335632 0.0364
7.00353e+06 0.0102678 0.0244922 0.034086 0.03696
7.06964e+06 0.0104312 0.0248691 0.0346088 0.03752
7.13527e+06 0.0105944 0.0252459 0.035132 0.03808
7.20036e+06 0.0107577 0.0256228 0.0356551 0.03864
7.26474e+06 0.0109214 0.0260001 0.0361784 0.0392
7.32856e+06 0.011085 0.0263777 0.0367019 0.03976
7.39194e+06 0.0112485 0.0267554 0.0372254 0.04032
7.45488e+06 0.0114121 0.0271335 0.037749 0.04088
7.51746e+06 0.0115757 0.0275118 0.0382727 0.04144
7.57966e+06 0.0117392 0.0278901 0.0387965 0.042
7.64144e+06 0.0119025 0.0282684 0.0393204 0.04256
7.70265e+06 0.012066 0.0286471 0.0398446 0.04312
7.76332e+06 0.0122293 0.0290258 0.0403689 0.04368
7.82349e+06 0.0123925 0.0294045 0.0408934 0.04424
7.88322e+06 0.0125556 0.0297831 0.0414181 0.0448
7.94258e+06 0.0127187 0.0301619 0.0419429 0.04536
8.00145e+06 0.0128817 0.030541 0.0424677 0.04592
8.05989e+06 0.0130446 0.0309204 0.0429925 0.04648
8.11789e+06 0.0132075 0.0312999 0.0435175 0.04704
8.17549e+06 0.0133701 0.0316795 0.0440425 0.0476
8.23263e+06 0.0135328 0.032059 0.0445675 0.04816
8.28926e+06 0.0136954 0.0324388 0.0450927 0.04872
8.34543e+06 0.013858 0.0328184 0.0456181 0.04928
8.4012e+06 0.0140205 0.0331981 0.0461435 0.04984
8.45654e+06 0.0141828 0.0335779 0.0466689 0.0504
8.51151e+06 0.0143451 0.0339579 0.0471943 0.05096
8.56607e+06 0.0145073 0.0343379 0.0477199 0.05152
8.6202e+06 0.0146694 0.0347183 0.0482456 0.05208
8.67388e+06 0.0148315 0.0350991 0.0487714 0.05264
8.72713e+06 0.0149936 0.0354801 0.0492973 0.0532
8.77993e+06 0.0151555 0.0358614 0.0498231 0.05376
8.8323e+06 0.0153175 0.0362428 0.0503489 0.05432
8.88426e+06 0.0154793 0.0366241 0.0508747 0.05488
8.9358e+06 0.0156411 0.0370055 0.0514005 0.05544
8.98693e+06 0.0158028 0.0373869 0.0519262 0.056
9.03764e+06 0.0159643 0.0377685 0.052452 0.05656
9.08789e+06 0.0161259 0.0381502 0.0529778 0.05712
9.1377e+06 0.0162874 0.0385319 0.0535036 0.05768
9.16614e+06 0.0164685 0.0389445 0.0540389 0.05824
9.17234e+06 0.0166684 0.039389 0.0545836 0.0588
9.16486e+06 0.0168798 0.0398496 0.0551323 0.05936
9.204e+06 0.0170529 0.0402473 0.055663 0.05992
9.19277e+06 0.0172678 0.040717 0.0562155 0.06048
9.20153e+06 0.0174663 0.0411584 0.0567596 0.06104
9.24774e+06 0.017632 0.0415447 0.0572871 0.0616
9.28004e+06 0.0178091 0.0419508 0.0578204 0.06216
9.29294e+06 0.0180026 0.0423851 0.0583627 0.06272
9.29276e+06 0.0182059 0.0428356 0.0589089 0.06328
9.26586e+06 0.0184316 0.043324 0.059466 0.06384
9.25312e+06 0.0186467 0.0437957 0.0600196 0.0644
9.27092e+06 0.018835 0.0442227 0.0605598 0.06496
9.30965e+06 0.0190054 0.0446182 0.0610905 0.06552
9.35512e+06 0.0191693 0.0450032 0.061618 0.06608
9.39945e+06 0.0193337 0.0453892 0.062146 0.06664
9.44291e+06 0.0194985 0.045776 0.0626742 0.0672
9.46182e+06 0.0196837 0.0461977 0.0632124 0.06776
9.38947e+06 0.0197016 0.0464555 0.0637606 0.06832
9.38018e+06 0.019974 0.0469175 0.0643119 0.06888
9.27369e+06 0.0200621 0.0472708 0.0648832 0.06944
9.30007e+06 0.0202392 0.0476771 0.0654213 0.07
9.33849e+06 0.0204041 0.0480644 0.0659523 0.07056
9.34125e+06 0.0205964 0.0484964 0.0664968 0.07112
9.38536e+06 0.0207559 0.0488744 0.0670244 0.07168
9.41149e+06 0.0208988 0.049239 0.0675563 0.07224
9.39127e+06 0.0210395 0.0496188 0.0681013 0.0728
9.31637e+06 0.0211136 0.0499436 0.068657 0.07336
9.3031e+06 0.0212858 0.0503434 0.069205 0.07392
9.30654e+06 0.021419 0.0507081 0.0697446 0.07448
9.29742e+06 0.0215523 0.0510767 0.0702875 0.07504
9.2839e+06 0.0217036 0.0514682 0.0708349 0.0756
9.32501e+06 0.0218634 0.0518457 0.0713634 0.07616
9.34608e+06 0.0220403 0.0522507 0.0718998 0.07672
9.36041e+06 0.0221665 0.0526019 0.0724343 0.07728
9.39924e+06 0.0223255 0.0529793 0.0729632 0.07784
9.43835e+06 0.0224859 0.0533582 0.073492 0.0784
9.47669e+06 0.0226459 0.0537368 0.074021 0.07896
9.50071e+06 0.0227877 0.0541015 0.0745534 0.07952
9.44971e+06 0.022833 0.0543881 0.0751027 0.08008
9.38234e+06 0.0230203 0.0547714 0.0756619 0.08064
9.39085e+06 0.0231333 0.0551129 0.0761964 0.0812
9.42478e+06 0.0232797 0.0554816 0.076726 0.08176
9.46355e+06 0.0234336 0.0558568 0.0772548 0.08232
9.4757e+06 0.0235803 0.056235 0.0777925 0.08288
9.47164e+06 0.0237143 0.0566049 0.0783337 0.08344
9.45776e+06 0.0238245 0.0569535 0.0788772 0.084
9.47492e+06 0.023972 0.0573296 0.0794136 0.08456
9.45709e+06 0.0240548 0.0576497 0.0799551 0.08512
9.48853e+06 0.0242047 0.0580222 0.0804855 0.08568
9.52512e+06 0.0243626 0.058401 0.0810148 0.08624
9.56069e+06 0.0245197 0.0587793 0.0815443 0.0868
9.59565e+06 0.0246764 0.0591576 0.0820741 0.08736
9.62283e+06 0.0248398 0.0595459 0.0826072 0.08792
9.61929e+06 0.0250291 0.0599773 0.0831545 0.08848
9.62773e+06 0.0252078 0.0603914 0.0836962 0.08904
9.61148e+06 0.0254068 0.0608403 0.0842497 0.0896
9.60412e+06 0.0255722 0.0612462 0.084795 0.09016
9.60666e+06 0.0257493 0.0616611 0.0853389 0.09072
9.61361e+06 0.0259393 0.0620559 0.0858788 0.09128
9.64774e+06 0.0260919 0.0624292 0.0864086 0.09184
9.67153e+06 0.0262318 0.0627926 0.0869409 0.0924
9.70451e+06 0.0263842 0.0631663 0.087471 0.09296
9.73171e+06 0.0265296 0.063535 0.0880024 0.09352
9.7363e+06 0.0267096 0.0639543 0.0885461 0.09408
9.69955e+06 0.0269258 0.0644338 0.0891081 0.09464
9.70477e+06 0.0271277 0.0648615 0.0896521 0.0952
9.71839e+06 0.0273019 0.0652715 0.0901925 0.09576
9.74111e+06 0.0274511 0.0656472 0.0907256 0.09632
9.75583e+06 0.0275879 0.0660124 0.0912597 0.09688
9.77677e+06 0.0277266 0.0663766 0.0917919 0.09744
9.81047e+06 0.0278824 0.066755 0.0923219 0.098
9.82843e+06 0.028018 0.0671171 0.0928548 0.09856
9.8277e+06 0.0281306 0.0674617 0.0933932 0.09912
9.8108e+06 0.0282221 0.0677918 0.0939365 0.09968
9.81091e+06 0.0283543 0.0681597 0.094478 0.10024
9.82292e+06 0.0284883 0.0685231 0.0950144 0.1008
9.85716e+06 0.0286465 0.0689028 0.0955444 0.10136
9.88074e+06 0.0288124 0.0692966 0.0960794 0.10192
9.89271e+06 0.028975 0.0696921 0.0966183 0.10248
9.91907e+06 0.0291352 0.0700781 0.0971515 0.10304
9.91795e+06 0.0292457 0.0704228 0.0976902 0.1036
9.93501e+06 0.0293805 0.0707864 0.0982248 0.10416
9.93105e+06 0.0294861 0.0711286 0.0987644 0.10472
9.94408e+06 0.0296145 0.0714872 0.0992996 0.10528
9.95713e+06 0.029742 0.0718455 0.0998347 0.10584
9.98974e+06 0.0298979 0.0722245 0.100365 0.1064
1.00217e+07 0.0300531 0.0726031 0.100895 0.10696
1.0053e+07 0.0302075 0.0729811 0.101425 0.10752
1.0084e+07 0.0303615 0.0733588 0.101956 0.10808
1.01146e+07 0.0305151 0.0737365 0.102486 0.10864
1.0145e+07 0.0306686 0.0741142 0.103016 0.1092
1.01751e+07 0.0308219 0.0744919 0.103547 0.10976
1.01864e+07 0.0309476 0.0748492 0.104082 0.11032
1.02116e+07 0.0310939 0.0752219 0.104614 0.11088
1.02323e+07 0.0312336 0.0755898 0.105147 0.11144
1.02577e+07 0.0313803 0.0759631 0.105678 0.112
1.02882e+07 0.0315344 0.0763417 0.106209 0.11256
1.03184e+07 0.0316882 0.0767203 0.106739 0.11312
1.03482e+07 0.0318417 0.0770992 0.10727 0.11368
1.03778e+07 0.0319954 0.0774789 0.1078 0.11424
1.04073e+07 0.0321491 0.0778593 0.108331 0.1148
1.04367e+07 0.0323027 0.0782396 0.108862 0.11536
1.0466e+07 0.032456 0.0786198 0.109392 0.11592
1.04952e+07 0.0326093 0.0790001 0.109923 0.11648
1.05244e+07 0.0327625 0.0793803 0.110454 0.11704
1.05536e+07 0.0329155 0.0797604 0.110984 0.1176
1.05828e+07 0.0330682 0.0801402 0.111515 0.11816
1.06119e+07 0.0332208 0.0805198 0.112046 0.11872
1.06409e+07 0.0333735 0.0808998 0.112576 0.11928
1.06699e+07 0.0335267 0.0812812 0.113107 0.11984
1.06989e+07 0.0336802 0.0816634 0.113637 0.1204
1.07279e+07 0.0338337 0.0820455 0.114168 0.12096
1.07568e+07 0.0339872 0.0824277 0.114699 0.12152
1.07857e+07 0.0341406 0.0828098 0.115229 0.12208
1.08146e+07 0.0342941 0.083192 0.11576 0.12264
1.08434e+07 0.0344474 0.0835741 0.11629 0.1232
1.08722e+07 0.0346008 0.0839561 0.116821 0.12376
1.0901e+07 0.0347542 0.0843382 0.117351 0.12432
1.09298e+07 0.0349076 0.0847202 0.117881 0.12488
1.09586e+07 0.035061 0.0851023 0.118412 0.12544
1.09875e+07 0.0352145 0.0854844 0.118942 0.126
1.10164e+07 0.0353681 0.0858667 0.119472 0.12656
1.10453e+07 0.0355217 0.086249 0.120003 0.12712
1.10741e+07 0.0356755 0.0866314 0.120533 0.12768
1.1103e+07 0.0358293 0.087014 0.121063 0.12824
1.11319e+07 0.0359831 0.0873967 0.121594 0.1288
1.11607e+07 0.036137 0.0877794 0.122124 0.12936
1.11895e+07 0.0362909 0.0881622 0.122654 0.12992
1.12183e+07 0.0364447 0.0885449 0.123184 0.13048
1.12427e+07 0.0366038 0.0889361 0.123717 0.13104
1.12506e+07 0.0367799 0.0893583 0.12426 0.1316
1.12298e+07 0.0370353 0.0898433 0.124814 0.13216
1.12341e+07 0.0372219 0.0902751 0.125359 0.13272
1.12298e+07 0.0374129 0.0907206 0.125908 0.13328
1.11911e+07 0.0376421 0.0912278 0.126474 0.13384
1.11323e+07 0.0379809 0.0917971 0.127052 0.1344
1.11177e+07 0.0381663 0.0921636 0.127615 0.13496
1.11437e+07 0.0383116 0.0925348 0.128149 0.13552
1.11769e+07 0.0384679 0.0929149 0.128681 0.13608
1.12088e+07 0.0386241 0.0932965 0.129212 0.13664
1.12402e+07 0.0387799 0.0936781 0.129741 0.1372
1.12712e+07 0.0389359 0.0940603 0.130271 0.13776
1.13021e+07 0.0390918 0.0944426 0.1308 0.13832
1.13327e+07 0.0392471 0.094824 0.131329 0.13888
1.13632e+07 0.0394023 0.0952054 0.131858 0.13944
1.13874e+07 0.0395638 0.0955986 0.132391 0.14
1.13952e+07 0.03974 0.0960219 0.132934 0.14056
1.13953e+07 0.0399261 0.0964608 0.133481 0.14112
1.14115e+07 0.0400959 0.0968693 0.134019 0.14168
1.14359e+07 0.0402567 0.0972612 0.134551 0.14224
1.14486e+07 0.0404301 0.097675 0.135089 0.1428
1.13972e+07 0.040816 0.0982453 0.135662 0.14336
1.13684e+07 0.0408943 0.0984982 0.136242 0.14392
1.13671e+07 0.0410535 0.0988982 0.136786 0.14448
1.13574e+07 0.0412001 0.0992908 0.137333 0.14504
1.11739e+07 0.0417985 0.099957 0.13795 0.1456
1.10569e+07 0.0418698 0.100283 0.13853 0.14616
1.10006e+07 0.0420756 0.100697 0.139095 0.14672
1.10343e+07 0.0422411 0.101092 0.139634 0.14728
1.10645e+07 0.0424057 0.101487 0.140171 0.14784
1.10996e+07 0.0425631 0.10187 0.140705 0.1484
1.11334e+07 0.0427201 0.102253 0.141237 0.14896
1.11667e+07 0.042876 0.102634 0.141769 0.14952
1.1195e+07 0.0430256 0.10301 0.142301 0.15008
1.12245e+07 0.043176 0.103386 0.142832 0.15064
1.12522e+07 0.0433236 0.10376 0.143362 0.1512
1.12844e+07 0.0434773 0.104137 0.143891 0.15176
1.13162e+07 0.0436307 0.104513 0.14442 0.15232
1.13477e+07 0.0437834 0.104889 0.144949 0.15288
1.1379e+07 0.0439361 0.105265 0.145477 0.15344
1.13972e+07 0.0440714 0.10563 0.14601 0.154
1.14233e+07 0.0442172 0.106001 0.14654 0.15456
1.14445e+07 0.0443694 0.106383 0.147073 0.15512
1.14722e+07 0.0445261 0.106765 0.147604 0.15568
1.14987e+07 0.0446825 0.107149 0.148135 0.15624
1.14958e+07 0.044816 0.107524 0.148676 0.1568
1.1508e+07 0.0449569 0.107898 0.149212 0.15736
1.15189e+07 0.0450982 0.108275 0.149748 0.15792
1.1544e+07 0.0452419 0.108645 0.150278 0.15848
1.15723e+07 0.0453896 0.109018 0.150807 0.15904
1.16028e+07 0.0455407 0.109393 0.151335 0.1596
1.16336e+07 0.0456922 0.109769 0.151863 0.16016
1.16431e+07 0.0458135 0.110126 0.152399 0.16072
1.16588e+07 0.0459428 0.110488 0.152932 0.16128
1.16799e+07 0.0460792 0.110855 0.153462 0.16184
1.16989e+07 0.0462124 0.111219 0.153994 0.1624
1.17238e+07 0.0463542 0.111589 0.154524 0.16296
1.17495e+07 0.0464973 0.11196 0.155054 0.16352
1.17802e+07 0.0466479 0.112336 0.155581 0.16408
1.18071e+07 0.0468143 0.112719 0.156108 0.16464
1.183e+07 0.0469959 0.113119 0.156644 0.1652
1.18479e+07 0.0472047 0.113535 0.157184 0.16576
1.18788e+07 0.0473581 0.113911 0.157711 0.16632
1.19095e+07 0.0475103 0.114287 0.158238 0.16688
1.19399e+07 0.0476609 0.114663 0.158766 0.16744
1.197e+07 0.0478115 0.115039 0.159293 0.168
1.1994e+07 0.0479527 0.115409 0.159823 0.16856
1.20224e+07 0.0481007 0.115784 0.16035 0.16912
1.20405e+07 0.0482329 0.116148 0.160882 0.16968
1.20675e+07 0.0483785 0.116521 0.161411 0.17024
1.20902e+07 0.0485619 0.11692 0.161942 0.1708
1.21017e+07 0.0487767 0.11735 0.162483 0.17136
1.21116e+07 0.049008 0.117788 0.163024 0.17192
1.21421e+07 0.0491635 0.11817 0.163553 0.17248
1.21722e+07 0.0493187 0.118551 0.164081 0.17304
1.22022e+07 0.049473 0.118931 0.164608 0.1736
1.22322e+07 0.0496266 0.119311 0.165136 0.17416
1.22621e+07 0.0497792 0.119691 0.165664 0.17472
1.22919e+07 0.0499311 0.120071 0.166191 0.17528
1.23215e+07 0.0500829 0.120451 0.166719 0.17584
1.23362e+07 0.0502977 0.120874 0.167255 0.1764
1.21983e+07 0.0509191 0.121615 0.167859 0.17696
1.18377e+07 0.0508891 0.121427 0.168691 0.17752
1.1459e+07 0.0518034 0.12241 0.169326 0.17808
1.12967e+07 0.0525577 0.123167 0.169945 0.17864
1.11149e+07 0.0534283 0.12404 0.170596 0.1792
1.10223e+07 0.0540958 0.124748 0.1712 0.17976
1.09672e+07 0.0545096 0.125328 0.171772 0.18032
1.09144e+07 0.0550078 0.125938 0.172348 0.18088
1.0953e+07 0.0551765 0.126337 0.172883 0.18144
1.09945e+07 0.0553458 0.126737 0.173415 0.182
1.10354e+07 0.055515 0.127138 0.173948 0.18256
1.10749e+07 0.0556827 0.127538 0.174482 0.18312
1.11134e+07 0.0558493 0.127937 0.175015 0.18368
1.11512e+07 0.0560153 0.128336 0.175549 0.18424
1.11882e+07 0.0561806 0.128734 0.176083 0.1848
1.12249e+07 0.0563461 0.129133 0.176617 0.18536
1.12613e+07 0.056511 0.129531 0.177152 0.18592
1.12975e+07 0.0566754 0.129928 0.177687 0.18648
1.13334e+07 0.0568395 0.130325 0.178222 0.18704
1.1369e+07 0.0570034 0.130721 0.178758 0.1876
1.14044e+07 0.0571673 0.131118 0.179293 0.18816
1.14395e+07 0.0573312 0.131514 0.179829 0.18872
1.1468e+07 0.0575186 0.131925 0.180366 0.18928
1.14762e+07 0.0577585 0.132381 0.180915 0.18984
1.14905e+07 0.0579994 0.132828 0.18146 0.1904
1.15255e+07 0.0581626 0.133224 0.181996 0.19096
1.15604e+07 0.0583258 0.13362 0.182532 0.19152
1.15951e+07 0.0584893 0.134015 0.183067 0.19208
1.16296e+07 0.0586527 0.134411 0.183603 0.19264
1.16638e+07 0.0588156 0.134806 0.184139 0.1932
1.16979e+07 0.0589784 0.1352 0.184676 0.19376
1.17318e+07 0.0591408 0.135595 0.185212 0.19432
1.17655e+07 0.0593029 0.135988 0.185747 0.19488
1.1799e+07 0.0594643 0.13638 0.186282 0.19544
1.18324e+07 0.0596256 0.136772 0.186817 0.196
1.18657e+07 0.0597864 0.137162 0.187351 0.19656
1.18989e+07 0.0599469 0.137552 0.187885 0.19712
1.19316e+07 0.0601066 0.137941 0.188418 0.19768
1.19645e+07 0.0602662 0.138329 0.188951 0.19824
1.19971e+07 0.0604249 0.138715 0.189483 0.1988
1.20294e+07 0.0605831 0.1391 0.190015 0.19936
1.20616e+07 0.0607409 0.139485 0.190546 0.19992
1.20936e+07 0.0608984 0.139868 0.191077 0.20048
1.21252e+07 0.0610556 0.14025 0.191606 0.20104
1.21565e+07 0.0612131 0.140632 0.192135 0.2016
1.21813e+07 0.0613931 0.141024 0.192662 0.20216
1.22108e+07 0.0615595 0.141412 0.193192 0.20272
1.22299e+07 0.061732 0.141819 0.193728 0.20328
1.22357e+07 0.061923 0.142255 0.194272 0.20384
1.22434e+07 0.0621098 0.142688 0.194815 0.2044
1.21465e+07 0.0627504 0.143379 0.195399 0.20496
1.16635e+07 0.0619261 0.14219 0.196415 0.20552
1.03929e+07 0.0666343 0.145489 0.19759 0.20608
1.04372e+07 0.0667969 0.145876 0.198121 0.20664
1.04812e+07 0.0669597 0.146263 0.198652 0.2072
1.05248e+07 0.0671227 0.14665 0.199183 0.20776
1.05682e+07 0.0672861 0.147038 0.199714 0.20832
1.06107e+07 0.0674501 0.147427 0.200245 0.20888
1.0653e+07 0.0676145 0.147817 0.200777 0.20944
1.06834e+07 0.0677889 0.148224 0.201314 0.21
1.0722e+07 0.0679569 0.148619 0.201847 0.21056
1.07521e+07 0.0681334 0.149028 0.202384 0.21112
1.07771e+07 0.0683157 0.149447 0.202923 0.21168
1.08188e+07 0.0684818 0.149841 0.203455 0.21224
1.0848e+07 0.068659 0.150252 0.203993 0.2128
1.08805e+07 0.0688289 0.150655 0.204528 0.21336
1.09165e+07 0.0689933 0.151049 0.205062 0.21392
1.09545e+07 0.0691555 0.151441 0.205596 0.21448
1.09925e+07 0.0693177 0.151832 0.20613 0.21504
1.10184e+07 0.0694917 0.152243 0.20667 0.2156
1.10462e+07 0.0696622 0.152651 0.207208 0.21616
1.10775e+07 0.0698292 0.153051 0.207746 0.21672
1.11138e+07 0.0699901 0.153442 0.208281 0.21728
1.11505e+07 0.0701507 0.153832 0.208816 0.21784
1.11872e+07 0.0703113 0.154223 0.209351 0.2184
1.12239e+07 0.0704717 0.154613 0.209886 0.21896
1.12605e+07 0.0706324 0.155004 0.210422 0.21952
1.1297e+07 0.0707932 0.155396 0.210957 0.22008
1.13335e+07 0.070954 0.155787 0.211492 0.22064
1.137e+07 0.0711147 0.156179 0.212027 0.2212
1.14064e+07 0.0712753 0.15657 0.212562 0.22176
1.14428e+07 0.0714359 0.156961 0.213097 0.22232
1.1479e+07 0.0715961 0.157352 0.213632 0.22288
1.1515e+07 0.0717559 0.157742 0.214167 0.22344
1.15507e+07 0.0719158 0.158132 0.214702 0.224
1.15862e+07 0.0720759 0.158522 0.215236 0.22456
1.16216e+07 0.0722361 0.158913 0.215771 0.22512
1.16572e+07 0.0723957 0.159303 0.216306 0.22568
1.16927e+07 0.0725551 0.159692 0.216839 0.22624
1.17281e+07 0.0727142 0.160081 0.217373 0.2268
1.1763e+07 0.0728732 0.16047 0.217906 0.22736
1.17975e+07 0.0730322 0.160858 0.218439 0.22792
1.18319e+07 0.0731914 0.161247 0.218973 0.22848
1.18666e+07 0.0733499 0.161634 0.219505 0.22904
1.19015e+07 0.0735081 0.162021 0.220038 0.2296
1.19362e+07 0.0736662 0.162408 0.22057 0.23016
1.19709e+07 0.0738242 0.162794 0.221101 0.23072
1.20056e+07 0.0739821 0.16318 0.221633 0.23128
1.20347e+07 0.0741454 0.163576 0.222166 0.23184
1.20497e+07 0.0743363 0.164004 0.222708 0.2324
1.20604e+07 0.0745259 0.164438 0.223252 0.23296
1.20259e+07 0.0749299 0.165001 0.223817 0.23352
1.18488e+07 0.0747084 0.164814 0.224514 0.23408
1.08139e+07 0.0785773 0.167629 0.225562 0.23464
1.07217e+07 0.0784652 0.167573 0.226211 0.2352
1.07183e+07 0.0786404 0.167952 0.226746 0.23576
1.07603e+07 0.078803 0.16834 0.227278 0.23632
1.08017e+07 0.0789661 0.168729 0.22781 0.23688
1.08382e+07 0.0791341 0.169125 0.228345 0.23744
1.08787e+07 0.0792984 0.169516 0.228877 0.238
1.09195e+07 0.0794623 0.169907 0.22941 0.23856
1.09599e+07 0.0796259 0.170297 0.229943 0.23912
1.09951e+07 0.0797931 0.170694 0.230479 0.23968
1.10281e+07 0.0799616 0.171093 0.231015 0.24024
1.10649e+07 0.0801244 0.171485 0.231549 0.2408
1.11032e+07 0.0802854 0.171874 0.232082 0.24136
1.11414e+07 0.0804461 0.172262 0.232616 0.24192
1.11791e+07 0.0806065 0.17265 0.23315 0.24248
1.12164e+07 0.0807666 0.173039 0.233685 0.24304
1.12412e+07 0.0809101 0.173418 0.234223 0.2436
1.12721e+07 0.081062 0.173802 0.234759 0.24416
1.13015e+07 0.0812121 0.174185 0.235296 0.24472
1.13257e+07 0.0813544 0.174561 0.235833 0.24528
1.13632e+07 0.0815148 0.174951 0.236368 0.24584
1.14e+07 0.0816753 0.175341 0.236903 0.2464
1.14329e+07 0.0818281 0.175726 0.237438 0.24696
1.14581e+07 0.0819716 0.176103 0.237975 0.24752
1.14716e+07 0.0820967 0.176468 0.238516 0.24808
1.15015e+07 0.0822464 0.17685 0.239052 0.24864
1.15382e+07 0.0824053 0.177238 0.239586 0.2492
1.15748e+07 0.082564 0.177626 0.240121 0.24976
1.16108e+07 0.0827221 0.178014 0.240655 0.25032
1.16425e+07 0.0828739 0.178395 0.241191 0.25088
1.1668e+07 0.0830169 0.178771 0.241727 0.25144
1.16999e+07 0.0831682 0.179151 0.242261 0.252
1.17263e+07 0.0833467 0.179554 0.242805 0.25256
1.17609e+07 0.0835045 0.179939 0.243336 0.25312
1.17961e+07 0.0836606 0.180322 0.243867 0.25368
1.18308e+07 0.0838167 0.180706 0.244398 0.25424
1.18652e+07 0.0839728 0.181089 0.244927 0.2548
1.18995e+07 0.0841281 0.181471 0.245456 0.25536
1.19337e+07 0.0842828 0.181852 0.245984 0.25592
1.19677e+07 0.0844374 0.182233 0.246511 0.25648
1.20016e+07 0.0845915 0.182612 0.247038 0.25704
1.20353e+07 0.0847451 0.182991 0.247565 0.2576
1.2069e+07 0.0848985 0.183369 0.248091 0.25816
1.21025e+07 0.0850517 0.183747 0.248617 0.25872
1.2136e+07 0.0852049 0.184124 0.249143 0.25928
1.21694e+07 0.0853578 0.184501 0.249669 0.25984
1.22026e+07 0.0855103 0.184877 0.250195 0.2604
1.22358e+07 0.0856624 0.185253 0.250721 0.26096
1.22686e+07 0.0858138 0.185628 0.251247 0.26152
1.23017e+07 0.0859657 0.186003 0.251773 0.26208
1.23347e+07 0.0861176 0.186378 0.252299 0.26264
1.23676e+07 0.0862694 0.186753 0.252824 0.2632
1.24005e+07 0.0864209 0.187128 0.25335 0.26376
1.24327e+07 0.0865716 0.187501 0.253875 0.26432
1.24648e+07 0.0867219 0.187874 0.254401 0.26488
1.24974e+07 0.086873 0.188248 0.254926 0.26544
1.25245e+07 0.0870165 0.188617 0.255453 0.266
1.25404e+07 0.0871442 0.188973 0.255984 0.26656
1.25621e+07 0.0872875 0.189356 0.256515 0.26712
1.25892e+07 0.0874453 0.18974 0.257044 0.26768
1.26223e+07 0.0875959 0.190111 0.257568 0.26824
1.26525e+07 0.0877487 0.190488 0.258094 0.2688
1.26852e+07 0.0878994 0.19086 0.258618 0.26936
1.27176e+07 0.0880499 0.191232 0.259142 0.26992
1.27445e+07 0.0881927 0.191598 0.259669 0.27048
1.27589e+07 0.0883182 0.191951 0.2602 0.27104
1.27785e+07 0.0884624 0.192343 0.260733 0.2716
1.27714e+07 0.088523 0.192565 0.261313 0.27216
1.26013e+07 0.0892878 0.193296 0.261888 0.27272
1.14162e+07 0.086807 0.189215 0.26376 0.27328
1.057e+07 0.0899026 0.191621 0.264766 0.27384
1.0611e+07 0.0900627 0.192005 0.265297 0.2744
1.06523e+07 0.090223 0.192391 0.265829 0.27496
1.06935e+07 0.0903833 0.192776 0.266361 0.27552
1.07347e+07 0.0905436 0.193162 0.266892 0.27608
1.07759e+07 0.0907037 0.193547 0.267424 0.27664
1.08171e+07 0.0908638 0.193932 0.267955 0.2772
1.08579e+07 0.0910235 0.194317 0.268487 0.27776
1.08978e+07 0.0911821 0.194701 0.269018 0.27832
1.09374e+07 0.0913407 0.195085 0.26955 0.27888
1.09767e+07 0.091499 0.195469 0.270083 0.27944
1.10075e+07 0.0916661 0.195866 0.270619 0.28
1.10465e+07 0.0918243 0.196249 0.271151 0.28056
1.10823e+07 0.0919849 0.196637 0.271684 0.28112
1.11204e+07 0.0921423 0.197019 0.272217 0.28168
1.11585e+07 0.0923002 0.197402 0.27275 0.28224
1.11972e+07 0.092447 0.19778 0.27328 0.2828
1.12294e+07 0.0926109 0.198172 0.273815 0.28336
1.12673e+07 0.0927691 0.198556 0.274348 0.28392
1.13051e+07 0.0929274 0.19894 0.274881 0.28448
1.13428e+07 0.0930856 0.199323 0.275413 0.28504
1.13804e+07 0.093244 0.199707 0.275946 0.2856
1.14122e+07 0.0934083 0.2001 0.276482 0.28616
1.14467e+07 0.0935699 0.200489 0.277016 0.28672
1.1484e+07 0.093729 0.200874 0.277549 0.28728
1.15213e+07 0.0938881 0.201258 0.278082 0.28784
1.15587e+07 0.0940471 0.201643 0.278614 0.2884
1.1596e+07 0.0942062 0.202027 0.279147 0.28896
1.16333e+07 0.0943652 0.202412 0.27968 0.28952
1.16704e+07 0.0945243 0.202797 0.280213 0.29008
1.17078e+07 0.0946833 0.203181 0.280746 0.29064
1.17452e+07 0.0948423 0.203565 0.281279 0.2912
1.17825e+07 0.0950012 0.20395 0.281812 0.29176
1.18199e+07 0.0951599 0.204334 0.282345 0.29232
1.18571e+07 0.0953187 0.204719 0.282878 0.29288
1.18944e+07 0.0954776 0.205103 0.283411 0.29344
1.19315e+07 0.0956366 0.205488 0.283944 0.294
1.1969e+07 0.0957952 0.205872 0.284476 0.29456
1.20064e+07 0.0959538 0.206256 0.285009 0.29512
1.20438e+07 0.0961125 0.20664 0.285542 0.29568
1.20811e+07 0.0962711 0.207025 0.286075 0.29624
1.21185e+07 0.0964298 0.207409 0.286608 0.2968
1.21558e+07 0.0965885 0.207793 0.287141 0.29736
1.21931e+07 0.0967476 0.208178 0.287674 0.29792
1.22303e+07 0.0969067 0.208562 0.288207 0.29848
1.22675e+07 0.0970657 0.208947 0.28874 0.29904
1.23046e+07 0.0972249 0.209331 0.289273 0.2996
1.23417e+07 0.0973842 0.209716 0.289806 0.30016
1.23787e+07 0.0975437 0.210101 0.290339 0.30072
1.24158e+07 0.0977032 0.210486 0.290872 0.30128
1.24528e+07 0.0978626 0.210871 0.291405 0.30184
1.24898e+07 0.098022 0.211256 0.291938 0.3024
1.25269e+07 0.098181 0.21164 0.292471 0.30296
1.2564e+07 0.0983401 0.212025 0.293004 0.30352
1.2601e+07 0.0984992 0.212409 0.293537 0.30408
1.2638e+07 0.0986584 0.212794 0.29407 0.30464
1.2675e+07 0.0988175 0.213179 0.294603 0.3052
1.27119e+07 0.0989767 0.213563 0.295136 0.30576
1.27489e+07 0.0991359 0.213948 0.295669 0.30632
1.27857e+07 0.0992952 0.214334 0.296202 0.30688
1.28226e+07 0.0994546 0.214719 0.296735 0.30744
1.28594e+07 0.0996139 0.215104 0.297268 0.308
1.28961e+07 0.0997733 0.21549 0.297801 0.30856
1.29231e+07 0.0999199 0.215864 0.298335 0.30912
1.29555e+07 0.100084 0.216256 0.298869 0.30968
1.29916e+07 0.100244 0.216641 0.299401 0.31024
1.30274e+07 0.100405 0.217025 0.299932 0.3108
1.30629e+07 0.100565 0.217409 0.300462 0.31136
1.3092e+07 0.100716 0.217784 0.300992 0.31192
1.31077e+07 0.100857 0.218156 0.301526 0.31248
1.31254e+07 0.101027 0.218558 0.302063 0.31304
1.31318e+07 0.101201 0.218971 0.302604 0.3136
1.31573e+07 0.101378 0.219367 0.303134 0.31416
1.31284e+07 0.101742 0.219858 0.303674 0.31472
1.29219e+07 0.101569 0.219709 0.304404 0.31528
1.18014e+07 0.10523 0.222537 0.305478 0.31584
1.11793e+07 0.103972 0.220595 0.306741 0.3164
1.0886e+07 0.105426 0.221806 0.307451 0.31696
1.08959e+07 0.105536 0.22213 0.307997 0.31752
1.09361e+07 0.105696 0.222516 0.308529 0.31808
1.09762e+07 0.105856 0.222901 0.309061 0.31864
1.10161e+07 0.106016 0.223285 0.309593 0.3192
1.1056e+07 0.106176 0.22367 0.310125 0.31976
1.10958e+07 0.106336 0.224055 0.310657 0.32032
1.11355e+07 0.106496 0.224439 0.311189 0.32088
1.1175e+07 0.106656 0.224824 0.311721 0.32144
1.12142e+07 0.106816 0.225209 0.312253 0.322
1.1253e+07 0.106975 0.225593 0.312785 0.32256
1.12916e+07 0.107135 0.225978 0.313318 0.32312
1.13301e+07 0.107295 0.226363 0.31385 0.32368
1.13682e+07 0.107455 0.226748 0.314383 0.32424
1.13978e+07 0.107593 0.227112 0.314911 0.3248
1.14361e+07 0.107753 0.227497 0.315443 0.32536
1.14745e+07 0.107912 0.227881 0.315976 0.32592
1.15127e+07 0.108072 0.228266 0.316508 0.32648
1.15499e+07 0.108231 0.228651 0.317041 0.32704
1.15877e+07 0.108391 0.229036 0.317574 0.3276
1.16255e+07 0.10855 0.22942 0.318106 0.32816
1.16631e+07 0.10871 0.229805 0.318639 0.32872
1.1701e+07 0.108869 0.23019 0.319172 0.32928
1.17388e+07 0.109028 0.230574 0.319704 0.32984
1.17765e+07 0.109187 0.230958 0.320237 0.3304
1.1814e+07 0.109346 0.231342 0.32077 0.33096
1.18514e+07 0.109504 0.231726 0.321302 0.33152
1.18888e+07 0.109663 0.232111 0.321835 0.33208
1.19262e+07 0.109822 0.232495 0.322368 0.33264
1.19639e+07 0.109981 0.232879 0.322901 0.3332
1.20016e+07 0.11014 0.233264 0.323433 0.33376
1.20393e+07 0.110299 0.233648 0.323966 0.33432
1.2077e+07 0.110458 0.234033 0.324499 0.33488
1.21147e+07 0.110617 0.234417 0.325032 0.33544
1.21524e+07 0.110776 0.234802 0.325564 0.336
1.219e+07 0.110935 0.235186 0.326097 0.33656
1.22277e+07 0.111094 0.23557 0.32663 0.33712
1.22653e+07 0.111253 0.235955 0.327162 0.33768
1.23029e+07 0.111412 0.236339 0.327695 0.33824
1.23404e+07 0.111571 0.236724 0.328228 0.3388
1.2378e+07 0.11173 0.237108 0.32876 0.33936
1.24155e+07 0.111889 0.237492 0.329293 0.33992
1.24529e+07 0.112049 0.237877 0.329826 0.34048
1.24903e+07 0.112208 0.238261 0.330358 0.34104
1.25277e+07 0.112367 0.238646 0.330891 0.3416
1.25649e+07 0.112526 0.239031 0.331424 0.34216
1.26021e+07 0.112686 0.239417 0.331956 0.34272
1.26392e+07 0.112846 0.239803 0.332489 0.34328
1.26763e+07 0.113006 0.24019 0.333022 0.34384
1.27133e+07 0.113166 0.240579 0.333555 0.3444
1.27503e+07 0.113327 0.240967 0.334088 0.34496
1.27872e+07 0.113488 0.241356 0.334621 0.34552
1.28241e+07 0.113649 0.241745 0.335154 0.34608
1.28608e+07 0.11381 0.242134 0.335687 0.34664
1.28974e+07 0.113971 0.242522 0.336219 0.3472
1.29339e+07 0.114131 0.24291 0.33675 0.34776
1.29703e+07 0.114291 0.243298 0.337281 0.34832
1.30067e+07 0.114451 0.243685 0.337812 0.34888
1.30428e+07 0.114611 0.244071 0.338342 0.34944
1.30787e+07 0.11477 0.244456 0.338871 0.35
1.31104e+07 0.114922 0.244834 0.3394 0.35056
1.31342e+07 0.115061 0.245197 0.339929 0.35112
1.31572e+07 0.1152 0.245582 0.340462 0.35168
1.31831e+07 0.115335 0.245926 0.341004 0.35224
1.31846e+07 0.115365 0.246134 0.341569 0.3528
1.29628e+07 0.116332 0.246978 0.342238 0.35336
1.23867e+07 0.11556 0.245992 0.34322 0.35392
1.13227e+07 0.119468 0.248749 0.344271 0.35448
1.11714e+07 0.119187 0.248361 0.345123 0.35504
1.11737e+07 0.119533 0.248884 0.345699 0.3556
1.12237e+07 0.119652 0.249243 0.346226 0.35616
1.1263e+07 0.119814 0.249629 0.346759 0.35672
1.13056e+07 0.119969 0.250014 0.347295 0.35728
1.1345e+07 0.120129 0.2504 0.347827 0.35784
1.13845e+07 0.12029 0.250785 0.348359 0.3584
1.14238e+07 0.12045 0.25117 0.348892 0.35896
1.14629e+07 0.120611 0.251555 0.349424 0.35952
1.15019e+07 0.120771 0.25194 0.349956 0.36008
1.15369e+07 0.120926 0.252321 0.35049 0.36064
1.15754e+07 0.121086 0.252706 0.351022 0.3612
1.16138e+07 0.121246 0.253091 0.351555 0.36176
1.16521e+07 0.121406 0.253475 0.352087 0.36232
1.16866e+07 0.12156 0.253855 0.35262 0.36288
1.17248e+07 0.121719 0.25424 0.353153 0.36344
1.17629e+07 0.121879 0.254624 0.353685 0.364
1.1797e+07 0.122033 0.255004 0.354219 0.36456
1.18348e+07 0.122193 0.255389 0.354752 0.36512
1.18725e+07 0.122352 0.255773 0.355285 0.36568
1.191e+07 0.122512 0.256158 0.355817 0.36624
1.19473e+07 0.122671 0.256542 0.35635 0.3668
1.19848e+07 0.122831 0.256927 0.356883 0.36736
1.20222e+07 0.12299 0.257311 0.357416 0.36792
1.20594e+07 0.123149 0.257695 0.357949 0.36848
1.20962e+07 0.123308 0.258079 0.358482 0.36904
1.21336e+07 0.123467 0.258464 0.359015 0.3696
1.21708e+07 0.123627 0.258848 0.359548 0.37016
1.22082e+07 0.123786 0.259233 0.360081 0.37072
1.22454e+07 0.123946 0.259617 0.360613 0.37128
1.22823e+07 0.124105 0.260001 0.361146 0.37184
1.23194e+07 0.124264 0.260386 0.36168 0.3724
1.23564e+07 0.124424 0.260771 0.362213 0.37296
1.23933e+07 0.124583 0.261156 0.362746 0.37352
1.24302e+07 0.124743 0.261542 0.363279 0.37408
1.2467e+07 0.124903 0.261927 0.363812 0.37464
1.25037e+07 0.125063 0.262313 0.364345 0.3752
1.25402e+07 0.125222 0.262698 0.364878 0.37576
1.25766e+07 0.125381 0.263083 0.365411 0.37632
1.26129e+07 0.125541 0.263468 0.365944 0.37688
1.26493e+07 0.125701 0.263854 0.366477 0.37744
1.26857e+07 0.125861 0.264241 0.367011 0.378
1.27221e+07 0.126021 0.264628 0.367544 0.37856
1.27584e+07 0.126181 0.265015 0.368077 0.37912
1.27946e+07 0.126342 0.265403 0.368611 0.37968
1.28307e+07 0.126502 0.265791 0.369144 0.38024
1.28667e+07 0.126662 0.266178 0.369677 0.3808
1.29026e+07 0.126823 0.266566 0.370211 0.38136
1.29385e+07 0.126983 0.266955 0.370744 0.38192
1.29743e+07 0.127143 0.267343 0.371277 0.38248
1.301e+07 0.127304 0.267731 0.37181 0.38304
1.30456e+07 0.127463 0.268118 0.372343 0.3836
1.3081e+07 0.127622 0.268504 0.372875 0.38416
1.31161e+07 0.127781 0.268889 0.373406 0.38472
1.3151e+07 0.127939 0.269272 0.373936 0.38528
1.31857e+07 0.128096 0.269654 0.374465 0.38584
1.32201e+07 0.128253 0.270034 0.374993 0.3864
1.32672e+07 0.128353 0.270372 0.375507 0.38696
1.33007e+07 0.128507 0.270746 0.376031 0.38752
1.33347e+07 0.128661 0.271122 0.376557 0.38808
1.33686e+07 0.128816 0.271498 0.377082 0.38864
1.34024e+07 0.12897 0.271874 0.377607 0.3892
1.34362e+07 0.129124 0.27225 0.378131 0.38976
1.34698e+07 0.129277 0.272625 0.378656 0.39032
1.34456e+07 0.12924 0.272606 0.3789 0.39088
1.24629e+07 0.131386 0.273841 0.380224 0.39144
1.22531e+07 0.131231 0.273926 0.380795 0.392
1.16481e+07 0.133658 0.275695 0.381658 0.39256
1.14692e+07 0.133298 0.275165 0.382464 0.39312
1.14188e+07 0.133808 0.275768 0.383035 0.39368
1.13384e+07 0.133681 0.275644 0.383708 0.39424
1.13767e+07 0.133844 0.276029 0.38424 0.3948
1.14236e+07 0.133981 0.276404 0.384774 0.39536
1.14621e+07 0.134141 0.276787 0.385306 0.39592
1.15012e+07 0.1343 0.27717 0.385838 0.39648
1.154e+07 0.13446 0.277554 0.386369 0.39704
1.15786e+07 0.13462 0.277938 0.386901 0.3976
1.16171e+07 0.13478 0.278322 0.387432 0.39816
1.16553e+07 0.134939 0.278706 0.387964 0.39872
1.16934e+07 0.135099 0.279089 0.388496 0.39928
1.17315e+07 0.135258 0.279473 0.389027 0.39984
1.17695e+07 0.135418 0.279857 0.389559 0.4004
1.18075e+07 0.135577 0.28024 0.390091 0.40096
1.18454e+07 0.135737 0.280624 0.390623 0.40152
1.18832e+07 0.135896 0.281007 0.391155 0.40208
1.19209e+07 0.136055 0.28139 0.391687 0.40264
1.19584e+07 0.136214 0.281773 0.392219 0.4032
1.19958e+07 0.136373 0.282156 0.392751 0.40376
1.20331e+07 0.136531 0.282539 0.393283 0.40432
1.20702e+07 0.13669 0.282922 0.393815 0.40488
1.21074e+07 0.136849 0.283305 0.394347 0.40544
1.21445e+07 0.137007 0.283688 0.394879 0.406
1.21815e+07 0.137166 0.28407 0.395411 0.40656
1.22183e+07 0.137326 0.284454 0.395944 0.40712
1.22554e+07 0.137484 0.284836 0.396476 0.40768
1.22923e+07 0.137643 0.285219 0.397008 0.40824
1.23292e+07 0.137801 0.285601 0.39754 0.4088
1.23661e+07 0.137959 0.285983 0.398072 0.40936
1.24028e+07 0.138118 0.286366 0.398604 0.40992
1.24394e+07 0.138276 0.286748 0.399137 0.41048
1.2476e+07 0.138434 0.28713 0.399669 0.41104
1.25124e+07 0.138593 0.287513 0.400201 0.4116
1.25488e+07 0.138751 0.287895 0.400734 0.41216
1.25851e+07 0.13891 0.288279 0.401266 0.41272
1.26212e+07 0.139068 0.288662 0.401799 0.41328
1.26532e+07 0.139231 0.289052 0.402333 0.41384
1.26894e+07 0.13939 0.289436 0.402866 0.4144
1.27235e+07 0.139551 0.289823 0.403399 0.41496
1.27595e+07 0.139709 0.290206 0.403932 0.41552
1.27954e+07 0.139868 0.29059 0.404464 0.41608
1.28314e+07 0.140027 0.290975 0.404996 0.41664
1.28671e+07 0.140186 0.291359 0.405528 0.4172
1.29026e+07 0.140345 0.291745 0.40606 0.41776
1.29383e+07 0.140505 0.292129 0.406592 0.41832
1.29742e+07 0.140672 0.292526 0.407129 0.41888
1.3005e+07 0.140848 0.292925 0.407666 0.41944
1.30125e+07 0.141157 0.293419 0.408229 0.42
1.30379e+07 0.141301 0.293783 0.408775 0.42056
1.3069e+07 0.141454 0.294163 0.409306 0.42112
1.30869e+07 0.141592 0.294512 0.409869 0.42168
1.31132e+07 0.141776 0.294988 0.410414 0.42224
1.3044e+07 0.141703 0.295053 0.411064 0.4228
1.24035e+07 0.144072 0.296974 0.411941 0.42336
1.18325e+07 0.14285 0.295058 0.413152 0.42392
1.16018e+07 0.143983 0.29605 0.413782 0.42448
1.15173e+07 0.14389 0.296014 0.414432 0.42504
1.14852e+07 0.144222 0.29654 0.414994 0.4256
1.15096e+07 0.144346 0.296861 0.415533 0.42616
1.15524e+07 0.144503 0.29725 0.416071 0.42672
1.15908e+07 0.144663 0.297634 0.416603 0.42728
1.16293e+07 0.144822 0.298017 0.417135 0.42784
1.16676e+07 0.144981 0.2984 0.417667 0.4284
1.17057e+07 0.145141 0.298784 0.418198 0.42896
1.17435e+07 0.1453 0.299167 0.41873 0.42952
1.17814e+07 0.14546 0.299551 0.419262 0.43008
1.18187e+07 0.145619 0.299935 0.419794 0.43064
1.18566e+07 0.145779 0.300319 0.420326 0.4312
1.18943e+07 0.145938 0.300702 0.420858 0.43176
1.19321e+07 0.146097 0.301085 0.42139 0.43232
1.19696e+07 0.146256 0.301469 0.421922 0.43288
1.20071e+07 0.146415 0.301852 0.422454 0.43344
1.20446e+07 0.146574 0.302235 0.422986 0.434
1.2082e+07 0.146733 0.302618 0.423518 0.43456
1.21193e+07 0.146892 0.303002 0.42405 0.43512
1.21566e+07 0.147051 0.303385 0.424582 0.43568
1.21939e+07 0.14721 0.303768 0.425114 0.43624
1.22252e+07 0.147376 0.304161 0.425649 0.4368
1.22625e+07 0.147535 0.304545 0.426181 0.43736
1.22997e+07 0.147694 0.304928 0.426713 0.43792
1.23366e+07 0.147853 0.305311 0.427245 0.43848
1.23735e+07 0.148012 0.305694 0.427777 0.43904
1.24105e+07 0.148171 0.306077 0.428309 0.4396
1.24474e+07 0.148329 0.30646 0.42884 0.44016
1.24842e+07 0.148488 0.306843 0.429372 0.44072
1.25209e+07 0.148647 0.307226 0.429904 0.44128
1.25576e+07 0.148805 0.307609 0.430436 0.44184
1.25942e+07 0.148964 0.307992 0.430968 0.4424
1.26308e+07 0.149122 0.308375 0.4315 0.44296
1.26673e+07 0.149281 0.308758 0.432031 0.44352
1.27038e+07 0.14944 0.309141 0.432563 0.44408
1.27402e+07 0.149598 0.309524 0.433094 0.44464
1.27766e+07 0.149757 0.309907 0.433626 0.4452
1.28129e+07 0.149916 0.310291 0.434158 0.44576
1.28491e+07 0.150075 0.310674 0.434689 0.44632
1.28853e+07 0.150234 0.311058 0.435221 0.44688
1.29214e+07 0.150392 0.311441 0.435752 0.44744
1.29575e+07 0.150551 0.311825 0.436283 0.448
1.29935e+07 0.15071 0.312209 0.436814 0.44856
1.30293e+07 0.150869 0.312593 0.437345 0.44912
1.30653e+07 0.151028 0.312977 0.437876 0.44968
1.31011e+07 0.151187 0.313361 0.438407 0.45024
1.31368e+07 0.151345 0.313743 0.438937 0.4508
1.31723e+07 0.151503 0.314126 0.439466 0.45136
1.32078e+07 0.151662 0.314508 0.439996 0.45192
1.32432e+07 0.15182 0.31489 0.440525 0.45248
1.32784e+07 0.151977 0.315271 0.441053 0.45304
1.33134e+07 0.152134 0.315651 0.441581 0.4536
1.33483e+07 0.152291 0.316031 0.442109 0.45416
1.3383e+07 0.152448 0.316411 0.442636 0.45472
1.34174e+07 0.152605 0.31679 0.443162 0.45528
1.34516e+07 0.152761 0.317168 0.443688 0.45584
1.34857e+07 0.152917 0.317546 0.444214 0.4564
1.35197e+07 0.153073 0.317923 0.444739 0.45696
1.35535e+07 0.153229 0.318301 0.445265 0.45752
1.35872e+07 0.153385 0.318678 0.44579 0.45808
1.36207e+07 0.153542 0.319054 0.446315 0.45864
1.3654e+07 0.153698 0.319431 0.44684 0.4592
1.36872e+07 0.153853 0.319807 0.447365 0.45976
1.37203e+07 0.154009 0.320182 0.447889 0.46032
1.37532e+07 0.154167 0.320561 0.448416 0.46088
1.37834e+07 0.154333 0.320945 0.448944 0.46144
1.37872e+07 0.154665 0.321458 0.449515 0.462
1.37886e+07 0.154667 0.321622 0.450102 0.46256
1.34283e+07 0.156487 0.323313 0.450943 0.46312
1.26747e+07 0.155166 0.321455 0.45226 0.46368
1.17531e+07 0.158058 0.323429 0.453212 0.46424
1.1735e+07 0.158077 0.323561 0.453791 0.4648
1.17429e+07 0.158413 0.324085 0.454347 0.46536
1.17403e+07 0.158409 0.324221 0.45493 0.46592
1.17362e+07 0.158803 0.324785 0.455506 0.46648
1.17573e+07 0.158898 0.325069 0.456067 0.46704
1.1794e+07 0.159067 0.325461 0.456605 0.4676
1.18316e+07 0.159225 0.325843 0.457139 0.46816
1.18696e+07 0.159385 0.326226 0.45767 0.46872
1.19077e+07 0.159545 0.32661 0.458202 0.46928
1.19458e+07 0.159704 0.326993 0.458733 0.46984
1.19837e+07 0.159864 0.327376 0.459265 0.4704
1.20215e+07 0.160023 0.327759 0.459796 0.47096
1.20593e+07 0.160182 0.328142 0.460328 0.47152
1.20971e+07 0.160341 0.328525 0.460859 0.47208
1.21348e+07 0.1605 0.328908 0.461391 0.47264
1.21662e+07 0.16065 0.329283 0.461924 0.4732
1.22049e+07 0.160816 0.329676 0.462464 0.47376
1.22423e+07 0.160976 0.33006 0.462996 0.47432
1.22798e+07 0.161135 0.330443 0.463527 0.47488
1.2317e+07 0.161294 0.330826 0.464059 0.47544
1.23543e+07 0.161453 0.331209 0.46459 0.476
1.23911e+07 0.161611 0.331591 0.465122 0.47656
1.24283e+07 0.161771 0.331974 0.465654 0.47712
1.24592e+07 0.16192 0.332349 0.466187 0.47768
1.24921e+07 0.162073 0.332727 0.466719 0.47824
1.25292e+07 0.162233 0.33311 0.467251 0.4788
1.25663e+07 0.162392 0.333493 0.467782 0.47936
1.26012e+07 0.162548 0.333874 0.468314 0.47992
1.26319e+07 0.162697 0.334248 0.468847 0.48048
1.26666e+07 0.162853 0.334628 0.469379 0.48104
1.27007e+07 0.163014 0.335016 0.469912 0.4816
1.27305e+07 0.163169 0.335397 0.470445 0.48216
1.27673e+07 0.163328 0.33578 0.470977 0.48272
1.28037e+07 0.163486 0.336163 0.471509 0.48328
1.28402e+07 0.163645 0.336545 0.472041 0.48384
1.2877e+07 0.163804 0.336929 0.472572 0.4844
1.29133e+07 0.163963 0.337312 0.473104 0.48496
1.29494e+07 0.164121 0.337695 0.473636 0.48552
1.29833e+07 0.164283 0.338082 0.474169 0.48608
1.30197e+07 0.164441 0.338465 0.4747 0.48664
1.30559e+07 0.1646 0.338847 0.475232 0.4872
1.30901e+07 0.164756 0.339228 0.475764 0.48776
1.31197e+07 0.164911 0.339609 0.476297 0.48832
1.31558e+07 0.165069 0.339992 0.476829 0.48888
1.31919e+07 0.165228 0.340374 0.47736 0.48944
1.32254e+07 0.165389 0.340762 0.477893 0.49
1.32588e+07 0.16555 0.341148 0.478426 0.49056
1.32947e+07 0.165708 0.341531 0.478957 0.49112
1.33304e+07 0.165867 0.341913 0.479488 0.49168
1.33661e+07 0.166025 0.342295 0.48002 0.49224
1.34015e+07 0.166183 0.342677 0.480551 0.4928
1.34369e+07 0.166341 0.343058 0.481082 0.49336
1.34722e+07 0.166499 0.34344 0.481614 0.49392
1.35073e+07 0.166658 0.343822 0.482145 0.49448
1.35424e+07 0.166816 0.344204 0.482676 0.49504
1.35774e+07 0.166974 0.344586 0.483207 0.4956
1.36123e+07 0.167132 0.344968 0.483737 0.49616
1.36472e+07 0.16729 0.345349 0.484268 0.49672
1.36819e+07 0.167447 0.34573 0.484798 0.49728
1.37031e+07 0.167556 0.346014 0.485262 0.49784
1.36006e+07 0.167397 0.345839 0.485927 0.4984
1.26093e+07 0.171151 0.348724 0.486969 0.49896
1.18645e+07 0.169509 0.346145 0.488434 0.49952
1.17096e+07 0.170372 0.346952 0.489025 0.50008
1.17372e+07 0.170439 0.347265 0.489595 0.50064
1.17718e+07 0.170663 0.347704 0.490087 0.5012
1.1806e+07 0.170816 0.348075 0.49063 0.50176
1.18477e+07 0.170994 0.348486 0.491167 0.50232
1.18848e+07 0.171153 0.348867 0.491699 0.50288
1.19226e+07 0.171313 0.349252 0.49223 0.50344
1.19601e+07 0.171473 0.349635 0.492762 0.504
1.19976e+07 0.171633 0.350019 0.493294 0.50456
1.20351e+07 0.171793 0.350402 0.493826 0.50512
1.20725e+07 0.171954 0.350786 0.494357 0.50568
1.21098e+07 0.172114 0.35117 0.494889 0.50624
1.2147e+07 0.172274 0.351553 0.495421 0.5068
1.21842e+07 0.172434 0.351937 0.495953 0.50736
1.22214e+07 0.172594 0.352321 0.496485 0.50792
1.22586e+07 0.172754 0.352705 0.497016 0.50848
1.22957e+07 0.172914 0.353088 0.497548 0.50904
1.23329e+07 0.173074 0.353472 0.49808 0.5096
1.237e+07 0.173234 0.353855 0.498612 0.51016
1.2407e+07 0.173394 0.354239 0.499144 0.51072
1.24439e+07 0.173553 0.354622 0.499676 0.51128
1.24807e+07 0.173713 0.355006 0.500208 0.51184
1.25175e+07 0.173873 0.35539 0.50074 0.5124
1.25543e+07 0.174032 0.355773 0.501272 0.51296
1.2591e+07 0.174192 0.356157 0.501804 0.51352
1.26277e+07 0.174351 0.35654 0.502335 0.51408
1.26643e+07 0.174511 0.356924 0.502867 0.51464
1.27008e+07 0.174671 0.357307 0.503399 0.5152
1.27373e+07 0.17483 0.357691 0.503932 0.51576
1.27736e+07 0.17499 0.358075 0.504464 0.51632
1.28099e+07 0.175149 0.358458 0.504996 0.51688
1.2846e+07 0.175309 0.358842 0.505528 0.51744
1.28821e+07 0.175469 0.359226 0.50606 0.518
1.29181e+07 0.175628 0.35961 0.506592 0.51856
1.29541e+07 0.175787 0.359993 0.507124 0.51912
1.29901e+07 0.175947 0.360377 0.507657 0.51968
1.3026e+07 0.176106 0.36076 0.508189 0.52024
1.30619e+07 0.176265 0.361144 0.508721 0.5208
1.30979e+07 0.176424 0.361527 0.509253 0.52136
1.31337e+07 0.176583 0.36191 0.509785 0.52192
1.31695e+07 0.176742 0.362294 0.510317 0.52248
1.32054e+07 0.176902 0.362678 0.51085 0.52304
1.32411e+07 0.177061 0.363061 0.511382 0.5236
1.32769e+07 0.17722 0.363445 0.511914 0.52416
1.33126e+07 0.177379 0.363829 0.512446 0.52472
1.33483e+07 0.177538 0.364213 0.512978 0.52528
1.3384e+07 0.177697 0.364597 0.513511 0.52584
1.34196e+07 0.177857 0.364981 0.514043 0.5264
1.34553e+07 0.178016 0.365366 0.514575 0.52696
1.34908e+07 0.178175 0.365751 0.515107 0.52752
1.35264e+07 0.178334 0.366135 0.51564 0.52808
1.35619e+07 0.178494 0.36652 0.516172 0.52864
1.35974e+07 0.178653 0.366905 0.516704 0.5292
1.36328e+07 0.178812 0.36729 0.517236 0.52976
1.36681e+07 0.178971 0.367675 0.517768 0.53032
1.37034e+07 0.17913 0.36806 0.5183 0.53088
1.37387e+07 0.17929 0.368446 0.518831 0.53144
1.37737e+07 0.17945 0.368832 0.519363 0.532
1.38088e+07 0.179609 0.369218 0.519895 0.53256
1.38438e+07 0.179769 0.369604 0.520426 0.53312
1.38787e+07 0.179928 0.369989 0.520956 0.53368
1.39132e+07 0.180087 0.370372 0.521485 0.53424
1.39475e+07 0.180245 0.370754 0.522013 0.5348
1.39816e+07 0.180403 0.371137 0.522542 0.53536
1.40155e+07 0.180561 0.371518 0.523069 0.53592
1.40494e+07 0.180718 0.371898 0.523596 0.53648
1.40829e+07 0.180875 0.372278 0.524122 0.53704
1.41161e+07 0.181031 0.372657 0.524648 0.5376
1.41494e+07 0.181187 0.373035 0.525173 0.53816
1.41823e+07 0.181343 0.373413 0.525698 0.53872
1.4215e+07 0.181499 0.37379 0.526223 0.53928
1.42476e+07 0.181655 0.374167 0.526747 0.53984
1.4228e+07 0.181644 0.374204 0.527047 0.5404
1.34722e+07 0.183205 0.37509 0.528223 0.54096
1.31595e+07 0.183003 0.375193 0.528808 0.54152
1.28431e+07 0.184181 0.376146 0.529545 0.54208
1.2631e+07 0.183723 0.375447 0.5304 0.54264
1.21578e+07 0.185925 0.377138 0.531183 0.5432
1.19197e+07 0.185384 0.376297 0.532088 0.54376
1.19532e+07 0.185566 0.376696 0.532625 0.54432
1.19919e+07 0.185729 0.377087 0.533161 0.54488
1.20293e+07 0.185889 0.377469 0.533692 0.54544
1.20668e+07 0.186049 0.377852 0.534223 0.546
1.21042e+07 0.186209 0.378235 0.534755 0.54656
1.21415e+07 0.186369 0.378618 0.535286 0.54712
1.21787e+07 0.186529 0.379001 0.535817 0.54768
1.22159e+07 0.186689 0.379384 0.536348 0.54824
1.22504e+07 0.186845 0.379764 0.53688 0.5488
1.22875e+07 0.187005 0.380147 0.537411 0.54936
1.23247e+07 0.187165 0.38053 0.537943 0.54992
1.23618e+07 0.187325 0.380913 0.538474 0.55048
1.23988e+07 0.187485 0.381296 0.539005 0.55104
1.24359e+07 0.187645 0.381679 0.539537 0.5516
1.24676e+07 0.187796 0.382054 0.540069 0.55216
1.25046e+07 0.187956 0.382437 0.5406 0.55272
1.2539e+07 0.188112 0.382816 0.541132 0.55328
1.25841e+07 0.188275 0.383221 0.54168 0.55384
1.26184e+07 0.188431 0.383601 0.542214 0.5544
1.26552e+07 0.188591 0.383984 0.542745 0.55496
1.26919e+07 0.188751 0.384367 0.543277 0.55552
1.27311e+07 0.188928 0.384777 0.543827 0.55608
1.27635e+07 0.189104 0.385174 0.544363 0.55664
1.27559e+07 0.189557 0.385782 0.544946 0.5572
1.274e+07 0.189602 0.385969 0.545582 0.55776
1.2723e+07 0.190031 0.386557 0.54618 0.55832
1.27371e+07 0.190141 0.38686 0.546737 0.55888
1.27604e+07 0.190268 0.387204 0.547282 0.55944
1.27941e+07 0.190438 0.387594 0.547816 0.56
