31291.6 9.31072e-05 0.000270816 0.000451996 0.000599093 0.0007
62583.1 0.000186215 0.000541633 0.000903993 0.00119819 0.0014
93874.4 0.000279324 0.000812451 0.00135599 0.00179728 0.0021
125166 0.000372433 0.00108327 0.00180799 0.00239637 0.0028
156457 0.000465544 0.00135409 0.00225999 0.00299547 0.0035
187747 0.000558655 0.00162491 0.00271199 0.00359456 0.0042
219038 0.000651767 0.00189573 0.00316399 0.00419366 0.0049
250328 0.00074488 0.00216656 0.00361599 0.00479275 0.0056
281618 0.000837994 0.00243738 0.004068 0.00539185 0.0063
312907 0.000931109 0.00270821 0.00452 0.00599095 0.007
344196 0.00102423 0.00297904 0.00497201 0.00659004 0.0077
375485 0.00111734 0.00324987 0.00542402 0.00718914 0.0084
406772 0.00121047 0.0035207 0.00587603 0.00778824 0.0091
438060 0.00130359 0.00379153 0.00632804 0.00838734 0.0098
469346 0.00139671 0.00406237 0.00678005 0.00898645 0.0105
500632 0.00148983 0.00433321 0.00723207 0.00958555 0.0112
531917 0.00158296 0.00460405 0.00768409 0.0101847 0.0119
563193 0.00167608 0.0048749 0.00813614 0.0107838 0.0126
594209 0.00176893 0.00514609 0.00858916 0.0113834 0.0133
625086 0.00186164 0.00541746 0.0090427 0.0119834 0.014
655777 0.00195392 0.00568784 0.00949565 0.0125833 0.0147
686112 0.00204565 0.00595748 0.00994859 0.0131836 0.0154
716073 0.00213762 0.00622846 0.0104032 0.0137847 0.0161
745891 0.00223001 0.00650023 0.0108585 0.0143862 0.0168
775480 0.00232186 0.00677077 0.0113129 0.0149877 0.0175
804855 0.00241339 0.00704089 0.0117674 0.0155893 0.0182
833891 0.00250506 0.0073121 0.0122234 0.0161917 0.0189
862732 0.00259721 0.00758428 0.01268 0.0167944 0.0196
891210 0.00268852 0.00785463 0.0131346 0.0173959 0.0203
919168 0.00277897 0.00812403 0.0135893 0.0179979 0.021
946842 0.00286908 0.00839351 0.0140448 0.0186004 0.0217
974314 0.00295931 0.00866359 0.0145011 0.0192034 0.0224
1.00122e+06 0.00304933 0.00893414 0.0149585 0.0198071 0.0231
1.02744e+06 0.00313856 0.00920213 0.0154136 0.0204101 0.0238
1.05352e+06 0.00322794 0.00946989 0.0158683 0.0210128 0.0245
1.07932e+06 0.00331735 0.00973783 0.0163233 0.021616 0.0252
1.10457e+06 0.00340636 0.0100053 0.0167787 0.0222197 0.0259
1.12927e+06 0.00349564 0.0102745 0.0172364 0.0228247 0.0266
1.15392e+06 0.00358524 0.0105442 0.0176945 0.0234299 0.0273
1.17841e+06 0.00367503 0.0108139 0.0181523 0.0240349 0.028
1.20239e+06 0.00376574 0.0110842 0.0186097 0.0246396 0.0287
1.22579e+06 0.00385816 0.0113556 0.0190682 0.0252451 0.0294
1.24889e+06 0.00395031 0.0116266 0.0195266 0.0258508 0.0301
1.27191e+06 0.00404243 0.0118977 0.0199851 0.0264564 0.0308
1.29467e+06 0.0041345 0.0121689 0.0204436 0.0270619 0.0315
1.31712e+06 0.00422683 0.0124395 0.0209006 0.0276662 0.0322
1.33915e+06 0.00431958 0.0127103 0.0213569 0.0282697 0.0329
1.36102e+06 0.0044121 0.0129807 0.021813 0.0288734 0.0336
1.38276e+06 0.00450486 0.0132512 0.0222691 0.0294771 0.0343
1.40404e+06 0.00459877 0.0135225 0.0227254 0.0300808 0.035
1.42488e+06 0.00469373 0.013794 0.023181 0.0306838 0.0357
1.44569e+06 0.00478875 0.0140656 0.0236364 0.0312867 0.0364
1.46643e+06 0.00488396 0.0143376 0.0240923 0.0318898 0.0371
1.48703e+06 0.00497924 0.0146097 0.0245481 0.0324927 0.0378
1.50749e+06 0.00507455 0.0148818 0.0250038 0.0330954 0.0385
1.52772e+06 0.00517033 0.0151542 0.0254595 0.033698 0.0392
1.54778e+06 0.00526609 0.0154262 0.0259147 0.0343004 0.0399
1.5676e+06 0.00536097 0.015696 0.0263671 0.0349012 0.0406
1.58726e+06 0.00545633 0.0159662 0.0268196 0.0355021 0.0413
1.60676e+06 0.00555239 0.0162373 0.0272731 0.0361034 0.042
1.62611e+06 0.00564963 0.0165096 0.0277273 0.036705 0.0427
1.64529e+06 0.00574749 0.0167825 0.0281819 0.0373067 0.0434
1.66421e+06 0.00584796 0.0170587 0.0286387 0.0379094 0.0441
1.68302e+06 0.00594906 0.0173355 0.029096 0.0385122 0.0448
1.70175e+06 0.00604998 0.017612 0.0295527 0.0391146 0.0455
1.72032e+06 0.00615051 0.0178873 0.0300078 0.0397159 0.0462
1.73881e+06 0.00625093 0.0181622 0.0304625 0.0403171 0.0469
1.75721e+06 0.00635149 0.0184371 0.030917 0.040918 0.0476
1.77537e+06 0.00645316 0.018713 0.0313719 0.0415187 0.0483
1.79342e+06 0.00655539 0.0189892 0.0318266 0.0421193 0.049
1.81137e+06 0.00665757 0.0192657 0.0322818 0.0427202 0.0497
1.82924e+06 0.00675986 0.0195424 0.0327373 0.0433214 0.0504
1.84706e+06 0.00686255 0.0198197 0.0331932 0.0439228 0.0511
1.86471e+06 0.00696535 0.0200967 0.0336483 0.0445231 0.0518
1.88205e+06 0.00707008 0.0203758 0.0341045 0.0451235 0.0525
1.89922e+06 0.00717493 0.0206554 0.0345609 0.0457237 0.0532
1.91625e+06 0.00727991 0.0209351 0.0350174 0.0463239 0.0539
1.93307e+06 0.00738607 0.021216 0.0354743 0.0469243 0.0546
1.94983e+06 0.00749227 0.0214968 0.0359312 0.0475245 0.0553
1.96646e+06 0.00759789 0.0217768 0.0363873 0.0481247 0.056
1.983e+06 0.00770312 0.022056 0.0368427 0.0487245 0.0567
1.99946e+06 0.00780869 0.0223355 0.0372981 0.0493241 0.0574
2.01591e+06 0.00791426 0.0226148 0.0377534 0.0499237 0.0581
2.0323e+06 0.00802007 0.0228943 0.0382086 0.0505232 0.0588
2.04857e+06 0.00812635 0.023174 0.0386635 0.0511223 0.0595
2.06472e+06 0.00823313 0.023454 0.0391184 0.0517213 0.0602
2.0808e+06 0.0083402 0.0237342 0.0395734 0.0523204 0.0609
2.09686e+06 0.00844736 0.0240146 0.0400286 0.0529195 0.0616
2.11287e+06 0.00855482 0.0242955 0.0404842 0.0535188 0.0623
2.12879e+06 0.00866269 0.0245769 0.04094 0.0541183 0.063
2.14457e+06 0.0087717 0.0248594 0.0413964 0.0547179 0.0637
2.16023e+06 0.00888004 0.0251403 0.0418505 0.0553157 0.0644
2.1758e+06 0.00898831 0.0254209 0.0423042 0.055913 0.0651
2.19133e+06 0.00909694 0.0257019 0.0427581 0.0565104 0.0658
2.20682e+06 0.00920557 0.0259829 0.043212 0.057108 0.0665
2.22223e+06 0.00931421 0.0262641 0.0436662 0.0577056 0.0672
2.23752e+06 0.00942287 0.026546 0.0441213 0.0583035 0.0679
2.25272e+06 0.00953197 0.0268287 0.0445773 0.0589018 0.0686
2.26779e+06 0.00964272 0.0271134 0.0450347 0.0595008 0.0693
2.2828e+06 0.00975373 0.0273984 0.0454928 0.0601003 0.07
2.29776e+06 0.00986447 0.0276835 0.0459511 0.0607002 0.0707
2.31267e+06 0.00997508 0.0279683 0.0464091 0.0613 0.0714
2.32757e+06 0.0100856 0.028253 0.046867 0.0618995 0.0721
2.34241e+06 0.010196 0.0285373 0.0473244 0.0624988 0.0728
2.35723e+06 0.0103063 0.0288217 0.0477819 0.0630979 0.0735
2.37201e+06 0.0104168 0.0291062 0.0482395 0.0636972 0.0742
2.38672e+06 0.0105279 0.0293914 0.0486974 0.0642967 0.0749
2.40138e+06 0.0106391 0.0296764 0.0491551 0.0648958 0.0756
2.41598e+06 0.01075 0.0299609 0.0496122 0.0654947 0.0763
2.43049e+06 0.010861 0.0302453 0.050069 0.0660933 0.077
2.44492e+06 0.0109718 0.0305292 0.050525 0.0666914 0.0777
2.45927e+06 0.0110834 0.0308139 0.0509815 0.0672896 0.0784
2.47355e+06 0.0111957 0.0310994 0.0514386 0.0678882 0.0791
2.4878e+06 0.011308 0.0313849 0.0518956 0.0684867 0.0798
2.50202e+06 0.0114202 0.0316702 0.0523526 0.0690854 0.0805
2.51622e+06 0.0115324 0.0319554 0.0528094 0.0696841 0.0812
2.53041e+06 0.0116445 0.0322406 0.0532663 0.0702829 0.0819
2.54457e+06 0.0117566 0.0325257 0.053723 0.0708815 0.0826
2.55868e+06 0.0118686 0.0328104 0.0541792 0.0714799 0.0833
2.57273e+06 0.0119804 0.0330952 0.0546355 0.0720782 0.084
2.58674e+06 0.012092 0.0333796 0.0550914 0.0726761 0.0847
2.60069e+06 0.0122037 0.0336639 0.0555471 0.0732737 0.0854
2.61459e+06 0.0123156 0.0339486 0.0560035 0.0738717 0.0861
2.62846e+06 0.0124276 0.0342334 0.0564602 0.0744698 0.0868
2.64228e+06 0.0125401 0.0345189 0.0569173 0.0750681 0.0875
2.65606e+06 0.0126527 0.0348046 0.0573747 0.0756665 0.0882
2.66984e+06 0.0127653 0.0350904 0.0578321 0.0762649 0.0889
2.68358e+06 0.0128777 0.0353761 0.0582895 0.0768634 0.0896
2.6973e+06 0.0129898 0.0356619 0.0587471 0.0774621 0.0903
2.71098e+06 0.0131018 0.0359476 0.0592049 0.0780611 0.091
2.72458e+06 0.0132142 0.0362339 0.0596631 0.0786603 0.0917
2.73807e+06 0.0133269 0.036521 0.0601219 0.0792598 0.0924
2.75152e+06 0.0134395 0.036808 0.0605805 0.0798589 0.0931
2.76493e+06 0.013552 0.0370951 0.0610392 0.0804582 0.0938
2.77833e+06 0.0136644 0.0373822 0.061498 0.0810575 0.0945
2.79168e+06 0.0137771 0.0376697 0.0619571 0.0816571 0.0952
2.805e+06 0.0138899 0.0379574 0.0624166 0.0822574 0.0959
2.8183e+06 0.0140028 0.0382452 0.0628761 0.0828578 0.0966
2.83158e+06 0.0141157 0.038533 0.0633357 0.0834583 0.0973
2.84484e+06 0.0142287 0.038821 0.0637954 0.0840588 0.098
2.85807e+06 0.0143418 0.0391091 0.0642553 0.0846595 0.0987
2.87128e+06 0.0144548 0.0393971 0.0647152 0.08526 0.0994
2.88446e+06 0.0145677 0.0396849 0.0651748 0.0858604 0.1001
2.89763e+06 0.0146806 0.0399727 0.0656344 0.0864607 0.1008
2.91076e+06 0.0147937 0.0402606 0.0660939 0.0870609 0.1015
2.92379e+06 0.0149076 0.0405494 0.0665541 0.0876613 0.1022
2.9368e+06 0.0150214 0.0408381 0.0670144 0.0882618 0.1029
2.94978e+06 0.0151353 0.0411269 0.0674749 0.0888625 0.1036
2.96274e+06 0.0152492 0.0414158 0.0679354 0.0894632 0.1043
2.97566e+06 0.0153632 0.0417048 0.0683959 0.0900639 0.105
2.98852e+06 0.0154775 0.0419941 0.0688566 0.0906647 0.1057
3.00135e+06 0.0155916 0.0422831 0.0693171 0.0912653 0.1064
3.01416e+06 0.0157056 0.0425721 0.0697774 0.091866 0.1071
3.02695e+06 0.0158196 0.0428609 0.0702377 0.0924666 0.1078
3.03972e+06 0.0159335 0.0431496 0.0706978 0.0930672 0.1085
3.05247e+06 0.0160474 0.0434383 0.0711579 0.0936677 0.1092
3.0652e+06 0.0161613 0.0437269 0.0716182 0.0942682 0.1099
3.07791e+06 0.0162751 0.0440155 0.0720784 0.0948687 0.1106
3.09057e+06 0.0163889 0.0443044 0.0725392 0.0954694 0.1113
3.10322e+06 0.0165027 0.0445934 0.0730001 0.0960702 0.112
3.11585e+06 0.0166165 0.0448823 0.073461 0.0966709 0.1127
3.12845e+06 0.0167302 0.045171 0.0739216 0.0972716 0.1134
3.14103e+06 0.0168439 0.0454597 0.0743822 0.0978722 0.1141
3.15358e+06 0.0169575 0.0457482 0.0748425 0.0984727 0.1148
3.1661e+06 0.0170711 0.0460368 0.0753033 0.0990733 0.1155
3.17859e+06 0.0171846 0.0463256 0.0757643 0.0996741 0.1162
3.19101e+06 0.017298 0.0466144 0.0762256 0.100275 0.1169
3.20341e+06 0.0174113 0.0469031 0.076687 0.100877 0.1176
3.21577e+06 0.0175245 0.0471918 0.0771485 0.101479 0.1183
3.2281e+06 0.0176375 0.0474803 0.0776098 0.102081 0.119
3.24037e+06 0.0177504 0.0477688 0.0780713 0.102683 0.1197
3.25259e+06 0.017863 0.0480575 0.0785329 0.103285 0.1204
3.26478e+06 0.0179754 0.0483461 0.0789946 0.103887 0.1211
3.27695e+06 0.0180877 0.0486346 0.0794562 0.104489 0.1218
3.28908e+06 0.0182003 0.0489233 0.079918 0.105091 0.1225
3.30118e+06 0.0183127 0.049212 0.0803798 0.105693 0.1232
3.31327e+06 0.018425 0.0495008 0.0808416 0.106295 0.1239
3.32533e+06 0.0185372 0.0497896 0.0813035 0.106897 0.1246
3.33735e+06 0.0186495 0.0500786 0.0817657 0.1075 0.1253
3.34935e+06 0.0187617 0.0503677 0.0822283 0.108102 0.126
3.36132e+06 0.0188739 0.0506568 0.0826909 0.108705 0.1267
3.37327e+06 0.0189861 0.050946 0.0831537 0.109308 0.1274
3.3852e+06 0.0190982 0.0512352 0.0836166 0.109911 0.1281
3.3971e+06 0.0192104 0.0515243 0.0840794 0.110514 0.1288
3.40898e+06 0.0193226 0.0518134 0.0845422 0.111116 0.1295
3.42084e+06 0.0194347 0.0521025 0.085005 0.111719 0.1302
3.43268e+06 0.0195469 0.0523916 0.0854677 0.112322 0.1309
3.4445e+06 0.0196591 0.0526807 0.0859305 0.112924 0.1316
3.45629e+06 0.0197714 0.05297 0.0863933 0.113527 0.1323
3.46806e+06 0.0198837 0.0532592 0.0868562 0.11413 0.133
3.47982e+06 0.019996 0.0535485 0.0873191 0.114733 0.1337
3.49155e+06 0.0201083 0.0538377 0.0877819 0.115335 0.1344
3.50324e+06 0.0202209 0.0541272 0.0882451 0.115938 0.1351
3.51489e+06 0.0203339 0.0544173 0.0887088 0.116542 0.1358
3.52652e+06 0.0204468 0.0547074 0.0891725 0.117146 0.1365
3.53812e+06 0.0205598 0.0549975 0.0896363 0.117749 0.1372
3.54969e+06 0.0206726 0.0552874 0.0900997 0.118353 0.1379
3.56123e+06 0.0207853 0.0555771 0.0905631 0.118956 0.1386
3.57274e+06 0.020898 0.0558669 0.0910265 0.119559 0.1393
3.58422e+06 0.0210106 0.0561566 0.09149 0.120163 0.14
3.59567e+06 0.0211232 0.0564464 0.0919535 0.120766 0.1407
3.6071e+06 0.0212358 0.0567364 0.0924175 0.12137 0.1414
3.6185e+06 0.0213484 0.0570264 0.0928815 0.121974 0.1421
3.62986e+06 0.0214609 0.0573164 0.0933457 0.122578 0.1428
3.6412e+06 0.0215734 0.0576066 0.0938103 0.123182 0.1435
3.65249e+06 0.021686 0.057897 0.0942754 0.123787 0.1442
3.66376e+06 0.0217988 0.0581878 0.0947411 0.124391 0.1449
3.67496e+06 0.0219121 0.0584792 0.0952072 0.124996 0.1456
3.68614e+06 0.0220252 0.0587706 0.0956734 0.125602 0.1463
3.69728e+06 0.0221381 0.0590621 0.0961398 0.126207 0.147
3.70839e+06 0.022251 0.0593537 0.0966065 0.126812 0.1477
3.71947e+06 0.0223639 0.0596454 0.0970734 0.127418 0.1484
3.73052e+06 0.0224768 0.0599372 0.0975405 0.128023 0.1491
3.74154e+06 0.0225898 0.0602291 0.0980078 0.128629 0.1498
3.75253e+06 0.0227027 0.0605211 0.0984751 0.129234 0.1505
3.76348e+06 0.0228156 0.0608132 0.0989426 0.12984 0.1512
3.77439e+06 0.0229283 0.0611052 0.0994101 0.130446 0.1519
3.78526e+06 0.0230409 0.0613972 0.0998777 0.131052 0.1526
3.79608e+06 0.0231535 0.0616891 0.100346 0.131659 0.1533
3.80685e+06 0.023266 0.0619813 0.100814 0.132267 0.154
3.81758e+06 0.0233786 0.0622737 0.101283 0.132874 0.1547
3.82827e+06 0.0234911 0.0625661 0.101752 0.133482 0.1554
3.83892e+06 0.0236037 0.0628586 0.10222 0.134089 0.1561
3.84953e+06 0.0237162 0.0631511 0.10269 0.134697 0.1568
3.86009e+06 0.0238288 0.0634437 0.103159 0.135305 0.1575
3.87062e+06 0.0239414 0.0637363 0.103628 0.135913 0.1582
3.88111e+06 0.024054 0.0640291 0.104098 0.136521 0.1589
3.89155e+06 0.0241666 0.0643219 0.104568 0.137129 0.1596
3.90194e+06 0.0242791 0.0646147 0.105038 0.137737 0.1603
3.91225e+06 0.0243914 0.0649076 0.105508 0.138346 0.161
3.92253e+06 0.0245035 0.0652005 0.105979 0.138955 0.1617
3.93274e+06 0.0246157 0.0654936 0.106449 0.139564 0.1624
3.9429e+06 0.024728 0.0657868 0.10692 0.140173 0.1631
3.95302e+06 0.0248402 0.06608 0.107391 0.140781 0.1638
3.96308e+06 0.0249525 0.0663733 0.107862 0.14139 0.1645
3.97308e+06 0.0250649 0.0666668 0.108334 0.142 0.1652
3.98304e+06 0.0251773 0.0669605 0.108805 0.142609 0.1659
3.99294e+06 0.0252899 0.0672543 0.109277 0.143218 0.1666
4.00279e+06 0.0254026 0.0675483 0.109749 0.143828 0.1673
4.0126e+06 0.0255154 0.0678425 0.110221 0.144437 0.168
4.02236e+06 0.0256284 0.0681369 0.110693 0.145047 0.1687
4.03205e+06 0.0257416 0.0684314 0.111165 0.145657 0.1694
4.04169e+06 0.025855 0.0687262 0.111638 0.146267 0.1701
4.05129e+06 0.0259687 0.0690214 0.112111 0.146877 0.1708
4.06082e+06 0.0260825 0.0693168 0.112584 0.147487 0.1715
4.0703e+06 0.0261966 0.0696126 0.113058 0.148098 0.1722
4.07972e+06 0.0263109 0.0699087 0.113532 0.148709 0.1729
4.08906e+06 0.0264259 0.0702056 0.114007 0.14932 0.1736
4.09831e+06 0.0265421 0.0705036 0.114482 0.149931 0.1743
4.10751e+06 0.0266585 0.0708019 0.114958 0.150543 0.175
4.11665e+06 0.0267753 0.0711005 0.115434 0.151155 0.1757
4.12573e+06 0.0268924 0.0713996 0.115911 0.151767 0.1764
4.13475e+06 0.02701 0.071699 0.116388 0.152379 0.1771
4.14371e+06 0.0271279 0.0719988 0.116865 0.152992 0.1778
4.15261e+06 0.027246 0.0722989 0.117342 0.153605 0.1785
4.16146e+06 0.0273644 0.0725993 0.11782 0.154218 0.1792
4.17025e+06 0.0274829 0.0728997 0.118298 0.154831 0.1799
4.17897e+06 0.0276017 0.0732005 0.118776 0.155444 0.1806
4.18764e+06 0.0277206 0.0735016 0.119254 0.156058 0.1813
4.19625e+06 0.0278398 0.073803 0.119733 0.156672 0.182
4.2048e+06 0.0279592 0.0741047 0.120212 0.157286 0.1827
4.2133e+06 0.0280787 0.0744064 0.120692 0.1579 0.1834
4.22174e+06 0.0281985 0.0747085 0.121171 0.158515 0.1841
4.23012e+06 0.0283183 0.0750109 0.121651 0.159129 0.1848
4.23843e+06 0.0284384 0.0753138 0.122132 0.159744 0.1855
4.24669e+06 0.0285585 0.075617 0.122614 0.16036 0.1862
4.25489e+06 0.0286787 0.0759204 0.123096 0.160975 0.1869
4.26302e+06 0.0287992 0.0762241 0.123578 0.161591 0.1876
4.2711e+06 0.0289199 0.0765282 0.12406 0.162206 0.1883
4.27913e+06 0.029041 0.0768325 0.124542 0.162822 0.189
4.2871e+06 0.0291623 0.0771372 0.125025 0.163438 0.1897
4.29501e+06 0.029284 0.0774422 0.125508 0.164055 0.1904
4.30286e+06 0.029406 0.0777475 0.125992 0.164671 0.1911
4.31066e+06 0.0295285 0.0780533 0.126475 0.165288 0.1918
4.3184e+06 0.0296513 0.0783595 0.126959 0.165905 0.1925
4.32608e+06 0.0297746 0.0786662 0.127444 0.166522 0.1932
4.3337e+06 0.0298984 0.0789733 0.127929 0.167139 0.1939
4.34126e+06 0.0300226 0.0792809 0.128414 0.167757 0.1946
4.34875e+06 0.0301474 0.079589 0.1289 0.168375 0.1953
4.35618e+06 0.0302727 0.0798978 0.129386 0.168993 0.196
4.36355e+06 0.0303986 0.0802071 0.129873 0.169612 0.1967
4.37085e+06 0.0305252 0.0805171 0.13036 0.170231 0.1974
4.37808e+06 0.0306523 0.0808278 0.130848 0.17085 0.1981
4.38525e+06 0.03078 0.0811392 0.131336 0.17147 0.1988
4.39236e+06 0.0309085 0.0814512 0.131825 0.17209 0.1995
4.3994e+06 0.0310375 0.081764 0.132314 0.17271 0.2002
4.40639e+06 0.0311672 0.0820773 0.132804 0.17333 0.2009
4.41331e+06 0.0312974 0.0823912 0.133294 0.173951 0.2016
4.42018e+06 0.031428 0.0827056 0.133785 0.174572 0.2023
4.42698e+06 0.0315591 0.0830204 0.134276 0.175193 0.203
4.43372e+06 0.0316907 0.0833359 0.134767 0.175815 0.2037
4.44041e+06 0.0318227 0.0836518 0.13526 0.176437 0.2044
4.44705e+06 0.0319551 0.083968 0.135752 0.17706 0.2051
4.45364e+06 0.0320878 0.0842847 0.136245 0.177682 0.2058
4.46018e+06 0.0322209 0.0846018 0.136738 0.178305 0.2065
4.46667e+06 0.0323543 0.0849192 0.137231 0.178928 0.2072
4.47311e+06 0.0324882 0.085237 0.137725 0.179551 0.2079
4.4795e+06 0.0326224 0.0855552 0.138218 0.180174 0.2086
4.48584e+06 0.0327569 0.0858737 0.138713 0.180798 0.2093
4.49213e+06 0.032892 0.0861929 0.139207 0.181421 0.21
4.49836e+06 0.0330277 0.0865126 0.139703 0.182045 0.2107
4.50453e+06 0.0331641 0.0868332 0.140199 0.182669 0.2114
4.51066e+06 0.0333009 0.0871541 0.140695 0.183294 0.2121
4.51673e+06 0.0334381 0.0874754 0.141191 0.183918 0.2128
4.52275e+06 0.0335757 0.0877973 0.141689 0.184543 0.2135
4.52872e+06 0.0337136 0.0881198 0.142187 0.185168 0.2142
4.53464e+06 0.033852 0.0884428 0.142685 0.185794 0.2149
4.54051e+06 0.0339907 0.088766 0.143184 0.186419 0.2156
4.54633e+06 0.0341296 0.0890895 0.143683 0.187045 0.2163
4.55209e+06 0.0342689 0.0894134 0.144182 0.187671 0.217
4.55781e+06 0.0344085 0.0897377 0.144682 0.188297 0.2177
4.56348e+06 0.0345485 0.0900625 0.145182 0.188924 0.2184
4.5691e+06 0.0346888 0.0903875 0.145682 0.18955 0.2191
4.57467e+06 0.0348295 0.090713 0.146183 0.190177 0.2198
4.58019e+06 0.0349707 0.091039 0.146684 0.190804 0.2205
4.58565e+06 0.0351122 0.0913654 0.147185 0.191431 0.2212
4.59107e+06 0.0352541 0.0916922 0.147687 0.192058 0.2219
4.59643e+06 0.0353965 0.0920195 0.148189 0.192686 0.2226
4.60174e+06 0.0355393 0.0923474 0.148692 0.193314 0.2233
4.60699e+06 0.0356826 0.0926759 0.149195 0.193942 0.224
4.6122e+06 0.0358262 0.0930047 0.149699 0.194571 0.2247
4.61734e+06 0.0359701 0.093334 0.150203 0.1952 0.2254
4.62244e+06 0.0361144 0.0936637 0.150708 0.195829 0.2261
4.62748e+06 0.0362593 0.093994 0.151213 0.196458 0.2268
4.63246e+06 0.0364047 0.0943249 0.151719 0.197088 0.2275
4.63735e+06 0.0365518 0.0946576 0.152226 0.197718 0.2282
4.64214e+06 0.0367009 0.0949922 0.152735 0.198349 0.2289
4.64688e+06 0.0368505 0.0953274 0.153244 0.198981 0.2296
4.65155e+06 0.0370009 0.0956633 0.153754 0.199613 0.2303
4.65617e+06 0.0371519 0.0959999 0.154264 0.200245 0.231
4.66073e+06 0.0373036 0.0963372 0.154775 0.200877 0.2317
4.66523e+06 0.037456 0.0966753 0.155286 0.20151 0.2324
4.66966e+06 0.0376093 0.0970143 0.155798 0.202143 0.2331
4.67403e+06 0.0377636 0.0973542 0.156311 0.202776 0.2338
4.67833e+06 0.0379188 0.0976951 0.156824 0.203409 0.2345
4.68256e+06 0.038075 0.098037 0.157338 0.204043 0.2352
4.6867e+06 0.0382329 0.0983805 0.157853 0.204678 0.2359
4.69074e+06 0.0383927 0.0987259 0.15837 0.205313 0.2366
4.69471e+06 0.0385539 0.0990727 0.158888 0.205948 0.2373
4.69849e+06 0.0387199 0.0994242 0.159409 0.206585 0.238
4.70209e+06 0.0388902 0.0997798 0.159933 0.207223 0.2387
4.7056e+06 0.0390623 0.100137 0.160458 0.207862 0.2394
4.70902e+06 0.0392359 0.100496 0.160984 0.208501 0.2401
4.71236e+06 0.0394108 0.100857 0.161511 0.209141 0.2408
4.71562e+06 0.0395869 0.101219 0.162039 0.209781 0.2415
4.71881e+06 0.0397641 0.101582 0.162569 0.210422 0.2422
4.72192e+06 0.0399424 0.101946 0.163098 0.211063 0.2429
4.72496e+06 0.0401217 0.102311 0.163629 0.211704 0.2436
4.72793e+06 0.0403022 0.102677 0.164161 0.212346 0.2443
4.73082e+06 0.0404837 0.103045 0.164693 0.212988 0.245
4.73364e+06 0.0406663 0.103414 0.165227 0.21363 0.2457
4.73638e+06 0.0408502 0.103784 0.165761 0.214273 0.2464
4.73904e+06 0.0410354 0.104155 0.166296 0.214917 0.2471
4.74163e+06 0.0412214 0.104528 0.166833 0.215561 0.2478
4.70023e+06 0.0412007 0.104908 0.16764 0.21636 0.2485
4.70678e+06 0.041307 0.105212 0.168141 0.216999 0.2492
4.71102e+06 0.0414677 0.105562 0.168666 0.217642 0.2499
4.71398e+06 0.0416575 0.105936 0.169202 0.218285 0.2506
4.71684e+06 0.0418489 0.106311 0.169739 0.218929 0.2513
4.67752e+06 0.0418325 0.106687 0.170532 0.219722 0.252
4.68417e+06 0.041948 0.106998 0.171036 0.220361 0.2527
4.68851e+06 0.0421145 0.107352 0.171561 0.221003 0.2534
4.69167e+06 0.0423099 0.10773 0.172097 0.221646 0.2541
4.65925e+06 0.04231 0.1081 0.172853 0.222418 0.2548
4.66576e+06 0.0424248 0.108409 0.173355 0.223055 0.2555
4.66916e+06 0.0426162 0.108784 0.17389 0.2237 0.2562
4.67229e+06 0.0428121 0.109161 0.174425 0.224343 0.2569
4.67534e+06 0.0430086 0.10954 0.174961 0.224986 0.2576
4.67834e+06 0.0432055 0.109919 0.175498 0.22563 0.2583
4.64683e+06 0.0432087 0.110283 0.176245 0.226398 0.259
4.65262e+06 0.043341 0.110609 0.176758 0.227039 0.2597
4.65593e+06 0.0435308 0.110983 0.177293 0.227684 0.2604
4.65884e+06 0.0437286 0.111363 0.177831 0.228328 0.2611
4.66171e+06 0.0439269 0.111743 0.178369 0.228973 0.2618
4.66441e+06 0.044129 0.112128 0.17891 0.229618 0.2625
4.66698e+06 0.0443342 0.112516 0.179454 0.230265 0.2632
4.66947e+06 0.0445405 0.112905 0.179998 0.230912 0.2639
4.67182e+06 0.0447499 0.113298 0.180545 0.23156 0.2646
4.67387e+06 0.0449658 0.113697 0.181097 0.232211 0.2653
4.67574e+06 0.0451852 0.114101 0.181652 0.232862 0.266
4.67753e+06 0.0454057 0.114505 0.182208 0.233514 0.2667
4.67917e+06 0.0456296 0.114914 0.182767 0.234168 0.2674
4.68071e+06 0.0458556 0.115324 0.183328 0.234822 0.2681
4.68198e+06 0.0460872 0.115741 0.183893 0.235478 0.2688
4.68317e+06 0.0463199 0.11616 0.184459 0.236134 0.2695
4.68427e+06 0.0465542 0.11658 0.185027 0.236792 0.2702
4.68531e+06 0.0467892 0.117001 0.185596 0.237449 0.2709
4.68629e+06 0.0470249 0.117424 0.186165 0.238107 0.2716
4.68719e+06 0.0472614 0.117847 0.186735 0.238765 0.2723
4.68796e+06 0.0474984 0.118272 0.187307 0.239425 0.273
4.68861e+06 0.0477357 0.118697 0.18788 0.240084 0.2737
4.68914e+06 0.0479734 0.119123 0.188454 0.240745 0.2744
4.6896e+06 0.0482116 0.11955 0.189029 0.241406 0.2751
4.52888e+06 0.0511257 0.122822 0.191517 0.242879 0.2758
4.53322e+06 0.0513928 0.123284 0.19211 0.243539 0.2765
4.53742e+06 0.0516623 0.12375 0.192706 0.244202 0.2772
4.54091e+06 0.0519298 0.124217 0.193307 0.244867 0.2779
4.54312e+06 0.0521885 0.124681 0.193915 0.245536 0.2786
4.54509e+06 0.0524475 0.125146 0.194526 0.246207 0.2793
4.5064e+06 0.053125 0.126218 0.195578 0.247072 0.28
4.50834e+06 0.0533848 0.126684 0.196189 0.247742 0.2807
4.51021e+06 0.0536454 0.127151 0.196801 0.248414 0.2814
4.51198e+06 0.0539062 0.127619 0.197414 0.249085 0.2821
4.43131e+06 0.053848 0.128116 0.198531 0.250037 0.2828
4.44049e+06 0.0539752 0.128451 0.199057 0.250672 0.2835
4.44785e+06 0.054137 0.128821 0.199606 0.251316 0.2842
4.45066e+06 0.0543895 0.129277 0.20021 0.251984 0.2849
4.29097e+06 0.0573728 0.132583 0.202718 0.253464 0.2856
4.2957e+06 0.0576315 0.133036 0.203307 0.254123 0.2863
4.30035e+06 0.0578914 0.133491 0.203897 0.254783 0.287
4.3047e+06 0.0581505 0.133947 0.20449 0.255444 0.2877
4.30788e+06 0.0584032 0.134402 0.205091 0.256109 0.2884
4.27192e+06 0.0590816 0.135445 0.206119 0.256961 0.2891
4.2747e+06 0.0593372 0.135905 0.206724 0.257629 0.2898
4.27731e+06 0.0595947 0.136367 0.207331 0.258298 0.2905
4.27985e+06 0.0598534 0.136831 0.20794 0.258967 0.2912
4.21469e+06 0.0598291 0.137311 0.208967 0.259868 0.2919
4.22352e+06 0.0599642 0.137654 0.209498 0.260505 0.2926
4.22832e+06 0.0601786 0.138075 0.210079 0.261163 0.2933
4.23084e+06 0.0604384 0.138539 0.210688 0.261833 0.294
4.23331e+06 0.0606986 0.139003 0.211297 0.262502 0.2947
4.2357e+06 0.0609586 0.139468 0.211907 0.263174 0.2954
4.23803e+06 0.0612194 0.139933 0.212517 0.263846 0.2961
4.2403e+06 0.0614781 0.140396 0.213125 0.264518 0.2968
4.24247e+06 0.0617358 0.140857 0.213732 0.26519 0.2975
4.2446e+06 0.0619934 0.141318 0.214339 0.265862 0.2982
4.21316e+06 0.0625957 0.142282 0.215318 0.266693 0.2989
4.21606e+06 0.0628516 0.142741 0.215924 0.267361 0.2996
4.21872e+06 0.0631031 0.143194 0.216525 0.26803 0.3003
4.22115e+06 0.0633503 0.143641 0.217122 0.2687 0.301
4.22328e+06 0.0635908 0.144078 0.217711 0.269368 0.3017
4.22516e+06 0.0638258 0.144506 0.218293 0.270034 0.3024
4.2269e+06 0.0640609 0.144935 0.218876 0.270701 0.3031
4.22843e+06 0.0642981 0.145367 0.219461 0.271369 0.3038
4.22974e+06 0.0645372 0.145803 0.220049 0.272038 0.3045
4.23088e+06 0.0647778 0.146241 0.220639 0.272708 0.3052
4.16694e+06 0.0659738 0.147847 0.222045 0.273722 0.3059
4.16976e+06 0.0662315 0.148313 0.222654 0.274391 0.3066
4.172e+06 0.0664872 0.148779 0.223267 0.275062 0.3073
4.17412e+06 0.0667439 0.149248 0.223883 0.275735 0.308
4.17612e+06 0.0670007 0.149717 0.224499 0.276407 0.3087
4.12086e+06 0.0680506 0.151138 0.225757 0.277351 0.3094
4.12331e+06 0.0683093 0.151607 0.226368 0.278021 0.3101
4.12519e+06 0.0685641 0.152074 0.226983 0.278693 0.3108
4.04029e+06 0.0701498 0.154071 0.228629 0.279804 0.3115
4.0449e+06 0.070393 0.154518 0.229219 0.280464 0.3122
4.04806e+06 0.070627 0.154962 0.229819 0.28113 0.3129
4.05101e+06 0.0708612 0.155408 0.230422 0.281797 0.3136
4.05373e+06 0.0710987 0.155857 0.231027 0.282465 0.3143
4.05613e+06 0.0713416 0.156311 0.231636 0.283135 0.315
4.05835e+06 0.0715878 0.156769 0.232247 0.283806 0.3157
4.02396e+06 0.0722481 0.157817 0.233278 0.284658 0.3164
4.02581e+06 0.0725001 0.158283 0.233895 0.285332 0.3171
4.02758e+06 0.0727533 0.158751 0.234513 0.286006 0.3178
4.01615e+06 0.0729138 0.159198 0.235214 0.286726 0.3185
4.00465e+06 0.073085 0.159656 0.235922 0.287449 0.3192
4.00656e+06 0.0733422 0.160125 0.23654 0.288125 0.3199
4.00791e+06 0.0735907 0.160579 0.237147 0.2888 0.3206
3.98407e+06 0.0736624 0.160991 0.237908 0.28956 0.3213
3.9858e+06 0.0738926 0.161419 0.238493 0.290229 0.322
3.98699e+06 0.0741339 0.16186 0.239087 0.2909 0.3227
3.9884e+06 0.0743681 0.162292 0.239675 0.29157 0.3234
3.9897e+06 0.0746039 0.162726 0.240264 0.29224 0.3241
3.99098e+06 0.0748393 0.16316 0.240853 0.29291 0.3248
3.99219e+06 0.0750745 0.163593 0.241443 0.293581 0.3255
3.99329e+06 0.075309 0.164027 0.242033 0.294252 0.3262
3.96353e+06 0.075918 0.164989 0.243009 0.295079 0.3269
3.96584e+06 0.0761721 0.165455 0.243624 0.295752 0.3276
3.9678e+06 0.0764182 0.165909 0.24423 0.296423 0.3283
3.96916e+06 0.0766472 0.166336 0.244816 0.297093 0.329
3.97043e+06 0.0768765 0.166764 0.245403 0.297763 0.3297
3.97151e+06 0.0771078 0.167196 0.245992 0.298434 0.3304
3.97246e+06 0.0773405 0.167629 0.246583 0.299106 0.3311
3.97331e+06 0.0775736 0.168064 0.247174 0.299778 0.3318
3.974e+06 0.0778083 0.168501 0.247768 0.300451 0.3325
3.97459e+06 0.0780428 0.168939 0.248363 0.301125 0.3332
3.97509e+06 0.0782774 0.169377 0.248958 0.301799 0.3339
3.97554e+06 0.0785123 0.169816 0.249554 0.302473 0.3346
3.97593e+06 0.0787477 0.170256 0.25015 0.303148 0.3353
3.97617e+06 0.078984 0.170697 0.250748 0.303823 0.336
3.97628e+06 0.0792214 0.17114 0.251347 0.304499 0.3367
3.92362e+06 0.0792327 0.17163 0.252338 0.305372 0.3374
3.92922e+06 0.0793764 0.171975 0.25287 0.30602 0.3381
3.93056e+06 0.0796056 0.172404 0.253456 0.306691 0.3388
3.88597e+06 0.0805469 0.173701 0.254651 0.307611 0.3395
3.85905e+06 0.081119 0.174629 0.255602 0.308428 0.3402
3.86178e+06 0.0813687 0.17509 0.256213 0.309098 0.3409
3.86425e+06 0.0816185 0.175553 0.256827 0.309769 0.3416
3.86662e+06 0.0818685 0.176016 0.257441 0.310441 0.3423
3.86893e+06 0.08212 0.176482 0.258057 0.311113 0.343
3.87077e+06 0.0823642 0.176936 0.258663 0.311786 0.3437
3.87193e+06 0.0825943 0.177367 0.259251 0.312455 0.3444
3.87235e+06 0.0828409 0.177814 0.259849 0.313129 0.3451
3.87195e+06 0.0831062 0.178282 0.26046 0.313807 0.3458
3.87083e+06 0.0833885 0.178767 0.261081 0.314488 0.3465
3.86857e+06 0.0836982 0.179282 0.261721 0.315175 0.3472
3.8386e+06 0.0845681 0.180349 0.262694 0.315987 0.3479
3.84225e+06 0.0847962 0.180794 0.263294 0.316651 0.3486
3.84417e+06 0.0850436 0.181262 0.263912 0.317325 0.3493
3.84547e+06 0.085276 0.181704 0.264512 0.317997 0.35
3.8465e+06 0.0855031 0.182139 0.265105 0.318669 0.3507
3.84729e+06 0.0857254 0.182566 0.265694 0.319341 0.3514
3.78651e+06 0.0853966 0.181999 0.265603 0.319985 0.3521
3.79341e+06 0.0854993 0.182288 0.266094 0.320622 0.3528
3.80009e+06 0.0856016 0.182576 0.266587 0.32126 0.3535
3.80621e+06 0.0857089 0.182873 0.267086 0.321901 0.3542
3.81065e+06 0.085843 0.183204 0.267608 0.322551 0.3549
3.81231e+06 0.0860439 0.183603 0.268175 0.323217 0.3556
3.81321e+06 0.0862617 0.184019 0.268752 0.323886 0.3563
3.81407e+06 0.0864795 0.184435 0.26933 0.324556 0.357
3.81489e+06 0.086697 0.18485 0.269907 0.325226 0.3577
3.81568e+06 0.0869144 0.185266 0.270484 0.325896 0.3584
3.80236e+06 0.0868903 0.185304 0.270808 0.326539 0.3591
3.80538e+06 0.0870544 0.185664 0.27135 0.327196 0.3598
3.80613e+06 0.0872721 0.18608 0.271928 0.327866 0.3605
3.80681e+06 0.0874905 0.186498 0.272508 0.328537 0.3612
3.80751e+06 0.0877088 0.186915 0.273088 0.329208 0.3619
3.80817e+06 0.087927 0.187333 0.273669 0.329879 0.3626
3.77067e+06 0.0877369 0.187029 0.273709 0.330502 0.3633
3.77741e+06 0.0878405 0.187321 0.274205 0.331142 0.364
3.78322e+06 0.0879537 0.187628 0.274712 0.331786 0.3647
3.78535e+06 0.0881453 0.18802 0.275274 0.33245 0.3654
3.78606e+06 0.0883701 0.188445 0.275858 0.333122 0.3661
3.78652e+06 0.0886 0.188875 0.276445 0.333794 0.3668
3.78695e+06 0.0888297 0.189305 0.277031 0.334466 0.3675
3.78734e+06 0.0890593 0.189735 0.277617 0.335138 0.3682
3.78773e+06 0.0892886 0.190164 0.278203 0.335809 0.3689
3.7881e+06 0.0895169 0.190592 0.278787 0.33648 0.3696
3.78844e+06 0.0897447 0.191019 0.279371 0.33715 0.3703
3.78878e+06 0.0899724 0.191445 0.279954 0.337821 0.371
3.7891e+06 0.0901999 0.191872 0.280538 0.338491 0.3717
3.75871e+06 0.0900548 0.191656 0.280638 0.339105 0.3724
3.76494e+06 0.0901543 0.191939 0.28112 0.339736 0.3731
3.76913e+06 0.0902851 0.192262 0.281632 0.340378 0.3738
3.76956e+06 0.0905085 0.192682 0.282209 0.341045 0.3745
3.76987e+06 0.0907343 0.193106 0.282788 0.341713 0.3752
3.77018e+06 0.09096 0.19353 0.283368 0.342381 0.3759
3.77044e+06 0.0911859 0.193953 0.283948 0.343049 0.3766
3.77069e+06 0.0914115 0.194377 0.284528 0.343717 0.3773
3.77092e+06 0.0916371 0.1948 0.285108 0.344385 0.378
3.77114e+06 0.0918626 0.195223 0.285688 0.345054 0.3787
3.77134e+06 0.0920874 0.195645 0.286267 0.345721 0.3794
3.77153e+06 0.0923119 0.196067 0.286845 0.346389 0.3801
3.77168e+06 0.0925354 0.196487 0.287423 0.347056 0.3808
3.77175e+06 0.0927585 0.196908 0.288003 0.347724 0.3815
3.77179e+06 0.0929808 0.197327 0.288581 0.348392 0.3822
3.77181e+06 0.0932023 0.197745 0.289158 0.34906 0.3829
3.77181e+06 0.0934234 0.198162 0.289735 0.349727 0.3836
3.7718e+06 0.0936442 0.198579 0.290312 0.350394 0.3843
3.77178e+06 0.0938648 0.198996 0.290888 0.351062 0.385
3.77175e+06 0.0940852 0.199412 0.291464 0.351729 0.3857
3.77172e+06 0.0943055 0.199829 0.29204 0.352396 0.3864
3.77167e+06 0.0945257 0.200245 0.292616 0.353063 0.3871
3.77161e+06 0.0947463 0.200662 0.293193 0.35373 0.3878
3.77154e+06 0.0949668 0.20108 0.293769 0.354397 0.3885
3.77145e+06 0.0951878 0.201498 0.294346 0.355064 0.3892
3.77136e+06 0.0954088 0.201916 0.294923 0.355731 0.3899
3.77127e+06 0.0956296 0.202334 0.2955 0.356398 0.3906
3.7437e+06 0.0955124 0.202188 0.295698 0.357032 0.3913
3.74934e+06 0.0956111 0.202467 0.296176 0.357659 0.392
3.75217e+06 0.0957634 0.202812 0.296702 0.358305 0.3927
3.7523e+06 0.0959853 0.203232 0.297279 0.358971 0.3934
3.75235e+06 0.0962094 0.203653 0.297858 0.359637 0.3941
3.75243e+06 0.0964316 0.204072 0.298435 0.360303 0.3948
3.73837e+06 0.0968419 0.204769 0.29922 0.361052 0.3955
3.73891e+06 0.0970701 0.2052 0.299811 0.361725 0.3962
3.72531e+06 0.0974722 0.20589 0.300591 0.362472 0.3969
3.72599e+06 0.0976994 0.206321 0.301183 0.363146 0.3976
3.72648e+06 0.097926 0.206752 0.301775 0.363821 0.3983
3.72679e+06 0.0981485 0.207175 0.302359 0.364489 0.399
3.72701e+06 0.0983708 0.207598 0.302941 0.365156 0.3997
3.7272e+06 0.0985923 0.20802 0.303522 0.365822 0.4004
3.72734e+06 0.098813 0.20844 0.304102 0.366488 0.4011
3.72742e+06 0.0990332 0.20886 0.304681 0.367153 0.4018
3.72748e+06 0.0992528 0.209279 0.305259 0.367819 0.4025
3.72752e+06 0.0994716 0.209696 0.305837 0.368484 0.4032
3.6997e+06 0.10007 0.210663 0.306807 0.369307 0.4039
3.70109e+06 0.100314 0.211121 0.307421 0.369982 0.4046
3.70193e+06 0.100546 0.211562 0.308022 0.370656 0.4053
3.66315e+06 0.100342 0.211232 0.308043 0.371277 0.406
3.66891e+06 0.100439 0.211505 0.308515 0.371901 0.4067
3.67384e+06 0.100536 0.21178 0.308986 0.372523 0.4074
3.67696e+06 0.100671 0.212098 0.309488 0.373157 0.4081
3.6775e+06 0.100876 0.212493 0.310043 0.373813 0.4088
3.66613e+06 0.101001 0.212871 0.310678 0.374523 0.4095
3.62968e+06 0.101024 0.213262 0.311485 0.375326 0.4102
3.63347e+06 0.101185 0.213618 0.312024 0.375982 0.4109
3.5809e+06 0.100892 0.213111 0.311931 0.376609 0.4116
3.58732e+06 0.100989 0.21338 0.312392 0.377227 0.4123
3.59332e+06 0.101084 0.213646 0.312851 0.377842 0.413
3.59874e+06 0.101184 0.21392 0.313316 0.378458 0.4137
3.60266e+06 0.101315 0.214233 0.313809 0.379087 0.4144
3.60363e+06 0.101527 0.214632 0.314364 0.379742 0.4151
3.60445e+06 0.101741 0.215034 0.314921 0.380398 0.4158
3.60527e+06 0.101954 0.215436 0.315479 0.381053 0.4165
3.60609e+06 0.102167 0.215838 0.316037 0.381709 0.4172
3.59074e+06 0.102121 0.215823 0.316296 0.382326 0.4179
3.59491e+06 0.102252 0.216134 0.316788 0.382953 0.4186
3.59587e+06 0.102465 0.216537 0.317346 0.383609 0.4193
3.59674e+06 0.102681 0.216942 0.317905 0.384265 0.42
3.59752e+06 0.102898 0.217349 0.318467 0.384922 0.4207
3.59831e+06 0.103115 0.217757 0.319029 0.385579 0.4214
3.58678e+06 0.103095 0.217796 0.31933 0.386198 0.4221
3.58921e+06 0.103266 0.218154 0.319856 0.386841 0.4228
3.58989e+06 0.103483 0.218561 0.320418 0.387498 0.4235
3.59052e+06 0.103699 0.218968 0.32098 0.388156 0.4242
3.59114e+06 0.103915 0.219375 0.321543 0.388814 0.4249
3.59168e+06 0.104131 0.219782 0.322106 0.389473 0.4256
3.5922e+06 0.104347 0.220188 0.322668 0.390131 0.4263
3.57997e+06 0.104323 0.22022 0.322966 0.390752 0.427
3.58248e+06 0.104482 0.220564 0.323483 0.391391 0.4277
3.58294e+06 0.104695 0.220967 0.324043 0.392049 0.4284
3.58331e+06 0.104909 0.221371 0.324604 0.392707 0.4291
3.58364e+06 0.105122 0.221775 0.325165 0.393366 0.4298
3.58391e+06 0.105336 0.222179 0.325727 0.394024 0.4305
3.58412e+06 0.105549 0.222582 0.326289 0.394683 0.4312
3.58428e+06 0.105762 0.222986 0.32685 0.395343 0.4319
3.5844e+06 0.105976 0.223389 0.327412 0.396002 0.4326
3.5845e+06 0.106189 0.223793 0.327974 0.396661 0.4333
3.56078e+06 0.106729 0.22466 0.32888 0.397461 0.434
3.56206e+06 0.10696 0.225093 0.329472 0.398132 0.4347
3.56266e+06 0.107178 0.225508 0.330051 0.398804 0.4354
3.56309e+06 0.107398 0.225924 0.330631 0.399477 0.4361
3.54317e+06 0.107467 0.226286 0.331322 0.40022 0.4368
3.52159e+06 0.107781 0.22692 0.332133 0.400992 0.4375
3.51069e+06 0.108171 0.227581 0.332888 0.401728 0.4382
3.51203e+06 0.10839 0.227995 0.333464 0.402398 0.4389
3.50283e+06 0.108533 0.228387 0.334101 0.403105 0.4396
3.50398e+06 0.108756 0.228804 0.334679 0.403777 0.4403
3.50507e+06 0.108976 0.229221 0.335256 0.404448 0.441
3.48035e+06 0.108869 0.229087 0.335443 0.405085 0.4417
3.48612e+06 0.108968 0.229361 0.335911 0.405708 0.4424
3.48898e+06 0.10913 0.229708 0.33643 0.40635 0.4431
3.48989e+06 0.109342 0.230107 0.336985 0.407005 0.4438
3.49073e+06 0.109554 0.230506 0.33754 0.40766 0.4445
3.49151e+06 0.109766 0.230906 0.338096 0.408316 0.4452
3.49218e+06 0.109978 0.231307 0.338654 0.408972 0.4459
3.49281e+06 0.110189 0.231705 0.33921 0.409628 0.4466
3.49337e+06 0.110399 0.232102 0.339766 0.410285 0.4473
3.49387e+06 0.110609 0.2325 0.340321 0.410941 0.448
3.49433e+06 0.110819 0.232897 0.340878 0.411598 0.4487
3.49474e+06 0.111029 0.233295 0.341435 0.412254 0.4494
3.49509e+06 0.111239 0.233694 0.341993 0.412912 0.4501
3.49543e+06 0.11145 0.234095 0.342554 0.41357 0.4508
3.4957e+06 0.111661 0.234496 0.343114 0.414228 0.4515
3.49593e+06 0.111872 0.234898 0.343675 0.414887 0.4522
3.49611e+06 0.112083 0.235299 0.344237 0.415546 0.4529
3.49624e+06 0.112294 0.235701 0.344798 0.416205 0.4536
3.49634e+06 0.112505 0.236102 0.34536 0.416864 0.4543
3.49641e+06 0.112715 0.236503 0.345921 0.417523 0.455
3.49642e+06 0.112926 0.236904 0.346483 0.418183 0.4557
3.49641e+06 0.113137 0.237307 0.347047 0.418842 0.4564
3.49632e+06 0.113347 0.23771 0.34761 0.419503 0.4571
3.49623e+06 0.113558 0.238114 0.348175 0.420163 0.4578
3.49612e+06 0.113769 0.238517 0.348739 0.420823 0.4585
3.496e+06 0.113979 0.238921 0.349304 0.421484 0.4592
3.49585e+06 0.11419 0.239323 0.349868 0.422144 0.4599
3.49569e+06 0.1144 0.239726 0.350432 0.422805 0.4606
3.49549e+06 0.114609 0.240127 0.350995 0.423465 0.4613
3.49528e+06 0.114818 0.240529 0.351558 0.424125 0.462
3.49506e+06 0.115027 0.24093 0.352121 0.424786 0.4627
3.44167e+06 0.114728 0.240419 0.352054 0.425423 0.4634
3.44715e+06 0.114823 0.240685 0.352513 0.426037 0.4641
3.45228e+06 0.114916 0.24095 0.352972 0.426651 0.4648
3.45682e+06 0.115014 0.241223 0.353438 0.427268 0.4655
3.46048e+06 0.115125 0.241517 0.353921 0.427893 0.4662
3.46076e+06 0.115331 0.241913 0.354478 0.42855 0.4669
3.46081e+06 0.115543 0.242315 0.35504 0.429209 0.4676
3.46083e+06 0.115754 0.242718 0.355602 0.429868 0.4683
3.46086e+06 0.115965 0.24312 0.356164 0.430527 0.469
3.46086e+06 0.116176 0.243522 0.356726 0.431186 0.4697
3.46086e+06 0.116388 0.243924 0.357288 0.431845 0.4704
3.46085e+06 0.116599 0.244326 0.35785 0.432505 0.4711
3.46082e+06 0.11681 0.244728 0.358412 0.433164 0.4718
3.46077e+06 0.11702 0.24513 0.358974 0.433823 0.4725
3.4607e+06 0.117231 0.245531 0.359536 0.434482 0.4732
3.46061e+06 0.117441 0.245932 0.360098 0.435141 0.4739
3.46049e+06 0.117651 0.246333 0.36066 0.435801 0.4746
3.46037e+06 0.117861 0.246734 0.361222 0.43646 0.4753
3.4602e+06 0.118071 0.247135 0.361784 0.43712 0.476
3.46001e+06 0.11828 0.247535 0.362347 0.43778 0.4767
3.45978e+06 0.118489 0.247935 0.362909 0.438439 0.4774
3.45955e+06 0.118697 0.248334 0.363471 0.439099 0.4781
3.45929e+06 0.118905 0.248732 0.364032 0.439759 0.4788
3.45903e+06 0.119113 0.24913 0.364593 0.440418 0.4795
3.45874e+06 0.11932 0.249528 0.365154 0.441078 0.4802
3.45842e+06 0.119528 0.249928 0.365716 0.441738 0.4809
3.44655e+06 0.120048 0.250654 0.366495 0.442476 0.4816
3.44684e+06 0.120268 0.251079 0.367086 0.44315 0.4823
3.44678e+06 0.120476 0.251483 0.367658 0.443818 0.483
3.44656e+06 0.120682 0.251884 0.368223 0.44448 0.4837
3.44624e+06 0.12089 0.252285 0.368788 0.445141 0.4844
3.4459e+06 0.121098 0.252685 0.369351 0.445802 0.4851
3.44553e+06 0.121305 0.253086 0.369915 0.446462 0.4858
3.44516e+06 0.121513 0.253486 0.370479 0.447122 0.4865
3.44478e+06 0.121721 0.253886 0.371042 0.447783 0.4872
3.44439e+06 0.121928 0.254287 0.371606 0.448443 0.4879
3.44398e+06 0.122137 0.254689 0.372171 0.449104 0.4886
3.44356e+06 0.122345 0.255091 0.372736 0.449765 0.4893
3.44314e+06 0.122553 0.255493 0.373302 0.450426 0.49
3.4427e+06 0.122762 0.255895 0.373867 0.451087 0.4907
3.44226e+06 0.12297 0.256297 0.374433 0.451749 0.4914
3.44182e+06 0.123179 0.256699 0.374998 0.45241 0.4921
3.44135e+06 0.123387 0.257102 0.375564 0.453071 0.4928
3.44089e+06 0.123595 0.257504 0.376129 0.453732 0.4935
3.44042e+06 0.123804 0.257906 0.376694 0.454394 0.4942
3.43993e+06 0.124012 0.258307 0.37726 0.455055 0.4949
3.43943e+06 0.12422 0.258709 0.377825 0.455717 0.4956
3.43892e+06 0.124429 0.259113 0.378392 0.456379 0.4963
3.43839e+06 0.124638 0.259516 0.378961 0.457042 0.497
3.43786e+06 0.124848 0.25992 0.379529 0.457705 0.4977
3.4373e+06 0.125057 0.260324 0.380097 0.458369 0.4984
3.43673e+06 0.125266 0.260728 0.380665 0.459032 0.4991
3.43616e+06 0.125475 0.261131 0.381233 0.459696 0.4998
3.43557e+06 0.125685 0.261535 0.381801 0.46036 0.5005
3.43496e+06 0.125895 0.261939 0.382369 0.461024 0.5012
3.43434e+06 0.126105 0.262343 0.382938 0.461689 0.5019
3.43371e+06 0.126315 0.262748 0.383507 0.462353 0.5026
3.43305e+06 0.126526 0.263154 0.384076 0.463017 0.5033
3.43237e+06 0.126738 0.263561 0.384646 0.463682 0.504
3.43166e+06 0.126951 0.263969 0.385217 0.464347 0.5047
3.43091e+06 0.127165 0.264377 0.385789 0.465012 0.5054
3.43008e+06 0.127381 0.264789 0.386362 0.465678 0.5061
3.42923e+06 0.127598 0.265201 0.386936 0.466344 0.5068
3.42829e+06 0.127817 0.265617 0.387512 0.467011 0.5075
3.42727e+06 0.12804 0.266035 0.388091 0.467678 0.5082
3.42615e+06 0.128265 0.266457 0.388672 0.468347 0.5089
3.42492e+06 0.128494 0.266883 0.389256 0.469016 0.5096
3.42355e+06 0.128727 0.267314 0.389844 0.469687 0.5103
3.42203e+06 0.128965 0.267751 0.390436 0.47036 0.511
3.33337e+06 0.131047 0.270087 0.392227 0.471465 0.5117
3.33697e+06 0.131277 0.270527 0.392813 0.472127 0.5124
3.34043e+06 0.131508 0.270968 0.393402 0.47279 0.5131
3.34265e+06 0.131731 0.271408 0.394001 0.473458 0.5138
3.34431e+06 0.131955 0.271851 0.394605 0.47413 0.5145
3.34585e+06 0.132178 0.272295 0.395213 0.474803 0.5152
3.34727e+06 0.1324 0.272739 0.395821 0.475477 0.5159
3.34861e+06 0.132621 0.27318 0.396428 0.476151 0.5166
3.34955e+06 0.132831 0.273603 0.397022 0.476823 0.5173
3.35036e+06 0.133037 0.27402 0.397612 0.477494 0.518
3.35113e+06 0.133242 0.274436 0.398202 0.478167 0.5187
3.35185e+06 0.133446 0.27485 0.39879 0.47884 0.5194
3.35247e+06 0.133646 0.275258 0.399374 0.479514 0.5201
3.3529e+06 0.133841 0.275656 0.39995 0.480187 0.5208
3.35332e+06 0.134029 0.276043 0.400515 0.480855 0.5215
3.3537e+06 0.134211 0.276421 0.401071 0.481518 0.5222
3.35408e+06 0.134394 0.276798 0.401624 0.482179 0.5229
3.35445e+06 0.134575 0.277174 0.402177 0.48284 0.5236
3.35482e+06 0.134757 0.277551 0.40273 0.483501 0.5243
3.35519e+06 0.134939 0.277927 0.403283 0.484162 0.525
3.35555e+06 0.135121 0.278303 0.403836 0.484823 0.5257
3.35591e+06 0.135303 0.27868 0.404389 0.485484 0.5264
3.35626e+06 0.135484 0.279055 0.404941 0.486145 0.5271
3.3566e+06 0.135665 0.279429 0.405491 0.486804 0.5278
3.35691e+06 0.135844 0.2798 0.406038 0.487462 0.5285
3.35721e+06 0.136022 0.28017 0.406583 0.488118 0.5292
3.35749e+06 0.136199 0.280538 0.407127 0.488773 0.5299
3.35777e+06 0.136377 0.280906 0.40767 0.489429 0.5306
3.35804e+06 0.136554 0.281275 0.408214 0.490084 0.5313
3.3583e+06 0.136732 0.281643 0.408757 0.490739 0.532
3.35855e+06 0.136911 0.282012 0.409301 0.491394 0.5327
3.35878e+06 0.13709 0.282382 0.409845 0.49205 0.5334
3.35897e+06 0.137269 0.282753 0.41039 0.492706 0.5341
3.35911e+06 0.13745 0.283125 0.410936 0.493361 0.5348
3.35918e+06 0.137634 0.283499 0.411483 0.494017 0.5355
3.35917e+06 0.13782 0.283876 0.412032 0.494674 0.5362
3.35906e+06 0.138009 0.284258 0.412584 0.495332 0.5369
3.35884e+06 0.138202 0.284643 0.413139 0.495991 0.5376
3.35855e+06 0.138397 0.285032 0.413697 0.49665 0.5383
3.35821e+06 0.138594 0.285424 0.414256 0.497311 0.539
3.35783e+06 0.138792 0.285816 0.414816 0.497972 0.5397
3.35744e+06 0.138992 0.286209 0.415377 0.498633 0.5404
3.35704e+06 0.139191 0.286603 0.415938 0.499294 0.5411
3.35663e+06 0.13939 0.286997 0.416499 0.499956 0.5418
3.34506e+06 0.139373 0.287048 0.416831 0.500592 0.5425
3.34629e+06 0.139527 0.287385 0.417347 0.501234 0.5432
3.3461e+06 0.139723 0.287769 0.417898 0.501891 0.5439
3.34589e+06 0.139917 0.288152 0.418448 0.502549 0.5446
3.34563e+06 0.140111 0.288535 0.418999 0.503206 0.5453
3.34537e+06 0.140308 0.288921 0.419553 0.503865 0.546
3.3451e+06 0.140503 0.289305 0.420106 0.504523 0.5467
3.33376e+06 0.14049 0.289361 0.420443 0.50516 0.5474
3.33504e+06 0.140645 0.2897 0.420959 0.505802 0.5481
3.33495e+06 0.14084 0.290085 0.42151 0.506459 0.5488
3.33478e+06 0.141037 0.29047 0.422062 0.507116 0.5495
3.3346e+06 0.141232 0.290854 0.422613 0.507774 0.5502
3.33442e+06 0.141428 0.291239 0.423165 0.508431 0.5509
3.33421e+06 0.141624 0.291625 0.423718 0.509089 0.5516
3.33401e+06 0.14182 0.29201 0.424271 0.509747 0.5523
3.33378e+06 0.142016 0.292396 0.424824 0.510405 0.553
3.33354e+06 0.142213 0.292783 0.425378 0.511064 0.5537
3.33332e+06 0.14241 0.293171 0.425933 0.511722 0.5544
3.33307e+06 0.142607 0.293559 0.426488 0.512381 0.5551
3.33278e+06 0.142805 0.293949 0.427046 0.51304 0.5558
3.33252e+06 0.143004 0.294341 0.427605 0.5137 0.5565
3.30808e+06 0.142896 0.294209 0.42781 0.51434 0.5572
3.31212e+06 0.142987 0.294466 0.428263 0.514954 0.5579
3.31397e+06 0.143127 0.294789 0.428766 0.515591 0.5586
3.31397e+06 0.143323 0.295175 0.429317 0.516247 0.5593
3.31392e+06 0.143521 0.295561 0.429869 0.516904 0.56
3.31388e+06 0.143718 0.295948 0.430421 0.517561 0.5607
3.3138e+06 0.143915 0.296335 0.430973 0.518218 0.5614
3.31369e+06 0.144112 0.29672 0.431524 0.518874 0.5621
3.31356e+06 0.144308 0.297105 0.432075 0.519531 0.5628
3.31346e+06 0.144503 0.297489 0.432625 0.520187 0.5635
3.31329e+06 0.1447 0.297875 0.433177 0.520844 0.5642
3.31315e+06 0.144896 0.298259 0.433727 0.521501 0.5649
3.313e+06 0.145092 0.298643 0.434277 0.522157 0.5656
3.31285e+06 0.145288 0.299027 0.434827 0.522814 0.5663
3.3127e+06 0.145483 0.299411 0.435377 0.52347 0.567
3.31254e+06 0.145679 0.299795 0.435927 0.524127 0.5677
3.31238e+06 0.145874 0.300179 0.436477 0.524783 0.5684
3.3122e+06 0.14607 0.300563 0.437027 0.52544 0.5691
3.31202e+06 0.146266 0.300948 0.437578 0.526097 0.5698
3.31181e+06 0.146463 0.301335 0.43813 0.526754 0.5705
3.31161e+06 0.146659 0.301721 0.438683 0.527411 0.5712
3.303e+06 0.146995 0.302327 0.439412 0.528138 0.5719
3.30316e+06 0.147203 0.302736 0.439992 0.528813 0.5726
3.30311e+06 0.1474 0.303125 0.440547 0.529472 0.5733
3.30302e+06 0.147596 0.303513 0.441101 0.530129 0.574
3.30291e+06 0.147793 0.303901 0.441655 0.530786 0.5747
3.30278e+06 0.14799 0.304291 0.442211 0.531444 0.5754
3.30275e+06 0.148188 0.304681 0.442766 0.532102 0.5761
3.3027e+06 0.148386 0.305071 0.443323 0.53276 0.5768
3.30276e+06 0.148571 0.305445 0.443868 0.533414 0.5775
3.04226e+06 0.154301 0.312112 0.448603 0.53569 0.5782
3.04817e+06 0.154481 0.312498 0.449155 0.536339 0.5789
3.05396e+06 0.154663 0.312887 0.449709 0.536989 0.5796
3.05949e+06 0.154844 0.313276 0.450265 0.537639 0.5803
3.06476e+06 0.155025 0.313666 0.450824 0.538291 0.581
3.06994e+06 0.155205 0.314057 0.451383 0.538943 0.5817
3.0743e+06 0.155381 0.314446 0.45195 0.539599 0.5824
3.07852e+06 0.155557 0.314837 0.452518 0.540256 0.5831
3.08268e+06 0.155733 0.315227 0.453086 0.540912 0.5838
3.08649e+06 0.155908 0.315618 0.453659 0.541571 0.5845
3.09013e+06 0.156082 0.316009 0.454232 0.54223 0.5852
3.09376e+06 0.156256 0.3164 0.454807 0.54289 0.5859
3.09735e+06 0.15643 0.316792 0.455381 0.543549 0.5866
3.1009e+06 0.156604 0.317184 0.455958 0.544211 0.5873
3.1044e+06 0.156779 0.317577 0.456536 0.544873 0.588
3.10784e+06 0.156954 0.31797 0.457115 0.545536 0.5887
3.11116e+06 0.157132 0.318366 0.457696 0.5462 0.5894
3.11415e+06 0.157314 0.318767 0.45828 0.546865 0.5901
3.11656e+06 0.157506 0.319176 0.458869 0.547532 0.5908
3.11842e+06 0.157709 0.319597 0.459466 0.548203 0.5915
3.11995e+06 0.157918 0.320026 0.460067 0.548876 0.5922
3.12139e+06 0.158129 0.320456 0.46067 0.549549 0.5929
3.12276e+06 0.15834 0.320885 0.461271 0.550222 0.5936
3.12399e+06 0.158547 0.321307 0.461868 0.550895 0.5943
3.12513e+06 0.158751 0.321726 0.462463 0.551567 0.595
3.12622e+06 0.158954 0.322142 0.463056 0.552239 0.5957
3.11049e+06 0.159404 0.322948 0.463926 0.553015 0.5964
3.1123e+06 0.159611 0.323372 0.464526 0.553687 0.5971
3.11371e+06 0.159807 0.323777 0.465112 0.554357 0.5978
3.11496e+06 0.159999 0.324175 0.465692 0.555028 0.5985
3.11611e+06 0.160188 0.324567 0.466268 0.555698 0.5992
3.10929e+06 0.160507 0.325172 0.466998 0.55642 0.5999
3.09423e+06 0.160794 0.325799 0.467814 0.557183 0.6006
3.09591e+06 0.160981 0.326186 0.468384 0.557849 0.6013
3.07373e+06 0.161084 0.326656 0.46921 0.558631 0.602
3.07571e+06 0.161273 0.327041 0.469774 0.559296 0.6027
3.07778e+06 0.161461 0.327424 0.470337 0.559962 0.6034
3.07969e+06 0.161649 0.327807 0.470901 0.560628 0.6041
3.08149e+06 0.161837 0.32819 0.471463 0.561296 0.6048
3.0832e+06 0.162024 0.328572 0.472025 0.561965 0.6055
3.08476e+06 0.16221 0.328951 0.472583 0.562631 0.6062
3.08619e+06 0.162395 0.329331 0.473142 0.563298 0.6069
3.08752e+06 0.162581 0.329711 0.473701 0.563965 0.6076
3.06676e+06 0.162494 0.329616 0.473949 0.564629 0.6083
3.07162e+06 0.162601 0.329904 0.474441 0.565272 0.609
3.07367e+06 0.162771 0.330265 0.474983 0.565932 0.6097
3.07508e+06 0.162956 0.330642 0.475537 0.566597 0.6104
3.0764e+06 0.16314 0.331018 0.47609 0.567262 0.6111
3.07761e+06 0.163324 0.331395 0.476644 0.567928 0.6118
3.07876e+06 0.163509 0.331772 0.477199 0.568594 0.6125
3.07982e+06 0.163692 0.332148 0.477751 0.569258 0.6132
3.08084e+06 0.163875 0.332521 0.478301 0.56992 0.6139
3.0717e+06 0.163874 0.332596 0.478654 0.570567 0.6146
3.07347e+06 0.164037 0.332948 0.479186 0.571221 0.6153
3.06456e+06 0.164039 0.333029 0.479543 0.57187 0.616
3.06622e+06 0.164207 0.333385 0.480076 0.572523 0.6167
3.06729e+06 0.164389 0.333756 0.48062 0.573181 0.6174
3.06828e+06 0.164569 0.334124 0.48116 0.573838 0.6181
3.06919e+06 0.164746 0.334487 0.481696 0.574494 0.6188
3.07006e+06 0.164923 0.334849 0.482231 0.575148 0.6195
3.07089e+06 0.165099 0.335212 0.482766 0.575803 0.6202
3.07169e+06 0.165276 0.335573 0.4833 0.576457 0.6209
3.07246e+06 0.165451 0.335932 0.483832 0.57711 0.6216
3.07321e+06 0.165625 0.336291 0.484362 0.577761 0.6223
3.07394e+06 0.165799 0.336648 0.484892 0.578412 0.623
3.07464e+06 0.165973 0.337005 0.485421 0.579063 0.6237
3.07533e+06 0.166147 0.337363 0.485951 0.579714 0.6244
3.076e+06 0.166321 0.337721 0.486481 0.580365 0.6251
3.07666e+06 0.166496 0.338079 0.487012 0.581016 0.6258
3.07727e+06 0.166671 0.338438 0.487543 0.581668 0.6265
3.07796e+06 0.166843 0.338794 0.488073 0.582318 0.6272
3.06367e+06 0.166952 0.33918 0.48876 0.583053 0.6279
3.06489e+06 0.167138 0.339558 0.489313 0.583721 0.6286
3.06584e+06 0.167313 0.339915 0.489842 0.584372 0.6293
3.06147e+06 0.167654 0.340461 0.490507 0.585072 0.63
3.06251e+06 0.167829 0.34082 0.491038 0.585724 0.6307
3.06335e+06 0.168004 0.341177 0.491565 0.586374 0.6314
3.06397e+06 0.168185 0.341542 0.492098 0.587025 0.6321
3.05709e+06 0.168342 0.341939 0.492732 0.587731 0.6328
3.05029e+06 0.168505 0.342346 0.49337 0.588437 0.6335
3.05098e+06 0.168696 0.342722 0.493913 0.589095 0.6342
3.05152e+06 0.168886 0.343097 0.494452 0.589749 0.6349
3.05199e+06 0.169077 0.343474 0.494994 0.590403 0.6356
3.05242e+06 0.16927 0.343853 0.495537 0.591058 0.6363
3.05279e+06 0.169463 0.344232 0.496082 0.591714 0.637
3.0531e+06 0.169656 0.344611 0.496627 0.59237 0.6377
3.05337e+06 0.169849 0.344992 0.497173 0.593027 0.6384
3.05359e+06 0.170042 0.345372 0.49772 0.593684 0.6391
3.05376e+06 0.170235 0.345754 0.498268 0.594342 0.6398
3.05388e+06 0.170429 0.346135 0.498816 0.594999 0.6405
3.05398e+06 0.170621 0.346515 0.499363 0.595656 0.6412
3.05405e+06 0.170814 0.346895 0.499911 0.596313 0.6419
3.05412e+06 0.171006 0.347276 0.500458 0.59697 0.6426
3.04642e+06 0.171456 0.347965 0.501233 0.597711 0.6433
3.04698e+06 0.171653 0.348363 0.501807 0.598384 0.644
3.0473e+06 0.171839 0.348739 0.502356 0.599045 0.6447
3.02857e+06 0.172515 0.349677 0.503294 0.599845 0.6454
3.02958e+06 0.172747 0.35013 0.50391 0.600522 0.6461
3.03011e+06 0.172965 0.350559 0.504509 0.601198 0.6468
3.03032e+06 0.17317 0.350966 0.505092 0.601876 0.6475
3.03046e+06 0.17337 0.351366 0.505666 0.602552 0.6482
3.0305e+06 0.173562 0.35175 0.50622 0.603214 0.6489
3.03052e+06 0.173752 0.352129 0.506769 0.603873 0.6496
3.03051e+06 0.173942 0.352508 0.507317 0.604531 0.6503
3.03048e+06 0.174132 0.352887 0.507865 0.605188 0.651
3.03042e+06 0.174322 0.353267 0.508414 0.605846 0.6517
3.03034e+06 0.174513 0.353647 0.508963 0.606505 0.6524
3.03025e+06 0.174703 0.354027 0.509511 0.607162 0.6531
3.03014e+06 0.174894 0.354407 0.51006 0.60782 0.6538
3.03003e+06 0.175085 0.354787 0.510609 0.608478 0.6545
3.02991e+06 0.175276 0.355167 0.511158 0.609136 0.6552
3.02978e+06 0.175467 0.355547 0.511707 0.609794 0.6559
3.02965e+06 0.175657 0.355927 0.512256 0.610452 0.6566
3.02951e+06 0.175848 0.356306 0.512804 0.611111 0.6573
3.02936e+06 0.176038 0.356685 0.513352 0.611769 0.658
3.0292e+06 0.176228 0.357064 0.513901 0.612429 0.6587
3.02901e+06 0.176417 0.357442 0.514449 0.61309 0.6594
3.02882e+06 0.176607 0.35782 0.514998 0.613752 0.6601
3.02862e+06 0.176796 0.358198 0.515547 0.614414 0.6608
3.02841e+06 0.176986 0.358576 0.516096 0.615076 0.6615
3.0282e+06 0.177175 0.358954 0.516645 0.615738 0.6622
3.02798e+06 0.177364 0.359332 0.517194 0.6164 0.6629
3.02776e+06 0.177553 0.35971 0.517743 0.617061 0.6636
3.02754e+06 0.177742 0.360088 0.518291 0.617723 0.6643
3.02731e+06 0.177931 0.360465 0.51884 0.618385 0.665
3.02709e+06 0.17812 0.360843 0.519389 0.619047 0.6657
3.02686e+06 0.178309 0.36122 0.519937 0.619709 0.6664
3.02663e+06 0.178498 0.361597 0.520486 0.62037 0.6671
3.02639e+06 0.178687 0.361975 0.521034 0.621032 0.6678
3.02615e+06 0.178876 0.362352 0.521583 0.621694 0.6685
3.02591e+06 0.179065 0.362729 0.522131 0.622356 0.6692
3.02566e+06 0.179254 0.363106 0.522679 0.623017 0.6699
3.02541e+06 0.179442 0.363483 0.523228 0.623679 0.6706
3.02516e+06 0.179631 0.36386 0.523775 0.62434 0.6713
3.02491e+06 0.179819 0.364236 0.524323 0.625002 0.672
3.02465e+06 0.180008 0.364613 0.524871 0.625663 0.6727
3.02439e+06 0.180196 0.364989 0.525418 0.626324 0.6734
3.02412e+06 0.180385 0.365365 0.525965 0.626985 0.6741
3.02385e+06 0.180573 0.365742 0.526513 0.627646 0.6748
3.02358e+06 0.180761 0.366118 0.52706 0.628307 0.6755
3.0233e+06 0.180949 0.366494 0.527607 0.628968 0.6762
3.02303e+06 0.181138 0.366869 0.528153 0.629629 0.6769
3.02275e+06 0.181326 0.367245 0.5287 0.63029 0.6776
3.02247e+06 0.181514 0.36762 0.529247 0.630951 0.6783
3.02219e+06 0.181701 0.367996 0.529793 0.631612 0.679
3.0219e+06 0.181889 0.368371 0.530339 0.632273 0.6797
3.02161e+06 0.182077 0.368746 0.530885 0.632934 0.6804
3.02132e+06 0.182264 0.36912 0.531431 0.633596 0.6811
3.02102e+06 0.182451 0.369495 0.531977 0.634257 0.6818
3.02072e+06 0.182639 0.369869 0.532522 0.634918 0.6825
3.02042e+06 0.182826 0.370243 0.533068 0.63558 0.6832
3.02011e+06 0.183013 0.370617 0.533613 0.636242 0.6839
3.01981e+06 0.1832 0.370991 0.534158 0.636903 0.6846
3.0195e+06 0.183387 0.371365 0.534703 0.637565 0.6853
3.0192e+06 0.183574 0.371738 0.535248 0.638226 0.686
3.01889e+06 0.18376 0.372112 0.535793 0.638888 0.6867
3.01858e+06 0.183947 0.372486 0.536338 0.639549 0.6874
3.01827e+06 0.184134 0.372859 0.536883 0.64021 0.6881
3.01797e+06 0.184321 0.373233 0.537427 0.640872 0.6888
3.01766e+06 0.184508 0.373606 0.537972 0.641533 0.6895
3.01735e+06 0.184694 0.37398 0.538517 0.642194 0.6902
3.01704e+06 0.184881 0.374353 0.539061 0.642856 0.6909
3.01673e+06 0.185068 0.374726 0.539605 0.643517 0.6916
3.01642e+06 0.185254 0.375099 0.54015 0.644178 0.6923
3.0161e+06 0.185441 0.375472 0.540694 0.644839 0.693
3.01579e+06 0.185627 0.375845 0.541238 0.6455 0.6937
3.01547e+06 0.185814 0.376218 0.541782 0.646162 0.6944
3.01516e+06 0.186 0.376591 0.542326 0.646823 0.6951
3.01484e+06 0.186187 0.376963 0.54287 0.647484 0.6958
3.01452e+06 0.186373 0.377336 0.543414 0.648145 0.6965
3.0142e+06 0.186559 0.377708 0.543957 0.648806 0.6972
3.01388e+06 0.186745 0.378081 0.544501 0.649467 0.6979
3.01356e+06 0.186932 0.378453 0.545044 0.650128 0.6986
3.01324e+06 0.187118 0.378825 0.545588 0.650789 0.6993
3.01292e+06 0.187304 0.379198 0.546131 0.65145 0.7
