31291.6 -5.36441e-05 -2.18172e-05 2.67732e-16 -4.78346e-20 -573440 -4264.48 5.29345e-08 -4.86755e-10
62583.1 -5.34051e-05 -4.36347e-05 2.48753e-16 3.6205e-20 -570880 -8528.94 4.91735e-08 3.68415e-10
93874.4 -5.31661e-05 -6.54526e-05 2.55347e-16 4.68417e-20 -568320 -12793.4 5.04616e-08 4.76652e-10
125166 -5.29272e-05 -8.72709e-05 2.5328e-16 1.75503e-20 -565760 -17057.8 5.0087e-08 1.78589e-10
156457 -5.26883e-05 -0.00010909 2.56972e-16 5.55726e-20 -563200 -21322.1 5.08157e-08 5.65496e-10
187747 -5.24495e-05 -0.000130909 2.57326e-16 5.2736e-20 -560640 -25586.5 5.08587e-08 5.36631e-10
219038 -5.22108e-05 -0.000152729 2.54494e-16 4.87011e-20 -558080 -29850.8 5.03086e-08 4.95572e-10
250328 -5.19721e-05 -0.000174549 2.55893e-16 8.82074e-20 -555520 -34115 5.05737e-08 8.97581e-10
281618 -5.17336e-05 -0.00019637 2.5437e-16 6.93141e-20 -552960 -38379.2 5.02995e-08 7.05326e-10
312907 -5.14951e-05 -0.000218191 2.53605e-16 8.78591e-20 -550401 -42643.4 5.01517e-08 8.94037e-10
344196 -5.12566e-05 -0.000240015 2.55534e-16 1.08115e-19 -547841 -46907.5 5.05099e-08 1.10016e-09
375485 -5.10183e-05 -0.000261838 2.53364e-16 9.2267e-20 -545281 -51171.5 5.00584e-08 9.3889e-10
406772 -5.078e-05 -0.000283662 2.52486e-16 9.11548e-20 -542721 -55435.3 4.98931e-08 9.27573e-10
438060 -5.05416e-05 -0.000305489 2.55976e-16 1.30502e-19 -540161 -59699.2 5.05871e-08 1.32797e-09
469346 -5.03037e-05 -0.000327313 2.52548e-16 1.04524e-19 -537602 -63962.9 4.99444e-08 1.06362e-09
500632 -5.00657e-05 -0.000349138 2.53295e-16 1.297e-19 -535042 -68226.3 5.00642e-08 1.3198e-09
531917 -4.98277e-05 -0.000370968 2.55299e-16 1.27835e-19 -532483 -72490.1 5.04423e-08 1.30083e-09
563193 -4.95903e-05 -0.000392793 2.52954e-16 1.47466e-19 -529925 -76753.2 4.99807e-08 1.50058e-09
594209 -4.9356e-05 -0.000414511 2.50684e-16 1.45872e-19 -527398 -80995.1 4.95435e-08 1.48436e-09
625086 -4.91223e-05 -0.00043616 2.53386e-16 1.71943e-19 -524877 -85223.2 5.00839e-08 1.74966e-09
655777 -4.8891e-05 -0.000457699 2.49221e-16 1.87058e-19 -522380 -89429.8 4.92444e-08 1.90347e-09
686112 -4.8663e-05 -0.000479073 2.47574e-16 2.19425e-19 -519918 -93603.4 4.89382e-08 2.23282e-09
716073 -4.84384e-05 -0.000500369 2.51661e-16 1.84711e-19 -517494 -97761.4 4.97195e-08 1.87958e-09
745891 -4.82154e-05 -0.000521766 2.53413e-16 1.97221e-19 -515080 -101939 5.00718e-08 2.00688e-09
775480 -4.79947e-05 -0.000543029 2.51623e-16 2.18314e-19 -512690 -106090 4.97087e-08 2.22152e-09
804855 -4.77763e-05 -0.000564196 2.5434e-16 2.34166e-19 -510322 -110222 5.02561e-08 2.38282e-09
833891 -4.75616e-05 -0.000585262 2.54506e-16 2.55035e-19 -507993 -114335 5.02869e-08 2.59518e-09
862732 -4.73484e-05 -0.000606444 2.5891e-16 2.16132e-19 -505677 -118469 5.11358e-08 2.19931e-09
891210 -4.71393e-05 -0.000627421 2.57033e-16 2.91262e-19 -503404 -122563 5.07855e-08 2.96382e-09
919168 -4.69347e-05 -0.00064813 2.61034e-16 2.66364e-19 -501177 -126604 5.15471e-08 2.71047e-09
946842 -4.67314e-05 -0.000668694 2.61096e-16 1.83434e-19 -498962 -130617 5.15608e-08 1.86659e-09
974314 -4.65322e-05 -0.000689209 2.66207e-16 2.70715e-19 -496788 -134619 5.25706e-08 2.75475e-09
1.00122e+06 -4.63386e-05 -0.000709591 2.64342e-16 2.05916e-19 -494673 -138596 5.21983e-08 2.09536e-09
1.02744e+06 -4.61489e-05 -0.000729833 2.65191e-16 2.86403e-19 -492597 -142544 5.23748e-08 2.91438e-09
1.05352e+06 -4.57135e-05 -0.000752701 2.81062e-16 1.71031e-19 -490529 -146401 5.25274e-08 1.74038e-09
1.07932e+06 -4.52564e-05 -0.000775738 2.76728e-16 2.14492e-19 -488514 -150223 5.17214e-08 2.18262e-09
1.10457e+06 -4.48061e-05 -0.000798635 2.84498e-16 2.25616e-19 -486552 -154022 5.31614e-08 2.29582e-09
1.12927e+06 -4.43593e-05 -0.000821516 2.84316e-16 2.31645e-19 -484619 -157819 5.31244e-08 2.35718e-09
1.15392e+06 -4.39132e-05 -0.000844448 2.83405e-16 2.32542e-19 -482695 -161624 5.29434e-08 2.3663e-09
1.17841e+06 -4.34704e-05 -0.000867384 2.75705e-16 2.54986e-19 -480802 -165429 5.15045e-08 2.59468e-09
1.20239e+06 -4.28995e-05 -0.000890848 2.91362e-16 1.54482e-19 -478952 -169066 5.13561e-08 1.57197e-09
1.22579e+06 -4.21834e-05 -0.000915204 3.10062e-16 2.22016e-19 -477133 -172573 5.46556e-08 2.25919e-09
1.24889e+06 -4.14712e-05 -0.000939482 2.93023e-16 7.11452e-20 -475331 -176067 5.16081e-08 7.23959e-10
1.27191e+06 -4.07613e-05 -0.000963731 3.12361e-16 1.79042e-19 -473543 -179558 5.50183e-08 1.8219e-09
1.29467e+06 -4.00592e-05 -0.000987812 3.00436e-16 1.24505e-19 -471793 -183024 5.29201e-08 1.26694e-09
1.31712e+06 -3.93567e-05 -0.00101205 3.13649e-16 3.13073e-19 -470067 -186512 5.52645e-08 3.18577e-09
1.33915e+06 -3.86543e-05 -0.00103643 3.05659e-16 2.22681e-19 -468368 -190022 5.3835e-08 2.26596e-09
1.36102e+06 -3.79548e-05 -0.00106075 3.21721e-16 3.04868e-19 -466682 -193522 5.66799e-08 3.10227e-09
1.38276e+06 -3.72776e-05 -0.00108413 3.0444e-16 2.11571e-19 -465011 -196885 5.36195e-08 2.1529e-09
1.40404e+06 -3.63854e-05 -0.00110861 3.26235e-16 2.63985e-19 -463370 -200096 5.4001e-08 2.68625e-09
1.42488e+06 -3.51396e-05 -0.00113643 3.46291e-16 2.48842e-19 -461749 -203276 5.57247e-08 2.53216e-09
1.44569e+06 -3.3837e-05 -0.00116473 3.3596e-16 1.23483e-19 -460135 -206439 5.40715e-08 1.25654e-09
1.46643e+06 -3.25338e-05 -0.00119309 3.43667e-16 2.7134e-19 -458530 -209608 5.53073e-08 2.7611e-09
1.48703e+06 -3.12345e-05 -0.00122143 3.3821e-16 1.74155e-19 -456948 -212775 5.44096e-08 1.77216e-09
1.50749e+06 -2.99361e-05 -0.00124978 3.48055e-16 3.60111e-19 -455371 -215941 5.59874e-08 3.66442e-09
1.52772e+06 -2.86308e-05 -0.00127835 3.40744e-16 2.96154e-19 -453809 -219135 5.47989e-08 3.0136e-09
1.54778e+06 -2.73264e-05 -0.00130697 3.42003e-16 3.19826e-19 -452264 -222332 5.49971e-08 3.25449e-09
1.5676e+06 -2.60351e-05 -0.0013353 3.38145e-16 3.26555e-19 -450733 -225497 5.43837e-08 3.32296e-09
1.58726e+06 -2.45749e-05 -0.00136507 3.56879e-16 3.68436e-19 -449212 -228650 5.57347e-08 3.74913e-09
1.60676e+06 -2.29184e-05 -0.00139539 3.56881e-16 2.03412e-19 -447707 -231607 5.19624e-08 2.06988e-09
1.62611e+06 -2.09203e-05 -0.00142719 3.67057e-16 2.6452e-19 -446211 -234369 5.34319e-08 2.69171e-09
1.64529e+06 -1.90037e-05 -0.0014576 3.61786e-16 1.64061e-19 -444724 -237005 5.26652e-08 1.66945e-09
1.66421e+06 -1.70205e-05 -0.0014892 3.69443e-16 2.43965e-19 -443245 -239749 5.37766e-08 2.48254e-09
1.68302e+06 -1.50439e-05 -0.00152072 3.62652e-16 1.74014e-19 -441774 -242484 5.27702e-08 1.77073e-09
1.70175e+06 -1.30993e-05 -0.00155171 3.66449e-16 2.4833e-19 -440313 -245173 5.33059e-08 2.52696e-09
1.72032e+06 -1.11626e-05 -0.00158259 3.59781e-16 2.23586e-19 -438858 -247850 5.23182e-08 2.27517e-09
1.73881e+06 -9.22963e-06 -0.00161342 3.63115e-16 2.40333e-19 -437408 -250523 5.28071e-08 2.44558e-09
1.75721e+06 -7.29341e-06 -0.00164435 3.66047e-16 3.71848e-19 -435971 -253205 5.32295e-08 3.78386e-09
1.77537e+06 -5.32809e-06 -0.00167585 3.67166e-16 4.12177e-19 -434552 -255938 5.33951e-08 4.19423e-09
1.79342e+06 -2.98829e-06 -0.00171002 3.74465e-16 3.34913e-19 -433140 -258637 5.27089e-08 3.40801e-09
1.81137e+06 -5.77568e-07 -0.00174465 3.78643e-16 4.32415e-19 -431733 -261321 5.32959e-08 4.40017e-09
1.82924e+06 1.79515e-06 -0.00177872 3.73298e-16 3.76153e-19 -430335 -263961 5.25315e-08 3.82766e-09
1.84706e+06 4.05609e-06 -0.00181108 3.63864e-16 3.57284e-19 -428942 -266462 5.12009e-08 3.63565e-09
1.86471e+06 6.21915e-06 -0.00184194 3.58931e-16 3.14653e-19 -427563 -268844 5.04933e-08 3.20184e-09
1.88205e+06 8.83089e-06 -0.00187515 3.79776e-16 2.52933e-19 -426193 -271127 4.93978e-08 2.57379e-09
1.89922e+06 1.14761e-05 -0.00190856 3.86547e-16 1.73276e-19 -424833 -273408 5.02537e-08 1.76322e-09
1.91625e+06 1.41237e-05 -0.00194204 3.8958e-16 2.31942e-19 -423481 -275692 5.06452e-08 2.36019e-09
1.93307e+06 1.68138e-05 -0.00197613 4.02368e-16 1.52174e-19 -422136 -278019 5.22996e-08 1.5485e-09
1.94983e+06 1.94772e-05 -0.00200987 3.88999e-16 2.82978e-19 -420797 -280321 5.05524e-08 2.87953e-09
1.96646e+06 2.2095e-05 -0.00204301 3.91904e-16 1.78558e-19 -419466 -282581 5.09335e-08 1.81697e-09
1.983e+06 2.47013e-05 -0.00207602 3.87346e-16 2.92874e-19 -418138 -284830 5.03105e-08 2.98023e-09
1.99946e+06 2.7321e-05 -0.00210922 3.98402e-16 2.08967e-19 -416812 -287093 5.17516e-08 2.1264e-09
2.01591e+06 2.99402e-05 -0.00214244 3.91955e-16 3.13691e-19 -415488 -289356 5.08908e-08 3.19205e-09
2.0323e+06 3.26811e-05 -0.00217643 4.16358e-16 2.0819e-19 -414171 -291614 5.21491e-08 2.1185e-09
2.04857e+06 3.57972e-05 -0.00221271 4.06145e-16 4.66726e-19 -412866 -293841 5.08435e-08 4.74931e-09
2.06472e+06 3.89363e-05 -0.00224931 4.11579e-16 2.97955e-19 -411567 -296088 5.15224e-08 3.03193e-09
2.0808e+06 4.18982e-05 -0.00228372 4.01552e-16 3.92398e-19 -410275 -298194 5.02328e-08 3.99296e-09
2.09686e+06 4.48438e-05 -0.00231795 4.07255e-16 3.26169e-19 -408985 -300288 5.09326e-08 3.31903e-09
2.11287e+06 4.77987e-05 -0.0023523 4.00419e-16 4.54144e-19 -407699 -302389 5.00909e-08 4.62128e-09
2.12879e+06 5.07644e-05 -0.00238682 4.14375e-16 2.86313e-19 -406421 -304501 5.18144e-08 2.91347e-09
2.14457e+06 5.37743e-05 -0.00242192 4.06566e-16 4.33922e-19 -405150 -306650 5.08207e-08 4.4155e-09
2.16023e+06 5.67647e-05 -0.0024568 4.16654e-16 3.95532e-19 -403885 -308784 5.2064e-08 4.02486e-09
2.1758e+06 5.96759e-05 -0.00249071 3.9169e-16 3.39734e-19 -402624 -310856 4.89345e-08 3.45707e-09
2.19133e+06 6.24495e-05 -0.00252292 3.97173e-16 2.64253e-19 -401365 -312819 4.96157e-08 2.68899e-09
2.20682e+06 6.52213e-05 -0.00255513 3.93913e-16 3.38034e-19 -400109 -314780 4.92046e-08 3.43977e-09
2.22223e+06 6.80316e-05 -0.00258752 4.23056e-16 2.74667e-19 -398856 -316737 4.8356e-08 2.79496e-09
2.23752e+06 7.1303e-05 -0.00262214 4.24472e-16 3.70921e-19 -397612 -318646 4.85006e-08 3.77442e-09
2.25272e+06 7.45877e-05 -0.00265692 4.32475e-16 2.62872e-19 -396371 -320565 4.94147e-08 2.67493e-09
2.26779e+06 7.79454e-05 -0.00269255 4.3544e-16 4.4179e-19 -395132 -322533 4.97421e-08 4.49557e-09
2.2828e+06 8.13201e-05 -0.00272839 4.49216e-16 2.74504e-19 -393897 -324512 5.13019e-08 2.7933e-09
2.29776e+06 8.46716e-05 -0.00276398 4.2871e-16 3.92079e-19 -392665 -326477 4.89217e-08 3.98972e-09
2.31267e+06 8.79952e-05 -0.00279929 4.41786e-16 2.8522e-19 -391438 -328424 5.04051e-08 2.90234e-09
2.32757e+06 9.13153e-05 -0.00283457 4.30973e-16 3.99619e-19 -390215 -330370 4.91591e-08 4.06644e-09
2.34241e+06 9.46135e-05 -0.00286962 4.40468e-16 3.25703e-19 -388994 -332301 5.02432e-08 3.31429e-09
2.35723e+06 9.78633e-05 -0.00290413 4.26862e-16 4.13266e-19 -387774 -334201 4.86643e-08 4.20531e-09
2.37201e+06 0.000101034 -0.00293777 4.29507e-16 2.45906e-19 -386556 -336049 4.89299e-08 2.50228e-09
2.38672e+06 0.00010455 -0.00297249 4.33806e-16 3.79818e-19 -385344 -337796 4.74492e-08 3.86496e-09
2.40138e+06 0.00010808 -0.00300733 4.47989e-16 2.59623e-19 -384138 -339546 4.89772e-08 2.64188e-09
2.41598e+06 0.0001116 -0.00304208 4.32677e-16 3.94072e-19 -382933 -341291 4.72819e-08 4.01e-09
2.43049e+06 0.000115128 -0.00307694 4.47617e-16 3.72062e-19 -381734 -343042 4.8899e-08 3.78603e-09
2.44492e+06 0.000118657 -0.00311183 4.33828e-16 4.85437e-19 -380540 -344794 4.74029e-08 4.93971e-09
2.45927e+06 0.000122218 -0.00314708 4.5128e-16 3.90358e-19 -379350 -346565 4.92619e-08 3.9722e-09
2.47355e+06 0.000125806 -0.00318262 4.41134e-16 5.25112e-19 -378164 -348352 4.81377e-08 5.34344e-09
2.4878e+06 0.000129401 -0.00321826 4.56097e-16 4.47565e-19 -376979 -350142 4.97475e-08 4.55433e-09
2.50202e+06 0.000132995 -0.00325391 4.47606e-16 5.28026e-19 -375798 -351933 4.88335e-08 5.37309e-09
2.51622e+06 0.000136587 -0.00328955 4.53685e-16 4.45069e-19 -374619 -353723 4.94856e-08 4.52893e-09
2.53041e+06 0.000140177 -0.00332518 4.46403e-16 5.10422e-19 -373441 -355512 4.86507e-08 5.19395e-09
2.54457e+06 0.000143763 -0.00336079 4.54434e-16 4.38036e-19 -372265 -357298 4.9502e-08 4.45737e-09
2.55868e+06 0.000147343 -0.00339635 4.46459e-16 5.32922e-19 -371092 -359082 4.86461e-08 5.42291e-09
2.57273e+06 0.000150912 -0.00343182 4.47778e-16 4.86062e-19 -369923 -360861 4.87544e-08 4.94607e-09
2.58674e+06 0.000154473 -0.00346723 4.45722e-16 5.62667e-19 -368757 -362635 4.85452e-08 5.72558e-09
2.60069e+06 0.00015796 -0.00350187 4.29274e-16 3.20945e-19 -367595 -364369 4.67007e-08 3.26587e-09
2.61459e+06 0.00016131 -0.00353509 4.20742e-16 4.56203e-19 -366440 -366027 4.57521e-08 4.64223e-09
2.62846e+06 0.000164661 -0.00356833 4.30416e-16 3.20215e-19 -365286 -367685 4.68081e-08 3.25845e-09
2.64228e+06 0.000168035 -0.00360184 4.21769e-16 3.79604e-19 -364134 -369357 4.58413e-08 3.86277e-09
2.65606e+06 0.000171406 -0.00363533 4.32635e-16 3.48012e-19 -362984 -371027 4.70218e-08 3.5413e-09
2.66984e+06 0.000174778 -0.00366884 4.2071e-16 5.07703e-19 -361835 -372698 4.56939e-08 5.16628e-09
2.68358e+06 0.000178149 -0.00370236 4.31371e-16 4.33166e-19 -360689 -374368 4.68626e-08 4.40781e-09
2.6973e+06 0.000181464 -0.00373531 4.19129e-16 5.45176e-19 -359543 -376008 4.55011e-08 5.5476e-09
2.71098e+06 0.000184774 -0.0037682 4.34865e-16 4.10155e-19 -358401 -377644 4.71791e-08 4.17366e-09
2.72458e+06 0.000188076 -0.00380105 4.31899e-16 5.37913e-19 -357262 -379278 4.68526e-08 5.47369e-09
2.73807e+06 0.000191348 -0.00383359 4.45154e-16 4.15014e-19 -356125 -380894 4.82805e-08 4.2231e-09
2.75152e+06 0.000194607 -0.003866 4.26862e-16 5.43656e-19 -354989 -382504 4.62815e-08 5.53214e-09
2.76493e+06 0.000197861 -0.00389838 4.3939e-16 4.52013e-19 -353855 -384110 4.7612e-08 4.5996e-09
2.77833e+06 0.000201107 -0.00393069 4.26989e-16 5.31869e-19 -352721 -385712 4.62687e-08 5.41219e-09
2.79168e+06 0.000204249 -0.00396181 4.68486e-16 3.4793e-19 -351589 -387248 4.57785e-08 3.54046e-09
2.805e+06 0.000207736 -0.00399399 4.5554e-16 4.69207e-19 -350461 -388737 4.45179e-08 4.77455e-09
2.8183e+06 0.000211221 -0.00402618 4.65416e-16 4.02636e-19 -349335 -390226 4.54374e-08 4.09714e-09
2.83158e+06 0.000214708 -0.00405839 4.51025e-16 5.31606e-19 -348210 -391716 4.40295e-08 5.40952e-09
2.84484e+06 0.000218209 -0.00409075 4.6762e-16 3.79129e-19 -347088 -393213 4.56184e-08 3.85794e-09
2.85807e+06 0.000221716 -0.0041232 4.45467e-16 4.28096e-19 -345969 -394714 4.34402e-08 4.35622e-09
2.87128e+06 0.000225225 -0.00415568 4.6832e-16 3.85308e-19 -344852 -396216 4.56785e-08 3.92082e-09
2.88446e+06 0.00022873 -0.00418813 4.46264e-16 4.2606e-19 -343737 -397716 4.34793e-08 4.3355e-09
2.89763e+06 0.000232232 -0.00422057 4.64103e-16 3.87218e-19 -342622 -399215 4.52201e-08 3.94025e-09
2.91076e+06 0.000235742 -0.0042531 4.49142e-16 4.58749e-19 -341510 -400718 4.37412e-08 4.66814e-09
2.92379e+06 0.000239292 -0.00428605 4.74347e-16 3.88516e-19 -340401 -402241 4.6175e-08 3.95346e-09
2.9368e+06 0.000242969 -0.0043195 4.70822e-16 3.81094e-19 -339293 -403757 4.36485e-08 3.87793e-09
2.94978e+06 0.000246911 -0.00435401 4.94228e-16 3.38314e-19 -338188 -405258 4.58331e-08 3.44262e-09
2.96274e+06 0.00025085 -0.00438851 4.77891e-16 3.66611e-19 -337084 -406758 4.4296e-08 3.73056e-09
2.97566e+06 0.000254794 -0.00442307 4.99898e-16 4.85693e-19 -335982 -408261 4.63115e-08 4.94232e-09
2.98852e+06 0.000258746 -0.00445772 4.8075e-16 5.64521e-19 -334883 -409767 4.45398e-08 5.74445e-09
3.00135e+06 0.000262699 -0.00449235 4.93912e-16 4.73919e-19 -333788 -411271 4.57276e-08 4.8225e-09
3.01416e+06 0.000266639 -0.00452693 4.79083e-16 5.47826e-19 -332695 -412774 4.43324e-08 5.57457e-09
3.02695e+06 0.000270576 -0.00456149 5.04351e-16 4.71987e-19 -331605 -414275 4.66443e-08 4.80284e-09
3.03972e+06 0.000274509 -0.00459604 4.84426e-16 5.30382e-19 -330517 -415775 4.47908e-08 5.39706e-09
3.05247e+06 0.000278438 -0.00463057 5.07793e-16 4.25825e-19 -329431 -417274 4.69172e-08 4.33311e-09
3.0652e+06 0.000282364 -0.00466509 4.92476e-16 4.65515e-19 -328348 -418772 4.54984e-08 4.73699e-09
3.07791e+06 0.000286287 -0.0046996 5.07834e-16 4.46966e-19 -327266 -420269 4.6879e-08 4.54823e-09
3.09057e+06 0.000290169 -0.00473374 4.84709e-16 5.25645e-19 -326187 -421748 4.46871e-08 5.34886e-09
3.10322e+06 0.000294027 -0.00476766 4.96233e-16 4.56322e-19 -325109 -423217 4.5784e-08 4.64344e-09
3.11585e+06 0.000297883 -0.00480159 4.76684e-16 5.41505e-19 -324033 -424686 4.39413e-08 5.51025e-09
3.12845e+06 0.000301732 -0.00483547 5.04645e-16 4.45214e-19 -322961 -426152 4.65279e-08 4.53041e-09
3.14103e+06 0.000305584 -0.00486936 4.86171e-16 5.09315e-19 -321891 -427616 4.47999e-08 5.18269e-09
3.15358e+06 0.000309424 -0.00490319 4.9968e-16 4.39032e-19 -320823 -429079 4.60186e-08 4.4675e-09
3.1661e+06 0.000313261 -0.00493701 4.90008e-16 4.75505e-19 -319758 -430541 4.51109e-08 4.83864e-09
3.17859e+06 0.000317086 -0.00497074 5.05551e-16 5.52485e-19 -318695 -431998 4.64916e-08 5.62198e-09
3.19101e+06 0.000320917 -0.00500454 4.85729e-16 6.00216e-19 -317635 -433458 4.46744e-08 6.10768e-09
3.20341e+06 0.000324744 -0.00503833 5.05921e-16 4.92192e-19 -316578 -434917 4.65297e-08 5.00844e-09
3.21577e+06 0.000328574 -0.00507216 4.86366e-16 6.3093e-19 -315523 -436378 4.46889e-08 6.42021e-09
3.2281e+06 0.000332399 -0.00510596 5.13634e-16 5.65283e-19 -314471 -437836 4.71737e-08 5.75221e-09
3.24037e+06 0.000336205 -0.00513961 4.81863e-16 6.90285e-19 -313421 -439287 4.42215e-08 7.0242e-09
3.25259e+06 0.000339932 -0.00517252 4.99721e-16 6.07186e-19 -312373 -440704 4.5864e-08 6.1786e-09
3.26478e+06 0.000343639 -0.00520527 4.83181e-16 6.57965e-19 -311328 -442112 4.43106e-08 6.69532e-09
3.27695e+06 0.000347326 -0.00523784 4.68317e-16 5.05249e-19 -310284 -443512 4.29554e-08 5.14131e-09
3.28908e+06 0.000350897 -0.00526935 4.52966e-16 5.63182e-19 -309244 -444862 4.15148e-08 5.73083e-09
3.30118e+06 0.000354478 -0.00530096 4.70197e-16 4.8832e-19 -308206 -446216 4.30719e-08 4.96905e-09
3.31327e+06 0.00035805 -0.0053325 4.54001e-16 5.58909e-19 -307169 -447566 4.15512e-08 5.68735e-09
3.32533e+06 0.000361612 -0.00536397 4.74172e-16 4.89763e-19 -306134 -448913 4.33756e-08 4.98373e-09
3.33735e+06 0.000365173 -0.00539544 4.52012e-16 5.94709e-19 -305100 -450259 4.13729e-08 6.05164e-09
3.34935e+06 0.000368732 -0.0054269 4.65788e-16 5.25099e-19 -304068 -451605 4.25953e-08 5.3433e-09
3.36132e+06 0.000372295 -0.00545843 4.51481e-16 5.61424e-19 -303038 -452952 4.12401e-08 5.71294e-09
3.37327e+06 0.000375858 -0.00548996 4.72132e-16 5.37741e-19 -302010 -454300 4.31373e-08 5.47195e-09
3.3852e+06 0.000379419 -0.00552149 4.55302e-16 5.99218e-19 -300984 -455647 4.15966e-08 6.09752e-09
3.3971e+06 0.000382982 -0.00555306 4.65003e-16 5.71631e-19 -299960 -456996 4.24388e-08 5.81681e-09
3.40898e+06 0.000386542 -0.00558462 4.55289e-16 5.9373e-19 -298938 -458342 4.15475e-08 6.04168e-09
3.42084e+06 0.0003901 -0.00561617 4.74751e-16 5.70599e-19 -297918 -459689 4.3301e-08 5.8063e-09
3.43268e+06 0.000393656 -0.00564771 4.55497e-16 6.2043e-19 -296899 -461034 4.15366e-08 6.31337e-09
3.4445e+06 0.000397178 -0.00567897 4.5536e-16 4.77611e-19 -295884 -462366 4.14657e-08 4.86007e-09
3.45629e+06 0.000400606 -0.00570934 4.40639e-16 5.34658e-19 -294871 -463656 4.01033e-08 5.44057e-09
3.46806e+06 0.000404032 -0.00573971 4.57305e-16 5.31096e-19 -293860 -464946 4.16203e-08 5.40433e-09
3.47982e+06 0.000407457 -0.00577008 4.39287e-16 5.93643e-19 -292851 -466236 3.99596e-08 6.04079e-09
3.49155e+06 0.000410878 -0.00580043 4.55251e-16 5.01811e-19 -291844 -467524 4.14111e-08 5.10633e-09
3.50324e+06 0.000414311 -0.00583092 4.45003e-16 6.71265e-19 -290840 -468817 4.0458e-08 6.83066e-09
3.51489e+06 0.000417764 -0.00586161 4.76698e-16 4.98301e-19 -289837 -470119 4.3301e-08 5.07061e-09
3.52652e+06 0.000421216 -0.0058923 4.56248e-16 5.98942e-19 -288837 -471421 4.14093e-08 6.09471e-09
3.53812e+06 0.000424666 -0.00592299 4.7353e-16 5.40194e-19 -287839 -472722 4.29627e-08 5.49691e-09
3.54969e+06 0.000428108 -0.00595363 4.57636e-16 5.65006e-19 -286843 -474020 4.14784e-08 5.74938e-09
3.56123e+06 0.000431541 -0.00598419 4.79669e-16 5.28917e-19 -285851 -475314 4.34648e-08 5.38215e-09
3.57274e+06 0.000434959 -0.00601462 4.52468e-16 6.11588e-19 -284860 -476601 4.10309e-08 6.2234e-09
3.58422e+06 0.000438335 -0.00604467 4.72333e-16 4.8486e-19 -283871 -477870 4.27808e-08 4.93384e-09
3.59567e+06 0.00044171 -0.00607472 4.49501e-16 6.1158e-19 -282883 -479138 4.06853e-08 6.22332e-09
3.6071e+06 0.000445083 -0.00610478 4.72067e-16 5.6989e-19 -281899 -480405 4.27008e-08 5.79908e-09
3.6185e+06 0.000448456 -0.00613484 4.54784e-16 5.95394e-19 -280918 -481672 4.11219e-08 6.05861e-09
3.62986e+06 0.000451824 -0.00616487 4.73015e-16 5.11209e-19 -279939 -482937 4.27499e-08 5.20196e-09
3.6412e+06 0.000455187 -0.00619488 4.53574e-16 6.08988e-19 -278964 -484200 4.092e-08 6.19694e-09
3.65249e+06 0.000458552 -0.00622491 4.73819e-16 5.21174e-19 -277990 -485463 4.27353e-08 5.30336e-09
3.66376e+06 0.000461929 -0.00625507 4.58124e-16 6.45806e-19 -277020 -486731 4.13311e-08 6.57159e-09
3.67496e+06 0.000465332 -0.00628549 4.82257e-16 5.03446e-19 -276052 -488010 4.35157e-08 5.12297e-09
3.68614e+06 0.000468729 -0.00631588 4.67951e-16 6.85368e-19 -275087 -489286 4.2166e-08 6.97417e-09
3.69728e+06 0.000472112 -0.00634615 4.84369e-16 6.04964e-19 -274125 -490555 4.36412e-08 6.15599e-09
3.70839e+06 0.000475491 -0.00637638 4.6483e-16 7.15617e-19 -273165 -491822 4.18404e-08 7.28197e-09
3.71947e+06 0.000478871 -0.00640664 4.81656e-16 5.826e-19 -272209 -493088 4.33502e-08 5.92842e-09
3.73052e+06 0.000482251 -0.00643691 4.61531e-16 6.38222e-19 -271256 -494354 4.15093e-08 6.49442e-09
3.74154e+06 0.000485631 -0.0064672 4.83027e-16 5.83677e-19 -270305 -495619 4.34284e-08 5.93938e-09
3.75253e+06 0.000489012 -0.0064975 4.65852e-16 6.94212e-19 -269358 -496882 4.18331e-08 7.06416e-09
3.76348e+06 0.000492404 -0.00652792 4.82554e-16 5.69757e-19 -268415 -498150 4.33029e-08 5.79774e-09
3.77439e+06 0.000495803 -0.00655842 4.65722e-16 6.93893e-19 -267476 -499420 4.1784e-08 7.06091e-09
3.78526e+06 0.00049922 -0.00658911 4.84691e-16 5.87214e-19 -266541 -500696 4.34593e-08 5.97537e-09
3.79608e+06 0.000502637 -0.0066198 4.65701e-16 6.62371e-19 -265610 -501970 4.17367e-08 6.74015e-09
3.80685e+06 0.000506055 -0.00665052 4.82963e-16 5.80201e-19 -264684 -503243 4.32374e-08 5.90401e-09
3.81758e+06 0.000509473 -0.00668124 4.63774e-16 7.15111e-19 -263761 -504514 4.14966e-08 7.27682e-09
3.82827e+06 0.000512894 -0.006712 4.79073e-16 5.73644e-19 -262842 -505784 4.27826e-08 5.83728e-09
3.83892e+06 0.00051632 -0.00674281 4.68582e-16 7.30095e-19 -261926 -507054 4.18549e-08 7.4293e-09
3.84953e+06 0.00051975 -0.00677367 4.8481e-16 6.12619e-19 -261015 -508322 4.3261e-08 6.23389e-09
3.86009e+06 0.000523186 -0.00680459 4.81234e-16 6.29895e-19 -260108 -509590 4.28845e-08 6.40968e-09
3.87062e+06 0.00052663 -0.00683557 4.92935e-16 5.29983e-19 -259204 -510858 4.38995e-08 5.393e-09
3.88111e+06 0.000530078 -0.00686661 4.82331e-16 5.97665e-19 -258305 -512124 4.29682e-08 6.08171e-09
3.89155e+06 0.000533534 -0.00689772 4.92625e-16 5.87423e-19 -257409 -513389 4.38104e-08 5.9775e-09
3.90194e+06 0.00053699 -0.00692881 4.84923e-16 6.27453e-19 -256518 -514650 4.30937e-08 6.38483e-09
3.91225e+06 0.000540393 -0.0069594 4.88014e-16 5.9037e-19 -255631 -515884 4.33574e-08 6.00749e-09
3.92253e+06 0.000543793 -0.00698996 4.76678e-16 6.5987e-19 -254748 -517112 4.22915e-08 6.71471e-09
3.93274e+06 0.000547205 -0.00702062 4.889e-16 5.72998e-19 -253870 -518339 4.33738e-08 5.83072e-09
3.9429e+06 0.000550629 -0.00705138 4.84178e-16 6.69845e-19 -252996 -519566 4.28663e-08 6.81621e-09
3.95302e+06 0.000554072 -0.0070823 4.90441e-16 6.06995e-19 -252125 -520794 4.3392e-08 6.17666e-09
3.96308e+06 0.000557526 -0.00711332 4.84901e-16 6.76755e-19 -251259 -522019 4.28627e-08 6.88652e-09
3.97308e+06 0.000560999 -0.0071445 4.94868e-16 7.65249e-19 -250397 -523244 4.36867e-08 7.78702e-09
3.98304e+06 0.0005645 -0.00717592 4.80134e-16 8.34001e-19 -249539 -524473 4.2337e-08 8.48662e-09
3.99294e+06 0.000568025 -0.00720753 4.96749e-16 7.19037e-19 -248686 -525702 4.3734e-08 7.31678e-09
4.00279e+06 0.000571574 -0.00723935 4.88505e-16 7.90193e-19 -247838 -526931 4.29463e-08 8.04084e-09
4.0126e+06 0.000575152 -0.0072714 4.97125e-16 7.69084e-19 -246993 -528161 4.36394e-08 7.82604e-09
4.02236e+06 0.000578885 -0.00730405 5.37397e-16 7.5987e-19 -246153 -529389 4.14639e-08 7.73228e-09
4.03205e+06 0.000582825 -0.00733744 5.58323e-16 7.06388e-19 -245319 -530612 4.30136e-08 7.18806e-09
4.04169e+06 0.000586809 -0.00737116 5.47758e-16 7.80279e-19 -244490 -531836 4.20805e-08 7.93996e-09
4.05129e+06 0.000591119 -0.00740606 5.92311e-16 6.55665e-19 -243665 -533053 4.27335e-08 6.67192e-09
4.06082e+06 0.000595532 -0.0074415 5.76345e-16 7.49086e-19 -242845 -534267 4.15203e-08 7.62254e-09
4.0703e+06 0.000600011 -0.00747739 5.8136e-16 6.69605e-19 -242030 -535482 4.1724e-08 6.81376e-09
4.07972e+06 0.000604562 -0.00751377 5.77288e-16 7.33846e-19 -241219 -536696 4.13456e-08 7.46747e-09
4.08906e+06 0.000609216 -0.00755091 6.04025e-16 6.86967e-19 -240413 -537917 4.3201e-08 6.99044e-09
4.09831e+06 0.000614018 -0.00758915 6.02471e-16 7.51779e-19 -239612 -539155 4.29427e-08 7.64995e-09
4.10751e+06 0.00061892 -0.00762808 6.13591e-16 7.04197e-19 -238815 -540392 4.36485e-08 7.16577e-09
4.11665e+06 0.000623933 -0.00766776 6.04223e-16 7.68601e-19 -238022 -541630 4.28427e-08 7.82113e-09
4.12573e+06 0.000629061 -0.00770822 6.14831e-16 8.01027e-19 -237235 -542865 4.34575e-08 8.15108e-09
4.13475e+06 0.000634327 -0.00774963 6.16051e-16 8.08518e-19 -236452 -544102 4.3392e-08 8.22731e-09
4.14371e+06 0.000639723 -0.00779191 6.12877e-16 7.74939e-19 -235674 -545334 4.30482e-08 7.88562e-09
4.15261e+06 0.000645264 -0.00783515 6.13485e-16 7.70906e-19 -234902 -546561 4.29718e-08 7.84458e-09
4.16146e+06 0.000650957 -0.00787938 6.22617e-16 7.8606e-19 -234135 -547782 4.34557e-08 7.99879e-09
4.17025e+06 0.000656809 -0.00792466 6.25929e-16 7.39212e-19 -233373 -548995 4.34593e-08 7.52208e-09
4.17897e+06 0.000662779 -0.00797064 6.24328e-16 6.55859e-19 -232616 -550188 4.32046e-08 6.67389e-09
4.18764e+06 0.000668903 -0.00801758 6.39286e-16 5.96843e-19 -231864 -551367 4.41214e-08 6.07336e-09
4.19625e+06 0.000675221 -0.00806578 6.25784e-16 7.0359e-19 -231118 -552536 4.30264e-08 7.15959e-09
4.2048e+06 0.000681737 -0.00811528 6.27029e-16 7.449e-19 -230377 -553694 4.295e-08 7.57995e-09
4.2133e+06 0.000688458 -0.0081661 6.19405e-16 7.76062e-19 -229641 -554840 4.22478e-08 7.89705e-09
4.22174e+06 0.000695405 -0.0082184 6.2684e-16 7.88425e-19 -228910 -555975 4.2608e-08 8.02285e-09
4.23012e+06 0.000702564 -0.00827205 6.28441e-16 7.45925e-19 -228185 -557094 4.2608e-08 7.59039e-09
4.23843e+06 0.000709952 -0.00832718 6.28752e-16 7.71416e-19 -227464 -558200 4.24661e-08 7.84978e-09
4.24669e+06 0.000717551 -0.00838367 6.27296e-16 7.75169e-19 -226749 -559289 4.21787e-08 7.88797e-09
4.25489e+06 0.000725419 -0.00844193 6.33485e-16 7.49234e-19 -226040 -560370 4.24916e-08 7.62406e-09
4.26302e+06 0.000733534 -0.00850181 6.26127e-16 6.92791e-19 -225335 -561439 4.17895e-08 7.04971e-09
4.2711e+06 0.000741902 -0.00856337 6.24272e-16 6.58437e-19 -224636 -562497 4.16003e-08 6.70013e-09
4.27913e+06 0.000750511 -0.00862653 6.17297e-16 6.85125e-19 -223941 -563544 4.10218e-08 6.97169e-09
4.2871e+06 0.000759357 -0.00869125 6.25383e-16 7.3809e-19 -223252 -564582 4.14184e-08 7.51065e-09
4.29501e+06 0.000768432 -0.0087575 6.22772e-16 6.11034e-19 -222567 -565610 4.10546e-08 6.21776e-09
4.30286e+06 0.000777726 -0.00882522 6.32648e-16 6.67667e-19 -221887 -566629 4.16803e-08 6.79404e-09
4.31066e+06 0.00078723 -0.00889435 6.34233e-16 6.61259e-19 -221212 -567642 4.16367e-08 6.72884e-09
4.3184e+06 0.000796935 -0.00896487 6.34541e-16 6.7083e-19 -220541 -568649 4.15457e-08 6.82623e-09
4.32608e+06 0.000806832 -0.0090367 6.33547e-16 6.78331e-19 -219876 -569652 4.14402e-08 6.90256e-09
4.3337e+06 0.000816912 -0.00910979 6.3653e-16 7.42036e-19 -219215 -570652 4.15203e-08 7.55081e-09
4.34126e+06 0.000827164 -0.00918409 6.37293e-16 6.84034e-19 -218560 -571649 4.14657e-08 6.96059e-09
4.34875e+06 0.00083758 -0.00925955 6.40644e-16 6.80648e-19 -217909 -572646 4.16185e-08 6.92614e-09
4.35618e+06 0.00084816 -0.00933618 6.473e-16 7.20806e-19 -217264 -573643 4.19677e-08 7.33477e-09
4.36355e+06 0.000858889 -0.00941388 6.46223e-16 6.80061e-19 -216624 -574640 4.17967e-08 6.92017e-09
4.37085e+06 0.000869771 -0.0094927 6.4322e-16 6.60796e-19 -215988 -575639 4.15712e-08 6.72412e-09
4.37808e+06 0.000880793 -0.00957253 6.45974e-16 6.8051e-19 -215358 -576640 4.16258e-08 6.92473e-09
4.38525e+06 0.000891962 -0.00965344 6.46597e-16 6.92421e-19 -214732 -577643 4.15166e-08 7.04594e-09
4.39236e+06 0.000903278 -0.00973542 6.4817e-16 6.5033e-19 -214110 -578649 4.16221e-08 6.61763e-09
4.3994e+06 0.000914738 -0.00981847 6.47561e-16 6.21776e-19 -213493 -579658 4.14038e-08 6.32707e-09
4.40639e+06 0.00092634 -0.00990256 6.46072e-16 6.90089e-19 -212881 -580669 4.12801e-08 7.02221e-09
4.41331e+06 0.000938098 -0.00998779 6.44366e-16 6.35632e-19 -212273 -581683 4.1e-08 6.46806e-09
4.42018e+06 0.000950012 -0.0100742 6.43925e-16 6.45131e-19 -211669 -582700 4.08509e-08 6.56473e-09
4.42698e+06 0.00096206 -0.0101615 6.40091e-16 6.80263e-19 -211070 -583715 4.05416e-08 6.92222e-09
4.43372e+06 0.000974255 -0.0102499 6.42172e-16 6.96432e-19 -210476 -584730 4.05162e-08 7.08675e-09
4.44041e+06 0.000986596 -0.0103393 6.42636e-16 6.47254e-19 -209887 -585741 4.04798e-08 6.58632e-09
4.44705e+06 0.000999096 -0.0104299 6.41477e-16 6.73278e-19 -209302 -586749 4.02288e-08 6.85114e-09
4.45364e+06 0.00101176 -0.0105216 6.42788e-16 6.74274e-19 -208721 -587751 4.0156e-08 6.86127e-09
4.46018e+06 0.00102462 -0.0106145 6.4165e-16 6.87394e-19 -208144 -588746 3.99086e-08 6.99478e-09
4.46667e+06 0.00103767 -0.0107088 6.43787e-16 6.51433e-19 -207571 -589734 3.98759e-08 6.62885e-09
4.47311e+06 0.00105105 -0.010805 6.43018e-16 6.50221e-19 -207003 -590710 3.97122e-08 6.61652e-09
4.4795e+06 0.00106457 -0.0109025 6.42994e-16 7.22831e-19 -206439 -591678 3.95121e-08 7.35539e-09
4.48584e+06 0.00107836 -0.0110017 6.42216e-16 7.36269e-19 -205878 -592634 3.92611e-08 7.49212e-09
4.49213e+06 0.00109246 -0.011103 6.45182e-16 6.89705e-19 -205322 -593579 3.92392e-08 7.0183e-09
4.49836e+06 0.00110692 -0.0112067 6.46231e-16 7.93481e-19 -204770 -594513 3.91046e-08 8.0743e-09
4.50453e+06 0.00112177 -0.011313 6.49174e-16 7.56378e-19 -204223 -595436 3.901e-08 7.69675e-09
4.51066e+06 0.00113696 -0.0114216 6.47088e-16 8.09024e-19 -203680 -596342 3.86754e-08 8.23246e-09
4.51673e+06 0.00115249 -0.0115324 6.48306e-16 7.96795e-19 -203141 -597230 3.85771e-08 8.10802e-09
4.52275e+06 0.00116837 -0.0116455 6.48923e-16 7.51952e-19 -202607 -598102 3.83552e-08 7.65171e-09
4.52872e+06 0.00118459 -0.0117609 6.48101e-16 7.71233e-19 -202078 -598956 3.81333e-08 7.84791e-09
4.53464e+06 0.00120116 -0.0118785 6.47555e-16 7.3548e-19 -201553 -599795 3.79187e-08 7.4841e-09
4.54051e+06 0.00121802 -0.0119982 6.46083e-16 7.47582e-19 -201032 -600618 3.76131e-08 7.60724e-09
4.54633e+06 0.00123516 -0.0121197 6.45906e-16 7.85244e-19 -200516 -601426 3.74966e-08 7.99048e-09
4.55209e+06 0.00125256 -0.012243 6.43319e-16 7.60162e-19 -200003 -602221 3.7151e-08 7.73526e-09
4.55781e+06 0.0012702 -0.012368 6.40622e-16 7.47354e-19 -199495 -603005 3.68454e-08 7.60492e-09
4.56348e+06 0.00128806 -0.0124946 6.33749e-16 7.80838e-19 -198991 -603779 3.63616e-08 7.94565e-09
4.5691e+06 0.0013061 -0.0126225 6.27528e-16 7.96368e-19 -198491 -604545 3.58195e-08 8.10368e-09
4.57467e+06 0.00132435 -0.0127518 6.23719e-16 7.88133e-19 -197995 -605303 3.55176e-08 8.01988e-09
4.58019e+06 0.0013429 -0.0128829 6.17482e-16 8.27441e-19 -197504 -606052 3.50701e-08 8.41987e-09
4.58565e+06 0.0013613 -0.0130136 5.63087e-16 6.05616e-19 -197016 -606793 3.18905e-08 6.16263e-09
4.59107e+06 0.00137983 -0.0131452 5.57064e-16 6.12267e-19 -196533 -607530 3.1454e-08 6.2303e-09
4.59643e+06 0.00139848 -0.0132779 5.49507e-16 6.66961e-19 -196054 -608263 3.08864e-08 6.78686e-09
4.60174e+06 0.00141726 -0.0134115 5.42671e-16 6.60176e-19 -195579 -608994 3.04281e-08 6.71782e-09
4.60699e+06 0.00143618 -0.0135463 5.35891e-16 6.97751e-19 -195109 -609724 2.99369e-08 7.10017e-09
4.6122e+06 0.00145516 -0.0136818 5.31246e-16 6.24944e-19 -194643 -610450 2.96495e-08 6.35931e-09
4.61734e+06 0.00147412 -0.0138172 5.03432e-16 5.53573e-19 -194181 -611169 2.80015e-08 5.63305e-09
4.62244e+06 0.00149309 -0.0139528 4.98769e-16 6.02257e-19 -193724 -611883 2.76814e-08 6.12844e-09
4.62748e+06 0.00151216 -0.0140893 4.93653e-16 6.06078e-19 -193270 -612596 2.73321e-08 6.16733e-09
4.63246e+06 0.00153135 -0.0142269 4.9099e-16 6.53318e-19 -192821 -613309 2.70484e-08 6.64803e-09
4.63735e+06 0.00155087 -0.014367 4.92231e-16 6.06469e-19 -192378 -614031 2.70702e-08 6.17131e-09
4.64214e+06 0.00157247 -0.0145165 5.19118e-16 5.77791e-19 -191941 -614704 2.61352e-08 5.87948e-09
4.64688e+06 0.00159445 -0.014668 5.11929e-16 5.56083e-19 -191507 -615367 2.56878e-08 5.65859e-09
4.65155e+06 0.00161659 -0.0148208 5.01988e-16 5.629e-19 -191078 -616031 2.51312e-08 5.72796e-09
4.65617e+06 0.00163886 -0.0149746 4.93422e-16 5.29342e-19 -190654 -616695 2.46291e-08 5.38647e-09
4.66073e+06 0.00166128 -0.0151298 4.82595e-16 5.69808e-19 -190234 -617359 2.39706e-08 5.79825e-09
4.66523e+06 0.00168386 -0.0152862 4.71117e-16 5.59575e-19 -189818 -618024 2.33485e-08 5.69412e-09
4.66966e+06 0.00170662 -0.0154442 4.57076e-16 5.19191e-19 -189406 -618691 2.25918e-08 5.28318e-09
4.67403e+06 0.00172958 -0.0156037 4.44723e-16 4.84901e-19 -189000 -619358 2.19188e-08 4.93425e-09
4.67833e+06 0.00175276 -0.0157649 4.31479e-16 5.30302e-19 -188598 -620027 2.1173e-08 5.39624e-09
4.68256e+06 0.00177616 -0.015928 4.22014e-16 4.78686e-19 -188200 -620698 2.06346e-08 4.87102e-09
4.6867e+06 0.00180098 -0.0160973 4.94432e-16 4.06175e-19 -187808 -621340 1.88811e-08 4.13316e-09
4.69074e+06 0.00182893 -0.0162795 4.76488e-16 3.01543e-19 -187422 -621905 1.81462e-08 3.06844e-09
4.69471e+06 0.00185726 -0.0164642 4.54319e-16 3.13176e-19 -187041 -622470 1.7204e-08 3.18681e-09
4.69849e+06 0.00188692 -0.0166579 4.54866e-16 4.31383e-19 -186668 -623054 1.71349e-08 4.38967e-09
4.70209e+06 0.00191778 -0.0168595 4.26408e-16 3.15253e-19 -186300 -623652 1.59453e-08 3.20795e-09
4.7056e+06 0.00194929 -0.0170654 3.9716e-16 3.21715e-19 -185938 -624247 1.47338e-08 3.2737e-09
4.70902e+06 0.00198139 -0.0172752 3.84223e-16 3.20513e-19 -185581 -624833 1.41081e-08 3.26148e-09
4.71236e+06 0.00201412 -0.0174889 3.58465e-16 2.72659e-19 -185229 -625407 1.30058e-08 2.77452e-09
4.71562e+06 0.00204754 -0.017707 3.33782e-16 2.99632e-19 -184883 -625964 1.19762e-08 3.04899e-09
4.71881e+06 0.00208172 -0.0179298 3.05389e-16 2.03252e-19 -184541 -626499 1.07757e-08 2.06825e-09
4.72192e+06 0.00211679 -0.0181578 2.71455e-16 2.03554e-19 -184205 -627007 9.46966e-09 2.07133e-09
4.72496e+06 0.00215284 -0.0183917 2.47538e-16 1.31963e-19 -183873 -627481 8.44375e-09 1.34283e-09
4.72793e+06 0.00219001 -0.018632 1.96152e-16 1.9112e-19 -183547 -627919 6.54836e-09 1.9448e-09
4.73082e+06 0.00222837 -0.0188794 1.49749e-16 2.89431e-19 -183226 -628314 4.84215e-09 2.94519e-09
4.73364e+06 0.002268 -0.0191341 1.07472e-16 2.28113e-19 -182910 -628665 3.29601e-09 2.32123e-09
4.73638e+06 0.00230893 -0.0193965 7.54315e-17 2.09204e-19 -182599 -628971 2.1646e-09 2.12881e-09
4.73904e+06 0.00235121 -0.0196668 4.35488e-17 3.43171e-19 -182294 -629235 1.02227e-09 3.49204e-09
4.74163e+06 0.00239456 -0.0199434 2.23909e-17 2.18773e-19 -181995 -629457 3.4197e-10 2.22619e-09
4.70023e+06 0.00238938 -0.0199155 3.31088e-16 5.2804e-20 -189833 -628840 2.2992e-08 5.37323e-10
4.70678e+06 0.00239209 -0.0199446 5.09859e-16 -1.575e-19 -189309 -630097 2.87255e-08 -1.60269e-09
4.71102e+06 0.00241496 -0.0201069 6.08263e-16 -2.79664e-19 -188882 -630974 2.16278e-08 -2.8458e-09
4.71398e+06 0.00246195 -0.0204056 3.00401e-16 -1.43892e-19 -188495 -631121 9.26229e-09 -1.46422e-09
4.71684e+06 0.002511 -0.0207158 2.05386e-16 3.67288e-19 -188112 -631179 6.18093e-09 3.73745e-09
4.67752e+06 0.00250535 -0.0206639 2.26447e-16 5.46752e-20 -187988 -628453 7.71615e-09 5.56364e-10
4.68417e+06 0.00250893 -0.0206953 4.16179e-16 -1.75422e-19 -187489 -630039 2.09438e-08 -1.78506e-09
4.68851e+06 0.00253291 -0.0208512 4.70875e-16 -2.98046e-19 -187075 -631065 1.46501e-08 -3.03285e-09
4.69167e+06 0.00258343 -0.0211715 4.00713e-16 2.96343e-19 -186712 -631120 1.23728e-08 3.01553e-09
4.65925e+06 0.00257963 -0.0211536 1.38949e-16 7.0958e-20 -193121 -630876 -4.79849e-09 7.22055e-10
4.66576e+06 0.00258484 -0.0212014 4.87695e-16 5.39388e-20 -192632 -632031 1.56397e-08 5.4887e-10
4.66916e+06 0.00263329 -0.0215109 4.91198e-16 -4.68533e-19 -192255 -632100 1.51304e-08 -4.7677e-09
4.67229e+06 0.00268404 -0.0218337 4.4518e-16 2.41037e-20 -191883 -632140 1.35733e-08 2.45274e-10
4.67534e+06 0.00273496 -0.0221581 4.45867e-16 -7.54278e-20 -191517 -632174 1.35296e-08 -7.67538e-10
4.67834e+06 0.00278596 -0.0224836 4.26695e-16 -4.95725e-20 -191156 -632204 1.29075e-08 -5.0444e-10
4.64683e+06 0.00278173 -0.0224448 1.00343e-16 9.36829e-20 -191004 -630196 -1.05101e-08 9.53298e-10
4.65262e+06 0.00278576 -0.0224799 4.26753e-16 -1.57022e-19 -190550 -631934 1.2762e-08 -1.59783e-09
4.65593e+06 0.00283153 -0.0227723 4.86007e-16 -4.33977e-19 -190191 -632124 1.46683e-08 -4.41607e-09
4.65884e+06 0.00288269 -0.0230998 5.33829e-16 2.23413e-19 -189853 -632146 1.60289e-08 2.27341e-09
4.66171e+06 0.00293403 -0.023429 6.09422e-16 1.197e-19 -189519 -632163 1.82736e-08 1.21805e-09
4.66441e+06 0.00298669 -0.0237671 6.59116e-16 2.03308e-19 -189190 -632176 1.97288e-08 2.06882e-09
4.66698e+06 0.00304034 -0.0241122 6.97183e-16 1.06921e-19 -188869 -632186 2.07219e-08 1.08801e-09
4.66947e+06 0.0030943 -0.0244599 7.25239e-16 8.9567e-20 -188551 -632190 2.14968e-08 9.11415e-10
4.67182e+06 0.00314923 -0.0248145 7.56807e-16 1.95173e-19 -188240 -632190 2.23663e-08 1.98604e-09
4.67387e+06 0.00320622 -0.0251829 7.84053e-16 1.12032e-19 -187939 -632187 2.30102e-08 1.14002e-09
4.67574e+06 0.00326432 -0.0255592 7.83228e-16 5.4604e-20 -187645 -632180 2.29084e-08 5.55639e-10
4.67753e+06 0.00332275 -0.0259382 7.87577e-16 9.51605e-20 -187355 -632167 2.28429e-08 9.68334e-10
4.67917e+06 0.00338221 -0.0263246 8.05293e-16 3.9142e-19 -187073 -632149 2.32176e-08 3.98301e-09
4.68071e+06 0.00344232 -0.0267158 8.14882e-16 1.16619e-19 -186797 -632126 2.34431e-08 1.18669e-09
4.68198e+06 0.00350417 -0.0271191 8.31814e-16 2.74128e-19 -186532 -632099 2.3756e-08 2.78947e-09
4.68317e+06 0.00356631 -0.0275249 8.65181e-16 2.41965e-19 -186275 -632066 2.46073e-08 2.46219e-09
4.68427e+06 0.00362882 -0.0279339 9.03216e-16 1.85132e-19 -186023 -632029 2.55422e-08 1.88386e-09
4.68531e+06 0.0036915 -0.0283446 9.44841e-16 2.26596e-19 -185777 -631987 2.66555e-08 2.3058e-09
4.68629e+06 0.00375436 -0.0287571 9.88924e-16 2.61042e-19 -185535 -631939 2.77068e-08 2.65631e-09
4.68719e+06 0.00381735 -0.0291711 1.0386e-15 1.92573e-19 -185304 -631887 2.89838e-08 1.95959e-09
4.68796e+06 0.00388035 -0.0295859 1.07996e-15 1.86433e-19 -185094 -631834 2.99588e-08 1.8971e-09
4.68861e+06 0.00394334 -0.0300013 1.11763e-15 1.88535e-19 -184899 -631778 3.08646e-08 1.9185e-09
4.68914e+06 0.00400629 -0.0304171 1.14781e-15 2.70033e-19 -184722 -631719 3.15704e-08 2.74781e-09
4.6896e+06 0.00406934 -0.0308342 1.18242e-15 2.36494e-19 -184551 -631658 3.23671e-08 2.40652e-09
4.52888e+06 0.00489514 -0.0364367 1.27465e-15 -7.58454e-19 -197381 -632600 3.00606e-08 -7.71787e-09
4.53322e+06 0.00496539 -0.0369211 1.12346e-15 1.2098e-18 -196730 -632287 2.50584e-08 1.23107e-08
4.53742e+06 0.00503574 -0.0374142 1.22112e-15 9.23231e-19 -196088 -631906 2.57169e-08 9.39461e-09
4.54091e+06 0.00510455 -0.0379045 1.13166e-15 -1.04156e-19 -195468 -631464 2.26319e-08 -1.05987e-09
4.54312e+06 0.00516966 -0.0383757 7.40187e-16 6.19848e-19 -195047 -631014 1.42027e-08 6.30745e-09
4.54509e+06 0.00523449 -0.0388496 2.86322e-16 3.96485e-19 -194677 -630536 5.12591e-09 4.03455e-09
4.5064e+06 0.00533476 -0.0396439 -2.01285e-15 -4.37949e-18 -201758 -630727 -3.80824e-08 -4.45648e-08
4.50834e+06 0.00539952 -0.0401242 -9.36407e-16 8.57376e-20 -201370 -630196 -1.77824e-08 8.72449e-10
4.51021e+06 0.00546435 -0.0406065 2.80654e-16 2.72469e-19 -200986 -629657 4.73301e-09 2.77259e-09
4.51198e+06 0.00552907 -0.0410893 8.29238e-16 3.94753e-19 -200609 -629114 1.47629e-08 4.01693e-09
4.43131e+06 0.00551469 -0.0409797 3.31264e-17 -4.24146e-18 -208655 -625058 -3.37204e-08 -4.31602e-08
4.44049e+06 0.00551946 -0.0410224 6.33324e-16 1.70522e-19 -207973 -626897 2.81216e-09 1.7352e-09
4.44785e+06 0.00552548 -0.0410947 9.2511e-16 -2.31242e-19 -207351 -629517 1.78734e-08 -2.35307e-09
4.45066e+06 0.005581 -0.0415274 7.67528e-16 -5.72307e-19 -206883 -629496 1.35915e-08 -5.82368e-09
4.29097e+06 0.00632557 -0.0504195 1.67096e-15 -6.11036e-19 -211926 -587266 2.40325e-08 -6.21778e-09
4.2957e+06 0.00638579 -0.0508842 1.89645e-15 9.83846e-19 -211307 -587012 2.7223e-08 1.00114e-08
4.30035e+06 0.00644619 -0.0513511 2.10449e-15 8.94108e-19 -210692 -586756 3.01006e-08 9.09827e-09
4.3047e+06 0.00650612 -0.0518153 2.23215e-15 9.35092e-19 -210083 -586499 3.1785e-08 9.51531e-09
4.30788e+06 0.00656365 -0.0522624 2.27913e-15 8.13214e-19 -209588 -586262 3.22834e-08 8.27511e-09
4.27192e+06 0.00672436 -0.0535356 -8.09682e-16 -8.53636e-18 -210100 -585819 -1.2511e-08 -8.68643e-08
4.2747e+06 0.00678209 -0.0539884 -1.29244e-15 3.56724e-19 -209702 -585584 -1.93031e-08 3.62995e-09
4.27731e+06 0.00684053 -0.0544454 -1.21072e-15 5.87976e-19 -209336 -585343 -1.70621e-08 5.98312e-09
4.27985e+06 0.00689958 -0.0549048 -1.1416e-15 7.26291e-19 -208979 -585092 -1.6058e-08 7.39059e-09
4.21469e+06 0.00688882 -0.0548153 -5.55121e-16 -9.98823e-20 -215514 -582179 1.4541e-08 -1.01638e-09
4.22352e+06 0.00689373 -0.0548671 -2.28612e-16 -8.85585e-20 -214919 -584150 2.73103e-08 -9.01153e-10
4.22832e+06 0.00691923 -0.0551206 1.46267e-15 -7.61168e-19 -214471 -585692 2.01835e-08 -7.74549e-09
4.23084e+06 0.00697843 -0.0555834 1.41294e-15 4.03919e-19 -214111 -585437 1.82081e-08 4.1102e-09
4.23331e+06 0.0070377 -0.0560469 1.39574e-15 3.71563e-19 -213754 -585180 1.78152e-08 3.78095e-09
4.2357e+06 0.00709681 -0.05651 1.31502e-15 3.53429e-19 -213404 -584923 1.66328e-08 3.59642e-09
4.23803e+06 0.00715601 -0.0569747 1.00254e-15 4.58029e-19 -213061 -584665 1.24128e-08 4.66081e-09
4.2403e+06 0.00721462 -0.0574353 5.10115e-16 4.61617e-19 -212715 -584407 5.95901e-09 4.69732e-09
4.24247e+06 0.00727294 -0.0578945 4.87939e-17 3.60259e-19 -212370 -584149 -6.18456e-11 3.66592e-09
4.2446e+06 0.00733113 -0.0583535 -2.30844e-16 3.77542e-19 -212034 -583891 -3.65253e-09 3.84179e-09
4.21316e+06 0.00741265 -0.0590747 -4.43891e-16 -5.66959e-19 -217998 -584293 -5.00586e-09 -5.76926e-09
4.21606e+06 0.00747139 -0.0595323 6.57159e-16 5.9234e-19 -217542 -584006 7.64703e-09 6.02753e-09
4.21872e+06 0.00752886 -0.0599809 1.17238e-15 -8.99405e-20 -217119 -583728 1.34751e-08 -9.15216e-10
4.22115e+06 0.00758511 -0.0604212 1.32506e-15 5.26971e-19 -216744 -583459 1.50831e-08 5.36235e-09
4.22328e+06 0.0076397 -0.0608489 1.43518e-15 -1.07887e-19 -216368 -583197 1.61999e-08 -1.09783e-09
4.22516e+06 0.00769281 -0.0612658 1.49252e-15 3.92577e-19 -216020 -582942 1.67493e-08 3.99479e-09
4.2269e+06 0.00774585 -0.061683 1.57934e-15 2.79919e-19 -215689 -582690 1.76296e-08 2.8484e-09
4.22843e+06 0.00779925 -0.0621039 1.6316e-15 2.79653e-19 -215378 -582438 1.80735e-08 2.84569e-09
4.22974e+06 0.00785296 -0.062528 1.67606e-15 2.07491e-19 -215077 -582186 1.847e-08 2.11139e-09
4.23088e+06 0.00790688 -0.0629546 1.72657e-15 1.05025e-19 -214785 -581933 1.88738e-08 1.06872e-09
4.16694e+06 0.00768639 -0.0672609 -1.33588e-15 -6.67904e-19 -216139 -549469 -2.64372e-08 -6.79646e-09
4.16976e+06 0.00771892 -0.0676801 -2.39515e-16 -5.33657e-19 -215783 -549834 -1.30531e-08 -5.43039e-09
4.172e+06 0.00775041 -0.0680949 1.88756e-16 8.98951e-20 -215459 -550177 -7.87986e-09 9.14754e-10
4.17412e+06 0.00778141 -0.0685125 5.67365e-16 -2.5581e-20 -215153 -550502 -3.54339e-09 -2.60307e-10
4.17612e+06 0.00781269 -0.0689333 8.47296e-16 -3.28539e-20 -214852 -550777 -2.18279e-10 -3.34314e-10
4.12086e+06 0.00796321 -0.0709506 -1.97089e-15 3.20707e-19 -216367 -551490 -1.50103e-08 3.26345e-09
4.12331e+06 0.00800502 -0.0714021 -4.86006e-16 -5.38974e-20 -216074 -551339 -5.42059e-09 -5.48449e-10
4.12519e+06 0.00804541 -0.071844 -5.34817e-17 4.06059e-19 -215796 -551183 -2.73212e-09 4.13197e-09
4.04029e+06 0.00826895 -0.0750259 8.08992e-16 -5.37881e-19 -225621 -550559 2.11367e-09 -5.47337e-09
4.0449e+06 0.0083057 -0.0754622 1.58949e-15 -4.17088e-19 -225019 -550258 5.73709e-09 -4.2442e-09
4.04806e+06 0.00833901 -0.0758766 1.17203e-15 -4.0259e-19 -224594 -549975 3.67072e-09 -4.09667e-09
4.05101e+06 0.00837132 -0.0762916 9.99399e-16 5.32797e-19 -224205 -549685 2.84126e-09 5.42163e-09
4.05373e+06 0.00840321 -0.0767147 8.9328e-16 5.50358e-19 -223831 -549381 2.28101e-09 5.60033e-09
4.05613e+06 0.00843488 -0.0771511 6.89736e-16 5.42747e-19 -223472 -549058 1.34969e-09 5.52289e-09
4.05835e+06 0.00846586 -0.0775959 3.87017e-16 3.84899e-19 -223125 -548718 1.45519e-11 3.91665e-09
4.02396e+06 0.00848203 -0.0787503 -1.96984e-16 -5.76549e-19 -229654 -548140 -2.44836e-09 -5.86685e-09
4.02581e+06 0.00850476 -0.0792127 1.75433e-15 2.32081e-19 -229305 -547699 5.31873e-09 2.36161e-09
4.02758e+06 0.00852645 -0.0796795 2.57327e-15 1.17795e-19 -228961 -547228 8.30914e-09 1.19865e-09
4.01615e+06 0.00853535 -0.0798892 -1.6407e-15 1.29768e-18 -228813 -547008 -7.57791e-09 1.32049e-08
4.00465e+06 0.00851978 -0.0802367 -1.32069e-15 6.42174e-19 -233719 -546720 -4.66753e-09 6.53463e-09
4.00656e+06 0.00852644 -0.0807183 -9.31843e-17 8.11335e-19 -233289 -546166 5.39148e-09 8.25598e-09
4.00791e+06 0.00853117 -0.0811865 7.6852e-16 3.58529e-19 -232964 -545578 1.23218e-08 3.64832e-09
3.98407e+06 0.00853071 -0.0811779 -4.32772e-16 2.72424e-19 -232837 -545288 -3.41606e-08 2.77214e-09
3.9858e+06 0.00853471 -0.0815909 -1.21147e-15 -7.33557e-19 -232508 -545032 -3.31784e-09 -7.46452e-09
3.98699e+06 0.0085447 -0.0820478 -5.19467e-16 4.81567e-19 -232213 -544449 -7.35963e-09 4.90033e-09
3.9884e+06 0.0085818 -0.082471 -3.67101e-17 5.22018e-19 -231926 -544171 -9.85892e-10 5.31195e-09
3.9897e+06 0.00862004 -0.0828994 3.0631e-16 8.48417e-19 -231644 -543862 2.99406e-09 8.63332e-09
3.99098e+06 0.00865836 -0.0833275 5.68774e-16 1.00193e-18 -231366 -543547 6.35555e-09 1.01954e-08
3.99219e+06 0.00869656 -0.0837548 7.72344e-16 1.2034e-18 -231092 -543232 9.0331e-09 1.22456e-08
3.99329e+06 0.00873454 -0.0841803 9.34303e-16 1.32183e-18 -230823 -542918 1.10304e-08 1.34506e-08
3.96353e+06 0.00883641 -0.0853517 -1.67422e-15 -1.30728e-18 -231387 -542168 -2.24172e-08 -1.33026e-08
3.96584e+06 0.00887736 -0.0858112 -1.38333e-15 1.05704e-19 -231037 -541823 -1.8681e-08 1.07563e-09
3.9678e+06 0.00891679 -0.0862545 -1.04072e-15 -4.69316e-19 -230720 -541492 -1.42827e-08 -4.77566e-09
3.96916e+06 0.00895311 -0.0866644 -9.72679e-16 1.38989e-19 -230487 -541191 -1.3406e-08 1.41432e-09
3.97043e+06 0.00898936 -0.0870744 -8.74391e-16 1.42174e-19 -230271 -540892 -1.21217e-08 1.44673e-09
3.97151e+06 0.00902591 -0.0874883 -8.01122e-16 2.26828e-19 -230068 -540591 -1.11795e-08 2.30815e-09
3.97246e+06 0.00906255 -0.0879039 -7.3853e-16 1.68385e-19 -229875 -540290 -1.03792e-08 1.71345e-09
3.97331e+06 0.00909913 -0.0883194 -6.92913e-16 2.14968e-19 -229699 -539991 -9.77525e-09 2.18747e-09
3.974e+06 0.00913577 -0.0887364 -6.56575e-16 1.7946e-19 -229543 -539693 -9.28412e-09 1.82615e-09
3.97459e+06 0.00917226 -0.0891521 -6.32403e-16 1.21502e-19 -229403 -539398 -8.98945e-09 1.23638e-09
3.97509e+06 0.00920863 -0.0895671 -6.13422e-16 8.72103e-20 -229273 -539104 -8.73115e-09 8.87435e-10
3.97554e+06 0.00924501 -0.0899824 -5.98334e-16 6.75297e-20 -229148 -538811 -8.52015e-09 6.87169e-10
3.97593e+06 0.00928143 -0.0903985 -5.88384e-16 5.07468e-20 -229028 -538519 -8.40373e-09 5.1639e-10
3.97617e+06 0.00931792 -0.0908157 -5.86827e-16 3.31495e-20 -228915 -538227 -8.38554e-09 3.37322e-10
3.97628e+06 0.00935456 -0.091235 -5.91877e-16 1.1781e-20 -228807 -537934 -8.41101e-09 1.19881e-10
3.92362e+06 0.00934733 -0.0911656 -3.13544e-16 -2.96329e-19 -234185 -536019 4.43833e-09 -3.01539e-09
3.92922e+06 0.00934965 -0.0912445 4.89343e-16 -7.6409e-19 -233857 -537963 2.21044e-08 -7.77523e-09
3.93056e+06 0.00937872 -0.0916214 5.97451e-16 -1.13505e-18 -233653 -538094 6.60657e-09 -1.155e-08
3.88597e+06 0.00909624 -0.0950457 -1.74352e-15 -6.90996e-18 -234717 -511715 -4.10437e-08 -7.03143e-08
3.85905e+06 0.00916241 -0.095933 -9.50905e-16 -1.09842e-17 -240044 -512838 -2.36068e-08 -1.11773e-07
3.86178e+06 0.00919669 -0.0963491 -2.8794e-16 -1.4771e-20 -239624 -513087 -9.54969e-09 -1.50307e-10
3.86425e+06 0.00923086 -0.0967646 4.35845e-16 9.41299e-19 -239233 -513338 5.69344e-09 9.57847e-09
3.86662e+06 0.009265 -0.09718 6.53354e-16 1.42811e-18 -238852 -513589 1.02627e-08 1.45322e-08
3.86893e+06 0.00929993 -0.0976004 8.67979e-16 1.53599e-18 -238479 -513802 1.4621e-08 1.56299e-08
3.87077e+06 0.00933357 -0.098006 9.8246e-16 7.39315e-19 -238247 -514010 1.68111e-08 7.52312e-09
3.87193e+06 0.00936579 -0.0983885 1.03637e-15 1.63587e-18 -238025 -514166 1.70767e-08 1.66463e-08
3.87235e+06 0.00940381 -0.0988153 1.16037e-15 1.07143e-18 -237822 -514182 1.8259e-08 1.09026e-08
3.87195e+06 0.00944806 -0.0992912 1.19292e-15 1.27435e-18 -237638 -514057 1.85901e-08 1.29675e-08
3.87083e+06 0.00949622 -0.0998059 1.24182e-15 1.20659e-18 -237472 -513898 1.93249e-08 1.2278e-08
3.86857e+06 0.00954996 -0.100381 1.1973e-15 7.71853e-19 -237333 -513723 1.847e-08 7.85422e-09
3.8386e+06 0.00972308 -0.10222 -2.04466e-15 2.14147e-18 -237998 -513124 -3.31165e-08 2.17912e-08
3.84225e+06 0.00975983 -0.102604 -4.04457e-16 6.57681e-19 -237634 -512952 -7.10861e-09 6.69243e-09
3.84417e+06 0.00980045 -0.10303 2.65715e-16 2.61554e-19 -237362 -512774 3.48518e-09 2.66152e-09
3.84547e+06 0.00983831 -0.103428 6.87306e-16 3.1291e-19 -237196 -512617 1.00808e-08 3.1841e-09
3.8465e+06 0.00987516 -0.103816 9.95577e-16 1.50523e-19 -237043 -512465 1.49521e-08 1.53169e-09
3.84729e+06 0.00991108 -0.104194 1.11432e-15 5.69103e-19 -236898 -512318 1.67965e-08 5.79108e-09
3.78651e+06 0.00989256 -0.103999 1.26572e-15 3.54525e-18 -250972 -507133 2.37014e-08 3.60758e-08
3.79341e+06 0.00989552 -0.104043 1.47592e-15 2.17139e-18 -250394 -508463 3.32402e-08 2.20956e-08
3.80009e+06 0.00989834 -0.104087 1.57374e-15 1.90256e-18 -249871 -509787 3.61906e-08 1.936e-08
3.80621e+06 0.00990097 -0.104134 1.2588e-15 2.60915e-19 -249444 -511144 2.22717e-08 2.65502e-09
3.81065e+06 0.00990208 -0.104216 7.75258e-16 1.89211e-19 -249133 -512756 6.53745e-09 1.92537e-09
3.81231e+06 0.00992509 -0.104506 -3.02573e-17 -9.76029e-20 -248908 -513343 -1.27693e-09 -9.93187e-10
3.81321e+06 0.00996038 -0.104877 -3.23263e-16 7.01851e-19 -248710 -513194 -5.84987e-09 7.14189e-09
3.81407e+06 0.00999563 -0.105248 -4.65916e-16 7.15701e-19 -248515 -513047 -8.07267e-09 7.28283e-09
3.81489e+06 0.0100308 -0.105618 -5.61824e-16 7.31018e-19 -248324 -512900 -9.52423e-09 7.43869e-09
3.81568e+06 0.010066 -0.105988 -6.30254e-16 7.67984e-19 -248135 -512754 -1.05902e-08 7.81485e-09
3.80236e+06 0.0100649 -0.105967 -1.02887e-15 -3.15975e-19 -247658 -512060 -2.87582e-08 -3.2153e-09
3.80538e+06 0.010085 -0.106179 4.14272e-17 -2.13288e-19 -247392 -512618 -1.30967e-10 -2.17038e-09
3.80613e+06 0.0101201 -0.106549 2.9583e-16 7.61948e-19 -247212 -512474 3.72165e-09 7.75343e-09
3.80681e+06 0.0101554 -0.106921 4.99878e-16 6.19499e-19 -247039 -512331 6.85759e-09 6.3039e-09
3.80751e+06 0.0101906 -0.107291 6.30693e-16 3.67478e-19 -246867 -512188 8.85484e-09 3.73938e-09
3.80817e+06 0.0102257 -0.107661 6.97586e-16 3.06819e-19 -246699 -512047 9.87711e-09 3.12213e-09
3.77067e+06 0.0102195 -0.107553 -1.48401e-16 7.08277e-19 -246007 -508656 -2.82598e-08 7.20728e-09
3.77741e+06 0.0102224 -0.107598 4.18174e-16 2.49957e-18 -245531 -510007 -2.7394e-09 2.54351e-08
3.78322e+06 0.0102256 -0.107647 9.02456e-16 4.24787e-19 -245169 -511499 1.80116e-08 4.32255e-09
3.78535e+06 0.0102536 -0.107933 8.36535e-16 -2.65904e-19 -244982 -511793 1.20453e-08 -2.70578e-09
3.78606e+06 0.01029 -0.108317 2.47298e-16 6.39928e-19 -244832 -511650 2.94312e-09 6.51178e-09
3.78652e+06 0.0103274 -0.108712 -1.87651e-16 5.2296e-19 -244689 -511504 -3.69982e-09 5.32154e-09
3.78695e+06 0.0103649 -0.109106 -4.6083e-16 4.32628e-19 -244544 -511359 -7.90169e-09 4.40234e-09
3.78734e+06 0.0104022 -0.109501 -6.42763e-16 4.18421e-19 -244399 -511214 -1.06411e-08 4.25776e-09
3.78773e+06 0.0104396 -0.109895 -7.84861e-16 3.91818e-19 -244255 -511071 -1.2762e-08 3.98706e-09
3.7881e+06 0.0104767 -0.110287 -8.99208e-16 3.65815e-19 -244130 -510930 -1.45083e-08 3.72246e-09
3.78844e+06 0.0105137 -0.110678 -9.98771e-16 3.83713e-19 -244012 -510791 -1.60035e-08 3.90458e-09
3.78878e+06 0.0105507 -0.111069 -1.09449e-15 3.85378e-19 -243894 -510653 -1.74005e-08 3.92153e-09
3.7891e+06 0.0105876 -0.111459 -1.17142e-15 4.09823e-19 -243777 -510516 -1.85391e-08 4.17027e-09
3.75871e+06 0.0105828 -0.111374 -1.48782e-15 -5.0293e-18 -243276 -507874 -3.27855e-08 -5.11772e-08
3.76494e+06 0.0105855 -0.111417 -1.14537e-15 1.91426e-18 -242854 -509166 -1.72731e-08 1.94791e-08
3.76913e+06 0.0105947 -0.11152 1.97499e-16 3.34301e-19 -242616 -510385 7.15227e-09 3.40178e-09
3.76956e+06 0.0106311 -0.111902 7.25407e-16 -1.08825e-19 -242496 -510252 1.01754e-08 -1.10738e-09
3.76987e+06 0.0106677 -0.112289 7.79256e-16 2.08076e-19 -242381 -510117 1.0863e-08 2.11734e-09
3.77018e+06 0.0107043 -0.112676 9.1606e-16 4.34331e-19 -242269 -509983 1.29257e-08 4.41967e-09
3.77044e+06 0.0107409 -0.113063 9.74623e-16 4.76077e-19 -242162 -509851 1.37697e-08 4.84446e-09
3.77069e+06 0.0107775 -0.11345 1.02165e-15 5.18558e-19 -242057 -509719 1.44828e-08 5.27674e-09
3.77092e+06 0.010814 -0.113837 1.06296e-15 5.21471e-19 -241953 -509587 1.50794e-08 5.30638e-09
3.77114e+06 0.0108505 -0.114223 1.11319e-15 5.80553e-19 -241852 -509457 1.58107e-08 5.90759e-09
3.77134e+06 0.0108869 -0.114608 1.14784e-15 5.86872e-19 -241750 -509328 1.62472e-08 5.97189e-09
3.77153e+06 0.0109232 -0.114992 1.18115e-15 5.61742e-19 -241654 -509200 1.67202e-08 5.71617e-09
3.77168e+06 0.0109594 -0.115375 1.20019e-15 6.4702e-19 -241567 -509073 1.70876e-08 6.58395e-09
3.77175e+06 0.0109957 -0.115757 1.22035e-15 6.54321e-19 -241491 -508942 1.73495e-08 6.65824e-09
3.77179e+06 0.0110318 -0.116137 1.23952e-15 6.64133e-19 -241422 -508813 1.75969e-08 6.75808e-09
3.77181e+06 0.0110678 -0.116516 1.26512e-15 5.73186e-19 -241356 -508685 1.79425e-08 5.83262e-09
3.77181e+06 0.0111037 -0.116894 1.28148e-15 6.13484e-19 -241292 -508558 1.81753e-08 6.24269e-09
3.7718e+06 0.0111395 -0.117271 1.30163e-15 6.19408e-19 -241229 -508432 1.84518e-08 6.30297e-09
3.77178e+06 0.0111753 -0.117648 1.32366e-15 6.23707e-19 -241167 -508307 1.87247e-08 6.34672e-09
3.77175e+06 0.0112111 -0.118025 1.34388e-15 6.29321e-19 -241107 -508182 1.90012e-08 6.40385e-09
3.77172e+06 0.0112468 -0.118401 1.36385e-15 6.57736e-19 -241048 -508059 1.92267e-08 6.69299e-09
3.77167e+06 0.0112825 -0.118776 1.38655e-15 6.49793e-19 -240990 -507936 1.95614e-08 6.61217e-09
3.77161e+06 0.0113182 -0.119153 1.40978e-15 6.17139e-19 -240933 -507814 1.98415e-08 6.27988e-09
3.77154e+06 0.0113539 -0.119529 1.43148e-15 6.23609e-19 -240878 -507692 2.01071e-08 6.34572e-09
3.77145e+06 0.0113897 -0.119906 1.45339e-15 6.09294e-19 -240824 -507571 2.04091e-08 6.20005e-09
3.77136e+06 0.0114255 -0.120283 1.47647e-15 5.64728e-19 -240770 -507451 2.06928e-08 5.74656e-09
3.77127e+06 0.0114612 -0.12066 1.49112e-15 6.52841e-19 -240718 -507331 2.09002e-08 6.64318e-09
3.7437e+06 0.0114542 -0.120583 2.42245e-16 1.36001e-19 -245915 -505302 -3.48191e-08 1.38392e-09
3.74934e+06 0.0114568 -0.120625 5.96614e-16 1.86731e-18 -245534 -506560 -1.51522e-08 1.90014e-08
3.75217e+06 0.0114657 -0.120776 6.16221e-16 1.41583e-19 -245354 -507733 8.00719e-09 1.44072e-09
3.7523e+06 0.0115016 -0.121154 6.06743e-16 2.84379e-19 -245252 -507610 8.00355e-09 2.89379e-09
3.75235e+06 0.011538 -0.121537 7.06885e-16 2.20738e-19 -245156 -507486 9.41509e-09 2.24618e-09
3.75243e+06 0.011574 -0.121916 7.40726e-16 3.79621e-19 -245059 -507363 9.90622e-09 3.86294e-09
3.73837e+06 0.0116038 -0.122306 -1.60982e-15 -4.1936e-19 -249923 -507707 -2.33158e-08 -4.26732e-09
3.73891e+06 0.0116413 -0.122698 -1.7017e-15 4.17386e-19 -249685 -507568 -2.34868e-08 4.24723e-09
3.72531e+06 0.0117095 -0.123416 -1.35618e-15 6.47608e-20 -249782 -507354 -1.86519e-08 6.58993e-10
3.72599e+06 0.011747 -0.123806 1.47337e-15 3.92267e-19 -249596 -507216 2.01253e-08 3.99163e-09
3.72648e+06 0.0117842 -0.124193 1.97075e-15 7.0469e-19 -249419 -507080 2.68628e-08 7.17078e-09
3.72679e+06 0.0118206 -0.124573 1.90776e-15 6.4019e-19 -249263 -506949 2.59752e-08 6.51445e-09
3.72701e+06 0.0118569 -0.124952 1.89752e-15 4.89934e-19 -249126 -506821 2.57714e-08 4.98547e-09
3.7272e+06 0.011893 -0.125329 1.91375e-15 4.63441e-19 -248995 -506695 2.59824e-08 4.71588e-09
3.72734e+06 0.011929 -0.125705 1.93592e-15 5.17187e-19 -248871 -506570 2.62189e-08 5.26279e-09
3.72742e+06 0.0119648 -0.126079 1.97481e-15 4.7874e-19 -248750 -506446 2.67028e-08 4.87156e-09
3.72748e+06 0.0120006 -0.126453 2.01781e-15 4.67153e-19 -248629 -506323 2.72485e-08 4.75365e-09
3.72752e+06 0.0120362 -0.126824 2.06172e-15 4.71851e-19 -248509 -506201 2.78051e-08 4.80146e-09
3.6997e+06 0.0121391 -0.127915 -1.94039e-15 1.26503e-18 -249090 -505937 -2.60516e-08 1.28727e-08
3.70109e+06 0.012179 -0.12833 -2.05382e-15 1.29089e-18 -248864 -505794 -2.75359e-08 1.31358e-08
3.70193e+06 0.0122168 -0.128724 -1.94692e-15 6.59861e-19 -248710 -505666 -2.6037e-08 6.71462e-09
3.66315e+06 0.0122101 -0.128608 -1.02754e-15 1.006e-18 -248429 -502124 1.42463e-08 1.02368e-08
3.66891e+06 0.0122127 -0.12865 -8.11752e-16 1.99967e-18 -248082 -503374 2.37269e-08 2.03482e-08
3.67384e+06 0.0122153 -0.128692 -6.5281e-16 1.75062e-18 -247791 -504629 3.07227e-08 1.7814e-08
3.67696e+06 0.0122279 -0.128826 8.79242e-16 3.73213e-19 -247637 -505533 2.57533e-08 3.79774e-09
3.6775e+06 0.0122614 -0.129175 1.16925e-15 1.24071e-19 -247538 -505425 1.57852e-08 1.26252e-09
3.66613e+06 0.0122742 -0.129383 -1.75442e-15 -3.97681e-19 -252216 -505810 -2.42944e-08 -4.04672e-09
3.62968e+06 0.0122708 -0.129328 -1.11291e-15 -1.54475e-18 -252408 -504156 4.18004e-09 -1.5719e-08
3.63347e+06 0.0122824 -0.129468 5.74405e-16 -5.62885e-19 -252173 -505782 7.49787e-09 -5.7278e-09
3.5809e+06 0.0122695 -0.129308 5.78951e-16 -1.41093e-19 -259160 -501328 7.79983e-09 -1.43573e-09
3.58732e+06 0.0122723 -0.129351 8.37065e-16 1.55947e-18 -258694 -502605 1.92485e-08 1.58688e-08
3.59332e+06 0.0122749 -0.129393 8.88172e-16 1.01304e-18 -258262 -503845 2.14895e-08 1.03085e-08
3.59874e+06 0.0122774 -0.129437 7.03371e-16 -7.33587e-19 -257906 -505133 1.21217e-08 -7.46483e-09
3.60266e+06 0.0122823 -0.129553 4.49346e-16 -7.02087e-19 -257653 -506266 5.49335e-09 -7.1443e-09
3.60363e+06 0.0123167 -0.129915 4.95611e-17 4.04805e-19 -257468 -506158 5.78439e-10 4.11922e-09
3.60445e+06 0.0123518 -0.130281 -3.57817e-16 4.51217e-19 -257295 -506038 -4.80213e-09 4.59149e-09
3.60527e+06 0.0123868 -0.130646 -7.09772e-16 4.83086e-19 -257125 -505919 -9.44419e-09 4.91579e-09
3.60609e+06 0.0124217 -0.13101 -9.08083e-16 6.98265e-19 -256959 -505801 -1.20272e-08 7.1054e-09
3.59074e+06 0.01242 -0.130978 -1.30651e-15 -7.7038e-19 -256634 -504812 -2.95404e-08 -7.83923e-09
3.59491e+06 0.0124319 -0.131108 -1.29539e-16 -3.01246e-19 -256351 -505716 2.29556e-09 -3.06542e-09
3.59587e+06 0.0124669 -0.131473 7.25933e-16 -1.47714e-19 -256191 -505599 9.54969e-09 -1.50311e-09
3.59674e+06 0.0125023 -0.131843 8.99183e-16 6.46096e-19 -256036 -505482 1.16743e-08 6.57454e-09
3.59752e+06 0.0125379 -0.132215 1.00806e-15 6.57663e-19 -255884 -505365 1.30713e-08 6.69225e-09
3.59831e+06 0.0125735 -0.132587 1.08315e-15 5.57371e-19 -255734 -505248 1.4028e-08 5.67169e-09
3.58678e+06 0.012569 -0.132573 -1.08477e-16 2.38677e-19 -261265 -504987 -2.04054e-08 2.42873e-09
3.58921e+06 0.0125852 -0.132797 1.42669e-16 -1.13893e-18 -261065 -505697 1.3315e-09 -1.15895e-08
3.58989e+06 0.0126207 -0.133168 4.08466e-16 3.87734e-19 -260914 -505582 5.15865e-09 3.9455e-09
3.59052e+06 0.0126561 -0.133538 6.56628e-16 4.39342e-19 -260767 -505468 8.30551e-09 4.47066e-09
3.59114e+06 0.0126914 -0.133907 8.06615e-16 4.78109e-19 -260624 -505355 1.02045e-08 4.86514e-09
3.59168e+06 0.0127267 -0.134276 9.23393e-16 5.25236e-19 -260484 -505243 1.1667e-08 5.3447e-09
3.5922e+06 0.0127619 -0.134644 1.01058e-15 4.57685e-19 -260345 -505132 1.27657e-08 4.65731e-09
3.57997e+06 0.0127609 -0.134624 1.36933e-16 -5.79182e-19 -260026 -504498 -2.52439e-08 -5.89364e-09
3.58248e+06 0.0127806 -0.134833 1.17198e-16 5.32125e-20 -259823 -505032 1.32786e-09 5.4148e-10
3.58294e+06 0.0128154 -0.135197 6.77607e-16 1.71848e-19 -259687 -504923 8.5638e-09 1.74869e-09
3.58331e+06 0.0128503 -0.135562 8.43065e-16 4.42392e-19 -259555 -504814 1.06811e-08 4.50169e-09
3.58364e+06 0.0128851 -0.135926 9.8093e-16 3.33196e-19 -259425 -504706 1.24528e-08 3.39054e-09
3.58391e+06 0.0129199 -0.13629 1.06657e-15 3.47379e-19 -259298 -504599 1.35078e-08 3.53485e-09
3.58412e+06 0.0129546 -0.136653 1.12853e-15 2.63358e-19 -259175 -504493 1.43045e-08 2.67988e-09
3.58428e+06 0.0129894 -0.137017 1.16159e-15 2.81946e-19 -259054 -504388 1.46647e-08 2.86902e-09
3.5844e+06 0.0130241 -0.13738 1.18486e-15 2.46428e-19 -258935 -504284 1.49994e-08 2.5076e-09
3.5845e+06 0.0130587 -0.137743 1.19793e-15 2.42541e-19 -258819 -504180 1.51194e-08 2.46804e-09
3.56078e+06 0.0131514 -0.138728 -2.15763e-15 -4.604e-19 -259343 -503981 -2.70265e-08 -4.68493e-09
3.56206e+06 0.0131892 -0.139123 -1.25262e-15 9.66761e-19 -259146 -503863 -1.56433e-08 9.83756e-09
3.56266e+06 0.0132246 -0.139493 -1.44354e-17 4.23159e-19 -259001 -503757 -9.45874e-11 4.30598e-09
3.56309e+06 0.0132603 -0.139867 7.16486e-16 5.55234e-19 -258867 -503652 9.02219e-09 5.64995e-09
3.54317e+06 0.0132601 -0.139863 -3.18723e-16 1.72174e-19 -258987 -503561 -3.6398e-08 1.75201e-09
3.52159e+06 0.0132858 -0.140284 8.31403e-16 5.90074e-19 -267580 -504376 1.01827e-08 6.00448e-09
3.51069e+06 0.0133528 -0.14099 5.22995e-16 -5.13964e-18 -267498 -504196 6.29007e-09 -5.23e-08
3.51203e+06 0.0133893 -0.14137 -6.96727e-16 3.37927e-19 -267210 -504077 -8.70205e-09 3.43867e-09
3.50283e+06 0.0134064 -0.141548 -2.08544e-15 -4.64786e-18 -267073 -504021 -2.57023e-08 -4.72956e-08
3.50398e+06 0.0134432 -0.141931 -2.45428e-15 6.77425e-19 -266848 -503907 -3.01989e-08 6.89334e-09
3.50507e+06 0.0134796 -0.142312 -2.43293e-15 1.11447e-19 -266629 -503796 -2.98642e-08 1.13406e-09
3.48035e+06 0.013476 -0.142246 -1.58535e-15 4.07909e-19 -266406 -501819 6.88306e-09 4.1508e-09
3.48612e+06 0.0134787 -0.14229 -1.33079e-15 1.51869e-18 -266046 -503107 1.80626e-08 1.54539e-08
3.48898e+06 0.0134994 -0.142507 6.01893e-16 -9.93484e-19 -265843 -503675 7.58155e-09 -1.01095e-08
3.48989e+06 0.0135343 -0.142872 -7.93808e-18 1.18431e-20 -265687 -503573 9.09495e-11 1.20513e-10
3.49073e+06 0.013569 -0.143236 -6.28092e-16 -1.05785e-19 -265541 -503474 -7.74889e-09 -1.07645e-09
3.49151e+06 0.0136038 -0.1436 -9.37507e-16 1.19002e-19 -265402 -503375 -1.14815e-08 1.21094e-09
3.49218e+06 0.0136387 -0.143966 -1.0073e-15 6.61293e-20 -265268 -503278 -1.23146e-08 6.72918e-10
3.49281e+06 0.0136733 -0.144328 -1.08556e-15 2.78727e-20 -265135 -503181 -1.32386e-08 2.83627e-10
3.49337e+06 0.0137076 -0.144688 -1.15458e-15 1.45461e-20 -265006 -503086 -1.40572e-08 1.48018e-10
3.49387e+06 0.013742 -0.145048 -1.23506e-15 5.304e-21 -264879 -502991 -1.49994e-08 5.39725e-11
3.49433e+06 0.0137762 -0.145408 -1.30874e-15 -4.95308e-20 -264757 -502898 -1.58579e-08 -5.04015e-10
3.49474e+06 0.0138104 -0.145766 -1.3816e-15 -6.96056e-20 -264641 -502805 -1.67129e-08 -7.08292e-10
3.49509e+06 0.0138447 -0.146126 -1.44612e-15 -1.89498e-19 -264531 -502714 -1.74332e-08 -1.92829e-09
3.49543e+06 0.0138791 -0.146487 -1.50985e-15 -2.48228e-19 -264431 -502623 -1.8128e-08 -2.52592e-09
3.4957e+06 0.0139134 -0.146847 -1.57156e-15 -3.1257e-19 -264340 -502534 -1.8892e-08 -3.18065e-09
3.49593e+06 0.0139476 -0.147207 -1.64098e-15 -2.42383e-19 -264257 -502447 -1.97033e-08 -2.46644e-09
3.49611e+06 0.0139818 -0.147567 -1.69959e-15 -3.37928e-19 -264178 -502360 -2.03363e-08 -3.43869e-09
3.49624e+06 0.0140159 -0.147926 -1.76366e-15 -3.07715e-19 -264101 -502274 -2.10421e-08 -3.13124e-09
3.49634e+06 0.01405 -0.148284 -1.81575e-15 -4.20329e-19 -264029 -502189 -2.16132e-08 -4.27718e-09
3.49641e+06 0.014084 -0.148642 -1.8694e-15 -4.52513e-19 -263960 -502105 -2.22462e-08 -4.60469e-09
3.49642e+06 0.0141179 -0.148999 -1.92475e-15 -4.81635e-19 -263894 -502022 -2.28392e-08 -4.90103e-09
3.49641e+06 0.014152 -0.149357 -1.97586e-15 -5.48307e-19 -263831 -501939 -2.33922e-08 -5.57946e-09
3.49632e+06 0.0141858 -0.149713 -2.02849e-15 -5.70079e-19 -263768 -501857 -2.39088e-08 -5.80101e-09
3.49623e+06 0.0142198 -0.150071 -2.07031e-15 -7.22681e-19 -263706 -501775 -2.44072e-08 -7.35386e-09
3.49612e+06 0.0142537 -0.150428 -2.12709e-15 -6.31751e-19 -263644 -501694 -2.50402e-08 -6.42857e-09
3.496e+06 0.0142876 -0.150784 -2.169e-15 -6.83592e-19 -263584 -501614 -2.54586e-08 -6.9561e-09
3.49585e+06 0.0143213 -0.15114 -2.20754e-15 -7.73679e-19 -263524 -501534 -2.58769e-08 -7.8728e-09
3.49569e+06 0.0143551 -0.151495 -2.24709e-15 -8.35462e-19 -263466 -501455 -2.62626e-08 -8.5015e-09
3.49549e+06 0.0143887 -0.151849 -2.28995e-15 -8.43534e-19 -263409 -501376 -2.66919e-08 -8.58363e-09
3.49528e+06 0.0144222 -0.152203 -2.32985e-15 -8.66078e-19 -263353 -501298 -2.70593e-08 -8.81304e-09
3.49506e+06 0.0144557 -0.152556 -2.37061e-15 -8.7077e-19 -263298 -501221 -2.75577e-08 -8.86078e-09
3.44167e+06 0.0144439 -0.15239 -1.25454e-15 3.26865e-19 -268071 -496548 2.10966e-08 3.32611e-09
3.44715e+06 0.0144464 -0.152432 -1.3953e-15 -8.68077e-19 -267710 -497767 1.49048e-08 -8.83338e-09
3.45228e+06 0.0144489 -0.152472 -1.49753e-15 1.09686e-18 -267360 -498957 1.05101e-08 1.11615e-08
3.45682e+06 0.0144515 -0.152515 -1.69424e-15 -6.13695e-19 -267074 -500213 1.81535e-09 -6.24483e-09
3.46048e+06 0.0144533 -0.152582 -9.18551e-16 -8.47643e-19 -266885 -501441 1.93904e-09 -8.62544e-09
3.46076e+06 0.0144843 -0.152922 5.88607e-16 -1.71619e-18 -266788 -501477 6.61385e-09 -1.74636e-08
3.46081e+06 0.0145183 -0.15328 6.33941e-16 1.257e-19 -266701 -501397 7.13044e-09 1.2791e-09
3.46083e+06 0.0145523 -0.153638 6.6928e-16 2.66882e-19 -266616 -501317 7.52334e-09 2.71574e-09
3.46086e+06 0.0145863 -0.153996 6.83015e-16 3.06484e-19 -266532 -501238 7.67614e-09 3.11872e-09
3.46086e+06 0.0146203 -0.154354 6.93036e-16 3.73415e-19 -266450 -501159 7.74162e-09 3.7998e-09
3.46086e+06 0.0146542 -0.154711 7.1765e-16 2.95824e-19 -266368 -501081 8.02538e-09 3.01025e-09
3.46085e+06 0.0146881 -0.155068 7.38364e-16 3.12921e-19 -266288 -501004 8.22911e-09 3.18422e-09
3.46082e+06 0.014722 -0.155425 7.64683e-16 2.81384e-19 -266209 -500927 8.52742e-09 2.86331e-09
3.46077e+06 0.0147559 -0.155782 7.87251e-16 3.45625e-19 -266132 -500850 8.77844e-09 3.51701e-09
3.4607e+06 0.0147897 -0.156138 8.15361e-16 3.33076e-19 -266056 -500775 9.08767e-09 3.38931e-09
3.46061e+06 0.0148234 -0.156493 8.48602e-16 2.82508e-19 -265981 -500700 9.42964e-09 2.87474e-09
3.46049e+06 0.014857 -0.156847 8.77574e-16 2.73566e-19 -265908 -500626 9.70613e-09 2.78375e-09
3.46037e+06 0.0148907 -0.157202 9.04064e-16 3.13256e-19 -265838 -500552 1.00081e-08 3.18763e-09
3.4602e+06 0.0149242 -0.157556 9.28269e-16 3.69672e-19 -265772 -500479 1.02918e-08 3.7617e-09
3.46001e+06 0.0149577 -0.157909 9.57598e-16 3.56799e-19 -265711 -500407 1.05974e-08 3.63072e-09
3.45978e+06 0.014991 -0.158261 9.86162e-16 3.32387e-19 -265651 -500337 1.08412e-08 3.3823e-09
3.45955e+06 0.0150243 -0.158612 1.01488e-15 3.43842e-19 -265592 -500266 1.11613e-08 3.49886e-09
3.45929e+06 0.0150575 -0.158962 1.04087e-15 3.7285e-19 -265534 -500196 1.14342e-08 3.79405e-09
3.45903e+06 0.0150906 -0.159311 1.07568e-15 2.93283e-19 -265479 -500128 1.18089e-08 2.98439e-09
3.45874e+06 0.0151236 -0.15966 1.09957e-15 3.30233e-19 -265428 -500059 1.20526e-08 3.36038e-09
3.45842e+06 0.0151567 -0.16001 1.12657e-15 3.4539e-19 -265382 -499992 1.23109e-08 3.51462e-09
3.44655e+06 0.0152534 -0.161038 -1.2451e-15 -1.76968e-18 -265598 -499829 -1.36679e-08 -1.80079e-08
3.44684e+06 0.0152884 -0.161407 -1.68903e-15 2.77665e-19 -265516 -499757 -1.84482e-08 2.82547e-09
3.44678e+06 0.0153213 -0.161755 -1.89309e-15 5.73806e-19 -265470 -499692 -2.0631e-08 5.83893e-09
3.44656e+06 0.0153539 -0.162099 -2.07888e-15 -7.47887e-20 -265436 -499628 -2.26391e-08 -7.61034e-10
3.44624e+06 0.0153868 -0.162448 -2.23565e-15 -4.07823e-19 -265400 -499565 -2.43163e-08 -4.14993e-09
3.4459e+06 0.0154198 -0.162796 -2.37741e-15 -3.76909e-19 -265364 -499502 -2.57387e-08 -3.83535e-09
3.44553e+06 0.0154527 -0.163144 -2.50673e-15 -4.13126e-19 -265328 -499439 -2.70884e-08 -4.20389e-09
3.44516e+06 0.0154856 -0.163493 -2.62738e-15 -5.52924e-19 -265293 -499376 -2.83071e-08 -5.62645e-09
3.44478e+06 0.0155185 -0.163841 -2.74627e-15 -5.88393e-19 -265259 -499315 -2.95477e-08 -5.98737e-09
3.44439e+06 0.0155514 -0.164189 -2.85528e-15 -6.83301e-19 -265226 -499253 -3.06427e-08 -6.95313e-09
3.44398e+06 0.0155844 -0.164538 -2.9649e-15 -7.38327e-19 -265194 -499192 -3.17377e-08 -7.51306e-09
3.44356e+06 0.0156174 -0.164887 -3.07011e-15 -8.11392e-19 -265164 -499131 -3.27818e-08 -8.25657e-09
3.44314e+06 0.0156504 -0.165237 -3.17077e-15 -8.77067e-19 -265134 -499071 -3.38187e-08 -8.92486e-09
3.4427e+06 0.0156834 -0.165586 -3.26849e-15 -9.68381e-19 -265105 -499011 -3.47463e-08 -9.85405e-09
3.44226e+06 0.0157164 -0.165935 -3.3653e-15 -1.04472e-18 -265077 -498952 -3.56595e-08 -1.06308e-08
3.44182e+06 0.0157493 -0.166284 -3.45989e-15 -1.09432e-18 -265049 -498893 -3.65835e-08 -1.11356e-08
3.44135e+06 0.0157822 -0.166633 -3.55588e-15 -1.11179e-18 -265023 -498834 -3.7573e-08 -1.13133e-08
3.44089e+06 0.0158152 -0.166982 -3.64848e-15 -1.18536e-18 -264998 -498776 -3.84425e-08 -1.2062e-08
3.44042e+06 0.0158481 -0.167331 -3.73672e-15 -1.25691e-18 -264974 -498719 -3.92974e-08 -1.27901e-08
3.43993e+06 0.015881 -0.16768 -3.82795e-15 -1.32961e-18 -264950 -498662 -4.01014e-08 -1.35299e-08
3.43943e+06 0.0159139 -0.168029 -3.92289e-15 -1.34412e-18 -264928 -498605 -4.104e-08 -1.36775e-08
3.43892e+06 0.0159469 -0.168378 -4.01542e-15 -1.44288e-18 -264907 -498549 -4.18731e-08 -1.46824e-08
3.43839e+06 0.0159799 -0.168729 -4.10458e-15 -1.56815e-18 -264888 -498493 -4.27572e-08 -1.59572e-08
3.43786e+06 0.016013 -0.169079 -4.19798e-15 -1.61399e-18 -264870 -498438 -4.35903e-08 -1.64237e-08
3.4373e+06 0.016046 -0.169429 -4.29058e-15 -1.66471e-18 -264853 -498383 -4.44888e-08 -1.69398e-08
3.43673e+06 0.016079 -0.16978 -4.37908e-15 -1.77438e-18 -264836 -498328 -4.52892e-08 -1.80557e-08
3.43616e+06 0.016112 -0.17013 -4.47823e-15 -1.74516e-18 -264821 -498274 -4.61769e-08 -1.77584e-08
3.43557e+06 0.0161451 -0.170481 -4.56314e-15 -1.84943e-18 -264805 -498220 -4.69772e-08 -1.88194e-08
3.43496e+06 0.0161782 -0.170832 -4.64986e-15 -1.96007e-18 -264790 -498166 -4.77157e-08 -1.99453e-08
3.43434e+06 0.0162113 -0.171184 -4.73769e-15 -2.0388e-18 -264776 -498113 -4.85452e-08 -2.07464e-08
3.43371e+06 0.0162446 -0.171537 -4.82039e-15 -2.12817e-18 -264762 -498060 -4.9291e-08 -2.16559e-08
3.43305e+06 0.016278 -0.171892 -4.90678e-15 -2.26321e-18 -264749 -498007 -5.00186e-08 -2.30299e-08
3.43237e+06 0.0163115 -0.172248 -4.99304e-15 -2.36493e-18 -264736 -497955 -5.07862e-08 -2.40651e-08
3.43166e+06 0.0163451 -0.172606 -5.07751e-15 -2.46924e-18 -264724 -497902 -5.15283e-08 -2.51264e-08
3.43091e+06 0.016379 -0.172966 -5.16412e-15 -2.56602e-18 -264713 -497850 -5.22414e-08 -2.61113e-08
3.43008e+06 0.0164133 -0.17333 -5.22857e-15 -2.8697e-18 -264704 -497798 -5.27689e-08 -2.92014e-08
3.42923e+06 0.0164478 -0.173696 -5.32083e-15 -2.76454e-18 -264696 -497745 -5.35874e-08 -2.81314e-08
3.42829e+06 0.0164828 -0.174068 -5.39662e-15 -2.85848e-18 -264689 -497693 -5.42314e-08 -2.90874e-08
3.42727e+06 0.0165183 -0.174446 -5.4681e-15 -2.92416e-18 -264685 -497640 -5.47625e-08 -2.97556e-08
3.42615e+06 0.0165544 -0.17483 -5.5241e-15 -3.09906e-18 -264682 -497587 -5.51918e-08 -3.15354e-08
3.42492e+06 0.0165912 -0.175221 -5.51002e-15 -3.00119e-18 -264683 -497534 -5.49007e-08 -3.05395e-08
3.42355e+06 0.0166288 -0.175621 -5.46351e-15 -3.14593e-18 -264685 -497480 -5.43441e-08 -3.20124e-08
3.42203e+06 0.0166674 -0.176032 -5.37282e-15 -3.2397e-18 -264692 -497425 -5.32382e-08 -3.29665e-08
3.33337e+06 0.0170782 -0.180469 2.95361e-15 -2.2226e-18 -267427 -497114 2.83653e-08 -2.26168e-08
3.33697e+06 0.0171149 -0.180852 2.74651e-15 -4.82381e-19 -267063 -497034 2.63426e-08 -4.90861e-09
3.34043e+06 0.0171516 -0.181236 2.50622e-15 -4.83682e-19 -266737 -496957 2.39925e-08 -4.92185e-09
3.34265e+06 0.0171862 -0.181602 1.01809e-15 -2.14435e-18 -266564 -496897 9.73887e-09 -2.18204e-08
3.34431e+06 0.0172207 -0.181966 4.83561e-17 -5.79297e-19 -266408 -496839 5.38421e-10 -5.89481e-09
3.34585e+06 0.017255 -0.18233 -3.10739e-16 -5.63108e-19 -266257 -496782 -2.90675e-09 -5.73007e-09
3.34727e+06 0.0172892 -0.182691 -4.61502e-16 -4.12269e-19 -266111 -496726 -4.27826e-09 -4.19516e-09
3.34861e+06 0.017323 -0.183049 -5.69643e-16 -3.78851e-19 -265966 -496671 -5.27507e-09 -3.85511e-09
3.34955e+06 0.0173549 -0.183387 -8.91923e-16 -9.33581e-19 -265874 -496623 -8.3237e-09 -9.49993e-09
3.35036e+06 0.0173861 -0.183719 -1.04675e-15 -4.42686e-19 -265820 -496580 -9.74615e-09 -4.50468e-09
3.35113e+06 0.0174172 -0.18405 -1.15038e-15 -3.63677e-19 -265771 -496538 -1.07029e-08 -3.7007e-09
3.35185e+06 0.017448 -0.184378 -1.22581e-15 -4.30669e-19 -265727 -496497 -1.1416e-08 -4.3824e-09
3.35247e+06 0.0174783 -0.1847 -1.40791e-15 -6.50418e-19 -265680 -496457 -1.30312e-08 -6.61852e-09
3.3529e+06 0.0175076 -0.185012 -1.49137e-15 -3.72911e-19 -265632 -496417 -1.37916e-08 -3.79467e-09
3.35332e+06 0.0175357 -0.185312 -1.56199e-15 -2.47617e-19 -265597 -496381 -1.44064e-08 -2.5197e-09
3.3537e+06 0.017563 -0.185603 -1.60534e-15 4.71801e-20 -265572 -496347 -1.47957e-08 4.80095e-10
3.35408e+06 0.0175901 -0.185892 -1.61597e-15 3.67605e-20 -265557 -496314 -1.48175e-08 3.74067e-10
3.35445e+06 0.0176172 -0.186182 -1.62316e-15 -1.19546e-20 -265545 -496281 -1.48975e-08 -1.21648e-10
3.35482e+06 0.0176443 -0.186471 -1.63651e-15 7.34852e-20 -265534 -496249 -1.50067e-08 7.4777e-10
3.35519e+06 0.0176714 -0.186761 -1.63276e-15 4.66184e-21 -265523 -496217 -1.49194e-08 4.7438e-11
3.35555e+06 0.0176985 -0.18705 -1.64406e-15 8.45137e-20 -265513 -496186 -1.4963e-08 8.59995e-10
3.35591e+06 0.0177256 -0.187339 -1.64786e-15 9.69305e-20 -265502 -496154 -1.5003e-08 9.86345e-10
3.35626e+06 0.0177526 -0.187627 -1.64372e-15 2.39956e-20 -265492 -496123 -1.49303e-08 2.44175e-10
3.3566e+06 0.0177794 -0.187914 -1.6589e-15 1.34854e-19 -265479 -496092 -1.50285e-08 1.37225e-09
3.35691e+06 0.0178061 -0.188199 -1.65797e-15 5.77036e-20 -265463 -496061 -1.50139e-08 5.8718e-10
3.35721e+06 0.0178326 -0.188482 -1.64934e-15 -6.18385e-20 -265444 -496030 -1.48902e-08 -6.29256e-10
3.35749e+06 0.017859 -0.188764 -1.66175e-15 7.01727e-21 -265424 -496000 -1.49557e-08 7.14063e-11
3.35777e+06 0.0178854 -0.189046 -1.66562e-15 -2.23202e-21 -265404 -495969 -1.49666e-08 -2.27125e-11
3.35804e+06 0.0179119 -0.189329 -1.66339e-15 -4.5046e-20 -265384 -495939 -1.49303e-08 -4.58379e-10
3.3583e+06 0.0179383 -0.189612 -1.67145e-15 4.09768e-20 -265365 -495909 -1.49594e-08 4.16972e-10
3.35855e+06 0.0179649 -0.189896 -1.67313e-15 6.05942e-20 -265346 -495879 -1.49339e-08 6.16595e-10
3.35878e+06 0.0179916 -0.190181 -1.6695e-15 6.07985e-20 -265327 -495849 -1.4883e-08 6.18673e-10
3.35897e+06 0.0180184 -0.190468 -1.66391e-15 6.84329e-20 -265309 -495819 -1.48357e-08 6.96359e-10
3.35911e+06 0.0180455 -0.190758 -1.65791e-15 1.41279e-19 -265292 -495789 -1.46756e-08 1.43762e-09
3.35918e+06 0.018073 -0.191052 -1.65244e-15 2.40315e-19 -265275 -495759 -1.46138e-08 2.4454e-09
3.35917e+06 0.0181011 -0.191352 -1.64563e-15 3.23713e-19 -265259 -495729 -1.45155e-08 3.29404e-09
3.35906e+06 0.0181298 -0.191659 -1.64119e-15 3.44593e-19 -265247 -495699 -1.44646e-08 3.5065e-09
3.35884e+06 0.0181591 -0.191973 -1.64239e-15 3.61161e-19 -265236 -495668 -1.44464e-08 3.67511e-09
3.35855e+06 0.0181889 -0.192292 -1.65823e-15 4.23596e-19 -265227 -495637 -1.45192e-08 4.31043e-09
3.35821e+06 0.0182191 -0.192616 -1.67681e-15 4.63178e-19 -265220 -495607 -1.46611e-08 4.71321e-09
3.35783e+06 0.0182495 -0.192941 -1.69901e-15 4.72818e-19 -265214 -495576 -1.4843e-08 4.81131e-09
3.35744e+06 0.01828 -0.193267 -1.7181e-15 5.09184e-19 -265208 -495546 -1.49448e-08 5.18135e-09
3.35704e+06 0.0183105 -0.193595 -1.73272e-15 5.28158e-19 -265202 -495516 -1.50758e-08 5.37443e-09
3.35663e+06 0.018341 -0.193922 -1.74495e-15 5.46304e-19 -265197 -495486 -1.51194e-08 5.55908e-09
3.34506e+06 0.0183369 -0.193898 -1.76403e-15 2.08691e-18 -269720 -494982 -1.5516e-08 2.1236e-08
3.34629e+06 0.0183456 -0.194076 -4.53498e-18 1.10111e-19 -269591 -495879 2.83762e-10 1.12047e-09
3.3461e+06 0.0183756 -0.194398 2.05155e-16 6.8288e-20 -269511 -495845 1.61162e-09 6.94885e-10
3.34589e+06 0.0184056 -0.194718 3.84971e-16 -1.23809e-19 -269447 -495811 3.18323e-09 -1.25986e-09
3.34563e+06 0.0184355 -0.195038 7.44599e-16 -6.00217e-19 -269391 -495778 6.29007e-09 -6.10769e-09
3.34537e+06 0.0184657 -0.195361 9.41399e-16 -8.27889e-19 -269337 -495745 7.98536e-09 -8.42443e-09
3.3451e+06 0.0184957 -0.195682 1.11588e-15 -9.41645e-19 -269283 -495712 9.48057e-09 -9.58199e-09
3.33376e+06 0.018495 -0.195666 1.94437e-16 3.28335e-19 -269151 -495246 -2.83726e-08 3.34107e-09
3.33504e+06 0.0185142 -0.195875 -2.81957e-16 -1.54291e-19 -269073 -495676 -2.55022e-09 -1.57004e-09
3.33495e+06 0.0185443 -0.196197 -6.53543e-17 -3.73444e-19 -269026 -495644 -7.67614e-10 -3.80009e-09
3.33478e+06 0.0185745 -0.19652 1.10148e-16 -5.05303e-19 -268982 -495613 7.567e-10 -5.14186e-09
3.3346e+06 0.0186045 -0.196841 3.01475e-16 -5.43036e-19 -268938 -495582 2.43381e-09 -5.52582e-09
3.33442e+06 0.0186346 -0.197164 4.83258e-16 -6.87014e-19 -268894 -495551 3.98359e-09 -6.99092e-09
3.33421e+06 0.0186647 -0.197487 6.41521e-16 -6.15232e-19 -268851 -495521 5.30054e-09 -6.26048e-09
3.33401e+06 0.0186949 -0.197809 8.20378e-16 -8.15429e-19 -268809 -495490 6.78483e-09 -8.29764e-09
3.33378e+06 0.0187249 -0.198132 9.73012e-16 -8.30648e-19 -268768 -495461 8.09086e-09 -8.45251e-09
3.33354e+06 0.0187551 -0.198455 1.13524e-15 -9.4304e-19 -268727 -495431 9.40054e-09 -9.59619e-09
3.33332e+06 0.0187853 -0.198779 1.29563e-15 -1.07837e-18 -268687 -495402 1.07648e-08 -1.09733e-08
3.33307e+06 0.0188155 -0.199103 1.4415e-15 -1.12359e-18 -268648 -495373 1.19762e-08 -1.14334e-08
3.33278e+06 0.0188459 -0.199429 1.59328e-15 -1.21679e-18 -268612 -495344 1.31913e-08 -1.23818e-08
3.33252e+06 0.0188764 -0.199756 1.73982e-15 -1.24455e-18 -268577 -495315 1.44246e-08 -1.26643e-08
3.30808e+06 0.0188729 -0.199689 6.67215e-16 5.64087e-19 -268499 -493369 -2.94749e-08 5.74003e-09
3.31212e+06 0.0188751 -0.199728 1.13496e-15 7.16347e-19 -268283 -494506 -1.02445e-08 7.2894e-09
3.31397e+06 0.0188893 -0.199886 1.23368e-15 -1.35315e-18 -268215 -495272 9.96079e-09 -1.37694e-08
3.31397e+06 0.0189194 -0.200209 1.47622e-15 -1.07908e-18 -268184 -495244 1.21072e-08 -1.09805e-08
3.31392e+06 0.0189496 -0.200533 1.58807e-15 -9.82945e-19 -268154 -495217 1.30094e-08 -1.00022e-08
3.31388e+06 0.0189798 -0.200858 1.72092e-15 -1.19688e-18 -268124 -495190 1.40462e-08 -1.21793e-08
3.3138e+06 0.0190101 -0.201183 1.8248e-15 -1.18238e-18 -268095 -495163 1.49194e-08 -1.20317e-08
3.31369e+06 0.0190402 -0.201506 1.91794e-15 -1.19837e-18 -268067 -495137 1.56142e-08 -1.21944e-08
3.31356e+06 0.0190703 -0.201829 2.00543e-15 -1.30511e-18 -268041 -495111 1.63091e-08 -1.32805e-08
3.31346e+06 0.0191002 -0.202151 2.09015e-15 -1.34809e-18 -268015 -495085 1.69603e-08 -1.37179e-08
3.31329e+06 0.0191304 -0.202475 2.15039e-15 -1.38036e-18 -267992 -495060 1.74259e-08 -1.40462e-08
3.31315e+06 0.0191604 -0.202798 2.20706e-15 -1.41378e-18 -267969 -495035 1.77752e-08 -1.43864e-08
3.313e+06 0.0191903 -0.20312 2.25642e-15 -1.43332e-18 -267947 -495011 1.82154e-08 -1.45851e-08
3.31285e+06 0.0192203 -0.203442 2.30259e-15 -1.45413e-18 -267926 -494986 1.84991e-08 -1.47969e-08
3.3127e+06 0.0192502 -0.203764 2.34519e-15 -1.48093e-18 -267906 -494962 1.88047e-08 -1.50697e-08
3.31254e+06 0.0192801 -0.204086 2.37699e-15 -1.42944e-18 -267886 -494939 1.8983e-08 -1.45457e-08
3.31238e+06 0.01931 -0.204408 2.41419e-15 -1.47012e-18 -267867 -494915 1.93031e-08 -1.49596e-08
3.3122e+06 0.0193398 -0.204729 2.44183e-15 -1.41763e-18 -267848 -494892 1.94123e-08 -1.44255e-08
3.31202e+06 0.0193698 -0.205052 2.47757e-15 -1.48822e-18 -267829 -494869 1.97033e-08 -1.51438e-08
3.31181e+06 0.0193998 -0.205375 2.51047e-15 -1.55475e-18 -267812 -494846 1.99179e-08 -1.58208e-08
3.31161e+06 0.0194298 -0.205698 2.54341e-15 -1.60691e-18 -267794 -494824 2.00889e-08 -1.63516e-08
3.303e+06 0.0194548 -0.20605 -8.80708e-16 -9.19695e-19 -270862 -495086 -7.26141e-09 -9.35863e-09
3.30316e+06 0.019487 -0.206394 -1.71412e-15 -1.55492e-19 -270733 -495052 -1.38643e-08 -1.58225e-09
3.30311e+06 0.0195174 -0.206721 -2.3624e-15 5.22026e-19 -270648 -495023 -1.89357e-08 5.31203e-09
3.30302e+06 0.0195478 -0.207046 -2.45405e-15 4.02245e-19 -270564 -494995 -1.96123e-08 4.09317e-09
3.30291e+06 0.0195782 -0.207372 -2.50284e-15 4.04361e-19 -270480 -494968 -1.99943e-08 4.1147e-09
3.30278e+06 0.0196086 -0.207699 -2.51994e-15 4.25846e-19 -270398 -494940 -2.00562e-08 4.33332e-09
3.30275e+06 0.0196391 -0.208026 -2.54133e-15 5.55087e-19 -270316 -494913 -2.02017e-08 5.64845e-09
3.3027e+06 0.0196696 -0.208354 -2.9788e-15 1.74925e-18 -270238 -494886 -2.35777e-08 1.78e-08
3.30276e+06 0.0196976 -0.208655 -3.11406e-15 1.40336e-18 -270171 -494863 -2.46328e-08 1.42803e-08
3.04226e+06 0.0207951 -0.220898 -1.79971e-16 -5.72833e-18 -281454 -495328 -1.70257e-09 -5.82903e-08
3.04817e+06 0.0208212 -0.221169 7.67695e-18 -2.95928e-18 -281009 -495278 -3.81988e-10 -3.01131e-08
3.05396e+06 0.0208475 -0.221443 3.94259e-16 -2.97101e-18 -280570 -495228 2.2992e-09 -3.02324e-08
3.05949e+06 0.0208736 -0.221715 6.8707e-16 -3.0645e-18 -280132 -495179 4.34375e-09 -3.11838e-08
3.06476e+06 0.0208995 -0.221984 8.67643e-16 -3.60904e-18 -279698 -495130 5.60976e-09 -3.67248e-08
3.06994e+06 0.0209253 -0.222251 9.22568e-16 -3.49708e-18 -279263 -495081 5.96629e-09 -3.55855e-08
3.0743e+06 0.0209501 -0.22251 4.44772e-16 -6.27563e-18 -278836 -495033 2.62298e-09 -6.38595e-08
3.07852e+06 0.0209749 -0.222767 4.32345e-16 -3.86412e-18 -278414 -494986 2.55386e-09 -3.93205e-08
3.08268e+06 0.0209996 -0.223024 5.14272e-16 -3.99226e-18 -278007 -494941 3.1032e-09 -4.06244e-08
3.08649e+06 0.0210237 -0.223278 5.3396e-17 -6.18722e-18 -277726 -494907 -9.82254e-11 -6.29599e-08
3.09013e+06 0.0210475 -0.223532 1.65266e-17 -4.25584e-18 -277496 -494878 -3.45608e-10 -4.33066e-08
3.09376e+06 0.0210714 -0.223785 1.70168e-16 -4.19055e-18 -277270 -494850 7.0213e-10 -4.26422e-08
3.09735e+06 0.0210953 -0.224039 2.54821e-16 -4.07755e-18 -277046 -494822 1.29876e-09 -4.14923e-08
3.1009e+06 0.0211192 -0.224293 2.88309e-16 -4.11473e-18 -276829 -494794 1.50249e-09 -4.18707e-08
3.1044e+06 0.0211431 -0.224548 3.17143e-16 -4.00039e-18 -276617 -494767 1.66983e-09 -4.07072e-08
3.10784e+06 0.0211672 -0.224804 3.3297e-16 -3.83978e-18 -276408 -494741 1.7717e-09 -3.90728e-08
3.11116e+06 0.0211917 -0.225065 3.5171e-16 -3.3775e-18 -276203 -494715 1.94268e-09 -3.43688e-08
3.11415e+06 0.0212172 -0.225338 3.82839e-16 -2.14823e-18 -276005 -494689 2.11367e-09 -2.186e-08
3.11656e+06 0.0212447 -0.225632 -7.892e-17 -2.36659e-18 -275817 -494664 -1.02591e-09 -2.4082e-08
3.11842e+06 0.0212743 -0.225951 -3.89388e-16 -2.77019e-18 -275646 -494640 -3.18687e-09 -2.81889e-08
3.11995e+06 0.0213054 -0.226285 -4.83795e-16 -1.67765e-18 -275484 -494616 -3.81624e-09 -1.70715e-08
3.12139e+06 0.0213366 -0.226622 -4.63205e-16 -2.04168e-18 -275325 -494593 -3.68527e-09 -2.07757e-08
3.12276e+06 0.0213679 -0.226958 -4.69158e-16 -2.10414e-18 -275166 -494570 -3.71074e-09 -2.14113e-08
3.12399e+06 0.0213985 -0.227288 -4.92158e-16 -2.17144e-18 -274998 -494547 -3.89264e-09 -2.20962e-08
3.12513e+06 0.0214288 -0.227614 -5.50001e-16 -2.23954e-18 -274830 -494524 -4.24188e-09 -2.27891e-08
3.12622e+06 0.0214589 -0.227938 -6.4213e-16 -2.22819e-18 -274666 -494501 -4.86034e-09 -2.26736e-08
3.11049e+06 0.0215281 -0.228709 -1.7903e-15 -2.52641e-18 -275092 -494523 -1.25401e-08 -2.57083e-08
3.1123e+06 0.0215587 -0.229039 1.01795e-16 -2.79939e-18 -274932 -494501 1.38243e-10 -2.8486e-08
3.11371e+06 0.0215877 -0.22935 4.74214e-16 -1.94522e-18 -274749 -494478 2.59024e-09 -1.97942e-08
3.11496e+06 0.0216157 -0.229653 8.92371e-16 -3.02184e-18 -274633 -494461 5.36238e-09 -3.07496e-08
3.11611e+06 0.0216432 -0.229951 9.53579e-16 -2.32461e-18 -274558 -494449 5.79166e-09 -2.36547e-08
3.10929e+06 0.021678 -0.230431 -1.32521e-15 -2.41519e-18 -277599 -494717 -9.33142e-09 -2.45765e-08
3.09423e+06 0.0217164 -0.230858 -1.77884e-15 -2.53079e-18 -277780 -494725 -1.22855e-08 -2.57528e-08
3.09591e+06 0.0217442 -0.231158 2.74405e-16 -2.99176e-18 -277636 -494707 1.22964e-09 -3.04436e-08
3.07373e+06 0.0217424 -0.231231 -1.04645e-15 -1.58699e-18 -280767 -494969 -1.35406e-08 -1.61489e-08
3.07571e+06 0.0217698 -0.231535 -3.61023e-16 -1.13316e-18 -280560 -494967 -3.07773e-09 -1.15308e-08
3.07778e+06 0.021798 -0.231837 4.25131e-16 -1.5728e-18 -280337 -494942 2.05182e-09 -1.60045e-08
3.07969e+06 0.0218263 -0.232141 7.16474e-16 -1.42376e-18 -280128 -494918 3.93629e-09 -1.44879e-08
3.08149e+06 0.0218545 -0.232444 9.24519e-16 -1.54922e-18 -279931 -494895 5.26779e-09 -1.57646e-08
3.0832e+06 0.0218826 -0.232746 1.05929e-15 -1.56623e-18 -279743 -494873 6.17001e-09 -1.59377e-08
3.08476e+06 0.0219104 -0.233045 1.15911e-15 -1.66659e-18 -279557 -494852 6.763e-09 -1.69589e-08
3.08619e+06 0.0219382 -0.233344 1.21424e-15 -1.72238e-18 -279384 -494832 7.11225e-09 -1.75266e-08
3.08752e+06 0.0219659 -0.233644 1.23691e-15 -1.73863e-18 -279222 -494813 7.21047e-09 -1.76919e-08
3.06676e+06 0.0219632 -0.233587 1.46145e-16 7.20881e-19 -279096 -493175 -3.53721e-08 7.33554e-09
3.07162e+06 0.0219657 -0.233635 9.25027e-16 -2.31246e-18 -278794 -494543 -4.07817e-09 -2.35311e-08
3.07367e+06 0.0219899 -0.233887 7.93132e-16 -3.4076e-18 -278617 -494754 4.67844e-09 -3.46751e-08
3.07508e+06 0.0220175 -0.234185 7.50333e-16 -1.82624e-18 -278466 -494737 4.62023e-09 -1.85835e-08
3.0764e+06 0.0220448 -0.234481 8.61424e-16 -1.75621e-18 -278331 -494721 5.33328e-09 -1.78708e-08
3.07761e+06 0.0220721 -0.234776 9.88715e-16 -1.93318e-18 -278206 -494706 6.1882e-09 -1.96717e-08
3.07876e+06 0.0220993 -0.235071 1.09569e-15 -2.04257e-18 -278083 -494692 6.84668e-09 -2.07848e-08
3.07982e+06 0.0221263 -0.235364 1.18261e-15 -2.1046e-18 -277955 -494677 7.40692e-09 -2.1416e-08
3.08084e+06 0.0221532 -0.235655 1.25153e-15 -2.09316e-18 -277826 -494662 7.83984e-09 -2.12995e-08
3.0717e+06 0.0221486 -0.235654 -7.29411e-17 -1.98757e-18 -281820 -494481 -2.07765e-08 -2.02251e-08
3.07347e+06 0.0221615 -0.235872 -4.25019e-16 -2.19483e-18 -281586 -494999 -3.32875e-09 -2.23341e-08
3.06456e+06 0.0221613 -0.235864 -9.7975e-16 -1.83306e-18 -281261 -494752 -2.51675e-08 -1.86529e-08
3.06622e+06 0.0221846 -0.236111 -6.10113e-16 -2.26309e-18 -281060 -494951 -3.97995e-09 -2.30288e-08
3.06729e+06 0.0222116 -0.236402 -5.13202e-17 -1.70359e-18 -280884 -494933 -3.92902e-10 -1.73353e-08
3.06828e+06 0.0222382 -0.236689 2.4391e-16 -1.71204e-18 -280727 -494916 1.48793e-09 -1.74214e-08
3.06919e+06 0.0222643 -0.236971 4.70034e-16 -1.76569e-18 -280593 -494901 3.02316e-09 -1.79674e-08
3.07006e+06 0.0222903 -0.237253 6.34465e-16 -1.85915e-18 -280466 -494887 4.13274e-09 -1.89183e-08
3.07089e+06 0.0223162 -0.237535 7.43745e-16 -1.81704e-18 -280342 -494874 4.84943e-09 -1.84898e-08
3.07169e+06 0.0223421 -0.237815 8.32286e-16 -1.89566e-18 -280220 -494861 5.46061e-09 -1.92899e-08
3.07246e+06 0.0223677 -0.238094 8.91967e-16 -1.93819e-18 -280109 -494849 5.88625e-09 -1.97226e-08
3.07321e+06 0.0223933 -0.238371 9.38331e-16 -1.91993e-18 -280003 -494838 6.26096e-09 -1.95368e-08
3.07394e+06 0.0224187 -0.238649 9.69736e-16 -1.93323e-18 -279900 -494827 6.50107e-09 -1.96721e-08
3.07464e+06 0.0224442 -0.238925 9.91773e-16 -1.94534e-18 -279802 -494816 6.67933e-09 -1.97954e-08
3.07533e+06 0.0224696 -0.239203 1.0138e-15 -1.99935e-18 -279706 -494806 6.87214e-09 -2.03449e-08
3.076e+06 0.0224951 -0.23948 1.02753e-15 -1.98576e-18 -279613 -494797 7.04313e-09 -2.02067e-08
3.07666e+06 0.0225206 -0.239757 1.05418e-15 -2.16455e-18 -279521 -494787 7.24685e-09 -2.2026e-08
3.07727e+06 0.0225461 -0.240036 1.03952e-15 -1.87209e-18 -279433 -494778 7.21775e-09 -1.905e-08
3.07796e+06 0.0225712 -0.240309 9.86275e-16 -2.42275e-18 -279345 -494770 6.96309e-09 -2.46534e-08
3.06367e+06 0.0225773 -0.240382 -2.10785e-15 -2.71928e-18 -279487 -494782 -1.2129e-08 -2.76709e-08
3.06489e+06 0.0226047 -0.24068 -2.07327e-15 -2.51318e-18 -279388 -494772 -1.17616e-08 -2.55736e-08
3.06584e+06 0.0226303 -0.24096 -2.03496e-15 -2.24817e-18 -279306 -494764 -1.14851e-08 -2.28769e-08
3.06147e+06 0.022688 -0.241598 -2.00944e-15 -3.44978e-18 -279329 -494766 -1.11286e-08 -3.51042e-08
3.06251e+06 0.0227135 -0.241876 -7.62879e-16 -1.98997e-18 -279255 -494759 -3.4197e-09 -2.02496e-08
3.06335e+06 0.0227391 -0.242156 -3.54782e-16 -1.16825e-18 -279178 -494752 -8.65839e-10 -1.18879e-08
3.06397e+06 0.0227658 -0.242448 -5.4383e-17 -1.05978e-18 -279109 -494746 1.05138e-09 -1.07841e-08
3.05709e+06 0.0227763 -0.242669 -1.36041e-15 -1.31398e-18 -282067 -495012 -7.13771e-09 -1.33708e-08
3.05029e+06 0.0227956 -0.242881 -1.34317e-15 -1.02909e-18 -282008 -495008 -6.60293e-09 -1.04718e-08
3.05098e+06 0.0228242 -0.243193 3.50839e-16 -1.47399e-18 -281892 -494998 3.678e-09 -1.49991e-08
3.05152e+06 0.0228528 -0.243505 7.5701e-16 -7.55489e-19 -281773 -494988 6.17001e-09 -7.6877e-09
3.05199e+06 0.0228815 -0.243818 1.09093e-15 -8.45005e-19 -281656 -494978 8.2473e-09 -8.5986e-09
3.05242e+06 0.0229104 -0.244134 1.32532e-15 -8.98607e-19 -281542 -494969 9.73159e-09 -9.14405e-09
3.05279e+06 0.0229394 -0.24445 1.49358e-15 -8.42103e-19 -281430 -494960 1.07684e-08 -8.56907e-09
3.0531e+06 0.0229683 -0.244766 1.61944e-15 -8.13063e-19 -281323 -494951 1.15579e-08 -8.27356e-09
3.05337e+06 0.0229973 -0.245082 1.72448e-15 -8.82586e-19 -281222 -494943 1.23364e-08 -8.98102e-09
3.05359e+06 0.0230262 -0.245399 1.80281e-15 -9.05228e-19 -281128 -494936 1.27984e-08 -9.21142e-09
3.05376e+06 0.0230551 -0.245715 1.86495e-15 -9.68931e-19 -281041 -494930 1.32532e-08 -9.85964e-09
3.05388e+06 0.0230839 -0.246031 1.9122e-15 -1.01504e-18 -280964 -494925 1.35806e-08 -1.03288e-08
3.05398e+06 0.0231126 -0.246346 1.94723e-15 -1.0375e-18 -280894 -494921 1.38607e-08 -1.05574e-08
3.05405e+06 0.0231412 -0.246661 1.97489e-15 -1.02523e-18 -280828 -494917 1.40572e-08 -1.04326e-08
3.05412e+06 0.0231699 -0.246976 2.00423e-15 -1.0917e-18 -280765 -494913 1.42754e-08 -1.11089e-08
3.04642e+06 0.0229342 -0.248786 2.07279e-16 -1.73499e-18 -280831 -478794 -1.22636e-08 -1.76549e-08
3.04698e+06 0.0229396 -0.249059 -1.27044e-16 -1.91577e-18 -280797 -479553 -1.68911e-08 -1.94944e-08
3.0473e+06 0.0229457 -0.249319 -5.25371e-16 -1.35651e-18 -280755 -480210 -1.42718e-08 -1.38036e-08
3.02857e+06 0.0230169 -0.250622 -1.70031e-15 -5.76271e-18 -281330 -481166 -2.15332e-08 -5.86402e-08
3.02958e+06 0.0230378 -0.250989 -1.17172e-15 -2.96027e-19 -281180 -481402 -1.66146e-08 -3.01231e-09
3.03011e+06 0.0230571 -0.251331 7.3767e-16 -1.43376e-18 -281066 -481623 7.42148e-10 -1.45897e-08
3.03032e+06 0.0230751 -0.251652 1.2483e-15 -1.23504e-18 -280999 -481830 5.42423e-09 -1.25675e-08
3.03046e+06 0.0230928 -0.251967 1.411e-15 -1.20004e-18 -280924 -482026 6.93035e-09 -1.22113e-08
3.0305e+06 0.0231097 -0.252268 1.62589e-15 -1.27602e-18 -280861 -482212 8.88031e-09 -1.29845e-08
3.03052e+06 0.0231264 -0.252566 1.69827e-15 -1.2452e-18 -280812 -482395 9.48785e-09 -1.26709e-08
3.03051e+06 0.0231432 -0.252863 1.75252e-15 -1.14128e-18 -280775 -482571 1.00044e-08 -1.16135e-08
3.03048e+06 0.0231611 -0.253162 1.81449e-15 -1.27718e-18 -280740 -482729 1.05465e-08 -1.29963e-08
3.03042e+06 0.023182 -0.253465 1.85224e-15 -1.25339e-18 -280706 -482842 1.10886e-08 -1.27543e-08
3.03034e+06 0.0232064 -0.253772 1.87992e-15 -1.1793e-18 -280671 -482900 1.14924e-08 -1.20003e-08
3.03025e+06 0.0232323 -0.254081 1.92229e-15 -1.23277e-18 -280638 -482935 1.18016e-08 -1.25444e-08
3.03014e+06 0.0232585 -0.25439 1.96519e-15 -1.30309e-18 -280605 -482965 1.20781e-08 -1.326e-08
3.03003e+06 0.0232848 -0.254699 1.99683e-15 -1.23348e-18 -280572 -482994 1.23073e-08 -1.25517e-08
3.02991e+06 0.023311 -0.255009 2.03435e-15 -1.26499e-18 -280540 -483022 1.25183e-08 -1.28722e-08
3.02978e+06 0.0233374 -0.255318 2.06591e-15 -1.24433e-18 -280507 -483050 1.27438e-08 -1.2662e-08
3.02965e+06 0.0233642 -0.255627 2.10401e-15 -1.28152e-18 -280476 -483072 1.29694e-08 -1.30405e-08
3.02951e+06 0.0233911 -0.255936 2.13867e-15 -1.27085e-18 -280445 -483093 1.31367e-08 -1.2932e-08
3.02936e+06 0.0234179 -0.256245 2.16202e-15 -1.20021e-18 -280416 -483114 1.33368e-08 -1.22131e-08
3.0292e+06 0.0234447 -0.256553 2.19872e-15 -1.26972e-18 -280389 -483135 1.3526e-08 -1.29204e-08
3.02901e+06 0.0234714 -0.25686 2.21766e-15 -1.19289e-18 -280364 -483157 1.37079e-08 -1.21386e-08
3.02882e+06 0.023498 -0.257167 2.24579e-15 -1.21928e-18 -280341 -483178 1.3868e-08 -1.24071e-08
3.02862e+06 0.0235247 -0.257474 2.28152e-15 -1.27037e-18 -280318 -483200 1.40935e-08 -1.2927e-08
3.02841e+06 0.0235513 -0.257781 2.30598e-15 -1.24939e-18 -280296 -483222 1.42682e-08 -1.27136e-08
3.0282e+06 0.0235778 -0.258088 2.33502e-15 -1.27174e-18 -280276 -483245 1.44391e-08 -1.2941e-08
3.02798e+06 0.0236044 -0.258395 2.36627e-15 -1.31047e-18 -280257 -483267 1.46465e-08 -1.33351e-08
3.02776e+06 0.0236309 -0.258701 2.38575e-15 -1.26246e-18 -280237 -483290 1.47957e-08 -1.28465e-08
3.02754e+06 0.0236575 -0.259008 2.41205e-15 -1.25624e-18 -280218 -483312 1.4963e-08 -1.27832e-08
3.02731e+06 0.023684 -0.259314 2.43647e-15 -1.23856e-18 -280199 -483335 1.51231e-08 -1.26033e-08
3.02709e+06 0.0237105 -0.25962 2.4598e-15 -1.21482e-18 -280181 -483358 1.52868e-08 -1.23618e-08
3.02686e+06 0.0237369 -0.259926 2.48892e-15 -1.20832e-18 -280162 -483381 1.5476e-08 -1.22957e-08
3.02663e+06 0.0237634 -0.260232 2.51549e-15 -1.23659e-18 -280144 -483404 1.56506e-08 -1.25832e-08
3.02639e+06 0.0237899 -0.260539 2.55616e-15 -1.36486e-18 -280125 -483427 1.58761e-08 -1.38885e-08
3.02615e+06 0.0238163 -0.260845 2.5774e-15 -1.33361e-18 -280107 -483451 1.60144e-08 -1.35706e-08
3.02591e+06 0.0238427 -0.261151 2.60695e-15 -1.35317e-18 -280090 -483474 1.61926e-08 -1.37696e-08
3.02566e+06 0.0238691 -0.261457 2.64304e-15 -1.46566e-18 -280072 -483498 1.64182e-08 -1.49142e-08
3.02541e+06 0.0238955 -0.261762 2.67298e-15 -1.50644e-18 -280055 -483521 1.66219e-08 -1.53292e-08
3.02516e+06 0.0239219 -0.262068 2.70077e-15 -1.50751e-18 -280038 -483545 1.68002e-08 -1.53401e-08
3.02491e+06 0.0239482 -0.262373 2.71647e-15 -1.41567e-18 -280022 -483569 1.69093e-08 -1.44056e-08
3.02465e+06 0.0239745 -0.262679 2.74583e-15 -1.46317e-18 -280006 -483593 1.71276e-08 -1.48889e-08
3.02439e+06 0.0240008 -0.262984 2.77594e-15 -1.55313e-18 -279991 -483617 1.7284e-08 -1.58043e-08
3.02412e+06 0.0240271 -0.263289 2.79624e-15 -1.53831e-18 -279977 -483641 1.74405e-08 -1.56536e-08
3.02385e+06 0.0240534 -0.263594 2.81894e-15 -1.55474e-18 -279963 -483666 1.75496e-08 -1.58207e-08
3.02358e+06 0.0240796 -0.263899 2.844e-15 -1.59049e-18 -279950 -483690 1.77206e-08 -1.61845e-08
3.0233e+06 0.0241059 -0.264204 2.86602e-15 -1.61144e-18 -279937 -483715 1.79061e-08 -1.63977e-08
3.02303e+06 0.0241321 -0.264509 2.8902e-15 -1.60607e-18 -279925 -483740 1.80225e-08 -1.6343e-08
3.02275e+06 0.0241582 -0.264813 2.91416e-15 -1.65536e-18 -279912 -483765 1.82044e-08 -1.68446e-08
3.02247e+06 0.0241844 -0.265118 2.92234e-15 -1.54356e-18 -279901 -483790 1.83172e-08 -1.5707e-08
3.02219e+06 0.0242105 -0.265422 2.95138e-15 -1.6277e-18 -279889 -483815 1.84773e-08 -1.65631e-08
3.0219e+06 0.0242366 -0.265726 2.97374e-15 -1.66652e-18 -279879 -483840 1.86119e-08 -1.69582e-08
3.02161e+06 0.0242627 -0.26603 3.00193e-15 -1.71025e-18 -279868 -483866 1.88375e-08 -1.74032e-08
3.02132e+06 0.0242887 -0.266333 3.00996e-15 -1.60528e-18 -279859 -483891 1.88738e-08 -1.6335e-08
3.02102e+06 0.0243148 -0.266637 3.0363e-15 -1.64196e-18 -279849 -483917 1.89757e-08 -1.67083e-08
3.02072e+06 0.0243411 -0.26694 3.05846e-15 -1.67295e-18 -279841 -483941 1.91285e-08 -1.70236e-08
3.02042e+06 0.0243674 -0.267243 3.07326e-15 -1.65036e-18 -279832 -483965 1.92522e-08 -1.67938e-08
3.02011e+06 0.0243936 -0.267546 3.09109e-15 -1.65491e-18 -279824 -483990 1.93941e-08 -1.684e-08
3.01981e+06 0.0244199 -0.267848 3.1167e-15 -1.72003e-18 -279816 -484014 1.95359e-08 -1.75027e-08
3.0195e+06 0.0244461 -0.268151 3.13271e-15 -1.7042e-18 -279808 -484039 1.96887e-08 -1.73416e-08
3.0192e+06 0.0244723 -0.268454 3.15538e-15 -1.7494e-18 -279800 -484064 1.98088e-08 -1.78015e-08
3.01889e+06 0.0244986 -0.268756 3.17433e-15 -1.75648e-18 -279792 -484089 1.99834e-08 -1.78735e-08
3.01858e+06 0.0245248 -0.269059 3.19111e-15 -1.73258e-18 -279785 -484113 2.00998e-08 -1.76304e-08
3.01827e+06 0.024551 -0.269361 3.2083e-15 -1.73928e-18 -279777 -484138 2.02199e-08 -1.76986e-08
3.01797e+06 0.0245771 -0.269664 3.24214e-15 -1.88443e-18 -279769 -484164 2.04054e-08 -1.91756e-08
3.01766e+06 0.0246033 -0.269966 3.25648e-15 -1.84614e-18 -279761 -484189 2.05036e-08 -1.87859e-08
3.01735e+06 0.0246297 -0.270268 3.28793e-15 -1.89147e-18 -279754 -484213 2.04855e-08 -1.92472e-08
3.01704e+06 0.0246562 -0.27057 3.29865e-15 -1.82297e-18 -279746 -484237 2.06055e-08 -1.85502e-08
3.01673e+06 0.0246827 -0.270873 3.32078e-15 -1.84196e-18 -279739 -484261 2.07692e-08 -1.87434e-08
3.01642e+06 0.0247092 -0.271175 3.34154e-15 -1.87335e-18 -279731 -484285 2.08747e-08 -1.90629e-08
3.0161e+06 0.0247357 -0.271477 3.36944e-15 -1.97176e-18 -279724 -484310 2.10312e-08 -2.00642e-08
3.01579e+06 0.0247622 -0.271779 3.37751e-15 -1.8721e-18 -279716 -484334 2.11294e-08 -1.90501e-08
3.01547e+06 0.0247887 -0.272081 3.39994e-15 -1.91362e-18 -279709 -484358 2.12931e-08 -1.94726e-08
3.01516e+06 0.0248151 -0.272382 3.4212e-15 -1.94416e-18 -279702 -484383 2.14422e-08 -1.97834e-08
3.01484e+06 0.0248415 -0.272684 3.44438e-15 -2.00985e-18 -279695 -484408 2.15914e-08 -2.04518e-08
3.01452e+06 0.024868 -0.272986 3.46712e-15 -2.06033e-18 -279688 -484432 2.17151e-08 -2.09655e-08
3.0142e+06 0.0248944 -0.273287 3.48587e-15 -2.07741e-18 -279680 -484457 2.18606e-08 -2.11393e-08
3.01388e+06 0.0249208 -0.273589 3.49845e-15 -2.05945e-18 -279673 -484482 2.19807e-08 -2.09565e-08
3.01356e+06 0.0249472 -0.27389 3.52029e-15 -2.08884e-18 -279666 -484507 2.21189e-08 -2.12556e-08
3.01324e+06 0.0249736 -0.274191 3.53576e-15 -2.07433e-18 -279659 -484532 2.22099e-08 -2.1108e-08
3.01292e+06 0.0249999 -0.274493 3.5519e-15 -2.06282e-18 -279652 -484557 2.23336e-08 -2.09908e-08
